bitmap: 70 70
bitmap: 14 30
bitmap: 40 24
bitmap: 16 18
bitmap: 16 16
bitmap: 18 20
bitmap: 16 16
bitmap: 16 18
bitmap: 16 20
bitmap: 12 32
bitmap: 54 20
bitmap: 54 20
bitmap: 14 32
bitmap: 16 32
bitmap: 16 16
bitmap: 14 14
bitmap: 16 16
bitmap: 14 30
bitmap: 16 18
bitmap: 18 22
bitmap: 14 48
bitmap: 14 20
bitmap: 14 32
bitmap: 26 24
bitmap: 16 32
bitmap: 14 32
bitmap: 24 22
bitmap: 14 32
bitmap: 14 48
bitmap: 18 18
bitmap: 20 22
bitmap: 18 24
bitmap: 62 22
bitmap: 42 22
bitmap: 14 32
bitmap: 14 22
bitmap: 14 22
bitmap: 16 18
bitmap: 18 22
bitmap: 12 32
bitmap: 14 32
bitmap: 16 22
bitmap: 14 18
bitmap: 14 18
bitmap: 14 58
bitmap: 22 22
bitmap: 16 18
bitmap: 14 20
bitmap: 18 20
bitmap: 18 22
bitmap: 14 20
bitmap: 14 18
bitmap: 14 30
bitmap: 14 18
bitmap: 16 22
bitmap: 22 22
bitmap: 14 18
bitmap: 18 20
bitmap: 16 16
bitmap: 16 32
bitmap: 60 54
bitmap: 16 30
bitmap: 14 22
bitmap: 16 16
bitmap: 18 22
bitmap: 16 30
bitmap: 18 22
bitmap: 16 32
bitmap: 14 32
bitmap: 14 20
bitmap: 18 20
bitmap: 16 18
bitmap: 18 20
bitmap: 20 24
bitmap: 14 18
bitmap: 16 32
bitmap: 18 20
bitmap: 16 20
bitmap: 16 22
bitmap: 62 22
bitmap: 14 18
bitmap: 14 16
bitmap: 18 22
bitmap: 16 16
bitmap: 18 20
bitmap: 14 20
bitmap: 60 20
bitmap: 14 46
bitmap: 16 20
bitmap: 14 20
bitmap: 16 22
bitmap: 18 20
bitmap: 44 20
bitmap: 14 32
bitmap: 12 18
bitmap: 14 32
bitmap: 14 22
bitmap: 16 32
bitmap: 48 20
bitmap: 16 18
bitmap: 16 50
bitmap: 14 28
bitmap: 16 18
bitmap: 16 18
bitmap: 20 20
bitmap: 18 20
bitmap: 16 18
bitmap: 14 18
bitmap: 18 56
bitmap: 14 18
bitmap: 16 22
bitmap: 16 22
bitmap: 46 20
bitmap: 14 32
bitmap: 16 18
bitmap: 14 22
bitmap: 16 58
bitmap: 14 22
bitmap: 22 20
bitmap: 16 18
bitmap: 16 22
bitmap: 16 34
bitmap: 16 30
bitmap: 16 22
bitmap: 16 62
bitmap: 22 22
bitmap: 16 20
bitmap: 14 32
bitmap: 14 20
bitmap: 14 18
bitmap: 16 20
bitmap: 14 22
bitmap: 16 32
bitmap: 16 28
bitmap: 16 22
bitmap: 16 20
bitmap: 16 22
bitmap: 26 22
bitmap: 24 22
bitmap: 18 24
bitmap: 16 20
bitmap: 16 20
bitmap: 12 16
bitmap: 14 18
bitmap: 18 24
bitmap: 16 32
bitmap: 16 18
bitmap: 14 20
bitmap: 16 44
bitmap: 14 18
bitmap: 16 20
bitmap: 20 20
bitmap: 14 16
bitmap: 18 20
bitmap: 44 24
bitmap: 16 20
bitmap: 16 24
bitmap: 14 18
bitmap: 14 20
bitmap: 16 22
bitmap: 16 22
bitmap: 16 18
bitmap: 14 18
bitmap: 44 24
bitmap: 14 20
bitmap: 16 32
bitmap: 16 22
bitmap: 14 20
bitmap: 14 34
bitmap: 18 18
bitmap: 16 20
bitmap: 14 16
bitmap: 16 30
bitmap: 14 20
bitmap: 16 20
bitmap: 16 18
bitmap: 20 24
bitmap: 14 16
bitmap: 14 16
bitmap: 16 20
bitmap: 16 20
bitmap: 48 24
bitmap: 14 30
bitmap: 16 32
bitmap: 16 20
bitmap: 18 22
bitmap: 22 22
bitmap: 46 22
bitmap: 20 22
bitmap: 14 20
bitmap: 16 18
bitmap: 16 30
bitmap: 14 32
bitmap: 16 30
bitmap: 14 18
bitmap: 16 22
bitmap: 16 18
bitmap: 14 24
bitmap: 22 22
bitmap: 16 18
bitmap: 16 22
bitmap: 16 22
bitmap: 16 18
bitmap: 14 32
bitmap: 14 18
bitmap: 16 18
bitmap: 48 22
bitmap: 14 22
bitmap: 14 32
bitmap: 26 20
bitmap: 16 20
bitmap: 16 18
bitmap: 48 24
bitmap: 20 22
bitmap: 16 18
bitmap: 16 20
bitmap: 16 20
bitmap: 12 18
bitmap: 14 20
bitmap: 14 18
bitmap: 24 20
bitmap: 18 24
bitmap: 18 20
bitmap: 54 24
bitmap: 18 32
bitmap: 16 16
bitmap: 16 20
bitmap: 12 18
bitmap: 14 18
bitmap: 16 16
bitmap: 14 16
bitmap: 16 32
bitmap: 14 18
bitmap: 50 20
bitmap: 16 16
bitmap: 14 16
bitmap: 16 16
bitmap: 16 16
bitmap: 16 20
bitmap: 16 20
bitmap: 16 20
bitmap: 14 30
bitmap: 14 18
bitmap: 16 20
bitmap: 16 18
bitmap: 20 20
bitmap: 16 20
bitmap: 14 18
bitmap: 46 20
bitmap: 16 18
bitmap: 14 32
bitmap: 16 20
bitmap: 22 20
bitmap: 16 20
bitmap: 18 32
bitmap: 16 16
bitmap: 14 32
bitmap: 14 20
bitmap: 16 18
bitmap: 16 22
bitmap: 16 22
bitmap: 46 20
bitmap: 14 32
bitmap: 22 22
bitmap: 16 22
bitmap: 12 20
bitmap: 14 20
bitmap: 24 20
bitmap: 16 20
bitmap: 14 18
bitmap: 12 18
bitmap: 16 18
bitmap: 14 18
bitmap: 46 20
bitmap: 14 20
bitmap: 14 16
bitmap: 16 20
bitmap: 16 16
bitmap: 40 22
bitmap: 40 22
bitmap: 38 22
bitmap: 38 22
bitmap: 14 30
bitmap: 40 22
bitmap: 40 20
bitmap: 40 22
bitmap: 40 22
bitmap: 14 16
bitmap: 40 22
bitmap: 38 20
bitmap: 38 22
bitmap: 40 20
bitmap: 40 22
bitmap: 16 30
bitmap: 38 20
bitmap: 40 22
bitmap: 40 22
bitmap: 40 22
bitmap: 14 32
bitmap: 42 22
bitmap: 40 22
bitmap: 40 20
bitmap: 42 22
bitmap: 14 32
bitmap: 38 22
bitmap: 38 24
bitmap: 38 24
bitmap: 40 22
bitmap: 40 20
bitmap: 38 20
bitmap: 40 22
bitmap: 40 22
bitmap: 40 22
bitmap: 16 30
bitmap: 42 20
bitmap: 40 20
bitmap: 42 22
bitmap: 42 22
bitmap: 38 22
bitmap: 14 30
bitmap: 40 24
bitmap: 40 24
bitmap: 42 22
bitmap: 44 24
bitmap: 40 56
bitmap: 44 22
bitmap: 16 20
bitmap: 40 20
bitmap: 40 20
bitmap: 40 20
bitmap: 38 22
bitmap: 38 20
bitmap: 40 22
bitmap: 40 22
bitmap: 40 22
bitmap: 40 22
bitmap: 40 22
bitmap: 40 22
bitmap: 16 32
bitmap: 40 22
bitmap: 40 154
bitmap: 38 22
bitmap: 38 22
bitmap: 38 22
bitmap: 40 22
bitmap: 40 22
bitmap: 38 20
bitmap: 40 24
bitmap: 38 42
bitmap: 40 22
bitmap: 42 24
bitmap: 42 22
bitmap: 40 24
bitmap: 14 34
bitmap: 38 24
bitmap: 40 22
bitmap: 42 22
bitmap: 40 22
bitmap: 50 24
bitmap: 40 20
bitmap: 42 22
bitmap: 40 20
bitmap: 40 22
bitmap: 16 32
bitmap: 38 22
bitmap: 42 22
bitmap: 40 22
bitmap: 40 24
bitmap: 38 24
bitmap: 38 24
bitmap: 40 20
bitmap: 40 22
bitmap: 42 22
bitmap: 40 22
bitmap: 40 22
bitmap: 40 20
bitmap: 40 20
bitmap: 40 22
bitmap: 38 22
bitmap: 42 20
bitmap: 40 22
bitmap: 40 20
bitmap: 16 16
bitmap: 14 32
bitmap: 40 22
bitmap: 38 22
bitmap: 38 22
bitmap: 40 22
bitmap: 40 20
bitmap: 40 22
bitmap: 42 20
bitmap: 38 22
bitmap: 38 22
bitmap: 42 22
bitmap: 40 20
bitmap: 40 20
bitmap: 40 22
bitmap: 16 18
bitmap: 40 22
bitmap: 40 22
bitmap: 40 22
bitmap: 42 22
bitmap: 40 22
bitmap: 40 22
bitmap: 40 22
bitmap: 40 22
bitmap: 40 22
bitmap: 14 30
bitmap: 40 22
bitmap: 40 22
bitmap: 40 22
bitmap: 40 22
bitmap: 14 30
bitmap: 40 24
bitmap: 40 22
bitmap: 40 22
bitmap: 40 24
bitmap: 40 22
bitmap: 40 22
bitmap: 42 22
bitmap: 42 22
bitmap: 40 22
bitmap: 40 22
bitmap: 38 22
bitmap: 40 20
bitmap: 38 22
bitmap: 38 22
bitmap: 40 22
bitmap: 46 42
bitmap: 40 22
bitmap: 42 22
bitmap: 38 20
bitmap: 38 22
bitmap: 44 22
bitmap: 40 22
bitmap: 40 22
bitmap: 40 20
bitmap: 40 22
bitmap: 14 30
bitmap: 40 20
bitmap: 38 22
bitmap: 40 22
bitmap: 40 22
bitmap: 14 30
bitmap: 38 22
bitmap: 38 20
bitmap: 40 22
bitmap: 14 20
bitmap: 40 20
bitmap: 40 22
bitmap: 38 22
bitmap: 40 22
bitmap: 40 22
bitmap: 44 22
bitmap: 40 22
bitmap: 40 22
bitmap: 40 22
bitmap: 14 18
bitmap: 38 22
bitmap: 48 22
bitmap: 40 22
bitmap: 40 24
bitmap: 16 30
bitmap: 38 22
bitmap: 40 20
bitmap: 40 22
bitmap: 38 20
bitmap: 14 32
bitmap: 38 20
bitmap: 38 20
bitmap: 40 22
bitmap: 38 22
bitmap: 14 30
bitmap: 38 22
bitmap: 40 22
bitmap: 40 24
bitmap: 38 22
bitmap: 14 32
bitmap: 42 24
bitmap: 40 20
bitmap: 40 22
bitmap: 40 24
bitmap: 14 32
bitmap: 38 22
bitmap: 38 22
bitmap: 38 22
bitmap: 40 22
bitmap: 40 22
bitmap: 40 22
bitmap: 40 22
bitmap: 40 20
bitmap: 42 22
bitmap: 42 20
bitmap: 38 24
bitmap: 38 20
bitmap: 42 22
bitmap: 38 22
bitmap: 14 30
bitmap: 38 22
bitmap: 40 22
bitmap: 38 20
bitmap: 40 22
bitmap: 16 32
bitmap: 38 24
bitmap: 42 22
bitmap: 38 22
bitmap: 40 22
bitmap: 14 30
bitmap: 40 22
bitmap: 38 22
bitmap: 40 22
bitmap: 40 20
bitmap: 42 24
bitmap: 40 22
bitmap: 38 20
bitmap: 38 24
bitmap: 40 22
bitmap: 16 32
bitmap: 18 16
bitmap: 38 22
bitmap: 40 22
bitmap: 38 20
bitmap: 12 32
bitmap: 40 20
bitmap: 40 24
bitmap: 38 22
bitmap: 40 22
bitmap: 14 32
bitmap: 38 24
bitmap: 40 22
bitmap: 40 24
bitmap: 40 24
bitmap: 40 24
bitmap: 38 22
bitmap: 40 22
bitmap: 40 22
bitmap: 40 22
bitmap: 14 30
bitmap: 38 22
bitmap: 38 22
bitmap: 40 22
bitmap: 38 22
bitmap: 18 20
bitmap: 40 22
bitmap: 40 20
bitmap: 40 22
bitmap: 40 22
bitmap: 14 32
bitmap: 38 22
bitmap: 38 22
bitmap: 40 20
bitmap: 40 20
bitmap: 14 32
bitmap: 42 22
bitmap: 38 24
bitmap: 40 24
bitmap: 40 24
bitmap: 40 24
bitmap: 40 22
bitmap: 40 22
bitmap: 40 20
bitmap: 40 22
bitmap: 14 32
bitmap: 40 22
bitmap: 40 54
bitmap: 40 20
bitmap: 38 22
bitmap: 16 30
bitmap: 38 22
bitmap: 40 22
bitmap: 40 22
bitmap: 40 22
bitmap: 16 62
bitmap: 40 20
bitmap: 40 20
bitmap: 16 30
bitmap: 40 22
bitmap: 14 30
bitmap: 40 20
bitmap: 40 20
bitmap: 40 52
bitmap: 38 22
bitmap: 14 32
bitmap: 40 22
bitmap: 40 20
bitmap: 38 22
bitmap: 42 22
bitmap: 40 20
bitmap: 40 22
bitmap: 40 20
bitmap: 42 22
bitmap: 38 22
bitmap: 40 20
bitmap: 16 32
bitmap: 40 20
bitmap: 40 20
bitmap: 40 20
bitmap: 40 22
bitmap: 14 32
bitmap: 40 22
bitmap: 42 22
bitmap: 40 22
bitmap: 38 20
bitmap: 14 28
bitmap: 38 22
bitmap: 40 20
bitmap: 40 22
bitmap: 40 22
bitmap: 14 32
bitmap: 42 22
bitmap: 42 22
bitmap: 38 20
bitmap: 40 42
bitmap: 12 36
bitmap: 40 22
bitmap: 40 22
bitmap: 38 20
bitmap: 40 22
bitmap: 18 20
bitmap: 42 24
bitmap: 40 166
bitmap: 40 24
bitmap: 38 24
bitmap: 14 34
bitmap: 40 20
bitmap: 40 22
bitmap: 40 22
bitmap: 38 22
bitmap: 16 52
bitmap: 42 22
bitmap: 42 22
bitmap: 42 22
bitmap: 40 22
bitmap: 16 12
bitmap: 40 20
bitmap: 40 24
bitmap: 40 22
bitmap: 40 22
bitmap: 16 30
bitmap: 42 24
bitmap: 40 22
bitmap: 40 24
bitmap: 40 22
bitmap: 14 32
bitmap: 38 22
bitmap: 40 22
bitmap: 38 20
bitmap: 38 22
bitmap: 16 32
bitmap: 40 22
bitmap: 40 24
bitmap: 42 22
bitmap: 40 22
bitmap: 14 30
bitmap: 40 24
bitmap: 40 24
bitmap: 38 24
bitmap: 40 22
bitmap: 40 22
bitmap: 42 24
bitmap: 40 24
bitmap: 40 22
bitmap: 40 24
bitmap: 18 18
bitmap: 40 22
bitmap: 44 24
bitmap: 40 22
bitmap: 42 22
bitmap: 14 18
bitmap: 40 22
bitmap: 40 22
bitmap: 40 20
bitmap: 38 22
bitmap: 14 30
bitmap: 40 22
bitmap: 38 22
bitmap: 38 24
bitmap: 40 22
bitmap: 14 18
bitmap: 38 22
bitmap: 38 22
bitmap: 40 20
bitmap: 40 20
bitmap: 14 18
bitmap: 40 22
bitmap: 44 24
bitmap: 42 22
bitmap: 38 22
bitmap: 14 30
bitmap: 42 22
bitmap: 40 20
bitmap: 42 22
bitmap: 38 22
bitmap: 16 30
bitmap: 40 22
bitmap: 42 22
bitmap: 40 22
bitmap: 40 20
bitmap: 14 32
bitmap: 40 22
bitmap: 42 22
bitmap: 40 20
bitmap: 40 22
bitmap: 38 22
bitmap: 42 22
bitmap: 38 20
bitmap: 40 22
bitmap: 40 22
bitmap: 14 30
bitmap: 40 22
bitmap: 38 22
bitmap: 40 20
bitmap: 40 22
bitmap: 16 32
bitmap: 40 20
bitmap: 38 22
bitmap: 40 24
bitmap: 40 22
bitmap: 40 22
bitmap: 40 22
bitmap: 40 22
bitmap: 40 22
bitmap: 40 22
bitmap: 14 32
bitmap: 40 22
bitmap: 38 22
bitmap: 40 22
bitmap: 38 22
bitmap: 16 30
bitmap: 40 20
bitmap: 38 22
bitmap: 40 20
bitmap: 40 22
bitmap: 14 32
bitmap: 38 22
bitmap: 42 22
bitmap: 40 20
bitmap: 42 22
bitmap: 16 32
bitmap: 38 22
bitmap: 40 22
bitmap: 44 22
bitmap: 42 22
bitmap: 40 22
bitmap: 42 20
bitmap: 40 20
bitmap: 38 20
bitmap: 40 22
bitmap: 14 30
bitmap: 40 22
bitmap: 40 22
bitmap: 38 22
bitmap: 38 22
bitmap: 14 22
bitmap: 38 22
bitmap: 42 20
bitmap: 40 20
bitmap: 40 20
bitmap: 16 32
bitmap: 40 22
bitmap: 38 20
bitmap: 38 22
bitmap: 42 20
bitmap: 16 30
bitmap: 40 22
bitmap: 40 22
bitmap: 40 22
bitmap: 42 22
bitmap: 42 24
bitmap: 42 22
bitmap: 42 22
bitmap: 44 22
bitmap: 40 24
bitmap: 40 24
bitmap: 40 24
bitmap: 40 24
bitmap: 40 20
bitmap: 40 22
bitmap: 14 32
bitmap: 40 24
bitmap: 40 22
bitmap: 40 22
bitmap: 38 24
bitmap: 16 32
bitmap: 40 20
bitmap: 40 22
bitmap: 40 22
bitmap: 40 24
bitmap: 40 26
bitmap: 40 20
bitmap: 40 24
bitmap: 40 22
bitmap: 40 22
bitmap: 14 32
bitmap: 40 22
bitmap: 38 24
bitmap: 42 22
bitmap: 40 20
bitmap: 16 32
bitmap: 42 24
bitmap: 38 20
bitmap: 40 24
bitmap: 40 24
bitmap: 16 32
bitmap: 42 22
bitmap: 40 24
bitmap: 38 24
bitmap: 38 24
bitmap: 14 30
bitmap: 40 20
bitmap: 42 20
bitmap: 38 20
bitmap: 40 56
bitmap: 14 32
bitmap: 38 20
bitmap: 40 22
bitmap: 40 22
bitmap: 38 22
bitmap: 14 32
bitmap: 40 22
bitmap: 38 60
bitmap: 38 22
bitmap: 40 22
bitmap: 14 32
bitmap: 40 24
bitmap: 42 24
bitmap: 42 22
bitmap: 40 24
bitmap: 12 58
bitmap: 42 24
bitmap: 42 22
bitmap: 14 32
bitmap: 38 22
bitmap: 14 32
bitmap: 40 22
bitmap: 38 22
bitmap: 40 60
bitmap: 42 20
bitmap: 16 30
bitmap: 40 20
bitmap: 40 22
bitmap: 38 22
bitmap: 40 22
bitmap: 16 30
bitmap: 40 20
bitmap: 40 22
bitmap: 40 22
bitmap: 40 24
bitmap: 16 32
bitmap: 40 20
bitmap: 38 22
bitmap: 42 22
bitmap: 42 22
bitmap: 14 30
bitmap: 40 22
bitmap: 40 22
bitmap: 40 22
bitmap: 38 22
bitmap: 14 32
bitmap: 38 22
bitmap: 40 20
bitmap: 38 22
bitmap: 38 22
bitmap: 16 30
bitmap: 40 20
bitmap: 40 22
bitmap: 40 20
bitmap: 40 22
bitmap: 46 20
bitmap: 40 24
bitmap: 40 24
bitmap: 40 24
bitmap: 40 20
bitmap: 16 32
bitmap: 42 24
bitmap: 38 22
bitmap: 42 24
bitmap: 38 24
bitmap: 18 20
bitmap: 38 22
bitmap: 40 20
bitmap: 40 22
bitmap: 40 20
bitmap: 16 32
bitmap: 40 22
bitmap: 40 24
bitmap: 40 24
bitmap: 40 24
bitmap: 40 24
bitmap: 38 22
bitmap: 40 24
bitmap: 40 22
bitmap: 40 50
bitmap: 40 24
bitmap: 38 24
bitmap: 42 24
bitmap: 38 22
bitmap: 40 24
bitmap: 14 30
bitmap: 40 22
bitmap: 42 20
bitmap: 42 22
bitmap: 40 20
bitmap: 14 30
bitmap: 40 20
bitmap: 42 20
bitmap: 42 22
bitmap: 38 24
bitmap: 42 22
bitmap: 40 20
bitmap: 40 22
bitmap: 40 20
bitmap: 38 24
bitmap: 16 16
bitmap: 40 24
bitmap: 40 22
bitmap: 38 24
bitmap: 40 22
bitmap: 16 32
bitmap: 40 24
bitmap: 38 22
bitmap: 40 20
bitmap: 38 22
bitmap: 14 32
bitmap: 40 22
bitmap: 40 22
bitmap: 40 24
bitmap: 42 24
bitmap: 42 22
bitmap: 42 24
bitmap: 42 22
bitmap: 42 24
bitmap: 40 22
bitmap: 16 32
bitmap: 40 24
bitmap: 40 24
bitmap: 40 22
bitmap: 38 22
bitmap: 42 22
bitmap: 40 22
bitmap: 44 20
bitmap: 42 24
bitmap: 40 22
bitmap: 16 30
bitmap: 38 24
bitmap: 38 24
bitmap: 40 24
bitmap: 42 22
bitmap: 14 32
bitmap: 38 22
bitmap: 40 22
bitmap: 40 22
bitmap: 40 24
bitmap: 14 30
bitmap: 40 20
bitmap: 42 22
bitmap: 38 22
bitmap: 38 22
bitmap: 14 30
bitmap: 40 20
bitmap: 38 22
bitmap: 40 22
bitmap: 38 20
bitmap: 14 32
bitmap: 38 22
bitmap: 40 22
bitmap: 42 22
bitmap: 40 22
bitmap: 14 32
bitmap: 40 22
bitmap: 40 22
bitmap: 40 22
bitmap: 40 22
bitmap: 14 30
bitmap: 40 22
bitmap: 38 22
bitmap: 40 24
bitmap: 38 22
bitmap: 48 20
bitmap: 40 22
bitmap: 38 22
bitmap: 38 22
bitmap: 40 22
bitmap: 16 30
bitmap: 38 22
bitmap: 16 22
bitmap: 40 24
bitmap: 40 20
bitmap: 16 30
bitmap: 42 20
bitmap: 40 22
bitmap: 18 20
bitmap: 40 22
bitmap: 14 32
bitmap: 40 22
bitmap: 38 22
bitmap: 40 20
bitmap: 40 22
bitmap: 14 18
bitmap: 40 20
