bitmap: 72 20
bitmap: 42 22
bitmap: 60 68
bitmap: 38 18
bitmap: 60 22
bitmap: 42 20
bitmap: 40 18
bitmap: 60 20
bitmap: 38 20
bitmap: 40 20
bitmap: 40 20
bitmap: 38 20
bitmap: 40 22
bitmap: 62 20
bitmap: 56 20
bitmap: 56 22
bitmap: 58 22
bitmap: 40 22
bitmap: 58 20
bitmap: 14 28
bitmap: 36 48
bitmap: 40 22
bitmap: 56 18
bitmap: 40 20
bitmap: 58 18
bitmap: 40 22
bitmap: 40 20
bitmap: 58 20
bitmap: 40 40
bitmap: 40 20
bitmap: 14 32
bitmap: 14 30
bitmap: 56 20
bitmap: 40 22
bitmap: 40 20
bitmap: 40 20
bitmap: 40 34
bitmap: 38 20
bitmap: 40 18
bitmap: 42 20
bitmap: 18 16
bitmap: 64 20
bitmap: 42 18
bitmap: 60 18
bitmap: 58 54
bitmap: 36 22
bitmap: 38 22
bitmap: 38 22
bitmap: 60 20
bitmap: 62 18
bitmap: 38 20
bitmap: 38 22
bitmap: 42 20
bitmap: 40 18
bitmap: 40 22
bitmap: 62 20
bitmap: 44 18
bitmap: 40 20
bitmap: 62 18
bitmap: 40 20
bitmap: 62 48
bitmap: 62 20
bitmap: 14 32
bitmap: 14 32
bitmap: 40 22
bitmap: 62 22
bitmap: 60 22
bitmap: 36 22
bitmap: 38 18
bitmap: 42 20
bitmap: 64 22
bitmap: 46 20
bitmap: 40 22
bitmap: 38 22
bitmap: 60 20
bitmap: 64 22
bitmap: 64 22
bitmap: 14 32
bitmap: 40 20
bitmap: 38 18
bitmap: 58 20
bitmap: 40 22
bitmap: 40 22
bitmap: 14 32
bitmap: 40 22
bitmap: 62 20
bitmap: 62 20
bitmap: 40 22
bitmap: 40 22
bitmap: 40 20
bitmap: 42 20
bitmap: 40 18
bitmap: 40 22
bitmap: 62 20
bitmap: 40 22
bitmap: 16 34
bitmap: 62 20
bitmap: 62 22
bitmap: 38 20
bitmap: 62 20
bitmap: 64 60
bitmap: 66 32
bitmap: 44 22
bitmap: 42 22
bitmap: 40 22
bitmap: 40 22
bitmap: 40 22
bitmap: 42 22
bitmap: 38 46
bitmap: 62 22
bitmap: 42 20
bitmap: 42 22
bitmap: 42 20
bitmap: 40 22
bitmap: 42 22
bitmap: 42 22
bitmap: 42 48
bitmap: 42 22
bitmap: 44 22
bitmap: 44 22
bitmap: 42 20
bitmap: 44 22
bitmap: 18 30
bitmap: 42 22
bitmap: 44 22
bitmap: 38 20
bitmap: 42 22
bitmap: 42 22
bitmap: 38 20
bitmap: 40 22
bitmap: 42 22
bitmap: 42 22
bitmap: 46 22
bitmap: 42 20
bitmap: 42 24
bitmap: 42 22
bitmap: 42 20
bitmap: 44 22
bitmap: 44 22
bitmap: 38 18
bitmap: 36 22
bitmap: 38 22
bitmap: 36 20
bitmap: 36 24
bitmap: 46 20
bitmap: 42 22
bitmap: 42 20
bitmap: 42 22
bitmap: 44 22
bitmap: 42 20
bitmap: 42 22
bitmap: 42 20
bitmap: 42 22
bitmap: 42 22
bitmap: 42 20
bitmap: 42 20
bitmap: 42 22
bitmap: 42 22
bitmap: 38 22
bitmap: 14 30
bitmap: 42 22
bitmap: 44 22
bitmap: 38 22
bitmap: 36 26
bitmap: 60 22
bitmap: 38 26
bitmap: 38 20
bitmap: 36 20
bitmap: 78 22
bitmap: 14 32
bitmap: 34 22
bitmap: 36 24
bitmap: 36 24
bitmap: 38 22
bitmap: 38 22
bitmap: 36 22
bitmap: 38 22
bitmap: 38 20
bitmap: 38 24
bitmap: 40 24
bitmap: 36 22
bitmap: 36 22
bitmap: 36 22
bitmap: 60 22
bitmap: 84 20
bitmap: 36 22
bitmap: 38 24
bitmap: 36 22
bitmap: 38 22
bitmap: 36 28
bitmap: 36 22
bitmap: 40 20
bitmap: 34 24
bitmap: 40 22
bitmap: 38 20
bitmap: 38 16
bitmap: 36 20
bitmap: 38 18
bitmap: 38 20
bitmap: 36 18
bitmap: 36 22
bitmap: 34 20
bitmap: 36 22
bitmap: 36 20
bitmap: 38 20
bitmap: 36 18
bitmap: 38 18
bitmap: 36 18
bitmap: 36 20
bitmap: 38 22
bitmap: 36 22
bitmap: 40 22
bitmap: 38 20
bitmap: 38 22
bitmap: 38 20
bitmap: 38 20
bitmap: 38 24
bitmap: 38 24
bitmap: 36 20
bitmap: 38 22
bitmap: 36 22
bitmap: 38 22
bitmap: 38 24
bitmap: 36 24
bitmap: 34 22
bitmap: 36 22
bitmap: 38 20
bitmap: 38 22
bitmap: 16 14
bitmap: 38 16
bitmap: 38 20
bitmap: 38 20
bitmap: 38 20
bitmap: 38 22
bitmap: 34 22
bitmap: 36 22
bitmap: 36 22
bitmap: 38 20
bitmap: 42 24
bitmap: 38 20
bitmap: 82 18
bitmap: 40 22
bitmap: 38 22
bitmap: 38 24
bitmap: 38 22
bitmap: 38 18
bitmap: 36 24
bitmap: 36 22
bitmap: 38 26
bitmap: 38 22
bitmap: 38 24
bitmap: 38 24
bitmap: 38 22
bitmap: 38 22
bitmap: 38 26
bitmap: 14 30
bitmap: 34 24
bitmap: 36 22
bitmap: 38 22
bitmap: 34 20
bitmap: 38 24
bitmap: 34 20
bitmap: 36 20
bitmap: 38 24
bitmap: 40 20
bitmap: 38 24
bitmap: 36 20
bitmap: 36 22
bitmap: 34 24
bitmap: 38 20
bitmap: 38 20
bitmap: 38 24
bitmap: 36 24
bitmap: 38 20
bitmap: 38 22
bitmap: 34 24
bitmap: 36 24
bitmap: 36 22
bitmap: 34 22
bitmap: 38 22
bitmap: 38 24
bitmap: 38 22
bitmap: 38 22
bitmap: 40 26
bitmap: 36 22
bitmap: 38 24
bitmap: 18 28
bitmap: 14 30
bitmap: 36 24
bitmap: 36 28
bitmap: 38 20
bitmap: 38 24
bitmap: 38 46
bitmap: 36 22
bitmap: 36 24
bitmap: 36 22
bitmap: 38 22
bitmap: 38 22
bitmap: 36 26
bitmap: 36 20
bitmap: 34 22
bitmap: 34 20
bitmap: 34 24
bitmap: 36 22
bitmap: 38 22
bitmap: 36 20
bitmap: 34 24
bitmap: 36 24
bitmap: 38 22
bitmap: 36 22
bitmap: 34 24
bitmap: 34 26
bitmap: 34 22
bitmap: 36 20
bitmap: 34 24
bitmap: 34 24
bitmap: 36 20
bitmap: 40 22
bitmap: 34 22
bitmap: 34 18
bitmap: 36 22
bitmap: 36 22
bitmap: 34 22
bitmap: 34 22
bitmap: 38 20
bitmap: 34 18
bitmap: 34 20
bitmap: 34 24
bitmap: 36 20
bitmap: 34 24
bitmap: 34 24
bitmap: 36 22
bitmap: 34 24
bitmap: 36 24
bitmap: 36 22
bitmap: 34 22
bitmap: 36 24
bitmap: 40 24
bitmap: 34 24
bitmap: 34 22
bitmap: 34 24
bitmap: 34 22
bitmap: 34 22
bitmap: 34 22
bitmap: 38 24
bitmap: 34 24
bitmap: 34 22
bitmap: 36 22
bitmap: 36 20
bitmap: 34 22
bitmap: 34 20
bitmap: 34 18
bitmap: 34 20
bitmap: 34 22
bitmap: 36 22
bitmap: 34 22
bitmap: 34 22
bitmap: 36 20
bitmap: 34 18
bitmap: 38 24
bitmap: 42 22
bitmap: 34 18
bitmap: 36 20
bitmap: 34 20
bitmap: 34 18
bitmap: 36 20
bitmap: 36 22
bitmap: 34 20
bitmap: 34 22
bitmap: 34 22
bitmap: 34 20
bitmap: 38 22
bitmap: 34 46
bitmap: 36 20
bitmap: 34 22
bitmap: 38 18
bitmap: 42 22
bitmap: 36 24
bitmap: 18 20
bitmap: 38 24
bitmap: 34 20
bitmap: 36 22
bitmap: 36 20
bitmap: 34 22
bitmap: 36 22
bitmap: 36 22
bitmap: 34 22
bitmap: 36 20
bitmap: 34 24
bitmap: 40 26
bitmap: 34 20
bitmap: 36 20
bitmap: 34 22
bitmap: 34 20
bitmap: 34 24
bitmap: 34 24
bitmap: 36 20
bitmap: 36 22
bitmap: 14 16
bitmap: 36 20
bitmap: 34 22
bitmap: 36 20
bitmap: 36 20
bitmap: 34 22
bitmap: 38 24
bitmap: 36 20
bitmap: 36 22
bitmap: 34 22
bitmap: 36 22
bitmap: 38 24
bitmap: 36 20
bitmap: 36 22
bitmap: 34 24
bitmap: 34 22
bitmap: 36 24
bitmap: 14 32
bitmap: 34 24
bitmap: 36 22
bitmap: 34 22
bitmap: 34 20
bitmap: 34 24
bitmap: 36 22
bitmap: 34 22
bitmap: 34 24
bitmap: 34 22
bitmap: 36 22
bitmap: 34 24
bitmap: 36 22
bitmap: 34 20
bitmap: 34 22
bitmap: 34 22
bitmap: 34 24
bitmap: 36 20
bitmap: 16 22
bitmap: 36 22
bitmap: 36 24
bitmap: 36 18
bitmap: 36 20
bitmap: 36 22
bitmap: 36 22
bitmap: 38 24
bitmap: 38 24
bitmap: 36 22
bitmap: 34 24
bitmap: 34 20
bitmap: 36 22
bitmap: 36 24
bitmap: 14 30
bitmap: 34 20
bitmap: 34 22
bitmap: 34 24
bitmap: 34 20
bitmap: 34 20
bitmap: 34 22
bitmap: 38 24
bitmap: 34 26
bitmap: 36 22
bitmap: 34 20
bitmap: 38 20
bitmap: 38 18
bitmap: 34 22
bitmap: 38 18
bitmap: 34 18
bitmap: 34 20
bitmap: 34 20
bitmap: 34 20
bitmap: 34 18
bitmap: 34 22
bitmap: 34 20
bitmap: 34 18
bitmap: 34 22
bitmap: 34 20
bitmap: 34 20
bitmap: 36 16
bitmap: 34 20
bitmap: 34 24
bitmap: 36 22
bitmap: 36 24
bitmap: 34 20
bitmap: 16 30
bitmap: 34 22
bitmap: 38 24
bitmap: 34 20
bitmap: 34 20
bitmap: 34 26
bitmap: 34 20
bitmap: 36 24
bitmap: 40 18
bitmap: 36 20
bitmap: 36 24
bitmap: 36 20
bitmap: 36 20
bitmap: 36 20
bitmap: 36 18
bitmap: 36 20
bitmap: 34 20
bitmap: 34 20
bitmap: 36 20
bitmap: 38 22
bitmap: 36 18
bitmap: 34 20
bitmap: 36 20
bitmap: 38 22
bitmap: 36 24
bitmap: 34 24
bitmap: 18 30
bitmap: 36 22
bitmap: 38 20
bitmap: 36 22
bitmap: 36 24
bitmap: 34 20
bitmap: 36 22
bitmap: 34 20
bitmap: 38 24
bitmap: 38 22
bitmap: 34 20
bitmap: 34 24
bitmap: 36 24
bitmap: 36 18
bitmap: 34 22
bitmap: 36 18
bitmap: 34 24
bitmap: 34 26
bitmap: 34 20
bitmap: 36 24
bitmap: 36 22
bitmap: 38 20
bitmap: 34 24
bitmap: 36 24
bitmap: 36 22
bitmap: 34 22
bitmap: 36 22
bitmap: 36 24
bitmap: 36 22
bitmap: 38 22
bitmap: 38 24
bitmap: 34 24
bitmap: 36 22
bitmap: 36 26
bitmap: 36 22
bitmap: 34 22
bitmap: 34 24
bitmap: 42 22
bitmap: 38 22
bitmap: 40 22
bitmap: 40 20
bitmap: 38 22
bitmap: 40 22
bitmap: 16 30
bitmap: 40 22
bitmap: 40 22
bitmap: 42 20
bitmap: 40 20
bitmap: 16 30
bitmap: 38 22
bitmap: 38 20
bitmap: 40 22
bitmap: 36 22
bitmap: 38 20
bitmap: 34 22
bitmap: 34 22
bitmap: 34 24
bitmap: 36 22
bitmap: 36 26
bitmap: 38 46
bitmap: 38 20
bitmap: 34 20
bitmap: 34 24
bitmap: 34 24
bitmap: 34 22
bitmap: 34 22
bitmap: 36 22
bitmap: 34 52
bitmap: 38 22
bitmap: 34 20
bitmap: 38 24
bitmap: 36 22
bitmap: 38 24
bitmap: 38 20
bitmap: 34 22
bitmap: 34 18
bitmap: 34 26
bitmap: 34 20
bitmap: 38 20
bitmap: 34 24
bitmap: 36 22
bitmap: 38 20
bitmap: 34 22
bitmap: 34 24
bitmap: 34 30
bitmap: 34 24
bitmap: 36 22
bitmap: 34 24
bitmap: 38 22
bitmap: 36 24
bitmap: 36 20
bitmap: 34 22
bitmap: 34 20
bitmap: 36 20
bitmap: 34 24
bitmap: 34 22
bitmap: 36 24
bitmap: 36 24
bitmap: 38 20
bitmap: 36 22
bitmap: 36 24
bitmap: 40 20
bitmap: 36 22
bitmap: 36 20
bitmap: 40 20
bitmap: 36 20
bitmap: 38 24
bitmap: 34 44
bitmap: 38 34
bitmap: 34 26
bitmap: 34 20
bitmap: 34 24
bitmap: 34 24
bitmap: 34 22
bitmap: 36 22
bitmap: 36 54
bitmap: 36 22
bitmap: 34 20
bitmap: 34 20
bitmap: 36 16
bitmap: 34 22
bitmap: 36 20
bitmap: 34 22
bitmap: 70 38
bitmap: 34 20
bitmap: 34 22
bitmap: 34 22
bitmap: 34 22
bitmap: 36 18
bitmap: 36 20
bitmap: 34 24
bitmap: 34 24
bitmap: 36 20
bitmap: 34 24
bitmap: 16 32
bitmap: 36 20
bitmap: 34 24
bitmap: 36 24
bitmap: 34 22
bitmap: 34 26
bitmap: 34 24
bitmap: 34 22
bitmap: 34 20
bitmap: 34 22
bitmap: 34 22
bitmap: 38 22
bitmap: 34 24
bitmap: 34 24
bitmap: 34 20
bitmap: 34 24
bitmap: 34 24
bitmap: 34 22
bitmap: 34 24
bitmap: 34 22
bitmap: 34 24
bitmap: 34 24
bitmap: 34 22
bitmap: 34 26
bitmap: 34 22
bitmap: 34 24
bitmap: 38 22
bitmap: 34 24
bitmap: 34 24
bitmap: 38 50
bitmap: 34 26
bitmap: 36 20
bitmap: 16 32
bitmap: 34 24
bitmap: 34 22
bitmap: 34 22
bitmap: 34 20
bitmap: 34 42
bitmap: 38 24
bitmap: 38 22
bitmap: 36 26
bitmap: 34 26
bitmap: 40 22
bitmap: 34 24
bitmap: 38 18
bitmap: 34 22
bitmap: 36 22
bitmap: 36 20
bitmap: 34 20
bitmap: 36 24
bitmap: 34 28
bitmap: 34 20
bitmap: 34 20
bitmap: 34 48
bitmap: 36 18
bitmap: 36 18
bitmap: 34 20
bitmap: 38 22
bitmap: 36 16
bitmap: 42 20
bitmap: 34 18
bitmap: 38 20
bitmap: 36 20
bitmap: 36 20
bitmap: 40 20
bitmap: 38 24
bitmap: 40 22
bitmap: 42 20
bitmap: 38 22
bitmap: 38 24
bitmap: 34 22
bitmap: 34 24
bitmap: 36 22
bitmap: 34 24
bitmap: 38 18
bitmap: 40 24
bitmap: 34 22
bitmap: 36 20
bitmap: 34 22
bitmap: 38 24
bitmap: 36 22
bitmap: 36 22
bitmap: 34 22
bitmap: 34 20
bitmap: 36 24
bitmap: 34 22
bitmap: 34 22
bitmap: 34 22
bitmap: 34 20
bitmap: 34 22
bitmap: 34 24
bitmap: 34 26
bitmap: 34 20
bitmap: 34 22
bitmap: 38 24
bitmap: 36 20
bitmap: 34 22
bitmap: 36 22
bitmap: 34 22
bitmap: 38 22
bitmap: 34 22
bitmap: 34 44
bitmap: 34 22
bitmap: 36 22
bitmap: 36 20
bitmap: 34 24
bitmap: 34 20
bitmap: 34 18
bitmap: 36 20
bitmap: 40 20
bitmap: 36 20
bitmap: 34 18
bitmap: 34 20
bitmap: 34 22
bitmap: 36 20
bitmap: 34 22
bitmap: 38 18
bitmap: 36 20
bitmap: 34 18
bitmap: 38 18
bitmap: 40 22
bitmap: 34 22
bitmap: 36 22
bitmap: 40 20
bitmap: 34 24
bitmap: 34 20
bitmap: 36 24
bitmap: 36 22
bitmap: 36 24
bitmap: 36 20
bitmap: 36 20
bitmap: 34 18
bitmap: 34 22
bitmap: 36 20
bitmap: 34 20
bitmap: 34 22
bitmap: 34 18
bitmap: 36 16
bitmap: 34 20
bitmap: 38 20
bitmap: 34 18
bitmap: 34 20
bitmap: 34 18
bitmap: 34 22
bitmap: 38 22
bitmap: 34 24
bitmap: 36 22
bitmap: 34 22
bitmap: 36 24
bitmap: 14 30
bitmap: 34 28
bitmap: 36 20
bitmap: 34 20
bitmap: 14 18
bitmap: 38 22
bitmap: 34 20
bitmap: 36 22
bitmap: 40 22
bitmap: 36 26
bitmap: 36 20
bitmap: 36 20
bitmap: 34 20
bitmap: 36 22
bitmap: 36 20
bitmap: 36 22
bitmap: 34 22
bitmap: 34 22
bitmap: 38 20
bitmap: 38 22
bitmap: 36 20
bitmap: 36 22
bitmap: 34 22
bitmap: 36 18
bitmap: 36 22
bitmap: 34 20
bitmap: 34 20
bitmap: 36 20
bitmap: 40 22
bitmap: 40 22
bitmap: 38 22
bitmap: 34 26
bitmap: 36 20
bitmap: 36 24
bitmap: 38 18
bitmap: 38 24
bitmap: 34 22
bitmap: 36 20
bitmap: 36 20
bitmap: 36 20
bitmap: 34 20
bitmap: 34 20
bitmap: 36 22
bitmap: 36 20
bitmap: 34 24
bitmap: 34 20
bitmap: 36 22
bitmap: 36 26
bitmap: 34 20
bitmap: 36 22
bitmap: 34 26
bitmap: 34 22
bitmap: 36 24
bitmap: 36 24
bitmap: 34 22
bitmap: 34 22
bitmap: 34 22
bitmap: 34 22
bitmap: 34 22
bitmap: 60 22
bitmap: 14 32
bitmap: 34 24
bitmap: 18 20
bitmap: 38 22
bitmap: 34 24
bitmap: 16 32
bitmap: 34 20
bitmap: 38 20
bitmap: 64 22
bitmap: 36 22
bitmap: 38 22
bitmap: 38 20
bitmap: 34 26
bitmap: 34 20
bitmap: 34 22
bitmap: 34 24
bitmap: 34 24
bitmap: 34 24
bitmap: 64 22
bitmap: 36 22
bitmap: 34 24
bitmap: 36 22
bitmap: 36 20
bitmap: 34 20
bitmap: 36 24
bitmap: 34 20
bitmap: 36 24
bitmap: 34 24
bitmap: 36 20
bitmap: 34 20
bitmap: 34 22
bitmap: 34 18
bitmap: 36 22
bitmap: 34 20
bitmap: 34 20
bitmap: 78 20
bitmap: 34 22
bitmap: 34 20
bitmap: 40 22
bitmap: 40 20
bitmap: 40 22
bitmap: 40 26
bitmap: 40 24
bitmap: 40 20
bitmap: 42 24
bitmap: 36 22
bitmap: 36 22
bitmap: 34 20
bitmap: 34 20
bitmap: 36 20
bitmap: 36 18
bitmap: 38 16
bitmap: 36 22
bitmap: 36 22
bitmap: 34 22
bitmap: 34 18
bitmap: 34 18
bitmap: 36 20
bitmap: 36 48
bitmap: 36 18
bitmap: 38 22
bitmap: 34 22
bitmap: 38 22
bitmap: 38 22
bitmap: 36 20
bitmap: 36 22
bitmap: 36 20
bitmap: 34 18
bitmap: 36 22
bitmap: 14 14
bitmap: 38 20
bitmap: 36 20
bitmap: 36 22
bitmap: 36 22
bitmap: 62 18
bitmap: 16 30
bitmap: 34 48
bitmap: 36 22
bitmap: 34 22
bitmap: 34 22
bitmap: 36 24
bitmap: 36 20
bitmap: 34 24
bitmap: 34 24
bitmap: 34 50
bitmap: 34 24
bitmap: 36 20
bitmap: 36 24
bitmap: 34 24
bitmap: 36 20
bitmap: 34 24
bitmap: 36 22
bitmap: 34 42
bitmap: 34 22
bitmap: 34 24
bitmap: 36 22
bitmap: 34 22
bitmap: 36 22
bitmap: 34 26
bitmap: 38 24
bitmap: 36 20
bitmap: 34 22
bitmap: 34 24
bitmap: 34 20
bitmap: 34 22
bitmap: 36 22
bitmap: 36 24
bitmap: 36 20
bitmap: 36 50
bitmap: 34 20
bitmap: 38 20
bitmap: 34 20
bitmap: 34 20
bitmap: 36 20
bitmap: 34 22
bitmap: 18 30
bitmap: 36 20
bitmap: 36 22
bitmap: 34 22
bitmap: 34 20
bitmap: 34 22
bitmap: 34 24
bitmap: 36 22
bitmap: 34 20
bitmap: 38 38
bitmap: 36 24
bitmap: 34 22
bitmap: 36 26
bitmap: 36 22
bitmap: 34 22
bitmap: 36 24
bitmap: 36 24
bitmap: 36 20
bitmap: 34 24
bitmap: 34 22
bitmap: 40 22
bitmap: 34 24
bitmap: 36 22
bitmap: 34 20
bitmap: 34 20
bitmap: 38 22
bitmap: 34 26
bitmap: 34 24
bitmap: 34 22
bitmap: 34 20
bitmap: 34 22
bitmap: 36 22
bitmap: 34 24
bitmap: 34 20
bitmap: 18 20
bitmap: 36 22
bitmap: 34 20
