bitmap: 72 20
bitmap: 44 24
bitmap: 56 22
bitmap: 40 22
bitmap: 16 30
bitmap: 36 22
bitmap: 38 20
bitmap: 40 20
bitmap: 38 22
bitmap: 38 20
bitmap: 38 20
bitmap: 38 20
bitmap: 40 26
bitmap: 38 20
bitmap: 36 24
bitmap: 38 22
bitmap: 36 20
bitmap: 38 18
bitmap: 36 20
bitmap: 38 18
bitmap: 38 20
bitmap: 38 22
bitmap: 36 24
bitmap: 38 20
bitmap: 36 22
bitmap: 14 28
bitmap: 38 20
bitmap: 38 18
bitmap: 38 50
bitmap: 36 20
bitmap: 40 22
bitmap: 36 22
bitmap: 62 20
bitmap: 36 20
bitmap: 38 22
bitmap: 42 20
bitmap: 16 40
bitmap: 38 20
bitmap: 38 22
bitmap: 38 20
bitmap: 36 22
bitmap: 38 22
bitmap: 38 22
bitmap: 38 20
bitmap: 38 46
bitmap: 38 22
bitmap: 38 20
bitmap: 36 20
bitmap: 38 22
bitmap: 38 22
bitmap: 36 22
bitmap: 36 20
bitmap: 36 42
bitmap: 36 22
bitmap: 38 22
bitmap: 38 22
bitmap: 38 20
bitmap: 36 22
bitmap: 36 20
bitmap: 38 22
bitmap: 36 52
bitmap: 38 20
bitmap: 36 24
bitmap: 38 22
bitmap: 38 22
bitmap: 38 18
bitmap: 40 20
bitmap: 40 22
bitmap: 40 18
bitmap: 38 20
bitmap: 36 20
bitmap: 38 20
bitmap: 40 22
bitmap: 42 22
bitmap: 36 20
bitmap: 38 20
bitmap: 38 20
bitmap: 38 20
bitmap: 42 22
bitmap: 38 22
bitmap: 36 22
bitmap: 38 20
bitmap: 38 22
bitmap: 38 22
bitmap: 38 20
bitmap: 38 22
bitmap: 36 22
bitmap: 38 18
bitmap: 42 18
bitmap: 38 28
bitmap: 36 20
bitmap: 38 18
bitmap: 38 20
bitmap: 38 22
bitmap: 36 22
bitmap: 38 20
bitmap: 36 20
bitmap: 36 20
bitmap: 38 22
bitmap: 36 20
bitmap: 36 54
bitmap: 38 32
bitmap: 36 24
bitmap: 36 20
bitmap: 36 18
bitmap: 38 22
bitmap: 36 22
bitmap: 38 20
bitmap: 36 44
bitmap: 36 22
bitmap: 38 22
bitmap: 36 20
bitmap: 38 20
bitmap: 36 24
bitmap: 40 22
bitmap: 36 22
bitmap: 40 48
bitmap: 40 24
bitmap: 36 20
bitmap: 42 20
bitmap: 38 18
bitmap: 40 20
bitmap: 40 22
bitmap: 40 24
bitmap: 38 20
bitmap: 38 20
bitmap: 38 24
bitmap: 36 22
bitmap: 14 38
bitmap: 38 22
bitmap: 38 22
bitmap: 42 22
bitmap: 36 22
bitmap: 38 22
bitmap: 38 22
bitmap: 36 18
bitmap: 38 22
bitmap: 38 20
bitmap: 38 20
bitmap: 36 22
bitmap: 38 20
bitmap: 38 20
bitmap: 38 20
bitmap: 36 22
bitmap: 36 22
bitmap: 36 22
bitmap: 16 28
bitmap: 36 24
bitmap: 38 22
bitmap: 42 22
bitmap: 36 24
bitmap: 36 18
bitmap: 36 20
bitmap: 38 18
bitmap: 14 20
bitmap: 40 20
bitmap: 38 20
bitmap: 36 22
bitmap: 36 26
bitmap: 28 22
bitmap: 36 20
bitmap: 40 18
bitmap: 38 20
bitmap: 40 22
bitmap: 40 22
bitmap: 38 20
bitmap: 38 20
bitmap: 38 22
bitmap: 36 18
bitmap: 38 20
bitmap: 38 24
bitmap: 36 22
bitmap: 38 20
bitmap: 38 22
bitmap: 38 22
bitmap: 16 20
bitmap: 36 20
bitmap: 38 18
bitmap: 38 22
bitmap: 36 20
bitmap: 36 20
bitmap: 38 24
bitmap: 36 20
bitmap: 38 20
bitmap: 36 18
bitmap: 38 22
bitmap: 42 20
bitmap: 38 22
bitmap: 36 20
bitmap: 40 18
bitmap: 40 24
bitmap: 38 20
bitmap: 36 20
bitmap: 38 18
bitmap: 36 20
bitmap: 38 20
bitmap: 40 22
bitmap: 38 22
bitmap: 36 20
bitmap: 36 22
bitmap: 40 22
bitmap: 38 22
bitmap: 36 22
bitmap: 36 22
bitmap: 38 20
bitmap: 36 22
bitmap: 38 20
bitmap: 38 22
bitmap: 36 22
bitmap: 36 18
bitmap: 40 18
bitmap: 36 22
bitmap: 36 20
bitmap: 36 24
bitmap: 36 20
bitmap: 36 20
bitmap: 38 18
bitmap: 36 20
bitmap: 18 36
bitmap: 36 22
bitmap: 38 20
bitmap: 36 54
bitmap: 36 24
bitmap: 36 20
bitmap: 38 18
bitmap: 38 22
bitmap: 38 20
bitmap: 38 22
bitmap: 36 20
bitmap: 38 20
bitmap: 36 18
bitmap: 40 20
bitmap: 38 20
bitmap: 36 20
bitmap: 38 20
bitmap: 36 20
bitmap: 38 18
bitmap: 38 18
bitmap: 36 24
bitmap: 40 22
bitmap: 38 22
bitmap: 38 18
bitmap: 36 22
bitmap: 38 20
bitmap: 36 22
bitmap: 36 20
bitmap: 36 20
bitmap: 40 20
bitmap: 36 20
bitmap: 42 22
bitmap: 36 22
bitmap: 38 18
bitmap: 36 20
bitmap: 36 22
bitmap: 38 20
bitmap: 38 20
bitmap: 36 20
bitmap: 14 38
bitmap: 38 18
bitmap: 38 22
bitmap: 36 22
bitmap: 38 20
bitmap: 36 18
bitmap: 38 18
bitmap: 38 20
bitmap: 38 22
bitmap: 38 20
bitmap: 38 20
bitmap: 36 22
bitmap: 40 20
bitmap: 38 22
bitmap: 38 20
bitmap: 36 20
bitmap: 36 22
bitmap: 38 22
bitmap: 38 22
bitmap: 38 20
bitmap: 38 22
bitmap: 38 22
bitmap: 42 20
bitmap: 36 20
bitmap: 36 18
bitmap: 36 20
bitmap: 38 22
bitmap: 40 18
bitmap: 36 24
bitmap: 36 20
bitmap: 14 42
bitmap: 38 22
bitmap: 38 18
bitmap: 36 22
bitmap: 36 22
bitmap: 40 20
bitmap: 36 20
bitmap: 38 16
bitmap: 38 20
bitmap: 36 22
bitmap: 38 18
bitmap: 38 18
bitmap: 38 26
bitmap: 36 22
bitmap: 38 18
bitmap: 14 16
bitmap: 40 20
bitmap: 38 18
bitmap: 40 20
bitmap: 38 20
bitmap: 38 20
bitmap: 40 20
bitmap: 36 20
bitmap: 38 20
bitmap: 36 22
bitmap: 36 22
bitmap: 40 22
bitmap: 36 20
bitmap: 36 18
bitmap: 38 22
bitmap: 38 22
bitmap: 38 22
bitmap: 14 36
bitmap: 42 22
bitmap: 36 20
bitmap: 38 20
bitmap: 38 20
bitmap: 38 48
bitmap: 38 24
bitmap: 38 20
bitmap: 38 22
bitmap: 16 22
bitmap: 38 22
bitmap: 38 22
bitmap: 38 18
bitmap: 36 22
bitmap: 36 22
bitmap: 38 22
bitmap: 40 18
bitmap: 36 20
bitmap: 38 22
bitmap: 36 20
bitmap: 40 18
bitmap: 38 20
bitmap: 36 20
bitmap: 38 20
bitmap: 38 20
bitmap: 36 20
bitmap: 36 22
bitmap: 36 22
bitmap: 38 18
bitmap: 38 22
bitmap: 38 18
bitmap: 38 22
bitmap: 14 38
bitmap: 38 22
bitmap: 42 20
bitmap: 38 22
bitmap: 38 22
bitmap: 36 24
bitmap: 38 18
bitmap: 38 22
bitmap: 38 18
bitmap: 36 22
bitmap: 38 20
bitmap: 38 22
bitmap: 36 18
bitmap: 38 22
bitmap: 38 20
bitmap: 36 20
bitmap: 38 22
bitmap: 36 20
bitmap: 38 22
bitmap: 36 20
bitmap: 36 18
bitmap: 38 18
bitmap: 36 22
bitmap: 38 22
bitmap: 36 20
bitmap: 38 20
bitmap: 38 18
bitmap: 36 20
bitmap: 38 20
bitmap: 36 52
bitmap: 36 18
bitmap: 38 24
bitmap: 40 22
bitmap: 36 22
bitmap: 38 18
bitmap: 38 20
bitmap: 38 18
bitmap: 36 18
bitmap: 42 22
bitmap: 38 20
bitmap: 14 46
bitmap: 40 22
bitmap: 36 18
bitmap: 38 20
bitmap: 38 22
bitmap: 38 46
bitmap: 38 20
bitmap: 38 22
bitmap: 38 18
bitmap: 42 22
bitmap: 14 32
bitmap: 36 22
bitmap: 38 22
bitmap: 36 20
bitmap: 36 20
bitmap: 38 22
bitmap: 40 22
bitmap: 36 24
bitmap: 36 20
bitmap: 38 20
bitmap: 36 22
bitmap: 36 22
bitmap: 40 20
bitmap: 38 22
bitmap: 38 22
bitmap: 40 22
bitmap: 38 22
bitmap: 38 18
bitmap: 36 22
bitmap: 38 18
bitmap: 42 22
bitmap: 38 20
bitmap: 38 22
bitmap: 38 24
bitmap: 36 20
bitmap: 38 22
bitmap: 16 18
bitmap: 14 36
bitmap: 16 38
bitmap: 36 20
bitmap: 38 22
bitmap: 38 20
bitmap: 38 20
bitmap: 38 20
bitmap: 38 22
bitmap: 40 22
bitmap: 38 20
bitmap: 38 20
bitmap: 38 22
bitmap: 38 20
bitmap: 36 22
bitmap: 36 20
bitmap: 36 20
bitmap: 36 22
bitmap: 38 22
bitmap: 36 22
bitmap: 42 18
bitmap: 38 24
bitmap: 36 20
bitmap: 38 20
bitmap: 36 22
bitmap: 36 22
bitmap: 36 20
bitmap: 38 24
bitmap: 38 20
bitmap: 36 18
bitmap: 38 20
bitmap: 36 22
bitmap: 36 20
bitmap: 38 20
bitmap: 36 20
bitmap: 38 20
bitmap: 36 22
bitmap: 38 20
bitmap: 38 20
bitmap: 38 24
bitmap: 38 18
bitmap: 38 22
bitmap: 36 24
bitmap: 18 30
bitmap: 36 20
bitmap: 38 22
bitmap: 38 20
bitmap: 36 22
bitmap: 38 20
bitmap: 42 20
bitmap: 16 38
bitmap: 36 20
bitmap: 14 36
bitmap: 38 18
bitmap: 38 20
bitmap: 38 22
bitmap: 38 18
bitmap: 44 22
bitmap: 38 24
bitmap: 38 18
bitmap: 36 20
bitmap: 38 20
bitmap: 36 24
bitmap: 42 20
bitmap: 36 20
bitmap: 36 20
bitmap: 38 18
bitmap: 40 22
bitmap: 38 22
bitmap: 40 18
bitmap: 36 18
bitmap: 16 38
bitmap: 42 20
bitmap: 36 20
bitmap: 36 20
bitmap: 38 24
bitmap: 36 20
bitmap: 38 20
bitmap: 38 18
bitmap: 36 22
bitmap: 38 18
bitmap: 38 50
bitmap: 14 20
bitmap: 36 20
bitmap: 18 36
bitmap: 36 22
bitmap: 36 20
bitmap: 36 20
bitmap: 36 20
bitmap: 38 20
bitmap: 36 20
bitmap: 38 24
bitmap: 38 20
bitmap: 14 36
bitmap: 38 22
bitmap: 36 22
bitmap: 38 22
bitmap: 38 18
bitmap: 12 36
bitmap: 38 24
bitmap: 38 24
bitmap: 42 20
bitmap: 36 18
bitmap: 14 40
bitmap: 36 18
bitmap: 38 22
bitmap: 42 20
bitmap: 36 22
bitmap: 42 20
bitmap: 38 20
bitmap: 40 22
bitmap: 38 24
bitmap: 36 20
bitmap: 40 22
bitmap: 42 22
bitmap: 38 22
bitmap: 18 40
bitmap: 40 24
bitmap: 38 24
bitmap: 40 24
bitmap: 36 22
bitmap: 38 50
bitmap: 36 18
bitmap: 38 22
bitmap: 38 22
bitmap: 38 20
bitmap: 36 20
bitmap: 40 22
bitmap: 38 20
bitmap: 36 50
bitmap: 42 22
bitmap: 38 20
bitmap: 38 18
bitmap: 38 20
bitmap: 36 18
bitmap: 16 30
bitmap: 38 20
bitmap: 38 18
bitmap: 36 22
bitmap: 36 22
bitmap: 36 20
bitmap: 36 20
bitmap: 38 20
bitmap: 38 20
bitmap: 42 20
bitmap: 42 22
bitmap: 38 18
bitmap: 38 20
bitmap: 14 36
bitmap: 36 20
bitmap: 38 24
bitmap: 38 22
bitmap: 36 20
bitmap: 38 22
bitmap: 38 22
bitmap: 38 20
bitmap: 36 22
bitmap: 36 20
bitmap: 42 22
bitmap: 36 22
bitmap: 38 20
bitmap: 38 20
bitmap: 38 20
bitmap: 38 22
bitmap: 38 22
bitmap: 38 20
bitmap: 36 20
bitmap: 42 20
bitmap: 38 20
bitmap: 38 22
bitmap: 38 20
bitmap: 36 22
bitmap: 38 20
bitmap: 38 18
bitmap: 38 26
bitmap: 36 24
bitmap: 36 22
bitmap: 38 18
bitmap: 40 20
bitmap: 38 20
bitmap: 36 22
bitmap: 36 22
bitmap: 38 20
bitmap: 14 36
bitmap: 36 18
bitmap: 40 44
bitmap: 38 32
bitmap: 38 18
bitmap: 38 20
bitmap: 38 20
bitmap: 36 22
bitmap: 38 22
bitmap: 38 22
bitmap: 38 46
bitmap: 38 20
bitmap: 42 22
bitmap: 38 18
bitmap: 38 20
bitmap: 40 22
bitmap: 38 20
bitmap: 38 22
bitmap: 38 42
bitmap: 36 20
bitmap: 36 20
bitmap: 38 22
bitmap: 36 18
bitmap: 36 26
bitmap: 40 20
bitmap: 38 20
bitmap: 38 18
bitmap: 38 18
bitmap: 36 22
bitmap: 36 24
bitmap: 38 20
bitmap: 38 18
bitmap: 38 20
bitmap: 14 18
bitmap: 42 22
bitmap: 38 18
bitmap: 38 24
bitmap: 38 22
bitmap: 38 20
bitmap: 42 22
bitmap: 36 20
bitmap: 36 22
bitmap: 38 24
bitmap: 38 18
bitmap: 38 22
bitmap: 36 22
bitmap: 42 22
bitmap: 38 22
bitmap: 38 20
bitmap: 38 22
bitmap: 36 20
bitmap: 38 22
bitmap: 38 20
bitmap: 40 22
bitmap: 38 22
bitmap: 38 22
bitmap: 38 22
bitmap: 38 20
bitmap: 38 20
bitmap: 38 20
bitmap: 38 20
bitmap: 42 22
bitmap: 36 20
bitmap: 38 22
bitmap: 36 22
bitmap: 36 22
bitmap: 18 42
bitmap: 38 20
bitmap: 36 20
bitmap: 38 20
bitmap: 38 26
bitmap: 40 22
bitmap: 38 22
bitmap: 36 22
bitmap: 36 22
bitmap: 38 20
bitmap: 38 20
bitmap: 38 22
bitmap: 38 22
bitmap: 38 20
bitmap: 16 30
bitmap: 38 22
bitmap: 38 20
bitmap: 40 24
bitmap: 38 22
bitmap: 40 22
bitmap: 36 20
bitmap: 36 24
bitmap: 18 38
bitmap: 38 18
bitmap: 38 22
bitmap: 36 20
bitmap: 38 18
bitmap: 14 36
bitmap: 36 20
bitmap: 38 24
bitmap: 36 22
bitmap: 36 20
bitmap: 38 22
bitmap: 38 22
bitmap: 38 20
bitmap: 36 22
bitmap: 38 20
bitmap: 38 18
bitmap: 38 20
bitmap: 40 18
bitmap: 36 22
bitmap: 38 18
bitmap: 38 20
bitmap: 38 22
bitmap: 38 20
bitmap: 36 22
bitmap: 38 20
bitmap: 38 20
bitmap: 38 22
bitmap: 36 22
bitmap: 40 24
bitmap: 38 20
bitmap: 42 22
bitmap: 38 20
bitmap: 36 22
bitmap: 38 20
bitmap: 36 20
bitmap: 38 20
bitmap: 38 20
bitmap: 14 40
bitmap: 38 22
bitmap: 36 20
bitmap: 38 18
bitmap: 38 22
bitmap: 38 20
bitmap: 36 20
bitmap: 38 22
bitmap: 36 20
bitmap: 38 18
bitmap: 36 20
bitmap: 36 22
bitmap: 40 20
bitmap: 40 22
bitmap: 36 20
bitmap: 38 20
bitmap: 36 22
bitmap: 40 18
bitmap: 38 20
bitmap: 38 20
bitmap: 38 22
bitmap: 38 22
bitmap: 38 18
bitmap: 36 22
bitmap: 40 20
bitmap: 36 18
bitmap: 38 24
bitmap: 40 22
bitmap: 38 22
bitmap: 36 22
bitmap: 36 22
bitmap: 40 20
bitmap: 16 40
bitmap: 38 20
bitmap: 38 18
bitmap: 38 20
bitmap: 38 18
bitmap: 38 22
bitmap: 36 22
bitmap: 36 22
bitmap: 36 22
bitmap: 38 24
bitmap: 36 22
bitmap: 38 20
bitmap: 36 20
bitmap: 38 24
bitmap: 36 18
bitmap: 36 22
bitmap: 38 20
bitmap: 38 22
bitmap: 36 18
bitmap: 18 32
bitmap: 36 22
bitmap: 38 20
bitmap: 38 18
bitmap: 38 20
bitmap: 36 20
bitmap: 38 22
bitmap: 40 22
bitmap: 14 36
bitmap: 36 22
bitmap: 36 22
bitmap: 38 22
bitmap: 38 20
bitmap: 42 22
bitmap: 38 20
bitmap: 36 20
bitmap: 38 20
bitmap: 42 20
bitmap: 36 22
bitmap: 38 20
bitmap: 38 18
bitmap: 42 22
bitmap: 16 38
bitmap: 36 20
bitmap: 38 22
bitmap: 42 22
bitmap: 38 50
bitmap: 36 22
bitmap: 38 22
bitmap: 38 24
bitmap: 38 24
bitmap: 36 20
bitmap: 16 38
bitmap: 36 24
bitmap: 36 26
bitmap: 38 18
bitmap: 36 20
bitmap: 36 26
bitmap: 38 22
bitmap: 16 38
bitmap: 36 24
bitmap: 38 20
bitmap: 38 20
bitmap: 36 22
bitmap: 36 22
bitmap: 38 22
bitmap: 38 20
bitmap: 38 22
bitmap: 36 22
bitmap: 38 20
bitmap: 16 38
bitmap: 36 20
bitmap: 36 24
bitmap: 36 20
bitmap: 38 22
bitmap: 36 22
bitmap: 36 18
bitmap: 42 20
bitmap: 38 24
bitmap: 38 18
bitmap: 36 20
bitmap: 38 22
bitmap: 38 22
bitmap: 36 22
bitmap: 38 22
bitmap: 36 26
bitmap: 38 22
bitmap: 36 20
bitmap: 36 18
bitmap: 36 20
bitmap: 42 22
bitmap: 36 24
bitmap: 38 20
bitmap: 36 22
bitmap: 38 18
bitmap: 38 22
bitmap: 38 22
bitmap: 14 40
bitmap: 36 22
bitmap: 38 24
bitmap: 38 24
bitmap: 36 20
bitmap: 16 44
bitmap: 36 24
bitmap: 36 22
bitmap: 36 24
bitmap: 38 26
bitmap: 38 20
bitmap: 38 22
bitmap: 38 20
bitmap: 40 18
bitmap: 36 20
bitmap: 38 20
bitmap: 36 22
bitmap: 38 22
bitmap: 38 20
bitmap: 38 20
bitmap: 38 22
bitmap: 42 20
bitmap: 42 20
bitmap: 42 22
bitmap: 38 20
bitmap: 42 22
bitmap: 36 22
bitmap: 40 18
bitmap: 38 22
bitmap: 38 20
bitmap: 38 20
bitmap: 38 20
bitmap: 40 22
bitmap: 38 22
bitmap: 36 18
bitmap: 36 18
bitmap: 40 18
bitmap: 38 24
bitmap: 36 18
bitmap: 36 22
bitmap: 36 20
bitmap: 38 22
bitmap: 36 20
bitmap: 36 22
bitmap: 36 22
bitmap: 40 22
bitmap: 38 22
bitmap: 36 20
bitmap: 36 20
bitmap: 40 18
bitmap: 38 22
bitmap: 40 20
bitmap: 38 20
bitmap: 36 24
bitmap: 38 18
bitmap: 36 22
bitmap: 36 22
bitmap: 38 20
bitmap: 40 20
bitmap: 36 20
bitmap: 38 20
bitmap: 36 20
bitmap: 38 20
bitmap: 36 24
bitmap: 14 22
bitmap: 36 20
bitmap: 38 20
bitmap: 36 20
bitmap: 36 20
bitmap: 38 22
bitmap: 38 18
bitmap: 42 24
bitmap: 38 22
bitmap: 38 18
bitmap: 36 22
bitmap: 38 18
bitmap: 38 22
bitmap: 38 22
bitmap: 36 22
bitmap: 36 22
bitmap: 38 22
bitmap: 38 20
bitmap: 38 24
bitmap: 36 22
bitmap: 38 22
bitmap: 42 20
bitmap: 36 20
bitmap: 38 20
bitmap: 38 22
bitmap: 38 22
bitmap: 36 18
bitmap: 38 22
bitmap: 38 24
bitmap: 38 22
bitmap: 38 18
bitmap: 38 22
bitmap: 40 20
bitmap: 36 24
bitmap: 36 24
bitmap: 36 20
bitmap: 38 22
bitmap: 36 20
bitmap: 38 18
bitmap: 38 20
bitmap: 40 22
bitmap: 36 22
bitmap: 36 20
bitmap: 38 22
bitmap: 38 22
bitmap: 38 20
bitmap: 38 20
bitmap: 36 22
bitmap: 38 20
bitmap: 36 22
bitmap: 36 24
bitmap: 36 24
bitmap: 36 22
bitmap: 38 22
bitmap: 38 22
bitmap: 42 22
bitmap: 36 22
bitmap: 36 24
bitmap: 36 22
bitmap: 36 24
bitmap: 38 22
bitmap: 38 20
bitmap: 38 22
bitmap: 38 20
bitmap: 40 22
bitmap: 36 22
bitmap: 36 18
bitmap: 42 22
bitmap: 36 18
bitmap: 38 20
bitmap: 40 20
bitmap: 42 22
bitmap: 36 20
