rbtree: 244 82
rbtree: 30 156
rbtree: 118 98
rbtree: 28 72
rbtree: 92 52
rbtree: 14 56
rbtree: 40 22
rbtree: 16 22
rbtree: 22 20
rbtree: 16 22
rbtree: 18 22
rbtree: 14 22
rbtree: 18 20
rbtree: 16 22
rbtree: 18 22
rbtree: 14 22
rbtree: 18 22
rbtree: 16 22
rbtree: 16 24
rbtree: 14 22
rbtree: 18 22
rbtree: 16 22
rbtree: 18 22
rbtree: 16 20
rbtree: 16 20
rbtree: 16 24
rbtree: 18 22
rbtree: 16 22
rbtree: 18 22
rbtree: 14 20
rbtree: 20 24
rbtree: 16 22
rbtree: 18 22
rbtree: 16 22
rbtree: 18 22
rbtree: 16 20
rbtree: 18 22
rbtree: 16 20
rbtree: 20 24
rbtree: 14 22
rbtree: 20 22
rbtree: 14 22
rbtree: 20 24
rbtree: 14 20
rbtree: 20 22
rbtree: 14 22
rbtree: 20 24
rbtree: 14 22
rbtree: 20 22
rbtree: 16 22
rbtree: 20 24
rbtree: 16 24
rbtree: 20 26
rbtree: 14 22
rbtree: 18 20
rbtree: 16 20
rbtree: 20 20
rbtree: 16 22
rbtree: 16 22
rbtree: 16 20
rbtree: 18 20
rbtree: 14 22
rbtree: 20 22
rbtree: 16 22
rbtree: 18 20
rbtree: 16 20
rbtree: 20 20
rbtree: 16 20
rbtree: 16 22
rbtree: 16 20
rbtree: 16 20
rbtree: 14 22
rbtree: 18 20
rbtree: 16 20
rbtree: 16 20
rbtree: 14 22
rbtree: 18 22
rbtree: 16 20
rbtree: 18 20
rbtree: 14 22
rbtree: 18 22
rbtree: 14 22
rbtree: 18 22
rbtree: 16 20
rbtree: 20 20
rbtree: 14 22
rbtree: 16 20
rbtree: 16 22
rbtree: 18 20
rbtree: 16 22
rbtree: 16 20
rbtree: 14 22
rbtree: 16 20
rbtree: 14 20
rbtree: 18 22
rbtree: 14 20
rbtree: 20 22
rbtree: 14 20
rbtree: 20 22
rbtree: 14 20
rbtree: 18 20
rbtree: 14 20
rbtree: 20 20
rbtree: 16 22
rbtree: 18 22
rbtree: 16 20
rbtree: 16 20
rbtree: 14 22
rbtree: 16 22
rbtree: 14 20
rbtree: 20 20
rbtree: 14 20
rbtree: 18 20
rbtree: 16 20
rbtree: 18 20
rbtree: 16 22
rbtree: 18 20
rbtree: 14 20
rbtree: 16 22
rbtree: 16 22
rbtree: 20 22
rbtree: 14 22
rbtree: 16 22
rbtree: 14 22
rbtree: 18 22
rbtree: 14 20
rbtree: 18 22
rbtree: 16 22
rbtree: 18 22
rbtree: 16 20
rbtree: 18 22
rbtree: 14 22
rbtree: 18 22
rbtree: 14 20
rbtree: 18 22
rbtree: 16 20
rbtree: 18 22
rbtree: 14 22
rbtree: 18 22
rbtree: 16 22
rbtree: 16 20
rbtree: 14 22
rbtree: 18 22
rbtree: 14 22
rbtree: 18 20
rbtree: 16 20
rbtree: 18 22
rbtree: 14 18
rbtree: 14 20
rbtree: 16 20
rbtree: 18 20
rbtree: 14 22
rbtree: 16 22
rbtree: 16 20
rbtree: 18 20
rbtree: 14 22
rbtree: 18 22
rbtree: 14 20
rbtree: 20 20
rbtree: 16 20
rbtree: 16 22
rbtree: 14 22
rbtree: 16 22
rbtree: 16 20
rbtree: 18 20
rbtree: 14 22
rbtree: 18 22
rbtree: 16 22
rbtree: 18 20
rbtree: 14 20
rbtree: 18 22
rbtree: 16 22
rbtree: 18 22
rbtree: 14 20
rbtree: 18 20
rbtree: 14 22
rbtree: 20 22
rbtree: 16 22
rbtree: 20 22
rbtree: 16 22
rbtree: 16 20
rbtree: 16 22
rbtree: 16 22
rbtree: 16 20
rbtree: 18 22
rbtree: 16 22
rbtree: 18 22
rbtree: 14 22
rbtree: 16 22
rbtree: 14 20
rbtree: 20 22
rbtree: 14 22
rbtree: 20 20
rbtree: 16 22
rbtree: 16 20
rbtree: 16 20
rbtree: 16 22
rbtree: 14 22
rbtree: 16 20
rbtree: 14 22
rbtree: 20 20
rbtree: 14 20
rbtree: 18 22
rbtree: 14 22
rbtree: 18 22
rbtree: 16 20
rbtree: 18 20
rbtree: 16 22
rbtree: 18 20
rbtree: 16 22
rbtree: 16 20
rbtree: 14 22
rbtree: 18 22
rbtree: 16 20
rbtree: 16 22
rbtree: 14 22
rbtree: 18 22
rbtree: 16 22
rbtree: 18 20
rbtree: 14 20
rbtree: 18 22
rbtree: 16 22
rbtree: 18 22
rbtree: 14 20
rbtree: 18 20
rbtree: 14 22
rbtree: 18 22
rbtree: 14 20
rbtree: 18 22
rbtree: 16 22
rbtree: 18 20
rbtree: 16 20
rbtree: 16 20
rbtree: 14 22
rbtree: 20 22
rbtree: 16 22
rbtree: 16 20
rbtree: 22 22
rbtree: 16 20
rbtree: 14 22
rbtree: 18 22
rbtree: 14 22
rbtree: 18 22
rbtree: 16 22
rbtree: 18 20
rbtree: 16 20
rbtree: 18 20
rbtree: 14 22
rbtree: 16 22
rbtree: 14 22
rbtree: 20 20
rbtree: 14 20
rbtree: 18 22
rbtree: 16 20
rbtree: 18 22
rbtree: 14 22
rbtree: 18 22
rbtree: 14 22
rbtree: 18 20
rbtree: 14 20
rbtree: 18 22
rbtree: 14 22
rbtree: 18 22
rbtree: 16 22
rbtree: 16 20
rbtree: 14 22
rbtree: 16 22
rbtree: 14 22
rbtree: 16 22
rbtree: 14 20
rbtree: 18 22
rbtree: 14 22
rbtree: 20 20
rbtree: 14 24
rbtree: 18 22
rbtree: 14 20
rbtree: 18 20
rbtree: 16 20
rbtree: 16 22
rbtree: 16 20
rbtree: 14 20
rbtree: 16 22
rbtree: 18 22
rbtree: 14 22
rbtree: 18 20
rbtree: 14 22
rbtree: 18 22
rbtree: 14 22
rbtree: 18 22
rbtree: 14 20
rbtree: 16 20
rbtree: 16 22
rbtree: 18 20
rbtree: 16 20
rbtree: 18 22
rbtree: 14 22
rbtree: 20 22
rbtree: 16 20
rbtree: 22 22
rbtree: 14 20
rbtree: 16 22
rbtree: 16 20
rbtree: 16 20
rbtree: 14 22
rbtree: 18 22
rbtree: 16 20
rbtree: 18 20
rbtree: 14 22
rbtree: 18 20
rbtree: 14 22
rbtree: 18 22
rbtree: 16 20
rbtree: 16 22
rbtree: 14 22
rbtree: 18 22
rbtree: 16 22
rbtree: 18 20
rbtree: 16 22
rbtree: 18 22
rbtree: 16 20
rbtree: 18 22
rbtree: 14 22
rbtree: 18 22
rbtree: 16 20
rbtree: 20 20
rbtree: 16 20
rbtree: 20 20
rbtree: 16 20
rbtree: 16 22
rbtree: 16 22
rbtree: 16 20
rbtree: 16 20
rbtree: 18 22
rbtree: 14 22
rbtree: 18 22
rbtree: 16 22
rbtree: 16 20
rbtree: 16 22
rbtree: 18 22
rbtree: 16 22
rbtree: 18 20
rbtree: 16 20
rbtree: 18 22
rbtree: 14 22
rbtree: 20 22
rbtree: 16 20
rbtree: 22 22
rbtree: 16 22
rbtree: 18 22
rbtree: 14 22
rbtree: 18 20
rbtree: 16 22
rbtree: 18 20
rbtree: 14 22
rbtree: 16 22
rbtree: 16 22
rbtree: 18 20
rbtree: 14 20
rbtree: 18 22
rbtree: 14 22
rbtree: 18 22
rbtree: 14 22
rbtree: 18 20
rbtree: 16 20
rbtree: 18 22
rbtree: 14 22
rbtree: 20 20
rbtree: 16 20
rbtree: 16 20
rbtree: 14 20
rbtree: 16 20
rbtree: 16 20
rbtree: 18 24
rbtree: 16 22
rbtree: 18 22
rbtree: 16 22
rbtree: 18 20
rbtree: 14 20
rbtree: 18 20
rbtree: 16 22
rbtree: 16 22
rbtree: 14 20
rbtree: 16 20
rbtree: 16 22
rbtree: 18 22
rbtree: 16 20
rbtree: 18 20
rbtree: 14 22
rbtree: 18 22
rbtree: 14 20
rbtree: 18 20
rbtree: 14 22
rbtree: 16 22
rbtree: 14 22
rbtree: 16 22
rbtree: 14 22
rbtree: 20 22
rbtree: 16 20
rbtree: 20 20
rbtree: 14 20
rbtree: 18 22
rbtree: 14 20
rbtree: 18 20
rbtree: 16 20
rbtree: 16 22
rbtree: 16 22
rbtree: 18 20
rbtree: 16 20
rbtree: 18 22
rbtree: 14 22
rbtree: 18 20
rbtree: 16 20
rbtree: 18 20
rbtree: 16 22
rbtree: 18 22
rbtree: 14 22
rbtree: 16 20
rbtree: 18 20
rbtree: 18 22
rbtree: 14 22
rbtree: 16 22
rbtree: 16 20
rbtree: 16 22
rbtree: 14 22
rbtree: 18 22
rbtree: 14 22
rbtree: 18 22
rbtree: 14 20
rbtree: 18 20
rbtree: 16 22
rbtree: 18 22
rbtree: 16 20
rbtree: 16 20
rbtree: 16 22
rbtree: 18 20
rbtree: 16 24
rbtree: 18 20
rbtree: 16 20
rbtree: 16 20
rbtree: 14 22
rbtree: 18 22
rbtree: 14 20
rbtree: 18 20
rbtree: 14 20
rbtree: 18 22
rbtree: 14 20
rbtree: 18 22
rbtree: 16 22
rbtree: 20 22
rbtree: 16 22
rbtree: 18 20
rbtree: 14 24
rbtree: 18 22
rbtree: 16 20
rbtree: 18 20
rbtree: 14 20
rbtree: 18 22
rbtree: 14 20
rbtree: 16 20
rbtree: 16 20
rbtree: 16 22
rbtree: 16 22
rbtree: 14 20
rbtree: 16 20
rbtree: 20 22
rbtree: 16 22
rbtree: 20 22
rbtree: 16 20
rbtree: 16 20
rbtree: 14 20
rbtree: 18 22
rbtree: 14 20
rbtree: 18 20
rbtree: 16 20
rbtree: 18 22
rbtree: 14 22
rbtree: 18 22
rbtree: 14 20
rbtree: 18 22
rbtree: 14 22
rbtree: 16 20
rbtree: 16 20
rbtree: 16 22
rbtree: 14 20
rbtree: 16 22
rbtree: 16 20
rbtree: 18 22
rbtree: 16 22
rbtree: 18 22
rbtree: 16 22
rbtree: 18 20
rbtree: 16 22
rbtree: 18 22
rbtree: 14 22
rbtree: 18 20
rbtree: 14 22
rbtree: 18 22
rbtree: 14 22
rbtree: 18 22
rbtree: 14 20
rbtree: 16 20
rbtree: 16 22
rbtree: 18 20
rbtree: 16 20
rbtree: 18 22
rbtree: 14 22
rbtree: 20 20
rbtree: 16 20
rbtree: 16 20
rbtree: 14 20
rbtree: 16 20
rbtree: 16 20
rbtree: 18 22
rbtree: 14 22
rbtree: 18 22
rbtree: 14 22
rbtree: 18 20
rbtree: 16 20
rbtree: 18 22
rbtree: 14 22
rbtree: 18 22
rbtree: 14 22
rbtree: 18 22
rbtree: 14 20
rbtree: 16 20
rbtree: 14 22
rbtree: 20 20
rbtree: 14 24
rbtree: 18 22
rbtree: 16 20
rbtree: 16 20
rbtree: 16 20
rbtree: 18 22
rbtree: 14 22
rbtree: 18 20
rbtree: 16 20
rbtree: 18 20
rbtree: 14 22
rbtree: 18 20
rbtree: 16 20
rbtree: 16 20
rbtree: 16 20
rbtree: 18 22
rbtree: 16 22
rbtree: 16 20
rbtree: 16 20
rbtree: 16 22
rbtree: 14 22
rbtree: 18 22
rbtree: 14 20
rbtree: 18 20
rbtree: 16 20
rbtree: 18 22
rbtree: 16 22
rbtree: 18 22
rbtree: 14 22
rbtree: 16 22
rbtree: 16 20
rbtree: 18 20
rbtree: 14 20
rbtree: 16 22
rbtree: 16 20
rbtree: 16 22
rbtree: 16 20
rbtree: 18 22
rbtree: 16 22
rbtree: 18 20
rbtree: 16 20
rbtree: 20 22
rbtree: 14 22
rbtree: 20 22
rbtree: 16 22
rbtree: 20 20
rbtree: 14 20
rbtree: 18 22
rbtree: 14 20
rbtree: 18 20
rbtree: 16 20
rbtree: 20 22
rbtree: 16 22
rbtree: 18 22
rbtree: 14 22
rbtree: 18 22
rbtree: 16 20
rbtree: 18 20
rbtree: 16 20
rbtree: 16 22
rbtree: 16 22
rbtree: 18 20
rbtree: 16 20
rbtree: 18 20
rbtree: 16 22
rbtree: 16 22
rbtree: 16 20
rbtree: 18 22
rbtree: 16 22
rbtree: 18 22
rbtree: 14 22
rbtree: 16 22
rbtree: 14 20
rbtree: 20 22
rbtree: 14 22
rbtree: 20 20
rbtree: 16 22
rbtree: 16 20
rbtree: 14 20
rbtree: 16 22
rbtree: 16 22
rbtree: 16 20
rbtree: 14 22
rbtree: 18 20
rbtree: 14 22
rbtree: 18 22
rbtree: 14 22
rbtree: 18 20
rbtree: 14 22
rbtree: 18 22
rbtree: 14 22
rbtree: 18 22
rbtree: 14 20
rbtree: 16 20
rbtree: 16 22
rbtree: 18 20
rbtree: 16 20
rbtree: 18 22
rbtree: 14 22
rbtree: 20 20
rbtree: 16 20
rbtree: 16 20
rbtree: 14 20
rbtree: 18 22
rbtree: 14 22
rbtree: 18 22
rbtree: 14 20
rbtree: 16 20
rbtree: 14 22
rbtree: 18 22
rbtree: 16 20
rbtree: 20 20
rbtree: 14 20
rbtree: 16 22
rbtree: 14 22
rbtree: 18 22
rbtree: 14 22
rbtree: 16 20
rbtree: 16 20
rbtree: 16 20
rbtree: 14 22
rbtree: 18 20
rbtree: 14 22
rbtree: 16 20
rbtree: 14 22
rbtree: 18 22
rbtree: 14 22
rbtree: 16 22
rbtree: 14 22
rbtree: 20 24
rbtree: 16 22
rbtree: 18 20
rbtree: 16 20
rbtree: 18 22
rbtree: 14 22
rbtree: 18 20
rbtree: 16 20
rbtree: 16 22
rbtree: 16 22
rbtree: 18 20
rbtree: 16 22
rbtree: 16 22
rbtree: 14 22
rbtree: 16 22
rbtree: 14 22
rbtree: 18 22
rbtree: 14 22
rbtree: 16 20
rbtree: 16 22
rbtree: 16 20
rbtree: 14 22
rbtree: 18 20
rbtree: 16 24
rbtree: 18 22
rbtree: 16 20
rbtree: 18 22
rbtree: 14 22
rbtree: 20 22
rbtree: 16 20
rbtree: 16 20
rbtree: 14 20
rbtree: 16 22
rbtree: 14 22
rbtree: 18 22
rbtree: 16 20
rbtree: 18 22
rbtree: 14 22
rbtree: 20 22
rbtree: 16 20
rbtree: 18 20
rbtree: 14 20
rbtree: 16 22
rbtree: 16 22
rbtree: 18 20
rbtree: 16 20
rbtree: 16 20
rbtree: 16 22
rbtree: 18 20
rbtree: 16 20
rbtree: 20 22
rbtree: 16 22
rbtree: 18 20
rbtree: 16 20
rbtree: 16 22
rbtree: 14 20
rbtree: 16 22
rbtree: 14 22
rbtree: 18 22
rbtree: 14 20
rbtree: 20 22
rbtree: 14 22
rbtree: 20 22
rbtree: 14 20
rbtree: 16 20
rbtree: 14 20
rbtree: 16 22
rbtree: 14 22
rbtree: 18 20
rbtree: 16 20
rbtree: 18 22
rbtree: 14 22
rbtree: 20 18
rbtree: 14 20
rbtree: 18 22
rbtree: 14 22
rbtree: 16 22
rbtree: 14 20
rbtree: 18 22
rbtree: 14 22
rbtree: 20 22
rbtree: 16 20
rbtree: 16 22
rbtree: 16 22
rbtree: 16 22
rbtree: 16 22
rbtree: 18 20
rbtree: 14 22
rbtree: 18 22
rbtree: 14 22
rbtree: 18 22
rbtree: 14 20
rbtree: 18 22
rbtree: 22 20
rbtree: 18 22
rbtree: 16 20
rbtree: 18 22
rbtree: 14 20
rbtree: 20 20
rbtree: 16 22
rbtree: 20 22
rbtree: 16 20
rbtree: 20 22
rbtree: 16 22
rbtree: 16 20
rbtree: 16 22
rbtree: 18 22
rbtree: 14 20
rbtree: 18 20
rbtree: 16 20
rbtree: 18 22
rbtree: 14 22
rbtree: 16 20
rbtree: 14 22
rbtree: 16 20
rbtree: 16 22
rbtree: 18 22
rbtree: 14 20
rbtree: 18 20
rbtree: 16 20
rbtree: 16 22
rbtree: 14 22
rbtree: 16 22
rbtree: 14 20
rbtree: 18 22
rbtree: 14 22
rbtree: 20 22
rbtree: 14 22
rbtree: 18 22
rbtree: 14 22
rbtree: 18 22
rbtree: 16 22
rbtree: 20 20
rbtree: 16 22
rbtree: 18 20
rbtree: 14 22
rbtree: 18 22
rbtree: 14 22
rbtree: 18 20
rbtree: 14 20
rbtree: 18 22
rbtree: 16 20
rbtree: 18 20
rbtree: 16 20
rbtree: 16 20
rbtree: 14 22
rbtree: 20 22
rbtree: 16 22
rbtree: 16 20
rbtree: 16 20
rbtree: 16 20
rbtree: 14 22
rbtree: 18 22
rbtree: 16 22
rbtree: 18 20
rbtree: 14 22
rbtree: 18 22
rbtree: 14 22
rbtree: 18 20
rbtree: 16 20
rbtree: 16 22
rbtree: 14 22
rbtree: 18 22
rbtree: 16 22
rbtree: 18 20
rbtree: 16 20
rbtree: 20 22
rbtree: 14 22
rbtree: 20 20
rbtree: 16 20
rbtree: 16 20
rbtree: 16 22
rbtree: 18 20
rbtree: 16 22
rbtree: 16 20
rbtree: 16 20
rbtree: 16 20
rbtree: 14 22
rbtree: 16 22
rbtree: 16 22
rbtree: 14 20
rbtree: 16 22
rbtree: 16 22
rbtree: 16 22
rbtree: 18 20
rbtree: 14 20
rbtree: 18 22
rbtree: 14 22
rbtree: 20 22
rbtree: 16 22
rbtree: 16 20
rbtree: 16 20
rbtree: 16 22
rbtree: 16 22
rbtree: 16 22
rbtree: 14 22
rbtree: 18 20
rbtree: 16 22
rbtree: 18 22
rbtree: 14 22
rbtree: 18 20
rbtree: 16 20
rbtree: 18 22
rbtree: 16 22
rbtree: 18 20
rbtree: 16 20
rbtree: 18 22
rbtree: 14 22
rbtree: 18 22
rbtree: 14 22
rbtree: 18 20
rbtree: 16 46
rbtree: 20 20
rbtree: 14 20
rbtree: 18 22
rbtree: 14 22
rbtree: 18 22
rbtree: 16 20
rbtree: 18 20
rbtree: 14 20
rbtree: 20 22
rbtree: 14 20
rbtree: 16 22
rbtree: 16 20
rbtree: 18 20
rbtree: 14 22
rbtree: 16 22
rbtree: 16 20
rbtree: 18 20
rbtree: 14 22
rbtree: 16 22
rbtree: 16 20
rbtree: 16 20
rbtree: 16 20
rbtree: 16 20
rbtree: 14 22
rbtree: 16 22
rbtree: 16 22
rbtree: 18 20
rbtree: 16 20
rbtree: 18 20
rbtree: 16 22
rbtree: 18 20
rbtree: 14 20
rbtree: 18 22
rbtree: 16 22
rbtree: 16 22
rbtree: 14 20
rbtree: 20 22
rbtree: 14 22
rbtree: 18 22
rbtree: 16 20
rbtree: 18 22
rbtree: 14 22
rbtree: 18 22
rbtree: 14 22
rbtree: 18 22
rbtree: 14 20
rbtree: 20 22
rbtree: 14 22
rbtree: 20 22
rbtree: 16 22
rbtree: 18 20
rbtree: 16 20
rbtree: 18 22
rbtree: 16 20
rbtree: 16 20
rbtree: 16 20
rbtree: 16 22
rbtree: 14 20
rbtree: 18 22
rbtree: 14 22
rbtree: 18 20
rbtree: 16 22
rbtree: 18 20
rbtree: 16 20
rbtree: 18 20
rbtree: 14 22
rbtree: 18 22
rbtree: 16 20
rbtree: 16 20
rbtree: 14 20
rbtree: 18 22
rbtree: 14 22
rbtree: 20 22
rbtree: 14 20
rbtree: 16 20
rbtree: 16 22
rbtree: 18 20
rbtree: 14 22
rbtree: 20 20
rbtree: 14 20
rbtree: 16 22
rbtree: 14 22
rbtree: 18 20
rbtree: 16 20
rbtree: 18 20
rbtree: 16 20
rbtree: 18 20
rbtree: 16 22
rbtree: 16 22
rbtree: 14 22
rbtree: 18 22
rbtree: 16 20
rbtree: 20 22
rbtree: 14 20
rbtree: 16 22
rbtree: 16 20
rbtree: 16 20
rbtree: 14 20
rbtree: 16 22
rbtree: 16 18
rbtree: 18 20
rbtree: 16 20
rbtree: 18 20
rbtree: 14 22
rbtree: 16 22
rbtree: 14 18
rbtree: 18 22
rbtree: 16 22
rbtree: 18 20
rbtree: 14 20
rbtree: 18 20
rbtree: 16 20
rbtree: 18 22
rbtree: 14 18
rbtree: 18 20
rbtree: 16 22
rbtree: 16 20
rbtree: 16 20
rbtree: 16 22
rbtree: 14 22
rbtree: 18 22
rbtree: 14 20
rbtree: 18 20
rbtree: 16 20
rbtree: 18 22
rbtree: 14 22
rbtree: 18 22
rbtree: 16 22
rbtree: 16 20
rbtree: 14 22
rbtree: 16 22
rbtree: 16 20
