rbtree: 120 186
rbtree: 136 174
rbtree: 84 108
rbtree: 32 124
rbtree: 86 68
rbtree: 30 112
rbtree: 124 26
rbtree: 24 114
rbtree: 46 32
rbtree: 82 130
rbtree: 24 82
rbtree: 74 118
rbtree: 26 66
rbtree: 54 124
rbtree: 52 68
rbtree: 26 90
rbtree: 104 68
rbtree: 28 140
rbtree: 102 28
rbtree: 28 70
rbtree: 26 28
rbtree: 118 94
rbtree: 24 80
rbtree: 62 102
rbtree: 26 68
rbtree: 30 116
rbtree: 16 82
rbtree: 62 88
rbtree: 16 28
rbtree: 90 126
rbtree: 24 72
rbtree: 82 90
rbtree: 36 72
rbtree: 16 122
rbtree: 90 28
rbtree: 26 74
rbtree: 48 30
rbtree: 18 80
rbtree: 42 26
rbtree: 20 76
rbtree: 66 28
rbtree: 32 126
rbtree: 24 64
rbtree: 64 74
rbtree: 24 30
rbtree: 66 118
rbtree: 24 74
rbtree: 30 82
rbtree: 24 72
rbtree: 50 120
rbtree: 30 74
rbtree: 40 92
rbtree: 24 74
rbtree: 28 104
rbtree: 30 66
rbtree: 86 94
rbtree: 64 72
rbtree: 16 160
rbtree: 52 74
rbtree: 32 94
rbtree: 30 30
rbtree: 60 102
rbtree: 28 34
rbtree: 48 90
rbtree: 28 32
rbtree: 26 84
rbtree: 54 32
rbtree: 58 92
rbtree: 30 74
rbtree: 94 100
rbtree: 14 72
rbtree: 50 94
rbtree: 30 76
rbtree: 32 144
rbtree: 26 68
rbtree: 36 94
rbtree: 32 68
rbtree: 62 100
rbtree: 24 68
rbtree: 48 80
rbtree: 66 74
rbtree: 30 84
rbtree: 64 32
rbtree: 26 78
rbtree: 34 32
rbtree: 26 86
rbtree: 64 32
rbtree: 26 80
rbtree: 98 32
rbtree: 30 132
rbtree: 26 88
rbtree: 58 110
rbtree: 26 76
rbtree: 80 120
rbtree: 14 74
rbtree: 32 86
rbtree: 88 72
rbtree: 26 126
rbtree: 64 70
rbtree: 30 78
rbtree: 42 30
rbtree: 26 50
rbtree: 52 32
rbtree: 32 80
rbtree: 62 30
rbtree: 38 116
rbtree: 40 88
rbtree: 26 110
rbtree: 64 88
rbtree: 32 100
rbtree: 40 34
rbtree: 38 84
rbtree: 90 72
rbtree: 30 96
rbtree: 16 70
rbtree: 24 80
rbtree: 40 70
rbtree: 28 84
rbtree: 38 32
rbtree: 32 80
rbtree: 46 30
rbtree: 32 96
rbtree: 24 36
rbtree: 34 44
rbtree: 44 72
rbtree: 22 86
rbtree: 18 72
rbtree: 24 48
rbtree: 52 32
rbtree: 30 94
rbtree: 22 32
rbtree: 16 78
rbtree: 42 66
rbtree: 22 84
rbtree: 20 70
rbtree: 22 78
rbtree: 22 32
rbtree: 32 52
rbtree: 32 72
rbtree: 24 44
rbtree: 42 72
rbtree: 26 86
rbtree: 20 70
rbtree: 22 80
rbtree: 30 30
rbtree: 32 96
rbtree: 22 30
rbtree: 32 80
rbtree: 42 30
rbtree: 20 90
rbtree: 16 30
rbtree: 20 76
rbtree: 24 30
rbtree: 20 54
rbtree: 20 32
rbtree: 22 42
rbtree: 40 36
rbtree: 24 90
rbtree: 24 68
rbtree: 22 82
rbtree: 32 30
rbtree: 18 92
rbtree: 22 32
rbtree: 20 80
rbtree: 40 30
rbtree: 18 86
rbtree: 24 28
rbtree: 22 78
rbtree: 24 32
rbtree: 18 52
rbtree: 20 32
rbtree: 18 40
rbtree: 38 34
rbtree: 18 90
rbtree: 22 30
rbtree: 20 80
rbtree: 34 30
rbtree: 18 94
rbtree: 22 30
rbtree: 20 86
rbtree: 42 32
rbtree: 18 88
rbtree: 22 30
rbtree: 20 80
rbtree: 24 28
rbtree: 20 98
rbtree: 22 36
rbtree: 20 42
rbtree: 40 32
rbtree: 22 92
rbtree: 22 34
rbtree: 24 84
rbtree: 28 32
rbtree: 18 94
rbtree: 22 30
rbtree: 20 78
rbtree: 42 30
rbtree: 20 84
rbtree: 22 30
rbtree: 20 78
rbtree: 26 32
rbtree: 18 94
rbtree: 22 34
rbtree: 20 40
rbtree: 38 34
rbtree: 22 90
rbtree: 24 32
rbtree: 24 84
rbtree: 28 32
rbtree: 18 96
rbtree: 22 32
rbtree: 18 78
rbtree: 42 32
rbtree: 18 86
rbtree: 24 30
rbtree: 20 76
rbtree: 26 30
rbtree: 20 96
rbtree: 22 34
rbtree: 20 44
rbtree: 38 36
rbtree: 22 92
rbtree: 20 36
rbtree: 24 84
rbtree: 28 32
rbtree: 20 96
rbtree: 22 30
rbtree: 20 78
rbtree: 42 30
rbtree: 20 86
rbtree: 24 28
rbtree: 22 80
rbtree: 24 32
rbtree: 20 96
rbtree: 22 34
rbtree: 20 40
rbtree: 38 36
rbtree: 30 90
rbtree: 22 34
rbtree: 24 82
rbtree: 28 32
rbtree: 24 96
rbtree: 22 30
rbtree: 20 80
rbtree: 42 32
rbtree: 18 84
rbtree: 24 28
rbtree: 18 78
rbtree: 24 32
rbtree: 18 94
rbtree: 24 32
rbtree: 20 42
rbtree: 40 32
rbtree: 20 90
rbtree: 22 34
rbtree: 20 84
rbtree: 60 30
rbtree: 18 90
rbtree: 22 32
rbtree: 18 76
rbtree: 44 32
rbtree: 20 84
rbtree: 22 32
rbtree: 20 78
rbtree: 24 30
rbtree: 20 94
rbtree: 22 34
rbtree: 20 44
rbtree: 38 34
rbtree: 20 92
rbtree: 22 32
rbtree: 22 84
rbtree: 56 30
rbtree: 20 94
rbtree: 22 30
rbtree: 20 78
rbtree: 42 32
rbtree: 20 86
rbtree: 22 30
rbtree: 20 80
rbtree: 24 30
rbtree: 18 98
rbtree: 24 34
rbtree: 22 42
rbtree: 38 34
rbtree: 22 92
rbtree: 20 32
rbtree: 20 84
rbtree: 54 32
rbtree: 20 90
rbtree: 24 30
rbtree: 18 78
rbtree: 42 32
rbtree: 20 86
rbtree: 22 30
rbtree: 20 78
rbtree: 24 30
rbtree: 20 100
rbtree: 22 34
rbtree: 20 42
rbtree: 40 34
rbtree: 22 90
rbtree: 24 34
rbtree: 20 82
rbtree: 54 32
rbtree: 20 94
rbtree: 24 32
rbtree: 18 78
rbtree: 42 32
rbtree: 20 88
rbtree: 24 32
rbtree: 18 76
rbtree: 24 30
rbtree: 20 94
rbtree: 22 34
rbtree: 20 40
rbtree: 38 34
rbtree: 22 92
rbtree: 22 36
rbtree: 22 80
rbtree: 50 30
rbtree: 18 92
rbtree: 22 30
rbtree: 20 80
rbtree: 40 32
rbtree: 20 84
rbtree: 24 38
rbtree: 20 78
rbtree: 24 32
rbtree: 18 94
rbtree: 22 36
rbtree: 22 42
rbtree: 40 32
rbtree: 20 90
rbtree: 22 34
rbtree: 20 84
rbtree: 54 30
rbtree: 22 92
rbtree: 24 30
rbtree: 18 80
rbtree: 42 32
rbtree: 24 86
rbtree: 24 30
rbtree: 20 78
rbtree: 24 30
rbtree: 20 94
rbtree: 24 34
rbtree: 22 42
rbtree: 40 32
rbtree: 22 90
rbtree: 22 36
rbtree: 20 82
rbtree: 54 30
rbtree: 20 94
rbtree: 22 30
rbtree: 20 80
rbtree: 42 30
rbtree: 18 88
rbtree: 22 30
rbtree: 20 78
rbtree: 24 32
rbtree: 20 96
rbtree: 24 34
rbtree: 22 42
rbtree: 40 32
rbtree: 22 90
rbtree: 22 32
rbtree: 20 84
rbtree: 54 36
rbtree: 18 94
rbtree: 24 32
rbtree: 20 78
rbtree: 42 32
rbtree: 20 86
rbtree: 22 30
rbtree: 20 78
rbtree: 24 32
rbtree: 20 94
rbtree: 24 32
rbtree: 20 42
rbtree: 38 34
rbtree: 20 90
rbtree: 22 34
rbtree: 20 80
rbtree: 50 34
rbtree: 20 94
rbtree: 24 32
rbtree: 20 78
rbtree: 42 32
rbtree: 18 86
rbtree: 22 30
rbtree: 20 80
rbtree: 24 32
rbtree: 20 94
rbtree: 22 34
rbtree: 18 40
rbtree: 38 34
rbtree: 22 92
rbtree: 22 34
rbtree: 22 80
rbtree: 52 30
rbtree: 20 94
rbtree: 22 30
rbtree: 18 76
rbtree: 42 34
rbtree: 18 86
rbtree: 24 38
rbtree: 18 76
rbtree: 26 32
rbtree: 18 98
rbtree: 24 34
rbtree: 20 42
rbtree: 40 32
rbtree: 22 90
rbtree: 22 36
rbtree: 20 82
rbtree: 50 32
rbtree: 20 92
rbtree: 24 30
rbtree: 20 78
rbtree: 42 32
rbtree: 18 84
rbtree: 22 30
rbtree: 22 78
rbtree: 22 30
rbtree: 18 100
rbtree: 24 32
rbtree: 20 42
rbtree: 40 32
rbtree: 20 84
rbtree: 22 32
rbtree: 20 80
rbtree: 50 32
rbtree: 18 94
rbtree: 22 34
rbtree: 20 80
rbtree: 42 30
rbtree: 18 84
rbtree: 22 30
rbtree: 22 80
rbtree: 24 32
rbtree: 22 96
rbtree: 22 36
rbtree: 20 42
rbtree: 38 32
rbtree: 20 90
rbtree: 22 34
rbtree: 22 84
rbtree: 54 30
rbtree: 22 94
rbtree: 22 30
rbtree: 20 80
rbtree: 42 32
rbtree: 20 84
rbtree: 24 32
rbtree: 24 80
rbtree: 24 30
rbtree: 20 98
rbtree: 24 34
rbtree: 20 44
rbtree: 44 34
rbtree: 22 86
rbtree: 24 36
rbtree: 22 42
rbtree: 54 30
rbtree: 18 92
rbtree: 20 32
rbtree: 18 76
rbtree: 42 32
rbtree: 20 88
rbtree: 22 36
rbtree: 18 76
rbtree: 24 32
rbtree: 20 94
rbtree: 22 34
rbtree: 20 42
rbtree: 38 36
rbtree: 22 92
rbtree: 22 36
rbtree: 22 84
rbtree: 50 28
rbtree: 20 94
rbtree: 22 30
rbtree: 20 80
rbtree: 42 28
rbtree: 18 84
rbtree: 24 30
rbtree: 18 78
rbtree: 24 30
rbtree: 20 96
rbtree: 22 36
rbtree: 22 42
rbtree: 42 34
rbtree: 24 92
rbtree: 22 34
rbtree: 20 84
rbtree: 52 32
rbtree: 20 94
rbtree: 22 32
rbtree: 20 80
rbtree: 42 30
rbtree: 18 84
rbtree: 22 36
rbtree: 18 78
rbtree: 24 30
rbtree: 18 94
rbtree: 24 34
rbtree: 20 42
rbtree: 40 34
rbtree: 20 90
rbtree: 22 34
rbtree: 24 84
rbtree: 54 32
rbtree: 18 90
rbtree: 22 30
rbtree: 20 78
rbtree: 42 32
rbtree: 18 86
rbtree: 22 30
rbtree: 20 78
rbtree: 22 30
rbtree: 20 94
rbtree: 22 36
rbtree: 20 42
rbtree: 38 34
rbtree: 24 90
rbtree: 24 36
rbtree: 20 80
rbtree: 50 30
rbtree: 20 94
rbtree: 24 30
rbtree: 18 78
rbtree: 42 30
rbtree: 20 86
rbtree: 22 32
rbtree: 20 80
rbtree: 24 32
rbtree: 20 96
rbtree: 22 36
rbtree: 20 42
rbtree: 38 34
rbtree: 26 90
rbtree: 24 32
rbtree: 20 82
rbtree: 54 32
rbtree: 20 94
rbtree: 22 30
rbtree: 20 80
rbtree: 42 32
rbtree: 18 84
rbtree: 22 32
rbtree: 18 76
rbtree: 24 32
rbtree: 20 100
rbtree: 24 32
rbtree: 20 42
rbtree: 40 34
rbtree: 20 90
rbtree: 22 34
rbtree: 20 84
rbtree: 58 32
rbtree: 20 94
rbtree: 22 32
rbtree: 20 78
rbtree: 42 32
rbtree: 20 86
rbtree: 22 32
rbtree: 18 80
rbtree: 22 32
rbtree: 18 94
rbtree: 22 34
rbtree: 22 42
rbtree: 40 34
rbtree: 16 88
rbtree: 22 34
rbtree: 24 82
rbtree: 52 32
rbtree: 20 92
rbtree: 22 30
rbtree: 18 82
rbtree: 42 32
rbtree: 20 88
rbtree: 22 30
rbtree: 20 78
rbtree: 24 30
rbtree: 20 94
rbtree: 24 36
rbtree: 20 40
rbtree: 38 36
rbtree: 22 92
rbtree: 24 32
rbtree: 22 84
rbtree: 54 30
rbtree: 20 94
rbtree: 22 30
rbtree: 20 80
rbtree: 42 32
rbtree: 20 84
rbtree: 24 28
rbtree: 18 78
rbtree: 24 30
rbtree: 18 94
rbtree: 24 34
rbtree: 22 42
rbtree: 38 34
rbtree: 20 90
rbtree: 24 34
rbtree: 20 80
rbtree: 54 30
rbtree: 20 92
rbtree: 24 32
rbtree: 18 78
rbtree: 42 32
rbtree: 20 84
rbtree: 22 30
rbtree: 20 78
rbtree: 26 30
rbtree: 20 96
rbtree: 24 36
rbtree: 22 44
rbtree: 38 34
rbtree: 22 92
rbtree: 22 34
rbtree: 20 80
rbtree: 50 28
rbtree: 18 92
rbtree: 22 30
rbtree: 20 78
rbtree: 42 32
rbtree: 20 88
rbtree: 22 32
rbtree: 20 78
rbtree: 24 30
rbtree: 20 96
rbtree: 24 34
rbtree: 20 42
rbtree: 40 36
rbtree: 20 90
rbtree: 22 32
rbtree: 22 84
rbtree: 54 30
rbtree: 24 96
rbtree: 24 30
rbtree: 20 80
rbtree: 42 32
rbtree: 18 84
rbtree: 24 32
rbtree: 18 78
rbtree: 26 32
rbtree: 20 100
rbtree: 24 34
rbtree: 20 44
rbtree: 38 34
rbtree: 20 96
rbtree: 22 36
rbtree: 22 84
rbtree: 58 32
rbtree: 20 94
rbtree: 24 32
rbtree: 18 78
rbtree: 46 32
rbtree: 20 88
rbtree: 22 32
rbtree: 20 78
rbtree: 22 30
rbtree: 20 96
rbtree: 24 36
rbtree: 18 40
rbtree: 38 32
rbtree: 20 90
rbtree: 22 34
rbtree: 20 84
rbtree: 54 30
rbtree: 18 94
rbtree: 22 34
rbtree: 20 80
rbtree: 42 32
rbtree: 18 86
rbtree: 22 30
rbtree: 20 80
rbtree: 28 32
rbtree: 20 100
rbtree: 24 34
rbtree: 22 42
rbtree: 40 36
rbtree: 20 90
rbtree: 24 34
rbtree: 20 82
rbtree: 54 32
rbtree: 18 94
rbtree: 22 32
rbtree: 20 80
rbtree: 42 30
rbtree: 20 84
rbtree: 24 30
rbtree: 20 78
rbtree: 42 30
rbtree: 20 98
rbtree: 22 32
rbtree: 20 40
rbtree: 38 34
rbtree: 22 92
rbtree: 22 32
rbtree: 20 84
rbtree: 54 32
rbtree: 18 98
rbtree: 22 30
rbtree: 20 80
rbtree: 42 30
rbtree: 20 84
rbtree: 24 30
rbtree: 22 78
rbtree: 44 32
rbtree: 18 98
rbtree: 24 32
rbtree: 20 42
rbtree: 40 36
rbtree: 20 90
rbtree: 24 32
rbtree: 20 82
rbtree: 50 32
rbtree: 18 94
rbtree: 24 32
rbtree: 18 78
rbtree: 42 32
rbtree: 20 86
rbtree: 24 32
rbtree: 22 80
rbtree: 44 32
rbtree: 18 96
rbtree: 24 36
rbtree: 20 40
rbtree: 38 36
rbtree: 22 92
rbtree: 22 36
rbtree: 20 80
rbtree: 50 32
rbtree: 18 94
rbtree: 22 32
rbtree: 20 80
rbtree: 42 32
rbtree: 22 86
rbtree: 22 30
rbtree: 18 78
rbtree: 46 30
rbtree: 20 96
rbtree: 20 36
rbtree: 20 40
rbtree: 38 34
rbtree: 26 90
rbtree: 22 32
rbtree: 22 82
rbtree: 56 32
rbtree: 20 92
rbtree: 24 30
rbtree: 20 76
rbtree: 42 32
rbtree: 20 86
rbtree: 22 32
rbtree: 18 76
rbtree: 50 32
rbtree: 20 96
rbtree: 22 32
rbtree: 22 42
rbtree: 40 32
rbtree: 20 84
rbtree: 24 32
rbtree: 20 82
rbtree: 54 32
rbtree: 22 96
rbtree: 24 32
rbtree: 18 78
rbtree: 42 30
rbtree: 20 88
rbtree: 22 30
rbtree: 20 80
rbtree: 44 30
rbtree: 20 96
rbtree: 22 32
rbtree: 22 42
rbtree: 38 36
rbtree: 20 92
rbtree: 20 36
rbtree: 20 80
rbtree: 50 30
rbtree: 20 94
rbtree: 24 30
rbtree: 18 78
rbtree: 42 32
rbtree: 18 88
rbtree: 22 30
rbtree: 20 78
rbtree: 46 30
rbtree: 20 96
rbtree: 28 32
rbtree: 20 42
rbtree: 38 34
rbtree: 22 92
rbtree: 22 32
rbtree: 22 84
rbtree: 54 32
rbtree: 20 92
rbtree: 22 30
rbtree: 20 80
rbtree: 42 30
rbtree: 20 86
rbtree: 24 32
rbtree: 18 80
rbtree: 48 32
rbtree: 18 96
rbtree: 24 36
rbtree: 22 42
rbtree: 38 36
rbtree: 18 92
rbtree: 24 36
rbtree: 20 84
rbtree: 50 32
rbtree: 20 96
rbtree: 24 30
rbtree: 20 80
rbtree: 24 32
rbtree: 18 88
rbtree: 22 32
rbtree: 20 80
rbtree: 48 32
rbtree: 18 100
rbtree: 22 32
rbtree: 20 44
rbtree: 20 34
rbtree: 20 88
rbtree: 24 34
rbtree: 20 42
rbtree: 50 30
rbtree: 20 54
rbtree: 18 30
rbtree: 32 78
rbtree: 42 32
rbtree: 32 86
rbtree: 24 30
rbtree: 32 80
rbtree: 46 30
rbtree: 30 96
rbtree: 22 36
rbtree: 32 44
rbtree: 44 34
rbtree: 32 86
rbtree: 22 34
rbtree: 32 84
rbtree: 30 32
rbtree: 32 96
rbtree: 20 30
rbtree: 32 76
rbtree: 42 30
rbtree: 30 86
rbtree: 24 32
rbtree: 32 80
rbtree: 22 36
rbtree: 30 96
rbtree: 22 34
rbtree: 34 42
rbtree: 44 34
rbtree: 24 90
rbtree: 22 36
rbtree: 20 44
rbtree: 26 34
rbtree: 20 92
rbtree: 22 30
rbtree: 18 80
rbtree: 44 30
rbtree: 18 84
rbtree: 22 30
rbtree: 18 80
rbtree: 24 28
rbtree: 20 94
rbtree: 24 32
rbtree: 24 44
rbtree: 38 32
rbtree: 24 90
rbtree: 22 36
rbtree: 20 84
rbtree: 30 34
rbtree: 18 92
rbtree: 24 30
rbtree: 18 80
rbtree: 40 30
rbtree: 20 86
rbtree: 24 30
rbtree: 20 80
rbtree: 24 32
rbtree: 20 96
rbtree: 22 34
rbtree: 20 44
rbtree: 38 34
rbtree: 20 84
rbtree: 22 34
rbtree: 20 82
rbtree: 28 34
rbtree: 18 90
rbtree: 22 30
rbtree: 22 78
rbtree: 42 32
rbtree: 20 86
rbtree: 22 28
rbtree: 18 78
rbtree: 24 30
rbtree: 18 94
rbtree: 22 34
rbtree: 20 44
rbtree: 38 32
rbtree: 24 90
rbtree: 22 36
rbtree: 20 84
rbtree: 28 34
rbtree: 20 92
rbtree: 22 30
rbtree: 20 80
rbtree: 42 32
rbtree: 18 86
rbtree: 22 32
rbtree: 20 78
rbtree: 26 32
rbtree: 20 94
rbtree: 22 32
rbtree: 22 42
rbtree: 38 34
rbtree: 20 90
rbtree: 20 36
rbtree: 20 84
rbtree: 28 30
rbtree: 18 94
rbtree: 22 30
rbtree: 20 80
rbtree: 42 30
rbtree: 20 84
rbtree: 24 36
rbtree: 20 76
rbtree: 24 32
rbtree: 20 94
rbtree: 22 36
rbtree: 20 44
rbtree: 40 36
rbtree: 24 90
rbtree: 22 36
rbtree: 20 84
rbtree: 28 32
rbtree: 18 94
rbtree: 22 30
rbtree: 18 78
rbtree: 42 30
rbtree: 18 84
rbtree: 24 32
rbtree: 18 78
rbtree: 24 30
rbtree: 20 96
rbtree: 20 32
rbtree: 20 44
rbtree: 40 34
rbtree: 20 92
rbtree: 22 34
rbtree: 20 82
rbtree: 34 32
rbtree: 20 94
rbtree: 28 30
rbtree: 20 76
rbtree: 44 32
rbtree: 20 84
rbtree: 24 30
rbtree: 20 78
rbtree: 24 30
rbtree: 20 96
rbtree: 22 36
rbtree: 22 42
rbtree: 38 32
rbtree: 18 92
rbtree: 24 34
rbtree: 20 82
rbtree: 28 32
rbtree: 18 94
rbtree: 22 32
rbtree: 18 78
rbtree: 42 30
rbtree: 18 88
rbtree: 24 30
rbtree: 18 80
rbtree: 24 32
rbtree: 18 100
rbtree: 22 34
rbtree: 22 44
rbtree: 40 36
rbtree: 20 90
rbtree: 24 34
rbtree: 22 82
rbtree: 28 30
rbtree: 20 96
rbtree: 24 30
rbtree: 20 78
rbtree: 42 32
rbtree: 20 84
rbtree: 24 30
rbtree: 20 80
