rbtree: 112 182
rbtree: 30 168
rbtree: 120 72
rbtree: 24 46
rbtree: 150 90
rbtree: 110 96
rbtree: 22 72
rbtree: 22 112
rbtree: 96 72
rbtree: 24 98
rbtree: 66 78
rbtree: 24 144
rbtree: 60 82
rbtree: 32 98
rbtree: 114 32
rbtree: 24 104
rbtree: 80 32
rbtree: 22 84
rbtree: 86 34
rbtree: 28 120
rbtree: 24 36
rbtree: 126 98
rbtree: 22 34
rbtree: 78 104
rbtree: 24 36
rbtree: 60 96
rbtree: 24 34
rbtree: 44 110
rbtree: 32 88
rbtree: 22 102
rbtree: 86 34
rbtree: 14 110
rbtree: 78 34
rbtree: 16 84
rbtree: 56 34
rbtree: 66 124
rbtree: 26 94
rbtree: 66 118
rbtree: 14 94
rbtree: 54 110
rbtree: 22 80
rbtree: 60 90
rbtree: 24 94
rbtree: 20 116
rbtree: 74 80
rbtree: 34 98
rbtree: 44 84
rbtree: 32 110
rbtree: 52 78
rbtree: 30 102
rbtree: 106 78
rbtree: 42 124
rbtree: 18 86
rbtree: 42 102
rbtree: 16 78
rbtree: 64 108
rbtree: 28 80
rbtree: 56 90
rbtree: 16 80
rbtree: 74 102
rbtree: 40 78
rbtree: 14 92
rbtree: 58 76
rbtree: 16 106
rbtree: 46 80
rbtree: 24 100
rbtree: 124 78
rbtree: 24 174
rbtree: 70 78
rbtree: 24 104
rbtree: 28 80
rbtree: 14 86
rbtree: 32 78
rbtree: 24 88
rbtree: 82 78
rbtree: 22 98
rbtree: 70 80
rbtree: 16 88
rbtree: 60 80
rbtree: 24 108
rbtree: 16 78
rbtree: 62 86
rbtree: 14 76
rbtree: 68 140
rbtree: 30 36
rbtree: 72 84
rbtree: 96 80
rbtree: 30 104
rbtree: 106 82
rbtree: 18 52
rbtree: 36 42
rbtree: 50 132
rbtree: 24 82
rbtree: 116 104
rbtree: 30 78
rbtree: 46 120
rbtree: 14 42
rbtree: 72 90
rbtree: 14 78
rbtree: 30 178
rbtree: 20 94
rbtree: 20 118
rbtree: 90 98
rbtree: 14 108
rbtree: 54 86
rbtree: 16 104
rbtree: 64 42
rbtree: 42 140
rbtree: 14 44
rbtree: 82 108
rbtree: 24 44
rbtree: 44 86
rbtree: 24 42
rbtree: 16 110
rbtree: 26 46
rbtree: 66 138
rbtree: 22 44
rbtree: 46 104
rbtree: 32 42
rbtree: 54 90
rbtree: 22 42
rbtree: 86 102
rbtree: 16 44
rbtree: 24 118
rbtree: 78 44
rbtree: 24 106
rbtree: 88 44
rbtree: 38 90
rbtree: 14 44
rbtree: 110 104
rbtree: 32 44
rbtree: 40 162
rbtree: 22 46
rbtree: 46 104
rbtree: 32 44
rbtree: 38 96
rbtree: 24 44
rbtree: 64 106
rbtree: 24 40
rbtree: 74 96
rbtree: 24 42
rbtree: 84 106
rbtree: 80 42
rbtree: 22 114
rbtree: 92 44
rbtree: 14 50
rbtree: 34 44
rbtree: 60 138
rbtree: 24 42
rbtree: 82 86
rbtree: 30 46
rbtree: 40 116
rbtree: 100 46
rbtree: 34 90
rbtree: 64 44
rbtree: 18 102
rbtree: 24 42
rbtree: 82 106
rbtree: 62 42
rbtree: 24 118
rbtree: 40 44
rbtree: 22 106
rbtree: 16 44
rbtree: 24 210
rbtree: 50 44
rbtree: 32 52
rbtree: 78 46
rbtree: 32 114
rbtree: 36 46
rbtree: 26 50
rbtree: 78 48
rbtree: 26 102
rbtree: 76 46
rbtree: 24 52
rbtree: 82 38
rbtree: 26 124
rbtree: 26 44
rbtree: 14 52
rbtree: 34 42
rbtree: 14 148
rbtree: 64 44
rbtree: 26 54
rbtree: 58 46
rbtree: 24 108
rbtree: 26 44
rbtree: 24 92
rbtree: 104 46
rbtree: 16 104
rbtree: 46 44
rbtree: 16 88
rbtree: 28 38
rbtree: 24 96
rbtree: 44 42
rbtree: 102 104
rbtree: 24 44
rbtree: 68 182
rbtree: 16 44
rbtree: 24 52
rbtree: 50 44
rbtree: 24 114
rbtree: 40 44
rbtree: 14 52
rbtree: 30 44
rbtree: 26 138
rbtree: 72 42
rbtree: 16 90
rbtree: 66 44
rbtree: 16 112
rbtree: 74 42
rbtree: 64 88
rbtree: 30 44
rbtree: 44 160
rbtree: 24 46
rbtree: 26 102
rbtree: 58 44
rbtree: 16 130
rbtree: 24 46
rbtree: 46 102
rbtree: 52 46
rbtree: 34 106
rbtree: 40 44
rbtree: 50 86
rbtree: 30 44
rbtree: 68 108
rbtree: 24 42
rbtree: 38 106
rbtree: 32 42
rbtree: 70 186
rbtree: 28 100
rbtree: 24 112
rbtree: 54 104
rbtree: 16 100
rbtree: 24 100
rbtree: 24 96
rbtree: 54 88
rbtree: 26 138
rbtree: 48 88
rbtree: 24 110
rbtree: 50 46
rbtree: 34 120
rbtree: 58 46
rbtree: 22 90
rbtree: 24 44
rbtree: 24 156
rbtree: 44 46
rbtree: 68 90
rbtree: 24 46
rbtree: 32 130
rbtree: 28 88
rbtree: 38 90
rbtree: 34 46
rbtree: 52 134
rbtree: 18 48
rbtree: 24 96
rbtree: 42 48
rbtree: 42 120
rbtree: 28 42
rbtree: 78 110
rbtree: 26 42
rbtree: 66 178
rbtree: 70 44
rbtree: 32 92
rbtree: 42 46
rbtree: 18 96
rbtree: 24 46
rbtree: 50 110
rbtree: 24 46
rbtree: 24 108
rbtree: 62 44
rbtree: 24 108
rbtree: 18 46
rbtree: 28 120
rbtree: 124 80
rbtree: 28 106
rbtree: 56 82
rbtree: 26 146
rbtree: 34 44
rbtree: 32 92
rbtree: 60 44
rbtree: 24 96
rbtree: 60 42
rbtree: 32 94
rbtree: 38 42
rbtree: 66 118
rbtree: 14 46
rbtree: 26 94
rbtree: 46 72
rbtree: 34 64
rbtree: 24 80
rbtree: 44 90
rbtree: 22 44
rbtree: 26 184
rbtree: 24 82
rbtree: 64 104
rbtree: 24 82
rbtree: 60 132
rbtree: 28 84
rbtree: 76 90
rbtree: 28 88
rbtree: 60 132
rbtree: 28 48
rbtree: 60 90
rbtree: 46 88
rbtree: 22 96
rbtree: 70 44
rbtree: 34 94
rbtree: 64 44
rbtree: 22 162
rbtree: 40 44
rbtree: 62 90
rbtree: 36 46
rbtree: 58 110
rbtree: 34 44
rbtree: 40 90
rbtree: 36 48
rbtree: 72 136
rbtree: 30 48
rbtree: 26 96
rbtree: 52 44
rbtree: 34 112
rbtree: 28 48
rbtree: 84 90
rbtree: 24 48
rbtree: 50 162
rbtree: 36 46
rbtree: 34 54
rbtree: 74 44
rbtree: 48 114
rbtree: 24 46
rbtree: 48 56
rbtree: 22 46
rbtree: 48 136
rbtree: 42 86
rbtree: 32 58
rbtree: 50 46
rbtree: 52 114
rbtree: 32 48
rbtree: 76 108
rbtree: 22 48
rbtree: 70 166
rbtree: 22 44
rbtree: 32 90
rbtree: 24 48
rbtree: 68 116
rbtree: 24 44
rbtree: 58 94
rbtree: 36 44
rbtree: 60 136
rbtree: 26 84
rbtree: 24 96
rbtree: 36 46
rbtree: 30 70
rbtree: 38 44
rbtree: 14 94
rbtree: 32 50
rbtree: 24 182
rbtree: 50 46
rbtree: 24 94
rbtree: 52 44
rbtree: 40 64
rbtree: 28 46
rbtree: 40 108
rbtree: 26 52
rbtree: 26 122
rbtree: 30 44
rbtree: 72 106
rbtree: 38 48
rbtree: 14 116
rbtree: 36 44
rbtree: 30 94
rbtree: 36 48
rbtree: 28 146
rbtree: 72 46
rbtree: 22 56
rbtree: 50 46
rbtree: 28 102
rbtree: 36 44
rbtree: 28 56
rbtree: 38 44
rbtree: 24 74
rbtree: 60 88
rbtree: 32 56
rbtree: 54 44
rbtree: 32 118
rbtree: 36 52
rbtree: 26 54
rbtree: 78 50
rbtree: 30 148
rbtree: 92 46
rbtree: 24 94
rbtree: 68 44
rbtree: 32 110
rbtree: 22 44
rbtree: 42 108
rbtree: 22 46
rbtree: 34 132
rbtree: 72 46
rbtree: 24 110
rbtree: 62 44
rbtree: 24 66
rbtree: 82 44
rbtree: 16 108
rbtree: 32 42
rbtree: 44 132
rbtree: 66 46
rbtree: 36 96
rbtree: 62 46
rbtree: 34 66
rbtree: 32 50
rbtree: 48 110
rbtree: 24 48
rbtree: 78 140
rbtree: 32 48
rbtree: 26 96
rbtree: 38 46
rbtree: 62 94
rbtree: 24 46
rbtree: 60 106
rbtree: 30 44
rbtree: 42 216
rbtree: 26 84
rbtree: 46 126
rbtree: 50 84
rbtree: 26 114
rbtree: 74 48
rbtree: 14 114
rbtree: 26 92
rbtree: 44 140
rbtree: 50 92
rbtree: 36 112
rbtree: 52 92
rbtree: 34 110
rbtree: 26 48
rbtree: 40 112
rbtree: 50 50
rbtree: 34 146
rbtree: 56 90
rbtree: 22 112
rbtree: 18 90
rbtree: 36 120
rbtree: 58 94
rbtree: 80 58
rbtree: 24 92
rbtree: 68 146
rbtree: 24 50
rbtree: 16 114
rbtree: 34 52
rbtree: 58 120
rbtree: 24 90
rbtree: 62 108
rbtree: 16 90
rbtree: 42 188
rbtree: 36 52
rbtree: 72 98
rbtree: 52 92
rbtree: 24 104
rbtree: 52 88
rbtree: 22 96
rbtree: 30 92
rbtree: 14 130
rbtree: 46 90
rbtree: 54 56
rbtree: 34 52
rbtree: 44 106
rbtree: 36 88
rbtree: 84 60
rbtree: 32 50
rbtree: 50 144
rbtree: 34 92
rbtree: 38 98
rbtree: 36 52
rbtree: 92 72
rbtree: 24 92
rbtree: 50 100
rbtree: 40 92
rbtree: 20 150
rbtree: 24 50
rbtree: 60 98
rbtree: 34 52
rbtree: 52 120
rbtree: 26 48
rbtree: 36 60
rbtree: 24 50
rbtree: 24 182
rbtree: 34 48
rbtree: 94 60
rbtree: 32 50
rbtree: 68 106
rbtree: 16 90
rbtree: 28 100
rbtree: 38 92
rbtree: 36 112
rbtree: 62 90
rbtree: 34 98
rbtree: 28 92
rbtree: 34 130
rbtree: 70 88
rbtree: 16 112
rbtree: 24 50
rbtree: 40 132
rbtree: 36 48
rbtree: 92 98
rbtree: 36 52
rbtree: 58 124
rbtree: 14 52
rbtree: 24 62
rbtree: 58 92
rbtree: 30 134
rbtree: 70 94
rbtree: 14 92
rbtree: 32 52
rbtree: 52 114
rbtree: 88 48
rbtree: 28 90
rbtree: 54 92
rbtree: 36 166
rbtree: 58 50
rbtree: 68 92
rbtree: 28 52
rbtree: 26 70
rbtree: 108 88
rbtree: 24 112
rbtree: 24 90
rbtree: 70 140
rbtree: 46 48
rbtree: 24 112
rbtree: 66 52
rbtree: 24 122
rbtree: 34 52
rbtree: 22 96
rbtree: 52 50
rbtree: 30 166
rbtree: 22 50
rbtree: 50 114
rbtree: 24 48
rbtree: 36 98
rbtree: 46 66
rbtree: 24 60
rbtree: 54 50
rbtree: 32 130
rbtree: 30 54
rbtree: 34 98
rbtree: 94 50
rbtree: 24 118
rbtree: 44 48
rbtree: 24 58
rbtree: 36 48
rbtree: 26 222
rbtree: 16 54
rbtree: 24 100
rbtree: 54 54
rbtree: 32 106
rbtree: 52 48
rbtree: 34 102
rbtree: 38 48
rbtree: 34 130
rbtree: 60 48
rbtree: 24 116
rbtree: 50 50
rbtree: 40 100
rbtree: 22 52
rbtree: 36 110
rbtree: 26 48
rbtree: 16 140
rbtree: 46 48
rbtree: 104 112
rbtree: 34 48
rbtree: 50 98
rbtree: 34 48
rbtree: 40 110
rbtree: 34 52
rbtree: 74 120
rbtree: 34 50
rbtree: 58 112
rbtree: 36 48
rbtree: 66 100
rbtree: 34 48
rbtree: 38 100
rbtree: 32 94
rbtree: 82 168
rbtree: 36 48
rbtree: 44 98
rbtree: 34 48
rbtree: 32 96
rbtree: 68 92
rbtree: 32 58
rbtree: 80 90
rbtree: 14 112
rbtree: 56 94
rbtree: 22 100
rbtree: 60 88
rbtree: 28 72
rbtree: 32 92
rbtree: 34 96
rbtree: 124 54
rbtree: 24 120
rbtree: 66 48
rbtree: 42 92
rbtree: 14 48
rbtree: 32 100
rbtree: 62 48
rbtree: 38 60
rbtree: 50 50
rbtree: 24 114
rbtree: 66 50
rbtree: 30 94
rbtree: 28 54
rbtree: 62 98
rbtree: 36 52
rbtree: 72 112
rbtree: 30 88
rbtree: 28 166
rbtree: 46 48
rbtree: 32 98
rbtree: 34 54
rbtree: 62 120
rbtree: 36 50
rbtree: 48 112
rbtree: 62 48
rbtree: 24 128
rbtree: 44 48
rbtree: 56 112
rbtree: 22 50
rbtree: 24 108
rbtree: 60 50
rbtree: 40 92
rbtree: 28 52
rbtree: 46 148
rbtree: 36 52
rbtree: 64 112
rbtree: 40 90
rbtree: 28 104
rbtree: 38 48
rbtree: 26 98
rbtree: 114 48
rbtree: 32 112
rbtree: 68 94
rbtree: 16 92
rbtree: 28 50
rbtree: 54 118
rbtree: 28 52
rbtree: 46 96
rbtree: 30 48
rbtree: 48 156
rbtree: 34 90
rbtree: 36 98
rbtree: 42 50
rbtree: 28 102
rbtree: 74 48
rbtree: 14 96
rbtree: 40 48
rbtree: 28 78
rbtree: 58 48
rbtree: 88 110
rbtree: 24 48
rbtree: 42 120
rbtree: 14 52
rbtree: 64 110
rbtree: 36 50
rbtree: 28 182
rbtree: 24 50
rbtree: 36 92
rbtree: 40 92
rbtree: 16 106
rbtree: 40 50
rbtree: 74 96
rbtree: 30 52
rbtree: 58 128
rbtree: 34 50
rbtree: 52 98
rbtree: 66 48
rbtree: 24 124
rbtree: 32 50
rbtree: 32 60
rbtree: 42 90
rbtree: 14 208
rbtree: 36 92
rbtree: 26 130
rbtree: 46 56
rbtree: 56 118
rbtree: 28 98
rbtree: 38 130
rbtree: 28 56
rbtree: 40 144
rbtree: 26 102
rbtree: 40 102
rbtree: 50 96
rbtree: 36 78
rbtree: 86 92
rbtree: 20 130
rbtree: 24 52
rbtree: 26 164
rbtree: 14 58
rbtree: 156 108
rbtree: 34 90
rbtree: 66 134
rbtree: 20 106
rbtree: 28 98
rbtree: 70 52
rbtree: 24 110
rbtree: 38 46
rbtree: 34 92
rbtree: 34 48
rbtree: 54 136
rbtree: 28 48
rbtree: 42 92
rbtree: 64 48
rbtree: 16 174
rbtree: 58 94
rbtree: 36 60
rbtree: 72 52
rbtree: 24 70
rbtree: 48 50
rbtree: 30 60
rbtree: 40 48
rbtree: 28 106
rbtree: 38 48
rbtree: 68 92
rbtree: 28 48
rbtree: 40 104
rbtree: 34 48
rbtree: 24 60
rbtree: 22 46
rbtree: 60 148
rbtree: 16 90
rbtree: 30 100
rbtree: 46 88
rbtree: 58 106
rbtree: 16 50
rbtree: 32 110
rbtree: 50 90
rbtree: 50 130
rbtree: 32 54
rbtree: 30 100
rbtree: 42 88
rbtree: 28 112
rbtree: 44 90
rbtree: 98 102
rbtree: 22 52
rbtree: 58 182
rbtree: 20 54
rbtree: 24 98
rbtree: 30 92
rbtree: 24 122
rbtree: 50 90
rbtree: 72 60
rbtree: 24 90
rbtree: 36 110
rbtree: 52 88
rbtree: 22 98
rbtree: 50 92
rbtree: 22 102
rbtree: 38 94
rbtree: 70 112
rbtree: 30 52
rbtree: 72 136
rbtree: 42 90
rbtree: 24 104
rbtree: 50 94
rbtree: 58 102
rbtree: 32 50
rbtree: 34 98
rbtree: 36 48
rbtree: 108 78
rbtree: 16 48
rbtree: 30 60
rbtree: 70 88
rbtree: 24 108
rbtree: 50 90
rbtree: 26 58
rbtree: 26 88
rbtree: 16 182
rbtree: 38 92
rbtree: 64 100
rbtree: 34 48
rbtree: 38 130
rbtree: 42 88
rbtree: 42 60
rbtree: 32 50
rbtree: 78 98
rbtree: 36 54
rbtree: 42 94
rbtree: 14 48
rbtree: 70 108
rbtree: 36 48
rbtree: 62 96
rbtree: 24 48
rbtree: 18 132
rbtree: 32 48
rbtree: 74 98
rbtree: 22 48
rbtree: 62 106
rbtree: 34 48
rbtree: 46 58
rbtree: 14 54
rbtree: 44 112
rbtree: 24 48
rbtree: 46 60
rbtree: 26 52
rbtree: 44 104
rbtree: 32 50
rbtree: 58 56
rbtree: 26 52
rbtree: 58 184
rbtree: 28 54
rbtree: 48 132
rbtree: 50 96
rbtree: 28 140
rbtree: 52 94
rbtree: 22 116
rbtree: 66 92
rbtree: 20 162
rbtree: 16 56
rbtree: 26 102
rbtree: 60 54
rbtree: 54 124
rbtree: 24 56
rbtree: 58 114
rbtree: 24 54
rbtree: 18 150
rbtree: 24 58
rbtree: 54 114
rbtree: 48 68
rbtree: 24 124
rbtree: 60 56
rbtree: 44 114
rbtree: 26 54
rbtree: 62 134
rbtree: 32 54
rbtree: 32 112
rbtree: 96 54
rbtree: 34 74
rbtree: 60 52
rbtree: 30 116
rbtree: 26 56
rbtree: 62 162
rbtree: 24 76
rbtree: 50 122
rbtree: 26 56
rbtree: 54 124
rbtree: 28 54
rbtree: 14 102
rbtree: 50 54
rbtree: 24 132
rbtree: 36 56
rbtree: 56 116
rbtree: 28 54
rbtree: 68 124
rbtree: 34 58
rbtree: 56 118
rbtree: 28 56
rbtree: 48 132
rbtree: 108 94
rbtree: 36 100
rbtree: 42 56
rbtree: 36 108
rbtree: 60 90
rbtree: 28 102
rbtree: 60 96
rbtree: 24 130
rbtree: 44 56
rbtree: 36 114
rbtree: 28 56
rbtree: 36 106
rbtree: 50 56
rbtree: 16 64
rbtree: 44 56
rbtree: 42 192
rbtree: 22 54
rbtree: 44 120
rbtree: 68 58
rbtree: 24 108
rbtree: 36 54
rbtree: 24 116
rbtree: 16 58
rbtree: 36 82
rbtree: 52 56
rbtree: 36 102
rbtree: 54 56
rbtree: 24 74
rbtree: 18 54
rbtree: 40 66
rbtree: 14 56
rbtree: 44 138
rbtree: 22 56
rbtree: 42 116
rbtree: 34 54
rbtree: 60 124
rbtree: 18 54
rbtree: 36 104
rbtree: 50 58
rbtree: 46 132
rbtree: 24 58
rbtree: 50 114
rbtree: 16 54
rbtree: 52 128
rbtree: 22 54
rbtree: 30 102
rbtree: 34 56
rbtree: 40 142
rbtree: 34 54
rbtree: 78 116
rbtree: 28 58
rbtree: 46 108
rbtree: 22 96
rbtree: 28 62
rbtree: 16 58
rbtree: 28 136
rbtree: 28 58
rbtree: 64 66
rbtree: 28 52
rbtree: 40 110
rbtree: 36 56
rbtree: 102 100
rbtree: 28 54
rbtree: 56 116
rbtree: 30 58
rbtree: 32 98
rbtree: 58 98
rbtree: 82 110
rbtree: 34 58
rbtree: 58 102
rbtree: 34 94
rbtree: 16 146
rbtree: 34 54
rbtree: 54 118
rbtree: 44 96
rbtree: 26 74
rbtree: 56 104
rbtree: 22 102
rbtree: 68 92
rbtree: 34 178
rbtree: 52 50
rbtree: 34 106
rbtree: 46 92
rbtree: 28 104
rbtree: 74 94
rbtree: 34 64
rbtree: 64 56
rbtree: 14 138
rbtree: 46 58
rbtree: 14 102
rbtree: 54 56
rbtree: 32 72
rbtree: 44 66
rbtree: 44 102
rbtree: 34 94
rbtree: 26 138
rbtree: 104 52
rbtree: 26 102
rbtree: 38 56
rbtree: 32 76
rbtree: 66 54
rbtree: 26 102
rbtree: 42 50
rbtree: 32 116
rbtree: 24 56
rbtree: 78 114
rbtree: 32 96
rbtree: 30 124
rbtree: 46 54
rbtree: 28 102
rbtree: 30 56
rbtree: 32 144
rbtree: 58 58
rbtree: 28 64
rbtree: 16 56
rbtree: 68 124
rbtree: 24 56
rbtree: 44 96
rbtree: 44 94
rbtree: 34 132
rbtree: 40 54
rbtree: 74 102
rbtree: 42 98
rbtree: 24 74
rbtree: 48 94
rbtree: 82 102
rbtree: 24 56
rbtree: 46 88
rbtree: 18 98
rbtree: 30 100
rbtree: 58 96
rbtree: 32 144
rbtree: 22 56
rbtree: 36 116
rbtree: 66 54
rbtree: 30 142
rbtree: 34 96
rbtree: 62 114
rbtree: 42 94
rbtree: 14 114
rbtree: 54 96
rbtree: 22 62
rbtree: 72 92
rbtree: 28 200
rbtree: 54 58
rbtree: 28 102
rbtree: 44 56
rbtree: 30 72
