bitmap: 58 18
bitmap: 58 20
bitmap: 60 24
bitmap: 42 24
bitmap: 42 24
bitmap: 42 20
bitmap: 38 20
bitmap: 38 22
bitmap: 40 20
bitmap: 38 22
bitmap: 62 20
bitmap: 54 22
bitmap: 40 22
bitmap: 40 22
bitmap: 42 24
bitmap: 40 24
bitmap: 40 22
bitmap: 42 22
bitmap: 40 22
bitmap: 42 22
bitmap: 40 42
bitmap: 40 22
bitmap: 42 22
bitmap: 40 20
bitmap: 42 22
bitmap: 42 22
bitmap: 40 20
bitmap: 40 22
bitmap: 40 20
bitmap: 38 22
bitmap: 42 20
bitmap: 42 22
bitmap: 40 20
bitmap: 40 22
bitmap: 42 22
bitmap: 42 22
bitmap: 40 22
bitmap: 40 24
bitmap: 16 18
bitmap: 42 24
bitmap: 40 22
bitmap: 42 22
bitmap: 42 22
bitmap: 40 24
bitmap: 40 48
bitmap: 40 24
bitmap: 40 24
bitmap: 42 22
bitmap: 42 22
bitmap: 40 22
bitmap: 40 22
bitmap: 40 22
bitmap: 40 22
bitmap: 40 22
bitmap: 40 20
bitmap: 44 22
bitmap: 40 22
bitmap: 42 22
bitmap: 42 22
bitmap: 40 20
bitmap: 40 22
bitmap: 40 22
bitmap: 40 20
bitmap: 14 28
bitmap: 42 22
bitmap: 40 20
bitmap: 60 20
bitmap: 42 22
bitmap: 40 50
bitmap: 40 22
bitmap: 40 20
bitmap: 40 20
bitmap: 40 22
bitmap: 38 22
bitmap: 40 22
bitmap: 42 22
bitmap: 42 22
bitmap: 40 22
bitmap: 40 20
bitmap: 38 22
bitmap: 42 22
bitmap: 40 22
bitmap: 40 20
bitmap: 42 22
bitmap: 40 22
bitmap: 40 22
bitmap: 18 30
bitmap: 40 22
bitmap: 40 22
bitmap: 40 20
bitmap: 42 22
bitmap: 40 22
bitmap: 40 22
bitmap: 40 22
bitmap: 40 20
bitmap: 16 32
bitmap: 40 22
bitmap: 40 22
bitmap: 40 22
bitmap: 40 22
bitmap: 40 46
bitmap: 40 34
bitmap: 42 22
bitmap: 40 22
bitmap: 44 22
bitmap: 40 20
bitmap: 40 22
bitmap: 42 22
bitmap: 40 44
bitmap: 38 22
bitmap: 40 22
bitmap: 42 22
bitmap: 40 22
bitmap: 40 22
bitmap: 40 20
bitmap: 42 22
bitmap: 40 48
bitmap: 40 20
bitmap: 40 20
bitmap: 40 24
bitmap: 42 22
bitmap: 40 24
bitmap: 40 22
bitmap: 42 22
bitmap: 40 44
bitmap: 42 22
bitmap: 44 24
bitmap: 40 20
bitmap: 40 22
bitmap: 40 20
bitmap: 40 22
bitmap: 40 22
bitmap: 42 22
bitmap: 40 22
bitmap: 42 22
bitmap: 40 20
bitmap: 40 20
bitmap: 44 22
bitmap: 40 22
bitmap: 40 22
bitmap: 42 22
bitmap: 40 22
bitmap: 42 22
bitmap: 40 22
bitmap: 42 22
bitmap: 40 22
bitmap: 42 22
bitmap: 40 20
bitmap: 42 22
bitmap: 40 20
bitmap: 40 22
bitmap: 42 22
bitmap: 40 22
bitmap: 42 22
bitmap: 40 22
bitmap: 42 22
bitmap: 40 22
bitmap: 40 22
bitmap: 40 22
bitmap: 12 30
bitmap: 42 22
bitmap: 40 22
bitmap: 40 22
bitmap: 40 22
bitmap: 40 22
bitmap: 40 20
bitmap: 40 22
bitmap: 42 22
bitmap: 40 20
bitmap: 42 22
bitmap: 42 22
bitmap: 44 22
bitmap: 42 22
bitmap: 42 22
bitmap: 42 22
bitmap: 42 22
bitmap: 40 22
bitmap: 44 22
bitmap: 42 62
bitmap: 40 20
bitmap: 40 20
bitmap: 42 22
bitmap: 40 20
bitmap: 42 22
bitmap: 40 20
bitmap: 40 20
bitmap: 40 20
bitmap: 42 22
bitmap: 40 24
bitmap: 40 22
bitmap: 40 20
bitmap: 42 22
bitmap: 18 16
bitmap: 42 22
bitmap: 42 22
bitmap: 40 22
bitmap: 40 22
bitmap: 40 22
bitmap: 18 22
bitmap: 40 22
bitmap: 40 22
bitmap: 40 22
bitmap: 44 22
bitmap: 42 22
bitmap: 42 22
bitmap: 42 22
bitmap: 40 20
bitmap: 40 24
bitmap: 42 22
bitmap: 42 22
bitmap: 40 22
bitmap: 40 20
bitmap: 42 22
bitmap: 42 22
bitmap: 40 22
bitmap: 40 22
bitmap: 42 22
bitmap: 40 22
bitmap: 40 22
bitmap: 42 22
bitmap: 42 20
bitmap: 40 22
bitmap: 40 22
bitmap: 14 32
bitmap: 42 22
bitmap: 40 20
bitmap: 40 22
bitmap: 40 22
bitmap: 16 32
bitmap: 42 22
bitmap: 40 20
bitmap: 40 20
bitmap: 40 22
bitmap: 64 22
bitmap: 44 22
bitmap: 42 22
bitmap: 40 22
bitmap: 40 22
bitmap: 14 30
bitmap: 40 22
bitmap: 42 22
bitmap: 40 20
bitmap: 40 22
bitmap: 14 32
bitmap: 40 22
bitmap: 40 22
bitmap: 40 22
bitmap: 40 20
bitmap: 16 30
bitmap: 40 22
bitmap: 40 22
bitmap: 42 20
bitmap: 40 22
bitmap: 40 22
bitmap: 40 22
bitmap: 14 30
bitmap: 40 20
bitmap: 42 24
bitmap: 40 22
bitmap: 40 22
bitmap: 40 22
bitmap: 42 22
bitmap: 40 22
bitmap: 40 22
bitmap: 42 22
bitmap: 40 22
bitmap: 42 22
bitmap: 40 22
bitmap: 16 30
bitmap: 40 20
bitmap: 40 22
bitmap: 42 22
bitmap: 42 20
bitmap: 40 20
bitmap: 40 22
bitmap: 42 22
bitmap: 40 22
bitmap: 40 22
bitmap: 40 22
bitmap: 40 20
bitmap: 40 22
bitmap: 40 22
bitmap: 38 22
bitmap: 14 32
bitmap: 40 22
bitmap: 40 22
bitmap: 42 22
bitmap: 42 22
bitmap: 60 20
bitmap: 42 22
bitmap: 42 22
bitmap: 40 22
bitmap: 44 22
bitmap: 42 22
bitmap: 40 20
bitmap: 40 22
bitmap: 40 22
bitmap: 40 20
bitmap: 42 22
bitmap: 38 22
bitmap: 42 22
bitmap: 40 20
bitmap: 40 22
bitmap: 40 20
bitmap: 40 20
bitmap: 40 22
bitmap: 42 22
bitmap: 42 24
bitmap: 42 22
bitmap: 42 24
bitmap: 40 24
bitmap: 42 22
bitmap: 40 24
bitmap: 56 22
bitmap: 44 22
bitmap: 42 22
bitmap: 40 20
bitmap: 42 22
bitmap: 40 24
bitmap: 42 24
bitmap: 42 22
bitmap: 40 24
bitmap: 40 22
bitmap: 42 22
bitmap: 42 22
bitmap: 42 22
bitmap: 40 20
bitmap: 42 22
bitmap: 40 22
bitmap: 42 22
bitmap: 44 22
bitmap: 40 22
bitmap: 38 22
bitmap: 40 22
bitmap: 62 20
bitmap: 40 22
bitmap: 40 20
bitmap: 40 20
bitmap: 42 22
bitmap: 42 22
bitmap: 42 24
bitmap: 42 22
bitmap: 42 24
bitmap: 40 20
bitmap: 40 24
bitmap: 42 22
bitmap: 40 24
bitmap: 42 22
bitmap: 44 22
bitmap: 42 22
bitmap: 40 22
bitmap: 16 28
bitmap: 42 22
bitmap: 42 22
bitmap: 42 22
bitmap: 40 22
bitmap: 40 22
bitmap: 40 22
bitmap: 20 22
bitmap: 40 20
bitmap: 42 22
bitmap: 40 22
bitmap: 42 22
bitmap: 40 22
bitmap: 16 32
bitmap: 40 22
bitmap: 40 22
bitmap: 40 22
bitmap: 40 20
bitmap: 40 20
bitmap: 40 22
bitmap: 40 22
bitmap: 42 22
bitmap: 40 22
bitmap: 40 20
bitmap: 40 20
bitmap: 40 22
bitmap: 42 22
bitmap: 42 22
bitmap: 40 22
bitmap: 40 22
bitmap: 40 64
bitmap: 40 22
bitmap: 40 22
bitmap: 40 22
bitmap: 40 22
bitmap: 42 22
bitmap: 40 20
bitmap: 40 44
bitmap: 40 22
bitmap: 40 22
bitmap: 40 22
bitmap: 40 22
bitmap: 40 22
bitmap: 42 20
bitmap: 40 22
bitmap: 40 38
bitmap: 40 22
bitmap: 42 22
bitmap: 38 24
bitmap: 40 20
bitmap: 42 24
bitmap: 42 22
bitmap: 40 22
bitmap: 40 22
bitmap: 40 22
bitmap: 40 22
bitmap: 40 22
bitmap: 40 22
bitmap: 40 22
bitmap: 40 24
bitmap: 40 20
bitmap: 42 22
bitmap: 42 22
bitmap: 42 22
bitmap: 16 32
bitmap: 40 20
bitmap: 40 22
bitmap: 40 22
bitmap: 14 30
bitmap: 40 22
bitmap: 40 22
bitmap: 40 22
bitmap: 40 22
bitmap: 40 22
bitmap: 42 22
bitmap: 42 22
bitmap: 42 22
bitmap: 42 22
bitmap: 42 22
bitmap: 40 22
bitmap: 42 20
bitmap: 40 22
bitmap: 40 22
bitmap: 40 22
bitmap: 40 20
bitmap: 40 22
bitmap: 40 20
bitmap: 40 20
bitmap: 40 22
bitmap: 14 32
bitmap: 40 22
bitmap: 40 22
bitmap: 40 20
bitmap: 42 22
bitmap: 16 30
bitmap: 40 20
bitmap: 58 22
bitmap: 44 22
bitmap: 42 22
bitmap: 42 22
bitmap: 42 22
bitmap: 40 22
bitmap: 42 22
bitmap: 40 22
bitmap: 14 32
bitmap: 40 22
bitmap: 42 22
bitmap: 40 22
bitmap: 42 20
bitmap: 16 32
bitmap: 42 24
bitmap: 42 22
bitmap: 42 22
bitmap: 42 22
bitmap: 14 32
bitmap: 40 20
bitmap: 40 22
bitmap: 40 20
bitmap: 40 22
bitmap: 16 30
bitmap: 42 22
bitmap: 42 24
bitmap: 42 24
bitmap: 42 24
bitmap: 14 32
bitmap: 40 66
bitmap: 40 22
bitmap: 40 20
bitmap: 40 22
bitmap: 14 30
bitmap: 40 22
bitmap: 40 20
bitmap: 42 22
bitmap: 40 22
bitmap: 16 32
bitmap: 42 20
bitmap: 40 22
bitmap: 42 22
bitmap: 40 20
bitmap: 40 22
bitmap: 40 20
bitmap: 42 22
bitmap: 42 22
bitmap: 42 22
bitmap: 14 34
bitmap: 40 22
bitmap: 40 22
bitmap: 40 20
bitmap: 42 20
bitmap: 16 30
bitmap: 42 22
bitmap: 40 22
bitmap: 40 22
bitmap: 42 22
bitmap: 20 18
bitmap: 42 22
bitmap: 44 24
bitmap: 40 22
bitmap: 42 22
bitmap: 14 30
bitmap: 40 22
bitmap: 40 22
bitmap: 42 24
bitmap: 42 22
bitmap: 40 22
bitmap: 40 22
bitmap: 44 22
bitmap: 20 20
bitmap: 42 22
bitmap: 42 24
bitmap: 40 22
bitmap: 40 22
bitmap: 40 20
bitmap: 40 24
bitmap: 14 30
bitmap: 42 22
bitmap: 42 22
bitmap: 40 22
bitmap: 40 22
bitmap: 16 30
bitmap: 40 24
bitmap: 42 22
bitmap: 42 24
bitmap: 40 22
bitmap: 16 32
bitmap: 40 20
bitmap: 42 22
bitmap: 40 22
bitmap: 42 22
bitmap: 60 22
bitmap: 42 22
bitmap: 44 22
bitmap: 16 30
bitmap: 40 22
bitmap: 40 22
bitmap: 42 22
bitmap: 42 22
bitmap: 40 22
bitmap: 42 22
bitmap: 40 22
bitmap: 40 22
bitmap: 40 22
bitmap: 40 22
bitmap: 42 22
bitmap: 40 20
bitmap: 42 22
bitmap: 42 26
bitmap: 40 24
bitmap: 40 22
bitmap: 40 22
bitmap: 42 24
bitmap: 42 22
bitmap: 42 22
bitmap: 42 22
bitmap: 40 22
bitmap: 18 30
bitmap: 42 22
bitmap: 42 22
bitmap: 40 20
bitmap: 42 22
bitmap: 38 22
bitmap: 40 22
bitmap: 40 22
bitmap: 40 20
bitmap: 42 22
bitmap: 60 20
bitmap: 42 22
bitmap: 40 22
bitmap: 44 22
bitmap: 40 20
bitmap: 40 20
bitmap: 40 22
bitmap: 40 22
bitmap: 40 22
bitmap: 42 22
bitmap: 62 20
bitmap: 40 20
bitmap: 42 52
bitmap: 42 22
bitmap: 42 22
bitmap: 42 22
bitmap: 40 20
bitmap: 40 22
bitmap: 40 20
bitmap: 40 20
bitmap: 40 42
bitmap: 40 22
bitmap: 40 22
bitmap: 42 22
bitmap: 40 20
bitmap: 14 32
bitmap: 40 22
bitmap: 42 22
bitmap: 40 22
bitmap: 42 62
bitmap: 64 22
bitmap: 38 22
bitmap: 42 22
bitmap: 40 22
bitmap: 40 22
bitmap: 40 22
bitmap: 40 46
bitmap: 40 34
bitmap: 40 20
bitmap: 42 22
bitmap: 12 32
bitmap: 42 22
bitmap: 40 22
bitmap: 42 22
bitmap: 40 78
bitmap: 14 32
bitmap: 40 22
bitmap: 42 22
bitmap: 40 22
bitmap: 40 20
bitmap: 40 20
bitmap: 38 22
bitmap: 40 82
bitmap: 42 22
bitmap: 40 22
bitmap: 42 22
bitmap: 40 20
bitmap: 62 20
bitmap: 42 22
bitmap: 42 22
bitmap: 14 34
bitmap: 42 22
bitmap: 44 22
bitmap: 40 20
bitmap: 40 20
bitmap: 40 20
bitmap: 42 22
bitmap: 40 22
bitmap: 40 20
bitmap: 40 22
bitmap: 40 20
bitmap: 42 22
bitmap: 40 22
bitmap: 40 20
bitmap: 42 22
bitmap: 40 20
bitmap: 40 20
bitmap: 40 20
bitmap: 38 22
bitmap: 40 24
bitmap: 40 20
bitmap: 40 22
bitmap: 40 24
bitmap: 40 24
bitmap: 40 20
bitmap: 42 24
bitmap: 42 22
bitmap: 42 24
bitmap: 42 20
bitmap: 42 22
bitmap: 40 22
bitmap: 42 24
bitmap: 40 22
bitmap: 40 22
bitmap: 42 22
bitmap: 20 18
bitmap: 42 22
bitmap: 42 22
bitmap: 40 22
bitmap: 42 22
bitmap: 40 22
bitmap: 40 22
bitmap: 44 22
bitmap: 40 20
bitmap: 40 22
bitmap: 16 30
bitmap: 42 22
bitmap: 40 22
bitmap: 40 20
bitmap: 42 20
bitmap: 40 22
bitmap: 42 22
bitmap: 42 22
bitmap: 40 22
bitmap: 40 20
bitmap: 40 22
bitmap: 40 22
bitmap: 40 22
bitmap: 42 22
bitmap: 40 22
bitmap: 42 22
bitmap: 42 22
bitmap: 42 22
bitmap: 42 22
bitmap: 42 22
bitmap: 40 24
bitmap: 42 22
bitmap: 42 22
bitmap: 40 20
bitmap: 42 22
bitmap: 42 22
bitmap: 40 22
bitmap: 42 22
bitmap: 42 22
bitmap: 40 20
bitmap: 40 22
bitmap: 14 32
bitmap: 40 22
bitmap: 40 22
bitmap: 42 22
bitmap: 42 22
bitmap: 42 20
bitmap: 42 22
bitmap: 40 22
bitmap: 40 22
bitmap: 42 22
bitmap: 42 22
bitmap: 42 22
bitmap: 42 22
bitmap: 42 22
bitmap: 40 22
bitmap: 44 24
bitmap: 40 22
bitmap: 40 22
bitmap: 42 22
bitmap: 42 22
bitmap: 40 22
bitmap: 42 22
bitmap: 42 22
bitmap: 40 22
bitmap: 42 22
bitmap: 44 22
bitmap: 42 22
bitmap: 40 20
bitmap: 42 22
bitmap: 40 22
bitmap: 62 22
bitmap: 40 20
bitmap: 42 26
bitmap: 38 22
bitmap: 40 20
bitmap: 40 20
bitmap: 40 22
bitmap: 40 20
bitmap: 42 22
bitmap: 44 22
bitmap: 14 32
bitmap: 42 22
bitmap: 40 22
bitmap: 40 22
bitmap: 42 22
bitmap: 40 20
bitmap: 40 20
bitmap: 40 20
bitmap: 44 22
bitmap: 42 22
bitmap: 16 30
bitmap: 40 22
bitmap: 40 22
bitmap: 42 22
bitmap: 42 22
bitmap: 40 20
bitmap: 40 24
bitmap: 40 22
bitmap: 42 24
bitmap: 40 20
bitmap: 14 16
bitmap: 42 22
bitmap: 42 22
bitmap: 40 22
bitmap: 42 22
bitmap: 42 22
bitmap: 42 22
bitmap: 42 22
bitmap: 42 24
bitmap: 40 22
bitmap: 40 20
bitmap: 58 20
bitmap: 40 22
bitmap: 40 24
bitmap: 40 22
bitmap: 40 22
bitmap: 42 22
bitmap: 40 22
bitmap: 40 24
bitmap: 42 22
bitmap: 40 24
bitmap: 16 30
bitmap: 40 22
bitmap: 40 22
bitmap: 42 22
bitmap: 40 22
bitmap: 40 20
bitmap: 42 24
bitmap: 42 24
bitmap: 42 20
bitmap: 40 22
bitmap: 40 22
bitmap: 40 22
bitmap: 40 22
bitmap: 42 22
bitmap: 40 22
bitmap: 40 22
bitmap: 40 22
bitmap: 40 22
bitmap: 42 22
bitmap: 42 36
bitmap: 40 24
bitmap: 42 22
bitmap: 40 24
bitmap: 40 22
bitmap: 42 22
bitmap: 40 24
bitmap: 42 22
bitmap: 42 40
bitmap: 42 24
bitmap: 42 22
bitmap: 42 22
bitmap: 40 24
bitmap: 20 16
bitmap: 40 20
bitmap: 42 22
bitmap: 40 52
bitmap: 40 24
bitmap: 40 22
bitmap: 42 24
bitmap: 42 22
bitmap: 18 20
bitmap: 42 22
bitmap: 40 22
bitmap: 40 20
bitmap: 42 22
bitmap: 16 32
bitmap: 40 20
bitmap: 40 22
bitmap: 42 22
bitmap: 40 24
bitmap: 40 24
bitmap: 40 42
bitmap: 40 22
bitmap: 40 20
bitmap: 40 22
bitmap: 60 22
bitmap: 40 22
bitmap: 40 22
bitmap: 42 22
bitmap: 42 22
bitmap: 14 18
bitmap: 42 24
bitmap: 42 24
bitmap: 40 24
bitmap: 40 22
bitmap: 40 24
bitmap: 42 24
bitmap: 40 44
bitmap: 40 22
bitmap: 40 20
bitmap: 40 22
bitmap: 62 22
bitmap: 42 22
bitmap: 40 22
bitmap: 42 22
bitmap: 44 52
bitmap: 40 20
bitmap: 40 26
bitmap: 42 22
bitmap: 40 20
bitmap: 40 22
bitmap: 40 20
bitmap: 42 22
bitmap: 40 42
bitmap: 40 22
bitmap: 42 22
bitmap: 40 20
bitmap: 42 22
bitmap: 42 22
bitmap: 42 22
bitmap: 40 20
bitmap: 14 32
bitmap: 40 22
bitmap: 42 50
bitmap: 40 20
bitmap: 40 22
bitmap: 40 22
bitmap: 42 22
bitmap: 40 22
bitmap: 40 20
bitmap: 40 20
bitmap: 42 22
bitmap: 40 20
bitmap: 42 22
bitmap: 40 24
bitmap: 40 20
bitmap: 16 32
bitmap: 42 22
bitmap: 40 22
bitmap: 42 22
bitmap: 40 22
bitmap: 14 30
bitmap: 40 22
bitmap: 40 22
bitmap: 40 22
bitmap: 42 50
bitmap: 42 22
bitmap: 40 22
bitmap: 40 22
bitmap: 40 20
bitmap: 42 22
bitmap: 66 22
bitmap: 42 22
bitmap: 42 54
bitmap: 42 22
bitmap: 40 22
bitmap: 42 22
bitmap: 42 22
bitmap: 38 22
bitmap: 40 24
bitmap: 42 22
bitmap: 42 46
bitmap: 40 24
bitmap: 40 22
bitmap: 42 22
bitmap: 40 22
bitmap: 42 22
bitmap: 40 20
bitmap: 42 22
bitmap: 40 20
bitmap: 40 20
bitmap: 40 22
bitmap: 40 20
bitmap: 42 22
bitmap: 38 22
bitmap: 40 20
bitmap: 40 22
bitmap: 42 22
bitmap: 44 22
bitmap: 42 22
bitmap: 40 20
bitmap: 14 32
bitmap: 40 20
bitmap: 40 24
bitmap: 42 22
bitmap: 42 22
bitmap: 12 28
bitmap: 40 20
bitmap: 44 24
bitmap: 42 22
bitmap: 40 22
bitmap: 40 22
bitmap: 42 24
bitmap: 40 22
bitmap: 40 22
bitmap: 40 22
bitmap: 14 32
bitmap: 42 22
bitmap: 40 22
bitmap: 40 22
bitmap: 42 22
bitmap: 42 22
bitmap: 40 20
bitmap: 42 22
bitmap: 42 22
bitmap: 42 22
bitmap: 40 22
bitmap: 42 22
bitmap: 40 20
bitmap: 40 22
bitmap: 40 22
bitmap: 42 22
bitmap: 40 22
bitmap: 40 22
bitmap: 40 22
bitmap: 40 20
bitmap: 16 32
bitmap: 42 22
bitmap: 42 22
bitmap: 44 24
bitmap: 40 20
bitmap: 40 22
bitmap: 44 24
bitmap: 42 22
bitmap: 40 22
bitmap: 42 22
bitmap: 42 22
bitmap: 42 22
bitmap: 40 20
bitmap: 42 22
bitmap: 40 22
bitmap: 42 22
bitmap: 14 30
bitmap: 42 22
bitmap: 40 22
bitmap: 66 22
bitmap: 40 22
