bitmap: 56 20
bitmap: 38 64
bitmap: 62 22
bitmap: 40 24
bitmap: 38 62
bitmap: 40 18
bitmap: 42 22
bitmap: 42 22
bitmap: 38 22
bitmap: 14 42
bitmap: 40 22
bitmap: 56 20
bitmap: 36 20
bitmap: 56 20
bitmap: 38 20
bitmap: 38 20
bitmap: 56 20
bitmap: 54 22
bitmap: 16 30
bitmap: 54 20
bitmap: 36 22
bitmap: 36 22
bitmap: 38 20
bitmap: 56 20
bitmap: 38 18
bitmap: 56 20
bitmap: 36 22
bitmap: 40 22
bitmap: 54 22
bitmap: 56 20
bitmap: 60 18
bitmap: 30 22
bitmap: 40 20
bitmap: 38 20
bitmap: 54 20
bitmap: 54 22
bitmap: 38 22
bitmap: 14 38
bitmap: 52 22
bitmap: 38 18
bitmap: 38 20
bitmap: 38 18
bitmap: 54 22
bitmap: 38 22
bitmap: 38 20
bitmap: 38 20
bitmap: 40 18
bitmap: 54 22
bitmap: 40 22
bitmap: 38 20
bitmap: 18 38
bitmap: 54 22
bitmap: 38 20
bitmap: 54 22
bitmap: 14 38
bitmap: 54 20
bitmap: 38 18
bitmap: 52 22
bitmap: 54 22
bitmap: 36 20
bitmap: 38 18
bitmap: 40 20
bitmap: 38 24
bitmap: 16 38
bitmap: 54 20
bitmap: 38 22
bitmap: 54 22
bitmap: 54 20
bitmap: 54 20
bitmap: 54 20
bitmap: 36 22
bitmap: 42 22
bitmap: 40 20
bitmap: 38 22
bitmap: 56 20
bitmap: 40 22
bitmap: 40 20
bitmap: 38 18
bitmap: 56 20
bitmap: 40 20
bitmap: 54 22
bitmap: 36 22
bitmap: 14 38
bitmap: 38 18
bitmap: 38 20
bitmap: 40 18
bitmap: 38 20
bitmap: 40 20
bitmap: 56 20
bitmap: 38 18
bitmap: 40 22
bitmap: 54 22
bitmap: 38 22
bitmap: 16 38
bitmap: 60 22
bitmap: 56 20
bitmap: 54 22
bitmap: 38 22
bitmap: 46 22
bitmap: 60 22
bitmap: 84 20
bitmap: 40 34
bitmap: 40 24
bitmap: 40 22
bitmap: 84 20
bitmap: 40 24
bitmap: 42 22
bitmap: 42 22
bitmap: 40 22
bitmap: 40 22
bitmap: 44 22
bitmap: 40 20
bitmap: 42 22
bitmap: 40 20
bitmap: 40 22
bitmap: 42 22
bitmap: 42 42
bitmap: 40 22
bitmap: 40 20
bitmap: 42 22
bitmap: 40 22
bitmap: 42 22
bitmap: 64 18
bitmap: 40 20
bitmap: 12 32
bitmap: 42 22
bitmap: 42 22
bitmap: 40 22
bitmap: 42 22
bitmap: 40 20
bitmap: 40 20
bitmap: 40 22
bitmap: 40 20
bitmap: 42 22
bitmap: 40 20
bitmap: 40 20
bitmap: 42 22
bitmap: 40 20
bitmap: 40 22
bitmap: 40 20
bitmap: 40 22
bitmap: 40 22
bitmap: 40 22
bitmap: 40 20
bitmap: 14 32
bitmap: 40 20
bitmap: 42 22
bitmap: 42 22
bitmap: 40 22
bitmap: 60 22
bitmap: 40 22
bitmap: 66 26
bitmap: 42 22
bitmap: 42 22
bitmap: 42 22
bitmap: 14 32
bitmap: 40 20
bitmap: 40 20
bitmap: 40 22
bitmap: 40 22
bitmap: 40 20
bitmap: 40 22
bitmap: 42 22
bitmap: 40 20
bitmap: 38 22
bitmap: 40 22
bitmap: 40 22
bitmap: 40 20
bitmap: 42 22
bitmap: 42 22
bitmap: 40 20
bitmap: 40 22
bitmap: 40 22
bitmap: 40 22
bitmap: 42 22
bitmap: 16 30
bitmap: 40 20
bitmap: 40 22
bitmap: 40 22
bitmap: 42 22
bitmap: 42 22
bitmap: 44 22
bitmap: 40 24
bitmap: 42 22
bitmap: 40 24
bitmap: 42 22
bitmap: 54 24
bitmap: 40 22
bitmap: 40 24
bitmap: 44 30
bitmap: 40 22
bitmap: 42 24
bitmap: 40 22
bitmap: 42 24
bitmap: 40 22
bitmap: 42 22
bitmap: 40 22
bitmap: 40 22
bitmap: 42 22
bitmap: 40 20
bitmap: 40 22
bitmap: 40 24
bitmap: 40 22
bitmap: 42 22
bitmap: 52 24
bitmap: 40 22
bitmap: 14 32
bitmap: 40 22
bitmap: 40 20
bitmap: 42 22
bitmap: 40 22
bitmap: 18 20
bitmap: 40 22
bitmap: 40 22
bitmap: 40 22
bitmap: 40 22
bitmap: 40 20
bitmap: 42 22
bitmap: 40 22
bitmap: 44 22
bitmap: 42 22
bitmap: 46 22
bitmap: 40 22
bitmap: 40 22
bitmap: 42 22
bitmap: 40 22
bitmap: 42 22
bitmap: 38 22
bitmap: 40 22
bitmap: 40 22
bitmap: 42 22
bitmap: 38 22
bitmap: 16 30
bitmap: 40 22
bitmap: 40 22
bitmap: 40 22
bitmap: 42 22
bitmap: 42 22
bitmap: 40 22
bitmap: 40 22
bitmap: 40 20
bitmap: 40 22
bitmap: 42 22
bitmap: 42 22
bitmap: 40 22
bitmap: 40 24
bitmap: 40 20
bitmap: 42 24
bitmap: 40 22
bitmap: 40 20
bitmap: 40 22
bitmap: 42 22
bitmap: 40 22
bitmap: 42 22
bitmap: 40 22
bitmap: 42 22
bitmap: 42 22
bitmap: 40 22
bitmap: 42 24
bitmap: 40 20
bitmap: 40 24
bitmap: 40 24
bitmap: 42 22
bitmap: 40 24
bitmap: 42 22
bitmap: 40 22
bitmap: 40 24
bitmap: 14 30
bitmap: 42 22
bitmap: 40 24
bitmap: 40 20
bitmap: 40 24
bitmap: 40 22
bitmap: 40 22
bitmap: 40 22
bitmap: 40 22
bitmap: 40 20
bitmap: 40 20
bitmap: 40 22
bitmap: 40 22
bitmap: 42 22
bitmap: 38 22
bitmap: 16 32
bitmap: 44 24
bitmap: 42 22
bitmap: 40 24
bitmap: 52 22
bitmap: 16 32
bitmap: 40 22
bitmap: 42 30
bitmap: 40 22
bitmap: 42 22
bitmap: 40 20
bitmap: 42 22
bitmap: 40 22
bitmap: 42 22
bitmap: 40 22
bitmap: 40 22
bitmap: 40 22
bitmap: 40 22
bitmap: 38 22
bitmap: 44 22
bitmap: 40 24
bitmap: 42 22
bitmap: 40 22
bitmap: 42 24
bitmap: 40 22
bitmap: 42 24
bitmap: 42 22
bitmap: 42 22
bitmap: 44 22
bitmap: 40 20
bitmap: 42 22
bitmap: 42 22
bitmap: 48 22
bitmap: 40 20
bitmap: 42 22
bitmap: 40 20
bitmap: 40 20
bitmap: 42 22
bitmap: 44 22
bitmap: 42 22
bitmap: 40 20
bitmap: 42 20
bitmap: 14 30
bitmap: 42 22
bitmap: 40 20
bitmap: 42 20
bitmap: 42 20
bitmap: 14 32
bitmap: 42 22
bitmap: 42 20
bitmap: 40 20
bitmap: 40 20
bitmap: 14 32
bitmap: 40 22
bitmap: 40 22
bitmap: 40 22
bitmap: 40 22
bitmap: 14 32
bitmap: 40 22
bitmap: 42 22
bitmap: 40 20
bitmap: 44 20
bitmap: 18 14
bitmap: 40 20
bitmap: 40 20
bitmap: 40 22
bitmap: 42 22
bitmap: 40 50
bitmap: 46 20
bitmap: 40 20
bitmap: 40 20
bitmap: 40 22
bitmap: 42 22
bitmap: 40 22
bitmap: 40 22
bitmap: 40 22
bitmap: 42 22
bitmap: 40 20
bitmap: 42 22
bitmap: 40 20
bitmap: 44 20
bitmap: 42 22
bitmap: 42 22
bitmap: 42 22
bitmap: 40 22
bitmap: 42 22
bitmap: 42 22
bitmap: 42 22
bitmap: 42 22
bitmap: 42 22
bitmap: 42 22
bitmap: 40 22
bitmap: 40 22
bitmap: 16 32
bitmap: 40 20
bitmap: 40 22
bitmap: 42 22
bitmap: 42 22
bitmap: 16 32
bitmap: 44 22
bitmap: 42 22
bitmap: 16 32
bitmap: 40 22
bitmap: 42 22
bitmap: 40 22
bitmap: 44 24
bitmap: 40 42
bitmap: 42 26
bitmap: 40 20
bitmap: 40 24
bitmap: 42 22
bitmap: 40 20
bitmap: 40 22
bitmap: 40 22
bitmap: 42 54
bitmap: 42 22
bitmap: 44 22
bitmap: 40 22
bitmap: 42 24
bitmap: 42 22
bitmap: 42 22
bitmap: 42 24
bitmap: 40 20
bitmap: 42 22
bitmap: 42 22
bitmap: 40 22
bitmap: 40 22
bitmap: 40 22
bitmap: 42 22
bitmap: 14 18
bitmap: 40 22
bitmap: 42 22
bitmap: 40 22
bitmap: 40 22
bitmap: 42 22
bitmap: 14 32
bitmap: 40 22
bitmap: 42 22
bitmap: 44 22
bitmap: 40 20
bitmap: 16 30
bitmap: 40 20
bitmap: 42 22
bitmap: 40 22
bitmap: 42 22
bitmap: 46 20
bitmap: 40 22
bitmap: 42 22
bitmap: 36 22
bitmap: 40 24
bitmap: 44 24
bitmap: 40 20
bitmap: 42 22
bitmap: 42 22
bitmap: 42 22
bitmap: 48 22
bitmap: 44 22
bitmap: 42 22
bitmap: 40 22
bitmap: 40 22
bitmap: 46 24
bitmap: 40 22
bitmap: 42 48
bitmap: 42 22
bitmap: 40 22
bitmap: 46 22
bitmap: 40 20
bitmap: 42 22
bitmap: 40 20
bitmap: 40 22
bitmap: 14 32
bitmap: 42 24
bitmap: 40 20
bitmap: 42 22
bitmap: 42 24
bitmap: 40 22
bitmap: 40 22
bitmap: 42 22
bitmap: 42 22
bitmap: 40 22
bitmap: 40 22
bitmap: 40 22
bitmap: 16 32
bitmap: 42 24
bitmap: 40 22
bitmap: 14 32
bitmap: 40 20
bitmap: 40 20
bitmap: 40 20
bitmap: 42 22
bitmap: 40 20
bitmap: 42 24
bitmap: 42 22
bitmap: 40 24
bitmap: 40 20
bitmap: 14 18
bitmap: 42 22
bitmap: 40 22
bitmap: 42 22
bitmap: 40 20
bitmap: 18 18
bitmap: 40 20
bitmap: 40 20
bitmap: 40 22
bitmap: 42 26
bitmap: 40 22
bitmap: 42 20
bitmap: 40 26
bitmap: 40 20
bitmap: 42 22
bitmap: 40 22
bitmap: 40 22
bitmap: 42 22
bitmap: 40 24
bitmap: 40 22
bitmap: 40 22
bitmap: 40 22
bitmap: 42 22
bitmap: 40 22
bitmap: 42 24
bitmap: 40 24
bitmap: 42 22
bitmap: 42 22
bitmap: 18 30
bitmap: 40 24
bitmap: 42 24
bitmap: 40 20
bitmap: 40 22
bitmap: 40 22
bitmap: 42 22
bitmap: 40 22
bitmap: 40 20
bitmap: 42 22
bitmap: 40 24
bitmap: 40 20
bitmap: 40 24
bitmap: 44 20
bitmap: 40 24
bitmap: 42 22
bitmap: 40 22
bitmap: 42 22
bitmap: 42 24
bitmap: 14 16
bitmap: 40 22
bitmap: 40 20
bitmap: 44 22
bitmap: 40 22
bitmap: 16 18
bitmap: 40 20
bitmap: 42 22
bitmap: 42 22
bitmap: 40 22
bitmap: 44 22
bitmap: 44 22
bitmap: 42 22
bitmap: 42 22
bitmap: 40 20
bitmap: 42 22
bitmap: 40 20
bitmap: 40 20
bitmap: 40 20
bitmap: 40 22
bitmap: 42 22
bitmap: 40 22
bitmap: 40 22
bitmap: 40 22
bitmap: 40 20
bitmap: 40 20
bitmap: 40 22
bitmap: 42 22
bitmap: 42 22
bitmap: 42 22
bitmap: 40 22
bitmap: 44 22
bitmap: 42 22
bitmap: 42 22
bitmap: 40 22
bitmap: 42 22
bitmap: 42 22
bitmap: 44 22
bitmap: 40 22
bitmap: 40 22
bitmap: 40 44
bitmap: 46 20
bitmap: 40 20
bitmap: 42 22
bitmap: 40 22
bitmap: 42 22
bitmap: 40 22
bitmap: 42 22
bitmap: 40 20
bitmap: 40 22
bitmap: 40 22
bitmap: 16 30
bitmap: 42 22
bitmap: 42 22
bitmap: 40 22
bitmap: 42 22
bitmap: 42 22
bitmap: 42 22
bitmap: 40 22
bitmap: 40 22
bitmap: 42 22
bitmap: 40 22
bitmap: 40 22
bitmap: 38 22
bitmap: 40 20
bitmap: 40 26
bitmap: 42 22
bitmap: 40 22
bitmap: 40 22
bitmap: 40 22
bitmap: 42 22
bitmap: 38 22
bitmap: 40 22
bitmap: 40 20
bitmap: 40 22
bitmap: 42 26
bitmap: 42 22
bitmap: 40 24
bitmap: 40 22
bitmap: 40 22
bitmap: 42 56
bitmap: 42 20
bitmap: 40 20
bitmap: 40 22
bitmap: 40 20
bitmap: 42 22
bitmap: 40 22
bitmap: 40 20
bitmap: 42 48
bitmap: 42 34
bitmap: 40 22
bitmap: 40 22
bitmap: 40 20
bitmap: 42 22
bitmap: 42 22
bitmap: 42 22
bitmap: 40 42
bitmap: 40 22
bitmap: 42 22
bitmap: 40 22
bitmap: 40 22
bitmap: 40 22
bitmap: 40 22
bitmap: 40 22
bitmap: 40 56
bitmap: 40 22
bitmap: 40 20
bitmap: 42 22
bitmap: 40 22
bitmap: 42 22
bitmap: 40 22
bitmap: 40 20
bitmap: 42 22
bitmap: 40 22
bitmap: 42 22
bitmap: 42 24
bitmap: 42 22
bitmap: 40 22
bitmap: 42 22
bitmap: 40 22
bitmap: 42 22
bitmap: 42 22
bitmap: 40 22
bitmap: 40 20
bitmap: 42 22
bitmap: 40 22
bitmap: 42 22
bitmap: 40 22
bitmap: 42 22
bitmap: 40 22
bitmap: 42 22
bitmap: 40 22
bitmap: 40 20
bitmap: 40 20
bitmap: 40 22
bitmap: 40 20
bitmap: 44 22
bitmap: 40 22
bitmap: 40 20
bitmap: 42 22
bitmap: 40 22
bitmap: 42 22
bitmap: 42 22
bitmap: 42 22
bitmap: 40 20
bitmap: 42 20
bitmap: 40 22
bitmap: 44 22
bitmap: 40 20
bitmap: 42 22
bitmap: 44 22
bitmap: 40 22
bitmap: 40 22
bitmap: 42 22
bitmap: 42 20
bitmap: 40 22
bitmap: 40 22
bitmap: 42 22
bitmap: 40 20
bitmap: 40 20
bitmap: 42 22
bitmap: 40 20
bitmap: 40 20
bitmap: 48 26
bitmap: 40 20
bitmap: 42 26
bitmap: 40 24
bitmap: 40 24
bitmap: 40 22
bitmap: 40 20
bitmap: 42 22
bitmap: 42 22
bitmap: 40 22
bitmap: 42 22
bitmap: 40 20
bitmap: 44 22
bitmap: 42 22
bitmap: 42 22
bitmap: 40 22
bitmap: 14 18
bitmap: 40 22
bitmap: 40 20
bitmap: 40 20
bitmap: 42 22
bitmap: 40 20
bitmap: 42 22
bitmap: 42 22
bitmap: 42 22
bitmap: 42 22
bitmap: 42 22
bitmap: 40 46
bitmap: 40 20
bitmap: 42 22
bitmap: 40 20
bitmap: 40 22
bitmap: 42 22
bitmap: 42 22
bitmap: 42 22
bitmap: 42 22
bitmap: 40 22
bitmap: 42 22
bitmap: 40 22
bitmap: 40 22
bitmap: 40 22
bitmap: 42 22
bitmap: 42 24
bitmap: 40 22
bitmap: 40 22
bitmap: 42 22
bitmap: 40 20
bitmap: 40 22
bitmap: 42 22
bitmap: 40 20
bitmap: 42 22
bitmap: 42 22
bitmap: 42 22
bitmap: 40 20
bitmap: 42 22
bitmap: 42 22
bitmap: 44 22
bitmap: 42 22
bitmap: 42 22
bitmap: 40 20
bitmap: 42 22
bitmap: 40 20
bitmap: 42 22
bitmap: 40 22
bitmap: 42 22
bitmap: 42 22
bitmap: 44 22
bitmap: 42 22
bitmap: 42 22
bitmap: 44 20
bitmap: 40 24
bitmap: 40 22
bitmap: 42 22
bitmap: 40 22
bitmap: 40 22
bitmap: 40 22
bitmap: 42 22
bitmap: 42 22
bitmap: 40 20
bitmap: 42 22
bitmap: 42 22
bitmap: 40 20
bitmap: 42 22
bitmap: 40 20
bitmap: 40 22
bitmap: 42 22
bitmap: 40 20
bitmap: 42 22
bitmap: 42 22
bitmap: 42 20
bitmap: 42 22
bitmap: 40 20
bitmap: 40 22
bitmap: 42 22
bitmap: 40 22
bitmap: 40 22
bitmap: 40 20
bitmap: 44 22
bitmap: 42 22
bitmap: 40 22
bitmap: 40 20
bitmap: 42 22
bitmap: 40 26
bitmap: 44 22
bitmap: 40 20
bitmap: 40 24
bitmap: 40 24
bitmap: 46 22
bitmap: 42 22
bitmap: 42 24
bitmap: 40 20
bitmap: 42 22
bitmap: 44 22
bitmap: 40 24
bitmap: 42 24
bitmap: 40 22
bitmap: 40 20
bitmap: 40 22
bitmap: 42 22
bitmap: 40 20
bitmap: 40 22
bitmap: 42 22
bitmap: 40 20
bitmap: 42 22
bitmap: 40 22
bitmap: 42 48
bitmap: 42 22
bitmap: 40 24
bitmap: 40 22
bitmap: 40 22
bitmap: 40 22
bitmap: 42 22
bitmap: 40 24
bitmap: 42 62
bitmap: 40 22
bitmap: 42 22
bitmap: 42 22
bitmap: 40 20
bitmap: 44 22
bitmap: 40 20
bitmap: 40 20
bitmap: 40 40
bitmap: 42 22
bitmap: 42 20
bitmap: 40 20
bitmap: 40 22
bitmap: 40 22
bitmap: 40 24
bitmap: 40 22
bitmap: 42 56
bitmap: 42 22
bitmap: 42 22
bitmap: 40 20
bitmap: 40 22
bitmap: 40 22
bitmap: 42 22
bitmap: 42 22
bitmap: 40 60
bitmap: 40 22
bitmap: 40 22
bitmap: 40 22
bitmap: 40 20
bitmap: 42 20
bitmap: 42 20
bitmap: 40 20
bitmap: 40 54
bitmap: 40 22
bitmap: 42 22
bitmap: 40 22
bitmap: 40 22
bitmap: 40 20
bitmap: 42 22
bitmap: 40 22
bitmap: 40 36
bitmap: 40 22
bitmap: 40 22
bitmap: 40 20
bitmap: 44 22
bitmap: 40 22
bitmap: 44 22
bitmap: 40 20
bitmap: 42 58
bitmap: 40 20
bitmap: 40 20
bitmap: 40 22
bitmap: 40 20
bitmap: 42 22
bitmap: 42 22
bitmap: 42 22
bitmap: 40 24
bitmap: 14 32
bitmap: 44 22
bitmap: 40 22
bitmap: 40 20
bitmap: 40 22
bitmap: 40 22
bitmap: 42 22
bitmap: 40 22
bitmap: 42 20
bitmap: 40 20
bitmap: 40 22
bitmap: 40 20
bitmap: 42 30
bitmap: 40 22
bitmap: 40 20
bitmap: 40 20
bitmap: 42 22
bitmap: 42 22
bitmap: 44 20
bitmap: 42 22
bitmap: 40 22
bitmap: 40 22
bitmap: 40 18
bitmap: 18 22
bitmap: 40 20
bitmap: 42 22
bitmap: 12 18
bitmap: 42 22
bitmap: 40 22
bitmap: 42 22
bitmap: 40 20
bitmap: 42 24
bitmap: 40 24
bitmap: 40 24
bitmap: 40 20
bitmap: 40 24
bitmap: 42 24
bitmap: 42 22
bitmap: 40 20
bitmap: 42 22
bitmap: 44 20
bitmap: 40 22
bitmap: 40 20
bitmap: 42 22
bitmap: 42 22
bitmap: 52 24
bitmap: 42 22
bitmap: 42 22
bitmap: 40 24
bitmap: 46 22
bitmap: 40 22
bitmap: 42 24
bitmap: 14 32
bitmap: 42 22
bitmap: 40 20
bitmap: 42 22
bitmap: 40 20
bitmap: 42 22
bitmap: 40 22
bitmap: 42 22
bitmap: 40 20
bitmap: 42 22
bitmap: 42 22
bitmap: 40 22
bitmap: 42 22
bitmap: 44 22
bitmap: 40 24
bitmap: 42 22
bitmap: 42 24
bitmap: 42 22
bitmap: 40 20
bitmap: 40 20
bitmap: 42 22
bitmap: 42 22
bitmap: 40 22
bitmap: 40 20
bitmap: 40 22
bitmap: 42 22
bitmap: 42 22
bitmap: 40 22
bitmap: 42 22
bitmap: 40 22
bitmap: 48 18
bitmap: 42 22
bitmap: 42 22
bitmap: 40 22
bitmap: 40 22
bitmap: 40 22
bitmap: 40 22
bitmap: 40 22
bitmap: 40 20
bitmap: 42 22
bitmap: 40 24
bitmap: 40 20
bitmap: 40 20
bitmap: 40 22
bitmap: 40 24
bitmap: 42 22
bitmap: 40 22
bitmap: 40 22
bitmap: 40 24
bitmap: 50 22
bitmap: 40 20
bitmap: 40 22
bitmap: 42 24
bitmap: 40 22
bitmap: 42 22
bitmap: 40 24
bitmap: 40 22
bitmap: 40 22
bitmap: 42 24
bitmap: 40 20
bitmap: 42 30
bitmap: 42 22
bitmap: 42 22
bitmap: 44 24
bitmap: 40 24
bitmap: 40 20
bitmap: 40 20
bitmap: 40 22
bitmap: 42 24
bitmap: 40 22
bitmap: 40 18
