bitmap: 66 20
bitmap: 46 20
bitmap: 56 24
bitmap: 40 22
bitmap: 38 20
bitmap: 14 32
bitmap: 36 20
bitmap: 40 24
bitmap: 36 22
bitmap: 38 20
bitmap: 42 22
bitmap: 14 32
bitmap: 56 20
bitmap: 38 20
bitmap: 36 20
bitmap: 56 18
bitmap: 38 18
bitmap: 14 32
bitmap: 36 66
bitmap: 38 18
bitmap: 36 18
bitmap: 38 22
bitmap: 14 28
bitmap: 36 20
bitmap: 38 22
bitmap: 38 22
bitmap: 36 22
bitmap: 36 22
bitmap: 12 54
bitmap: 38 22
bitmap: 38 22
bitmap: 14 30
bitmap: 38 20
bitmap: 18 30
bitmap: 40 24
bitmap: 36 18
bitmap: 38 18
bitmap: 36 20
bitmap: 36 20
bitmap: 36 20
bitmap: 40 24
bitmap: 38 22
bitmap: 38 22
bitmap: 38 20
bitmap: 36 20
bitmap: 38 22
bitmap: 36 22
bitmap: 38 22
bitmap: 60 18
bitmap: 38 22
bitmap: 16 30
bitmap: 56 18
bitmap: 36 20
bitmap: 56 22
bitmap: 38 20
bitmap: 36 22
bitmap: 38 20
bitmap: 38 22
bitmap: 36 18
bitmap: 60 18
bitmap: 36 22
bitmap: 14 30
bitmap: 60 20
bitmap: 16 32
bitmap: 36 22
bitmap: 56 20
bitmap: 38 20
bitmap: 58 22
bitmap: 14 30
bitmap: 38 18
bitmap: 38 22
bitmap: 58 20
bitmap: 36 22
bitmap: 38 22
bitmap: 38 18
bitmap: 58 20
bitmap: 40 20
bitmap: 36 20
bitmap: 60 20
bitmap: 40 18
bitmap: 54 20
bitmap: 40 20
bitmap: 40 22
bitmap: 40 18
bitmap: 36 22
bitmap: 36 20
bitmap: 38 20
bitmap: 36 18
bitmap: 12 32
bitmap: 60 26
bitmap: 38 18
bitmap: 38 20
bitmap: 38 22
bitmap: 36 22
bitmap: 40 24
bitmap: 40 20
bitmap: 36 22
bitmap: 54 20
bitmap: 38 22
bitmap: 54 22
bitmap: 38 42
bitmap: 36 34
bitmap: 38 20
bitmap: 38 20
bitmap: 36 18
bitmap: 60 20
bitmap: 38 18
bitmap: 38 22
bitmap: 36 48
bitmap: 54 20
bitmap: 38 26
bitmap: 36 22
bitmap: 36 22
bitmap: 46 20
bitmap: 40 20
bitmap: 16 20
bitmap: 36 44
bitmap: 38 20
bitmap: 38 22
bitmap: 40 22
bitmap: 38 20
bitmap: 40 18
bitmap: 38 18
bitmap: 40 22
bitmap: 38 20
bitmap: 40 18
bitmap: 36 20
bitmap: 14 32
bitmap: 38 20
bitmap: 38 20
bitmap: 38 22
bitmap: 40 20
bitmap: 36 22
bitmap: 38 20
bitmap: 38 24
bitmap: 38 22
bitmap: 38 22
bitmap: 38 18
bitmap: 38 18
bitmap: 38 20
bitmap: 14 32
bitmap: 36 22
bitmap: 38 22
bitmap: 36 22
bitmap: 38 22
bitmap: 16 32
bitmap: 38 20
bitmap: 38 20
bitmap: 38 22
bitmap: 38 22
bitmap: 16 18
bitmap: 38 18
bitmap: 36 22
bitmap: 38 22
bitmap: 38 22
bitmap: 38 18
bitmap: 40 20
bitmap: 38 20
bitmap: 38 18
bitmap: 14 18
bitmap: 38 20
bitmap: 38 18
bitmap: 36 20
bitmap: 38 22
bitmap: 38 22
bitmap: 38 22
bitmap: 14 28
bitmap: 38 22
bitmap: 38 24
bitmap: 38 24
bitmap: 38 22
bitmap: 14 30
bitmap: 38 22
bitmap: 40 18
bitmap: 38 20
bitmap: 38 18
bitmap: 38 22
bitmap: 38 20
bitmap: 40 20
bitmap: 38 20
bitmap: 36 22
bitmap: 38 18
bitmap: 38 20
bitmap: 36 22
bitmap: 38 22
bitmap: 38 20
bitmap: 36 22
bitmap: 38 20
bitmap: 36 22
bitmap: 38 20
bitmap: 38 22
bitmap: 16 40
bitmap: 40 20
bitmap: 40 20
bitmap: 40 22
bitmap: 38 20
bitmap: 38 20
bitmap: 40 20
bitmap: 40 22
bitmap: 38 22
bitmap: 38 20
bitmap: 38 22
bitmap: 38 20
bitmap: 38 20
bitmap: 38 20
bitmap: 38 20
bitmap: 36 24
bitmap: 38 20
bitmap: 38 22
bitmap: 36 22
bitmap: 38 20
bitmap: 36 22
bitmap: 38 22
bitmap: 40 22
bitmap: 38 20
bitmap: 38 22
bitmap: 38 22
bitmap: 40 20
bitmap: 38 20
bitmap: 36 22
bitmap: 40 22
bitmap: 38 22
bitmap: 38 22
bitmap: 38 20
bitmap: 36 22
bitmap: 40 20
bitmap: 38 20
bitmap: 38 22
bitmap: 14 30
bitmap: 38 20
bitmap: 38 24
bitmap: 38 22
bitmap: 36 22
bitmap: 36 22
bitmap: 14 32
bitmap: 38 20
bitmap: 36 22
bitmap: 38 20
bitmap: 38 22
bitmap: 38 18
bitmap: 38 20
bitmap: 40 22
bitmap: 38 22
bitmap: 38 22
bitmap: 38 22
bitmap: 38 22
bitmap: 38 22
bitmap: 38 18
bitmap: 36 22
bitmap: 16 34
bitmap: 38 22
bitmap: 38 20
bitmap: 38 20
bitmap: 38 20
bitmap: 14 30
bitmap: 38 22
bitmap: 40 18
bitmap: 46 20
bitmap: 56 22
bitmap: 36 20
bitmap: 20 20
bitmap: 36 20
bitmap: 38 22
bitmap: 36 22
bitmap: 54 20
bitmap: 50 20
bitmap: 38 22
bitmap: 36 20
bitmap: 58 18
bitmap: 56 18
bitmap: 36 20
bitmap: 36 20
bitmap: 38 22
bitmap: 38 18
bitmap: 60 18
bitmap: 42 18
bitmap: 34 20
bitmap: 38 20
bitmap: 36 20
bitmap: 36 22
bitmap: 40 20
bitmap: 38 22
bitmap: 38 20
bitmap: 36 22
bitmap: 38 22
bitmap: 58 20
bitmap: 38 18
bitmap: 14 32
bitmap: 38 18
bitmap: 58 22
bitmap: 50 20
bitmap: 36 22
bitmap: 38 20
bitmap: 38 18
bitmap: 36 22
bitmap: 14 30
bitmap: 38 20
bitmap: 38 18
bitmap: 62 20
bitmap: 38 20
bitmap: 36 22
bitmap: 36 22
bitmap: 58 20
bitmap: 60 18
bitmap: 54 20
bitmap: 36 20
bitmap: 16 32
bitmap: 62 18
bitmap: 36 20
bitmap: 60 18
bitmap: 38 20
bitmap: 14 30
bitmap: 36 20
bitmap: 36 22
bitmap: 38 20
bitmap: 60 18
bitmap: 14 30
bitmap: 38 22
bitmap: 36 20
bitmap: 16 30
bitmap: 40 18
bitmap: 60 20
bitmap: 36 20
bitmap: 38 22
bitmap: 38 20
bitmap: 40 20
bitmap: 36 22
bitmap: 60 20
bitmap: 38 20
bitmap: 38 18
bitmap: 36 22
bitmap: 14 18
bitmap: 32 20
bitmap: 36 18
bitmap: 40 24
bitmap: 38 20
bitmap: 38 20
bitmap: 14 30
bitmap: 38 18
bitmap: 38 22
bitmap: 38 22
bitmap: 38 20
bitmap: 14 30
bitmap: 58 18
bitmap: 36 22
bitmap: 38 20
bitmap: 38 18
bitmap: 36 20
bitmap: 40 22
bitmap: 40 22
bitmap: 38 20
bitmap: 14 30
bitmap: 38 18
bitmap: 38 20
bitmap: 38 22
bitmap: 38 18
bitmap: 38 20
bitmap: 38 22
bitmap: 14 32
bitmap: 38 22
bitmap: 38 22
bitmap: 38 20
bitmap: 40 18
bitmap: 14 30
bitmap: 38 22
bitmap: 38 20
bitmap: 40 18
bitmap: 38 20
bitmap: 16 20
bitmap: 38 20
bitmap: 18 30
bitmap: 36 22
bitmap: 38 22
bitmap: 12 30
bitmap: 36 22
bitmap: 38 20
bitmap: 40 22
bitmap: 38 18
bitmap: 38 20
bitmap: 38 18
bitmap: 36 20
bitmap: 38 20
bitmap: 38 22
bitmap: 18 32
bitmap: 36 20
bitmap: 38 22
bitmap: 38 20
bitmap: 40 18
bitmap: 38 46
bitmap: 38 20
bitmap: 38 22
bitmap: 38 22
bitmap: 38 22
bitmap: 38 18
bitmap: 14 30
bitmap: 38 20
bitmap: 38 42
bitmap: 38 24
bitmap: 38 24
bitmap: 16 32
bitmap: 38 18
bitmap: 38 22
bitmap: 38 22
bitmap: 38 22
bitmap: 38 20
bitmap: 38 20
bitmap: 38 18
bitmap: 40 20
bitmap: 40 22
bitmap: 38 20
bitmap: 12 30
bitmap: 38 20
bitmap: 38 20
bitmap: 38 22
bitmap: 38 24
bitmap: 14 28
bitmap: 38 18
bitmap: 38 18
bitmap: 36 20
bitmap: 60 18
bitmap: 40 22
bitmap: 38 22
bitmap: 58 22
bitmap: 40 22
bitmap: 36 22
bitmap: 14 16
bitmap: 38 22
bitmap: 60 18
bitmap: 60 18
bitmap: 38 22
bitmap: 56 22
bitmap: 36 20
bitmap: 36 22
bitmap: 36 22
bitmap: 38 22
bitmap: 36 20
bitmap: 38 20
bitmap: 36 22
bitmap: 60 18
bitmap: 36 22
bitmap: 60 18
bitmap: 36 22
bitmap: 36 50
bitmap: 38 22
bitmap: 60 22
bitmap: 60 18
bitmap: 38 24
bitmap: 14 34
bitmap: 60 20
bitmap: 38 20
bitmap: 56 18
bitmap: 38 20
bitmap: 36 20
bitmap: 60 18
bitmap: 38 18
bitmap: 40 20
bitmap: 38 18
bitmap: 58 22
bitmap: 36 20
bitmap: 60 20
bitmap: 38 22
bitmap: 56 24
bitmap: 36 20
bitmap: 36 20
bitmap: 54 22
bitmap: 54 20
bitmap: 54 20
bitmap: 58 24
bitmap: 38 20
bitmap: 36 22
bitmap: 58 20
bitmap: 58 20
bitmap: 38 22
bitmap: 36 20
bitmap: 38 20
bitmap: 36 22
bitmap: 58 20
bitmap: 38 20
bitmap: 36 20
bitmap: 60 22
bitmap: 40 22
bitmap: 38 20
bitmap: 36 20
bitmap: 38 22
bitmap: 40 22
bitmap: 36 20
bitmap: 62 22
bitmap: 36 22
bitmap: 58 20
bitmap: 16 28
bitmap: 38 20
bitmap: 38 22
bitmap: 40 22
bitmap: 62 18
bitmap: 38 22
bitmap: 38 20
bitmap: 38 22
bitmap: 38 18
bitmap: 18 30
bitmap: 36 20
bitmap: 36 22
bitmap: 60 18
bitmap: 54 20
bitmap: 60 20
bitmap: 38 26
bitmap: 60 18
bitmap: 62 20
bitmap: 58 18
bitmap: 56 20
bitmap: 60 20
bitmap: 14 30
bitmap: 14 30
bitmap: 60 20
bitmap: 38 18
bitmap: 58 20
bitmap: 36 22
bitmap: 36 20
bitmap: 36 22
bitmap: 60 20
bitmap: 38 18
bitmap: 36 20
bitmap: 36 20
bitmap: 58 20
bitmap: 58 18
bitmap: 38 20
bitmap: 38 22
bitmap: 36 22
bitmap: 36 20
bitmap: 38 20
bitmap: 38 18
bitmap: 36 22
bitmap: 38 20
bitmap: 38 20
bitmap: 36 20
bitmap: 40 22
bitmap: 38 22
bitmap: 60 20
bitmap: 56 20
bitmap: 36 20
bitmap: 60 22
bitmap: 36 22
bitmap: 60 18
bitmap: 38 24
bitmap: 38 20
bitmap: 38 20
bitmap: 16 30
bitmap: 38 20
bitmap: 38 18
bitmap: 36 20
bitmap: 38 22
bitmap: 56 20
bitmap: 38 22
bitmap: 38 18
bitmap: 36 20
bitmap: 38 22
bitmap: 38 22
bitmap: 36 22
bitmap: 38 20
bitmap: 38 20
bitmap: 38 22
bitmap: 36 18
bitmap: 38 22
bitmap: 16 30
bitmap: 58 22
bitmap: 36 20
bitmap: 38 22
bitmap: 58 20
bitmap: 36 22
bitmap: 58 20
bitmap: 38 18
bitmap: 36 22
bitmap: 40 20
bitmap: 60 20
bitmap: 38 22
bitmap: 60 20
bitmap: 14 28
bitmap: 36 20
bitmap: 60 18
bitmap: 14 32
bitmap: 60 20
bitmap: 36 20
bitmap: 36 22
bitmap: 36 22
bitmap: 36 18
bitmap: 38 20
bitmap: 38 22
bitmap: 60 20
bitmap: 36 22
bitmap: 36 20
bitmap: 14 32
bitmap: 40 22
bitmap: 38 22
bitmap: 60 18
bitmap: 36 22
bitmap: 36 22
bitmap: 36 20
bitmap: 40 18
bitmap: 58 22
bitmap: 36 20
bitmap: 38 22
bitmap: 36 22
bitmap: 60 24
bitmap: 36 22
bitmap: 36 18
bitmap: 38 22
bitmap: 38 20
bitmap: 60 20
bitmap: 54 22
bitmap: 38 20
bitmap: 40 22
bitmap: 14 32
bitmap: 54 20
bitmap: 40 46
bitmap: 38 34
bitmap: 54 20
bitmap: 14 32
bitmap: 36 22
bitmap: 58 20
bitmap: 38 22
bitmap: 38 20
bitmap: 36 40
bitmap: 38 20
bitmap: 38 20
bitmap: 60 20
bitmap: 38 20
bitmap: 58 22
bitmap: 38 22
bitmap: 38 20
bitmap: 56 52
bitmap: 40 22
bitmap: 56 20
bitmap: 14 30
bitmap: 38 22
bitmap: 38 26
bitmap: 40 22
bitmap: 60 18
bitmap: 16 36
bitmap: 40 20
bitmap: 38 22
bitmap: 16 28
bitmap: 38 22
bitmap: 14 22
bitmap: 38 20
bitmap: 38 20
bitmap: 38 22
bitmap: 38 22
bitmap: 16 30
bitmap: 36 22
bitmap: 40 18
bitmap: 38 20
bitmap: 36 20
bitmap: 40 22
bitmap: 38 22
bitmap: 38 18
bitmap: 58 18
bitmap: 60 20
bitmap: 60 20
bitmap: 38 20
bitmap: 38 20
bitmap: 38 20
bitmap: 36 20
bitmap: 40 22
bitmap: 58 20
bitmap: 36 20
bitmap: 38 22
bitmap: 46 22
bitmap: 38 20
bitmap: 38 18
bitmap: 36 20
bitmap: 58 20
bitmap: 36 22
bitmap: 18 32
bitmap: 58 20
bitmap: 58 20
bitmap: 36 18
bitmap: 36 20
bitmap: 38 22
bitmap: 36 20
bitmap: 36 20
bitmap: 36 20
bitmap: 42 20
bitmap: 38 22
bitmap: 38 20
bitmap: 38 20
bitmap: 38 22
bitmap: 38 20
bitmap: 38 22
bitmap: 38 20
bitmap: 40 18
bitmap: 38 20
bitmap: 40 20
bitmap: 36 22
bitmap: 38 22
bitmap: 42 22
bitmap: 42 20
bitmap: 38 20
bitmap: 38 22
bitmap: 36 22
bitmap: 38 22
bitmap: 40 22
bitmap: 38 20
bitmap: 38 22
bitmap: 38 18
bitmap: 38 22
bitmap: 38 22
bitmap: 38 20
bitmap: 36 22
bitmap: 38 20
bitmap: 38 22
bitmap: 12 32
bitmap: 38 22
bitmap: 36 24
bitmap: 40 22
bitmap: 38 22
bitmap: 38 22
bitmap: 40 18
bitmap: 36 20
bitmap: 38 48
bitmap: 38 20
bitmap: 36 22
bitmap: 38 20
bitmap: 36 22
bitmap: 38 20
bitmap: 38 22
bitmap: 38 22
bitmap: 38 18
bitmap: 40 20
bitmap: 38 20
bitmap: 40 22
bitmap: 36 22
bitmap: 40 20
bitmap: 38 20
bitmap: 36 22
bitmap: 38 20
bitmap: 38 18
bitmap: 40 22
bitmap: 38 20
bitmap: 36 22
bitmap: 38 22
bitmap: 36 22
bitmap: 36 22
bitmap: 36 20
bitmap: 38 20
bitmap: 38 20
bitmap: 42 22
bitmap: 38 22
bitmap: 40 18
bitmap: 36 22
bitmap: 36 22
bitmap: 38 20
bitmap: 36 22
bitmap: 38 22
bitmap: 40 18
bitmap: 38 20
bitmap: 38 22
bitmap: 38 22
bitmap: 38 20
bitmap: 38 20
bitmap: 40 22
bitmap: 38 20
bitmap: 38 22
bitmap: 38 20
bitmap: 38 22
bitmap: 38 20
bitmap: 38 22
bitmap: 38 22
bitmap: 38 22
bitmap: 38 24
bitmap: 38 22
bitmap: 40 22
bitmap: 38 22
bitmap: 38 18
bitmap: 38 20
bitmap: 36 20
bitmap: 38 22
bitmap: 36 22
bitmap: 40 20
bitmap: 38 20
bitmap: 40 18
bitmap: 38 22
bitmap: 14 22
bitmap: 38 18
bitmap: 38 22
bitmap: 38 20
bitmap: 38 20
bitmap: 38 18
bitmap: 38 22
bitmap: 38 22
bitmap: 38 22
bitmap: 40 22
bitmap: 36 24
bitmap: 38 18
bitmap: 38 20
bitmap: 40 20
bitmap: 42 18
bitmap: 38 18
bitmap: 38 22
bitmap: 38 22
bitmap: 38 20
bitmap: 38 20
bitmap: 38 20
bitmap: 38 22
bitmap: 38 22
bitmap: 38 20
bitmap: 38 20
bitmap: 38 22
bitmap: 38 18
bitmap: 36 20
bitmap: 38 22
bitmap: 38 18
bitmap: 40 20
bitmap: 40 24
bitmap: 38 44
bitmap: 38 22
bitmap: 16 16
bitmap: 38 20
bitmap: 38 20
bitmap: 38 22
bitmap: 38 22
bitmap: 40 18
bitmap: 36 46
bitmap: 36 22
bitmap: 38 22
bitmap: 38 20
bitmap: 38 22
bitmap: 36 22
bitmap: 36 20
bitmap: 38 20
bitmap: 40 40
bitmap: 38 20
bitmap: 38 22
bitmap: 14 32
bitmap: 16 34
bitmap: 38 22
bitmap: 38 22
bitmap: 38 20
bitmap: 38 22
bitmap: 38 22
bitmap: 38 20
bitmap: 30 20
bitmap: 38 18
bitmap: 38 22
bitmap: 38 22
bitmap: 38 22
bitmap: 36 22
bitmap: 16 20
bitmap: 38 22
bitmap: 38 22
bitmap: 38 22
bitmap: 38 22
bitmap: 38 18
bitmap: 38 22
bitmap: 38 22
bitmap: 38 24
bitmap: 38 20
bitmap: 38 18
bitmap: 38 20
bitmap: 38 22
bitmap: 36 20
bitmap: 38 24
bitmap: 40 22
bitmap: 38 22
bitmap: 36 24
bitmap: 40 20
bitmap: 38 20
bitmap: 38 22
bitmap: 38 20
bitmap: 36 20
bitmap: 38 20
bitmap: 40 22
bitmap: 38 20
bitmap: 40 18
bitmap: 38 22
bitmap: 40 18
bitmap: 38 20
bitmap: 36 22
bitmap: 36 22
bitmap: 38 22
bitmap: 38 18
bitmap: 38 20
bitmap: 38 20
bitmap: 16 30
bitmap: 42 18
bitmap: 40 18
bitmap: 38 22
bitmap: 38 22
bitmap: 38 20
bitmap: 38 22
bitmap: 38 18
bitmap: 38 22
bitmap: 38 22
bitmap: 40 22
bitmap: 38 20
bitmap: 38 20
bitmap: 38 22
bitmap: 38 20
bitmap: 38 22
bitmap: 38 20
bitmap: 38 22
bitmap: 38 20
bitmap: 36 22
bitmap: 38 22
bitmap: 38 24
bitmap: 38 22
bitmap: 38 22
bitmap: 38 22
bitmap: 38 22
bitmap: 38 20
bitmap: 38 20
bitmap: 38 22
bitmap: 40 24
bitmap: 38 20
bitmap: 38 20
bitmap: 36 22
bitmap: 18 30
bitmap: 36 22
bitmap: 40 22
bitmap: 40 18
bitmap: 38 20
bitmap: 38 20
bitmap: 38 24
bitmap: 38 18
bitmap: 38 22
bitmap: 38 24
bitmap: 38 22
bitmap: 40 18
bitmap: 38 20
bitmap: 40 22
bitmap: 38 20
bitmap: 38 18
bitmap: 36 22
bitmap: 36 20
bitmap: 38 22
bitmap: 38 20
bitmap: 38 24
bitmap: 38 22
bitmap: 36 22
bitmap: 36 22
bitmap: 38 22
bitmap: 38 22
bitmap: 38 22
bitmap: 38 22
bitmap: 36 24
bitmap: 38 22
bitmap: 38 22
bitmap: 38 22
bitmap: 38 20
bitmap: 40 22
bitmap: 38 22
bitmap: 38 22
bitmap: 36 26
bitmap: 38 22
bitmap: 40 22
bitmap: 38 22
bitmap: 36 22
bitmap: 36 20
bitmap: 38 18
bitmap: 38 22
bitmap: 36 20
bitmap: 38 20
bitmap: 38 20
bitmap: 38 18
bitmap: 38 20
bitmap: 38 20
bitmap: 38 20
bitmap: 38 20
bitmap: 36 22
bitmap: 38 20
bitmap: 38 22
bitmap: 38 20
bitmap: 38 22
bitmap: 40 20
bitmap: 40 20
bitmap: 38 20
bitmap: 38 22
bitmap: 38 22
bitmap: 38 20
bitmap: 38 22
bitmap: 38 20
bitmap: 38 20
bitmap: 38 20
bitmap: 38 18
bitmap: 38 22
bitmap: 40 20
bitmap: 40 22
bitmap: 40 22
bitmap: 36 22
bitmap: 38 22
bitmap: 36 22
bitmap: 40 22
bitmap: 38 22
bitmap: 14 28
bitmap: 36 22
bitmap: 38 22
bitmap: 38 22
bitmap: 40 18
bitmap: 40 18
bitmap: 36 22
bitmap: 38 24
bitmap: 38 20
