rbtree: 124 180
rbtree: 32 178
rbtree: 108 78
rbtree: 26 120
rbtree: 164 96
rbtree: 122 144
rbtree: 14 76
rbtree: 24 136
rbtree: 124 38
rbtree: 24 98
rbtree: 46 96
rbtree: 26 132
rbtree: 64 84
rbtree: 30 102
rbtree: 108 78
rbtree: 24 108
rbtree: 118 82
rbtree: 24 100
rbtree: 124 84
rbtree: 28 138
rbtree: 32 78
rbtree: 144 98
rbtree: 66 82
rbtree: 68 124
rbtree: 16 34
rbtree: 30 102
rbtree: 24 80
rbtree: 44 102
rbtree: 20 92
rbtree: 24 88
rbtree: 78 82
rbtree: 16 94
rbtree: 78 78
rbtree: 30 100
rbtree: 62 34
rbtree: 50 146
rbtree: 26 102
rbtree: 52 106
rbtree: 24 98
rbtree: 50 110
rbtree: 24 114
rbtree: 62 88
rbtree: 22 108
rbtree: 44 150
rbtree: 74 96
rbtree: 32 90
rbtree: 72 86
rbtree: 32 110
rbtree: 60 82
rbtree: 32 102
rbtree: 102 80
rbtree: 32 150
rbtree: 28 46
rbtree: 44 82
rbtree: 22 40
rbtree: 48 126
rbtree: 32 76
rbtree: 98 90
rbtree: 16 80
rbtree: 64 138
rbtree: 22 80
rbtree: 16 102
rbtree: 70 40
rbtree: 14 126
rbtree: 50 40
rbtree: 16 88
rbtree: 136 44
rbtree: 42 152
rbtree: 70 42
rbtree: 24 104
rbtree: 46 42
rbtree: 16 100
rbtree: 44 42
rbtree: 16 88
rbtree: 48 40
rbtree: 22 120
rbtree: 68 40
rbtree: 16 88
rbtree: 68 42
rbtree: 14 114
rbtree: 26 40
rbtree: 44 82
rbtree: 26 42
rbtree: 64 142
rbtree: 24 42
rbtree: 56 98
rbtree: 74 40
rbtree: 26 92
rbtree: 56 44
rbtree: 42 92
rbtree: 28 42
rbtree: 52 138
rbtree: 20 42
rbtree: 134 82
rbtree: 14 42
rbtree: 84 126
rbtree: 16 42
rbtree: 68 106
rbtree: 24 38
rbtree: 44 166
rbtree: 20 92
rbtree: 28 122
rbtree: 78 80
rbtree: 16 130
rbtree: 52 46
rbtree: 28 110
rbtree: 74 46
rbtree: 42 142
rbtree: 28 84
rbtree: 86 110
rbtree: 16 82
rbtree: 92 132
rbtree: 24 100
rbtree: 16 88
rbtree: 20 86
rbtree: 64 152
rbtree: 24 80
rbtree: 52 54
rbtree: 30 84
rbtree: 56 120
rbtree: 14 82
rbtree: 86 108
rbtree: 16 84
rbtree: 14 140
rbtree: 90 46
rbtree: 24 108
rbtree: 76 46
rbtree: 48 112
rbtree: 16 46
rbtree: 68 88
rbtree: 26 42
rbtree: 74 186
rbtree: 26 86
rbtree: 38 56
rbtree: 16 42
rbtree: 38 64
rbtree: 26 84
rbtree: 48 108
rbtree: 16 82
rbtree: 50 156
rbtree: 16 46
rbtree: 78 52
rbtree: 66 90
rbtree: 26 120
rbtree: 70 84
rbtree: 42 110
rbtree: 26 44
rbtree: 50 166
rbtree: 18 46
rbtree: 72 94
rbtree: 28 46
rbtree: 84 116
rbtree: 128 88
rbtree: 26 98
rbtree: 52 82
rbtree: 34 106
rbtree: 26 46
rbtree: 54 96
rbtree: 100 84
rbtree: 16 100
rbtree: 62 44
rbtree: 24 108
rbtree: 18 46
rbtree: 28 166
rbtree: 34 46
rbtree: 28 96
rbtree: 84 46
rbtree: 24 104
rbtree: 48 44
rbtree: 28 94
rbtree: 74 44
rbtree: 26 110
rbtree: 52 48
rbtree: 28 94
rbtree: 60 46
rbtree: 28 158
rbtree: 20 44
rbtree: 16 94
rbtree: 34 46
rbtree: 16 134
rbtree: 70 44
rbtree: 26 98
rbtree: 58 46
rbtree: 26 96
rbtree: 18 44
rbtree: 26 96
rbtree: 92 44
rbtree: 16 110
rbtree: 42 46
rbtree: 28 94
rbtree: 18 46
rbtree: 26 100
rbtree: 52 44
rbtree: 86 110
rbtree: 26 46
rbtree: 58 170
rbtree: 16 46
rbtree: 28 56
rbtree: 52 48
rbtree: 30 116
rbtree: 40 40
rbtree: 26 54
rbtree: 26 46
rbtree: 24 106
rbtree: 64 44
rbtree: 30 92
rbtree: 68 46
rbtree: 32 122
rbtree: 74 42
rbtree: 74 90
rbtree: 26 44
rbtree: 46 162
rbtree: 16 48
rbtree: 32 132
rbtree: 70 46
rbtree: 16 132
rbtree: 16 46
rbtree: 42 86
rbtree: 64 46
rbtree: 32 106
rbtree: 50 46
rbtree: 70 86
rbtree: 26 46
rbtree: 66 110
rbtree: 24 44
rbtree: 40 90
rbtree: 22 44
rbtree: 66 172
rbtree: 22 98
rbtree: 18 110
rbtree: 68 86
rbtree: 18 116
rbtree: 22 100
rbtree: 30 96
rbtree: 108 46
rbtree: 20 158
rbtree: 50 46
rbtree: 20 58
rbtree: 100 42
rbtree: 22 122
rbtree: 52 46
rbtree: 26 92
rbtree: 16 46
rbtree: 26 142
rbtree: 62 46
rbtree: 88 90
rbtree: 22 48
rbtree: 42 134
rbtree: 34 44
rbtree: 58 92
rbtree: 16 46
rbtree: 66 156
rbtree: 28 48
rbtree: 22 100
rbtree: 44 50
rbtree: 66 142
rbtree: 26 48
rbtree: 90 108
rbtree: 28 46
rbtree: 68 174
rbtree: 96 48
rbtree: 32 54
rbtree: 60 46
rbtree: 18 136
rbtree: 28 46
rbtree: 56 90
rbtree: 32 84
rbtree: 24 134
rbtree: 62 48
rbtree: 24 94
rbtree: 16 46
rbtree: 28 104
rbtree: 228 86
rbtree: 18 112
rbtree: 70 86
rbtree: 18 132
rbtree: 62 84
rbtree: 20 90
rbtree: 64 46
rbtree: 26 120
rbtree: 60 44
rbtree: 36 112
rbtree: 18 46
rbtree: 58 124
rbtree: 16 46
rbtree: 24 100
rbtree: 48 46
rbtree: 26 114
rbtree: 20 82
rbtree: 58 88
rbtree: 24 44
rbtree: 28 146
rbtree: 18 88
rbtree: 76 108
rbtree: 26 88
rbtree: 68 138
rbtree: 28 88
rbtree: 94 114
rbtree: 28 84
rbtree: 78 142
rbtree: 28 46
rbtree: 76 90
rbtree: 30 48
rbtree: 28 138
rbtree: 84 48
rbtree: 14 102
rbtree: 66 46
rbtree: 16 124
rbtree: 50 46
rbtree: 82 110
rbtree: 30 50
rbtree: 56 136
rbtree: 30 46
rbtree: 58 88
rbtree: 26 46
rbtree: 90 144
rbtree: 32 86
rbtree: 28 98
rbtree: 70 46
rbtree: 28 72
rbtree: 28 48
rbtree: 48 94
rbtree: 24 48
rbtree: 52 162
rbtree: 38 88
rbtree: 32 94
rbtree: 60 46
rbtree: 44 134
rbtree: 16 46
rbtree: 38 56
rbtree: 16 48
rbtree: 50 142
rbtree: 70 90
rbtree: 30 96
rbtree: 50 48
rbtree: 94 118
rbtree: 30 48
rbtree: 56 114
rbtree: 24 48
rbtree: 42 136
rbtree: 22 48
rbtree: 40 110
rbtree: 16 50
rbtree: 48 134
rbtree: 24 46
rbtree: 46 90
rbtree: 38 52
rbtree: 56 142
rbtree: 38 48
rbtree: 16 98
rbtree: 38 46
rbtree: 26 106
rbtree: 44 48
rbtree: 16 96
rbtree: 38 48
rbtree: 14 186
rbtree: 70 48
rbtree: 16 96
rbtree: 54 44
rbtree: 26 104
rbtree: 28 50
rbtree: 40 112
rbtree: 30 48
rbtree: 28 76
rbtree: 22 48
rbtree: 48 110
rbtree: 28 48
rbtree: 16 122
rbtree: 40 50
rbtree: 30 96
rbtree: 56 46
rbtree: 14 120
rbtree: 108 46
rbtree: 16 58
rbtree: 48 52
rbtree: 26 100
rbtree: 30 50
rbtree: 26 56
rbtree: 40 48
rbtree: 32 128
rbtree: 64 48
rbtree: 28 96
rbtree: 44 46
rbtree: 26 122
rbtree: 48 88
rbtree: 28 96
rbtree: 80 50
rbtree: 30 162
rbtree: 82 46
rbtree: 24 98
rbtree: 54 50
rbtree: 18 120
rbtree: 16 46
rbtree: 58 110
rbtree: 24 50
rbtree: 32 150
rbtree: 80 60
rbtree: 24 114
rbtree: 52 46
rbtree: 24 72
rbtree: 84 50
rbtree: 16 114
rbtree: 34 48
rbtree: 56 134
rbtree: 64 48
rbtree: 34 98
rbtree: 60 50
rbtree: 28 104
rbtree: 30 52
rbtree: 86 112
rbtree: 28 48
rbtree: 68 104
rbtree: 38 46
rbtree: 24 120
rbtree: 38 46
rbtree: 70 122
rbtree: 14 44
rbtree: 64 112
rbtree: 16 50
rbtree: 52 212
rbtree: 16 92
rbtree: 60 130
rbtree: 70 90
rbtree: 18 156
rbtree: 90 50
rbtree: 34 116
rbtree: 14 94
rbtree: 78 132
rbtree: 72 56
rbtree: 36 114
rbtree: 80 54
rbtree: 32 140
rbtree: 26 50
rbtree: 44 116
rbtree: 68 52
rbtree: 34 174
rbtree: 52 54
rbtree: 24 116
rbtree: 16 52
rbtree: 28 128
rbtree: 78 52
rbtree: 96 96
rbtree: 24 48
rbtree: 66 126
rbtree: 24 50
rbtree: 16 94
rbtree: 28 54
rbtree: 78 142
rbtree: 24 48
rbtree: 70 94
rbtree: 16 48
rbtree: 42 186
rbtree: 22 52
rbtree: 72 94
rbtree: 56 94
rbtree: 36 140
rbtree: 38 52
rbtree: 36 94
rbtree: 36 92
rbtree: 26 118
rbtree: 48 96
rbtree: 54 96
rbtree: 38 92
rbtree: 48 138
rbtree: 34 94
rbtree: 90 96
rbtree: 32 94
rbtree: 50 176
rbtree: 34 94
rbtree: 40 62
rbtree: 34 50
rbtree: 70 128
rbtree: 24 94
rbtree: 54 102
rbtree: 50 92
rbtree: 20 156
rbtree: 24 54
rbtree: 54 98
rbtree: 22 48
rbtree: 42 126
rbtree: 36 54
rbtree: 58 64
rbtree: 14 54
rbtree: 40 192
rbtree: 34 50
rbtree: 62 62
rbtree: 32 52
rbtree: 78 124
rbtree: 32 92
rbtree: 34 104
rbtree: 38 94
rbtree: 36 128
rbtree: 76 96
rbtree: 34 102
rbtree: 56 94
rbtree: 36 128
rbtree: 72 92
rbtree: 30 96
rbtree: 24 50
rbtree: 40 140
rbtree: 26 50
rbtree: 64 60
rbtree: 36 50
rbtree: 82 76
rbtree: 44 52
rbtree: 28 98
rbtree: 78 96
rbtree: 36 110
rbtree: 72 52
rbtree: 30 96
rbtree: 32 54
rbtree: 66 118
rbtree: 78 48
rbtree: 30 114
rbtree: 56 94
rbtree: 36 154
rbtree: 42 88
rbtree: 54 94
rbtree: 32 50
rbtree: 52 98
rbtree: 114 54
rbtree: 24 102
rbtree: 22 92
rbtree: 78 140
rbtree: 30 50
rbtree: 26 60
rbtree: 92 48
rbtree: 34 132
rbtree: 42 54
rbtree: 16 60
rbtree: 58 50
rbtree: 40 186
rbtree: 14 48
rbtree: 68 96
rbtree: 14 52
rbtree: 48 122
rbtree: 64 50
rbtree: 36 60
rbtree: 58 48
rbtree: 26 110
rbtree: 48 50
rbtree: 30 58
rbtree: 84 48
rbtree: 22 108
rbtree: 44 48
rbtree: 14 58
rbtree: 26 50
rbtree: 34 196
rbtree: 16 52
rbtree: 28 104
rbtree: 84 50
rbtree: 32 106
rbtree: 52 48
rbtree: 32 104
rbtree: 32 48
rbtree: 26 138
rbtree: 64 50
rbtree: 24 94
rbtree: 46 52
rbtree: 36 140
rbtree: 36 50
rbtree: 52 116
rbtree: 16 48
rbtree: 24 164
rbtree: 54 50
rbtree: 64 118
rbtree: 24 52
rbtree: 48 120
rbtree: 24 50
rbtree: 54 112
rbtree: 34 54
rbtree: 50 144
rbtree: 36 52
rbtree: 60 102
rbtree: 36 92
rbtree: 56 110
rbtree: 34 50
rbtree: 40 100
rbtree: 34 96
rbtree: 58 160
rbtree: 36 48
rbtree: 46 100
rbtree: 34 48
rbtree: 32 106
rbtree: 42 90
rbtree: 36 102
rbtree: 76 94
rbtree: 16 130
rbtree: 58 90
rbtree: 24 100
rbtree: 70 94
rbtree: 28 140
rbtree: 36 96
rbtree: 34 62
rbtree: 114 90
rbtree: 26 136
rbtree: 56 50
rbtree: 42 92
rbtree: 14 50
rbtree: 32 76
rbtree: 64 50
rbtree: 40 60
rbtree: 50 50
rbtree: 24 116
rbtree: 56 52
rbtree: 26 62
rbtree: 24 48
rbtree: 62 118
rbtree: 24 52
rbtree: 72 96
rbtree: 42 92
rbtree: 16 172
rbtree: 46 50
rbtree: 26 102
rbtree: 20 94
rbtree: 36 120
rbtree: 30 52
rbtree: 58 96
rbtree: 46 54
rbtree: 16 132
rbtree: 46 50
rbtree: 48 96
rbtree: 34 56
rbtree: 34 112
rbtree: 62 50
rbtree: 18 94
rbtree: 28 56
rbtree: 22 158
rbtree: 36 54
rbtree: 60 96
rbtree: 28 94
rbtree: 30 106
rbtree: 48 52
rbtree: 14 104
rbtree: 60 52
rbtree: 24 116
rbtree: 68 50
rbtree: 28 96
rbtree: 30 52
rbtree: 40 124
rbtree: 28 54
rbtree: 46 100
rbtree: 30 54
rbtree: 50 172
rbtree: 32 92
rbtree: 30 104
rbtree: 42 52
rbtree: 16 108
rbtree: 64 52
rbtree: 16 98
rbtree: 40 94
rbtree: 30 78
rbtree: 44 52
rbtree: 92 96
rbtree: 24 50
rbtree: 46 138
rbtree: 16 54
rbtree: 72 96
rbtree: 24 50
rbtree: 26 152
rbtree: 38 52
rbtree: 38 94
rbtree: 42 92
rbtree: 30 108
rbtree: 42 48
rbtree: 76 100
rbtree: 30 50
rbtree: 58 114
rbtree: 36 52
rbtree: 54 102
rbtree: 70 94
rbtree: 22 126
rbtree: 44 90
rbtree: 24 102
rbtree: 50 92
rbtree: 28 196
rbtree: 40 112
rbtree: 24 136
rbtree: 46 96
rbtree: 58 126
rbtree: 30 98
rbtree: 38 104
rbtree: 28 98
rbtree: 36 152
rbtree: 28 114
rbtree: 28 116
rbtree: 52 96
rbtree: 38 142
rbtree: 68 96
rbtree: 20 136
rbtree: 26 94
rbtree: 32 146
rbtree: 24 54
rbtree: 174 94
rbtree: 30 94
rbtree: 66 142
rbtree: 30 92
rbtree: 32 102
rbtree: 64 90
rbtree: 26 136
rbtree: 38 96
rbtree: 34 62
rbtree: 24 52
rbtree: 68 108
rbtree: 28 56
rbtree: 56 60
rbtree: 72 94
rbtree: 14 92
rbtree: 42 52
rbtree: 48 104
rbtree: 70 90
rbtree: 26 122
rbtree: 56 50
rbtree: 40 104
rbtree: 40 48
rbtree: 42 118
rbtree: 38 50
rbtree: 68 98
rbtree: 36 48
rbtree: 50 138
rbtree: 36 50
rbtree: 42 98
rbtree: 30 50
rbtree: 64 186
rbtree: 18 58
rbtree: 40 102
rbtree: 46 94
rbtree: 76 140
rbtree: 16 50
rbtree: 20 94
rbtree: 44 92
rbtree: 50 144
rbtree: 22 52
rbtree: 46 60
rbtree: 46 48
rbtree: 40 112
rbtree: 28 58
rbtree: 82 94
rbtree: 24 54
rbtree: 60 218
rbtree: 20 92
rbtree: 22 60
rbtree: 28 94
rbtree: 24 128
rbtree: 48 96
rbtree: 76 96
rbtree: 26 94
rbtree: 38 126
rbtree: 46 94
rbtree: 26 104
rbtree: 62 96
rbtree: 36 126
rbtree: 38 52
rbtree: 76 96
rbtree: 30 52
rbtree: 72 158
rbtree: 30 90
rbtree: 36 106
rbtree: 52 90
rbtree: 56 136
rbtree: 34 52
rbtree: 36 100
rbtree: 30 52
rbtree: 84 78
rbtree: 16 50
rbtree: 30 104
rbtree: 50 92
rbtree: 24 112
rbtree: 54 92
rbtree: 28 62
rbtree: 44 52
rbtree: 16 170
rbtree: 40 50
rbtree: 44 114
rbtree: 30 48
rbtree: 38 130
rbtree: 38 48
rbtree: 46 94
rbtree: 26 54
rbtree: 68 142
rbtree: 24 52
rbtree: 40 64
rbtree: 26 48
rbtree: 74 122
rbtree: 36 50
rbtree: 64 62
rbtree: 22 94
rbtree: 16 158
rbtree: 24 50
rbtree: 44 94
rbtree: 24 52
rbtree: 64 140
rbtree: 36 52
rbtree: 48 96
rbtree: 28 56
rbtree: 46 116
rbtree: 26 48
rbtree: 52 62
rbtree: 26 54
rbtree: 44 126
rbtree: 30 50
rbtree: 54 60
rbtree: 24 50
rbtree: 62 168
rbtree: 28 110
rbtree: 34 136
rbtree: 54 94
rbtree: 28 146
rbtree: 84 56
rbtree: 28 104
rbtree: 106 56
rbtree: 22 152
rbtree: 16 76
rbtree: 34 104
rbtree: 56 96
rbtree: 70 124
rbtree: 24 58
rbtree: 62 120
rbtree: 16 92
rbtree: 16 112
rbtree: 34 52
rbtree: 46 120
rbtree: 48 56
rbtree: 24 108
rbtree: 52 56
rbtree: 48 118
rbtree: 36 58
rbtree: 48 142
rbtree: 36 56
rbtree: 42 104
rbtree: 102 96
rbtree: 36 76
rbtree: 62 58
rbtree: 16 118
rbtree: 32 58
rbtree: 80 208
rbtree: 24 54
rbtree: 64 122
rbtree: 34 104
rbtree: 54 126
rbtree: 42 102
rbtree: 24 104
rbtree: 52 58
rbtree: 36 138
rbtree: 42 58
rbtree: 58 118
rbtree: 36 56
rbtree: 76 128
rbtree: 34 52
rbtree: 58 118
rbtree: 28 54
rbtree: 48 150
rbtree: 82 100
rbtree: 36 104
rbtree: 44 56
rbtree: 30 76
rbtree: 72 58
rbtree: 30 104
rbtree: 48 56
rbtree: 24 136
rbtree: 46 98
rbtree: 24 120
rbtree: 20 54
rbtree: 30 76
rbtree: 60 58
rbtree: 30 102
rbtree: 40 58
rbtree: 52 210
rbtree: 36 56
rbtree: 44 118
rbtree: 70 58
rbtree: 24 128
rbtree: 38 56
rbtree: 24 98
rbtree: 16 52
rbtree: 36 138
rbtree: 48 54
rbtree: 36 102
rbtree: 60 56
rbtree: 26 110
rbtree: 20 58
rbtree: 42 64
rbtree: 14 58
rbtree: 48 178
rbtree: 34 56
rbtree: 48 102
rbtree: 24 96
rbtree: 72 142
rbtree: 16 98
rbtree: 24 106
rbtree: 50 108
rbtree: 28 106
rbtree: 22 58
rbtree: 38 106
rbtree: 14 58
rbtree: 46 116
rbtree: 24 56
rbtree: 30 102
rbtree: 24 56
rbtree: 44 164
rbtree: 36 56
rbtree: 78 102
rbtree: 26 62
rbtree: 58 132
rbtree: 24 96
rbtree: 32 102
rbtree: 30 58
rbtree: 30 84
rbtree: 36 58
rbtree: 46 106
rbtree: 30 54
rbtree: 42 112
rbtree: 34 56
rbtree: 96 102
rbtree: 28 58
rbtree: 44 164
rbtree: 36 56
rbtree: 36 98
rbtree: 46 98
rbtree: 70 130
rbtree: 36 54
rbtree: 64 64
rbtree: 38 100
rbtree: 16 114
rbtree: 28 56
rbtree: 52 64
rbtree: 54 100
rbtree: 30 110
rbtree: 52 96
rbtree: 32 66
rbtree: 72 58
rbtree: 38 220
rbtree: 52 100
rbtree: 28 108
rbtree: 52 56
rbtree: 26 78
rbtree: 86 96
rbtree: 24 62
rbtree: 60 58
rbtree: 16 116
rbtree: 46 56
rbtree: 18 64
rbtree: 20 58
rbtree: 30 76
rbtree: 56 58
rbtree: 30 106
rbtree: 48 58
rbtree: 16 142
rbtree: 126 58
rbtree: 36 104
rbtree: 42 56
rbtree: 32 78
rbtree: 68 54
rbtree: 30 106
rbtree: 48 56
rbtree: 36 112
rbtree: 26 54
rbtree: 80 98
rbtree: 32 58
rbtree: 14 128
rbtree: 52 56
rbtree: 30 64
rbtree: 32 54
rbtree: 16 148
rbtree: 78 62
rbtree: 18 98
rbtree: 16 56
rbtree: 80 130
rbtree: 34 56
rbtree: 56 66
rbtree: 56 98
rbtree: 32 116
rbtree: 24 54
rbtree: 76 98
rbtree: 42 98
rbtree: 24 78
rbtree: 34 94
rbtree: 70 104
rbtree: 24 56
rbtree: 48 140
rbtree: 46 100
rbtree: 16 104
rbtree: 64 98
rbtree: 32 130
rbtree: 24 54
rbtree: 50 68
rbtree: 92 98
rbtree: 16 142
rbtree: 22 98
rbtree: 86 100
rbtree: 30 98
rbtree: 26 120
rbtree: 56 100
rbtree: 34 66
rbtree: 90 94
rbtree: 26 188
rbtree: 44 56
rbtree: 30 106
rbtree: 54 58
rbtree: 28 114
