rbtree: 244 128
rbtree: 120 130
rbtree: 86 100
rbtree: 30 118
rbtree: 50 60
rbtree: 28 102
rbtree: 140 64
rbtree: 26 84
rbtree: 36 64
rbtree: 116 122
rbtree: 26 92
rbtree: 64 118
rbtree: 26 68
rbtree: 38 126
rbtree: 70 68
rbtree: 30 74
rbtree: 122 70
rbtree: 30 116
rbtree: 104 72
rbtree: 30 92
rbtree: 26 66
rbtree: 162 108
rbtree: 16 76
rbtree: 78 104
rbtree: 24 72
rbtree: 44 80
rbtree: 26 64
rbtree: 62 86
rbtree: 26 64
rbtree: 92 94
rbtree: 24 28
rbtree: 78 72
rbtree: 66 26
rbtree: 16 104
rbtree: 42 26
rbtree: 18 76
rbtree: 56 28
rbtree: 20 84
rbtree: 74 32
rbtree: 18 74
rbtree: 64 54
rbtree: 30 142
rbtree: 16 86
rbtree: 44 100
rbtree: 22 86
rbtree: 76 112
rbtree: 24 68
rbtree: 28 94
rbtree: 24 30
rbtree: 74 112
rbtree: 20 70
rbtree: 46 80
rbtree: 22 68
rbtree: 32 86
rbtree: 16 32
rbtree: 76 72
rbtree: 74 30
rbtree: 24 180
rbtree: 52 68
rbtree: 16 78
rbtree: 20 32
rbtree: 58 130
rbtree: 20 68
rbtree: 52 78
rbtree: 16 72
rbtree: 14 54
rbtree: 52 72
rbtree: 62 78
rbtree: 30 32
rbtree: 112 106
rbtree: 16 72
rbtree: 48 78
rbtree: 28 30
rbtree: 44 128
rbtree: 16 68
rbtree: 36 76
rbtree: 20 32
rbtree: 60 104
rbtree: 24 70
rbtree: 46 84
rbtree: 50 72
rbtree: 20 86
rbtree: 74 70
rbtree: 22 78
rbtree: 42 74
rbtree: 28 84
rbtree: 102 68
rbtree: 28 76
rbtree: 126 72
rbtree: 16 130
rbtree: 26 102
rbtree: 76 110
rbtree: 30 34
rbtree: 52 118
rbtree: 18 74
rbtree: 30 96
rbtree: 132 86
rbtree: 14 114
rbtree: 64 82
rbtree: 16 78
rbtree: 40 72
rbtree: 20 86
rbtree: 66 68
rbtree: 20 78
rbtree: 64 68
rbtree: 20 108
rbtree: 52 86
rbtree: 26 98
rbtree: 40 86
rbtree: 26 136
rbtree: 68 70
rbtree: 30 82
rbtree: 66 66
rbtree: 16 94
rbtree: 20 30
rbtree: 32 78
rbtree: 42 70
rbtree: 16 86
rbtree: 18 66
rbtree: 22 78
rbtree: 48 32
rbtree: 32 96
rbtree: 16 32
rbtree: 32 42
rbtree: 44 30
rbtree: 16 86
rbtree: 18 72
rbtree: 24 44
rbtree: 50 32
rbtree: 32 92
rbtree: 22 28
rbtree: 30 78
rbtree: 40 28
rbtree: 30 86
rbtree: 22 28
rbtree: 32 76
rbtree: 48 70
rbtree: 22 96
rbtree: 22 34
rbtree: 34 42
rbtree: 40 32
rbtree: 18 92
rbtree: 24 32
rbtree: 20 84
rbtree: 56 32
rbtree: 22 92
rbtree: 22 32
rbtree: 20 78
rbtree: 40 30
rbtree: 18 86
rbtree: 22 28
rbtree: 20 78
rbtree: 48 30
rbtree: 20 100
rbtree: 22 34
rbtree: 20 42
rbtree: 40 36
rbtree: 20 92
rbtree: 24 32
rbtree: 20 82
rbtree: 56 28
rbtree: 18 94
rbtree: 22 32
rbtree: 18 80
rbtree: 42 32
rbtree: 20 88
rbtree: 22 32
rbtree: 20 78
rbtree: 50 30
rbtree: 18 114
rbtree: 22 34
rbtree: 24 42
rbtree: 40 34
rbtree: 20 88
rbtree: 20 32
rbtree: 22 84
rbtree: 30 30
rbtree: 20 54
rbtree: 16 30
rbtree: 30 88
rbtree: 42 30
rbtree: 26 86
rbtree: 22 30
rbtree: 30 80
rbtree: 24 30
rbtree: 30 96
rbtree: 20 70
rbtree: 24 82
rbtree: 42 32
rbtree: 16 88
rbtree: 22 68
rbtree: 22 82
rbtree: 30 34
rbtree: 32 58
rbtree: 32 30
rbtree: 32 78
rbtree: 38 32
rbtree: 30 86
rbtree: 20 32
rbtree: 32 78
rbtree: 22 30
rbtree: 32 94
rbtree: 20 36
rbtree: 32 42
rbtree: 46 34
rbtree: 30 88
rbtree: 22 36
rbtree: 34 82
rbtree: 28 32
rbtree: 20 58
rbtree: 18 32
rbtree: 30 80
rbtree: 44 32
rbtree: 30 88
rbtree: 22 30
rbtree: 30 78
rbtree: 22 30
rbtree: 32 96
rbtree: 18 34
rbtree: 30 42
rbtree: 46 34
rbtree: 32 86
rbtree: 20 34
rbtree: 34 80
rbtree: 30 30
rbtree: 26 94
rbtree: 20 32
rbtree: 32 80
rbtree: 42 32
rbtree: 30 86
rbtree: 22 32
rbtree: 30 80
rbtree: 24 30
rbtree: 30 96
rbtree: 18 34
rbtree: 32 42
rbtree: 44 36
rbtree: 28 90
rbtree: 20 34
rbtree: 20 84
rbtree: 32 30
rbtree: 18 94
rbtree: 22 30
rbtree: 18 80
rbtree: 48 32
rbtree: 20 86
rbtree: 20 30
rbtree: 20 76
rbtree: 22 30
rbtree: 20 94
rbtree: 20 34
rbtree: 20 44
rbtree: 40 34
rbtree: 24 94
rbtree: 20 32
rbtree: 20 42
rbtree: 26 32
rbtree: 20 94
rbtree: 20 30
rbtree: 20 78
rbtree: 42 30
rbtree: 18 86
rbtree: 20 30
rbtree: 18 80
rbtree: 22 30
rbtree: 18 104
rbtree: 20 30
rbtree: 20 42
rbtree: 38 34
rbtree: 22 92
rbtree: 20 34
rbtree: 22 42
rbtree: 28 30
rbtree: 20 94
rbtree: 22 32
rbtree: 20 80
rbtree: 44 32
rbtree: 20 86
rbtree: 22 30
rbtree: 20 80
rbtree: 26 34
rbtree: 18 96
rbtree: 22 36
rbtree: 20 44
rbtree: 38 34
rbtree: 20 90
rbtree: 22 32
rbtree: 20 42
rbtree: 26 30
rbtree: 20 94
rbtree: 22 32
rbtree: 20 78
rbtree: 42 30
rbtree: 20 90
rbtree: 22 32
rbtree: 18 78
rbtree: 24 32
rbtree: 18 94
rbtree: 20 30
rbtree: 20 42
rbtree: 38 36
rbtree: 20 84
rbtree: 20 34
rbtree: 20 82
rbtree: 30 30
rbtree: 18 94
rbtree: 18 30
rbtree: 18 78
rbtree: 40 32
rbtree: 20 84
rbtree: 22 28
rbtree: 18 78
rbtree: 24 32
rbtree: 20 96
rbtree: 20 34
rbtree: 22 42
rbtree: 38 34
rbtree: 20 88
rbtree: 20 34
rbtree: 22 84
rbtree: 28 32
rbtree: 18 94
rbtree: 20 32
rbtree: 18 78
rbtree: 42 30
rbtree: 18 84
rbtree: 20 30
rbtree: 20 80
rbtree: 24 30
rbtree: 20 98
rbtree: 20 36
rbtree: 22 42
rbtree: 40 32
rbtree: 22 88
rbtree: 20 34
rbtree: 22 82
rbtree: 28 32
rbtree: 18 94
rbtree: 20 30
rbtree: 20 78
rbtree: 42 32
rbtree: 18 88
rbtree: 20 30
rbtree: 18 78
rbtree: 24 32
rbtree: 18 96
rbtree: 22 34
rbtree: 24 44
rbtree: 38 32
rbtree: 22 90
rbtree: 22 34
rbtree: 20 82
rbtree: 28 30
rbtree: 20 92
rbtree: 20 30
rbtree: 20 78
rbtree: 40 32
rbtree: 18 88
rbtree: 20 32
rbtree: 20 78
rbtree: 22 30
rbtree: 18 100
rbtree: 20 30
rbtree: 18 42
rbtree: 38 32
rbtree: 20 92
rbtree: 22 36
rbtree: 22 82
rbtree: 28 32
rbtree: 18 96
rbtree: 20 32
rbtree: 24 78
rbtree: 42 30
rbtree: 18 86
rbtree: 22 32
rbtree: 18 76
rbtree: 24 32
rbtree: 18 96
rbtree: 22 36
rbtree: 22 42
rbtree: 38 32
rbtree: 18 90
rbtree: 22 32
rbtree: 20 84
rbtree: 30 28
rbtree: 20 92
rbtree: 20 32
rbtree: 20 80
rbtree: 42 30
rbtree: 20 86
rbtree: 22 28
rbtree: 20 78
rbtree: 22 30
rbtree: 18 98
rbtree: 20 34
rbtree: 22 42
rbtree: 38 36
rbtree: 22 90
rbtree: 22 36
rbtree: 22 82
rbtree: 28 30
rbtree: 18 94
rbtree: 22 30
rbtree: 20 78
rbtree: 42 30
rbtree: 18 84
rbtree: 22 30
rbtree: 20 78
rbtree: 24 28
rbtree: 20 96
rbtree: 22 38
rbtree: 22 44
rbtree: 40 34
rbtree: 20 92
rbtree: 22 38
rbtree: 20 82
rbtree: 30 32
rbtree: 18 94
rbtree: 20 30
rbtree: 20 80
rbtree: 42 32
rbtree: 20 86
rbtree: 20 32
rbtree: 18 78
rbtree: 22 30
rbtree: 20 94
rbtree: 22 32
rbtree: 24 42
rbtree: 40 34
rbtree: 22 92
rbtree: 20 36
rbtree: 20 84
rbtree: 28 30
rbtree: 20 94
rbtree: 22 30
rbtree: 20 78
rbtree: 40 30
rbtree: 20 84
rbtree: 20 28
rbtree: 18 80
rbtree: 24 30
rbtree: 20 98
rbtree: 20 30
rbtree: 22 42
rbtree: 44 34
rbtree: 22 84
rbtree: 20 34
rbtree: 24 84
rbtree: 30 32
rbtree: 20 94
rbtree: 22 32
rbtree: 18 78
rbtree: 42 32
rbtree: 18 88
rbtree: 18 30
rbtree: 20 78
rbtree: 24 30
rbtree: 20 96
rbtree: 20 34
rbtree: 22 42
rbtree: 40 34
rbtree: 22 90
rbtree: 22 34
rbtree: 20 82
rbtree: 30 30
rbtree: 20 92
rbtree: 20 30
rbtree: 20 76
rbtree: 44 30
rbtree: 20 84
rbtree: 20 34
rbtree: 22 78
rbtree: 24 32
rbtree: 18 96
rbtree: 22 36
rbtree: 20 44
rbtree: 38 36
rbtree: 24 90
rbtree: 22 36
rbtree: 22 42
rbtree: 26 28
rbtree: 18 92
rbtree: 22 30
rbtree: 20 78
rbtree: 42 30
rbtree: 20 86
rbtree: 24 32
rbtree: 18 80
rbtree: 26 32
rbtree: 22 94
rbtree: 20 32
rbtree: 20 42
rbtree: 40 36
rbtree: 20 90
rbtree: 20 34
rbtree: 24 82
rbtree: 28 32
rbtree: 18 94
rbtree: 22 30
rbtree: 18 80
rbtree: 42 30
rbtree: 20 86
rbtree: 22 30
rbtree: 20 76
rbtree: 24 30
rbtree: 20 100
rbtree: 22 32
rbtree: 20 44
rbtree: 40 32
rbtree: 24 88
rbtree: 22 34
rbtree: 20 84
rbtree: 30 30
rbtree: 18 94
rbtree: 22 30
rbtree: 18 80
rbtree: 42 30
rbtree: 20 84
rbtree: 22 28
rbtree: 18 78
rbtree: 24 34
rbtree: 20 94
rbtree: 18 36
rbtree: 20 40
rbtree: 38 34
rbtree: 20 88
rbtree: 22 34
rbtree: 20 40
rbtree: 28 30
rbtree: 20 94
rbtree: 20 30
rbtree: 20 80
rbtree: 42 30
rbtree: 18 86
rbtree: 24 30
rbtree: 20 76
rbtree: 24 30
rbtree: 20 96
rbtree: 20 36
rbtree: 20 44
rbtree: 38 36
rbtree: 24 92
rbtree: 20 36
rbtree: 22 82
rbtree: 32 32
rbtree: 20 92
rbtree: 22 32
rbtree: 20 78
rbtree: 44 30
rbtree: 20 86
rbtree: 22 34
rbtree: 18 80
rbtree: 22 32
rbtree: 18 94
rbtree: 20 32
rbtree: 22 42
rbtree: 40 34
rbtree: 20 90
rbtree: 22 36
rbtree: 20 84
rbtree: 28 30
rbtree: 20 94
rbtree: 22 30
rbtree: 18 78
rbtree: 42 32
rbtree: 20 86
rbtree: 24 32
rbtree: 20 78
rbtree: 24 32
rbtree: 20 96
rbtree: 22 34
rbtree: 24 44
rbtree: 38 36
rbtree: 20 90
rbtree: 22 36
rbtree: 20 84
rbtree: 30 30
rbtree: 18 94
rbtree: 20 30
rbtree: 20 76
rbtree: 44 32
rbtree: 20 88
rbtree: 20 30
rbtree: 20 78
rbtree: 24 32
rbtree: 18 94
rbtree: 22 36
rbtree: 20 42
rbtree: 38 32
rbtree: 22 88
rbtree: 22 38
rbtree: 20 82
rbtree: 28 32
rbtree: 20 94
rbtree: 22 32
rbtree: 20 78
rbtree: 44 32
rbtree: 20 88
rbtree: 22 30
rbtree: 20 78
rbtree: 22 32
rbtree: 18 96
rbtree: 22 34
rbtree: 20 44
rbtree: 40 34
rbtree: 22 90
rbtree: 22 36
rbtree: 20 42
rbtree: 26 30
rbtree: 20 92
rbtree: 24 30
rbtree: 18 80
rbtree: 40 32
rbtree: 20 86
rbtree: 20 32
rbtree: 20 78
rbtree: 24 30
rbtree: 18 96
rbtree: 20 34
rbtree: 22 44
rbtree: 40 34
rbtree: 22 88
rbtree: 22 36
rbtree: 20 42
rbtree: 26 34
rbtree: 18 94
rbtree: 20 30
rbtree: 18 80
rbtree: 40 28
rbtree: 20 84
rbtree: 20 32
rbtree: 18 80
rbtree: 24 28
rbtree: 20 96
rbtree: 20 36
rbtree: 22 40
rbtree: 40 36
rbtree: 20 90
rbtree: 22 38
rbtree: 22 84
rbtree: 30 32
rbtree: 18 94
rbtree: 20 30
rbtree: 22 78
rbtree: 46 32
rbtree: 20 86
rbtree: 20 32
rbtree: 20 78
rbtree: 24 30
rbtree: 20 96
rbtree: 20 34
rbtree: 20 42
rbtree: 40 32
rbtree: 18 92
rbtree: 18 32
rbtree: 18 82
rbtree: 28 30
rbtree: 20 94
rbtree: 22 30
rbtree: 20 78
rbtree: 40 30
rbtree: 20 86
rbtree: 22 28
rbtree: 20 78
rbtree: 22 30
rbtree: 18 100
rbtree: 20 30
rbtree: 20 42
rbtree: 38 32
rbtree: 22 92
rbtree: 22 34
rbtree: 24 82
rbtree: 28 30
rbtree: 20 94
rbtree: 20 30
rbtree: 18 80
rbtree: 42 30
rbtree: 18 84
rbtree: 22 30
rbtree: 18 78
rbtree: 24 30
rbtree: 20 94
rbtree: 20 34
rbtree: 20 42
rbtree: 38 36
rbtree: 22 88
rbtree: 20 34
rbtree: 22 82
rbtree: 32 32
rbtree: 18 94
rbtree: 22 32
rbtree: 20 78
rbtree: 40 30
rbtree: 18 88
rbtree: 22 32
rbtree: 20 80
rbtree: 24 30
rbtree: 20 96
rbtree: 20 32
rbtree: 20 42
rbtree: 38 32
rbtree: 22 90
rbtree: 22 36
rbtree: 22 82
rbtree: 28 30
rbtree: 20 94
rbtree: 20 30
rbtree: 20 80
rbtree: 42 32
rbtree: 20 86
rbtree: 22 32
rbtree: 18 78
rbtree: 24 28
rbtree: 20 94
rbtree: 20 34
rbtree: 24 42
rbtree: 40 32
rbtree: 20 90
rbtree: 20 34
rbtree: 22 82
rbtree: 30 32
rbtree: 20 90
rbtree: 22 30
rbtree: 20 76
rbtree: 40 32
rbtree: 18 86
rbtree: 20 28
rbtree: 20 80
rbtree: 22 30
rbtree: 20 94
rbtree: 18 38
rbtree: 20 42
rbtree: 38 34
rbtree: 24 92
rbtree: 20 34
rbtree: 20 84
rbtree: 30 32
rbtree: 18 94
rbtree: 22 30
rbtree: 18 78
rbtree: 42 32
rbtree: 18 88
rbtree: 22 28
rbtree: 18 78
rbtree: 24 32
rbtree: 20 96
rbtree: 18 34
rbtree: 20 42
rbtree: 38 34
rbtree: 28 92
rbtree: 22 36
rbtree: 20 82
rbtree: 28 32
rbtree: 20 90
rbtree: 22 32
rbtree: 20 76
rbtree: 42 30
rbtree: 18 86
rbtree: 22 34
rbtree: 18 78
rbtree: 22 32
rbtree: 18 98
rbtree: 20 34
rbtree: 22 44
rbtree: 40 36
rbtree: 20 90
rbtree: 22 36
rbtree: 20 84
rbtree: 30 30
rbtree: 20 94
rbtree: 22 32
rbtree: 24 78
rbtree: 40 32
rbtree: 18 86
rbtree: 22 30
rbtree: 18 78
rbtree: 24 32
rbtree: 20 100
rbtree: 22 32
rbtree: 20 44
rbtree: 40 34
rbtree: 20 88
rbtree: 22 34
rbtree: 20 84
rbtree: 32 32
rbtree: 20 92
rbtree: 20 30
rbtree: 18 80
rbtree: 42 32
rbtree: 20 84
rbtree: 20 30
rbtree: 20 78
rbtree: 24 30
rbtree: 18 98
rbtree: 24 32
rbtree: 22 42
rbtree: 38 34
rbtree: 22 90
rbtree: 20 36
rbtree: 20 82
rbtree: 28 30
rbtree: 20 96
rbtree: 22 28
rbtree: 20 76
rbtree: 42 30
rbtree: 18 84
rbtree: 20 30
rbtree: 20 78
rbtree: 24 30
rbtree: 20 94
rbtree: 20 36
rbtree: 22 42
rbtree: 40 32
rbtree: 24 90
rbtree: 22 34
rbtree: 22 82
rbtree: 28 30
rbtree: 20 96
rbtree: 20 30
rbtree: 18 78
rbtree: 42 30
rbtree: 18 86
rbtree: 22 28
rbtree: 18 78
rbtree: 24 32
rbtree: 18 96
rbtree: 20 34
rbtree: 22 42
rbtree: 38 32
rbtree: 20 90
rbtree: 22 36
rbtree: 20 82
rbtree: 28 32
rbtree: 18 92
rbtree: 20 32
rbtree: 18 78
rbtree: 40 32
rbtree: 18 84
rbtree: 20 32
rbtree: 18 76
rbtree: 24 30
rbtree: 20 96
rbtree: 22 34
rbtree: 22 42
rbtree: 44 34
rbtree: 20 90
rbtree: 22 36
rbtree: 22 80
rbtree: 28 32
rbtree: 20 96
rbtree: 24 32
rbtree: 20 80
rbtree: 42 32
rbtree: 18 88
rbtree: 20 30
rbtree: 20 78
rbtree: 24 30
rbtree: 18 94
rbtree: 22 36
rbtree: 24 42
rbtree: 40 34
rbtree: 20 90
rbtree: 22 38
rbtree: 22 82
rbtree: 30 32
rbtree: 18 94
rbtree: 22 30
rbtree: 20 78
rbtree: 42 30
rbtree: 18 86
rbtree: 20 30
rbtree: 22 78
rbtree: 24 28
rbtree: 18 94
rbtree: 18 34
rbtree: 20 42
rbtree: 38 34
rbtree: 22 92
rbtree: 18 34
rbtree: 20 82
rbtree: 28 32
rbtree: 18 92
rbtree: 22 32
rbtree: 18 80
rbtree: 42 32
rbtree: 20 86
rbtree: 24 28
rbtree: 18 76
rbtree: 24 28
rbtree: 18 100
rbtree: 20 36
rbtree: 20 42
rbtree: 38 34
rbtree: 20 90
rbtree: 20 36
rbtree: 20 82
rbtree: 32 30
rbtree: 20 92
rbtree: 22 28
rbtree: 20 80
rbtree: 40 30
rbtree: 20 88
rbtree: 20 32
rbtree: 20 76
rbtree: 24 30
rbtree: 20 98
rbtree: 22 32
rbtree: 20 42
rbtree: 38 34
rbtree: 20 86
rbtree: 22 36
rbtree: 24 84
rbtree: 28 28
rbtree: 18 96
rbtree: 22 30
rbtree: 20 78
rbtree: 42 30
rbtree: 18 86
rbtree: 22 30
rbtree: 18 80
rbtree: 24 30
rbtree: 18 94
rbtree: 20 34
rbtree: 20 40
rbtree: 38 36
rbtree: 18 92
rbtree: 18 32
rbtree: 20 44
rbtree: 28 30
rbtree: 20 92
rbtree: 22 36
rbtree: 18 78
rbtree: 42 32
rbtree: 20 84
rbtree: 22 30
rbtree: 18 80
rbtree: 24 30
rbtree: 18 96
rbtree: 22 36
rbtree: 20 42
rbtree: 40 36
rbtree: 20 94
rbtree: 24 36
rbtree: 20 44
rbtree: 26 30
rbtree: 20 94
rbtree: 22 32
rbtree: 20 76
rbtree: 40 30
rbtree: 20 86
rbtree: 22 32
rbtree: 18 78
rbtree: 24 34
rbtree: 18 94
rbtree: 20 28
rbtree: 20 42
rbtree: 38 34
rbtree: 20 90
rbtree: 22 36
rbtree: 20 84
rbtree: 28 30
rbtree: 18 94
rbtree: 26 32
rbtree: 20 78
rbtree: 40 30
rbtree: 20 84
rbtree: 20 28
rbtree: 20 78
rbtree: 24 28
rbtree: 18 96
rbtree: 20 32
rbtree: 26 42
rbtree: 40 34
rbtree: 20 92
rbtree: 22 36
rbtree: 18 42
rbtree: 28 32
rbtree: 20 94
rbtree: 22 30
rbtree: 18 78
rbtree: 40 32
rbtree: 18 86
rbtree: 22 32
rbtree: 20 78
rbtree: 24 32
rbtree: 20 98
rbtree: 22 34
rbtree: 20 40
rbtree: 38 34
rbtree: 20 92
rbtree: 22 38
rbtree: 20 82
rbtree: 30 30
rbtree: 20 94
rbtree: 20 30
rbtree: 20 78
rbtree: 40 30
rbtree: 18 88
rbtree: 22 32
rbtree: 18 80
