rbtree: 354 98
rbtree: 32 178
rbtree: 118 102
rbtree: 26 88
rbtree: 88 52
rbtree: 16 68
rbtree: 46 52
rbtree: 16 26
rbtree: 22 22
rbtree: 16 22
rbtree: 20 22
rbtree: 14 22
rbtree: 20 22
rbtree: 16 22
rbtree: 20 20
rbtree: 16 20
rbtree: 18 22
rbtree: 16 22
rbtree: 20 20
rbtree: 16 22
rbtree: 20 22
rbtree: 16 22
rbtree: 18 20
rbtree: 16 22
rbtree: 20 20
rbtree: 14 20
rbtree: 18 20
rbtree: 14 22
rbtree: 18 20
rbtree: 16 22
rbtree: 18 22
rbtree: 16 22
rbtree: 20 20
rbtree: 16 22
rbtree: 18 20
rbtree: 16 24
rbtree: 20 24
rbtree: 16 22
rbtree: 18 18
rbtree: 16 20
rbtree: 20 18
rbtree: 14 24
rbtree: 18 22
rbtree: 16 22
rbtree: 20 20
rbtree: 14 20
rbtree: 18 20
rbtree: 16 24
rbtree: 20 20
rbtree: 14 22
rbtree: 20 22
rbtree: 14 20
rbtree: 20 24
rbtree: 16 22
rbtree: 18 20
rbtree: 14 22
rbtree: 18 20
rbtree: 16 22
rbtree: 18 20
rbtree: 16 24
rbtree: 18 22
rbtree: 16 22
rbtree: 20 20
rbtree: 16 22
rbtree: 18 22
rbtree: 16 22
rbtree: 20 20
rbtree: 14 22
rbtree: 20 24
rbtree: 14 22
rbtree: 20 20
rbtree: 16 22
rbtree: 18 20
rbtree: 14 22
rbtree: 20 20
rbtree: 16 22
rbtree: 20 20
rbtree: 16 22
rbtree: 20 22
rbtree: 16 22
rbtree: 18 22
rbtree: 16 22
rbtree: 20 20
rbtree: 14 20
rbtree: 20 20
rbtree: 16 20
rbtree: 16 22
rbtree: 16 20
rbtree: 20 20
rbtree: 16 22
rbtree: 18 20
rbtree: 16 22
rbtree: 18 22
rbtree: 16 20
rbtree: 20 20
rbtree: 14 22
rbtree: 18 20
rbtree: 16 22
rbtree: 20 20
rbtree: 14 20
rbtree: 18 58
rbtree: 14 22
rbtree: 18 22
rbtree: 16 22
rbtree: 18 20
rbtree: 16 22
rbtree: 18 22
rbtree: 16 22
rbtree: 20 24
rbtree: 16 22
rbtree: 20 22
rbtree: 16 22
rbtree: 18 20
rbtree: 16 20
rbtree: 18 20
rbtree: 14 22
rbtree: 18 22
rbtree: 16 22
rbtree: 18 20
rbtree: 16 20
rbtree: 18 22
rbtree: 14 22
rbtree: 20 22
rbtree: 16 22
rbtree: 16 22
rbtree: 14 22
rbtree: 18 18
rbtree: 16 20
rbtree: 20 20
rbtree: 14 22
rbtree: 20 22
rbtree: 16 22
rbtree: 18 22
rbtree: 16 22
rbtree: 18 22
rbtree: 16 22
rbtree: 18 22
rbtree: 14 22
rbtree: 16 22
rbtree: 16 22
rbtree: 16 22
rbtree: 18 20
rbtree: 18 22
rbtree: 16 22
rbtree: 18 20
rbtree: 16 24
rbtree: 20 20
rbtree: 16 22
rbtree: 18 22
rbtree: 16 20
rbtree: 18 22
rbtree: 14 22
rbtree: 20 22
rbtree: 16 20
rbtree: 20 22
rbtree: 14 22
rbtree: 20 20
rbtree: 16 20
rbtree: 18 22
rbtree: 16 20
rbtree: 20 22
rbtree: 16 20
rbtree: 18 22
rbtree: 16 20
rbtree: 18 20
rbtree: 14 20
rbtree: 20 24
rbtree: 16 22
rbtree: 20 22
rbtree: 16 24
rbtree: 18 22
rbtree: 16 20
rbtree: 20 22
rbtree: 16 22
rbtree: 18 22
rbtree: 14 22
rbtree: 18 22
rbtree: 14 20
rbtree: 18 20
rbtree: 16 22
rbtree: 20 24
rbtree: 16 24
rbtree: 18 20
rbtree: 16 20
rbtree: 18 20
rbtree: 16 22
rbtree: 16 22
rbtree: 16 20
rbtree: 18 22
rbtree: 16 22
rbtree: 20 22
rbtree: 16 20
rbtree: 20 24
rbtree: 16 20
rbtree: 20 20
rbtree: 16 22
rbtree: 18 22
rbtree: 14 22
rbtree: 18 22
rbtree: 14 22
rbtree: 18 22
rbtree: 16 20
rbtree: 20 22
rbtree: 14 22
rbtree: 18 22
rbtree: 16 20
rbtree: 20 20
rbtree: 16 22
rbtree: 18 20
rbtree: 14 22
rbtree: 20 20
rbtree: 14 22
rbtree: 16 22
rbtree: 16 20
rbtree: 18 22
rbtree: 16 20
rbtree: 18 22
rbtree: 16 22
rbtree: 18 20
rbtree: 16 22
rbtree: 18 22
rbtree: 16 20
rbtree: 20 22
rbtree: 16 22
rbtree: 18 22
rbtree: 14 20
rbtree: 20 22
rbtree: 16 22
rbtree: 18 22
rbtree: 16 24
rbtree: 20 20
rbtree: 16 22
rbtree: 18 18
rbtree: 16 22
rbtree: 18 20
rbtree: 16 20
rbtree: 20 24
rbtree: 18 20
rbtree: 18 20
rbtree: 14 22
rbtree: 20 22
rbtree: 16 22
rbtree: 20 20
rbtree: 16 22
rbtree: 16 22
rbtree: 16 22
rbtree: 18 20
rbtree: 14 22
rbtree: 20 20
rbtree: 14 22
rbtree: 20 18
rbtree: 14 22
rbtree: 16 22
rbtree: 16 22
rbtree: 18 22
rbtree: 16 20
rbtree: 18 20
rbtree: 16 20
rbtree: 20 22
rbtree: 16 22
rbtree: 20 22
rbtree: 16 22
rbtree: 20 20
rbtree: 14 20
rbtree: 18 24
rbtree: 16 22
rbtree: 20 22
rbtree: 14 22
rbtree: 18 20
rbtree: 18 20
rbtree: 18 22
rbtree: 16 22
rbtree: 18 22
rbtree: 16 20
rbtree: 20 20
rbtree: 14 22
rbtree: 16 20
rbtree: 16 20
rbtree: 18 20
rbtree: 16 24
rbtree: 16 22
rbtree: 16 20
rbtree: 20 22
rbtree: 16 22
rbtree: 18 22
rbtree: 16 22
rbtree: 20 22
rbtree: 14 22
rbtree: 20 22
rbtree: 14 22
rbtree: 20 20
rbtree: 14 20
rbtree: 20 22
rbtree: 16 22
rbtree: 18 20
rbtree: 16 24
rbtree: 16 22
rbtree: 16 20
rbtree: 18 20
rbtree: 16 22
rbtree: 18 22
rbtree: 16 22
rbtree: 18 20
rbtree: 16 20
rbtree: 18 22
rbtree: 14 22
rbtree: 20 22
rbtree: 14 22
rbtree: 20 20
rbtree: 14 22
rbtree: 18 20
rbtree: 16 20
rbtree: 18 20
rbtree: 14 22
rbtree: 20 18
rbtree: 14 20
rbtree: 20 22
rbtree: 14 20
rbtree: 18 22
rbtree: 16 22
rbtree: 18 22
rbtree: 16 20
rbtree: 18 20
rbtree: 16 22
rbtree: 18 22
rbtree: 16 22
rbtree: 18 22
rbtree: 16 22
rbtree: 18 20
rbtree: 14 24
rbtree: 20 20
rbtree: 14 22
rbtree: 16 22
rbtree: 16 20
rbtree: 18 22
rbtree: 16 22
rbtree: 18 24
rbtree: 16 20
rbtree: 20 22
rbtree: 16 20
rbtree: 18 22
rbtree: 16 22
rbtree: 20 24
rbtree: 14 20
rbtree: 20 20
rbtree: 16 20
rbtree: 20 20
rbtree: 16 20
rbtree: 20 20
rbtree: 14 20
rbtree: 18 22
rbtree: 16 22
rbtree: 18 22
rbtree: 16 22
rbtree: 18 20
rbtree: 16 22
rbtree: 20 22
rbtree: 14 22
rbtree: 20 20
rbtree: 16 22
rbtree: 18 22
rbtree: 16 22
rbtree: 20 20
rbtree: 16 22
rbtree: 16 22
rbtree: 16 20
rbtree: 18 20
rbtree: 16 20
rbtree: 18 20
rbtree: 14 22
rbtree: 18 22
rbtree: 16 22
rbtree: 16 22
rbtree: 18 20
rbtree: 16 22
rbtree: 14 22
rbtree: 20 20
rbtree: 14 22
rbtree: 20 20
rbtree: 16 20
rbtree: 18 22
rbtree: 16 20
rbtree: 20 22
rbtree: 16 22
rbtree: 18 20
rbtree: 16 22
rbtree: 20 24
rbtree: 16 24
rbtree: 18 20
rbtree: 16 22
rbtree: 18 20
rbtree: 16 22
rbtree: 18 22
rbtree: 14 22
rbtree: 18 22
rbtree: 14 20
rbtree: 18 22
rbtree: 14 20
rbtree: 20 20
rbtree: 14 22
rbtree: 18 22
rbtree: 16 22
rbtree: 18 20
rbtree: 14 22
rbtree: 18 22
rbtree: 16 20
rbtree: 16 24
rbtree: 16 20
rbtree: 18 22
rbtree: 16 22
rbtree: 20 20
rbtree: 16 22
rbtree: 18 20
rbtree: 16 20
rbtree: 18 20
rbtree: 16 22
rbtree: 22 22
rbtree: 14 22
rbtree: 18 20
rbtree: 16 22
rbtree: 18 20
rbtree: 16 20
rbtree: 18 20
rbtree: 16 20
rbtree: 18 20
rbtree: 16 22
rbtree: 20 22
rbtree: 16 22
rbtree: 22 22
rbtree: 14 22
rbtree: 18 22
rbtree: 16 20
rbtree: 20 20
rbtree: 16 22
rbtree: 20 22
rbtree: 16 22
rbtree: 18 22
rbtree: 14 20
rbtree: 18 22
rbtree: 16 22
rbtree: 18 20
rbtree: 16 22
rbtree: 20 20
rbtree: 14 20
rbtree: 20 22
rbtree: 16 22
rbtree: 16 22
rbtree: 16 22
rbtree: 18 22
rbtree: 16 22
rbtree: 16 22
rbtree: 14 22
rbtree: 16 22
rbtree: 14 22
rbtree: 18 22
rbtree: 14 22
rbtree: 18 20
rbtree: 14 22
rbtree: 18 24
rbtree: 16 20
rbtree: 20 20
rbtree: 16 22
rbtree: 18 22
rbtree: 18 22
rbtree: 18 20
rbtree: 16 22
rbtree: 18 20
rbtree: 14 22
rbtree: 20 20
rbtree: 16 20
rbtree: 18 20
rbtree: 14 22
rbtree: 20 22
rbtree: 14 20
rbtree: 20 22
rbtree: 16 20
rbtree: 20 20
rbtree: 16 22
rbtree: 20 20
rbtree: 14 22
rbtree: 16 22
rbtree: 16 22
rbtree: 18 20
rbtree: 14 20
rbtree: 20 22
rbtree: 16 20
rbtree: 18 22
rbtree: 16 20
rbtree: 18 22
rbtree: 16 20
rbtree: 18 22
rbtree: 16 22
rbtree: 18 22
rbtree: 16 20
rbtree: 20 20
rbtree: 16 22
rbtree: 18 22
rbtree: 14 22
rbtree: 18 22
rbtree: 14 22
rbtree: 18 22
rbtree: 16 22
rbtree: 18 22
rbtree: 14 22
rbtree: 18 20
rbtree: 14 24
rbtree: 20 20
rbtree: 14 22
rbtree: 20 22
rbtree: 16 22
rbtree: 18 24
rbtree: 16 22
rbtree: 20 20
rbtree: 16 22
rbtree: 16 22
rbtree: 16 20
rbtree: 20 20
rbtree: 16 20
rbtree: 18 22
rbtree: 16 20
rbtree: 18 20
rbtree: 16 20
rbtree: 18 20
rbtree: 16 22
rbtree: 18 20
rbtree: 16 22
rbtree: 20 24
rbtree: 14 22
rbtree: 18 20
rbtree: 18 22
rbtree: 18 22
rbtree: 16 20
rbtree: 18 20
rbtree: 16 24
rbtree: 20 20
rbtree: 16 22
rbtree: 18 22
rbtree: 14 20
rbtree: 18 22
rbtree: 14 22
rbtree: 20 22
rbtree: 14 22
rbtree: 20 22
rbtree: 16 20
rbtree: 20 22
rbtree: 16 20
rbtree: 16 22
rbtree: 16 20
rbtree: 20 22
rbtree: 16 20
rbtree: 18 18
rbtree: 16 22
rbtree: 18 22
rbtree: 14 22
rbtree: 18 20
rbtree: 14 22
rbtree: 20 22
rbtree: 14 22
rbtree: 16 22
rbtree: 16 20
rbtree: 20 22
rbtree: 14 22
rbtree: 20 22
rbtree: 14 22
rbtree: 20 22
rbtree: 16 20
rbtree: 18 22
rbtree: 16 18
rbtree: 16 22
rbtree: 16 22
rbtree: 16 22
rbtree: 14 22
rbtree: 16 22
rbtree: 14 20
rbtree: 18 22
rbtree: 16 24
rbtree: 18 22
rbtree: 16 24
rbtree: 20 20
rbtree: 16 22
rbtree: 16 22
rbtree: 16 22
rbtree: 18 20
rbtree: 16 22
rbtree: 18 20
rbtree: 26 24
rbtree: 18 20
rbtree: 16 20
rbtree: 18 22
rbtree: 16 22
rbtree: 18 22
rbtree: 16 20
rbtree: 18 22
rbtree: 16 20
rbtree: 18 20
rbtree: 16 22
rbtree: 18 20
rbtree: 16 20
rbtree: 20 22
rbtree: 16 22
rbtree: 18 22
rbtree: 16 22
rbtree: 16 22
rbtree: 16 20
rbtree: 18 20
rbtree: 14 22
rbtree: 18 20
rbtree: 16 22
rbtree: 18 20
rbtree: 14 22
rbtree: 18 22
rbtree: 16 20
rbtree: 20 22
rbtree: 16 22
rbtree: 18 22
rbtree: 16 20
rbtree: 18 22
rbtree: 16 20
rbtree: 18 22
rbtree: 16 22
rbtree: 18 20
rbtree: 16 22
rbtree: 18 22
rbtree: 14 22
rbtree: 20 22
rbtree: 14 22
rbtree: 18 22
rbtree: 16 24
rbtree: 20 20
rbtree: 14 22
rbtree: 18 22
rbtree: 16 20
rbtree: 18 22
rbtree: 14 22
rbtree: 18 22
rbtree: 16 18
rbtree: 20 24
rbtree: 16 22
rbtree: 20 20
rbtree: 16 22
rbtree: 18 20
rbtree: 14 22
rbtree: 18 20
rbtree: 16 20
rbtree: 16 22
rbtree: 16 22
rbtree: 18 20
rbtree: 16 22
rbtree: 20 22
rbtree: 16 22
rbtree: 18 20
rbtree: 16 20
rbtree: 18 20
rbtree: 16 22
rbtree: 18 20
rbtree: 16 20
rbtree: 18 20
rbtree: 16 22
rbtree: 18 20
rbtree: 14 24
rbtree: 16 22
rbtree: 16 20
rbtree: 20 20
rbtree: 16 22
rbtree: 20 22
rbtree: 16 20
rbtree: 20 22
rbtree: 16 20
rbtree: 20 20
rbtree: 16 22
rbtree: 18 22
rbtree: 16 20
rbtree: 18 20
rbtree: 16 22
rbtree: 20 24
rbtree: 14 20
rbtree: 18 22
rbtree: 16 20
rbtree: 18 22
rbtree: 14 22
rbtree: 18 22
rbtree: 16 22
rbtree: 20 22
rbtree: 14 22
rbtree: 20 20
rbtree: 14 22
rbtree: 20 22
rbtree: 16 22
rbtree: 18 20
rbtree: 14 22
rbtree: 20 20
rbtree: 16 22
rbtree: 18 22
rbtree: 16 20
rbtree: 18 20
rbtree: 16 22
rbtree: 18 22
rbtree: 16 22
rbtree: 18 22
rbtree: 16 22
rbtree: 20 24
rbtree: 14 20
rbtree: 18 22
rbtree: 18 22
rbtree: 16 22
rbtree: 16 22
rbtree: 18 20
rbtree: 16 24
rbtree: 20 20
rbtree: 16 22
rbtree: 18 22
rbtree: 16 22
rbtree: 18 22
rbtree: 16 22
rbtree: 18 20
rbtree: 16 20
rbtree: 18 20
rbtree: 16 22
rbtree: 18 20
rbtree: 14 24
rbtree: 16 22
rbtree: 14 18
rbtree: 18 22
rbtree: 16 20
rbtree: 18 20
rbtree: 16 22
rbtree: 18 20
rbtree: 16 22
rbtree: 18 20
rbtree: 14 20
rbtree: 18 22
rbtree: 16 22
rbtree: 18 22
rbtree: 16 22
rbtree: 16 22
rbtree: 14 22
rbtree: 18 22
rbtree: 14 22
rbtree: 16 22
rbtree: 16 22
rbtree: 20 22
rbtree: 16 20
rbtree: 18 22
rbtree: 14 22
rbtree: 20 22
rbtree: 16 20
rbtree: 20 22
rbtree: 16 20
rbtree: 20 20
rbtree: 18 22
rbtree: 20 20
rbtree: 16 20
rbtree: 18 18
rbtree: 16 22
rbtree: 18 22
rbtree: 14 20
rbtree: 20 22
rbtree: 16 20
rbtree: 18 20
rbtree: 14 22
rbtree: 20 22
rbtree: 16 22
rbtree: 18 20
rbtree: 16 20
rbtree: 18 20
rbtree: 16 22
rbtree: 18 22
rbtree: 16 20
rbtree: 18 20
rbtree: 16 20
rbtree: 20 22
rbtree: 14 22
rbtree: 18 22
rbtree: 16 20
rbtree: 18 20
rbtree: 16 20
rbtree: 18 20
rbtree: 16 22
rbtree: 18 22
rbtree: 14 22
rbtree: 16 22
rbtree: 16 20
rbtree: 18 20
rbtree: 16 20
rbtree: 18 20
rbtree: 14 22
rbtree: 18 22
rbtree: 16 22
rbtree: 18 22
rbtree: 16 22
rbtree: 16 22
rbtree: 16 20
rbtree: 18 20
rbtree: 16 22
rbtree: 20 20
rbtree: 14 22
rbtree: 18 22
rbtree: 16 22
rbtree: 20 22
rbtree: 14 22
rbtree: 20 22
rbtree: 18 20
rbtree: 18 20
rbtree: 16 22
rbtree: 18 24
rbtree: 16 22
rbtree: 18 22
rbtree: 14 22
rbtree: 16 22
rbtree: 14 18
rbtree: 18 22
rbtree: 16 22
rbtree: 20 22
rbtree: 16 22
rbtree: 18 20
rbtree: 16 20
rbtree: 18 20
rbtree: 14 22
rbtree: 20 20
rbtree: 14 22
rbtree: 20 22
rbtree: 16 24
rbtree: 20 22
rbtree: 14 22
rbtree: 16 22
rbtree: 14 18
rbtree: 18 22
rbtree: 16 22
rbtree: 18 20
rbtree: 14 22
rbtree: 18 20
rbtree: 18 20
rbtree: 18 22
rbtree: 16 22
rbtree: 18 20
rbtree: 16 24
rbtree: 20 20
rbtree: 16 20
rbtree: 18 20
rbtree: 14 22
rbtree: 20 24
rbtree: 16 22
rbtree: 18 22
rbtree: 14 22
rbtree: 18 20
rbtree: 16 20
rbtree: 18 22
rbtree: 16 24
rbtree: 20 20
rbtree: 14 22
rbtree: 20 22
rbtree: 14 22
rbtree: 20 22
rbtree: 16 22
rbtree: 18 20
rbtree: 16 20
rbtree: 20 22
rbtree: 16 22
rbtree: 18 20
rbtree: 16 24
rbtree: 20 20
rbtree: 16 22
rbtree: 18 22
rbtree: 16 22
rbtree: 20 22
rbtree: 16 20
rbtree: 20 22
rbtree: 14 20
rbtree: 18 20
rbtree: 16 20
rbtree: 18 22
rbtree: 14 22
rbtree: 18 22
rbtree: 14 20
rbtree: 20 22
rbtree: 16 20
rbtree: 20 22
rbtree: 16 22
rbtree: 18 22
rbtree: 16 22
rbtree: 20 20
rbtree: 16 20
rbtree: 18 22
rbtree: 16 22
rbtree: 20 22
rbtree: 14 22
rbtree: 18 22
rbtree: 16 22
rbtree: 18 22
rbtree: 16 22
rbtree: 20 20
rbtree: 16 22
rbtree: 20 22
rbtree: 14 22
rbtree: 20 22
rbtree: 16 22
rbtree: 18 20
rbtree: 18 22
rbtree: 18 22
rbtree: 16 20
rbtree: 20 22
rbtree: 14 22
rbtree: 18 20
rbtree: 14 22
rbtree: 20 22
rbtree: 14 22
rbtree: 18 22
rbtree: 14 22
rbtree: 18 22
rbtree: 16 22
rbtree: 18 20
rbtree: 14 22
rbtree: 20 20
rbtree: 16 22
rbtree: 18 20
rbtree: 16 22
rbtree: 20 22
rbtree: 16 20
rbtree: 18 20
rbtree: 16 20
rbtree: 20 22
rbtree: 16 22
rbtree: 20 22
rbtree: 14 24
rbtree: 20 20
rbtree: 16 20
rbtree: 18 20
rbtree: 16 22
rbtree: 20 22
rbtree: 14 22
rbtree: 22 22
rbtree: 16 20
rbtree: 16 22
rbtree: 16 20
rbtree: 20 20
rbtree: 14 22
rbtree: 20 22
rbtree: 16 22
rbtree: 20 22
rbtree: 16 22
rbtree: 18 20
rbtree: 16 22
rbtree: 18 20
rbtree: 16 20
rbtree: 20 20
rbtree: 16 20
rbtree: 18 20
rbtree: 16 24
rbtree: 20 20
rbtree: 14 22
rbtree: 18 22
rbtree: 14 22
rbtree: 18 20
rbtree: 14 22
rbtree: 20 20
rbtree: 16 22
rbtree: 18 22
rbtree: 16 20
rbtree: 18 22
rbtree: 16 22
rbtree: 20 22
rbtree: 14 22
rbtree: 16 22
rbtree: 16 20
rbtree: 16 22
rbtree: 16 22
rbtree: 18 22
rbtree: 16 22
rbtree: 18 20
rbtree: 14 22
rbtree: 18 22
rbtree: 16 20
rbtree: 22 22
rbtree: 14 22
rbtree: 18 22
rbtree: 16 22
rbtree: 18 20
rbtree: 14 24
rbtree: 18 20
rbtree: 16 22
rbtree: 20 22
rbtree: 16 22
rbtree: 20 22
rbtree: 14 22
rbtree: 24 22
rbtree: 16 20
rbtree: 18 22
rbtree: 16 20
rbtree: 18 20
rbtree: 14 20
rbtree: 18 24
rbtree: 16 20
rbtree: 20 20
rbtree: 16 22
rbtree: 18 20
rbtree: 14 20
rbtree: 20 22
rbtree: 16 22
rbtree: 18 20
rbtree: 16 22
