bitmap: 68 66
bitmap: 52 20
bitmap: 46 24
bitmap: 46 24
bitmap: 16 44
bitmap: 14 42
bitmap: 42 16
bitmap: 42 20
bitmap: 14 42
bitmap: 14 42
bitmap: 40 20
bitmap: 14 42
bitmap: 42 46
bitmap: 16 42
bitmap: 48 22
bitmap: 16 42
bitmap: 16 40
bitmap: 12 66
bitmap: 16 46
bitmap: 42 24
bitmap: 46 74
bitmap: 14 42
bitmap: 40 22
bitmap: 42 24
bitmap: 14 42
bitmap: 68 24
bitmap: 14 42
bitmap: 14 42
bitmap: 16 52
bitmap: 46 24
bitmap: 14 42
bitmap: 42 24
bitmap: 14 42
bitmap: 14 40
bitmap: 14 42
bitmap: 40 24
bitmap: 16 42
bitmap: 14 42
bitmap: 46 24
bitmap: 42 24
bitmap: 44 24
bitmap: 46 26
bitmap: 46 24
bitmap: 16 42
bitmap: 46 24
bitmap: 42 24
bitmap: 14 42
bitmap: 14 42
bitmap: 40 24
bitmap: 14 42
bitmap: 56 22
bitmap: 42 24
bitmap: 46 24
bitmap: 46 24
bitmap: 14 42
bitmap: 12 42
bitmap: 12 42
bitmap: 16 40
bitmap: 14 42
bitmap: 44 24
bitmap: 42 24
bitmap: 46 26
bitmap: 40 20
bitmap: 42 24
bitmap: 40 26
bitmap: 40 24
bitmap: 16 42
bitmap: 14 42
bitmap: 14 42
bitmap: 14 42
bitmap: 42 24
bitmap: 14 42
bitmap: 46 26
bitmap: 46 24
bitmap: 14 42
bitmap: 40 24
bitmap: 44 24
bitmap: 18 42
bitmap: 40 24
bitmap: 42 26
bitmap: 42 24
bitmap: 16 42
bitmap: 16 40
bitmap: 46 24
bitmap: 18 46
bitmap: 48 26
bitmap: 18 20
bitmap: 18 40
bitmap: 42 24
bitmap: 46 28
bitmap: 42 24
bitmap: 40 24
bitmap: 14 42
bitmap: 14 42
bitmap: 42 22
bitmap: 48 26
bitmap: 46 26
bitmap: 46 22
bitmap: 14 42
bitmap: 18 42
bitmap: 40 24
bitmap: 42 24
bitmap: 46 24
bitmap: 40 24
bitmap: 14 42
bitmap: 14 42
bitmap: 48 24
bitmap: 46 24
bitmap: 46 24
bitmap: 48 22
bitmap: 14 42
bitmap: 14 40
bitmap: 48 24
bitmap: 16 42
bitmap: 44 22
bitmap: 18 42
bitmap: 14 42
bitmap: 50 26
bitmap: 46 24
bitmap: 14 42
bitmap: 16 50
bitmap: 46 24
bitmap: 40 26
bitmap: 14 42
bitmap: 40 24
bitmap: 48 24
bitmap: 42 22
bitmap: 44 24
bitmap: 48 24
bitmap: 46 22
bitmap: 44 20
bitmap: 60 20
bitmap: 42 24
bitmap: 44 24
bitmap: 14 42
bitmap: 14 42
bitmap: 46 24
bitmap: 40 24
bitmap: 46 24
bitmap: 14 42
bitmap: 42 22
bitmap: 48 24
bitmap: 14 42
bitmap: 12 42
bitmap: 14 42
bitmap: 16 42
bitmap: 14 20
bitmap: 14 42
bitmap: 14 42
bitmap: 14 42
bitmap: 14 42
bitmap: 42 26
bitmap: 42 24
bitmap: 42 24
bitmap: 16 42
bitmap: 12 42
bitmap: 44 24
bitmap: 14 40
bitmap: 46 26
bitmap: 48 24
bitmap: 40 24
bitmap: 14 42
bitmap: 14 42
bitmap: 46 26
bitmap: 12 42
bitmap: 14 42
bitmap: 12 42
bitmap: 14 40
bitmap: 46 24
bitmap: 14 42
bitmap: 14 40
bitmap: 46 22
bitmap: 14 42
bitmap: 40 24
bitmap: 40 24
bitmap: 42 22
bitmap: 16 42
bitmap: 40 24
bitmap: 14 42
bitmap: 14 42
bitmap: 42 22
bitmap: 46 24
bitmap: 16 24
bitmap: 14 42
bitmap: 14 40
bitmap: 14 42
bitmap: 44 24
bitmap: 46 26
bitmap: 46 26
bitmap: 40 24
bitmap: 44 26
bitmap: 42 24
bitmap: 16 48
bitmap: 14 42
bitmap: 48 24
bitmap: 46 24
bitmap: 14 42
bitmap: 14 42
bitmap: 16 42
bitmap: 14 42
bitmap: 14 40
bitmap: 40 22
bitmap: 46 22
bitmap: 16 42
bitmap: 46 24
bitmap: 14 42
bitmap: 14 42
bitmap: 46 24
bitmap: 46 26
bitmap: 42 22
bitmap: 48 24
bitmap: 18 42
bitmap: 46 24
bitmap: 42 26
bitmap: 48 26
bitmap: 14 42
bitmap: 46 22
bitmap: 48 26
bitmap: 42 26
bitmap: 14 42
bitmap: 14 42
bitmap: 42 24
bitmap: 46 26
bitmap: 16 18
bitmap: 14 42
bitmap: 42 22
bitmap: 14 40
bitmap: 16 42
bitmap: 48 56
bitmap: 50 22
bitmap: 14 42
bitmap: 46 24
bitmap: 46 24
bitmap: 42 24
bitmap: 46 24
bitmap: 14 42
bitmap: 40 54
bitmap: 14 42
bitmap: 42 22
bitmap: 14 40
bitmap: 46 24
bitmap: 42 24
bitmap: 48 24
bitmap: 14 42
bitmap: 14 42
bitmap: 42 24
bitmap: 46 24
bitmap: 46 22
bitmap: 16 42
bitmap: 48 22
bitmap: 48 24
bitmap: 46 24
bitmap: 14 42
bitmap: 48 22
bitmap: 14 42
bitmap: 42 20
bitmap: 14 42
bitmap: 12 42
bitmap: 46 24
bitmap: 14 40
bitmap: 14 52
bitmap: 16 42
bitmap: 42 26
bitmap: 46 24
bitmap: 14 42
bitmap: 14 42
bitmap: 50 22
bitmap: 40 24
bitmap: 46 24
bitmap: 18 42
bitmap: 46 24
bitmap: 16 44
bitmap: 14 42
bitmap: 14 42
bitmap: 14 42
bitmap: 40 22
bitmap: 46 48
bitmap: 14 42
bitmap: 42 24
bitmap: 46 24
bitmap: 12 42
bitmap: 42 26
bitmap: 40 26
bitmap: 42 24
bitmap: 14 42
bitmap: 14 42
bitmap: 46 24
bitmap: 42 24
bitmap: 46 24
bitmap: 16 42
bitmap: 42 24
bitmap: 48 24
bitmap: 40 60
bitmap: 14 42
bitmap: 16 42
bitmap: 46 26
bitmap: 14 20
bitmap: 18 18
bitmap: 40 24
bitmap: 14 42
bitmap: 46 24
bitmap: 46 24
bitmap: 16 42
bitmap: 46 24
bitmap: 40 24
bitmap: 46 24
bitmap: 46 24
bitmap: 46 26
bitmap: 20 40
bitmap: 14 42
bitmap: 12 42
bitmap: 46 24
bitmap: 40 24
bitmap: 16 42
bitmap: 44 24
bitmap: 40 24
bitmap: 14 42
bitmap: 40 22
bitmap: 14 42
bitmap: 44 24
bitmap: 14 42
bitmap: 40 24
bitmap: 48 24
bitmap: 14 18
bitmap: 14 46
bitmap: 14 42
bitmap: 14 42
bitmap: 46 24
bitmap: 14 42
bitmap: 12 42
bitmap: 48 24
bitmap: 14 40
bitmap: 14 42
bitmap: 46 24
bitmap: 14 40
bitmap: 42 24
bitmap: 46 24
bitmap: 12 42
bitmap: 14 42
bitmap: 48 26
bitmap: 42 24
bitmap: 14 42
bitmap: 14 42
bitmap: 14 42
bitmap: 14 40
bitmap: 40 24
bitmap: 14 42
bitmap: 46 24
bitmap: 14 42
bitmap: 16 42
bitmap: 40 24
bitmap: 14 42
bitmap: 48 22
bitmap: 14 42
bitmap: 14 40
bitmap: 14 42
bitmap: 14 42
bitmap: 18 44
bitmap: 48 24
bitmap: 42 24
bitmap: 40 24
bitmap: 16 42
bitmap: 14 42
bitmap: 44 24
bitmap: 48 24
bitmap: 14 42
bitmap: 40 24
bitmap: 14 40
bitmap: 44 24
bitmap: 16 42
bitmap: 46 24
bitmap: 40 24
bitmap: 14 42
bitmap: 14 40
bitmap: 14 42
bitmap: 16 42
bitmap: 44 24
bitmap: 46 22
bitmap: 40 22
bitmap: 14 42
bitmap: 14 42
bitmap: 14 40
bitmap: 40 24
bitmap: 42 56
bitmap: 46 24
bitmap: 14 44
bitmap: 14 42
bitmap: 40 24
bitmap: 48 22
bitmap: 42 24
bitmap: 42 24
bitmap: 14 42
bitmap: 16 42
bitmap: 14 42
bitmap: 14 42
bitmap: 14 42
bitmap: 16 42
bitmap: 40 24
bitmap: 14 42
bitmap: 12 40
bitmap: 14 42
bitmap: 46 24
bitmap: 40 24
bitmap: 42 24
bitmap: 14 42
bitmap: 42 24
bitmap: 42 24
bitmap: 44 24
bitmap: 40 22
bitmap: 42 24
bitmap: 40 24
bitmap: 46 24
bitmap: 42 24
bitmap: 48 26
bitmap: 16 42
bitmap: 14 24
bitmap: 46 24
bitmap: 14 42
bitmap: 46 24
bitmap: 48 26
bitmap: 42 24
bitmap: 14 42
bitmap: 46 26
bitmap: 40 24
bitmap: 40 24
bitmap: 44 24
bitmap: 46 24
bitmap: 14 42
bitmap: 14 42
bitmap: 46 24
bitmap: 14 42
bitmap: 14 40
bitmap: 44 22
bitmap: 46 24
bitmap: 18 42
bitmap: 14 42
bitmap: 46 24
bitmap: 16 40
bitmap: 46 22
bitmap: 44 24
bitmap: 44 24
bitmap: 14 40
bitmap: 46 24
bitmap: 18 42
bitmap: 14 42
bitmap: 42 24
bitmap: 14 42
bitmap: 48 24
bitmap: 42 26
bitmap: 42 24
bitmap: 16 42
bitmap: 42 24
bitmap: 42 24
bitmap: 14 42
bitmap: 40 24
bitmap: 46 24
bitmap: 14 42
bitmap: 40 24
bitmap: 40 24
bitmap: 46 24
bitmap: 44 26
bitmap: 16 42
bitmap: 46 24
bitmap: 46 26
bitmap: 46 24
bitmap: 16 42
bitmap: 42 24
bitmap: 48 24
bitmap: 42 42
bitmap: 12 42
bitmap: 18 42
bitmap: 14 40
bitmap: 40 24
bitmap: 14 42
bitmap: 42 24
bitmap: 42 24
bitmap: 42 24
bitmap: 14 42
bitmap: 14 42
bitmap: 12 42
bitmap: 40 24
bitmap: 14 46
bitmap: 14 46
bitmap: 46 24
bitmap: 42 26
bitmap: 14 42
bitmap: 14 42
bitmap: 14 42
bitmap: 46 24
bitmap: 42 52
bitmap: 14 42
bitmap: 42 26
bitmap: 12 42
bitmap: 40 34
bitmap: 14 42
bitmap: 14 42
bitmap: 40 26
bitmap: 14 42
bitmap: 50 24
bitmap: 14 42
bitmap: 46 24
bitmap: 46 26
bitmap: 46 24
bitmap: 40 24
bitmap: 46 24
bitmap: 14 42
bitmap: 12 42
bitmap: 44 22
bitmap: 40 24
bitmap: 46 24
bitmap: 42 24
bitmap: 44 24
bitmap: 70 26
bitmap: 48 24
bitmap: 14 42
bitmap: 64 22
bitmap: 42 18
bitmap: 14 52
bitmap: 42 20
bitmap: 46 20
bitmap: 14 18
bitmap: 48 20
bitmap: 42 20
bitmap: 16 16
bitmap: 46 20
bitmap: 14 18
bitmap: 16 40
bitmap: 16 12
bitmap: 18 22
bitmap: 40 24
bitmap: 42 20
bitmap: 42 20
bitmap: 14 16
bitmap: 16 18
bitmap: 14 16
bitmap: 14 42
bitmap: 46 20
bitmap: 48 20
bitmap: 16 40
bitmap: 14 16
bitmap: 14 38
bitmap: 16 42
bitmap: 40 24
bitmap: 16 42
bitmap: 42 20
bitmap: 40 24
bitmap: 16 18
bitmap: 42 24
bitmap: 42 24
bitmap: 48 18
bitmap: 42 18
bitmap: 48 20
bitmap: 46 20
bitmap: 14 42
bitmap: 16 16
bitmap: 14 18
bitmap: 46 20
bitmap: 14 16
bitmap: 14 42
bitmap: 14 50
bitmap: 14 16
bitmap: 44 22
bitmap: 42 20
bitmap: 48 20
bitmap: 46 24
bitmap: 42 20
bitmap: 42 24
bitmap: 48 20
bitmap: 14 42
bitmap: 48 20
bitmap: 44 18
bitmap: 46 20
bitmap: 44 20
bitmap: 42 20
bitmap: 48 20
bitmap: 14 20
bitmap: 46 20
bitmap: 14 42
bitmap: 48 20
bitmap: 16 42
bitmap: 48 20
bitmap: 12 16
bitmap: 14 16
bitmap: 14 42
bitmap: 48 18
bitmap: 48 18
bitmap: 14 18
bitmap: 12 16
bitmap: 14 14
bitmap: 42 20
bitmap: 42 18
bitmap: 14 18
bitmap: 14 46
bitmap: 14 16
bitmap: 14 18
bitmap: 42 18
bitmap: 46 20
bitmap: 14 40
bitmap: 40 22
bitmap: 14 16
bitmap: 46 20
bitmap: 42 26
bitmap: 44 20
bitmap: 14 52
bitmap: 16 16
bitmap: 14 16
bitmap: 48 20
bitmap: 48 20
bitmap: 46 22
bitmap: 14 16
bitmap: 46 22
bitmap: 46 18
bitmap: 42 16
bitmap: 16 16
bitmap: 42 20
bitmap: 14 42
bitmap: 42 22
bitmap: 48 18
bitmap: 16 40
bitmap: 14 18
bitmap: 14 42
bitmap: 42 20
bitmap: 42 22
bitmap: 14 42
bitmap: 14 40
bitmap: 48 20
bitmap: 14 52
bitmap: 46 20
bitmap: 46 20
bitmap: 14 42
bitmap: 14 18
bitmap: 14 66
bitmap: 46 20
bitmap: 14 40
bitmap: 14 16
bitmap: 14 42
bitmap: 14 16
bitmap: 14 18
bitmap: 46 20
bitmap: 48 18
bitmap: 42 24
bitmap: 14 16
bitmap: 14 16
bitmap: 14 42
bitmap: 12 16
bitmap: 14 18
bitmap: 14 40
bitmap: 42 20
bitmap: 46 24
bitmap: 16 40
bitmap: 46 20
bitmap: 14 16
bitmap: 16 40
bitmap: 46 22
bitmap: 46 22
bitmap: 14 40
bitmap: 42 22
bitmap: 46 22
bitmap: 14 16
bitmap: 48 24
bitmap: 44 20
bitmap: 42 22
bitmap: 18 16
bitmap: 14 40
bitmap: 44 24
bitmap: 46 22
bitmap: 42 20
bitmap: 40 22
bitmap: 16 18
bitmap: 40 20
bitmap: 14 52
bitmap: 46 20
bitmap: 14 16
bitmap: 46 20
bitmap: 40 20
bitmap: 14 16
bitmap: 48 22
bitmap: 46 20
bitmap: 42 20
bitmap: 44 18
bitmap: 14 40
bitmap: 44 20
bitmap: 16 40
bitmap: 52 22
bitmap: 14 16
bitmap: 14 50
bitmap: 14 14
bitmap: 16 18
bitmap: 48 20
bitmap: 14 14
bitmap: 14 18
bitmap: 46 20
bitmap: 48 18
bitmap: 42 20
bitmap: 40 20
bitmap: 14 42
bitmap: 42 18
bitmap: 46 20
bitmap: 16 40
bitmap: 46 24
bitmap: 42 20
bitmap: 16 14
bitmap: 42 22
bitmap: 18 18
bitmap: 14 54
bitmap: 14 40
bitmap: 14 42
bitmap: 48 20
bitmap: 16 16
bitmap: 44 18
bitmap: 14 40
bitmap: 48 20
bitmap: 42 22
bitmap: 42 22
bitmap: 14 16
bitmap: 14 16
bitmap: 44 18
bitmap: 14 18
bitmap: 44 22
bitmap: 46 22
bitmap: 42 20
bitmap: 48 20
bitmap: 42 20
bitmap: 14 42
bitmap: 14 40
bitmap: 42 20
bitmap: 46 20
bitmap: 42 20
bitmap: 48 20
bitmap: 40 20
bitmap: 40 20
bitmap: 42 20
bitmap: 14 18
bitmap: 14 16
bitmap: 48 18
bitmap: 14 40
bitmap: 14 20
bitmap: 14 42
bitmap: 16 42
bitmap: 44 24
bitmap: 42 18
bitmap: 46 20
bitmap: 42 20
bitmap: 14 42
bitmap: 46 22
bitmap: 42 20
bitmap: 40 20
bitmap: 42 22
bitmap: 14 50
bitmap: 14 42
bitmap: 46 20
bitmap: 40 22
bitmap: 14 40
bitmap: 40 20
bitmap: 16 14
bitmap: 46 22
bitmap: 14 42
bitmap: 14 42
bitmap: 42 20
bitmap: 16 48
bitmap: 46 20
bitmap: 16 40
bitmap: 46 20
bitmap: 48 20
bitmap: 42 22
bitmap: 42 20
bitmap: 42 20
bitmap: 42 20
bitmap: 66 22
bitmap: 46 22
bitmap: 50 20
bitmap: 52 24
bitmap: 42 18
bitmap: 14 16
bitmap: 42 20
bitmap: 42 22
bitmap: 14 42
bitmap: 42 18
bitmap: 16 20
bitmap: 48 20
bitmap: 46 20
bitmap: 44 24
bitmap: 40 22
bitmap: 46 20
bitmap: 48 18
bitmap: 14 16
bitmap: 20 20
bitmap: 14 40
bitmap: 16 40
bitmap: 16 16
bitmap: 42 20
bitmap: 14 40
bitmap: 42 22
bitmap: 42 20
bitmap: 14 18
bitmap: 16 16
bitmap: 46 20
bitmap: 16 42
bitmap: 42 20
bitmap: 42 20
bitmap: 48 20
bitmap: 14 42
bitmap: 14 42
bitmap: 12 50
bitmap: 46 40
bitmap: 46 20
bitmap: 14 14
bitmap: 14 18
bitmap: 16 16
bitmap: 48 18
bitmap: 48 18
bitmap: 14 42
bitmap: 14 46
bitmap: 14 40
bitmap: 46 20
bitmap: 48 18
bitmap: 14 18
bitmap: 14 16
bitmap: 16 42
bitmap: 46 22
bitmap: 44 56
bitmap: 46 22
bitmap: 46 20
bitmap: 48 20
bitmap: 14 16
bitmap: 42 24
bitmap: 46 20
bitmap: 46 22
bitmap: 42 44
bitmap: 14 40
bitmap: 14 50
bitmap: 42 22
bitmap: 14 14
bitmap: 14 18
bitmap: 42 18
bitmap: 42 24
bitmap: 14 48
bitmap: 40 20
bitmap: 16 20
bitmap: 48 20
bitmap: 48 18
bitmap: 14 12
bitmap: 42 18
bitmap: 14 42
bitmap: 48 20
bitmap: 42 20
bitmap: 42 22
bitmap: 14 42
bitmap: 16 18
bitmap: 46 20
bitmap: 42 24
bitmap: 46 20
bitmap: 14 42
bitmap: 42 22
bitmap: 14 40
bitmap: 40 20
bitmap: 14 42
bitmap: 46 20
bitmap: 48 18
bitmap: 14 16
bitmap: 14 40
bitmap: 48 22
bitmap: 42 20
bitmap: 16 40
bitmap: 14 16
bitmap: 16 16
bitmap: 20 42
bitmap: 42 20
bitmap: 48 20
bitmap: 42 20
bitmap: 40 22
bitmap: 40 20
bitmap: 16 42
bitmap: 16 18
bitmap: 14 42
bitmap: 42 22
bitmap: 14 18
bitmap: 12 18
bitmap: 12 18
bitmap: 14 40
bitmap: 42 20
bitmap: 46 20
bitmap: 42 22
bitmap: 46 20
bitmap: 48 18
bitmap: 42 20
bitmap: 48 20
bitmap: 14 42
bitmap: 14 16
bitmap: 16 40
bitmap: 14 16
bitmap: 16 42
bitmap: 16 16
bitmap: 42 22
bitmap: 14 16
bitmap: 14 16
bitmap: 48 20
bitmap: 14 40
bitmap: 46 24
bitmap: 48 22
bitmap: 46 20
bitmap: 16 18
bitmap: 14 16
bitmap: 14 40
bitmap: 42 20
bitmap: 46 22
bitmap: 48 18
bitmap: 48 20
bitmap: 46 24
bitmap: 14 16
bitmap: 16 18
bitmap: 46 22
bitmap: 42 22
bitmap: 14 42
bitmap: 48 20
bitmap: 16 42
bitmap: 46 22
bitmap: 16 14
bitmap: 14 14
bitmap: 42 20
bitmap: 46 20
bitmap: 42 18
bitmap: 48 20
bitmap: 14 40
bitmap: 42 24
bitmap: 46 20
bitmap: 14 14
bitmap: 18 42
bitmap: 14 40
bitmap: 46 20
bitmap: 46 20
bitmap: 46 22
bitmap: 14 40
bitmap: 46 18
bitmap: 40 22
bitmap: 40 24
bitmap: 14 42
bitmap: 46 20
bitmap: 42 20
bitmap: 46 20
bitmap: 16 42
bitmap: 46 24
bitmap: 16 42
bitmap: 16 42
bitmap: 48 16
bitmap: 48 18
bitmap: 14 52
bitmap: 14 16
bitmap: 16 40
bitmap: 54 22
bitmap: 14 14
bitmap: 14 42
bitmap: 14 16
bitmap: 42 20
bitmap: 14 14
bitmap: 46 20
bitmap: 46 22
bitmap: 14 16
bitmap: 46 20
bitmap: 14 16
bitmap: 14 16
bitmap: 14 18
bitmap: 36 22
bitmap: 46 20
bitmap: 20 52
bitmap: 18 42
bitmap: 48 20
bitmap: 48 22
bitmap: 46 20
bitmap: 20 20
bitmap: 46 20
bitmap: 18 18
bitmap: 44 22
bitmap: 48 24
bitmap: 42 18
bitmap: 14 40
bitmap: 14 42
bitmap: 14 52
bitmap: 18 40
bitmap: 42 20
bitmap: 14 42
bitmap: 16 42
bitmap: 16 18
bitmap: 40 22
bitmap: 14 16
bitmap: 14 16
bitmap: 14 18
bitmap: 46 20
bitmap: 42 38
bitmap: 46 20
bitmap: 48 18
bitmap: 50 20
bitmap: 16 42
bitmap: 46 20
bitmap: 16 54
bitmap: 14 42
bitmap: 46 22
bitmap: 14 16
bitmap: 14 16
bitmap: 14 14
