bitmap: 62 20
bitmap: 40 22
bitmap: 56 22
bitmap: 38 20
bitmap: 40 24
bitmap: 40 22
bitmap: 38 24
bitmap: 38 22
bitmap: 40 24
bitmap: 40 18
bitmap: 60 18
bitmap: 14 30
bitmap: 38 22
bitmap: 38 22
bitmap: 36 20
bitmap: 38 22
bitmap: 36 22
bitmap: 36 20
bitmap: 36 20
bitmap: 36 18
bitmap: 36 20
bitmap: 36 20
bitmap: 38 22
bitmap: 36 20
bitmap: 38 22
bitmap: 60 18
bitmap: 38 22
bitmap: 38 20
bitmap: 14 32
bitmap: 36 18
bitmap: 58 20
bitmap: 14 30
bitmap: 36 20
bitmap: 14 32
bitmap: 60 18
bitmap: 38 20
bitmap: 16 28
bitmap: 36 20
bitmap: 36 20
bitmap: 36 22
bitmap: 64 48
bitmap: 54 20
bitmap: 56 22
bitmap: 36 20
bitmap: 14 50
bitmap: 34 20
bitmap: 38 22
bitmap: 38 22
bitmap: 36 20
bitmap: 38 22
bitmap: 36 22
bitmap: 38 22
bitmap: 60 62
bitmap: 36 22
bitmap: 38 22
bitmap: 14 30
bitmap: 38 20
bitmap: 60 20
bitmap: 36 20
bitmap: 36 20
bitmap: 38 48
bitmap: 16 26
bitmap: 58 20
bitmap: 16 30
bitmap: 36 18
bitmap: 38 20
bitmap: 60 20
bitmap: 60 20
bitmap: 38 22
bitmap: 38 20
bitmap: 36 20
bitmap: 14 28
bitmap: 38 22
bitmap: 36 20
bitmap: 36 20
bitmap: 36 20
bitmap: 14 32
bitmap: 36 20
bitmap: 38 18
bitmap: 38 20
bitmap: 36 20
bitmap: 36 18
bitmap: 14 32
bitmap: 36 20
bitmap: 36 20
bitmap: 60 20
bitmap: 40 20
bitmap: 38 22
bitmap: 38 18
bitmap: 38 24
bitmap: 38 20
bitmap: 38 22
bitmap: 38 18
bitmap: 36 20
bitmap: 38 20
bitmap: 38 22
bitmap: 60 20
bitmap: 14 30
bitmap: 56 20
bitmap: 38 22
bitmap: 38 42
bitmap: 38 32
bitmap: 40 20
bitmap: 58 20
bitmap: 60 18
bitmap: 38 20
bitmap: 36 20
bitmap: 16 30
bitmap: 38 42
bitmap: 38 18
bitmap: 36 22
bitmap: 36 18
bitmap: 38 20
bitmap: 58 20
bitmap: 36 22
bitmap: 40 20
bitmap: 60 56
bitmap: 36 20
bitmap: 38 22
bitmap: 42 20
bitmap: 36 20
bitmap: 38 20
bitmap: 60 18
bitmap: 60 20
bitmap: 60 20
bitmap: 36 22
bitmap: 36 22
bitmap: 14 30
bitmap: 36 20
bitmap: 36 22
bitmap: 60 20
bitmap: 60 20
bitmap: 12 32
bitmap: 36 20
bitmap: 38 20
bitmap: 38 20
bitmap: 38 22
bitmap: 14 14
bitmap: 36 20
bitmap: 38 20
bitmap: 30 20
bitmap: 36 20
bitmap: 58 22
bitmap: 36 22
bitmap: 38 18
bitmap: 38 22
bitmap: 38 22
bitmap: 38 20
bitmap: 36 18
bitmap: 36 22
bitmap: 38 18
bitmap: 38 22
bitmap: 40 20
bitmap: 42 22
bitmap: 36 20
bitmap: 36 20
bitmap: 38 22
bitmap: 36 20
bitmap: 14 34
bitmap: 38 22
bitmap: 38 22
bitmap: 60 18
bitmap: 40 20
bitmap: 38 22
bitmap: 36 22
bitmap: 40 20
bitmap: 36 22
bitmap: 36 20
bitmap: 36 22
bitmap: 62 18
bitmap: 36 20
bitmap: 36 22
bitmap: 38 20
bitmap: 38 20
bitmap: 36 20
bitmap: 36 22
bitmap: 38 20
bitmap: 36 20
bitmap: 38 22
bitmap: 36 20
bitmap: 36 22
bitmap: 42 20
bitmap: 40 20
bitmap: 40 20
bitmap: 14 34
bitmap: 58 20
bitmap: 38 20
bitmap: 38 18
bitmap: 60 20
bitmap: 38 22
bitmap: 58 20
bitmap: 14 30
bitmap: 36 20
bitmap: 38 20
bitmap: 14 22
bitmap: 36 22
bitmap: 38 20
bitmap: 16 28
bitmap: 38 18
bitmap: 36 20
bitmap: 14 34
bitmap: 36 22
bitmap: 60 18
bitmap: 40 18
bitmap: 16 32
bitmap: 60 20
bitmap: 38 20
bitmap: 38 18
bitmap: 60 18
bitmap: 36 20
bitmap: 14 28
bitmap: 38 22
bitmap: 38 22
bitmap: 58 20
bitmap: 38 22
bitmap: 36 20
bitmap: 38 22
bitmap: 60 18
bitmap: 36 22
bitmap: 38 20
bitmap: 14 34
bitmap: 60 22
bitmap: 36 22
bitmap: 40 22
bitmap: 60 20
bitmap: 38 20
bitmap: 36 22
bitmap: 36 22
bitmap: 36 20
bitmap: 36 18
bitmap: 14 32
bitmap: 40 20
bitmap: 38 22
bitmap: 36 20
bitmap: 36 20
bitmap: 60 20
bitmap: 38 20
bitmap: 38 18
bitmap: 38 20
bitmap: 38 20
bitmap: 38 20
bitmap: 38 18
bitmap: 42 20
bitmap: 40 20
bitmap: 38 20
bitmap: 38 18
bitmap: 36 22
bitmap: 38 20
bitmap: 38 18
bitmap: 38 18
bitmap: 38 22
bitmap: 36 20
bitmap: 36 22
bitmap: 38 20
bitmap: 36 20
bitmap: 16 34
bitmap: 38 22
bitmap: 58 20
bitmap: 38 20
bitmap: 38 22
bitmap: 38 22
bitmap: 60 18
bitmap: 38 22
bitmap: 54 18
bitmap: 38 20
bitmap: 38 20
bitmap: 36 22
bitmap: 38 22
bitmap: 36 20
bitmap: 38 22
bitmap: 36 18
bitmap: 38 20
bitmap: 38 20
bitmap: 38 18
bitmap: 58 20
bitmap: 38 20
bitmap: 38 22
bitmap: 36 20
bitmap: 36 22
bitmap: 38 20
bitmap: 58 20
bitmap: 38 22
bitmap: 58 22
bitmap: 36 22
bitmap: 38 20
bitmap: 58 20
bitmap: 36 20
bitmap: 38 18
bitmap: 36 20
bitmap: 36 22
bitmap: 38 18
bitmap: 60 20
bitmap: 36 20
bitmap: 38 20
bitmap: 38 16
bitmap: 38 22
bitmap: 58 18
bitmap: 38 22
bitmap: 36 22
bitmap: 38 26
bitmap: 58 22
bitmap: 38 22
bitmap: 36 20
bitmap: 38 22
bitmap: 60 20
bitmap: 38 18
bitmap: 36 22
bitmap: 38 20
bitmap: 38 22
bitmap: 38 20
bitmap: 38 24
bitmap: 40 18
bitmap: 60 20
bitmap: 36 20
bitmap: 36 20
bitmap: 36 20
bitmap: 38 20
bitmap: 60 20
bitmap: 42 22
bitmap: 16 38
bitmap: 36 20
bitmap: 58 18
bitmap: 36 20
bitmap: 54 22
bitmap: 36 22
bitmap: 40 18
bitmap: 36 22
bitmap: 36 20
bitmap: 38 22
bitmap: 58 22
bitmap: 38 20
bitmap: 36 20
bitmap: 38 18
bitmap: 60 20
bitmap: 42 20
bitmap: 38 22
bitmap: 62 20
bitmap: 38 22
bitmap: 40 22
bitmap: 58 20
bitmap: 12 28
bitmap: 36 22
bitmap: 36 20
bitmap: 36 22
bitmap: 38 20
bitmap: 36 20
bitmap: 16 30
bitmap: 36 22
bitmap: 40 20
bitmap: 38 20
bitmap: 36 18
bitmap: 36 18
bitmap: 36 20
bitmap: 38 22
bitmap: 38 18
bitmap: 42 18
bitmap: 16 50
bitmap: 36 20
bitmap: 36 22
bitmap: 36 22
bitmap: 36 22
bitmap: 36 22
bitmap: 38 18
bitmap: 38 22
bitmap: 58 58
bitmap: 38 22
bitmap: 58 20
bitmap: 58 22
bitmap: 38 20
bitmap: 36 22
bitmap: 36 22
bitmap: 60 18
bitmap: 38 44
bitmap: 36 20
bitmap: 60 20
bitmap: 36 20
bitmap: 36 22
bitmap: 38 22
bitmap: 14 20
bitmap: 36 20
bitmap: 36 24
bitmap: 60 20
bitmap: 38 18
bitmap: 16 28
bitmap: 36 22
bitmap: 36 22
bitmap: 36 22
bitmap: 38 20
bitmap: 18 30
bitmap: 38 18
bitmap: 60 20
bitmap: 36 20
bitmap: 40 22
bitmap: 36 22
bitmap: 38 20
bitmap: 20 30
bitmap: 42 26
bitmap: 38 22
bitmap: 38 20
bitmap: 38 20
bitmap: 60 20
bitmap: 38 22
bitmap: 56 18
bitmap: 36 22
bitmap: 36 20
bitmap: 54 20
bitmap: 14 30
bitmap: 56 20
bitmap: 38 22
bitmap: 38 24
bitmap: 56 18
bitmap: 38 22
bitmap: 36 20
bitmap: 56 18
bitmap: 58 18
bitmap: 16 32
bitmap: 36 22
bitmap: 38 20
bitmap: 36 22
bitmap: 54 18
bitmap: 18 30
bitmap: 40 22
bitmap: 38 22
bitmap: 36 20
bitmap: 60 20
bitmap: 60 18
bitmap: 40 18
bitmap: 38 22
bitmap: 60 22
bitmap: 60 20
bitmap: 62 20
bitmap: 36 18
bitmap: 36 22
bitmap: 58 20
bitmap: 40 18
bitmap: 36 20
bitmap: 38 22
bitmap: 60 18
bitmap: 54 20
bitmap: 38 22
bitmap: 36 22
bitmap: 36 22
bitmap: 38 22
bitmap: 36 20
bitmap: 38 22
bitmap: 38 22
bitmap: 38 20
bitmap: 14 30
bitmap: 36 22
bitmap: 12 30
bitmap: 60 20
bitmap: 38 18
bitmap: 38 20
bitmap: 36 20
bitmap: 42 22
bitmap: 36 20
bitmap: 40 22
bitmap: 38 20
bitmap: 36 22
bitmap: 48 20
bitmap: 14 32
bitmap: 48 18
bitmap: 48 18
bitmap: 50 18
bitmap: 36 20
bitmap: 38 18
bitmap: 14 30
bitmap: 38 22
bitmap: 38 22
bitmap: 36 22
bitmap: 48 20
bitmap: 36 22
bitmap: 36 18
bitmap: 36 22
bitmap: 36 20
bitmap: 48 22
bitmap: 14 20
bitmap: 50 18
bitmap: 36 20
bitmap: 36 20
bitmap: 46 20
bitmap: 36 22
bitmap: 14 28
bitmap: 50 20
bitmap: 36 20
bitmap: 36 20
bitmap: 50 20
bitmap: 38 20
bitmap: 36 20
bitmap: 36 22
bitmap: 38 18
bitmap: 36 20
bitmap: 16 30
bitmap: 36 22
bitmap: 38 18
bitmap: 38 20
bitmap: 36 22
bitmap: 40 22
bitmap: 36 22
bitmap: 38 22
bitmap: 38 22
bitmap: 36 22
bitmap: 36 22
bitmap: 38 22
bitmap: 50 20
bitmap: 50 22
bitmap: 38 24
bitmap: 40 20
bitmap: 16 30
bitmap: 36 18
bitmap: 36 20
bitmap: 50 20
bitmap: 36 22
bitmap: 14 32
bitmap: 38 18
bitmap: 50 22
bitmap: 38 22
bitmap: 38 18
bitmap: 14 32
bitmap: 38 22
bitmap: 36 22
bitmap: 50 20
bitmap: 38 18
bitmap: 50 20
bitmap: 38 20
bitmap: 36 20
bitmap: 36 22
bitmap: 38 18
bitmap: 40 20
bitmap: 38 22
bitmap: 50 18
bitmap: 50 22
bitmap: 36 22
bitmap: 38 20
bitmap: 36 20
bitmap: 36 20
bitmap: 38 22
bitmap: 50 20
bitmap: 14 30
bitmap: 36 20
bitmap: 48 20
bitmap: 38 22
bitmap: 36 24
bitmap: 50 20
bitmap: 48 20
bitmap: 50 22
bitmap: 42 20
bitmap: 40 22
bitmap: 16 30
bitmap: 38 22
bitmap: 38 20
bitmap: 36 22
bitmap: 38 20
bitmap: 46 20
bitmap: 38 20
bitmap: 48 20
bitmap: 38 20
bitmap: 36 22
bitmap: 50 18
bitmap: 38 22
bitmap: 40 22
bitmap: 38 20
bitmap: 16 30
bitmap: 38 22
bitmap: 40 56
bitmap: 38 18
bitmap: 36 22
bitmap: 38 22
bitmap: 38 22
bitmap: 36 20
bitmap: 36 20
bitmap: 38 20
bitmap: 36 20
bitmap: 36 20
bitmap: 14 30
bitmap: 16 30
bitmap: 36 20
bitmap: 40 20
bitmap: 38 22
bitmap: 36 20
bitmap: 36 20
bitmap: 50 22
bitmap: 36 20
bitmap: 36 20
bitmap: 38 20
bitmap: 36 22
bitmap: 38 18
bitmap: 38 18
bitmap: 38 20
bitmap: 36 18
bitmap: 14 30
bitmap: 38 20
bitmap: 42 20
bitmap: 38 18
bitmap: 50 22
bitmap: 38 18
bitmap: 38 22
bitmap: 38 22
bitmap: 40 22
bitmap: 36 18
bitmap: 36 22
bitmap: 14 38
bitmap: 48 18
bitmap: 38 20
bitmap: 38 20
bitmap: 50 18
bitmap: 14 40
bitmap: 38 22
bitmap: 50 20
bitmap: 38 20
bitmap: 36 20
bitmap: 48 20
bitmap: 36 60
bitmap: 38 32
bitmap: 38 22
bitmap: 38 20
bitmap: 36 22
bitmap: 14 28
bitmap: 36 20
bitmap: 36 20
bitmap: 36 46
bitmap: 36 20
bitmap: 38 22
bitmap: 48 22
bitmap: 40 22
bitmap: 50 20
bitmap: 38 22
bitmap: 38 22
bitmap: 38 56
bitmap: 50 18
bitmap: 36 24
bitmap: 38 20
bitmap: 50 22
bitmap: 50 20
bitmap: 14 28
bitmap: 38 18
bitmap: 42 20
bitmap: 38 22
bitmap: 48 20
bitmap: 14 30
bitmap: 40 22
bitmap: 38 20
bitmap: 58 20
bitmap: 38 22
bitmap: 36 22
bitmap: 36 18
bitmap: 58 20
bitmap: 38 22
bitmap: 36 22
bitmap: 36 20
bitmap: 14 28
bitmap: 58 20
bitmap: 54 20
bitmap: 36 20
bitmap: 38 22
bitmap: 14 30
bitmap: 60 18
bitmap: 40 18
bitmap: 18 32
bitmap: 60 18
bitmap: 38 22
bitmap: 36 22
bitmap: 36 24
bitmap: 36 18
bitmap: 54 22
bitmap: 36 24
bitmap: 14 34
bitmap: 38 18
bitmap: 16 32
bitmap: 38 20
bitmap: 40 18
bitmap: 14 30
bitmap: 40 18
bitmap: 36 20
bitmap: 38 22
bitmap: 60 20
bitmap: 38 20
bitmap: 14 30
bitmap: 38 22
bitmap: 36 22
bitmap: 36 22
bitmap: 38 20
bitmap: 40 20
bitmap: 38 22
bitmap: 38 20
bitmap: 36 20
bitmap: 38 22
bitmap: 38 18
bitmap: 38 18
bitmap: 38 18
bitmap: 36 18
bitmap: 38 20
bitmap: 38 18
bitmap: 40 20
bitmap: 40 18
bitmap: 38 22
bitmap: 36 18
bitmap: 36 22
bitmap: 58 20
bitmap: 38 22
bitmap: 38 20
bitmap: 38 22
bitmap: 60 20
bitmap: 16 32
bitmap: 38 22
bitmap: 14 30
bitmap: 36 20
bitmap: 38 18
bitmap: 36 22
bitmap: 60 20
bitmap: 14 30
bitmap: 36 24
bitmap: 60 20
bitmap: 56 18
bitmap: 36 22
bitmap: 38 20
bitmap: 14 30
bitmap: 38 18
bitmap: 38 20
bitmap: 38 22
bitmap: 36 20
bitmap: 40 20
bitmap: 16 30
bitmap: 36 22
bitmap: 36 20
bitmap: 36 22
bitmap: 38 20
bitmap: 54 22
bitmap: 38 22
bitmap: 36 20
bitmap: 36 20
bitmap: 38 18
bitmap: 36 18
bitmap: 42 18
bitmap: 38 18
bitmap: 14 30
bitmap: 58 46
bitmap: 38 18
bitmap: 38 22
bitmap: 38 22
bitmap: 40 22
bitmap: 40 20
bitmap: 36 20
bitmap: 36 22
bitmap: 38 20
bitmap: 36 22
bitmap: 36 22
bitmap: 60 20
bitmap: 36 20
bitmap: 60 18
bitmap: 38 22
bitmap: 58 22
bitmap: 36 22
bitmap: 60 20
bitmap: 18 32
bitmap: 38 20
bitmap: 36 20
bitmap: 36 18
bitmap: 36 22
bitmap: 38 18
bitmap: 34 22
bitmap: 36 22
bitmap: 60 18
bitmap: 40 22
bitmap: 36 20
bitmap: 14 30
bitmap: 38 20
bitmap: 40 18
bitmap: 38 22
bitmap: 36 20
bitmap: 60 20
bitmap: 14 30
bitmap: 18 30
bitmap: 38 22
bitmap: 36 22
bitmap: 38 20
bitmap: 16 22
bitmap: 36 20
bitmap: 36 20
bitmap: 38 22
bitmap: 60 20
bitmap: 38 20
bitmap: 38 20
bitmap: 38 18
bitmap: 38 18
bitmap: 38 20
bitmap: 36 22
bitmap: 14 28
bitmap: 36 20
bitmap: 36 22
bitmap: 58 20
bitmap: 60 20
bitmap: 38 20
bitmap: 38 20
bitmap: 38 22
bitmap: 36 22
bitmap: 40 22
bitmap: 38 22
bitmap: 36 20
bitmap: 58 22
bitmap: 36 20
bitmap: 14 32
bitmap: 38 22
bitmap: 38 20
bitmap: 40 22
bitmap: 36 22
bitmap: 58 20
bitmap: 14 30
bitmap: 38 22
bitmap: 36 20
bitmap: 36 20
bitmap: 36 24
bitmap: 60 18
bitmap: 36 22
bitmap: 40 22
bitmap: 40 22
bitmap: 60 22
bitmap: 60 18
bitmap: 38 22
bitmap: 38 22
bitmap: 36 20
bitmap: 38 22
bitmap: 38 22
bitmap: 60 20
bitmap: 36 20
bitmap: 36 18
bitmap: 38 20
bitmap: 40 20
bitmap: 38 20
bitmap: 38 20
bitmap: 58 20
bitmap: 14 32
bitmap: 38 22
bitmap: 36 18
bitmap: 40 22
bitmap: 38 18
bitmap: 16 30
bitmap: 58 20
bitmap: 38 18
bitmap: 36 22
bitmap: 38 22
bitmap: 42 18
bitmap: 60 20
bitmap: 36 20
bitmap: 14 18
bitmap: 38 22
bitmap: 54 18
bitmap: 38 22
bitmap: 38 18
bitmap: 38 18
bitmap: 14 30
bitmap: 54 20
bitmap: 38 20
bitmap: 38 22
bitmap: 42 18
bitmap: 38 20
bitmap: 42 20
bitmap: 38 20
bitmap: 38 20
bitmap: 38 18
bitmap: 38 22
bitmap: 36 18
bitmap: 36 20
bitmap: 14 28
bitmap: 36 20
bitmap: 40 22
bitmap: 38 22
bitmap: 58 20
bitmap: 36 22
bitmap: 40 22
bitmap: 58 18
bitmap: 56 22
bitmap: 36 20
bitmap: 54 20
bitmap: 38 18
bitmap: 36 18
bitmap: 38 20
bitmap: 38 18
bitmap: 38 20
bitmap: 40 20
bitmap: 38 20
bitmap: 36 22
bitmap: 60 20
bitmap: 38 20
bitmap: 38 18
bitmap: 36 20
bitmap: 58 20
bitmap: 38 18
bitmap: 14 30
bitmap: 54 22
bitmap: 36 18
bitmap: 60 18
bitmap: 60 20
bitmap: 36 20
bitmap: 36 22
bitmap: 14 32
bitmap: 58 20
bitmap: 60 20
bitmap: 36 20
bitmap: 42 22
bitmap: 40 20
bitmap: 58 20
bitmap: 54 18
bitmap: 58 20
bitmap: 14 28
bitmap: 38 20
bitmap: 36 22
bitmap: 18 30
bitmap: 36 42
bitmap: 38 22
bitmap: 38 20
bitmap: 38 20
bitmap: 36 20
bitmap: 60 20
bitmap: 40 18
bitmap: 36 22
bitmap: 36 44
bitmap: 60 22
bitmap: 36 20
bitmap: 38 22
bitmap: 36 20
bitmap: 60 18
bitmap: 36 20
bitmap: 42 22
bitmap: 38 54
bitmap: 16 22
bitmap: 36 22
bitmap: 36 20
bitmap: 36 22
bitmap: 36 20
bitmap: 14 30
bitmap: 40 22
bitmap: 38 22
bitmap: 58 22
bitmap: 36 22
bitmap: 36 18
bitmap: 38 22
bitmap: 40 18
bitmap: 36 20
bitmap: 60 20
bitmap: 16 34
bitmap: 54 22
bitmap: 36 22
bitmap: 38 22
bitmap: 36 22
bitmap: 60 18
bitmap: 58 20
bitmap: 38 20
bitmap: 38 20
bitmap: 36 20
bitmap: 60 20
bitmap: 36 22
bitmap: 56 18
bitmap: 38 22
bitmap: 36 20
bitmap: 38 22
bitmap: 16 34
bitmap: 36 20
bitmap: 36 22
bitmap: 14 30
bitmap: 36 20
bitmap: 38 20
bitmap: 36 20
bitmap: 38 20
bitmap: 38 20
bitmap: 36 20
bitmap: 14 30
bitmap: 36 18
bitmap: 36 20
bitmap: 38 20
bitmap: 38 22
bitmap: 36 20
bitmap: 38 20
bitmap: 38 22
bitmap: 40 22
bitmap: 38 20
bitmap: 38 18
bitmap: 36 22
bitmap: 56 22
bitmap: 36 20
bitmap: 36 22
bitmap: 38 20
bitmap: 40 22
bitmap: 38 22
bitmap: 62 20
bitmap: 36 20
bitmap: 36 22
bitmap: 38 20
bitmap: 14 28
bitmap: 38 22
bitmap: 36 22
bitmap: 16 30
bitmap: 60 18
bitmap: 36 22
bitmap: 38 20
bitmap: 36 22
bitmap: 38 18
bitmap: 38 22
bitmap: 38 22
bitmap: 36 24
