bitmap: 62 20
bitmap: 42 72
bitmap: 40 22
bitmap: 38 22
bitmap: 38 20
bitmap: 40 20
bitmap: 34 14
bitmap: 40 22
bitmap: 42 20
bitmap: 36 20
bitmap: 70 22
bitmap: 62 24
bitmap: 38 22
bitmap: 40 24
bitmap: 40 24
bitmap: 40 22
bitmap: 40 20
bitmap: 40 22
bitmap: 40 22
bitmap: 38 20
bitmap: 38 22
bitmap: 38 22
bitmap: 38 20
bitmap: 44 22
bitmap: 40 22
bitmap: 40 22
bitmap: 40 22
bitmap: 40 22
bitmap: 40 52
bitmap: 40 20
bitmap: 38 22
bitmap: 38 22
bitmap: 38 22
bitmap: 38 20
bitmap: 40 22
bitmap: 40 22
bitmap: 42 46
bitmap: 40 20
bitmap: 40 22
bitmap: 42 22
bitmap: 40 20
bitmap: 40 22
bitmap: 42 20
bitmap: 42 20
bitmap: 40 22
bitmap: 40 22
bitmap: 40 22
bitmap: 38 22
bitmap: 40 22
bitmap: 40 20
bitmap: 40 22
bitmap: 40 22
bitmap: 40 22
bitmap: 40 22
bitmap: 38 20
bitmap: 40 22
bitmap: 40 22
bitmap: 40 22
bitmap: 40 64
bitmap: 40 22
bitmap: 40 22
bitmap: 16 30
bitmap: 40 22
bitmap: 40 20
bitmap: 40 22
bitmap: 40 22
bitmap: 38 22
bitmap: 38 22
bitmap: 38 22
bitmap: 40 22
bitmap: 38 22
bitmap: 12 32
bitmap: 40 20
bitmap: 38 22
bitmap: 40 20
bitmap: 38 22
bitmap: 40 60
bitmap: 40 20
bitmap: 40 22
bitmap: 42 22
bitmap: 40 20
bitmap: 38 22
bitmap: 42 22
bitmap: 40 22
bitmap: 40 46
bitmap: 42 22
bitmap: 40 20
bitmap: 14 30
bitmap: 40 20
bitmap: 40 22
bitmap: 40 22
bitmap: 40 22
bitmap: 40 22
bitmap: 40 22
bitmap: 40 20
bitmap: 34 24
bitmap: 40 22
bitmap: 14 30
bitmap: 44 22
bitmap: 40 22
bitmap: 40 50
bitmap: 40 34
bitmap: 14 32
bitmap: 40 22
bitmap: 40 20
bitmap: 44 22
bitmap: 40 22
bitmap: 38 22
bitmap: 40 56
bitmap: 40 22
bitmap: 40 20
bitmap: 38 22
bitmap: 40 20
bitmap: 48 24
bitmap: 42 22
bitmap: 38 22
bitmap: 40 52
bitmap: 42 22
bitmap: 38 22
bitmap: 42 22
bitmap: 38 22
bitmap: 40 22
bitmap: 40 22
bitmap: 40 22
bitmap: 40 22
bitmap: 42 22
bitmap: 40 24
bitmap: 14 30
bitmap: 40 22
bitmap: 40 22
bitmap: 40 22
bitmap: 40 22
bitmap: 40 40
bitmap: 16 28
bitmap: 38 22
bitmap: 40 20
bitmap: 40 22
bitmap: 42 22
bitmap: 40 22
bitmap: 40 22
bitmap: 34 20
bitmap: 40 22
bitmap: 40 22
bitmap: 18 46
bitmap: 40 22
bitmap: 40 22
bitmap: 40 22
bitmap: 40 22
bitmap: 42 22
bitmap: 16 30
bitmap: 40 22
bitmap: 42 22
bitmap: 40 24
bitmap: 40 22
bitmap: 14 32
bitmap: 40 22
bitmap: 40 60
bitmap: 40 22
bitmap: 40 20
bitmap: 18 18
bitmap: 40 22
bitmap: 42 22
bitmap: 40 22
bitmap: 40 22
bitmap: 44 22
bitmap: 40 22
bitmap: 40 24
bitmap: 40 24
bitmap: 40 22
bitmap: 40 22
bitmap: 38 22
bitmap: 40 22
bitmap: 40 20
bitmap: 40 22
bitmap: 40 24
bitmap: 16 32
bitmap: 44 24
bitmap: 40 22
bitmap: 40 20
bitmap: 38 22
bitmap: 40 24
bitmap: 38 24
bitmap: 40 22
bitmap: 40 22
bitmap: 40 24
bitmap: 44 22
bitmap: 42 20
bitmap: 40 20
bitmap: 42 22
bitmap: 42 24
bitmap: 40 22
bitmap: 40 20
bitmap: 42 22
bitmap: 40 20
bitmap: 40 22
bitmap: 38 22
bitmap: 40 22
bitmap: 40 22
bitmap: 38 22
bitmap: 42 22
bitmap: 40 22
bitmap: 40 22
bitmap: 38 22
bitmap: 42 22
bitmap: 40 22
bitmap: 38 22
bitmap: 38 22
bitmap: 40 22
bitmap: 40 22
bitmap: 38 24
bitmap: 40 22
bitmap: 38 24
bitmap: 40 22
bitmap: 40 24
bitmap: 38 24
bitmap: 14 30
bitmap: 40 20
bitmap: 38 24
bitmap: 38 22
bitmap: 40 20
bitmap: 40 56
bitmap: 16 30
bitmap: 40 24
bitmap: 14 30
bitmap: 38 22
bitmap: 38 24
bitmap: 60 22
bitmap: 40 20
bitmap: 40 22
bitmap: 40 22
bitmap: 40 20
bitmap: 40 22
bitmap: 40 20
bitmap: 38 22
bitmap: 42 20
bitmap: 42 22
bitmap: 14 32
bitmap: 40 22
bitmap: 40 22
bitmap: 40 22
bitmap: 40 22
bitmap: 40 24
bitmap: 40 22
bitmap: 42 22
bitmap: 42 24
bitmap: 40 22
bitmap: 14 30
bitmap: 40 22
bitmap: 40 22
bitmap: 40 22
bitmap: 42 20
bitmap: 42 22
bitmap: 40 22
bitmap: 40 22
bitmap: 40 22
bitmap: 40 22
bitmap: 40 20
bitmap: 40 22
bitmap: 40 22
bitmap: 40 22
bitmap: 38 24
bitmap: 38 22
bitmap: 38 22
bitmap: 42 22
bitmap: 40 22
bitmap: 40 20
bitmap: 40 22
bitmap: 40 22
bitmap: 38 22
bitmap: 38 22
bitmap: 38 20
bitmap: 38 22
bitmap: 40 22
bitmap: 40 20
bitmap: 40 22
bitmap: 40 22
bitmap: 40 22
bitmap: 40 22
bitmap: 38 20
bitmap: 40 20
bitmap: 40 22
bitmap: 42 22
bitmap: 40 22
bitmap: 40 24
bitmap: 38 20
bitmap: 38 22
bitmap: 40 22
bitmap: 44 22
bitmap: 40 20
bitmap: 38 22
bitmap: 40 22
bitmap: 38 22
bitmap: 40 22
bitmap: 44 20
bitmap: 40 22
bitmap: 40 20
bitmap: 40 20
bitmap: 42 22
bitmap: 42 22
bitmap: 42 22
bitmap: 40 22
bitmap: 40 22
bitmap: 38 22
bitmap: 40 22
bitmap: 42 22
bitmap: 38 22
bitmap: 38 24
bitmap: 40 24
bitmap: 38 22
bitmap: 40 22
bitmap: 40 22
bitmap: 40 22
bitmap: 40 22
bitmap: 38 22
bitmap: 42 20
bitmap: 40 22
bitmap: 38 22
bitmap: 38 22
bitmap: 40 22
bitmap: 40 22
bitmap: 40 20
bitmap: 40 22
bitmap: 40 22
bitmap: 40 22
bitmap: 40 42
bitmap: 40 22
bitmap: 42 22
bitmap: 40 22
bitmap: 40 22
bitmap: 40 24
bitmap: 42 22
bitmap: 38 22
bitmap: 40 52
bitmap: 42 22
bitmap: 42 22
bitmap: 38 22
bitmap: 40 22
bitmap: 40 20
bitmap: 40 22
bitmap: 38 22
bitmap: 42 62
bitmap: 40 22
bitmap: 40 20
bitmap: 40 22
bitmap: 42 22
bitmap: 44 24
bitmap: 42 22
bitmap: 42 22
bitmap: 38 46
bitmap: 42 22
bitmap: 40 20
bitmap: 40 24
bitmap: 40 22
bitmap: 38 24
bitmap: 38 24
bitmap: 42 20
bitmap: 40 22
bitmap: 40 24
bitmap: 40 22
bitmap: 38 22
bitmap: 38 22
bitmap: 40 22
bitmap: 38 24
bitmap: 40 22
bitmap: 38 46
bitmap: 40 22
bitmap: 40 22
bitmap: 40 22
bitmap: 40 22
bitmap: 40 22
bitmap: 40 22
bitmap: 40 22
bitmap: 40 20
bitmap: 38 22
bitmap: 38 22
bitmap: 40 20
bitmap: 40 22
bitmap: 40 22
bitmap: 40 22
bitmap: 40 22
bitmap: 40 48
bitmap: 42 22
bitmap: 42 22
bitmap: 42 22
bitmap: 40 22
bitmap: 40 22
bitmap: 40 22
bitmap: 40 20
bitmap: 42 20
bitmap: 40 22
bitmap: 40 20
bitmap: 40 22
bitmap: 38 22
bitmap: 40 20
bitmap: 38 22
bitmap: 38 22
bitmap: 40 50
bitmap: 38 24
bitmap: 40 22
bitmap: 42 22
bitmap: 40 22
bitmap: 40 22
bitmap: 38 22
bitmap: 40 22
bitmap: 40 22
bitmap: 38 24
bitmap: 40 20
bitmap: 38 22
bitmap: 40 22
bitmap: 40 22
bitmap: 40 22
bitmap: 42 22
bitmap: 42 24
bitmap: 40 22
bitmap: 38 22
bitmap: 18 20
bitmap: 38 22
bitmap: 40 22
bitmap: 42 22
bitmap: 42 22
bitmap: 38 22
bitmap: 40 20
bitmap: 38 22
bitmap: 40 22
bitmap: 40 22
bitmap: 40 22
bitmap: 16 22
bitmap: 14 20
bitmap: 16 22
bitmap: 14 18
bitmap: 20 24
bitmap: 16 18
bitmap: 20 22
bitmap: 16 22
bitmap: 14 20
bitmap: 14 22
bitmap: 14 20
bitmap: 14 20
bitmap: 16 22
bitmap: 60 20
bitmap: 14 20
bitmap: 16 18
bitmap: 16 20
bitmap: 16 32
bitmap: 22 22
bitmap: 24 20
bitmap: 16 22
bitmap: 16 22
bitmap: 22 24
bitmap: 58 22
bitmap: 16 22
bitmap: 16 20
bitmap: 18 24
bitmap: 16 20
bitmap: 16 22
bitmap: 18 20
bitmap: 16 18
bitmap: 14 18
bitmap: 16 22
bitmap: 16 22
bitmap: 18 22
bitmap: 16 20
bitmap: 18 22
bitmap: 14 32
bitmap: 16 20
bitmap: 16 20
bitmap: 14 18
bitmap: 20 24
bitmap: 22 22
bitmap: 14 16
bitmap: 18 20
bitmap: 18 20
bitmap: 14 20
bitmap: 22 24
bitmap: 14 32
bitmap: 18 22
bitmap: 20 22
bitmap: 12 18
bitmap: 16 22
bitmap: 16 20
bitmap: 18 20
bitmap: 14 16
bitmap: 16 20
bitmap: 16 20
bitmap: 16 20
bitmap: 18 24
bitmap: 16 22
bitmap: 14 18
bitmap: 16 18
bitmap: 24 24
bitmap: 16 20
bitmap: 16 22
bitmap: 16 18
bitmap: 18 22
bitmap: 14 20
bitmap: 22 24
bitmap: 16 22
bitmap: 62 20
bitmap: 18 20
bitmap: 16 22
bitmap: 18 20
bitmap: 16 24
bitmap: 20 22
bitmap: 18 24
bitmap: 18 22
bitmap: 16 32
bitmap: 16 20
bitmap: 14 18
bitmap: 16 20
bitmap: 20 22
bitmap: 24 22
bitmap: 16 32
bitmap: 16 18
bitmap: 18 22
bitmap: 16 20
bitmap: 62 22
bitmap: 16 24
bitmap: 12 16
bitmap: 14 32
bitmap: 16 20
bitmap: 18 24
bitmap: 60 22
bitmap: 16 22
bitmap: 16 20
bitmap: 22 22
bitmap: 20 38
bitmap: 16 16
bitmap: 14 20
bitmap: 22 20
bitmap: 16 18
bitmap: 20 18
bitmap: 14 20
bitmap: 14 18
bitmap: 24 24
bitmap: 16 20
bitmap: 14 20
bitmap: 14 30
bitmap: 14 20
bitmap: 20 20
bitmap: 12 18
bitmap: 14 18
bitmap: 16 30
bitmap: 14 20
bitmap: 14 20
bitmap: 16 20
bitmap: 14 22
bitmap: 16 18
bitmap: 16 30
bitmap: 16 22
bitmap: 14 20
bitmap: 22 22
bitmap: 14 20
bitmap: 18 24
bitmap: 16 20
bitmap: 14 20
bitmap: 16 20
bitmap: 20 20
bitmap: 14 18
bitmap: 16 20
bitmap: 14 22
bitmap: 16 22
bitmap: 22 20
bitmap: 14 20
bitmap: 16 18
bitmap: 18 42
bitmap: 16 22
bitmap: 14 16
bitmap: 14 18
bitmap: 16 22
bitmap: 16 20
bitmap: 16 22
bitmap: 24 24
bitmap: 18 64
bitmap: 14 22
bitmap: 16 20
bitmap: 14 30
bitmap: 14 30
bitmap: 14 22
bitmap: 24 24
bitmap: 18 30
bitmap: 14 172
bitmap: 14 20
bitmap: 14 18
bitmap: 16 30
bitmap: 16 22
bitmap: 14 18
bitmap: 14 20
bitmap: 16 22
bitmap: 16 56
bitmap: 14 18
bitmap: 16 20
bitmap: 16 20
bitmap: 16 18
bitmap: 62 22
bitmap: 16 18
bitmap: 14 30
bitmap: 14 16
bitmap: 16 16
bitmap: 16 18
bitmap: 16 18
bitmap: 16 50
bitmap: 16 18
bitmap: 14 16
bitmap: 14 18
bitmap: 16 16
bitmap: 64 22
bitmap: 14 16
bitmap: 22 18
bitmap: 18 16
bitmap: 16 16
bitmap: 14 32
bitmap: 16 32
bitmap: 16 42
bitmap: 62 34
bitmap: 16 32
bitmap: 14 32
bitmap: 14 32
bitmap: 16 32
bitmap: 14 32
bitmap: 16 30
bitmap: 14 42
bitmap: 16 22
bitmap: 14 22
bitmap: 12 22
bitmap: 16 22
bitmap: 14 32
bitmap: 16 20
bitmap: 14 18
bitmap: 14 54
bitmap: 16 32
bitmap: 16 20
bitmap: 16 32
bitmap: 14 20
bitmap: 60 20
bitmap: 16 20
bitmap: 16 22
bitmap: 14 18
bitmap: 16 20
bitmap: 14 20
bitmap: 16 22
bitmap: 16 22
bitmap: 16 30
bitmap: 16 22
bitmap: 16 22
bitmap: 24 22
bitmap: 14 20
bitmap: 14 22
bitmap: 62 20
bitmap: 24 22
bitmap: 14 18
bitmap: 16 22
bitmap: 16 20
bitmap: 16 34
bitmap: 22 24
bitmap: 24 20
bitmap: 16 22
bitmap: 14 18
bitmap: 16 22
bitmap: 18 20
bitmap: 40 22
bitmap: 38 22
bitmap: 38 22
bitmap: 40 24
bitmap: 40 22
bitmap: 42 24
bitmap: 44 22
bitmap: 40 20
bitmap: 44 22
bitmap: 40 24
bitmap: 40 22
bitmap: 40 22
bitmap: 56 20
bitmap: 38 22
bitmap: 38 22
bitmap: 40 22
bitmap: 40 22
bitmap: 40 22
bitmap: 42 22
bitmap: 40 22
bitmap: 40 20
bitmap: 42 22
bitmap: 42 20
bitmap: 40 22
bitmap: 40 24
bitmap: 40 22
bitmap: 40 20
bitmap: 40 22
bitmap: 40 24
bitmap: 40 22
bitmap: 40 22
bitmap: 38 22
bitmap: 38 22
bitmap: 40 26
bitmap: 42 24
bitmap: 40 22
bitmap: 40 22
bitmap: 40 22
bitmap: 40 22
bitmap: 44 22
bitmap: 40 22
bitmap: 40 22
bitmap: 40 22
bitmap: 38 22
bitmap: 44 22
bitmap: 40 20
bitmap: 38 20
bitmap: 40 20
bitmap: 40 22
bitmap: 40 22
bitmap: 40 22
bitmap: 40 20
bitmap: 40 22
bitmap: 40 22
bitmap: 42 22
bitmap: 40 20
bitmap: 40 20
bitmap: 40 20
bitmap: 40 22
bitmap: 40 22
bitmap: 40 22
bitmap: 38 22
bitmap: 40 22
bitmap: 38 22
bitmap: 38 22
bitmap: 40 20
bitmap: 38 22
bitmap: 40 20
bitmap: 40 22
bitmap: 40 22
bitmap: 40 22
bitmap: 40 22
bitmap: 40 22
bitmap: 40 22
bitmap: 38 20
bitmap: 38 22
bitmap: 14 18
bitmap: 40 22
bitmap: 38 22
bitmap: 40 22
bitmap: 40 24
bitmap: 40 24
bitmap: 40 24
bitmap: 38 20
bitmap: 40 22
bitmap: 38 20
bitmap: 40 22
bitmap: 38 22
bitmap: 38 20
bitmap: 40 22
bitmap: 40 22
bitmap: 40 20
bitmap: 38 22
bitmap: 40 20
bitmap: 40 22
bitmap: 38 22
bitmap: 40 20
bitmap: 40 22
bitmap: 38 22
bitmap: 42 22
bitmap: 40 22
bitmap: 40 20
bitmap: 40 22
bitmap: 40 22
bitmap: 42 22
bitmap: 40 22
bitmap: 40 24
bitmap: 40 24
bitmap: 14 32
bitmap: 44 22
bitmap: 40 24
bitmap: 40 20
bitmap: 40 24
bitmap: 40 24
bitmap: 40 22
bitmap: 38 24
bitmap: 40 20
bitmap: 40 24
bitmap: 42 22
bitmap: 40 22
bitmap: 40 24
bitmap: 40 22
bitmap: 38 20
bitmap: 40 22
bitmap: 42 22
bitmap: 40 22
bitmap: 40 24
bitmap: 38 22
bitmap: 40 24
bitmap: 40 20
bitmap: 40 22
bitmap: 40 22
bitmap: 40 20
bitmap: 40 20
bitmap: 38 24
bitmap: 42 22
bitmap: 40 22
bitmap: 40 22
bitmap: 40 24
bitmap: 40 22
bitmap: 40 20
bitmap: 40 22
bitmap: 42 24
bitmap: 42 22
bitmap: 42 22
bitmap: 38 22
bitmap: 64 24
bitmap: 62 24
bitmap: 40 22
bitmap: 40 20
bitmap: 42 24
bitmap: 40 22
bitmap: 40 22
bitmap: 40 42
bitmap: 40 22
bitmap: 42 24
bitmap: 40 24
bitmap: 40 22
bitmap: 40 24
bitmap: 40 22
bitmap: 40 22
bitmap: 40 52
bitmap: 38 22
bitmap: 40 22
bitmap: 40 22
bitmap: 40 22
bitmap: 18 32
bitmap: 40 22
bitmap: 42 22
bitmap: 40 46
bitmap: 40 22
bitmap: 38 22
bitmap: 40 22
bitmap: 38 22
bitmap: 40 20
bitmap: 40 22
bitmap: 40 22
bitmap: 42 58
bitmap: 38 24
bitmap: 40 22
bitmap: 40 20
bitmap: 38 22
bitmap: 40 22
bitmap: 40 20
bitmap: 40 20
bitmap: 40 52
bitmap: 40 22
bitmap: 40 20
bitmap: 40 20
bitmap: 42 22
bitmap: 40 22
bitmap: 16 24
bitmap: 42 22
bitmap: 40 46
bitmap: 40 22
bitmap: 38 20
bitmap: 38 20
bitmap: 38 22
bitmap: 42 22
bitmap: 40 20
bitmap: 42 22
bitmap: 38 38
bitmap: 40 22
bitmap: 40 22
bitmap: 42 22
bitmap: 40 22
bitmap: 40 22
bitmap: 40 22
bitmap: 42 22
bitmap: 40 50
bitmap: 42 22
bitmap: 40 22
bitmap: 38 22
bitmap: 38 22
bitmap: 40 20
bitmap: 40 22
bitmap: 40 22
bitmap: 40 22
bitmap: 40 20
bitmap: 40 22
bitmap: 40 22
bitmap: 40 24
bitmap: 40 24
bitmap: 40 24
bitmap: 42 24
bitmap: 42 22
bitmap: 40 20
bitmap: 40 22
bitmap: 38 24
bitmap: 40 24
bitmap: 40 22
bitmap: 42 22
bitmap: 40 24
bitmap: 38 24
bitmap: 38 20
bitmap: 40 22
bitmap: 38 22
bitmap: 40 22
bitmap: 40 22
bitmap: 42 20
bitmap: 40 22
bitmap: 40 20
bitmap: 40 20
bitmap: 40 22
bitmap: 40 22
bitmap: 40 22
bitmap: 38 22
bitmap: 40 22
bitmap: 40 22
bitmap: 38 22
bitmap: 40 22
bitmap: 40 22
bitmap: 42 24
bitmap: 40 22
bitmap: 40 24
bitmap: 40 24
bitmap: 44 22
bitmap: 42 24
bitmap: 40 22
bitmap: 40 22
bitmap: 42 22
bitmap: 38 20
bitmap: 40 20
bitmap: 42 22
bitmap: 40 22
bitmap: 42 22
bitmap: 38 22
bitmap: 40 20
bitmap: 38 22
bitmap: 40 24
bitmap: 40 24
bitmap: 40 20
bitmap: 40 22
bitmap: 40 22
bitmap: 38 22
bitmap: 40 22
bitmap: 40 20
bitmap: 42 22
bitmap: 40 22
bitmap: 40 20
bitmap: 38 20
bitmap: 40 22
bitmap: 40 22
bitmap: 44 22
bitmap: 42 20
bitmap: 40 22
bitmap: 40 22
bitmap: 40 20
bitmap: 40 20
bitmap: 40 20
bitmap: 40 22
bitmap: 38 22
bitmap: 40 22
bitmap: 40 22
bitmap: 40 22
bitmap: 40 26
bitmap: 38 22
bitmap: 38 20
bitmap: 38 22
bitmap: 40 22
bitmap: 16 32
bitmap: 40 22
bitmap: 40 22
bitmap: 40 22
bitmap: 40 22
bitmap: 38 22
bitmap: 40 20
bitmap: 38 22
bitmap: 40 22
bitmap: 40 22
bitmap: 38 20
bitmap: 38 22
bitmap: 40 22
bitmap: 40 20
bitmap: 40 22
bitmap: 40 22
bitmap: 40 22
bitmap: 38 22
bitmap: 40 22
bitmap: 40 22
bitmap: 38 20
bitmap: 42 22
bitmap: 40 22
bitmap: 40 22
bitmap: 38 22
bitmap: 44 22
bitmap: 44 22
bitmap: 38 20
bitmap: 40 20
bitmap: 38 22
bitmap: 40 22
bitmap: 40 22
bitmap: 40 22
bitmap: 38 22
bitmap: 40 22
bitmap: 40 22
bitmap: 40 22
bitmap: 40 20
bitmap: 38 20
bitmap: 38 22
bitmap: 42 22
