bitmap: 42 20
bitmap: 14 18
bitmap: 46 22
bitmap: 16 18
bitmap: 14 16
bitmap: 16 16
bitmap: 14 14
bitmap: 14 16
bitmap: 14 14
bitmap: 14 16
bitmap: 14 18
bitmap: 12 16
bitmap: 14 18
bitmap: 14 24
bitmap: 16 14
bitmap: 16 22
bitmap: 14 24
bitmap: 16 24
bitmap: 18 20
bitmap: 14 22
bitmap: 14 52
bitmap: 14 52
bitmap: 14 16
bitmap: 14 18
bitmap: 14 18
bitmap: 14 18
bitmap: 14 18
bitmap: 14 20
bitmap: 14 46
bitmap: 14 18
bitmap: 14 14
bitmap: 14 18
bitmap: 14 18
bitmap: 14 24
bitmap: 14 18
bitmap: 18 18
bitmap: 16 46
bitmap: 14 18
bitmap: 14 20
bitmap: 14 20
bitmap: 16 20
bitmap: 14 20
bitmap: 14 24
bitmap: 16 20
bitmap: 14 20
bitmap: 14 20
bitmap: 16 16
bitmap: 12 22
bitmap: 14 20
bitmap: 14 20
bitmap: 16 20
bitmap: 14 18
bitmap: 14 22
bitmap: 14 22
bitmap: 14 20
bitmap: 14 20
bitmap: 16 20
bitmap: 16 20
bitmap: 14 18
bitmap: 14 20
bitmap: 14 20
bitmap: 14 18
bitmap: 14 20
bitmap: 18 20
bitmap: 46 24
bitmap: 46 22
bitmap: 14 20
bitmap: 14 18
bitmap: 14 14
bitmap: 16 22
bitmap: 14 18
bitmap: 14 16
bitmap: 16 22
bitmap: 58 20
bitmap: 16 18
bitmap: 16 18
bitmap: 14 20
bitmap: 16 18
bitmap: 16 20
bitmap: 62 22
bitmap: 16 16
bitmap: 14 16
bitmap: 12 16
bitmap: 14 14
bitmap: 14 18
bitmap: 16 18
bitmap: 12 16
bitmap: 16 16
bitmap: 14 18
bitmap: 16 18
bitmap: 16 16
bitmap: 14 18
bitmap: 12 16
bitmap: 14 16
bitmap: 14 18
bitmap: 14 18
bitmap: 14 16
bitmap: 14 18
bitmap: 14 18
bitmap: 14 20
bitmap: 16 18
bitmap: 16 18
bitmap: 16 16
bitmap: 16 20
bitmap: 60 20
bitmap: 14 18
bitmap: 16 18
bitmap: 18 18
bitmap: 14 20
bitmap: 14 22
bitmap: 14 20
bitmap: 16 20
bitmap: 12 18
bitmap: 16 16
bitmap: 16 18
bitmap: 14 22
bitmap: 16 20
bitmap: 16 18
bitmap: 14 18
bitmap: 18 22
bitmap: 14 22
bitmap: 14 20
bitmap: 14 20
bitmap: 16 22
bitmap: 14 16
bitmap: 14 14
bitmap: 16 16
bitmap: 16 20
bitmap: 14 16
bitmap: 64 22
bitmap: 16 20
bitmap: 16 18
bitmap: 14 16
bitmap: 16 16
bitmap: 14 18
bitmap: 16 20
bitmap: 60 20
bitmap: 16 20
bitmap: 14 18
bitmap: 16 16
bitmap: 16 18
bitmap: 14 18
bitmap: 14 22
bitmap: 14 18
bitmap: 14 20
bitmap: 16 18
bitmap: 16 16
bitmap: 14 22
bitmap: 60 22
bitmap: 14 22
bitmap: 16 18
bitmap: 18 22
bitmap: 14 18
bitmap: 14 16
bitmap: 14 20
bitmap: 16 16
bitmap: 18 18
bitmap: 16 20
bitmap: 16 16
bitmap: 16 20
bitmap: 16 18
bitmap: 16 16
bitmap: 62 22
bitmap: 16 18
bitmap: 16 20
bitmap: 14 18
bitmap: 16 18
bitmap: 16 16
bitmap: 14 18
bitmap: 14 18
bitmap: 16 18
bitmap: 14 16
bitmap: 16 18
bitmap: 60 22
bitmap: 14 18
bitmap: 16 14
bitmap: 14 20
bitmap: 16 18
bitmap: 14 16
bitmap: 16 22
bitmap: 14 18
bitmap: 14 22
bitmap: 16 18
bitmap: 14 18
bitmap: 16 22
bitmap: 16 18
bitmap: 58 22
bitmap: 16 20
bitmap: 14 22
bitmap: 16 18
bitmap: 16 18
bitmap: 14 20
bitmap: 16 22
bitmap: 16 16
bitmap: 16 18
bitmap: 14 18
bitmap: 12 18
bitmap: 14 22
bitmap: 62 20
bitmap: 60 22
bitmap: 16 20
bitmap: 14 20
bitmap: 18 22
bitmap: 14 18
bitmap: 62 20
bitmap: 14 18
bitmap: 18 14
bitmap: 14 20
bitmap: 16 18
bitmap: 16 18
bitmap: 14 16
bitmap: 16 18
bitmap: 14 18
bitmap: 18 18
bitmap: 16 18
bitmap: 14 16
bitmap: 16 18
bitmap: 60 20
bitmap: 16 18
bitmap: 16 16
bitmap: 14 18
bitmap: 16 16
bitmap: 18 20
bitmap: 16 16
bitmap: 16 18
bitmap: 14 16
bitmap: 16 16
bitmap: 58 20
bitmap: 14 50
bitmap: 14 18
bitmap: 16 18
bitmap: 14 16
bitmap: 14 16
bitmap: 14 14
bitmap: 14 18
bitmap: 14 16
bitmap: 14 42
bitmap: 14 18
bitmap: 14 16
bitmap: 64 22
bitmap: 14 16
bitmap: 16 18
bitmap: 16 18
bitmap: 14 20
bitmap: 14 48
bitmap: 16 18
bitmap: 62 18
bitmap: 14 20
bitmap: 14 20
bitmap: 16 18
bitmap: 14 18
bitmap: 16 18
bitmap: 62 18
bitmap: 16 18
bitmap: 16 18
bitmap: 14 18
bitmap: 14 18
bitmap: 16 20
bitmap: 14 20
bitmap: 16 18
bitmap: 16 20
bitmap: 18 20
bitmap: 14 16
bitmap: 16 16
bitmap: 16 16
bitmap: 14 18
bitmap: 16 16
bitmap: 16 18
bitmap: 16 16
bitmap: 14 18
bitmap: 14 18
bitmap: 16 18
bitmap: 14 22
bitmap: 14 20
bitmap: 14 22
bitmap: 14 16
bitmap: 16 18
bitmap: 14 20
bitmap: 16 20
bitmap: 60 20
bitmap: 14 18
bitmap: 14 20
bitmap: 14 16
bitmap: 16 16
bitmap: 14 36
bitmap: 16 18
bitmap: 14 16
bitmap: 16 18
bitmap: 16 16
bitmap: 16 16
bitmap: 16 20
bitmap: 16 20
bitmap: 14 44
bitmap: 14 22
bitmap: 16 22
bitmap: 16 22
bitmap: 16 18
bitmap: 16 16
bitmap: 14 16
bitmap: 16 22
bitmap: 60 22
bitmap: 18 18
bitmap: 58 22
bitmap: 14 18
bitmap: 14 18
bitmap: 14 18
bitmap: 60 22
bitmap: 14 18
bitmap: 16 16
bitmap: 14 20
bitmap: 14 16
bitmap: 16 16
bitmap: 14 22
bitmap: 16 18
bitmap: 14 22
bitmap: 14 18
bitmap: 16 20
bitmap: 16 18
bitmap: 16 20
bitmap: 16 18
bitmap: 14 20
bitmap: 62 18
bitmap: 14 18
bitmap: 14 20
bitmap: 16 16
bitmap: 14 18
bitmap: 14 18
bitmap: 14 16
bitmap: 16 18
bitmap: 60 22
bitmap: 16 18
bitmap: 14 18
bitmap: 16 22
bitmap: 16 18
bitmap: 14 18
bitmap: 14 20
bitmap: 14 20
bitmap: 16 16
bitmap: 18 20
bitmap: 16 18
bitmap: 14 22
bitmap: 14 16
bitmap: 16 18
bitmap: 16 16
bitmap: 16 18
bitmap: 16 16
bitmap: 16 16
bitmap: 16 12
bitmap: 16 18
bitmap: 12 18
bitmap: 14 18
bitmap: 16 14
bitmap: 16 14
bitmap: 66 22
bitmap: 14 16
bitmap: 16 14
bitmap: 16 16
bitmap: 12 18
bitmap: 58 22
bitmap: 16 18
bitmap: 62 22
bitmap: 16 20
bitmap: 16 18
bitmap: 14 18
bitmap: 16 18
bitmap: 16 18
bitmap: 16 20
bitmap: 18 18
bitmap: 14 18
bitmap: 14 18
bitmap: 16 20
bitmap: 16 20
bitmap: 12 16
bitmap: 12 22
bitmap: 14 18
bitmap: 12 20
bitmap: 14 16
bitmap: 14 20
bitmap: 16 18
bitmap: 16 22
bitmap: 14 62
bitmap: 62 20
bitmap: 18 16
bitmap: 14 20
bitmap: 16 20
bitmap: 14 20
bitmap: 14 18
bitmap: 14 20
bitmap: 14 16
bitmap: 16 18
bitmap: 14 18
bitmap: 16 18
bitmap: 16 16
bitmap: 16 20
bitmap: 16 18
bitmap: 16 18
bitmap: 64 22
bitmap: 16 20
bitmap: 16 22
bitmap: 12 22
bitmap: 14 20
bitmap: 16 20
bitmap: 62 20
bitmap: 60 50
bitmap: 14 20
bitmap: 14 22
bitmap: 14 20
bitmap: 60 22
bitmap: 16 16
bitmap: 14 16
bitmap: 18 20
bitmap: 14 22
bitmap: 14 18
bitmap: 16 18
bitmap: 14 18
bitmap: 12 16
bitmap: 14 20
bitmap: 16 18
bitmap: 64 22
bitmap: 14 18
bitmap: 14 16
bitmap: 16 16
bitmap: 14 20
bitmap: 16 16
bitmap: 14 18
bitmap: 16 16
bitmap: 62 22
bitmap: 18 16
bitmap: 16 48
bitmap: 14 16
bitmap: 16 18
bitmap: 14 18
bitmap: 14 16
bitmap: 16 16
bitmap: 16 18
bitmap: 16 22
bitmap: 14 16
bitmap: 14 20
bitmap: 46 24
bitmap: 64 22
bitmap: 16 16
bitmap: 16 18
bitmap: 14 18
bitmap: 20 18
bitmap: 16 18
bitmap: 14 18
bitmap: 16 22
bitmap: 16 22
bitmap: 14 18
bitmap: 60 20
bitmap: 14 18
bitmap: 16 18
bitmap: 16 42
bitmap: 16 18
bitmap: 14 18
bitmap: 16 18
bitmap: 14 16
bitmap: 14 18
bitmap: 14 16
bitmap: 16 20
bitmap: 14 18
bitmap: 14 20
bitmap: 14 20
bitmap: 14 20
bitmap: 16 18
bitmap: 16 20
bitmap: 14 20
bitmap: 16 18
bitmap: 16 20
bitmap: 14 22
bitmap: 16 18
bitmap: 14 18
bitmap: 14 18
bitmap: 14 16
bitmap: 16 16
bitmap: 18 16
bitmap: 14 38
bitmap: 14 18
bitmap: 14 18
bitmap: 16 18
bitmap: 14 18
bitmap: 14 20
bitmap: 14 16
bitmap: 14 20
bitmap: 16 16
bitmap: 60 24
bitmap: 14 16
bitmap: 14 18
bitmap: 16 18
bitmap: 12 16
bitmap: 14 18
bitmap: 14 52
bitmap: 14 46
bitmap: 14 28
bitmap: 16 14
bitmap: 16 16
bitmap: 62 20
bitmap: 16 18
bitmap: 14 20
bitmap: 14 18
bitmap: 16 50
bitmap: 16 22
bitmap: 14 16
bitmap: 16 18
bitmap: 16 18
bitmap: 14 16
bitmap: 14 16
bitmap: 14 18
bitmap: 16 16
bitmap: 12 16
bitmap: 64 20
bitmap: 18 16
bitmap: 16 16
bitmap: 16 20
bitmap: 16 12
bitmap: 16 16
bitmap: 16 18
bitmap: 14 14
bitmap: 14 16
bitmap: 16 20
bitmap: 66 22
bitmap: 14 22
bitmap: 14 16
bitmap: 18 20
bitmap: 16 20
bitmap: 18 18
bitmap: 14 16
bitmap: 16 16
bitmap: 16 16
bitmap: 14 20
bitmap: 16 18
bitmap: 16 18
bitmap: 14 18
bitmap: 14 22
bitmap: 14 20
bitmap: 16 22
bitmap: 14 22
bitmap: 14 16
bitmap: 16 16
bitmap: 60 20
bitmap: 16 18
bitmap: 16 22
bitmap: 14 18
bitmap: 18 20
bitmap: 14 18
bitmap: 14 20
bitmap: 14 18
bitmap: 12 22
bitmap: 16 16
bitmap: 16 20
bitmap: 14 16
bitmap: 14 18
bitmap: 16 18
bitmap: 14 18
bitmap: 14 20
bitmap: 16 16
bitmap: 60 48
bitmap: 16 18
bitmap: 16 18
bitmap: 16 22
bitmap: 14 22
bitmap: 16 20
bitmap: 14 16
bitmap: 14 18
bitmap: 16 16
bitmap: 14 16
bitmap: 18 16
bitmap: 62 22
bitmap: 14 18
bitmap: 60 22
bitmap: 14 14
bitmap: 14 18
bitmap: 16 22
bitmap: 16 16
bitmap: 14 18
bitmap: 18 20
bitmap: 16 20
bitmap: 14 18
bitmap: 14 20
bitmap: 14 20
bitmap: 14 18
bitmap: 60 22
bitmap: 14 18
bitmap: 16 16
bitmap: 16 18
bitmap: 16 18
bitmap: 16 18
bitmap: 14 20
bitmap: 60 22
bitmap: 14 24
bitmap: 14 18
bitmap: 16 16
bitmap: 14 18
bitmap: 14 20
bitmap: 14 16
bitmap: 14 20
bitmap: 62 22
bitmap: 16 18
bitmap: 16 16
bitmap: 18 18
bitmap: 14 16
bitmap: 16 18
bitmap: 60 20
bitmap: 14 18
bitmap: 14 18
bitmap: 16 16
bitmap: 18 20
bitmap: 14 18
bitmap: 14 20
bitmap: 14 18
bitmap: 14 22
bitmap: 16 18
bitmap: 16 18
bitmap: 16 18
bitmap: 60 22
bitmap: 14 16
bitmap: 16 18
bitmap: 14 20
bitmap: 18 20
bitmap: 16 16
bitmap: 14 18
bitmap: 16 18
bitmap: 16 20
bitmap: 16 18
bitmap: 14 18
bitmap: 14 20
bitmap: 12 16
bitmap: 64 22
bitmap: 20 22
bitmap: 14 16
bitmap: 12 18
bitmap: 16 16
bitmap: 14 16
bitmap: 14 16
bitmap: 18 22
bitmap: 16 16
bitmap: 14 14
bitmap: 16 18
bitmap: 16 18
bitmap: 14 20
bitmap: 16 16
bitmap: 62 22
bitmap: 12 20
bitmap: 14 18
bitmap: 14 20
bitmap: 16 16
bitmap: 16 18
bitmap: 16 18
bitmap: 16 20
bitmap: 14 20
bitmap: 14 18
bitmap: 14 16
bitmap: 16 16
bitmap: 14 16
bitmap: 16 16
bitmap: 14 16
bitmap: 16 16
bitmap: 16 54
bitmap: 14 16
bitmap: 14 18
bitmap: 14 16
bitmap: 14 16
bitmap: 16 16
bitmap: 16 18
bitmap: 14 22
bitmap: 16 20
bitmap: 16 18
bitmap: 16 16
bitmap: 14 18
bitmap: 14 16
bitmap: 60 22
bitmap: 16 18
bitmap: 14 18
bitmap: 16 20
bitmap: 16 20
bitmap: 16 20
bitmap: 14 18
bitmap: 14 18
bitmap: 16 18
bitmap: 16 18
bitmap: 16 18
bitmap: 58 24
bitmap: 16 18
bitmap: 14 22
bitmap: 18 16
bitmap: 16 22
bitmap: 16 22
bitmap: 14 18
bitmap: 14 22
bitmap: 14 22
bitmap: 14 20
bitmap: 16 20
bitmap: 62 22
bitmap: 16 16
bitmap: 14 18
bitmap: 14 18
bitmap: 16 22
bitmap: 16 18
bitmap: 16 18
bitmap: 16 20
bitmap: 18 22
bitmap: 14 20
bitmap: 16 20
bitmap: 14 18
bitmap: 16 20
bitmap: 16 20
bitmap: 62 18
bitmap: 14 20
bitmap: 16 18
bitmap: 58 22
bitmap: 16 20
bitmap: 16 16
bitmap: 16 20
bitmap: 14 16
bitmap: 14 18
bitmap: 14 16
bitmap: 14 16
bitmap: 14 20
bitmap: 14 20
bitmap: 14 18
bitmap: 14 20
bitmap: 14 16
bitmap: 60 22
bitmap: 14 18
bitmap: 16 20
bitmap: 14 18
bitmap: 16 18
bitmap: 14 20
bitmap: 16 18
bitmap: 14 18
bitmap: 14 14
bitmap: 16 18
bitmap: 14 18
bitmap: 14 18
bitmap: 16 14
bitmap: 16 14
bitmap: 14 18
bitmap: 14 16
bitmap: 16 16
bitmap: 14 16
bitmap: 14 14
bitmap: 14 16
bitmap: 16 16
bitmap: 14 16
bitmap: 16 18
bitmap: 16 18
bitmap: 14 22
bitmap: 16 18
bitmap: 14 18
bitmap: 14 18
bitmap: 14 18
bitmap: 60 22
bitmap: 14 16
bitmap: 16 22
bitmap: 16 18
bitmap: 16 20
bitmap: 16 16
bitmap: 14 18
bitmap: 14 20
bitmap: 16 18
bitmap: 16 16
bitmap: 16 16
bitmap: 14 18
bitmap: 20 22
bitmap: 14 20
bitmap: 14 20
bitmap: 14 18
bitmap: 14 18
bitmap: 16 18
bitmap: 16 16
bitmap: 14 18
bitmap: 14 18
bitmap: 16 18
bitmap: 16 18
bitmap: 14 18
bitmap: 14 16
bitmap: 62 22
bitmap: 16 16
bitmap: 14 18
bitmap: 14 20
bitmap: 16 14
bitmap: 14 22
bitmap: 16 20
bitmap: 14 22
bitmap: 12 18
bitmap: 16 18
bitmap: 14 20
bitmap: 14 22
bitmap: 14 20
bitmap: 58 22
bitmap: 14 18
bitmap: 16 18
bitmap: 62 20
bitmap: 16 22
bitmap: 14 18
bitmap: 16 16
bitmap: 14 16
bitmap: 14 16
bitmap: 16 16
bitmap: 14 18
bitmap: 14 14
bitmap: 16 16
bitmap: 18 16
bitmap: 16 16
bitmap: 22 16
bitmap: 14 18
bitmap: 16 18
bitmap: 14 16
bitmap: 14 18
bitmap: 14 18
bitmap: 14 18
bitmap: 16 18
bitmap: 14 44
bitmap: 14 22
bitmap: 16 16
bitmap: 16 20
bitmap: 14 18
bitmap: 12 18
bitmap: 14 22
bitmap: 14 18
bitmap: 12 34
bitmap: 14 22
bitmap: 16 16
bitmap: 16 18
bitmap: 14 16
bitmap: 14 20
bitmap: 16 22
bitmap: 16 18
bitmap: 16 56
bitmap: 16 18
bitmap: 16 14
bitmap: 14 22
bitmap: 16 14
bitmap: 18 22
bitmap: 16 22
bitmap: 16 18
bitmap: 16 36
bitmap: 14 16
bitmap: 14 16
bitmap: 14 20
bitmap: 14 18
bitmap: 14 18
bitmap: 18 22
bitmap: 14 22
bitmap: 16 18
bitmap: 14 18
bitmap: 60 20
bitmap: 14 18
bitmap: 16 18
bitmap: 12 16
bitmap: 16 22
bitmap: 14 18
bitmap: 16 42
bitmap: 62 24
bitmap: 14 18
bitmap: 14 18
bitmap: 14 16
bitmap: 16 20
bitmap: 16 20
bitmap: 16 16
bitmap: 14 50
bitmap: 16 22
bitmap: 16 18
bitmap: 14 18
bitmap: 16 18
bitmap: 16 20
bitmap: 16 18
bitmap: 16 20
bitmap: 14 36
bitmap: 16 16
bitmap: 14 22
bitmap: 16 18
bitmap: 14 16
bitmap: 16 18
bitmap: 16 20
bitmap: 14 20
bitmap: 14 20
bitmap: 14 20
bitmap: 16 16
bitmap: 60 22
bitmap: 14 18
bitmap: 12 18
bitmap: 16 16
bitmap: 16 16
bitmap: 16 16
bitmap: 16 18
bitmap: 14 16
bitmap: 14 18
bitmap: 14 18
bitmap: 16 16
bitmap: 14 18
bitmap: 14 18
bitmap: 14 16
bitmap: 16 16
bitmap: 14 20
bitmap: 14 18
bitmap: 14 20
bitmap: 16 18
bitmap: 62 20
bitmap: 16 18
bitmap: 14 16
bitmap: 14 16
bitmap: 14 52
bitmap: 14 16
bitmap: 16 16
bitmap: 16 18
bitmap: 14 16
bitmap: 14 18
bitmap: 16 14
bitmap: 16 12
bitmap: 16 18
bitmap: 14 18
bitmap: 62 24
bitmap: 16 20
bitmap: 16 22
bitmap: 16 18
bitmap: 16 16
bitmap: 16 20
bitmap: 16 18
bitmap: 18 18
bitmap: 14 16
bitmap: 16 18
bitmap: 14 20
bitmap: 16 18
bitmap: 14 22
bitmap: 14 16
bitmap: 14 18
bitmap: 18 18
bitmap: 14 16
bitmap: 16 22
bitmap: 16 16
bitmap: 18 20
bitmap: 16 18
bitmap: 12 16
bitmap: 14 16
bitmap: 16 16
bitmap: 16 16
bitmap: 14 16
bitmap: 16 16
bitmap: 14 14
bitmap: 16 18
bitmap: 18 16
bitmap: 16 14
bitmap: 16 16
bitmap: 14 18
bitmap: 14 16
bitmap: 14 18
bitmap: 16 20
bitmap: 14 20
bitmap: 14 16
bitmap: 14 20
bitmap: 16 18
bitmap: 14 18
bitmap: 14 18
bitmap: 16 16
bitmap: 14 18
bitmap: 14 18
bitmap: 14 18
bitmap: 14 18
bitmap: 16 18
bitmap: 14 20
bitmap: 16 18
bitmap: 14 16
bitmap: 14 18
bitmap: 62 22
bitmap: 14 18
bitmap: 12 22
bitmap: 16 18
bitmap: 12 18
bitmap: 16 20
bitmap: 60 22
bitmap: 16 16
bitmap: 14 18
bitmap: 16 18
bitmap: 14 20
bitmap: 14 20
bitmap: 14 22
bitmap: 14 16
bitmap: 16 18
bitmap: 60 20
bitmap: 16 44
bitmap: 16 18
bitmap: 16 16
bitmap: 16 18
bitmap: 14 22
bitmap: 14 16
bitmap: 16 16
bitmap: 14 18
bitmap: 14 36
bitmap: 16 22
bitmap: 16 20
bitmap: 14 18
bitmap: 14 16
bitmap: 16 18
bitmap: 16 18
bitmap: 16 18
bitmap: 18 20
bitmap: 16 14
bitmap: 16 18
bitmap: 16 16
