bitmap: 64 68
bitmap: 44 24
bitmap: 58 20
bitmap: 44 26
bitmap: 58 20
bitmap: 62 22
bitmap: 60 20
bitmap: 40 20
bitmap: 42 18
bitmap: 56 20
bitmap: 56 22
bitmap: 16 30
bitmap: 14 22
bitmap: 14 20
bitmap: 16 32
bitmap: 12 22
bitmap: 44 26
bitmap: 52 22
bitmap: 12 14
bitmap: 36 22
bitmap: 36 18
bitmap: 14 20
bitmap: 34 22
bitmap: 36 18
bitmap: 38 22
bitmap: 36 24
bitmap: 16 16
bitmap: 36 20
bitmap: 36 50
bitmap: 16 52
bitmap: 34 24
bitmap: 40 24
bitmap: 36 24
bitmap: 36 22
bitmap: 14 14
bitmap: 36 20
bitmap: 18 40
bitmap: 36 20
bitmap: 14 16
bitmap: 14 32
bitmap: 36 20
bitmap: 36 20
bitmap: 16 30
bitmap: 16 18
bitmap: 36 36
bitmap: 36 20
bitmap: 36 22
bitmap: 36 20
bitmap: 14 16
bitmap: 18 18
bitmap: 14 18
bitmap: 16 18
bitmap: 36 50
bitmap: 14 22
bitmap: 38 20
bitmap: 16 16
bitmap: 36 20
bitmap: 16 18
bitmap: 34 20
bitmap: 64 24
bitmap: 44 62
bitmap: 14 20
bitmap: 14 18
bitmap: 58 22
bitmap: 36 20
bitmap: 18 18
bitmap: 14 14
bitmap: 36 24
bitmap: 16 16
bitmap: 14 36
bitmap: 36 22
bitmap: 38 20
bitmap: 36 22
bitmap: 16 16
bitmap: 34 20
bitmap: 38 20
bitmap: 36 22
bitmap: 34 22
bitmap: 36 20
bitmap: 12 22
bitmap: 14 38
bitmap: 18 18
bitmap: 42 20
bitmap: 16 14
bitmap: 16 32
bitmap: 34 20
bitmap: 14 32
bitmap: 16 46
bitmap: 12 18
bitmap: 36 24
bitmap: 14 20
bitmap: 36 20
bitmap: 36 24
bitmap: 36 22
bitmap: 14 16
bitmap: 16 16
bitmap: 36 20
bitmap: 34 22
bitmap: 16 14
bitmap: 14 18
bitmap: 38 20
bitmap: 36 22
bitmap: 14 18
bitmap: 36 22
bitmap: 16 16
bitmap: 36 20
bitmap: 14 38
bitmap: 16 16
bitmap: 36 22
bitmap: 16 16
bitmap: 14 18
bitmap: 34 22
bitmap: 36 20
bitmap: 36 22
bitmap: 16 16
bitmap: 36 18
bitmap: 36 20
bitmap: 16 18
bitmap: 42 22
bitmap: 38 20
bitmap: 14 18
bitmap: 36 20
bitmap: 14 18
bitmap: 16 16
bitmap: 16 16
bitmap: 38 22
bitmap: 14 32
bitmap: 36 18
bitmap: 34 24
bitmap: 18 18
bitmap: 14 16
bitmap: 16 32
bitmap: 14 14
bitmap: 34 20
bitmap: 36 24
bitmap: 14 16
bitmap: 36 20
bitmap: 14 32
bitmap: 44 22
bitmap: 14 34
bitmap: 36 20
bitmap: 34 20
bitmap: 36 24
bitmap: 14 22
bitmap: 14 34
bitmap: 44 20
bitmap: 38 20
bitmap: 14 16
bitmap: 36 22
bitmap: 36 20
bitmap: 36 24
bitmap: 14 16
bitmap: 36 20
bitmap: 36 18
bitmap: 14 18
bitmap: 36 22
bitmap: 16 16
bitmap: 36 20
bitmap: 16 16
bitmap: 16 32
bitmap: 36 20
bitmap: 16 16
bitmap: 36 18
bitmap: 16 16
bitmap: 14 16
bitmap: 36 20
bitmap: 38 20
bitmap: 16 14
bitmap: 16 18
bitmap: 16 18
bitmap: 36 20
bitmap: 16 16
bitmap: 36 38
bitmap: 36 22
bitmap: 16 22
bitmap: 14 34
bitmap: 40 22
bitmap: 18 16
bitmap: 34 22
bitmap: 34 22
bitmap: 36 20
bitmap: 16 36
bitmap: 36 20
bitmap: 38 20
bitmap: 14 34
bitmap: 14 50
bitmap: 14 38
bitmap: 36 22
bitmap: 14 20
bitmap: 34 24
bitmap: 34 24
bitmap: 36 22
bitmap: 38 20
bitmap: 18 18
bitmap: 14 32
bitmap: 36 22
bitmap: 36 22
bitmap: 16 18
bitmap: 36 22
bitmap: 36 20
bitmap: 36 20
bitmap: 14 32
bitmap: 36 20
bitmap: 16 18
bitmap: 16 50
bitmap: 16 18
bitmap: 38 20
bitmap: 36 20
bitmap: 36 20
bitmap: 18 16
bitmap: 14 16
bitmap: 12 18
bitmap: 34 22
bitmap: 14 14
bitmap: 16 22
bitmap: 36 20
bitmap: 36 22
bitmap: 36 22
bitmap: 12 38
bitmap: 16 16
bitmap: 36 24
bitmap: 36 18
bitmap: 14 16
bitmap: 14 20
bitmap: 14 36
bitmap: 44 20
bitmap: 18 16
bitmap: 36 18
bitmap: 14 32
bitmap: 14 32
bitmap: 36 22
bitmap: 36 20
bitmap: 36 20
bitmap: 14 18
bitmap: 16 16
bitmap: 38 20
bitmap: 16 18
bitmap: 36 20
bitmap: 36 20
bitmap: 14 30
bitmap: 36 20
bitmap: 36 20
bitmap: 34 20
bitmap: 36 24
bitmap: 36 20
bitmap: 16 16
bitmap: 16 32
bitmap: 62 22
bitmap: 36 18
bitmap: 36 20
bitmap: 14 36
bitmap: 36 22
bitmap: 36 22
bitmap: 16 34
bitmap: 34 22
bitmap: 34 20
bitmap: 14 36
bitmap: 18 14
bitmap: 36 24
bitmap: 36 20
bitmap: 16 18
bitmap: 38 20
bitmap: 36 22
bitmap: 36 24
bitmap: 36 22
bitmap: 36 20
bitmap: 36 20
bitmap: 16 16
bitmap: 14 18
bitmap: 34 22
bitmap: 20 22
bitmap: 36 20
bitmap: 34 24
bitmap: 36 20
bitmap: 12 32
bitmap: 36 24
bitmap: 36 22
bitmap: 36 20
bitmap: 14 18
bitmap: 16 16
bitmap: 14 16
bitmap: 36 22
bitmap: 44 22
bitmap: 36 20
bitmap: 34 20
bitmap: 36 20
bitmap: 36 24
bitmap: 36 18
bitmap: 16 16
bitmap: 34 20
bitmap: 36 18
bitmap: 36 22
bitmap: 36 20
bitmap: 16 32
bitmap: 38 18
bitmap: 16 16
bitmap: 14 16
bitmap: 36 20
bitmap: 16 18
bitmap: 14 16
bitmap: 34 20
bitmap: 12 20
bitmap: 36 20
bitmap: 16 18
bitmap: 36 20
bitmap: 18 14
bitmap: 40 22
bitmap: 14 16
bitmap: 34 22
bitmap: 16 18
bitmap: 16 40
bitmap: 14 18
bitmap: 36 20
bitmap: 44 24
bitmap: 38 20
bitmap: 16 16
bitmap: 36 20
bitmap: 16 32
bitmap: 14 18
bitmap: 38 20
bitmap: 16 22
bitmap: 16 14
bitmap: 36 20
bitmap: 16 20
bitmap: 38 20
bitmap: 34 22
bitmap: 16 16
bitmap: 36 20
bitmap: 16 16
bitmap: 14 32
bitmap: 36 22
bitmap: 34 20
bitmap: 38 20
bitmap: 38 18
bitmap: 36 24
bitmap: 14 36
bitmap: 14 36
bitmap: 38 20
bitmap: 38 22
bitmap: 18 32
bitmap: 16 36
bitmap: 14 18
bitmap: 36 22
bitmap: 36 20
bitmap: 36 20
bitmap: 16 36
bitmap: 14 16
bitmap: 16 36
bitmap: 36 20
bitmap: 14 32
bitmap: 36 20
bitmap: 14 14
bitmap: 36 20
bitmap: 18 20
bitmap: 14 32
bitmap: 34 22
bitmap: 16 20
bitmap: 14 18
bitmap: 14 22
bitmap: 16 18
bitmap: 16 36
bitmap: 14 18
bitmap: 36 20
bitmap: 16 18
bitmap: 14 20
bitmap: 36 24
bitmap: 38 20
bitmap: 34 22
bitmap: 16 18
bitmap: 18 18
bitmap: 14 14
bitmap: 34 22
bitmap: 14 34
bitmap: 38 18
bitmap: 16 16
bitmap: 36 18
bitmap: 16 50
bitmap: 36 20
bitmap: 14 34
bitmap: 14 18
bitmap: 14 20
bitmap: 36 20
bitmap: 16 34
bitmap: 34 22
bitmap: 38 20
bitmap: 14 16
bitmap: 16 18
bitmap: 36 24
bitmap: 16 36
bitmap: 36 20
bitmap: 36 18
bitmap: 14 36
bitmap: 16 18
bitmap: 36 20
bitmap: 16 18
bitmap: 16 14
bitmap: 34 20
bitmap: 34 22
bitmap: 16 16
bitmap: 16 32
bitmap: 16 18
bitmap: 38 22
bitmap: 18 16
bitmap: 38 20
bitmap: 34 22
bitmap: 16 16
bitmap: 14 34
bitmap: 16 34
bitmap: 34 24
bitmap: 14 30
bitmap: 14 32
bitmap: 34 24
bitmap: 14 16
bitmap: 16 34
bitmap: 14 34
bitmap: 36 22
bitmap: 36 20
bitmap: 18 14
bitmap: 36 20
bitmap: 38 20
bitmap: 44 20
bitmap: 36 20
bitmap: 36 20
bitmap: 38 20
bitmap: 36 24
bitmap: 34 24
bitmap: 36 18
bitmap: 38 20
bitmap: 36 22
bitmap: 36 18
bitmap: 14 20
bitmap: 36 22
bitmap: 14 18
bitmap: 38 22
bitmap: 38 18
bitmap: 16 32
bitmap: 16 16
bitmap: 38 20
bitmap: 16 50
bitmap: 16 16
bitmap: 36 24
bitmap: 36 20
bitmap: 34 20
bitmap: 16 36
bitmap: 36 46
bitmap: 38 22
bitmap: 36 20
bitmap: 16 18
bitmap: 14 16
bitmap: 36 22
bitmap: 36 20
bitmap: 20 20
bitmap: 34 58
bitmap: 36 20
bitmap: 36 18
bitmap: 14 36
bitmap: 36 18
bitmap: 36 20
bitmap: 34 22
bitmap: 36 20
bitmap: 34 46
bitmap: 16 16
bitmap: 16 38
bitmap: 36 20
bitmap: 36 24
bitmap: 36 20
bitmap: 18 16
bitmap: 16 16
bitmap: 36 18
bitmap: 12 34
bitmap: 14 16
bitmap: 38 20
bitmap: 38 20
bitmap: 14 34
bitmap: 34 20
bitmap: 14 32
bitmap: 36 160
bitmap: 12 32
bitmap: 34 24
bitmap: 16 14
bitmap: 36 22
bitmap: 18 20
bitmap: 16 32
bitmap: 16 18
bitmap: 16 20
bitmap: 36 18
bitmap: 14 20
bitmap: 14 20
bitmap: 36 20
bitmap: 16 30
bitmap: 34 24
bitmap: 34 24
bitmap: 36 42
bitmap: 36 34
bitmap: 14 22
bitmap: 12 18
bitmap: 16 16
bitmap: 18 16
bitmap: 36 24
bitmap: 34 22
bitmap: 36 26
bitmap: 34 20
bitmap: 16 16
bitmap: 36 22
bitmap: 36 26
bitmap: 16 32
bitmap: 36 22
bitmap: 16 32
bitmap: 14 20
bitmap: 36 20
bitmap: 36 20
bitmap: 36 20
bitmap: 14 16
bitmap: 18 46
bitmap: 34 22
bitmap: 14 32
bitmap: 16 32
bitmap: 36 24
bitmap: 36 22
bitmap: 14 16
bitmap: 14 22
bitmap: 36 24
bitmap: 34 20
bitmap: 16 18
bitmap: 38 20
bitmap: 16 16
bitmap: 14 32
bitmap: 38 20
bitmap: 16 30
bitmap: 18 16
bitmap: 36 20
bitmap: 36 18
bitmap: 38 22
bitmap: 36 22
bitmap: 34 22
bitmap: 16 32
bitmap: 36 24
bitmap: 16 18
bitmap: 36 20
bitmap: 36 20
bitmap: 36 24
bitmap: 34 20
bitmap: 34 24
bitmap: 36 20
bitmap: 36 24
bitmap: 20 16
bitmap: 16 14
bitmap: 34 22
bitmap: 36 26
bitmap: 36 20
bitmap: 36 20
bitmap: 14 16
bitmap: 36 20
bitmap: 16 16
bitmap: 14 32
bitmap: 14 16
bitmap: 14 32
bitmap: 36 20
bitmap: 46 24
bitmap: 34 20
bitmap: 14 32
bitmap: 18 12
bitmap: 34 22
bitmap: 16 32
bitmap: 16 18
bitmap: 16 12
bitmap: 36 20
bitmap: 36 20
bitmap: 38 22
bitmap: 16 34
bitmap: 36 20
bitmap: 36 18
bitmap: 16 16
bitmap: 36 20
bitmap: 36 20
bitmap: 14 32
bitmap: 16 16
bitmap: 18 18
bitmap: 34 20
bitmap: 36 22
bitmap: 34 22
bitmap: 14 16
bitmap: 14 18
bitmap: 16 18
bitmap: 36 18
bitmap: 14 20
bitmap: 36 20
bitmap: 14 18
bitmap: 14 18
bitmap: 14 14
bitmap: 34 22
bitmap: 14 32
bitmap: 38 22
bitmap: 18 54
bitmap: 18 16
bitmap: 14 20
bitmap: 34 20
bitmap: 36 22
bitmap: 36 18
bitmap: 36 20
bitmap: 34 20
bitmap: 36 24
bitmap: 16 14
bitmap: 36 22
bitmap: 36 22
bitmap: 14 32
bitmap: 34 24
bitmap: 34 22
bitmap: 34 22
bitmap: 18 14
bitmap: 34 22
bitmap: 14 36
bitmap: 38 22
bitmap: 16 16
bitmap: 34 20
bitmap: 38 18
bitmap: 34 24
bitmap: 34 24
bitmap: 14 16
bitmap: 14 18
bitmap: 36 22
bitmap: 14 22
bitmap: 34 22
bitmap: 34 20
bitmap: 14 16
bitmap: 18 18
bitmap: 18 54
bitmap: 36 22
bitmap: 14 16
bitmap: 38 20
bitmap: 36 20
bitmap: 36 22
bitmap: 16 16
bitmap: 34 20
bitmap: 16 36
bitmap: 14 14
bitmap: 36 22
bitmap: 34 22
bitmap: 14 16
bitmap: 38 22
bitmap: 36 20
bitmap: 14 14
bitmap: 18 18
bitmap: 16 14
bitmap: 36 20
bitmap: 36 20
bitmap: 38 20
bitmap: 36 20
bitmap: 14 18
bitmap: 14 36
bitmap: 36 20
bitmap: 16 32
bitmap: 38 22
bitmap: 16 16
bitmap: 38 22
bitmap: 36 20
bitmap: 36 24
bitmap: 16 16
bitmap: 36 20
bitmap: 36 26
bitmap: 16 32
bitmap: 16 32
bitmap: 14 18
bitmap: 16 40
bitmap: 36 20
bitmap: 36 20
bitmap: 36 20
bitmap: 34 22
bitmap: 36 22
bitmap: 14 32
bitmap: 34 20
bitmap: 40 18
bitmap: 16 18
bitmap: 36 18
bitmap: 14 32
bitmap: 34 20
bitmap: 38 56
bitmap: 36 20
bitmap: 14 16
bitmap: 36 20
bitmap: 36 20
bitmap: 36 20
bitmap: 36 20
bitmap: 36 22
bitmap: 36 42
bitmap: 14 16
bitmap: 34 24
bitmap: 16 12
bitmap: 14 32
bitmap: 36 20
bitmap: 36 22
bitmap: 14 32
bitmap: 14 48
bitmap: 16 20
bitmap: 34 22
bitmap: 14 16
bitmap: 16 18
bitmap: 16 16
bitmap: 36 20
bitmap: 36 20
bitmap: 46 22
bitmap: 14 18
bitmap: 34 24
bitmap: 14 14
bitmap: 14 18
bitmap: 16 14
bitmap: 36 20
bitmap: 64 22
bitmap: 36 22
bitmap: 34 22
bitmap: 36 20
bitmap: 16 34
bitmap: 36 20
bitmap: 36 18
bitmap: 38 20
bitmap: 36 18
bitmap: 36 50
bitmap: 36 46
bitmap: 14 16
bitmap: 36 24
bitmap: 36 24
bitmap: 14 32
bitmap: 14 32
bitmap: 14 18
bitmap: 14 32
bitmap: 36 24
bitmap: 36 20
bitmap: 36 20
bitmap: 34 24
bitmap: 16 18
bitmap: 14 36
bitmap: 14 34
bitmap: 16 62
bitmap: 16 32
bitmap: 36 22
bitmap: 36 20
bitmap: 36 24
bitmap: 36 20
bitmap: 38 22
bitmap: 14 32
bitmap: 38 20
bitmap: 16 52
bitmap: 36 20
bitmap: 16 16
bitmap: 14 18
bitmap: 36 20
bitmap: 34 20
bitmap: 14 38
bitmap: 36 60
bitmap: 16 16
bitmap: 14 16
bitmap: 36 20
bitmap: 14 14
bitmap: 18 14
bitmap: 18 16
bitmap: 36 22
bitmap: 36 22
bitmap: 36 18
bitmap: 14 16
bitmap: 36 24
bitmap: 34 20
bitmap: 36 22
bitmap: 36 20
bitmap: 14 34
bitmap: 16 52
bitmap: 36 22
bitmap: 36 20
bitmap: 36 22
bitmap: 14 38
bitmap: 18 16
bitmap: 18 14
bitmap: 36 20
bitmap: 16 18
bitmap: 16 52
bitmap: 16 16
bitmap: 36 20
bitmap: 36 20
bitmap: 36 20
bitmap: 16 34
bitmap: 36 24
bitmap: 14 34
bitmap: 36 20
bitmap: 36 18
bitmap: 38 22
bitmap: 14 18
bitmap: 14 16
bitmap: 36 20
bitmap: 38 22
bitmap: 34 24
bitmap: 16 14
bitmap: 20 16
bitmap: 16 16
bitmap: 16 14
bitmap: 38 20
bitmap: 16 18
bitmap: 34 26
bitmap: 14 18
bitmap: 36 22
bitmap: 36 22
bitmap: 34 22
bitmap: 16 18
bitmap: 38 20
bitmap: 18 32
bitmap: 36 20
bitmap: 16 16
bitmap: 34 20
bitmap: 36 20
bitmap: 36 22
bitmap: 38 20
bitmap: 14 16
bitmap: 38 18
bitmap: 36 20
bitmap: 36 20
bitmap: 34 20
bitmap: 34 20
bitmap: 38 20
bitmap: 34 22
bitmap: 16 56
bitmap: 14 14
bitmap: 36 20
bitmap: 16 18
bitmap: 34 22
bitmap: 14 32
bitmap: 36 22
bitmap: 16 18
bitmap: 16 34
bitmap: 62 24
bitmap: 78 22
bitmap: 34 20
bitmap: 36 22
bitmap: 36 20
bitmap: 36 20
bitmap: 16 16
bitmap: 38 48
bitmap: 18 32
bitmap: 14 18
bitmap: 16 32
bitmap: 44 20
bitmap: 14 18
bitmap: 36 20
bitmap: 36 22
bitmap: 14 16
bitmap: 36 22
bitmap: 36 22
bitmap: 38 22
bitmap: 36 22
bitmap: 16 32
bitmap: 36 20
bitmap: 36 20
bitmap: 16 18
bitmap: 14 32
bitmap: 16 16
bitmap: 36 20
bitmap: 14 20
bitmap: 14 18
bitmap: 38 18
bitmap: 42 20
bitmap: 16 14
bitmap: 38 22
bitmap: 16 34
bitmap: 16 18
bitmap: 14 18
bitmap: 34 24
bitmap: 40 18
bitmap: 14 18
bitmap: 38 50
bitmap: 36 22
bitmap: 40 22
bitmap: 46 22
bitmap: 14 18
bitmap: 14 34
bitmap: 34 22
bitmap: 16 34
bitmap: 14 36
bitmap: 36 20
bitmap: 34 20
bitmap: 34 40
bitmap: 36 24
bitmap: 14 16
bitmap: 36 22
bitmap: 14 18
bitmap: 36 48
bitmap: 38 22
bitmap: 16 52
bitmap: 16 44
bitmap: 14 20
bitmap: 18 22
bitmap: 36 20
bitmap: 36 20
bitmap: 34 22
bitmap: 60 20
bitmap: 16 20
bitmap: 36 60
bitmap: 16 16
bitmap: 14 18
bitmap: 18 16
bitmap: 36 24
bitmap: 16 14
bitmap: 14 32
bitmap: 16 16
bitmap: 14 42
bitmap: 36 18
bitmap: 36 20
bitmap: 36 20
bitmap: 36 18
bitmap: 36 18
bitmap: 34 20
bitmap: 14 16
bitmap: 14 44
bitmap: 36 20
bitmap: 36 20
bitmap: 38 20
bitmap: 38 18
bitmap: 34 20
bitmap: 36 20
bitmap: 36 20
bitmap: 14 42
bitmap: 36 22
bitmap: 16 30
bitmap: 16 34
bitmap: 12 16
bitmap: 16 32
bitmap: 16 16
bitmap: 14 32
bitmap: 38 22
bitmap: 16 12
bitmap: 36 20
bitmap: 38 22
bitmap: 38 22
bitmap: 36 20
bitmap: 16 16
bitmap: 36 20
bitmap: 14 34
bitmap: 36 20
bitmap: 16 14
bitmap: 14 20
bitmap: 14 18
bitmap: 14 32
bitmap: 14 32
bitmap: 18 48
bitmap: 36 56
bitmap: 36 20
bitmap: 14 18
bitmap: 16 16
bitmap: 16 34
bitmap: 18 16
bitmap: 38 22
bitmap: 14 36
bitmap: 34 20
bitmap: 14 16
bitmap: 36 22
bitmap: 34 22
bitmap: 36 24
bitmap: 14 20
bitmap: 34 20
bitmap: 38 22
bitmap: 16 42
bitmap: 16 18
bitmap: 14 18
bitmap: 36 20
bitmap: 36 22
bitmap: 20 34
bitmap: 16 16
bitmap: 36 20
bitmap: 36 18
bitmap: 14 38
bitmap: 34 20
bitmap: 36 18
bitmap: 12 34
bitmap: 36 24
bitmap: 14 18
bitmap: 16 16
bitmap: 36 24
bitmap: 12 34
bitmap: 12 14
bitmap: 44 22
bitmap: 16 34
bitmap: 18 14
bitmap: 36 20
bitmap: 34 20
bitmap: 14 34
bitmap: 14 16
bitmap: 16 32
bitmap: 36 22
bitmap: 14 34
bitmap: 14 20
bitmap: 16 34
bitmap: 36 22
bitmap: 16 32
bitmap: 36 20
bitmap: 36 20
bitmap: 38 20
bitmap: 14 18
bitmap: 36 24
bitmap: 16 16
bitmap: 36 26
bitmap: 36 20
bitmap: 16 18
bitmap: 38 18
bitmap: 18 16
