bitmap: 70 18
bitmap: 28 24
bitmap: 46 24
bitmap: 42 22
bitmap: 40 20
bitmap: 40 22
bitmap: 40 20
bitmap: 36 20
bitmap: 58 20
bitmap: 58 18
bitmap: 38 22
bitmap: 38 18
bitmap: 60 20
bitmap: 62 22
bitmap: 62 20
bitmap: 60 22
bitmap: 38 22
bitmap: 38 20
bitmap: 18 32
bitmap: 38 22
bitmap: 38 38
bitmap: 14 32
bitmap: 38 20
bitmap: 38 22
bitmap: 38 22
bitmap: 40 18
bitmap: 38 20
bitmap: 38 20
bitmap: 38 20
bitmap: 38 20
bitmap: 38 22
bitmap: 38 22
bitmap: 38 22
bitmap: 14 32
bitmap: 40 18
bitmap: 38 20
bitmap: 38 36
bitmap: 38 22
bitmap: 14 20
bitmap: 38 20
bitmap: 40 22
bitmap: 42 20
bitmap: 38 20
bitmap: 40 18
bitmap: 16 30
bitmap: 38 20
bitmap: 38 22
bitmap: 40 22
bitmap: 40 20
bitmap: 40 20
bitmap: 18 32
bitmap: 38 20
bitmap: 40 42
bitmap: 38 18
bitmap: 38 22
bitmap: 14 34
bitmap: 38 20
bitmap: 38 22
bitmap: 38 20
bitmap: 40 22
bitmap: 38 18
bitmap: 12 32
bitmap: 40 20
bitmap: 14 30
bitmap: 38 22
bitmap: 38 22
bitmap: 40 20
bitmap: 14 32
bitmap: 40 18
bitmap: 38 20
bitmap: 40 22
bitmap: 38 20
bitmap: 12 32
bitmap: 38 20
bitmap: 38 20
bitmap: 40 22
bitmap: 40 18
bitmap: 40 20
bitmap: 42 18
bitmap: 38 20
bitmap: 38 20
bitmap: 40 18
bitmap: 18 24
bitmap: 40 18
bitmap: 40 18
bitmap: 38 22
bitmap: 38 20
bitmap: 38 20
bitmap: 40 22
bitmap: 16 32
bitmap: 38 18
bitmap: 42 18
bitmap: 38 20
bitmap: 38 22
bitmap: 40 22
bitmap: 38 20
bitmap: 38 20
bitmap: 38 22
bitmap: 58 20
bitmap: 60 20
bitmap: 62 40
bitmap: 52 26
bitmap: 40 20
bitmap: 42 22
bitmap: 40 22
bitmap: 40 20
bitmap: 42 22
bitmap: 40 22
bitmap: 42 52
bitmap: 40 22
bitmap: 42 22
bitmap: 40 20
bitmap: 42 22
bitmap: 40 20
bitmap: 42 22
bitmap: 42 22
bitmap: 42 46
bitmap: 40 22
bitmap: 40 24
bitmap: 40 22
bitmap: 40 22
bitmap: 16 32
bitmap: 18 22
bitmap: 40 22
bitmap: 42 22
bitmap: 42 22
bitmap: 16 30
bitmap: 38 22
bitmap: 42 22
bitmap: 42 22
bitmap: 42 22
bitmap: 40 22
bitmap: 42 52
bitmap: 40 22
bitmap: 42 22
bitmap: 42 22
bitmap: 42 22
bitmap: 40 20
bitmap: 40 22
bitmap: 42 22
bitmap: 40 50
bitmap: 44 22
bitmap: 42 22
bitmap: 40 22
bitmap: 44 22
bitmap: 40 22
bitmap: 42 22
bitmap: 40 22
bitmap: 42 24
bitmap: 38 22
bitmap: 42 22
bitmap: 38 22
bitmap: 40 22
bitmap: 40 22
bitmap: 42 22
bitmap: 42 22
bitmap: 16 32
bitmap: 40 20
bitmap: 40 20
bitmap: 42 22
bitmap: 40 20
bitmap: 14 34
bitmap: 42 22
bitmap: 40 22
bitmap: 40 22
bitmap: 42 20
bitmap: 40 22
bitmap: 40 24
bitmap: 42 24
bitmap: 40 20
bitmap: 40 22
bitmap: 40 20
bitmap: 42 22
bitmap: 44 22
bitmap: 40 22
bitmap: 40 22
bitmap: 40 20
bitmap: 40 22
bitmap: 40 20
bitmap: 40 20
bitmap: 40 22
bitmap: 40 22
bitmap: 40 22
bitmap: 42 22
bitmap: 40 22
bitmap: 40 22
bitmap: 62 22
bitmap: 64 18
bitmap: 40 22
bitmap: 40 26
bitmap: 40 22
bitmap: 44 22
bitmap: 40 22
bitmap: 40 22
bitmap: 40 20
bitmap: 40 22
bitmap: 42 22
bitmap: 12 30
bitmap: 38 22
bitmap: 40 24
bitmap: 42 20
bitmap: 42 22
bitmap: 48 20
bitmap: 44 22
bitmap: 40 22
bitmap: 40 20
bitmap: 42 22
bitmap: 40 20
bitmap: 40 20
bitmap: 40 20
bitmap: 40 20
bitmap: 42 22
bitmap: 40 20
bitmap: 42 22
bitmap: 40 20
bitmap: 42 22
bitmap: 40 20
bitmap: 42 22
bitmap: 40 22
bitmap: 42 22
bitmap: 40 22
bitmap: 42 24
bitmap: 40 20
bitmap: 18 32
bitmap: 40 22
bitmap: 40 22
bitmap: 40 22
bitmap: 42 20
bitmap: 42 22
bitmap: 42 22
bitmap: 42 24
bitmap: 40 22
bitmap: 40 22
bitmap: 40 22
bitmap: 40 22
bitmap: 42 22
bitmap: 40 20
bitmap: 40 22
bitmap: 42 22
bitmap: 40 22
bitmap: 40 20
bitmap: 40 22
bitmap: 42 22
bitmap: 42 22
bitmap: 40 20
bitmap: 42 24
bitmap: 40 22
bitmap: 40 22
bitmap: 40 22
bitmap: 40 20
bitmap: 42 22
bitmap: 42 22
bitmap: 42 22
bitmap: 42 20
bitmap: 40 20
bitmap: 40 22
bitmap: 40 22
bitmap: 40 22
bitmap: 40 22
bitmap: 42 22
bitmap: 42 22
bitmap: 40 22
bitmap: 42 22
bitmap: 42 22
bitmap: 14 32
bitmap: 40 22
bitmap: 42 20
bitmap: 40 22
bitmap: 38 22
bitmap: 14 30
bitmap: 40 22
bitmap: 42 22
bitmap: 40 22
bitmap: 40 20
bitmap: 62 22
bitmap: 40 20
bitmap: 40 22
bitmap: 40 24
bitmap: 40 24
bitmap: 40 24
bitmap: 40 22
bitmap: 42 22
bitmap: 42 20
bitmap: 44 22
bitmap: 16 30
bitmap: 40 20
bitmap: 64 22
bitmap: 16 30
bitmap: 40 22
bitmap: 40 28
bitmap: 42 22
bitmap: 40 22
bitmap: 40 22
bitmap: 40 22
bitmap: 42 22
bitmap: 42 22
bitmap: 42 22
bitmap: 40 22
bitmap: 42 22
bitmap: 40 22
bitmap: 22 20
bitmap: 42 24
bitmap: 40 24
bitmap: 42 24
bitmap: 40 22
bitmap: 40 22
bitmap: 40 24
bitmap: 40 22
bitmap: 42 24
bitmap: 42 22
bitmap: 40 22
bitmap: 40 22
bitmap: 40 24
bitmap: 42 24
bitmap: 42 22
bitmap: 42 24
bitmap: 40 20
bitmap: 40 20
bitmap: 42 22
bitmap: 42 20
bitmap: 42 22
bitmap: 40 22
bitmap: 40 20
bitmap: 40 20
bitmap: 42 22
bitmap: 40 22
bitmap: 42 24
bitmap: 40 22
bitmap: 42 22
bitmap: 40 22
bitmap: 40 22
bitmap: 42 22
bitmap: 40 20
bitmap: 42 22
bitmap: 40 20
bitmap: 16 30
bitmap: 42 22
bitmap: 40 22
bitmap: 42 22
bitmap: 40 20
bitmap: 40 20
bitmap: 42 22
bitmap: 38 24
bitmap: 40 22
bitmap: 42 22
bitmap: 14 32
bitmap: 40 22
bitmap: 42 24
bitmap: 40 20
bitmap: 44 22
bitmap: 42 22
bitmap: 40 20
bitmap: 42 22
bitmap: 40 22
bitmap: 42 24
bitmap: 40 22
bitmap: 40 22
bitmap: 40 20
bitmap: 42 22
bitmap: 40 22
bitmap: 16 32
bitmap: 40 20
bitmap: 40 22
bitmap: 42 22
bitmap: 40 20
bitmap: 40 22
bitmap: 40 20
bitmap: 64 22
bitmap: 42 22
bitmap: 40 20
bitmap: 16 30
bitmap: 42 22
bitmap: 40 22
bitmap: 40 20
bitmap: 40 22
bitmap: 42 22
bitmap: 40 22
bitmap: 44 22
bitmap: 40 20
bitmap: 42 22
bitmap: 16 40
bitmap: 40 22
bitmap: 40 20
bitmap: 42 22
bitmap: 40 20
bitmap: 40 22
bitmap: 40 20
bitmap: 40 22
bitmap: 42 22
bitmap: 42 30
bitmap: 42 22
bitmap: 42 22
bitmap: 40 20
bitmap: 40 22
bitmap: 40 20
bitmap: 40 24
bitmap: 42 22
bitmap: 40 22
bitmap: 40 22
bitmap: 38 24
bitmap: 40 22
bitmap: 42 22
bitmap: 42 22
bitmap: 40 22
bitmap: 40 20
bitmap: 44 22
bitmap: 18 32
bitmap: 42 22
bitmap: 40 22
bitmap: 40 20
bitmap: 40 20
bitmap: 14 30
bitmap: 40 20
bitmap: 42 22
bitmap: 42 22
bitmap: 40 22
bitmap: 42 20
bitmap: 40 22
bitmap: 42 22
bitmap: 40 20
bitmap: 42 22
bitmap: 42 20
bitmap: 42 22
bitmap: 40 20
bitmap: 42 22
bitmap: 42 22
bitmap: 40 20
bitmap: 40 20
bitmap: 40 22
bitmap: 42 22
bitmap: 42 24
bitmap: 42 22
bitmap: 40 20
bitmap: 40 22
bitmap: 42 22
bitmap: 40 24
bitmap: 40 20
bitmap: 62 22
bitmap: 42 22
bitmap: 44 22
bitmap: 44 24
bitmap: 42 22
bitmap: 40 22
bitmap: 42 22
bitmap: 42 22
bitmap: 42 22
bitmap: 40 22
bitmap: 16 30
bitmap: 40 22
bitmap: 42 22
bitmap: 40 24
bitmap: 42 22
bitmap: 16 30
bitmap: 40 22
bitmap: 40 22
bitmap: 40 20
bitmap: 40 24
bitmap: 16 30
bitmap: 42 22
bitmap: 40 22
bitmap: 42 22
bitmap: 40 24
bitmap: 40 22
bitmap: 40 22
bitmap: 42 22
bitmap: 40 22
bitmap: 40 22
bitmap: 12 30
bitmap: 38 24
bitmap: 40 22
bitmap: 40 22
bitmap: 42 24
bitmap: 40 22
bitmap: 40 22
bitmap: 40 20
bitmap: 40 22
bitmap: 42 24
bitmap: 40 24
bitmap: 40 22
bitmap: 40 20
bitmap: 42 22
bitmap: 42 22
bitmap: 40 22
bitmap: 40 22
bitmap: 42 22
bitmap: 42 22
bitmap: 42 22
bitmap: 40 20
bitmap: 40 22
bitmap: 44 26
bitmap: 42 22
bitmap: 42 24
bitmap: 18 16
bitmap: 42 24
bitmap: 40 24
bitmap: 40 24
bitmap: 40 24
bitmap: 40 24
bitmap: 40 24
bitmap: 40 22
bitmap: 42 22
bitmap: 40 22
bitmap: 40 20
bitmap: 40 24
bitmap: 42 24
bitmap: 42 24
bitmap: 42 22
bitmap: 40 20
bitmap: 16 40
bitmap: 40 20
bitmap: 40 22
bitmap: 40 22
bitmap: 42 22
bitmap: 42 22
bitmap: 40 22
bitmap: 42 22
bitmap: 40 20
bitmap: 40 22
bitmap: 16 32
bitmap: 42 22
bitmap: 40 20
bitmap: 40 22
bitmap: 40 22
bitmap: 40 22
bitmap: 40 22
bitmap: 40 22
bitmap: 40 22
bitmap: 42 22
bitmap: 38 22
bitmap: 40 22
bitmap: 38 22
bitmap: 40 22
bitmap: 42 52
bitmap: 40 22
bitmap: 42 22
bitmap: 40 20
bitmap: 42 22
bitmap: 40 22
bitmap: 42 20
bitmap: 42 22
bitmap: 40 20
bitmap: 40 20
bitmap: 40 22
bitmap: 40 20
bitmap: 40 22
bitmap: 40 20
bitmap: 42 22
bitmap: 40 20
bitmap: 16 32
bitmap: 40 20
bitmap: 40 22
bitmap: 42 22
bitmap: 40 22
bitmap: 38 22
bitmap: 42 22
bitmap: 40 24
bitmap: 40 22
bitmap: 40 20
bitmap: 40 22
bitmap: 42 22
bitmap: 42 22
bitmap: 42 22
bitmap: 40 22
bitmap: 40 22
bitmap: 40 22
bitmap: 40 22
bitmap: 42 22
bitmap: 40 22
bitmap: 40 22
bitmap: 16 30
bitmap: 42 22
bitmap: 38 22
bitmap: 40 20
bitmap: 40 20
bitmap: 42 22
bitmap: 40 22
bitmap: 42 22
bitmap: 42 22
bitmap: 44 22
bitmap: 40 22
bitmap: 40 22
bitmap: 40 22
bitmap: 42 22
bitmap: 40 20
bitmap: 14 32
bitmap: 40 22
bitmap: 40 22
bitmap: 42 22
bitmap: 40 48
bitmap: 42 26
bitmap: 40 22
bitmap: 40 20
bitmap: 42 22
bitmap: 42 22
bitmap: 40 22
bitmap: 42 22
bitmap: 40 22
bitmap: 42 22
bitmap: 40 22
bitmap: 14 32
bitmap: 40 20
bitmap: 40 22
bitmap: 18 32
bitmap: 40 22
bitmap: 40 54
bitmap: 40 22
bitmap: 40 24
bitmap: 64 20
bitmap: 40 22
bitmap: 42 22
bitmap: 42 22
bitmap: 40 24
bitmap: 42 46
bitmap: 42 34
bitmap: 42 22
bitmap: 40 20
bitmap: 42 22
bitmap: 42 64
bitmap: 42 22
bitmap: 42 22
bitmap: 42 44
bitmap: 40 22
bitmap: 40 22
bitmap: 40 26
bitmap: 40 20
bitmap: 42 22
bitmap: 42 22
bitmap: 42 22
bitmap: 40 42
bitmap: 38 22
bitmap: 42 22
bitmap: 40 20
bitmap: 40 22
bitmap: 40 20
bitmap: 42 22
bitmap: 40 22
bitmap: 40 20
bitmap: 42 22
bitmap: 42 22
bitmap: 18 32
bitmap: 40 20
bitmap: 40 22
bitmap: 40 22
bitmap: 42 22
bitmap: 42 22
bitmap: 42 22
bitmap: 40 22
bitmap: 40 22
bitmap: 38 22
bitmap: 42 22
bitmap: 42 22
bitmap: 42 22
bitmap: 34 20
bitmap: 16 32
bitmap: 40 20
bitmap: 40 22
bitmap: 40 20
bitmap: 42 22
bitmap: 40 22
bitmap: 42 22
bitmap: 60 22
bitmap: 40 20
bitmap: 20 18
bitmap: 40 22
bitmap: 42 22
bitmap: 40 24
bitmap: 40 24
bitmap: 40 24
bitmap: 42 22
bitmap: 42 22
bitmap: 16 32
bitmap: 38 22
bitmap: 40 22
bitmap: 42 22
bitmap: 40 22
bitmap: 40 20
bitmap: 58 22
bitmap: 40 20
bitmap: 40 20
bitmap: 42 22
bitmap: 42 22
bitmap: 42 22
bitmap: 40 24
bitmap: 42 22
bitmap: 40 20
bitmap: 40 22
bitmap: 40 22
bitmap: 42 22
bitmap: 40 22
bitmap: 42 26
bitmap: 16 32
bitmap: 42 24
bitmap: 40 24
bitmap: 40 24
bitmap: 42 24
bitmap: 42 24
bitmap: 44 24
bitmap: 42 20
bitmap: 42 22
bitmap: 40 24
bitmap: 40 22
bitmap: 14 32
bitmap: 42 22
bitmap: 40 22
bitmap: 40 24
bitmap: 40 24
bitmap: 16 30
bitmap: 44 24
bitmap: 42 22
bitmap: 40 24
bitmap: 40 20
bitmap: 14 30
bitmap: 40 22
bitmap: 42 22
bitmap: 40 20
bitmap: 42 22
bitmap: 42 22
bitmap: 40 22
bitmap: 42 22
bitmap: 40 22
bitmap: 40 20
bitmap: 16 32
bitmap: 40 22
bitmap: 42 24
bitmap: 40 22
bitmap: 42 22
bitmap: 16 32
bitmap: 40 24
bitmap: 40 22
bitmap: 40 24
bitmap: 40 20
bitmap: 14 32
bitmap: 40 24
bitmap: 40 20
bitmap: 40 22
bitmap: 38 24
bitmap: 42 22
bitmap: 40 24
bitmap: 40 22
bitmap: 40 22
bitmap: 40 20
bitmap: 40 22
bitmap: 40 24
bitmap: 42 24
bitmap: 40 24
bitmap: 40 24
bitmap: 16 32
bitmap: 42 22
bitmap: 42 22
bitmap: 42 22
bitmap: 40 24
bitmap: 42 24
bitmap: 42 24
bitmap: 42 22
bitmap: 40 20
bitmap: 42 22
bitmap: 16 32
bitmap: 40 20
bitmap: 42 22
bitmap: 42 22
bitmap: 42 22
bitmap: 42 22
bitmap: 40 20
bitmap: 40 22
bitmap: 42 22
bitmap: 42 20
bitmap: 16 30
bitmap: 42 22
bitmap: 40 22
bitmap: 40 20
bitmap: 42 22
bitmap: 40 22
bitmap: 42 22
bitmap: 40 22
bitmap: 40 22
bitmap: 40 22
bitmap: 40 22
bitmap: 42 22
bitmap: 40 22
bitmap: 42 22
bitmap: 40 22
bitmap: 40 20
bitmap: 40 20
bitmap: 40 20
bitmap: 40 22
bitmap: 42 22
bitmap: 38 22
bitmap: 42 22
bitmap: 44 22
bitmap: 42 28
bitmap: 40 20
bitmap: 42 22
bitmap: 16 32
bitmap: 40 20
bitmap: 40 24
bitmap: 40 22
bitmap: 40 22
bitmap: 16 30
bitmap: 42 22
bitmap: 42 20
bitmap: 42 22
bitmap: 40 20
bitmap: 40 22
bitmap: 40 22
bitmap: 40 20
bitmap: 40 22
bitmap: 40 22
bitmap: 14 32
bitmap: 42 22
bitmap: 40 22
bitmap: 42 22
bitmap: 40 20
bitmap: 40 42
bitmap: 40 22
bitmap: 42 24
bitmap: 44 24
bitmap: 42 24
bitmap: 40 22
bitmap: 42 24
bitmap: 40 20
bitmap: 40 42
bitmap: 42 20
bitmap: 40 22
bitmap: 42 22
bitmap: 40 22
bitmap: 40 24
bitmap: 40 20
bitmap: 42 22
bitmap: 14 44
bitmap: 40 24
bitmap: 40 22
bitmap: 14 32
bitmap: 40 22
bitmap: 40 22
bitmap: 42 22
bitmap: 40 22
bitmap: 40 20
bitmap: 40 20
bitmap: 42 22
bitmap: 42 24
bitmap: 38 22
bitmap: 42 20
bitmap: 40 22
bitmap: 16 32
bitmap: 40 42
bitmap: 40 22
bitmap: 40 22
bitmap: 40 22
bitmap: 42 20
bitmap: 42 22
bitmap: 40 20
bitmap: 42 20
bitmap: 40 22
bitmap: 42 22
bitmap: 40 22
bitmap: 40 20
bitmap: 42 22
bitmap: 42 22
bitmap: 42 22
bitmap: 40 24
bitmap: 40 20
bitmap: 42 22
bitmap: 40 22
bitmap: 20 16
bitmap: 42 22
bitmap: 40 22
bitmap: 40 22
bitmap: 40 20
bitmap: 42 20
bitmap: 40 22
bitmap: 40 22
bitmap: 40 22
bitmap: 42 22
bitmap: 40 22
bitmap: 40 24
bitmap: 42 22
bitmap: 40 20
bitmap: 40 22
bitmap: 42 22
bitmap: 40 22
bitmap: 40 24
bitmap: 44 24
bitmap: 42 20
bitmap: 42 22
bitmap: 42 22
bitmap: 40 20
bitmap: 40 22
bitmap: 40 20
bitmap: 14 32
bitmap: 42 26
bitmap: 44 22
bitmap: 40 22
bitmap: 40 44
bitmap: 40 22
bitmap: 42 22
bitmap: 42 22
bitmap: 42 22
bitmap: 40 20
bitmap: 38 22
bitmap: 18 32
bitmap: 38 22
bitmap: 42 22
bitmap: 42 22
bitmap: 44 22
bitmap: 44 22
bitmap: 42 22
bitmap: 40 22
bitmap: 40 22
bitmap: 40 22
bitmap: 40 22
bitmap: 42 22
bitmap: 40 20
bitmap: 40 22
bitmap: 42 22
bitmap: 42 22
bitmap: 40 22
bitmap: 40 22
bitmap: 42 22
bitmap: 42 22
bitmap: 14 32
bitmap: 40 22
bitmap: 42 22
bitmap: 44 22
bitmap: 42 22
bitmap: 42 22
bitmap: 42 22
bitmap: 40 22
bitmap: 18 30
bitmap: 40 20
bitmap: 16 30
bitmap: 40 22
bitmap: 44 22
bitmap: 40 20
bitmap: 40 22
bitmap: 40 22
bitmap: 42 22
bitmap: 42 22
bitmap: 40 22
bitmap: 40 22
bitmap: 42 22
bitmap: 40 22
bitmap: 42 22
bitmap: 42 22
bitmap: 40 22
bitmap: 40 22
bitmap: 40 20
bitmap: 42 22
bitmap: 40 22
bitmap: 40 22
bitmap: 40 20
bitmap: 40 22
bitmap: 40 22
bitmap: 40 20
bitmap: 42 22
bitmap: 14 30
bitmap: 40 22
bitmap: 40 22
bitmap: 42 22
bitmap: 42 22
bitmap: 36 44
bitmap: 40 22
bitmap: 40 22
bitmap: 42 22
bitmap: 40 22
bitmap: 16 16
bitmap: 40 24
bitmap: 40 22
bitmap: 40 20
bitmap: 42 22
bitmap: 14 18
bitmap: 42 22
bitmap: 42 24
bitmap: 42 22
bitmap: 42 24
bitmap: 16 20
bitmap: 40 22
bitmap: 40 24
bitmap: 42 24
bitmap: 40 22
bitmap: 40 22
bitmap: 14 32
bitmap: 40 22
bitmap: 40 22
bitmap: 40 24
bitmap: 44 22
bitmap: 40 22
bitmap: 40 20
bitmap: 42 22
bitmap: 40 20
bitmap: 42 26
bitmap: 14 18
bitmap: 40 20
bitmap: 40 22
bitmap: 40 22
bitmap: 40 22
bitmap: 42 22
bitmap: 38 22
bitmap: 42 22
bitmap: 40 20
bitmap: 40 24
