bitmap: 68 68
bitmap: 20 20
bitmap: 54 24
bitmap: 46 24
bitmap: 40 20
bitmap: 38 20
bitmap: 36 20
bitmap: 14 32
bitmap: 36 20
bitmap: 16 14
bitmap: 36 20
bitmap: 14 20
bitmap: 36 20
bitmap: 18 18
bitmap: 38 20
bitmap: 18 20
bitmap: 14 18
bitmap: 12 30
bitmap: 14 18
bitmap: 14 16
bitmap: 34 44
bitmap: 34 20
bitmap: 36 20
bitmap: 14 18
bitmap: 16 18
bitmap: 36 20
bitmap: 14 20
bitmap: 36 18
bitmap: 14 38
bitmap: 40 18
bitmap: 36 24
bitmap: 38 22
bitmap: 16 16
bitmap: 36 20
bitmap: 36 22
bitmap: 14 36
bitmap: 36 42
bitmap: 36 20
bitmap: 34 24
bitmap: 36 20
bitmap: 36 20
bitmap: 16 50
bitmap: 36 22
bitmap: 36 20
bitmap: 60 22
bitmap: 34 20
bitmap: 14 18
bitmap: 16 18
bitmap: 34 22
bitmap: 38 20
bitmap: 26 24
bitmap: 16 16
bitmap: 36 20
bitmap: 36 20
bitmap: 18 20
bitmap: 36 20
bitmap: 14 16
bitmap: 34 20
bitmap: 16 16
bitmap: 38 20
bitmap: 36 20
bitmap: 36 20
bitmap: 38 22
bitmap: 16 16
bitmap: 16 32
bitmap: 36 20
bitmap: 14 32
bitmap: 36 20
bitmap: 14 36
bitmap: 36 18
bitmap: 36 20
bitmap: 34 20
bitmap: 58 24
bitmap: 34 20
bitmap: 14 22
bitmap: 38 22
bitmap: 36 24
bitmap: 14 18
bitmap: 38 18
bitmap: 36 20
bitmap: 14 22
bitmap: 14 32
bitmap: 36 24
bitmap: 36 20
bitmap: 14 16
bitmap: 14 20
bitmap: 38 20
bitmap: 38 18
bitmap: 16 34
bitmap: 36 20
bitmap: 36 22
bitmap: 16 32
bitmap: 34 24
bitmap: 14 36
bitmap: 36 22
bitmap: 38 20
bitmap: 14 18
bitmap: 16 18
bitmap: 36 20
bitmap: 14 18
bitmap: 38 22
bitmap: 16 32
bitmap: 36 20
bitmap: 16 30
bitmap: 16 16
bitmap: 36 20
bitmap: 36 22
bitmap: 36 20
bitmap: 36 18
bitmap: 14 16
bitmap: 36 22
bitmap: 34 20
bitmap: 34 22
bitmap: 14 32
bitmap: 14 16
bitmap: 14 32
bitmap: 16 32
bitmap: 16 14
bitmap: 12 34
bitmap: 36 22
bitmap: 34 22
bitmap: 36 18
bitmap: 16 32
bitmap: 14 22
bitmap: 16 32
bitmap: 14 18
bitmap: 16 34
bitmap: 36 24
bitmap: 14 32
bitmap: 36 20
bitmap: 38 18
bitmap: 36 24
bitmap: 16 18
bitmap: 14 16
bitmap: 36 20
bitmap: 38 22
bitmap: 12 18
bitmap: 34 22
bitmap: 38 22
bitmap: 34 20
bitmap: 16 22
bitmap: 16 20
bitmap: 42 24
bitmap: 72 20
bitmap: 14 30
bitmap: 64 26
bitmap: 24 16
bitmap: 14 36
bitmap: 38 20
bitmap: 36 20
bitmap: 14 16
bitmap: 16 20
bitmap: 16 34
bitmap: 36 20
bitmap: 16 14
bitmap: 16 34
bitmap: 14 36
bitmap: 14 22
bitmap: 16 32
bitmap: 36 20
bitmap: 34 24
bitmap: 36 20
bitmap: 36 20
bitmap: 14 16
bitmap: 18 16
bitmap: 36 20
bitmap: 14 32
bitmap: 36 18
bitmap: 36 20
bitmap: 14 18
bitmap: 36 20
bitmap: 36 18
bitmap: 36 42
bitmap: 50 20
bitmap: 36 20
bitmap: 14 18
bitmap: 36 20
bitmap: 16 16
bitmap: 14 14
bitmap: 38 22
bitmap: 36 20
bitmap: 36 20
bitmap: 14 34
bitmap: 16 32
bitmap: 16 18
bitmap: 34 24
bitmap: 60 22
bitmap: 16 18
bitmap: 14 42
bitmap: 14 20
bitmap: 38 18
bitmap: 36 22
bitmap: 14 32
bitmap: 16 18
bitmap: 16 32
bitmap: 36 24
bitmap: 18 18
bitmap: 36 24
bitmap: 36 20
bitmap: 34 20
bitmap: 14 16
bitmap: 36 20
bitmap: 34 20
bitmap: 36 22
bitmap: 36 22
bitmap: 38 18
bitmap: 38 22
bitmap: 16 16
bitmap: 16 14
bitmap: 36 24
bitmap: 38 22
bitmap: 40 20
bitmap: 36 20
bitmap: 16 20
bitmap: 16 16
bitmap: 16 18
bitmap: 14 16
bitmap: 36 20
bitmap: 14 16
bitmap: 38 20
bitmap: 34 22
bitmap: 38 22
bitmap: 14 18
bitmap: 20 22
bitmap: 36 24
bitmap: 36 20
bitmap: 34 22
bitmap: 36 24
bitmap: 40 48
bitmap: 16 14
bitmap: 14 16
bitmap: 14 32
bitmap: 42 22
bitmap: 36 20
bitmap: 14 18
bitmap: 14 18
bitmap: 36 42
bitmap: 14 34
bitmap: 34 22
bitmap: 36 20
bitmap: 36 18
bitmap: 34 20
bitmap: 16 18
bitmap: 36 22
bitmap: 42 52
bitmap: 50 24
bitmap: 36 26
bitmap: 36 20
bitmap: 16 52
bitmap: 36 20
bitmap: 36 24
bitmap: 36 22
bitmap: 36 22
bitmap: 40 22
bitmap: 36 24
bitmap: 36 22
bitmap: 14 32
bitmap: 38 22
bitmap: 36 20
bitmap: 36 20
bitmap: 36 40
bitmap: 36 20
bitmap: 36 20
bitmap: 38 20
bitmap: 36 20
bitmap: 14 20
bitmap: 36 20
bitmap: 36 20
bitmap: 36 22
bitmap: 16 22
bitmap: 14 20
bitmap: 14 22
bitmap: 34 22
bitmap: 36 22
bitmap: 14 22
bitmap: 38 20
bitmap: 14 42
bitmap: 14 38
bitmap: 14 18
bitmap: 14 16
bitmap: 12 16
bitmap: 36 20
bitmap: 18 16
bitmap: 36 22
bitmap: 38 22
bitmap: 16 30
bitmap: 16 36
bitmap: 34 24
bitmap: 36 20
bitmap: 12 34
bitmap: 16 36
bitmap: 34 20
bitmap: 16 16
bitmap: 14 20
bitmap: 14 18
bitmap: 36 20
bitmap: 36 20
bitmap: 16 36
bitmap: 36 20
bitmap: 16 32
bitmap: 16 18
bitmap: 16 34
bitmap: 38 24
bitmap: 14 36
bitmap: 34 20
bitmap: 16 16
bitmap: 36 22
bitmap: 14 18
bitmap: 36 48
bitmap: 16 50
bitmap: 34 20
bitmap: 36 20
bitmap: 36 24
bitmap: 14 14
bitmap: 14 16
bitmap: 14 32
bitmap: 50 20
bitmap: 34 20
bitmap: 36 18
bitmap: 36 22
bitmap: 38 20
bitmap: 36 20
bitmap: 44 20
bitmap: 36 24
bitmap: 14 32
bitmap: 14 32
bitmap: 14 20
bitmap: 36 20
bitmap: 36 24
bitmap: 14 14
bitmap: 14 36
bitmap: 38 20
bitmap: 36 22
bitmap: 16 18
bitmap: 16 16
bitmap: 36 20
bitmap: 36 24
bitmap: 14 18
bitmap: 14 36
bitmap: 34 20
bitmap: 16 16
bitmap: 34 20
bitmap: 14 32
bitmap: 36 20
bitmap: 36 20
bitmap: 36 20
bitmap: 36 18
bitmap: 36 20
bitmap: 36 20
bitmap: 16 16
bitmap: 36 18
bitmap: 38 22
bitmap: 16 32
bitmap: 14 34
bitmap: 36 20
bitmap: 38 24
bitmap: 36 22
bitmap: 36 22
bitmap: 12 20
bitmap: 16 32
bitmap: 14 32
bitmap: 36 20
bitmap: 16 30
bitmap: 36 24
bitmap: 16 16
bitmap: 16 52
bitmap: 36 20
bitmap: 36 20
bitmap: 36 20
bitmap: 34 22
bitmap: 14 32
bitmap: 14 18
bitmap: 14 18
bitmap: 36 20
bitmap: 16 32
bitmap: 36 24
bitmap: 16 32
bitmap: 36 22
bitmap: 16 34
bitmap: 16 32
bitmap: 16 16
bitmap: 14 32
bitmap: 36 20
bitmap: 36 22
bitmap: 14 30
bitmap: 36 24
bitmap: 16 18
bitmap: 36 24
bitmap: 14 18
bitmap: 16 18
bitmap: 16 32
bitmap: 36 24
bitmap: 38 18
bitmap: 14 32
bitmap: 16 18
bitmap: 36 18
bitmap: 36 18
bitmap: 36 20
bitmap: 14 30
bitmap: 36 22
bitmap: 40 18
bitmap: 36 18
bitmap: 14 22
bitmap: 14 18
bitmap: 36 24
bitmap: 36 18
bitmap: 14 18
bitmap: 36 20
bitmap: 16 18
bitmap: 16 36
bitmap: 34 24
bitmap: 34 20
bitmap: 14 18
bitmap: 16 22
bitmap: 38 24
bitmap: 36 20
bitmap: 16 16
bitmap: 36 20
bitmap: 36 24
bitmap: 36 20
bitmap: 36 20
bitmap: 36 22
bitmap: 16 18
bitmap: 36 20
bitmap: 16 50
bitmap: 36 18
bitmap: 34 24
bitmap: 16 14
bitmap: 16 14
bitmap: 16 32
bitmap: 36 20
bitmap: 36 20
bitmap: 14 36
bitmap: 36 20
bitmap: 38 20
bitmap: 16 16
bitmap: 36 24
bitmap: 36 18
bitmap: 36 20
bitmap: 16 16
bitmap: 14 18
bitmap: 34 20
bitmap: 38 20
bitmap: 16 16
bitmap: 16 18
bitmap: 14 32
bitmap: 36 22
bitmap: 36 20
bitmap: 64 24
bitmap: 36 20
bitmap: 16 32
bitmap: 36 20
bitmap: 36 20
bitmap: 34 22
bitmap: 14 18
bitmap: 16 24
bitmap: 38 20
bitmap: 36 22
bitmap: 14 20
bitmap: 36 22
bitmap: 36 42
bitmap: 36 18
bitmap: 36 22
bitmap: 38 18
bitmap: 16 18
bitmap: 16 36
bitmap: 12 16
bitmap: 14 32
bitmap: 14 44
bitmap: 38 24
bitmap: 14 18
bitmap: 16 14
bitmap: 36 20
bitmap: 14 36
bitmap: 16 32
bitmap: 36 20
bitmap: 14 44
bitmap: 14 16
bitmap: 16 32
bitmap: 14 32
bitmap: 36 22
bitmap: 16 20
bitmap: 36 24
bitmap: 16 20
bitmap: 36 46
bitmap: 16 16
bitmap: 14 16
bitmap: 36 20
bitmap: 42 20
bitmap: 34 20
bitmap: 14 18
bitmap: 14 18
bitmap: 36 46
bitmap: 36 34
bitmap: 36 20
bitmap: 36 20
bitmap: 36 20
bitmap: 36 24
bitmap: 14 18
bitmap: 36 24
bitmap: 36 38
bitmap: 38 22
bitmap: 18 18
bitmap: 16 52
bitmap: 36 20
bitmap: 38 20
bitmap: 14 22
bitmap: 36 22
bitmap: 14 34
bitmap: 36 20
bitmap: 14 34
bitmap: 36 20
bitmap: 36 24
bitmap: 16 20
bitmap: 16 16
bitmap: 36 20
bitmap: 40 18
bitmap: 12 16
bitmap: 36 20
bitmap: 16 16
bitmap: 16 18
bitmap: 36 20
bitmap: 14 16
bitmap: 14 18
bitmap: 38 24
bitmap: 16 16
bitmap: 50 20
bitmap: 36 20
bitmap: 36 18
bitmap: 16 14
bitmap: 36 20
bitmap: 14 32
bitmap: 34 22
bitmap: 36 20
bitmap: 34 22
bitmap: 14 16
bitmap: 36 24
bitmap: 36 20
bitmap: 36 22
bitmap: 36 20
bitmap: 36 18
bitmap: 36 20
bitmap: 14 18
bitmap: 36 22
bitmap: 18 18
bitmap: 34 22
bitmap: 14 18
bitmap: 14 16
bitmap: 36 20
bitmap: 16 34
bitmap: 16 18
bitmap: 16 16
bitmap: 14 18
bitmap: 36 24
bitmap: 14 32
bitmap: 14 14
bitmap: 34 20
bitmap: 36 18
bitmap: 34 22
bitmap: 16 36
bitmap: 16 32
bitmap: 14 30
bitmap: 14 20
bitmap: 36 20
bitmap: 36 20
bitmap: 16 36
bitmap: 36 20
bitmap: 36 22
bitmap: 34 22
bitmap: 36 22
bitmap: 14 18
bitmap: 38 20
bitmap: 16 16
bitmap: 36 22
bitmap: 36 20
bitmap: 36 22
bitmap: 36 18
bitmap: 16 32
bitmap: 14 18
bitmap: 36 20
bitmap: 36 20
bitmap: 16 16
bitmap: 34 22
bitmap: 36 22
bitmap: 36 24
bitmap: 34 22
bitmap: 14 36
bitmap: 34 24
bitmap: 38 18
bitmap: 16 32
bitmap: 36 22
bitmap: 36 24
bitmap: 16 18
bitmap: 36 20
bitmap: 34 24
bitmap: 36 20
bitmap: 16 16
bitmap: 34 20
bitmap: 16 18
bitmap: 16 18
bitmap: 16 18
bitmap: 36 22
bitmap: 16 20
bitmap: 36 20
bitmap: 12 38
bitmap: 16 22
bitmap: 50 22
bitmap: 50 22
bitmap: 38 20
bitmap: 38 22
bitmap: 16 36
bitmap: 38 22
bitmap: 38 20
bitmap: 38 24
bitmap: 38 22
bitmap: 36 24
bitmap: 14 32
bitmap: 40 22
bitmap: 14 34
bitmap: 14 34
bitmap: 14 36
bitmap: 12 34
bitmap: 40 22
bitmap: 40 24
bitmap: 38 22
bitmap: 16 34
bitmap: 14 36
bitmap: 40 22
bitmap: 14 36
bitmap: 36 22
bitmap: 16 38
bitmap: 14 32
bitmap: 36 24
bitmap: 14 18
bitmap: 38 24
bitmap: 36 22
bitmap: 14 36
bitmap: 36 22
bitmap: 36 22
bitmap: 40 22
bitmap: 16 34
bitmap: 16 36
bitmap: 38 20
bitmap: 36 22
bitmap: 38 22
bitmap: 14 36
bitmap: 36 22
bitmap: 16 32
bitmap: 14 34
bitmap: 40 22
bitmap: 36 24
bitmap: 14 32
bitmap: 38 20
bitmap: 14 32
bitmap: 14 34
bitmap: 14 32
bitmap: 38 20
bitmap: 16 34
bitmap: 14 34
bitmap: 38 22
bitmap: 16 34
bitmap: 38 22
bitmap: 14 20
bitmap: 14 32
bitmap: 16 30
bitmap: 38 22
bitmap: 18 30
bitmap: 36 20
bitmap: 36 22
bitmap: 38 22
bitmap: 36 24
bitmap: 18 18
bitmap: 38 22
bitmap: 38 20
bitmap: 38 22
bitmap: 38 22
bitmap: 16 36
bitmap: 38 22
bitmap: 16 36
bitmap: 38 22
bitmap: 18 36
bitmap: 38 22
bitmap: 38 24
bitmap: 40 22
bitmap: 16 38
bitmap: 40 22
bitmap: 36 22
bitmap: 16 36
bitmap: 16 32
bitmap: 14 36
bitmap: 14 36
bitmap: 38 22
bitmap: 14 32
bitmap: 14 18
bitmap: 14 38
bitmap: 38 22
bitmap: 38 20
bitmap: 16 32
bitmap: 16 18
bitmap: 14 38
bitmap: 38 46
bitmap: 38 24
bitmap: 38 22
bitmap: 14 32
bitmap: 12 36
bitmap: 38 22
bitmap: 36 24
bitmap: 14 32
bitmap: 16 46
bitmap: 40 20
bitmap: 36 24
bitmap: 14 38
bitmap: 38 22
bitmap: 38 22
bitmap: 14 32
bitmap: 16 32
bitmap: 14 54
bitmap: 36 24
bitmap: 38 24
bitmap: 38 24
bitmap: 38 20
bitmap: 16 34
bitmap: 16 34
bitmap: 14 30
bitmap: 14 50
bitmap: 38 20
bitmap: 38 22
bitmap: 36 22
bitmap: 16 30
bitmap: 38 22
bitmap: 14 34
bitmap: 14 32
bitmap: 36 24
bitmap: 38 22
bitmap: 16 20
bitmap: 38 22
bitmap: 38 50
bitmap: 14 38
bitmap: 16 36
bitmap: 16 34
bitmap: 38 44
bitmap: 18 18
bitmap: 36 22
bitmap: 14 36
bitmap: 16 38
bitmap: 18 18
bitmap: 38 22
bitmap: 38 22
bitmap: 36 24
bitmap: 38 22
bitmap: 38 22
bitmap: 38 22
bitmap: 14 30
bitmap: 48 20
bitmap: 36 22
bitmap: 40 22
bitmap: 38 48
bitmap: 36 24
bitmap: 38 22
bitmap: 16 32
bitmap: 14 34
bitmap: 38 22
bitmap: 16 30
bitmap: 14 80
bitmap: 36 42
bitmap: 36 22
bitmap: 36 24
bitmap: 38 22
bitmap: 38 24
bitmap: 16 36
bitmap: 60 22
bitmap: 36 24
bitmap: 16 48
bitmap: 36 20
bitmap: 14 32
bitmap: 14 20
bitmap: 36 22
bitmap: 36 20
bitmap: 36 20
bitmap: 36 20
bitmap: 14 18
bitmap: 34 20
bitmap: 14 18
bitmap: 36 20
bitmap: 76 20
bitmap: 16 14
bitmap: 14 18
bitmap: 14 34
bitmap: 14 22
bitmap: 14 32
bitmap: 36 20
bitmap: 16 52
bitmap: 36 20
bitmap: 16 18
bitmap: 14 18
bitmap: 14 16
bitmap: 14 16
bitmap: 12 18
bitmap: 36 24
bitmap: 36 22
bitmap: 50 20
bitmap: 36 20
bitmap: 36 20
bitmap: 34 24
bitmap: 36 20
bitmap: 36 20
bitmap: 36 22
bitmap: 38 20
bitmap: 36 22
bitmap: 36 18
bitmap: 36 20
bitmap: 34 20
bitmap: 14 18
bitmap: 16 16
bitmap: 36 24
bitmap: 38 24
bitmap: 14 32
bitmap: 36 22
bitmap: 14 18
bitmap: 36 24
bitmap: 14 16
bitmap: 36 18
bitmap: 16 18
bitmap: 36 22
bitmap: 38 18
bitmap: 38 18
bitmap: 36 18
bitmap: 14 18
bitmap: 14 18
bitmap: 34 22
bitmap: 36 20
bitmap: 36 20
bitmap: 36 18
bitmap: 14 18
bitmap: 16 32
bitmap: 16 16
bitmap: 36 20
bitmap: 36 22
bitmap: 36 20
bitmap: 34 20
bitmap: 36 20
bitmap: 34 22
bitmap: 36 20
bitmap: 14 32
bitmap: 16 14
bitmap: 36 24
bitmap: 34 22
bitmap: 14 18
bitmap: 36 20
bitmap: 14 20
bitmap: 36 20
bitmap: 36 20
bitmap: 36 20
bitmap: 14 14
bitmap: 36 20
bitmap: 16 20
bitmap: 34 20
bitmap: 16 36
bitmap: 34 22
bitmap: 58 22
bitmap: 14 18
bitmap: 34 20
bitmap: 16 50
bitmap: 36 20
bitmap: 14 20
bitmap: 36 20
bitmap: 38 20
bitmap: 14 16
bitmap: 14 18
bitmap: 14 20
bitmap: 36 22
bitmap: 36 20
bitmap: 16 36
bitmap: 36 20
bitmap: 38 20
bitmap: 36 20
bitmap: 36 20
bitmap: 36 26
bitmap: 16 16
bitmap: 16 34
bitmap: 36 24
bitmap: 14 20
bitmap: 14 16
bitmap: 38 22
bitmap: 14 32
bitmap: 36 22
bitmap: 14 18
bitmap: 14 20
bitmap: 36 22
bitmap: 14 32
bitmap: 36 20
bitmap: 34 22
bitmap: 14 22
bitmap: 34 22
bitmap: 38 20
bitmap: 36 18
bitmap: 38 22
bitmap: 14 32
bitmap: 36 18
bitmap: 14 36
bitmap: 16 38
bitmap: 36 20
bitmap: 36 20
bitmap: 14 34
bitmap: 14 16
bitmap: 16 16
bitmap: 14 18
bitmap: 36 20
bitmap: 36 20
bitmap: 38 22
bitmap: 14 18
bitmap: 36 20
bitmap: 36 22
bitmap: 36 22
bitmap: 14 32
bitmap: 36 20
bitmap: 36 20
bitmap: 16 32
bitmap: 14 32
bitmap: 34 24
bitmap: 36 20
bitmap: 36 20
bitmap: 34 20
bitmap: 36 22
bitmap: 14 18
bitmap: 36 20
bitmap: 36 22
bitmap: 12 18
bitmap: 36 22
bitmap: 34 20
bitmap: 12 20
bitmap: 16 38
bitmap: 16 16
bitmap: 34 20
bitmap: 36 20
bitmap: 36 22
bitmap: 36 20
bitmap: 14 18
bitmap: 38 20
bitmap: 36 20
bitmap: 36 20
bitmap: 18 20
bitmap: 16 50
bitmap: 42 20
bitmap: 38 20
bitmap: 36 24
bitmap: 16 16
bitmap: 14 18
bitmap: 34 22
bitmap: 16 16
bitmap: 34 24
bitmap: 36 22
bitmap: 14 32
bitmap: 16 32
bitmap: 16 34
bitmap: 16 16
bitmap: 36 24
bitmap: 16 16
bitmap: 36 20
bitmap: 36 20
bitmap: 36 22
bitmap: 38 22
bitmap: 14 32
bitmap: 34 24
bitmap: 14 14
bitmap: 36 22
bitmap: 16 34
bitmap: 16 34
bitmap: 34 24
bitmap: 38 20
bitmap: 14 18
bitmap: 16 36
bitmap: 16 18
bitmap: 34 24
bitmap: 16 36
bitmap: 14 16
bitmap: 16 18
bitmap: 36 22
bitmap: 14 16
bitmap: 36 20
bitmap: 14 158
bitmap: 38 24
bitmap: 36 24
bitmap: 42 24
bitmap: 36 24
bitmap: 16 36
bitmap: 16 18
bitmap: 14 16
bitmap: 16 174
bitmap: 36 22
bitmap: 12 36
bitmap: 36 22
bitmap: 14 16
bitmap: 16 18
bitmap: 38 22
bitmap: 34 24
bitmap: 14 30
bitmap: 38 24
bitmap: 36 20
bitmap: 36 20
