bitmap: 66 68
bitmap: 44 24
bitmap: 44 22
bitmap: 14 32
bitmap: 14 34
bitmap: 34 18
bitmap: 34 16
bitmap: 36 20
bitmap: 18 30
bitmap: 34 20
bitmap: 34 20
bitmap: 12 36
bitmap: 34 24
bitmap: 14 36
bitmap: 36 20
bitmap: 16 34
bitmap: 14 30
bitmap: 14 30
bitmap: 36 22
bitmap: 14 36
bitmap: 14 36
bitmap: 36 22
bitmap: 14 32
bitmap: 36 24
bitmap: 16 36
bitmap: 14 32
bitmap: 36 22
bitmap: 16 34
bitmap: 14 50
bitmap: 16 38
bitmap: 34 20
bitmap: 18 34
bitmap: 34 24
bitmap: 34 24
bitmap: 36 20
bitmap: 36 22
bitmap: 36 48
bitmap: 14 38
bitmap: 36 24
bitmap: 34 22
bitmap: 34 24
bitmap: 16 34
bitmap: 14 32
bitmap: 14 30
bitmap: 14 34
bitmap: 34 24
bitmap: 14 32
bitmap: 36 24
bitmap: 14 32
bitmap: 34 24
bitmap: 14 32
bitmap: 36 22
bitmap: 36 22
bitmap: 36 22
bitmap: 14 32
bitmap: 58 22
bitmap: 34 22
bitmap: 14 32
bitmap: 14 32
bitmap: 12 32
bitmap: 12 32
bitmap: 36 22
bitmap: 34 20
bitmap: 46 22
bitmap: 12 32
bitmap: 34 20
bitmap: 36 22
bitmap: 16 32
bitmap: 16 36
bitmap: 36 24
bitmap: 34 24
bitmap: 14 40
bitmap: 36 22
bitmap: 36 22
bitmap: 12 40
bitmap: 14 38
bitmap: 16 38
bitmap: 14 38
bitmap: 38 22
bitmap: 14 34
bitmap: 14 32
bitmap: 36 24
bitmap: 18 20
bitmap: 14 34
bitmap: 34 24
bitmap: 14 30
bitmap: 38 24
bitmap: 34 22
bitmap: 36 22
bitmap: 18 26
bitmap: 18 30
bitmap: 14 30
bitmap: 16 32
bitmap: 14 30
bitmap: 34 20
bitmap: 34 22
bitmap: 34 26
bitmap: 34 22
bitmap: 34 22
bitmap: 14 34
bitmap: 34 22
bitmap: 14 30
bitmap: 36 24
bitmap: 36 24
bitmap: 14 30
bitmap: 58 22
bitmap: 36 22
bitmap: 36 24
bitmap: 34 22
bitmap: 16 36
bitmap: 34 22
bitmap: 36 24
bitmap: 36 24
bitmap: 34 22
bitmap: 34 20
bitmap: 16 44
bitmap: 14 38
bitmap: 36 24
bitmap: 14 36
bitmap: 36 22
bitmap: 16 36
bitmap: 14 40
bitmap: 14 38
bitmap: 14 38
bitmap: 16 38
bitmap: 14 38
bitmap: 14 32
bitmap: 36 22
bitmap: 14 38
bitmap: 14 36
bitmap: 16 38
bitmap: 16 36
bitmap: 16 32
bitmap: 14 36
bitmap: 16 32
bitmap: 38 24
bitmap: 14 40
bitmap: 14 20
bitmap: 20 22
bitmap: 16 38
bitmap: 36 22
bitmap: 38 22
bitmap: 14 32
bitmap: 36 22
bitmap: 34 22
bitmap: 34 22
bitmap: 36 24
bitmap: 34 22
bitmap: 12 40
bitmap: 34 22
bitmap: 14 40
bitmap: 34 22
bitmap: 14 38
bitmap: 14 36
bitmap: 36 22
bitmap: 36 22
bitmap: 14 38
bitmap: 36 22
bitmap: 14 34
bitmap: 14 40
bitmap: 36 22
bitmap: 36 22
bitmap: 14 30
bitmap: 14 32
bitmap: 38 24
bitmap: 36 22
bitmap: 36 22
bitmap: 34 22
bitmap: 14 42
bitmap: 14 34
bitmap: 14 38
bitmap: 16 36
bitmap: 36 22
bitmap: 16 36
bitmap: 14 38
bitmap: 34 24
bitmap: 36 22
bitmap: 14 36
bitmap: 36 22
bitmap: 36 22
bitmap: 38 22
bitmap: 34 22
bitmap: 12 32
bitmap: 14 30
bitmap: 14 30
bitmap: 36 22
bitmap: 14 34
bitmap: 36 22
bitmap: 16 34
bitmap: 14 34
bitmap: 36 20
bitmap: 14 32
bitmap: 14 32
bitmap: 14 32
bitmap: 16 32
bitmap: 34 22
bitmap: 14 30
bitmap: 40 22
bitmap: 34 20
bitmap: 14 32
bitmap: 14 30
bitmap: 34 22
bitmap: 34 22
bitmap: 36 22
bitmap: 36 24
bitmap: 14 32
bitmap: 36 24
bitmap: 14 32
bitmap: 14 30
bitmap: 14 34
bitmap: 34 22
bitmap: 14 32
bitmap: 30 32
bitmap: 36 22
bitmap: 34 22
bitmap: 34 20
bitmap: 16 32
bitmap: 36 24
bitmap: 34 24
bitmap: 14 32
bitmap: 14 32
bitmap: 14 34
bitmap: 34 20
bitmap: 38 22
bitmap: 36 22
bitmap: 14 32
bitmap: 14 30
bitmap: 36 22
bitmap: 36 22
bitmap: 34 20
bitmap: 14 38
bitmap: 34 20
bitmap: 36 22
bitmap: 18 38
bitmap: 34 24
bitmap: 14 38
bitmap: 34 42
bitmap: 14 34
bitmap: 36 20
bitmap: 36 22
bitmap: 34 24
bitmap: 36 22
bitmap: 14 34
bitmap: 14 40
bitmap: 34 42
bitmap: 16 38
bitmap: 16 34
bitmap: 14 38
bitmap: 34 24
bitmap: 34 24
bitmap: 16 40
bitmap: 16 36
bitmap: 14 42
bitmap: 16 38
bitmap: 16 32
bitmap: 36 22
bitmap: 36 22
bitmap: 18 36
bitmap: 14 38
bitmap: 58 20
bitmap: 16 36
bitmap: 34 20
bitmap: 16 32
bitmap: 34 22
bitmap: 14 38
bitmap: 14 40
bitmap: 16 40
bitmap: 34 24
bitmap: 16 38
bitmap: 14 36
bitmap: 36 20
bitmap: 14 36
bitmap: 14 38
bitmap: 38 22
bitmap: 14 38
bitmap: 14 20
bitmap: 36 22
bitmap: 14 32
bitmap: 12 30
bitmap: 14 32
bitmap: 14 30
bitmap: 14 30
bitmap: 18 32
bitmap: 14 38
bitmap: 46 18
bitmap: 38 24
bitmap: 36 22
bitmap: 34 22
bitmap: 36 22
bitmap: 16 38
bitmap: 34 22
bitmap: 34 24
bitmap: 14 34
bitmap: 34 22
bitmap: 14 32
bitmap: 36 24
bitmap: 12 32
bitmap: 36 24
bitmap: 36 24
bitmap: 16 36
bitmap: 38 24
bitmap: 36 24
bitmap: 36 20
bitmap: 14 32
bitmap: 34 20
bitmap: 16 30
bitmap: 16 20
bitmap: 16 38
bitmap: 34 24
bitmap: 14 36
bitmap: 14 36
bitmap: 36 22
bitmap: 36 24
bitmap: 36 24
bitmap: 36 22
bitmap: 36 22
bitmap: 36 22
bitmap: 16 32
bitmap: 14 32
bitmap: 36 22
bitmap: 14 32
bitmap: 34 24
bitmap: 14 30
bitmap: 16 34
bitmap: 14 30
bitmap: 16 32
bitmap: 36 20
bitmap: 36 24
bitmap: 12 38
bitmap: 34 22
bitmap: 36 24
bitmap: 36 22
bitmap: 14 36
bitmap: 34 22
bitmap: 34 20
bitmap: 38 24
bitmap: 34 20
bitmap: 14 30
bitmap: 14 34
bitmap: 36 24
bitmap: 14 34
bitmap: 14 32
bitmap: 16 30
bitmap: 12 32
bitmap: 38 24
bitmap: 36 22
bitmap: 14 38
bitmap: 34 22
bitmap: 14 44
bitmap: 34 24
bitmap: 12 36
bitmap: 34 22
bitmap: 14 22
bitmap: 14 38
bitmap: 14 36
bitmap: 36 22
bitmap: 36 22
bitmap: 36 24
bitmap: 36 22
bitmap: 34 24
bitmap: 16 36
bitmap: 14 38
bitmap: 16 38
bitmap: 14 36
bitmap: 16 32
bitmap: 16 34
bitmap: 36 20
bitmap: 14 32
bitmap: 36 22
bitmap: 14 32
bitmap: 36 24
bitmap: 36 24
bitmap: 16 34
bitmap: 34 22
bitmap: 34 22
bitmap: 34 20
bitmap: 16 34
bitmap: 36 22
bitmap: 34 22
bitmap: 16 38
bitmap: 16 36
bitmap: 36 24
bitmap: 14 32
bitmap: 14 36
bitmap: 36 22
bitmap: 38 24
bitmap: 36 24
bitmap: 14 36
bitmap: 14 36
bitmap: 36 24
bitmap: 34 22
bitmap: 36 22
bitmap: 16 38
bitmap: 14 36
bitmap: 14 34
bitmap: 36 22
bitmap: 14 32
bitmap: 36 22
bitmap: 38 24
bitmap: 14 30
bitmap: 36 24
bitmap: 34 24
bitmap: 16 38
bitmap: 18 34
bitmap: 14 34
bitmap: 36 24
bitmap: 16 36
bitmap: 36 22
bitmap: 14 38
bitmap: 38 24
bitmap: 14 36
bitmap: 36 22
bitmap: 34 20
bitmap: 16 36
bitmap: 16 30
bitmap: 38 24
bitmap: 14 36
bitmap: 34 22
bitmap: 14 30
bitmap: 58 20
bitmap: 36 24
bitmap: 36 22
bitmap: 38 24
bitmap: 14 32
bitmap: 60 20
bitmap: 14 40
bitmap: 14 40
bitmap: 16 36
bitmap: 16 34
bitmap: 36 22
bitmap: 16 34
bitmap: 36 24
bitmap: 34 22
bitmap: 34 22
bitmap: 36 24
bitmap: 16 40
bitmap: 36 24
bitmap: 36 22
bitmap: 14 36
bitmap: 16 32
bitmap: 34 20
bitmap: 36 22
bitmap: 16 36
bitmap: 14 32
bitmap: 16 32
bitmap: 36 22
bitmap: 14 36
bitmap: 36 22
bitmap: 34 20
bitmap: 38 24
bitmap: 36 22
bitmap: 14 40
bitmap: 16 48
bitmap: 36 22
bitmap: 18 32
bitmap: 36 24
bitmap: 34 20
bitmap: 36 24
bitmap: 14 32
bitmap: 36 24
bitmap: 16 44
bitmap: 14 32
bitmap: 36 24
bitmap: 18 30
bitmap: 36 24
bitmap: 36 24
bitmap: 36 24
bitmap: 38 22
bitmap: 14 32
bitmap: 36 24
bitmap: 14 32
bitmap: 34 24
bitmap: 36 24
bitmap: 34 22
bitmap: 34 24
bitmap: 14 34
bitmap: 16 30
bitmap: 14 18
bitmap: 34 20
bitmap: 36 22
bitmap: 34 22
bitmap: 14 32
bitmap: 36 24
bitmap: 16 32
bitmap: 14 160
bitmap: 14 32
bitmap: 36 24
bitmap: 14 34
bitmap: 14 30
bitmap: 16 34
bitmap: 16 34
bitmap: 38 24
bitmap: 34 50
bitmap: 40 34
bitmap: 16 34
bitmap: 16 30
bitmap: 14 36
bitmap: 38 24
bitmap: 14 34
bitmap: 16 30
bitmap: 34 36
bitmap: 34 24
bitmap: 14 32
bitmap: 36 22
bitmap: 36 24
bitmap: 16 32
bitmap: 36 24
bitmap: 12 34
bitmap: 36 24
bitmap: 36 22
bitmap: 34 20
bitmap: 14 32
bitmap: 14 34
bitmap: 14 38
bitmap: 36 22
bitmap: 34 22
bitmap: 14 38
bitmap: 34 22
bitmap: 36 24
bitmap: 12 36
bitmap: 14 36
bitmap: 36 24
bitmap: 34 22
bitmap: 34 22
bitmap: 38 24
bitmap: 34 22
bitmap: 36 18
bitmap: 34 20
bitmap: 16 34
bitmap: 34 20
bitmap: 14 38
bitmap: 14 36
bitmap: 14 38
bitmap: 34 22
bitmap: 16 36
bitmap: 14 38
bitmap: 36 24
bitmap: 14 38
bitmap: 14 36
bitmap: 14 36
bitmap: 36 22
bitmap: 36 22
bitmap: 34 20
bitmap: 18 18
bitmap: 14 32
bitmap: 14 36
bitmap: 14 38
bitmap: 14 38
bitmap: 36 24
bitmap: 16 38
bitmap: 14 32
bitmap: 36 22
bitmap: 38 22
bitmap: 34 24
bitmap: 14 38
bitmap: 38 24
bitmap: 36 24
bitmap: 14 38
bitmap: 14 34
bitmap: 14 38
bitmap: 16 22
bitmap: 14 40
bitmap: 34 22
bitmap: 36 24
bitmap: 18 20
bitmap: 36 22
bitmap: 14 38
bitmap: 34 24
bitmap: 36 22
bitmap: 14 38
bitmap: 14 36
bitmap: 36 26
bitmap: 34 22
bitmap: 36 22
bitmap: 14 38
bitmap: 36 22
bitmap: 36 22
bitmap: 14 40
bitmap: 14 38
bitmap: 34 22
bitmap: 36 22
bitmap: 36 22
bitmap: 34 22
bitmap: 14 40
bitmap: 34 24
bitmap: 34 20
bitmap: 34 22
bitmap: 14 40
bitmap: 36 22
bitmap: 16 36
bitmap: 36 18
bitmap: 36 24
bitmap: 14 36
bitmap: 14 32
bitmap: 36 22
bitmap: 16 40
bitmap: 14 36
bitmap: 36 22
bitmap: 14 38
bitmap: 14 36
bitmap: 16 40
bitmap: 36 30
bitmap: 20 24
bitmap: 36 24
bitmap: 14 38
bitmap: 14 30
bitmap: 36 20
bitmap: 34 20
bitmap: 14 32
bitmap: 16 32
bitmap: 36 24
bitmap: 14 34
bitmap: 36 22
bitmap: 14 32
bitmap: 34 20
bitmap: 34 22
bitmap: 34 24
bitmap: 34 22
bitmap: 34 22
bitmap: 34 22
bitmap: 14 38
bitmap: 34 24
bitmap: 14 32
bitmap: 36 22
bitmap: 14 36
bitmap: 36 22
bitmap: 16 34
bitmap: 36 22
bitmap: 36 22
bitmap: 36 24
bitmap: 14 32
bitmap: 36 22
bitmap: 14 38
bitmap: 16 16
bitmap: 20 32
bitmap: 38 24
bitmap: 48 20
bitmap: 36 24
bitmap: 16 32
bitmap: 36 22
bitmap: 12 30
bitmap: 12 30
bitmap: 12 32
bitmap: 14 30
bitmap: 54 22
bitmap: 38 24
bitmap: 36 22
bitmap: 14 34
bitmap: 16 32
bitmap: 16 32
bitmap: 34 22
bitmap: 34 22
bitmap: 14 40
bitmap: 14 40
bitmap: 16 34
bitmap: 14 38
bitmap: 38 24
bitmap: 34 24
bitmap: 36 24
bitmap: 36 22
bitmap: 36 22
bitmap: 36 22
bitmap: 14 32
bitmap: 34 24
bitmap: 36 22
bitmap: 16 36
bitmap: 16 36
bitmap: 16 36
bitmap: 36 24
bitmap: 16 38
bitmap: 34 20
bitmap: 14 36
bitmap: 36 22
bitmap: 14 32
bitmap: 14 32
bitmap: 36 22
bitmap: 14 34
bitmap: 14 32
bitmap: 34 22
bitmap: 34 22
bitmap: 14 16
bitmap: 16 32
bitmap: 16 34
bitmap: 36 26
bitmap: 16 34
bitmap: 14 32
bitmap: 14 30
bitmap: 36 22
bitmap: 12 32
bitmap: 38 24
bitmap: 38 22
bitmap: 14 20
bitmap: 14 38
bitmap: 36 24
bitmap: 16 32
bitmap: 36 22
bitmap: 16 34
bitmap: 36 24
bitmap: 16 36
bitmap: 36 22
bitmap: 36 18
bitmap: 16 38
bitmap: 14 32
bitmap: 36 24
bitmap: 16 32
bitmap: 14 32
bitmap: 36 22
bitmap: 16 32
bitmap: 16 38
bitmap: 20 36
bitmap: 14 32
bitmap: 36 22
bitmap: 14 38
bitmap: 34 22
bitmap: 36 22
bitmap: 16 40
bitmap: 36 22
bitmap: 36 24
bitmap: 14 32
bitmap: 14 34
bitmap: 16 38
bitmap: 38 24
bitmap: 36 24
bitmap: 36 24
bitmap: 34 24
bitmap: 14 30
bitmap: 14 30
bitmap: 34 22
bitmap: 44 22
bitmap: 36 22
bitmap: 34 22
bitmap: 34 20
bitmap: 14 40
bitmap: 36 24
bitmap: 36 18
bitmap: 14 38
bitmap: 14 40
bitmap: 34 22
bitmap: 14 30
bitmap: 36 22
bitmap: 14 30
bitmap: 36 24
bitmap: 14 32
bitmap: 36 22
bitmap: 36 22
bitmap: 36 22
bitmap: 14 30
bitmap: 36 22
bitmap: 34 22
bitmap: 14 38
bitmap: 16 32
bitmap: 12 34
bitmap: 36 22
bitmap: 34 22
bitmap: 34 22
bitmap: 16 32
bitmap: 34 20
bitmap: 14 34
bitmap: 16 32
bitmap: 34 22
bitmap: 16 32
bitmap: 14 30
bitmap: 14 30
bitmap: 36 22
bitmap: 36 22
bitmap: 16 34
bitmap: 34 22
bitmap: 38 24
bitmap: 34 20
bitmap: 34 22
bitmap: 18 30
bitmap: 36 22
bitmap: 36 22
bitmap: 36 24
bitmap: 14 34
bitmap: 14 32
bitmap: 34 22
bitmap: 14 32
bitmap: 14 30
bitmap: 34 22
bitmap: 36 24
bitmap: 34 22
bitmap: 14 32
bitmap: 14 38
bitmap: 14 36
bitmap: 36 24
bitmap: 34 22
bitmap: 36 22
bitmap: 16 38
bitmap: 14 40
bitmap: 36 22
bitmap: 14 38
bitmap: 14 32
bitmap: 14 38
bitmap: 12 40
bitmap: 16 36
bitmap: 14 32
bitmap: 16 32
bitmap: 34 20
bitmap: 36 22
bitmap: 34 24
bitmap: 34 22
bitmap: 14 20
bitmap: 14 32
bitmap: 14 32
bitmap: 36 22
bitmap: 14 32
bitmap: 34 24
bitmap: 16 32
bitmap: 36 22
bitmap: 38 24
bitmap: 14 32
bitmap: 34 48
bitmap: 36 24
bitmap: 14 32
bitmap: 34 22
bitmap: 12 32
bitmap: 36 24
bitmap: 36 22
bitmap: 36 22
bitmap: 34 48
bitmap: 14 32
bitmap: 14 36
bitmap: 34 24
bitmap: 14 40
bitmap: 14 40
bitmap: 14 34
bitmap: 36 22
bitmap: 14 44
bitmap: 12 36
bitmap: 16 32
bitmap: 40 24
bitmap: 34 22
bitmap: 14 44
bitmap: 14 36
bitmap: 38 22
bitmap: 36 24
bitmap: 14 36
bitmap: 14 16
bitmap: 34 24
bitmap: 34 24
bitmap: 14 38
bitmap: 16 38
bitmap: 38 24
bitmap: 34 20
bitmap: 14 36
bitmap: 34 20
bitmap: 12 32
bitmap: 38 20
bitmap: 16 32
bitmap: 18 32
bitmap: 18 34
bitmap: 36 24
bitmap: 34 22
bitmap: 34 20
bitmap: 14 40
bitmap: 34 22
bitmap: 36 22
bitmap: 18 38
bitmap: 34 22
bitmap: 14 40
bitmap: 34 24
bitmap: 34 24
bitmap: 18 40
bitmap: 14 36
bitmap: 16 36
bitmap: 14 36
bitmap: 14 38
bitmap: 18 36
bitmap: 34 22
bitmap: 36 20
bitmap: 14 40
bitmap: 14 34
bitmap: 14 36
bitmap: 34 22
bitmap: 34 24
bitmap: 14 32
bitmap: 34 22
bitmap: 36 22
bitmap: 16 32
bitmap: 36 22
bitmap: 36 24
bitmap: 14 30
bitmap: 36 24
bitmap: 36 24
bitmap: 18 32
bitmap: 14 32
bitmap: 34 22
bitmap: 14 34
bitmap: 14 32
bitmap: 38 24
bitmap: 14 32
bitmap: 14 34
bitmap: 36 22
bitmap: 36 18
bitmap: 38 22
bitmap: 36 24
bitmap: 14 36
bitmap: 14 36
bitmap: 36 22
bitmap: 14 36
bitmap: 36 24
bitmap: 36 24
bitmap: 12 32
bitmap: 36 22
bitmap: 36 24
bitmap: 34 22
bitmap: 14 32
bitmap: 16 32
bitmap: 14 32
bitmap: 14 32
bitmap: 14 34
bitmap: 14 32
bitmap: 22 20
bitmap: 18 34
bitmap: 14 34
bitmap: 34 22
bitmap: 36 22
bitmap: 36 24
bitmap: 12 32
bitmap: 14 30
bitmap: 16 32
bitmap: 14 32
bitmap: 14 30
bitmap: 14 32
bitmap: 16 32
bitmap: 34 20
bitmap: 16 30
bitmap: 16 34
bitmap: 14 34
bitmap: 14 32
bitmap: 14 32
bitmap: 36 22
bitmap: 34 22
bitmap: 16 32
bitmap: 34 20
bitmap: 16 34
bitmap: 14 32
bitmap: 16 32
bitmap: 34 22
bitmap: 38 24
bitmap: 34 22
bitmap: 14 34
bitmap: 34 22
bitmap: 36 24
bitmap: 36 22
bitmap: 36 24
bitmap: 12 32
bitmap: 14 30
bitmap: 14 34
bitmap: 14 32
bitmap: 14 32
bitmap: 14 32
bitmap: 34 24
bitmap: 36 22
bitmap: 34 20
bitmap: 16 38
bitmap: 36 22
bitmap: 58 20
bitmap: 38 26
bitmap: 36 22
bitmap: 14 36
bitmap: 14 38
bitmap: 16 38
bitmap: 16 38
bitmap: 14 30
bitmap: 14 32
bitmap: 36 24
bitmap: 14 34
bitmap: 14 34
bitmap: 14 34
bitmap: 14 30
bitmap: 46 20
bitmap: 16 20
bitmap: 14 38
bitmap: 14 36
bitmap: 36 22
bitmap: 36 24
bitmap: 18 18
bitmap: 16 40
bitmap: 16 36
bitmap: 18 32
bitmap: 16 40
bitmap: 16 38
bitmap: 36 22
bitmap: 34 24
bitmap: 14 36
bitmap: 14 38
bitmap: 40 22
bitmap: 34 20
bitmap: 14 32
bitmap: 14 42
bitmap: 36 22
bitmap: 36 22
bitmap: 14 34
bitmap: 36 24
bitmap: 36 24
bitmap: 34 20
bitmap: 14 14
bitmap: 12 32
