bitmap: 64 66
bitmap: 50 24
bitmap: 42 22
bitmap: 60 22
bitmap: 42 22
bitmap: 14 50
bitmap: 36 16
bitmap: 12 32
bitmap: 14 34
bitmap: 40 20
bitmap: 38 18
bitmap: 40 22
bitmap: 38 50
bitmap: 16 36
bitmap: 16 34
bitmap: 14 36
bitmap: 38 24
bitmap: 38 24
bitmap: 14 32
bitmap: 14 34
bitmap: 14 22
bitmap: 12 34
bitmap: 16 30
bitmap: 36 22
bitmap: 16 34
bitmap: 14 32
bitmap: 14 30
bitmap: 12 32
bitmap: 16 60
bitmap: 14 22
bitmap: 14 32
bitmap: 18 32
bitmap: 40 24
bitmap: 16 28
bitmap: 22 24
bitmap: 12 30
bitmap: 60 24
bitmap: 14 18
bitmap: 14 30
bitmap: 38 26
bitmap: 38 24
bitmap: 38 22
bitmap: 38 24
bitmap: 14 32
bitmap: 36 22
bitmap: 12 30
bitmap: 14 34
bitmap: 14 30
bitmap: 14 32
bitmap: 12 30
bitmap: 20 22
bitmap: 14 20
bitmap: 40 24
bitmap: 16 20
bitmap: 16 32
bitmap: 38 24
bitmap: 38 22
bitmap: 14 18
bitmap: 18 34
bitmap: 14 22
bitmap: 16 20
bitmap: 38 24
bitmap: 14 32
bitmap: 14 34
bitmap: 14 32
bitmap: 16 34
bitmap: 14 32
bitmap: 16 32
bitmap: 14 22
bitmap: 36 24
bitmap: 38 22
bitmap: 14 30
bitmap: 14 32
bitmap: 38 22
bitmap: 40 24
bitmap: 18 34
bitmap: 40 24
bitmap: 38 20
bitmap: 36 22
bitmap: 16 16
bitmap: 14 18
bitmap: 64 18
bitmap: 54 20
bitmap: 14 32
bitmap: 38 22
bitmap: 38 22
bitmap: 38 24
bitmap: 14 34
bitmap: 14 32
bitmap: 14 32
bitmap: 40 24
bitmap: 38 22
bitmap: 14 30
bitmap: 36 24
bitmap: 40 22
bitmap: 38 24
bitmap: 38 22
bitmap: 16 34
bitmap: 38 24
bitmap: 38 22
bitmap: 38 24
bitmap: 14 40
bitmap: 16 36
bitmap: 12 40
bitmap: 36 22
bitmap: 38 22
bitmap: 16 42
bitmap: 14 38
bitmap: 40 24
bitmap: 40 24
bitmap: 36 22
bitmap: 16 30
bitmap: 16 30
bitmap: 38 24
bitmap: 16 30
bitmap: 38 24
bitmap: 14 36
bitmap: 40 22
bitmap: 14 38
bitmap: 18 38
bitmap: 14 36
bitmap: 14 42
bitmap: 38 22
bitmap: 14 38
bitmap: 14 38
bitmap: 38 22
bitmap: 38 22
bitmap: 36 24
bitmap: 64 26
bitmap: 44 24
bitmap: 40 20
bitmap: 14 20
bitmap: 14 18
bitmap: 40 20
bitmap: 14 34
bitmap: 16 34
bitmap: 14 22
bitmap: 36 20
bitmap: 38 22
bitmap: 14 18
bitmap: 36 22
bitmap: 14 22
bitmap: 38 20
bitmap: 14 18
bitmap: 14 22
bitmap: 38 22
bitmap: 14 16
bitmap: 40 18
bitmap: 38 20
bitmap: 40 18
bitmap: 62 24
bitmap: 38 20
bitmap: 40 18
bitmap: 40 22
bitmap: 40 22
bitmap: 38 24
bitmap: 40 20
bitmap: 14 16
bitmap: 38 22
bitmap: 44 22
bitmap: 38 20
bitmap: 16 16
bitmap: 36 22
bitmap: 14 16
bitmap: 16 18
bitmap: 14 22
bitmap: 38 20
bitmap: 14 16
bitmap: 16 20
bitmap: 48 22
bitmap: 36 22
bitmap: 36 20
bitmap: 16 18
bitmap: 14 32
bitmap: 38 26
bitmap: 40 24
bitmap: 38 20
bitmap: 38 20
bitmap: 14 22
bitmap: 40 20
bitmap: 40 22
bitmap: 40 20
bitmap: 16 18
bitmap: 38 20
bitmap: 40 22
bitmap: 38 22
bitmap: 38 20
bitmap: 12 52
bitmap: 38 50
bitmap: 14 20
bitmap: 38 20
bitmap: 38 24
bitmap: 14 18
bitmap: 14 22
bitmap: 40 20
bitmap: 36 20
bitmap: 42 20
bitmap: 36 24
bitmap: 38 20
bitmap: 38 20
bitmap: 38 20
bitmap: 38 20
bitmap: 14 50
bitmap: 40 18
bitmap: 14 18
bitmap: 40 22
bitmap: 16 12
bitmap: 16 16
bitmap: 36 22
bitmap: 14 18
bitmap: 14 18
bitmap: 36 20
bitmap: 14 16
bitmap: 12 18
bitmap: 38 24
bitmap: 14 16
bitmap: 38 24
bitmap: 40 26
bitmap: 38 20
bitmap: 16 18
bitmap: 12 18
bitmap: 14 20
bitmap: 14 16
bitmap: 40 20
bitmap: 14 50
bitmap: 14 36
bitmap: 16 18
bitmap: 14 16
bitmap: 38 22
bitmap: 40 20
bitmap: 38 20
bitmap: 14 14
bitmap: 40 22
bitmap: 18 18
bitmap: 16 16
bitmap: 14 16
bitmap: 38 22
bitmap: 40 18
bitmap: 38 20
bitmap: 12 20
bitmap: 38 20
bitmap: 38 22
bitmap: 100 18
bitmap: 66 22
bitmap: 40 20
bitmap: 40 24
bitmap: 16 16
bitmap: 40 20
bitmap: 40 20
bitmap: 14 20
bitmap: 12 18
bitmap: 14 20
bitmap: 16 22
bitmap: 16 20
bitmap: 40 20
bitmap: 40 18
bitmap: 40 22
bitmap: 14 52
bitmap: 38 20
bitmap: 14 16
bitmap: 42 20
bitmap: 40 22
bitmap: 40 18
bitmap: 14 18
bitmap: 38 20
bitmap: 40 20
bitmap: 38 20
bitmap: 38 20
bitmap: 38 20
bitmap: 40 22
bitmap: 38 24
bitmap: 14 18
bitmap: 38 22
bitmap: 14 16
bitmap: 14 34
bitmap: 38 22
bitmap: 36 20
bitmap: 36 20
bitmap: 14 18
bitmap: 14 22
bitmap: 14 16
bitmap: 16 18
bitmap: 38 20
bitmap: 38 20
bitmap: 38 20
bitmap: 38 24
bitmap: 16 18
bitmap: 38 22
bitmap: 40 20
bitmap: 14 18
bitmap: 38 24
bitmap: 16 16
bitmap: 12 22
bitmap: 16 16
bitmap: 14 18
bitmap: 42 18
bitmap: 38 20
bitmap: 38 20
bitmap: 14 56
bitmap: 14 18
bitmap: 40 18
bitmap: 40 20
bitmap: 38 18
bitmap: 38 20
bitmap: 16 16
bitmap: 40 20
bitmap: 14 18
bitmap: 14 18
bitmap: 38 20
bitmap: 40 18
bitmap: 38 20
bitmap: 40 22
bitmap: 14 18
bitmap: 40 22
bitmap: 16 18
bitmap: 12 34
bitmap: 14 16
bitmap: 14 32
bitmap: 40 20
bitmap: 42 20
bitmap: 40 20
bitmap: 14 16
bitmap: 14 16
bitmap: 14 16
bitmap: 38 22
bitmap: 40 18
bitmap: 40 20
bitmap: 14 16
bitmap: 38 24
bitmap: 38 20
bitmap: 14 18
bitmap: 38 20
bitmap: 38 22
bitmap: 20 16
bitmap: 34 20
bitmap: 38 22
bitmap: 38 20
bitmap: 40 20
bitmap: 38 20
bitmap: 38 20
bitmap: 14 44
bitmap: 36 22
bitmap: 14 20
bitmap: 40 20
bitmap: 14 16
bitmap: 14 22
bitmap: 38 24
bitmap: 38 20
bitmap: 12 48
bitmap: 40 20
bitmap: 38 20
bitmap: 40 20
bitmap: 14 16
bitmap: 40 20
bitmap: 38 20
bitmap: 14 22
bitmap: 14 42
bitmap: 38 20
bitmap: 16 30
bitmap: 14 18
bitmap: 14 16
bitmap: 16 18
bitmap: 38 20
bitmap: 38 20
bitmap: 14 20
bitmap: 14 16
bitmap: 16 18
bitmap: 38 18
bitmap: 14 52
bitmap: 14 16
bitmap: 40 20
bitmap: 14 20
bitmap: 14 16
bitmap: 38 16
bitmap: 38 20
bitmap: 16 32
bitmap: 40 20
bitmap: 40 20
bitmap: 12 16
bitmap: 40 20
bitmap: 16 16
bitmap: 40 20
bitmap: 38 20
bitmap: 42 18
bitmap: 14 18
bitmap: 38 20
bitmap: 38 20
bitmap: 14 36
bitmap: 14 16
bitmap: 16 16
bitmap: 38 22
bitmap: 14 16
bitmap: 38 22
bitmap: 16 18
bitmap: 36 20
bitmap: 38 20
bitmap: 16 16
bitmap: 16 18
bitmap: 38 20
bitmap: 40 18
bitmap: 14 16
bitmap: 40 20
bitmap: 38 20
bitmap: 12 20
bitmap: 14 16
bitmap: 38 24
bitmap: 38 24
bitmap: 14 18
bitmap: 40 18
bitmap: 12 18
bitmap: 16 36
bitmap: 40 20
bitmap: 14 16
bitmap: 38 24
bitmap: 14 16
bitmap: 42 20
bitmap: 36 20
bitmap: 40 24
bitmap: 14 18
bitmap: 40 20
bitmap: 16 18
bitmap: 16 16
bitmap: 14 50
bitmap: 14 18
bitmap: 36 22
bitmap: 38 22
bitmap: 14 20
bitmap: 38 20
bitmap: 40 20
bitmap: 38 20
bitmap: 38 20
bitmap: 40 20
bitmap: 16 16
bitmap: 14 32
bitmap: 42 20
bitmap: 16 16
bitmap: 16 42
bitmap: 14 16
bitmap: 38 20
bitmap: 14 20
bitmap: 16 18
bitmap: 38 22
bitmap: 40 22
bitmap: 40 18
bitmap: 40 22
bitmap: 14 20
bitmap: 14 22
bitmap: 42 20
bitmap: 40 20
bitmap: 14 22
bitmap: 12 16
bitmap: 38 20
bitmap: 14 18
bitmap: 14 32
bitmap: 40 20
bitmap: 40 20
bitmap: 38 20
bitmap: 12 20
bitmap: 14 18
bitmap: 40 22
bitmap: 40 20
bitmap: 38 20
bitmap: 16 14
bitmap: 14 18
bitmap: 14 18
bitmap: 14 16
bitmap: 14 38
bitmap: 16 16
bitmap: 12 46
bitmap: 40 22
bitmap: 40 18
bitmap: 38 20
bitmap: 14 18
bitmap: 16 18
bitmap: 38 20
bitmap: 40 20
bitmap: 38 22
bitmap: 38 24
bitmap: 38 24
bitmap: 42 24
bitmap: 16 30
bitmap: 16 18
bitmap: 14 16
bitmap: 14 16
bitmap: 38 22
bitmap: 40 22
bitmap: 40 20
bitmap: 38 24
bitmap: 14 18
bitmap: 14 12
bitmap: 38 22
bitmap: 40 22
bitmap: 14 52
bitmap: 40 32
bitmap: 16 34
bitmap: 14 16
bitmap: 14 34
bitmap: 40 24
bitmap: 38 20
bitmap: 38 20
bitmap: 38 38
bitmap: 14 22
bitmap: 14 18
bitmap: 14 16
bitmap: 38 20
bitmap: 14 18
bitmap: 40 20
bitmap: 40 20
bitmap: 14 44
bitmap: 40 22
bitmap: 38 20
bitmap: 40 18
bitmap: 14 24
bitmap: 38 22
bitmap: 38 20
bitmap: 40 20
bitmap: 16 16
bitmap: 14 18
bitmap: 38 20
bitmap: 16 34
bitmap: 38 20
bitmap: 38 20
bitmap: 38 20
bitmap: 38 20
bitmap: 40 20
bitmap: 38 22
bitmap: 12 16
bitmap: 38 22
bitmap: 14 16
bitmap: 40 20
bitmap: 38 24
bitmap: 40 18
bitmap: 14 18
bitmap: 38 20
bitmap: 38 20
bitmap: 14 16
bitmap: 38 20
bitmap: 38 24
bitmap: 38 24
bitmap: 14 20
bitmap: 14 18
bitmap: 58 24
bitmap: 40 22
bitmap: 38 24
bitmap: 40 20
bitmap: 14 36
bitmap: 38 24
bitmap: 40 22
bitmap: 38 24
bitmap: 40 20
bitmap: 38 20
bitmap: 40 20
bitmap: 40 20
bitmap: 38 24
bitmap: 36 22
bitmap: 40 20
bitmap: 36 24
bitmap: 38 20
bitmap: 40 18
bitmap: 38 20
bitmap: 40 20
bitmap: 14 32
bitmap: 14 18
bitmap: 40 20
bitmap: 38 24
bitmap: 14 16
bitmap: 16 18
bitmap: 20 20
bitmap: 38 20
bitmap: 40 18
bitmap: 40 20
bitmap: 38 22
bitmap: 38 22
bitmap: 38 22
bitmap: 38 22
bitmap: 40 20
bitmap: 16 18
bitmap: 14 18
bitmap: 38 22
bitmap: 14 18
bitmap: 14 32
bitmap: 12 18
bitmap: 38 20
bitmap: 40 20
bitmap: 14 18
bitmap: 16 14
bitmap: 40 20
bitmap: 16 18
bitmap: 38 24
bitmap: 16 32
bitmap: 36 22
bitmap: 16 14
bitmap: 16 18
bitmap: 36 20
bitmap: 38 20
bitmap: 14 16
bitmap: 14 18
bitmap: 38 20
bitmap: 40 20
bitmap: 38 20
bitmap: 38 20
bitmap: 38 24
bitmap: 16 16
bitmap: 40 18
bitmap: 38 20
bitmap: 38 20
bitmap: 14 16
bitmap: 38 22
bitmap: 40 22
bitmap: 40 18
bitmap: 14 16
bitmap: 38 22
bitmap: 36 22
bitmap: 40 20
bitmap: 40 20
bitmap: 14 22
bitmap: 38 20
bitmap: 12 34
bitmap: 38 20
bitmap: 14 18
bitmap: 40 22
bitmap: 38 20
bitmap: 40 18
bitmap: 40 18
bitmap: 40 20
bitmap: 14 14
bitmap: 40 22
bitmap: 38 20
bitmap: 16 18
bitmap: 38 18
bitmap: 12 20
bitmap: 38 20
bitmap: 16 16
bitmap: 16 18
bitmap: 14 16
bitmap: 48 24
bitmap: 16 16
bitmap: 14 18
bitmap: 12 32
bitmap: 14 32
bitmap: 20 20
bitmap: 38 20
bitmap: 14 32
bitmap: 16 16
bitmap: 14 16
bitmap: 12 16
bitmap: 14 16
bitmap: 14 20
bitmap: 38 20
bitmap: 14 22
bitmap: 16 16
bitmap: 16 18
bitmap: 16 20
bitmap: 80 26
bitmap: 38 20
bitmap: 16 18
bitmap: 16 34
bitmap: 16 16
bitmap: 14 22
bitmap: 14 18
bitmap: 14 16
bitmap: 38 22
bitmap: 14 22
bitmap: 40 20
bitmap: 38 20
bitmap: 38 22
bitmap: 38 20
bitmap: 40 20
bitmap: 36 24
bitmap: 16 18
bitmap: 16 18
bitmap: 36 22
bitmap: 40 20
bitmap: 14 16
bitmap: 14 16
bitmap: 14 18
bitmap: 14 16
bitmap: 40 22
bitmap: 38 20
bitmap: 40 22
bitmap: 36 22
bitmap: 14 22
bitmap: 14 16
bitmap: 14 18
bitmap: 14 18
bitmap: 16 16
bitmap: 38 20
bitmap: 14 16
bitmap: 14 16
bitmap: 38 20
bitmap: 38 22
bitmap: 40 22
bitmap: 38 20
bitmap: 14 18
bitmap: 14 18
bitmap: 16 16
bitmap: 16 18
bitmap: 38 18
bitmap: 40 22
bitmap: 14 18
bitmap: 44 22
bitmap: 40 18
bitmap: 40 20
bitmap: 42 22
bitmap: 38 24
bitmap: 38 20
bitmap: 18 20
bitmap: 40 20
bitmap: 14 16
bitmap: 40 20
bitmap: 38 22
bitmap: 16 18
bitmap: 16 50
bitmap: 40 18
bitmap: 14 20
bitmap: 14 18
bitmap: 14 20
bitmap: 40 22
bitmap: 12 12
bitmap: 36 24
bitmap: 14 16
bitmap: 14 18
bitmap: 16 16
bitmap: 14 18
bitmap: 16 16
bitmap: 14 16
bitmap: 40 22
bitmap: 38 22
bitmap: 38 20
bitmap: 38 26
bitmap: 38 20
bitmap: 38 20
bitmap: 38 24
bitmap: 16 18
bitmap: 14 16
bitmap: 38 20
bitmap: 14 48
bitmap: 14 20
bitmap: 14 18
bitmap: 14 16
bitmap: 40 16
bitmap: 16 16
bitmap: 14 18
bitmap: 12 20
bitmap: 14 22
bitmap: 14 18
bitmap: 14 18
bitmap: 14 18
bitmap: 38 24
bitmap: 14 18
bitmap: 14 20
bitmap: 16 18
bitmap: 16 18
bitmap: 38 20
bitmap: 38 18
bitmap: 16 38
bitmap: 38 20
bitmap: 14 20
bitmap: 14 18
bitmap: 14 16
bitmap: 14 16
bitmap: 40 24
bitmap: 14 18
bitmap: 40 24
bitmap: 40 22
bitmap: 38 20
bitmap: 14 16
bitmap: 36 22
bitmap: 14 16
bitmap: 16 16
bitmap: 14 16
bitmap: 36 22
bitmap: 14 18
bitmap: 14 18
bitmap: 38 20
bitmap: 38 22
bitmap: 16 18
bitmap: 14 18
bitmap: 38 24
bitmap: 38 20
bitmap: 40 20
bitmap: 16 18
bitmap: 14 18
bitmap: 16 16
bitmap: 14 16
bitmap: 38 20
bitmap: 38 20
bitmap: 14 16
bitmap: 14 16
bitmap: 38 20
bitmap: 14 16
bitmap: 38 22
bitmap: 40 20
bitmap: 14 18
bitmap: 38 20
bitmap: 38 22
bitmap: 16 18
bitmap: 14 20
bitmap: 14 16
bitmap: 40 20
bitmap: 14 16
bitmap: 40 24
bitmap: 40 20
bitmap: 38 22
bitmap: 38 22
bitmap: 38 20
bitmap: 40 20
bitmap: 16 18
bitmap: 42 22
bitmap: 40 22
bitmap: 40 20
bitmap: 38 20
bitmap: 14 18
bitmap: 16 20
bitmap: 40 20
bitmap: 14 18
bitmap: 14 16
bitmap: 38 22
bitmap: 42 20
bitmap: 14 18
bitmap: 14 42
bitmap: 14 20
bitmap: 14 22
bitmap: 38 22
bitmap: 14 18
bitmap: 40 20
bitmap: 38 20
bitmap: 38 20
bitmap: 12 44
bitmap: 38 20
bitmap: 40 20
bitmap: 40 20
bitmap: 14 16
bitmap: 16 32
bitmap: 38 22
bitmap: 40 18
bitmap: 14 48
bitmap: 14 14
bitmap: 42 24
bitmap: 14 30
bitmap: 40 20
bitmap: 38 22
bitmap: 38 24
bitmap: 40 24
bitmap: 14 30
bitmap: 14 18
bitmap: 34 22
bitmap: 14 16
bitmap: 36 22
bitmap: 36 20
bitmap: 16 16
bitmap: 34 20
bitmap: 14 42
bitmap: 14 20
bitmap: 38 22
bitmap: 14 16
bitmap: 38 20
bitmap: 38 26
bitmap: 38 20
bitmap: 14 18
bitmap: 16 42
bitmap: 40 20
bitmap: 40 20
bitmap: 36 20
bitmap: 40 20
bitmap: 14 18
bitmap: 14 16
bitmap: 12 18
bitmap: 14 46
bitmap: 16 22
bitmap: 38 20
bitmap: 40 20
bitmap: 14 16
bitmap: 14 16
bitmap: 12 20
bitmap: 40 24
bitmap: 14 32
bitmap: 38 22
bitmap: 40 22
bitmap: 38 22
bitmap: 14 20
bitmap: 14 18
bitmap: 38 20
bitmap: 14 18
bitmap: 40 20
bitmap: 38 18
bitmap: 16 16
bitmap: 14 18
bitmap: 14 16
bitmap: 16 18
bitmap: 14 18
bitmap: 38 22
bitmap: 12 16
bitmap: 16 16
bitmap: 40 18
bitmap: 38 20
bitmap: 36 24
bitmap: 38 22
bitmap: 40 24
bitmap: 38 22
bitmap: 38 20
bitmap: 36 22
bitmap: 34 24
bitmap: 14 32
bitmap: 38 24
bitmap: 38 18
bitmap: 36 20
bitmap: 16 30
bitmap: 36 24
bitmap: 14 16
bitmap: 38 20
bitmap: 16 14
bitmap: 38 22
bitmap: 14 20
bitmap: 16 14
bitmap: 40 20
bitmap: 14 16
bitmap: 38 22
bitmap: 14 32
bitmap: 16 16
bitmap: 14 32
bitmap: 14 18
bitmap: 40 22
bitmap: 14 16
bitmap: 16 32
bitmap: 36 22
bitmap: 36 20
bitmap: 14 20
bitmap: 36 24
bitmap: 14 22
bitmap: 16 16
bitmap: 36 22
bitmap: 18 20
bitmap: 16 16
bitmap: 38 22
bitmap: 40 22
bitmap: 40 22
bitmap: 18 22
bitmap: 38 22
bitmap: 14 18
bitmap: 14 14
bitmap: 38 20
bitmap: 14 16
bitmap: 36 20
bitmap: 12 18
bitmap: 38 22
bitmap: 38 22
bitmap: 14 38
bitmap: 14 18
bitmap: 40 24
bitmap: 16 16
bitmap: 18 16
bitmap: 38 22
bitmap: 38 20
bitmap: 40 22
bitmap: 38 20
bitmap: 14 50
bitmap: 16 16
bitmap: 36 24
bitmap: 36 22
bitmap: 40 22
bitmap: 16 16
bitmap: 16 16
bitmap: 16 20
bitmap: 38 24
bitmap: 38 20
bitmap: 36 24
bitmap: 38 24
bitmap: 38 22
bitmap: 16 16
bitmap: 14 18
bitmap: 16 18
bitmap: 38 20
bitmap: 40 22
bitmap: 34 22
bitmap: 36 20
bitmap: 20 20
bitmap: 38 20
bitmap: 16 14
bitmap: 38 20
bitmap: 38 22
bitmap: 14 14
bitmap: 38 22
bitmap: 40 22
bitmap: 42 20
bitmap: 14 22
bitmap: 42 20
bitmap: 38 22
bitmap: 38 22
bitmap: 38 24
bitmap: 36 20
bitmap: 42 20
bitmap: 38 22
bitmap: 38 20
bitmap: 14 50
bitmap: 38 20
bitmap: 14 166
bitmap: 38 24
bitmap: 12 18
bitmap: 16 16
