fprr: 72 16
fprr: 24 14
fprr: 14 14
fprr: 34 16
fprr: 28 16
fprr: 16 16
fprr: 16 16
fprr: 14 14
fprr: 16 16
fprr: 24 16
fprr: 34 14
fprr: 26 52
fprr: 28 16
fprr: 26 14
fprr: 14 14
fprr: 14 16
fprr: 14 16
fprr: 16 16
fprr: 26 18
fprr: 16 16
fprr: 28 16
fprr: 26 16
fprr: 26 16
fprr: 26 16
fprr: 16 16
fprr: 16 16
fprr: 16 16
fprr: 16 16
fprr: 46 16
fprr: 26 16
fprr: 16 16
fprr: 24 14
fprr: 14 16
fprr: 16 16
fprr: 16 16
fprr: 26 16
fprr: 26 14
fprr: 14 16
fprr: 16 16
fprr: 28 16
fprr: 26 18
fprr: 24 16
fprr: 16 16
fprr: 14 16
fprr: 26 18
fprr: 24 16
fprr: 24 16
fprr: 26 14
fprr: 26 16
fprr: 16 16
fprr: 14 16
fprr: 16 16
fprr: 16 16
fprr: 16 16
fprr: 16 16
fprr: 16 18
fprr: 24 16
fprr: 16 16
fprr: 16 16
fprr: 28 16
fprr: 28 16
fprr: 16 16
fprr: 30 16
fprr: 26 16
fprr: 26 16
fprr: 28 16
fprr: 26 16
fprr: 14 16
fprr: 16 16
fprr: 14 14
fprr: 26 14
fprr: 26 14
fprr: 24 14
fprr: 14 14
fprr: 26 16
fprr: 30 16
fprr: 16 16
fprr: 16 16
fprr: 16 16
fprr: 24 16
fprr: 16 16
fprr: 14 14
fprr: 14 14
fprr: 24 16
fprr: 16 16
fprr: 16 16
fprr: 16 14
fprr: 14 16
fprr: 24 16
fprr: 26 14
fprr: 14 14
fprr: 14 14
fprr: 26 16
fprr: 14 14
fprr: 24 14
fprr: 14 14
fprr: 14 14
fprr: 46 16
fprr: 16 16
fprr: 16 16
fprr: 26 14
fprr: 14 16
fprr: 28 16
fprr: 24 14
fprr: 16 16
fprr: 44 16
fprr: 14 14
fprr: 24 14
fprr: 14 16
fprr: 16 16
fprr: 28 16
fprr: 14 14
fprr: 14 16
fprr: 26 16
fprr: 26 16
fprr: 26 16
fprr: 16 16
fprr: 30 16
fprr: 14 14
fprr: 14 14
fprr: 16 16
fprr: 16 16
fprr: 16 16
fprr: 26 14
fprr: 28 16
fprr: 14 14
fprr: 30 16
fprr: 26 16
fprr: 16 16
fprr: 14 14
fprr: 14 14
fprr: 16 16
fprr: 16 16
fprr: 24 16
fprr: 26 14
fprr: 26 14
fprr: 14 14
fprr: 30 16
fprr: 26 16
fprr: 16 16
fprr: 16 16
fprr: 14 14
fprr: 14 16
fprr: 16 16
fprr: 14 16
fprr: 28 16
fprr: 14 14
fprr: 14 14
fprr: 14 14
fprr: 28 16
fprr: 16 16
fprr: 30 14
fprr: 14 14
fprr: 14 14
fprr: 14 16
fprr: 14 16
fprr: 26 16
fprr: 26 18
fprr: 24 16
fprr: 14 14
fprr: 14 16
fprr: 16 16
fprr: 16 14
fprr: 26 14
fprr: 26 16
fprr: 16 16
fprr: 16 14
fprr: 14 14
fprr: 16 16
fprr: 14 14
fprr: 28 16
fprr: 16 16
fprr: 16 16
fprr: 28 16
fprr: 28 16
fprr: 16 16
fprr: 16 16
fprr: 16 16
fprr: 16 16
fprr: 26 16
fprr: 14 14
fprr: 14 14
fprr: 14 16
fprr: 16 16
fprr: 16 16
fprr: 16 16
fprr: 14 14
fprr: 16 16
fprr: 24 14
fprr: 16 16
fprr: 14 14
fprr: 14 14
fprr: 14 14
fprr: 14 14
fprr: 16 16
fprr: 14 16
fprr: 26 16
fprr: 24 16
fprr: 24 16
fprr: 16 16
fprr: 16 16
fprr: 14 16
fprr: 16 16
fprr: 16 16
fprr: 16 16
fprr: 16 16
fprr: 16 16
fprr: 16 16
fprr: 16 16
fprr: 16 16
fprr: 16 16
fprr: 14 14
fprr: 14 14
fprr: 14 16
fprr: 16 16
fprr: 24 16
fprr: 28 16
fprr: 16 16
fprr: 16 16
fprr: 28 16
fprr: 16 16
fprr: 14 14
fprr: 14 14
fprr: 14 14
fprr: 14 14
fprr: 14 14
fprr: 26 14
fprr: 14 14
fprr: 14 14
fprr: 16 16
fprr: 14 14
fprr: 16 16
fprr: 16 16
fprr: 26 16
fprr: 16 16
fprr: 16 16
fprr: 28 16
fprr: 14 14
fprr: 30 16
fprr: 16 16
fprr: 16 16
fprr: 16 16
fprr: 14 16
fprr: 16 16
fprr: 14 14
fprr: 14 14
fprr: 16 14
fprr: 16 16
fprr: 16 14
fprr: 14 14
fprr: 16 14
fprr: 14 14
fprr: 14 16
fprr: 16 16
fprr: 16 16
fprr: 14 14
fprr: 14 16
fprr: 16 16
fprr: 14 14
fprr: 24 16
fprr: 16 16
fprr: 26 16
fprr: 16 16
fprr: 30 14
fprr: 26 16
fprr: 14 14
fprr: 30 18
fprr: 26 16
fprr: 14 16
fprr: 16 16
fprr: 14 16
fprr: 16 16
fprr: 16 16
fprr: 16 16
fprr: 16 16
fprr: 14 14
fprr: 26 16
fprr: 26 16
fprr: 16 16
fprr: 14 14
fprr: 14 16
fprr: 14 14
fprr: 14 14
fprr: 14 14
fprr: 16 14
fprr: 14 14
fprr: 16 16
fprr: 16 16
fprr: 16 16
fprr: 14 14
fprr: 16 16
fprr: 24 16
fprr: 16 16
fprr: 26 14
fprr: 14 16
fprr: 16 16
fprr: 14 16
fprr: 16 16
fprr: 16 16
fprr: 16 16
fprr: 16 16
fprr: 14 14
fprr: 14 14
fprr: 16 18
fprr: 16 16
fprr: 16 16
fprr: 14 14
fprr: 16 16
fprr: 24 16
fprr: 16 16
fprr: 16 14
fprr: 14 16
fprr: 14 14
fprr: 14 14
fprr: 16 16
fprr: 14 16
fprr: 16 16
fprr: 28 16
fprr: 16 16
fprr: 28 16
fprr: 16 16
fprr: 16 14
fprr: 26 18
fprr: 16 16
fprr: 14 14
fprr: 14 14
fprr: 14 14
fprr: 14 14
fprr: 16 16
fprr: 24 16
fprr: 16 16
fprr: 16 14
fprr: 14 16
fprr: 16 16
fprr: 26 16
fprr: 26 16
fprr: 16 16
fprr: 16 16
fprr: 16 16
fprr: 16 14
fprr: 16 16
fprr: 26 14
fprr: 14 14
fprr: 14 14
fprr: 14 14
fprr: 14 14
fprr: 14 14
fprr: 14 14
fprr: 16 18
fprr: 16 16
fprr: 16 16
fprr: 14 14
fprr: 16 16
fprr: 14 14
fprr: 14 14
fprr: 14 14
fprr: 16 16
fprr: 14 14
fprr: 16 16
fprr: 16 16
fprr: 16 16
fprr: 14 14
fprr: 26 16
fprr: 14 14
fprr: 14 14
fprr: 26 14
fprr: 14 16
fprr: 16 16
fprr: 16 16
fprr: 14 14
fprr: 14 14
fprr: 14 14
fprr: 28 16
fprr: 16 16
fprr: 16 16
fprr: 16 16
fprr: 26 16
fprr: 14 16
fprr: 16 16
fprr: 16 16
fprr: 14 14
fprr: 14 14
fprr: 14 14
fprr: 14 14
fprr: 14 14
fprr: 14 16
fprr: 16 16
fprr: 26 16
fprr: 14 14
fprr: 14 14
fprr: 16 16
fprr: 16 16
fprr: 14 16
fprr: 16 16
fprr: 14 14
fprr: 14 16
fprr: 16 16
fprr: 16 16
fprr: 16 16
fprr: 14 14
fprr: 16 16
fprr: 14 14
fprr: 14 14
fprr: 14 14
fprr: 16 16
fprr: 24 16
fprr: 14 14
fprr: 16 16
fprr: 16 16
fprr: 16 14
fprr: 14 14
fprr: 16 16
fprr: 14 14
fprr: 16 16
fprr: 16 16
fprr: 16 16
fprr: 14 14
fprr: 16 16
fprr: 14 14
fprr: 14 14
fprr: 14 14
fprr: 16 16
fprr: 14 14
fprr: 16 16
fprr: 16 16
fprr: 16 16
fprr: 14 14
fprr: 16 16
fprr: 14 14
fprr: 14 14
fprr: 14 14
fprr: 16 14
fprr: 14 16
fprr: 16 16
fprr: 30 14
fprr: 24 16
fprr: 14 14
fprr: 14 14
fprr: 14 14
fprr: 14 14
fprr: 16 16
fprr: 14 16
fprr: 16 16
fprr: 14 14
fprr: 16 16
fprr: 14 14
fprr: 14 14
fprr: 14 14
fprr: 16 16
fprr: 14 14
fprr: 16 16
fprr: 16 40
fprr: 16 16
fprr: 16 16
fprr: 14 14
fprr: 14 14
fprr: 14 14
fprr: 14 14
fprr: 16 16
fprr: 14 14
fprr: 16 16
fprr: 16 16
fprr: 16 16
fprr: 14 14
fprr: 16 16
fprr: 14 14
fprr: 14 14
fprr: 14 14
fprr: 16 16
fprr: 16 16
fprr: 16 16
fprr: 16 14
fprr: 26 16
fprr: 14 14
fprr: 28 16
fprr: 26 18
fprr: 16 16
fprr: 16 16
fprr: 16 16
fprr: 16 16
fprr: 14 14
fprr: 14 14
fprr: 14 14
fprr: 16 16
fprr: 14 14
fprr: 16 16
fprr: 16 16
fprr: 16 14
fprr: 16 16
fprr: 24 16
fprr: 14 14
fprr: 14 14
fprr: 14 14
fprr: 16 16
fprr: 16 16
fprr: 16 16
fprr: 16 16
fprr: 16 16
fprr: 16 16
fprr: 16 16
fprr: 14 16
fprr: 16 16
fprr: 14 14
fprr: 24 16
fprr: 14 14
fprr: 14 14
fprr: 24 16
fprr: 16 16
fprr: 14 14
fprr: 14 14
fprr: 14 14
fprr: 14 14
fprr: 16 16
fprr: 14 14
fprr: 14 16
fprr: 16 16
fprr: 14 14
fprr: 16 16
fprr: 24 16
fprr: 16 16
fprr: 16 14
fprr: 14 14
fprr: 16 16
fprr: 14 14
fprr: 24 16
fprr: 26 14
fprr: 14 14
fprr: 34 16
fprr: 26 16
fprr: 16 16
fprr: 16 16
fprr: 16 16
fprr: 30 16
fprr: 16 16
fprr: 16 14
fprr: 14 16
fprr: 14 14
fprr: 26 14
fprr: 26 16
fprr: 14 14
fprr: 14 14
fprr: 26 14
fprr: 14 16
fprr: 16 16
fprr: 16 16
fprr: 26 16
fprr: 16 16
fprr: 16 16
fprr: 16 16
fprr: 28 16
fprr: 14 14
fprr: 14 14
fprr: 14 14
fprr: 14 14
fprr: 26 16
fprr: 26 16
fprr: 14 14
fprr: 14 14
fprr: 14 16
fprr: 16 16
fprr: 26 16
fprr: 16 14
fprr: 14 14
fprr: 28 14
fprr: 14 14
fprr: 16 16
fprr: 14 14
fprr: 14 16
fprr: 16 16
fprr: 16 14
fprr: 14 14
fprr: 14 14
fprr: 14 14
fprr: 14 14
fprr: 14 14
fprr: 16 14
fprr: 14 16
fprr: 26 16
fprr: 16 16
fprr: 16 16
fprr: 16 16
fprr: 16 16
fprr: 24 16
fprr: 16 16
fprr: 14 16
fprr: 26 16
fprr: 14 14
fprr: 14 16
fprr: 16 16
fprr: 16 16
fprr: 16 16
fprr: 16 16
fprr: 14 16
fprr: 14 14
fprr: 14 14
fprr: 16 16
fprr: 24 14
fprr: 14 14
fprr: 14 14
fprr: 14 14
fprr: 14 14
fprr: 16 16
fprr: 14 16
fprr: 16 16
fprr: 14 14
fprr: 16 14
fprr: 14 16
fprr: 16 16
fprr: 14 14
fprr: 16 16
fprr: 14 14
fprr: 14 14
fprr: 14 14
fprr: 16 16
fprr: 14 14
fprr: 16 16
fprr: 16 16
fprr: 16 16
fprr: 14 14
fprr: 16 16
fprr: 14 14
fprr: 14 14
fprr: 26 14
fprr: 14 14
fprr: 14 14
fprr: 14 16
fprr: 16 16
fprr: 24 14
fprr: 14 16
fprr: 16 16
fprr: 14 14
fprr: 16 16
fprr: 26 14
fprr: 24 14
fprr: 14 14
fprr: 14 14
fprr: 14 16
fprr: 14 14
fprr: 14 14
fprr: 16 16
fprr: 16 16
fprr: 16 16
fprr: 14 14
fprr: 16 16
fprr: 14 14
fprr: 14 14
fprr: 14 14
fprr: 16 16
fprr: 14 14
fprr: 16 16
fprr: 16 16
fprr: 16 16
fprr: 14 14
fprr: 16 16
fprr: 14 14
fprr: 14 14
fprr: 14 14
fprr: 24 16
fprr: 14 14
fprr: 14 14
fprr: 14 16
fprr: 24 14
fprr: 26 16
fprr: 14 14
fprr: 14 14
fprr: 28 16
fprr: 16 16
fprr: 16 16
fprr: 16 16
fprr: 16 16
fprr: 14 14
fprr: 16 16
fprr: 14 14
fprr: 16 16
fprr: 14 14
fprr: 16 16
fprr: 16 16
fprr: 16 16
fprr: 14 14
fprr: 16 16
fprr: 14 14
fprr: 24 16
fprr: 14 14
fprr: 14 14
fprr: 14 14
fprr: 16 18
fprr: 28 18
fprr: 26 16
fprr: 14 14
fprr: 14 14
fprr: 14 14
fprr: 14 16
fprr: 16 16
fprr: 16 16
fprr: 16 16
fprr: 16 16
fprr: 24 14
fprr: 16 16
fprr: 14 14
fprr: 14 14
fprr: 16 16
fprr: 24 16
fprr: 16 16
fprr: 16 14
fprr: 14 16
fprr: 16 16
fprr: 16 18
fprr: 14 14
fprr: 14 14
fprr: 14 16
fprr: 16 18
fprr: 16 16
fprr: 16 16
fprr: 26 16
fprr: 14 14
fprr: 14 14
fprr: 14 14
fprr: 16 16
fprr: 14 16
fprr: 16 16
fprr: 14 14
fprr: 16 16
fprr: 14 14
fprr: 14 14
fprr: 14 14
fprr: 16 14
fprr: 14 16
fprr: 16 16
fprr: 16 18
fprr: 14 14
fprr: 14 14
fprr: 14 14
fprr: 16 16
fprr: 14 16
fprr: 16 16
fprr: 14 14
fprr: 16 16
fprr: 14 14
fprr: 14 14
fprr: 14 14
fprr: 16 16
fprr: 14 14
fprr: 16 16
fprr: 16 16
fprr: 24 16
fprr: 14 14
fprr: 14 16
fprr: 16 16
fprr: 16 16
fprr: 16 18
fprr: 24 14
fprr: 14 16
fprr: 28 14
fprr: 14 14
fprr: 14 14
fprr: 14 14
fprr: 16 14
fprr: 16 16
fprr: 16 18
fprr: 14 14
fprr: 14 14
fprr: 14 14
fprr: 16 16
fprr: 14 14
fprr: 16 16
fprr: 16 16
fprr: 16 16
fprr: 26 16
fprr: 26 16
fprr: 26 18
fprr: 16 16
fprr: 16 16
fprr: 28 16
fprr: 14 14
fprr: 28 16
fprr: 16 16
fprr: 16 16
fprr: 16 16
fprr: 14 14
fprr: 26 16
fprr: 16 16
fprr: 16 16
fprr: 16 16
fprr: 16 14
fprr: 14 14
fprr: 16 16
fprr: 14 14
fprr: 16 16
fprr: 16 16
fprr: 14 14
fprr: 14 16
fprr: 16 16
fprr: 26 16
fprr: 16 16
fprr: 16 16
fprr: 16 16
fprr: 26 16
fprr: 16 16
fprr: 16 14
fprr: 14 16
fprr: 14 14
fprr: 14 14
fprr: 16 16
fprr: 14 14
fprr: 16 16
fprr: 16 16
fprr: 16 18
fprr: 14 14
fprr: 14 14
fprr: 14 14
fprr: 16 16
fprr: 14 14
fprr: 16 16
fprr: 16 16
fprr: 16 18
fprr: 14 14
fprr: 14 14
fprr: 14 14
fprr: 16 16
fprr: 24 16
fprr: 16 16
fprr: 14 14
fprr: 14 16
fprr: 16 16
fprr: 16 16
fprr: 16 16
fprr: 14 14
fprr: 16 16
fprr: 14 14
fprr: 14 14
fprr: 14 14
fprr: 16 16
fprr: 14 14
fprr: 16 16
fprr: 16 16
fprr: 26 16
fprr: 16 16
fprr: 16 16
fprr: 16 16
fprr: 26 16
fprr: 16 16
fprr: 14 14
fprr: 14 16
fprr: 14 14
fprr: 14 14
fprr: 16 14
fprr: 14 16
fprr: 16 16
fprr: 16 16
fprr: 14 14
fprr: 14 14
fprr: 16 16
fprr: 16 16
fprr: 16 16
fprr: 16 18
fprr: 14 14
fprr: 16 16
fprr: 16 16
fprr: 16 16
fprr: 26 16
fprr: 16 16
fprr: 16 16
fprr: 16 18
fprr: 14 14
fprr: 14 14
fprr: 14 14
fprr: 16 16
fprr: 14 14
fprr: 16 16
fprr: 16 16
fprr: 16 16
fprr: 14 14
fprr: 16 16
fprr: 14 14
fprr: 14 14
fprr: 14 14
fprr: 16 16
fprr: 14 16
fprr: 16 16
fprr: 14 14
fprr: 16 16
fprr: 14 14
fprr: 30 16
fprr: 16 14
fprr: 14 14
fprr: 14 16
fprr: 14 14
fprr: 16 16
fprr: 16 16
fprr: 24 16
fprr: 14 14
fprr: 14 16
fprr: 16 16
fprr: 16 18
fprr: 14 14
fprr: 14 14
fprr: 14 14
fprr: 16 16
fprr: 14 14
fprr: 16 16
fprr: 16 16
fprr: 16 14
fprr: 14 16
fprr: 14 14
fprr: 14 14
fprr: 16 14
fprr: 14 16
fprr: 24 16
fprr: 16 16
fprr: 16 14
fprr: 14 14
fprr: 14 14
fprr: 14 14
fprr: 14 14
fprr: 16 18
fprr: 16 16
fprr: 16 16
fprr: 26 16
fprr: 16 16
fprr: 16 14
fprr: 26 16
fprr: 16 16
fprr: 14 14
fprr: 14 16
fprr: 14 14
fprr: 14 14
fprr: 14 14
fprr: 14 14
fprr: 16 16
fprr: 14 14
fprr: 16 16
fprr: 16 16
fprr: 16 16
fprr: 28 16
fprr: 14 14
fprr: 14 16
fprr: 16 16
fprr: 14 14
fprr: 16 16
fprr: 14 14
fprr: 16 16
fprr: 26 14
fprr: 14 16
fprr: 16 16
fprr: 16 16
fprr: 16 16
fprr: 14 14
fprr: 14 16
fprr: 14 14
fprr: 14 14
fprr: 14 14
fprr: 14 14
fprr: 14 14
fprr: 14 14
fprr: 16 16
fprr: 14 14
fprr: 16 16
fprr: 14 14
fprr: 14 14
fprr: 14 14
fprr: 16 16
fprr: 14 14
fprr: 24 16
fprr: 14 14
fprr: 26 14
fprr: 14 14
fprr: 16 16
fprr: 14 14
fprr: 14 14
fprr: 26 14
fprr: 14 14
fprr: 14 14
fprr: 26 14
fprr: 14 14
fprr: 26 14
fprr: 14 14
fprr: 14 16
fprr: 16 18
fprr: 16 16
fprr: 16 16
fprr: 14 14
fprr: 16 16
fprr: 14 14
fprr: 14 14
fprr: 24 14
fprr: 14 16
fprr: 16 16
fprr: 16 16
fprr: 14 14
fprr: 14 14
fprr: 14 14
fprr: 14 14
fprr: 14 14
fprr: 16 16
fprr: 14 16
fprr: 14 14
fprr: 16 16
fprr: 14 14
fprr: 14 14
fprr: 14 16
