fprr: 74 14
fprr: 50 14
fprr: 14 14
fprr: 16 16
fprr: 16 16
fprr: 14 14
fprr: 38 16
fprr: 14 16
fprr: 26 14
fprr: 14 16
fprr: 16 16
fprr: 16 38
fprr: 14 14
fprr: 14 14
fprr: 14 14
fprr: 26 14
fprr: 14 16
fprr: 14 14
fprr: 14 14
fprr: 14 14
fprr: 16 16
fprr: 32 16
fprr: 16 16
fprr: 24 16
fprr: 26 16
fprr: 26 16
fprr: 16 16
fprr: 26 18
fprr: 16 30
fprr: 30 18
fprr: 16 16
fprr: 14 14
fprr: 24 14
fprr: 26 14
fprr: 26 16
fprr: 24 16
fprr: 26 14
fprr: 14 14
fprr: 24 18
fprr: 14 14
fprr: 14 16
fprr: 26 14
fprr: 14 16
fprr: 32 16
fprr: 14 14
fprr: 16 14
fprr: 14 16
fprr: 24 16
fprr: 14 14
fprr: 14 14
fprr: 14 14
fprr: 24 16
fprr: 28 16
fprr: 16 16
fprr: 24 16
fprr: 24 14
fprr: 14 16
fprr: 14 14
fprr: 48 14
fprr: 14 14
fprr: 16 16
fprr: 24 16
fprr: 16 16
fprr: 24 16
fprr: 16 16
fprr: 26 16
fprr: 16 16
fprr: 16 16
fprr: 26 18
fprr: 46 16
fprr: 14 14
fprr: 28 16
fprr: 26 16
fprr: 16 16
fprr: 14 14
fprr: 14 18
fprr: 14 14
fprr: 14 16
fprr: 14 16
fprr: 16 16
fprr: 26 16
fprr: 16 16
fprr: 30 16
fprr: 14 16
fprr: 24 16
fprr: 16 16
fprr: 26 16
fprr: 16 16
fprr: 14 16
fprr: 16 16
fprr: 16 16
fprr: 28 14
fprr: 16 16
fprr: 24 16
fprr: 26 16
fprr: 16 16
fprr: 32 18
fprr: 16 16
fprr: 14 14
fprr: 46 16
fprr: 14 14
fprr: 24 16
fprr: 16 16
fprr: 30 16
fprr: 24 16
fprr: 16 16
fprr: 14 14
fprr: 14 16
fprr: 16 16
fprr: 26 14
fprr: 26 14
fprr: 26 18
fprr: 16 16
fprr: 26 16
fprr: 26 16
fprr: 24 16
fprr: 24 14
fprr: 26 14
fprr: 14 14
fprr: 64 16
fprr: 16 16
fprr: 16 16
fprr: 24 16
fprr: 16 16
fprr: 30 16
fprr: 24 14
fprr: 26 16
fprr: 26 14
fprr: 14 14
fprr: 26 16
fprr: 14 14
fprr: 26 16
fprr: 26 16
fprr: 24 16
fprr: 26 14
fprr: 26 14
fprr: 24 16
fprr: 26 16
fprr: 14 14
fprr: 26 16
fprr: 26 16
fprr: 28 16
fprr: 16 16
fprr: 16 14
fprr: 24 16
fprr: 14 14
fprr: 14 14
fprr: 14 16
fprr: 24 14
fprr: 24 16
fprr: 26 14
fprr: 60 16
fprr: 16 16
fprr: 16 16
fprr: 14 16
fprr: 26 14
fprr: 44 14
fprr: 32 14
fprr: 26 14
fprr: 14 14
fprr: 14 14
fprr: 26 14
fprr: 14 16
fprr: 14 14
fprr: 14 14
fprr: 26 16
fprr: 26 16
fprr: 26 16
fprr: 24 16
fprr: 24 16
fprr: 88 16
fprr: 16 16
fprr: 26 16
fprr: 24 18
fprr: 14 14
fprr: 26 14
fprr: 26 14
fprr: 26 16
fprr: 24 16
fprr: 26 14
fprr: 14 14
fprr: 24 16
fprr: 24 16
fprr: 14 14
fprr: 14 16
fprr: 16 16
fprr: 14 14
fprr: 14 16
fprr: 24 16
fprr: 16 16
fprr: 14 16
fprr: 16 16
fprr: 28 16
fprr: 44 18
fprr: 16 16
fprr: 16 14
fprr: 24 18
fprr: 26 14
fprr: 26 14
fprr: 24 16
fprr: 14 14
fprr: 26 14
fprr: 26 14
fprr: 14 14
fprr: 26 14
fprr: 14 14
fprr: 14 14
fprr: 26 14
fprr: 14 14
fprr: 24 16
fprr: 16 16
fprr: 16 14
fprr: 26 14
fprr: 32 16
fprr: 16 16
fprr: 24 16
fprr: 14 16
fprr: 24 16
fprr: 26 16
fprr: 14 16
fprr: 28 16
fprr: 26 16
fprr: 16 16
fprr: 14 16
fprr: 28 16
fprr: 16 16
fprr: 26 16
fprr: 16 16
fprr: 16 14
fprr: 26 14
fprr: 14 16
fprr: 28 16
fprr: 16 16
fprr: 30 18
fprr: 16 16
fprr: 24 16
fprr: 26 14
fprr: 28 16
fprr: 16 16
fprr: 16 16
fprr: 26 16
fprr: 16 16
fprr: 16 16
fprr: 16 16
fprr: 16 16
fprr: 24 14
fprr: 14 16
fprr: 16 16
fprr: 24 16
fprr: 14 14
fprr: 14 16
fprr: 28 16
fprr: 26 14
fprr: 14 14
fprr: 28 16
fprr: 16 16
fprr: 26 16
fprr: 26 16
fprr: 16 16
fprr: 26 16
fprr: 28 16
fprr: 24 14
fprr: 26 16
fprr: 24 16
fprr: 26 14
fprr: 24 16
fprr: 14 14
fprr: 16 16
fprr: 24 16
fprr: 30 16
fprr: 28 14
fprr: 44 14
fprr: 28 16
fprr: 30 16
fprr: 30 16
fprr: 14 14
fprr: 28 14
fprr: 24 16
fprr: 26 16
fprr: 24 14
fprr: 14 14
fprr: 24 16
fprr: 24 16
fprr: 16 16
fprr: 44 16
fprr: 28 16
fprr: 14 16
fprr: 28 16
fprr: 16 16
fprr: 14 14
fprr: 14 14
fprr: 44 14
fprr: 14 14
fprr: 24 16
fprr: 24 14
fprr: 26 16
fprr: 26 16
fprr: 14 14
fprr: 14 16
fprr: 16 16
fprr: 16 16
fprr: 14 14
fprr: 14 14
fprr: 14 14
fprr: 24 16
fprr: 16 16
fprr: 32 18
fprr: 28 16
fprr: 26 16
fprr: 26 18
fprr: 16 16
fprr: 16 16
fprr: 16 16
fprr: 14 14
fprr: 14 14
fprr: 24 16
fprr: 26 14
fprr: 58 16
fprr: 26 16
fprr: 44 14
fprr: 14 14
fprr: 26 16
fprr: 24 16
fprr: 16 16
fprr: 16 14
fprr: 24 16
fprr: 14 14
fprr: 44 14
fprr: 14 14
fprr: 30 16
fprr: 26 16
fprr: 24 14
fprr: 14 14
fprr: 14 14
fprr: 26 14
fprr: 14 14
fprr: 26 16
fprr: 14 16
fprr: 28 16
fprr: 16 16
fprr: 30 16
fprr: 26 14
fprr: 26 14
fprr: 14 14
fprr: 14 14
fprr: 14 16
fprr: 24 14
fprr: 26 14
fprr: 14 14
fprr: 28 14
fprr: 24 16
fprr: 26 14
fprr: 14 14
fprr: 30 16
fprr: 24 14
fprr: 14 14
fprr: 16 14
fprr: 14 14
fprr: 16 16
fprr: 16 16
fprr: 16 16
fprr: 14 14
fprr: 26 16
fprr: 16 16
fprr: 16 16
fprr: 28 16
fprr: 16 16
fprr: 26 16
fprr: 14 14
fprr: 14 14
fprr: 16 16
fprr: 14 14
fprr: 26 14
fprr: 24 16
fprr: 26 16
fprr: 14 14
fprr: 30 16
fprr: 16 16
fprr: 26 16
fprr: 16 16
fprr: 16 14
fprr: 14 16
fprr: 30 16
fprr: 26 16
fprr: 26 16
fprr: 16 14
fprr: 16 16
fprr: 26 16
fprr: 16 16
fprr: 26 16
fprr: 16 16
fprr: 24 18
fprr: 26 16
fprr: 14 14
fprr: 14 14
fprr: 26 14
fprr: 14 14
fprr: 14 14
fprr: 14 14
fprr: 16 16
fprr: 14 14
fprr: 28 16
fprr: 16 16
fprr: 16 16
fprr: 14 14
fprr: 26 14
fprr: 14 16
fprr: 16 16
fprr: 16 16
fprr: 16 16
fprr: 16 16
fprr: 24 16
fprr: 16 16
fprr: 16 16
fprr: 16 18
fprr: 16 16
fprr: 16 16
fprr: 14 14
fprr: 16 16
fprr: 14 14
fprr: 14 14
fprr: 14 16
fprr: 16 16
fprr: 16 16
fprr: 16 16
fprr: 16 14
fprr: 32778 16
fprr: 14 16
fprr: 26 14
fprr: 26 16
fprr: 36 18
fprr: 28 16
fprr: 16 16
fprr: 14 16
fprr: 26 16
fprr: 34 16
fprr: 32 18
fprr: 16 16
fprr: 14 16
fprr: 14 16
fprr: 16 16
fprr: 28 18
fprr: 18 16
fprr: 16 16
fprr: 14 16
fprr: 16 16
fprr: 14 16
fprr: 26 16
fprr: 16 16
fprr: 14 16
fprr: 16 16
fprr: 26 16
fprr: 16 16
fprr: 16 16
fprr: 28 16
fprr: 16 16
fprr: 16 16
fprr: 16 16
fprr: 16 14
fprr: 16 16
fprr: 16 16
fprr: 16 16
fprr: 26 16
fprr: 26 16
fprr: 16 16
fprr: 28 16
fprr: 26 16
fprr: 16 16
fprr: 16 16
fprr: 16 14
fprr: 16 16
fprr: 26 16
fprr: 26 16
fprr: 16 16
fprr: 14 16
fprr: 50 16
fprr: 28 16
fprr: 30 14
fprr: 16 16
fprr: 28 16
fprr: 46 14
fprr: 26 16
fprr: 16 14
fprr: 16 14
fprr: 16 16
fprr: 16 14
fprr: 16 16
fprr: 14 16
fprr: 16 16
fprr: 26 16
fprr: 14 16
fprr: 16 16
fprr: 14 16
fprr: 14 16
fprr: 46 16
fprr: 16 14
fprr: 16 16
fprr: 28 16
fprr: 16 16
fprr: 28 16
fprr: 16 16
fprr: 26 16
fprr: 16 14
fprr: 32 16
fprr: 16 16
fprr: 14 16
fprr: 26 16
fprr: 14 16
fprr: 28 16
fprr: 16 14
fprr: 16 16
fprr: 16 16
fprr: 26 16
fprr: 16 16
fprr: 28 16
fprr: 16 16
fprr: 16 16
fprr: 28 16
fprr: 28 16
fprr: 14 16
fprr: 26 16
fprr: 14 14
fprr: 28 16
fprr: 26 16
fprr: 16 16
fprr: 32 16
fprr: 30 16
fprr: 14 16
fprr: 26 16
fprr: 16 16
fprr: 16 14
fprr: 14 16
fprr: 24 16
fprr: 26 16
fprr: 16 16
fprr: 26 16
fprr: 14 16
fprr: 28 16
fprr: 32 16
fprr: 28 16
fprr: 16 16
fprr: 26 16
fprr: 30 16
fprr: 26 18
fprr: 18 16
fprr: 24 16
fprr: 26 16
fprr: 26 18
fprr: 16 16
fprr: 16 16
fprr: 16 16
fprr: 16 16
fprr: 14 16
fprr: 26 16
fprr: 26 16
fprr: 16 16
fprr: 30 16
fprr: 28 18
fprr: 14 14
fprr: 16 16
fprr: 28 16
fprr: 28 16
fprr: 26 16
fprr: 26 16
fprr: 14 16
fprr: 28 16
fprr: 16 16
fprr: 14 16
fprr: 14 16
fprr: 16 14
fprr: 16 16
fprr: 16 16
fprr: 50 14
fprr: 14 18
fprr: 32 16
fprr: 14 16
fprr: 14 16
fprr: 30 16
fprr: 16 16
fprr: 16 16
fprr: 14 16
fprr: 14 16
fprr: 26 18
fprr: 16 16
fprr: 14 14
fprr: 50 16
fprr: 16 16
fprr: 16 14
fprr: 28 14
fprr: 26 16
fprr: 16 16
fprr: 38 16
fprr: 16 16
fprr: 16 16
fprr: 16 16
fprr: 16 14
fprr: 26 16
fprr: 26 16
fprr: 14 16
fprr: 16 16
fprr: 26 16
fprr: 16 16
fprr: 16 16
fprr: 16 16
fprr: 26 16
fprr: 14 16
fprr: 16 16
fprr: 26 16
fprr: 16 16
fprr: 16 16
fprr: 14 18
fprr: 16 18
fprr: 26 14
fprr: 16 16
fprr: 16 16
fprr: 16 16
fprr: 16 16
fprr: 26 16
fprr: 16 14
fprr: 16 16
fprr: 16 16
fprr: 30 14
fprr: 26 18
fprr: 16 16
fprr: 16 14
fprr: 16 16
fprr: 60 16
fprr: 26 16
fprr: 16 16
fprr: 34 16
fprr: 30 16
fprr: 16 16
fprr: 26 16
fprr: 26 16
fprr: 14 16
fprr: 28 16
fprr: 16 16
fprr: 16 16
fprr: 16 16
fprr: 14 16
fprr: 16 16
fprr: 16 14
fprr: 14 16
fprr: 16 16
fprr: 14 16
fprr: 14 14
fprr: 16 16
fprr: 16 16
fprr: 16 16
fprr: 14 16
fprr: 16 16
fprr: 26 16
fprr: 14 16
fprr: 14 14
fprr: 16 16
fprr: 14 16
fprr: 16 16
fprr: 26 14
fprr: 16 16
fprr: 14 16
fprr: 14 16
fprr: 26 16
fprr: 24 16
fprr: 14 16
fprr: 28 16
fprr: 26 16
fprr: 26 18
fprr: 28 16
fprr: 14 16
fprr: 14 16
fprr: 16 18
fprr: 28 16
fprr: 16 16
fprr: 16 14
fprr: 16 16
fprr: 14 16
fprr: 14 16
fprr: 16 16
fprr: 16 14
fprr: 16 16
fprr: 14 14
fprr: 16 16
fprr: 14 16
fprr: 28 16
fprr: 14 14
fprr: 14 16
fprr: 14 16
fprr: 16 16
fprr: 16 16
fprr: 14 16
fprr: 16 14
fprr: 16 14
fprr: 14 16
fprr: 16 14
fprr: 16 16
fprr: 16 14
fprr: 26 16
fprr: 26 16
fprr: 16 16
fprr: 16 14
fprr: 26 16
fprr: 32 16
fprr: 26 16
fprr: 16 14
fprr: 16 16
fprr: 16 18
fprr: 60 14
fprr: 16 14
fprr: 16 14
fprr: 14 16
fprr: 26 16
fprr: 16 16
fprr: 16 16
fprr: 30 16
fprr: 24 16
fprr: 16 16
fprr: 16 14
fprr: 16 16
fprr: 14 16
fprr: 14 16
fprr: 28 16
fprr: 14 16
fprr: 14 16
fprr: 14 16
fprr: 16 16
fprr: 14 16
fprr: 16 18
fprr: 14 16
fprr: 16 16
fprr: 14 16
fprr: 16 16
fprr: 26 16
fprr: 26 18
fprr: 16 16
fprr: 16 14
fprr: 16 14
fprr: 16 14
fprr: 14 16
fprr: 16 16
fprr: 16 16
fprr: 14 16
fprr: 16 16
fprr: 14 14
fprr: 16 16
fprr: 24 16
fprr: 16 16
fprr: 16 16
fprr: 16 14
fprr: 16 18
fprr: 14 16
fprr: 28 16
fprr: 18 16
fprr: 28 16
fprr: 16 16
fprr: 30 16
fprr: 16 16
fprr: 16 16
fprr: 28 16
fprr: 14 16
fprr: 26 16
fprr: 14 16
fprr: 16 14
fprr: 16 14
fprr: 16 14
fprr: 14 16
fprr: 30 16
fprr: 26 16
fprr: 30 18
fprr: 24 16
fprr: 14 16
fprr: 28 16
fprr: 16 16
fprr: 26 16
fprr: 16 16
fprr: 26 14
fprr: 26 16
fprr: 14 14
fprr: 14 16
fprr: 16 18
fprr: 26 14
fprr: 16 16
fprr: 16 16
fprr: 16 14
fprr: 26 16
fprr: 16 16
fprr: 28 14
fprr: 16 14
fprr: 26 16
fprr: 34 16
fprr: 14 16
fprr: 18 16
fprr: 30 14
fprr: 26 16
fprr: 14 16
fprr: 14 16
fprr: 18 16
fprr: 34 14
fprr: 16 16
fprr: 26 16
fprr: 26 16
fprr: 16 16
fprr: 16 14
fprr: 16 16
fprr: 16 16
fprr: 16 14
fprr: 16 14
fprr: 14 16
fprr: 26 14
fprr: 14 14
fprr: 14 16
fprr: 26 16
fprr: 16 16
fprr: 16 16
fprr: 16 14
fprr: 16 16
fprr: 26 14
fprr: 16 16
fprr: 16 16
fprr: 16 14
fprr: 26 16
fprr: 16 14
fprr: 16 14
fprr: 16 16
fprr: 16 16
fprr: 16 14
fprr: 24 16
fprr: 16 16
fprr: 16 14
fprr: 16 14
fprr: 16 14
fprr: 14 16
fprr: 16 18
fprr: 24 16
fprr: 18 16
fprr: 16 16
fprr: 26 16
fprr: 16 16
fprr: 16 16
fprr: 26 16
fprr: 16 16
fprr: 24 16
fprr: 16 14
fprr: 16 16
fprr: 28 16
fprr: 16 16
fprr: 16 16
fprr: 16 18
fprr: 14 16
fprr: 16 16
fprr: 26 16
fprr: 16 14
fprr: 16 14
fprr: 16 16
fprr: 16 16
fprr: 16 14
fprr: 16 14
fprr: 28 16
fprr: 16 18
fprr: 30 16
fprr: 26 16
fprr: 14 16
fprr: 14 16
fprr: 14 16
fprr: 16 16
fprr: 14 16
fprr: 16 16
fprr: 16 18
fprr: 16 14
fprr: 16 18
fprr: 26 16
fprr: 16 16
fprr: 26 18
fprr: 16 16
fprr: 16 16
fprr: 16 18
fprr: 28 18
fprr: 18 16
fprr: 16 16
fprr: 30 16
fprr: 14 16
fprr: 16 16
fprr: 16 16
fprr: 26 16
fprr: 14 16
fprr: 14 16
fprr: 16 16
fprr: 16 16
fprr: 16 18
fprr: 26 16
fprr: 26 16
fprr: 14 14
fprr: 14 16
fprr: 16 16
fprr: 14 14
fprr: 16 16
fprr: 14 16
fprr: 16 16
fprr: 16 14
fprr: 26 16
fprr: 14 16
fprr: 18 16
fprr: 26 16
fprr: 14 16
fprr: 14 16
fprr: 16 16
fprr: 14 16
fprr: 26 16
fprr: 28 16
fprr: 16 16
fprr: 16 16
fprr: 16 16
fprr: 16 16
fprr: 16 14
fprr: 16 16
fprr: 26 18
fprr: 16 16
fprr: 36 16
fprr: 28 16
fprr: 14 16
fprr: 14 16
fprr: 26 16
fprr: 16 16
fprr: 30 16
fprr: 16 16
fprr: 14 16
fprr: 14 16
fprr: 16 16
fprr: 14 16
fprr: 16 16
fprr: 16 14
fprr: 16 16
fprr: 14 16
fprr: 16 16
fprr: 28 16
fprr: 16 16
fprr: 16 16
fprr: 16 16
fprr: 16 16
fprr: 14 14
fprr: 16 16
fprr: 14 16
fprr: 26 16
fprr: 34 16
fprr: 26 16
fprr: 14 16
fprr: 16 14
fprr: 16 18
fprr: 14 14
fprr: 16 16
fprr: 32 18
fprr: 26 16
fprr: 28 16
fprr: 16 16
fprr: 16 16
fprr: 26 18
fprr: 46 16
fprr: 16 16
fprr: 14 16
fprr: 14 16
fprr: 16 14
fprr: 16 14
fprr: 16 16
fprr: 28 16
fprr: 16 16
fprr: 32 14
fprr: 16 16
fprr: 16 14
fprr: 14 16
fprr: 14 16
fprr: 26 16
fprr: 26 16
fprr: 16 16
fprr: 30 16
fprr: 16 14
fprr: 30 14
fprr: 16 16
fprr: 16 14
fprr: 16 16
fprr: 16 14
fprr: 16 16
fprr: 14 16
fprr: 16 16
fprr: 26 16
fprr: 16 16
fprr: 24 16
fprr: 14 16
fprr: 24 16
fprr: 26 16
fprr: 16 16
fprr: 36 16
fprr: 16 14
fprr: 14 38
fprr: 16 16
fprr: 16 16
fprr: 16 14
fprr: 16 16
fprr: 16 16
fprr: 16 16
fprr: 16 16
fprr: 16 16
