fprr: 72 14
fprr: 52 14
fprr: 24 38
fprr: 14 14
fprr: 14 14
fprr: 16 16
fprr: 24 14
fprr: 30 18
fprr: 26 16
fprr: 26 16
fprr: 24 14
fprr: 26 16
fprr: 28 16
fprr: 14 16
fprr: 24 16
fprr: 16 16
fprr: 26 16
fprr: 26 14
fprr: 14 14
fprr: 14 14
fprr: 14 16
fprr: 14 14
fprr: 24 16
fprr: 16 16
fprr: 16 14
fprr: 14 16
fprr: 46 14
fprr: 26 16
fprr: 16 16
fprr: 16 14
fprr: 14 16
fprr: 24 16
fprr: 16 16
fprr: 14 14
fprr: 14 16
fprr: 26 14
fprr: 24 16
fprr: 14 14
fprr: 14 14
fprr: 14 14
fprr: 14 14
fprr: 16 16
fprr: 16 14
fprr: 16 16
fprr: 16 16
fprr: 14 16
fprr: 14 14
fprr: 26 16
fprr: 14 14
fprr: 14 14
fprr: 26 14
fprr: 14 14
fprr: 30 16
fprr: 28 14
fprr: 28 16
fprr: 28 16
fprr: 28 16
fprr: 30 16
fprr: 14 16
fprr: 28 14
fprr: 14 14
fprr: 14 16
fprr: 28 16
fprr: 16 16
fprr: 16 16
fprr: 26 16
fprr: 16 16
fprr: 16 16
fprr: 16 14
fprr: 28 14
fprr: 26 14
fprr: 24 14
fprr: 14 14
fprr: 24 16
fprr: 24 16
fprr: 16 16
fprr: 14 14
fprr: 16 16
fprr: 16 14
fprr: 26 16
fprr: 28 14
fprr: 16 16
fprr: 16 16
fprr: 28 14
fprr: 16 16
fprr: 16 16
fprr: 16 16
fprr: 14 14
fprr: 26 16
fprr: 14 16
fprr: 16 16
fprr: 16 16
fprr: 14 14
fprr: 14 16
fprr: 24 14
fprr: 14 14
fprr: 14 14
fprr: 16 16
fprr: 16 16
fprr: 28 16
fprr: 14 14
fprr: 28 18
fprr: 16 16
fprr: 16 16
fprr: 28 14
fprr: 26 16
fprr: 14 14
fprr: 14 14
fprr: 14 16
fprr: 26 16
fprr: 16 16
fprr: 16 16
fprr: 16 16
fprr: 14 14
fprr: 28 16
fprr: 24 16
fprr: 14 14
fprr: 30 16
fprr: 14 14
fprr: 14 14
fprr: 16 14
fprr: 14 14
fprr: 14 14
fprr: 14 16
fprr: 28 16
fprr: 16 16
fprr: 16 16
fprr: 24 16
fprr: 14 14
fprr: 14 14
fprr: 24 16
fprr: 14 16
fprr: 16 16
fprr: 26 16
fprr: 16 16
fprr: 16 16
fprr: 16 16
fprr: 16 16
fprr: 16 16
fprr: 16 16
fprr: 14 14
fprr: 30 16
fprr: 26 16
fprr: 26 16
fprr: 26 14
fprr: 26 14
fprr: 14 14
fprr: 14 16
fprr: 16 16
fprr: 24 14
fprr: 14 14
fprr: 14 14
fprr: 14 14
fprr: 16 16
fprr: 14 16
fprr: 16 16
fprr: 16 18
fprr: 14 14
fprr: 24 16
fprr: 14 14
fprr: 14 16
fprr: 26 16
fprr: 14 14
fprr: 14 14
fprr: 26 16
fprr: 28 16
fprr: 16 16
fprr: 16 16
fprr: 16 14
fprr: 16 14
fprr: 14 14
fprr: 14 16
fprr: 16 18
fprr: 30 14
fprr: 14 14
fprr: 14 14
fprr: 26 14
fprr: 14 14
fprr: 14 14
fprr: 14 16
fprr: 16 16
fprr: 16 14
fprr: 28 16
fprr: 28 16
fprr: 14 14
fprr: 14 14
fprr: 14 14
fprr: 14 14
fprr: 24 14
fprr: 14 14
fprr: 14 16
fprr: 16 14
fprr: 14 16
fprr: 16 16
fprr: 16 16
fprr: 14 16
fprr: 24 16
fprr: 16 16
fprr: 16 16
fprr: 16 14
fprr: 14 16
fprr: 16 16
fprr: 14 16
fprr: 16 16
fprr: 14 14
fprr: 16 14
fprr: 14 14
fprr: 14 14
fprr: 16 16
fprr: 16 16
fprr: 16 16
fprr: 16 16
fprr: 16 16
fprr: 14 14
fprr: 14 14
fprr: 24 14
fprr: 26 16
fprr: 26 16
fprr: 16 16
fprr: 28 14
fprr: 14 16
fprr: 16 16
fprr: 16 16
fprr: 30 16
fprr: 16 18
fprr: 14 14
fprr: 24 16
fprr: 26 16
fprr: 16 16
fprr: 16 16
fprr: 16 14
fprr: 16 16
fprr: 14 14
fprr: 24 16
fprr: 14 16
fprr: 16 16
fprr: 28 16
fprr: 14 14
fprr: 14 16
fprr: 16 16
fprr: 14 14
fprr: 16 16
fprr: 14 14
fprr: 16 16
fprr: 16 16
fprr: 16 16
fprr: 14 14
fprr: 16 16
fprr: 14 14
fprr: 14 14
fprr: 14 14
fprr: 16 16
fprr: 24 14
fprr: 14 14
fprr: 14 14
fprr: 28 16
fprr: 16 16
fprr: 16 16
fprr: 16 16
fprr: 26 16
fprr: 16 16
fprr: 30 14
fprr: 14 16
fprr: 26 16
fprr: 26 14
fprr: 14 14
fprr: 26 14
fprr: 32 16
fprr: 14 14
fprr: 14 14
fprr: 16 16
fprr: 16 16
fprr: 14 16
fprr: 16 16
fprr: 14 14
fprr: 16 16
fprr: 14 14
fprr: 24 16
fprr: 16 16
fprr: 14 16
fprr: 16 16
fprr: 16 16
fprr: 16 16
fprr: 14 16
fprr: 16 16
fprr: 16 16
fprr: 16 16
fprr: 16 16
fprr: 14 14
fprr: 14 14
fprr: 14 14
fprr: 26 16
fprr: 16 16
fprr: 16 16
fprr: 14 16
fprr: 16 16
fprr: 16 16
fprr: 16 18
fprr: 14 14
fprr: 14 14
fprr: 14 14
fprr: 16 14
fprr: 14 16
fprr: 28 16
fprr: 14 14
fprr: 14 16
fprr: 16 16
fprr: 14 14
fprr: 24 16
fprr: 16 16
fprr: 16 14
fprr: 14 14
fprr: 14 14
fprr: 14 14
fprr: 16 16
fprr: 16 16
fprr: 16 16
fprr: 26 16
fprr: 14 14
fprr: 28 16
fprr: 14 16
fprr: 16 16
fprr: 16 16
fprr: 16 16
fprr: 14 14
fprr: 14 16
fprr: 14 14
fprr: 14 14
fprr: 14 14
fprr: 14 14
fprr: 14 14
fprr: 14 14
fprr: 16 16
fprr: 14 14
fprr: 26 16
fprr: 26 16
fprr: 16 16
fprr: 14 16
fprr: 16 16
fprr: 14 14
fprr: 14 14
fprr: 26 14
fprr: 14 14
fprr: 14 14
fprr: 16 16
fprr: 14 14
fprr: 24 16
fprr: 14 16
fprr: 16 16
fprr: 16 16
fprr: 16 16
fprr: 16 16
fprr: 16 16
fprr: 14 14
fprr: 16 16
fprr: 14 14
fprr: 14 14
fprr: 16 16
fprr: 14 16
fprr: 16 16
fprr: 16 16
fprr: 16 16
fprr: 16 16
fprr: 14 14
fprr: 14 14
fprr: 16 18
fprr: 16 16
fprr: 16 16
fprr: 14 14
fprr: 16 16
fprr: 14 14
fprr: 14 14
fprr: 24 16
fprr: 16 16
fprr: 16 14
fprr: 14 14
fprr: 26 14
fprr: 14 14
fprr: 16 16
fprr: 16 16
fprr: 16 16
fprr: 16 16
fprr: 16 16
fprr: 14 14
fprr: 14 14
fprr: 14 14
fprr: 16 16
fprr: 14 14
fprr: 16 16
fprr: 16 16
fprr: 16 16
fprr: 14 16
fprr: 16 16
fprr: 14 14
fprr: 16 18
fprr: 16 16
fprr: 16 16
fprr: 14 14
fprr: 16 16
fprr: 14 14
fprr: 14 14
fprr: 14 14
fprr: 16 16
fprr: 14 14
fprr: 16 16
fprr: 26 16
fprr: 16 16
fprr: 16 16
fprr: 16 16
fprr: 14 16
fprr: 16 16
fprr: 14 14
fprr: 16 16
fprr: 14 14
fprr: 16 16
fprr: 16 16
fprr: 16 16
fprr: 14 14
fprr: 16 16
fprr: 14 14
fprr: 14 14
fprr: 14 16
fprr: 16 16
fprr: 16 16
fprr: 16 16
fprr: 16 14
fprr: 14 16
fprr: 14 14
fprr: 14 14
fprr: 16 16
fprr: 16 16
fprr: 16 16
fprr: 16 18
fprr: 14 14
fprr: 14 14
fprr: 26 14
fprr: 14 14
fprr: 14 14
fprr: 16 16
fprr: 14 14
fprr: 16 16
fprr: 16 16
fprr: 16 16
fprr: 14 14
fprr: 16 16
fprr: 14 14
fprr: 14 14
fprr: 14 16
fprr: 14 14
fprr: 14 14
fprr: 14 14
fprr: 16 16
fprr: 16 18
fprr: 14 14
fprr: 14 14
fprr: 14 14
fprr: 16 16
fprr: 14 14
fprr: 16 16
fprr: 16 16
fprr: 16 16
fprr: 14 16
fprr: 16 16
fprr: 14 14
fprr: 16 16
fprr: 14 14
fprr: 16 16
fprr: 16 16
fprr: 16 16
fprr: 14 14
fprr: 16 16
fprr: 14 14
fprr: 14 14
fprr: 14 14
fprr: 26 14
fprr: 14 14
fprr: 14 14
fprr: 16 18
fprr: 16 16
fprr: 16 16
fprr: 14 14
fprr: 16 16
fprr: 14 14
fprr: 14 14
fprr: 14 14
fprr: 16 16
fprr: 14 14
fprr: 16 16
fprr: 16 16
fprr: 28 16
fprr: 16 16
fprr: 14 14
fprr: 14 16
fprr: 14 14
fprr: 14 14
fprr: 14 14
fprr: 14 14
fprr: 14 14
fprr: 14 14
fprr: 16 16
fprr: 16 16
fprr: 16 16
fprr: 14 16
fprr: 26 16
fprr: 14 14
fprr: 14 16
fprr: 16 14
fprr: 16 16
fprr: 14 14
fprr: 16 16
fprr: 16 16
fprr: 16 16
fprr: 14 14
fprr: 16 16
fprr: 16 14
fprr: 33098 16
fprr: 16 18
fprr: 16 16
fprr: 26 16
fprr: 16 18
fprr: 16 16
fprr: 16 16
fprr: 16 16
fprr: 16 16
fprr: 16 16
fprr: 14 16
fprr: 16 16
fprr: 16 14
fprr: 16 16
fprr: 14 16
fprr: 16 16
fprr: 16 14
fprr: 26 16
fprr: 16 16
fprr: 16 16
fprr: 16 16
fprr: 16 16
fprr: 16 16
fprr: 14 16
fprr: 16 16
fprr: 16 14
fprr: 16 18
fprr: 14 14
fprr: 16 16
fprr: 16 16
fprr: 26 16
fprr: 16 16
fprr: 16 14
fprr: 16 16
fprr: 16 16
fprr: 16 14
fprr: 16 16
fprr: 14 14
fprr: 16 16
fprr: 26 14
fprr: 16 16
fprr: 16 16
fprr: 16 16
fprr: 16 16
fprr: 14 16
fprr: 28 16
fprr: 14 16
fprr: 14 16
fprr: 16 18
fprr: 14 16
fprr: 16 16
fprr: 16 14
fprr: 16 16
fprr: 14 16
fprr: 24 16
fprr: 16 16
fprr: 16 16
fprr: 16 16
fprr: 16 16
fprr: 16 16
fprr: 16 14
fprr: 16 16
fprr: 26 16
fprr: 16 16
fprr: 16 16
fprr: 16 16
fprr: 16 16
fprr: 24 14
fprr: 16 16
fprr: 16 16
fprr: 26 16
fprr: 16 16
fprr: 16 16
fprr: 14 14
fprr: 16 18
fprr: 16 16
fprr: 16 16
fprr: 14 16
fprr: 16 16
fprr: 14 16
fprr: 16 16
fprr: 16 14
fprr: 16 16
fprr: 14 16
fprr: 16 16
fprr: 14 14
fprr: 16 16
fprr: 16 14
fprr: 16 16
fprr: 14 16
fprr: 16 14
fprr: 16 16
fprr: 16 16
fprr: 16 14
fprr: 16 16
fprr: 14 16
fprr: 16 16
fprr: 16 14
fprr: 16 16
fprr: 14 14
fprr: 18 14
fprr: 14 16
fprr: 18 16
fprr: 14 16
fprr: 16 16
fprr: 16 14
fprr: 16 16
fprr: 26 16
fprr: 14 16
fprr: 16 16
fprr: 16 16
fprr: 16 16
fprr: 26 16
fprr: 14 16
fprr: 14 16
fprr: 16 14
fprr: 16 14
fprr: 16 14
fprr: 14 16
fprr: 14 14
fprr: 16 16
fprr: 14 16
fprr: 16 14
fprr: 16 14
fprr: 16 16
fprr: 16 16
fprr: 16 16
fprr: 16 16
fprr: 16 16
fprr: 16 16
fprr: 16 16
fprr: 16 14
fprr: 16 16
fprr: 14 16
fprr: 16 16
fprr: 16 14
fprr: 16 16
fprr: 14 14
fprr: 18 14
fprr: 14 16
fprr: 18 16
fprr: 14 16
fprr: 26 16
fprr: 14 16
fprr: 16 16
fprr: 16 16
fprr: 16 16
fprr: 14 16
fprr: 16 16
fprr: 16 16
fprr: 26 16
fprr: 14 16
fprr: 14 16
fprr: 14 16
fprr: 16 16
fprr: 14 16
fprr: 16 18
fprr: 14 16
fprr: 16 16
fprr: 16 14
fprr: 16 18
fprr: 14 14
fprr: 16 16
fprr: 14 16
fprr: 16 16
fprr: 16 16
fprr: 16 14
fprr: 16 14
fprr: 16 16
fprr: 14 16
fprr: 16 16
fprr: 16 16
fprr: 16 14
fprr: 16 16
fprr: 14 14
fprr: 16 16
fprr: 14 16
fprr: 16 16
fprr: 16 16
fprr: 16 16
fprr: 16 14
fprr: 26 16
fprr: 16 14
fprr: 16 16
fprr: 16 18
fprr: 16 14
fprr: 26 16
fprr: 16 14
fprr: 14 16
fprr: 16 18
fprr: 14 16
fprr: 16 16
fprr: 16 14
fprr: 16 16
fprr: 14 16
fprr: 16 16
fprr: 16 16
fprr: 16 16
fprr: 28 16
fprr: 16 16
fprr: 14 16
fprr: 14 16
fprr: 14 14
fprr: 14 16
fprr: 14 16
fprr: 14 16
fprr: 14 14
fprr: 16 14
fprr: 16 18
fprr: 16 14
fprr: 16 16
fprr: 16 14
fprr: 16 16
fprr: 14 16
fprr: 16 16
fprr: 16 14
fprr: 16 16
fprr: 14 14
fprr: 16 16
fprr: 14 16
fprr: 16 16
fprr: 16 14
fprr: 16 16
fprr: 14 16
fprr: 16 16
fprr: 16 14
fprr: 16 18
fprr: 14 14
fprr: 16 16
fprr: 26 18
fprr: 16 16
fprr: 16 16
fprr: 14 16
fprr: 16 14
fprr: 16 16
fprr: 16 16
fprr: 16 14
fprr: 16 16
fprr: 14 14
fprr: 16 16
fprr: 14 16
fprr: 16 16
fprr: 16 16
fprr: 16 16
fprr: 14 14
fprr: 16 16
fprr: 14 16
fprr: 16 16
fprr: 16 14
fprr: 16 16
fprr: 14 16
fprr: 16 16
fprr: 26 16
fprr: 18 16
fprr: 14 16
fprr: 14 16
fprr: 16 14
fprr: 16 14
fprr: 16 16
fprr: 14 14
fprr: 16 16
fprr: 14 16
fprr: 16 16
fprr: 16 14
fprr: 26 16
fprr: 16 14
fprr: 16 14
fprr: 16 16
fprr: 14 16
fprr: 18 18
fprr: 14 14
fprr: 18 16
fprr: 14 16
fprr: 16 16
fprr: 16 16
fprr: 16 16
fprr: 16 14
fprr: 26 16
fprr: 14 16
fprr: 16 16
fprr: 14 14
fprr: 16 16
fprr: 16 14
fprr: 16 16
fprr: 16 16
fprr: 16 16
fprr: 14 16
fprr: 16 16
fprr: 16 16
fprr: 14 16
fprr: 16 14
fprr: 16 16
fprr: 16 16
fprr: 18 16
fprr: 14 16
fprr: 16 14
fprr: 16 16
fprr: 16 14
fprr: 16 14
fprr: 16 16
fprr: 14 16
fprr: 16 16
fprr: 14 16
fprr: 16 16
fprr: 24 16
fprr: 16 16
fprr: 16 16
fprr: 16 16
fprr: 16 14
fprr: 16 16
fprr: 14 16
fprr: 16 16
fprr: 16 14
fprr: 16 16
fprr: 14 16
fprr: 18 18
fprr: 14 14
fprr: 18 16
fprr: 14 16
fprr: 16 16
fprr: 26 16
fprr: 16 16
fprr: 16 16
fprr: 16 16
fprr: 28 16
fprr: 14 16
fprr: 14 14
fprr: 14 16
fprr: 16 16
fprr: 14 14
fprr: 16 16
fprr: 14 16
fprr: 16 16
fprr: 16 14
fprr: 16 16
fprr: 16 16
fprr: 16 14
fprr: 16 18
fprr: 14 14
fprr: 16 16
fprr: 14 16
fprr: 16 16
fprr: 16 14
fprr: 16 16
fprr: 14 16
fprr: 16 16
fprr: 14 14
fprr: 16 16
fprr: 16 14
fprr: 16 16
fprr: 14 16
fprr: 16 16
fprr: 16 14
fprr: 16 16
fprr: 14 16
fprr: 18 18
fprr: 14 14
fprr: 18 16
fprr: 14 16
fprr: 16 16
fprr: 16 14
fprr: 16 16
fprr: 14 16
fprr: 16 18
fprr: 14 16
fprr: 16 16
fprr: 16 14
fprr: 16 16
fprr: 14 14
fprr: 16 16
fprr: 16 14
fprr: 16 16
fprr: 16 16
fprr: 16 14
fprr: 26 16
fprr: 16 16
fprr: 16 14
fprr: 16 16
fprr: 16 14
fprr: 16 16
fprr: 16 16
fprr: 16 14
fprr: 16 16
fprr: 16 14
fprr: 16 16
fprr: 14 16
fprr: 16 16
fprr: 16 18
fprr: 14 16
fprr: 16 16
fprr: 16 16
fprr: 16 16
fprr: 26 16
fprr: 16 16
fprr: 16 16
fprr: 16 16
fprr: 16 16
fprr: 16 14
fprr: 16 16
fprr: 14 14
fprr: 16 16
fprr: 14 16
fprr: 26 14
fprr: 16 16
fprr: 16 16
fprr: 16 16
fprr: 16 16
fprr: 16 14
fprr: 16 16
fprr: 14 16
fprr: 16 14
fprr: 14 18
fprr: 16 16
fprr: 14 16
fprr: 16 16
fprr: 16 14
fprr: 16 16
fprr: 14 16
fprr: 14 16
fprr: 16 16
fprr: 14 16
fprr: 16 16
fprr: 14 14
fprr: 16 16
fprr: 16 14
fprr: 16 16
fprr: 26 18
fprr: 16 16
fprr: 16 16
fprr: 14 16
fprr: 16 14
fprr: 14 18
fprr: 16 16
fprr: 14 16
fprr: 16 14
fprr: 16 16
fprr: 14 16
fprr: 16 16
fprr: 16 16
fprr: 16 16
fprr: 16 14
fprr: 16 16
fprr: 14 16
fprr: 16 16
fprr: 14 14
fprr: 16 16
fprr: 16 14
fprr: 16 16
fprr: 14 16
fprr: 16 16
fprr: 16 14
fprr: 16 16
fprr: 14 14
fprr: 18 16
fprr: 24 16
fprr: 16 16
fprr: 16 14
fprr: 26 16
fprr: 16 14
fprr: 30 16
fprr: 14 18
fprr: 16 16
fprr: 16 14
fprr: 16 16
fprr: 16 16
fprr: 16 16
fprr: 14 14
fprr: 16 16
fprr: 16 16
fprr: 28 16
fprr: 16 16
fprr: 16 16
fprr: 16 16
fprr: 16 16
fprr: 16 14
fprr: 16 16
fprr: 16 16
fprr: 16 14
fprr: 16 18
fprr: 14 48
fprr: 16 16
fprr: 14 16
fprr: 14 16
fprr: 16 16
fprr: 16 16
