fprr: 36 14
fprr: 14 14
fprr: 30 14
fprr: 14 14
fprr: 14 14
fprr: 46 16
fprr: 14 14
fprr: 14 12
fprr: 14 14
fprr: 16 14
fprr: 30 16
fprr: 16 14
fprr: 14 14
fprr: 14 14
fprr: 28 14
fprr: 12 14
fprr: 14 14
fprr: 26 16
fprr: 16 14
fprr: 14 50
fprr: 28 16
fprr: 46 14
fprr: 24 16
fprr: 26 16
fprr: 14 14
fprr: 16 16
fprr: 14 16
fprr: 14 16
fprr: 26 16
fprr: 28 16
fprr: 24 14
fprr: 22 14
fprr: 14 14
fprr: 26 14
fprr: 24 16
fprr: 26 14
fprr: 24 16
fprr: 22 14
fprr: 26 16
fprr: 14 16
fprr: 44 14
fprr: 14 16
fprr: 14 16
fprr: 14 16
fprr: 14 16
fprr: 42 16
fprr: 14 16
fprr: 16 16
fprr: 22 14
fprr: 22 14
fprr: 42 16
fprr: 14 14
fprr: 44 14
fprr: 26 16
fprr: 24 16
fprr: 28 14
fprr: 14 16
fprr: 14 16
fprr: 26 16
fprr: 14 16
fprr: 14 14
fprr: 26 16
fprr: 14 14
fprr: 24 14
fprr: 26 16
fprr: 26 14
fprr: 24 14
fprr: 14 14
fprr: 14 16
fprr: 14 16
fprr: 16 14
fprr: 24 14
fprr: 14 14
fprr: 14 14
fprr: 14 14
fprr: 24 16
fprr: 44 16
fprr: 26 14
fprr: 22 14
fprr: 22 14
fprr: 14 14
fprr: 24 14
fprr: 16 14
fprr: 28 14
fprr: 14 14
fprr: 46 14
fprr: 24 14
fprr: 14 12
fprr: 14 14
fprr: 12 14
fprr: 24 16
fprr: 22 14
fprr: 22 14
fprr: 28 14
fprr: 14 16
fprr: 24 14
fprr: 12 14
fprr: 14 12
fprr: 14 14
fprr: 16 16
fprr: 42 14
fprr: 16 16
fprr: 14 14
fprr: 24 14
fprr: 24 14
fprr: 24 14
fprr: 14 14
fprr: 30 16
fprr: 12 14
fprr: 28 16
fprr: 14 14
fprr: 28 14
fprr: 22 14
fprr: 14 16
fprr: 48 14
fprr: 26 14
fprr: 12 14
fprr: 14 12
fprr: 24 14
fprr: 14 12
fprr: 14 14
fprr: 14 16
fprr: 26 14
fprr: 24 14
fprr: 16 16
fprr: 14 14
fprr: 16 14
fprr: 24 14
fprr: 16 16
fprr: 16 14
fprr: 14 12
fprr: 14 14
fprr: 16 16
fprr: 26 14
fprr: 16 14
fprr: 24 12
fprr: 24 14
fprr: 16 16
fprr: 22 14
fprr: 12 14
fprr: 12 14
fprr: 26 14
fprr: 22 14
fprr: 14 16
fprr: 14 16
fprr: 14 16
fprr: 16 14
fprr: 28 14
fprr: 26 16
fprr: 28 16
fprr: 14 16
fprr: 30 14
fprr: 12 14
fprr: 26 14
fprr: 22 14
fprr: 24 14
fprr: 14 16
fprr: 14 14
fprr: 14 14
fprr: 24 14
fprr: 14 14
fprr: 14 14
fprr: 28 16
fprr: 14 14
fprr: 28 16
fprr: 14 16
fprr: 14 14
fprr: 24 14
fprr: 24 14
fprr: 16 14
fprr: 28 14
fprr: 14 16
fprr: 16 14
fprr: 14 16
fprr: 26 14
fprr: 24 14
fprr: 24 14
fprr: 22 12
fprr: 26 16
fprr: 14 14
fprr: 16 14
fprr: 30 16
fprr: 12 14
fprr: 12 14
fprr: 26 14
fprr: 12 14
fprr: 24 14
fprr: 24 16
fprr: 14 16
fprr: 16 14
fprr: 16 16
fprr: 26 14
fprr: 26 16
fprr: 14 14
fprr: 14 12
fprr: 14 14
fprr: 14 14
fprr: 24 14
fprr: 16 16
fprr: 24 14
fprr: 22 16
fprr: 22 16
fprr: 26 14
fprr: 14 14
fprr: 14 16
fprr: 16 14
fprr: 24 14
fprr: 24 14
fprr: 24 14
fprr: 14 14
fprr: 16 16
fprr: 14 16
fprr: 14 14
fprr: 28 14
fprr: 22 16
fprr: 14 14
fprr: 14 14
fprr: 14 14
fprr: 24 16
fprr: 14 14
fprr: 44 14
fprr: 14 16
fprr: 16 14
fprr: 24 14
fprr: 16 14
fprr: 14 14
fprr: 14 14
fprr: 14 16
fprr: 16 16
fprr: 24 14
fprr: 14 12
fprr: 24 14
fprr: 16 16
fprr: 14 16
fprr: 26 14
fprr: 14 12
fprr: 14 14
fprr: 14 14
fprr: 22 14
fprr: 22 14
fprr: 14 14
fprr: 14 16
fprr: 14 12
fprr: 14 12
fprr: 14 14
fprr: 14 14
fprr: 24 16
fprr: 28 16
fprr: 14 14
fprr: 12 14
fprr: 24 14
fprr: 24 12
fprr: 14 14
fprr: 26 16
fprr: 14 14
fprr: 14 12
fprr: 14 14
fprr: 14 14
fprr: 12 14
fprr: 14 14
fprr: 14 14
fprr: 24 14
fprr: 14 14
fprr: 14 14
fprr: 24 14
fprr: 24 12
fprr: 26 14
fprr: 16 14
fprr: 14 14
fprr: 12 14
fprr: 12 14
fprr: 14 16
fprr: 24 14
fprr: 24 14
fprr: 28 16
fprr: 14 14
fprr: 14 14
fprr: 14 12
fprr: 24 12
fprr: 14 14
fprr: 14 12
fprr: 14 14
fprr: 24 14
fprr: 14 16
fprr: 22 14
fprr: 14 16
fprr: 16 14
fprr: 24 14
fprr: 16 16
fprr: 14 14
fprr: 14 16
fprr: 14 16
fprr: 16 14
fprr: 24 14
fprr: 16 16
fprr: 14 14
fprr: 24 16
fprr: 14 14
fprr: 14 12
fprr: 14 14
fprr: 14 14
fprr: 14 14
fprr: 16 14
fprr: 14 14
fprr: 24 14
fprr: 14 14
fprr: 14 14
fprr: 16 16
fprr: 14 16
fprr: 14 14
fprr: 24 16
fprr: 14 14
fprr: 16 14
fprr: 14 16
fprr: 24 12
fprr: 14 14
fprr: 24 16
fprr: 16 16
fprr: 14 16
fprr: 24 16
fprr: 14 14
fprr: 16 14
fprr: 14 14
fprr: 14 12
fprr: 14 14
fprr: 24 14
fprr: 14 14
fprr: 12 14
fprr: 24 14
fprr: 22 14
fprr: 12 14
fprr: 12 14
fprr: 14 12
fprr: 14 14
fprr: 14 14
fprr: 16 14
fprr: 24 14
fprr: 16 14
fprr: 14 14
fprr: 14 16
fprr: 16 14
fprr: 14 12
fprr: 14 14
fprr: 16 16
fprr: 14 16
fprr: 16 14
fprr: 26 14
fprr: 16 16
fprr: 24 14
fprr: 14 14
fprr: 16 16
fprr: 24 14
fprr: 14 14
fprr: 14 14
fprr: 16 14
fprr: 14 12
fprr: 14 14
fprr: 26 16
fprr: 12 14
fprr: 14 12
fprr: 24 14
fprr: 24 14
fprr: 14 14
fprr: 16 16
fprr: 14 16
fprr: 14 14
fprr: 14 14
fprr: 16 14
fprr: 14 14
fprr: 14 14
fprr: 12 14
fprr: 14 16
fprr: 16 16
fprr: 16 14
fprr: 26 16
fprr: 14 14
fprr: 14 14
fprr: 14 14
fprr: 28 14
fprr: 16 16
fprr: 24 12
fprr: 14 14
fprr: 16 16
fprr: 14 16
fprr: 14 14
fprr: 14 14
fprr: 14 14
fprr: 16 16
fprr: 16 16
fprr: 22 14
fprr: 14 16
fprr: 16 14
fprr: 24 14
fprr: 24 14
fprr: 16 14
fprr: 16 16
fprr: 16 16
fprr: 14 14
fprr: 14 14
fprr: 14 14
fprr: 14 14
fprr: 16 14
fprr: 14 14
fprr: 14 14
fprr: 12 14
fprr: 14 14
fprr: 28 16
fprr: 14 14
fprr: 12 14
fprr: 14 16
fprr: 24 14
fprr: 16 14
fprr: 24 14
fprr: 14 14
fprr: 14 16
fprr: 14 16
fprr: 14 14
fprr: 14 16
fprr: 16 16
fprr: 16 14
fprr: 14 14
fprr: 24 14
fprr: 14 14
fprr: 14 16
fprr: 26 14
fprr: 14 12
fprr: 14 14
fprr: 16 16
fprr: 14 14
fprr: 14 12
fprr: 26 14
fprr: 16 14
fprr: 14 14
fprr: 16 16
fprr: 14 14
fprr: 12 16
fprr: 14 14
fprr: 14 14
fprr: 14 14
fprr: 14 16
fprr: 16 16
fprr: 14 16
fprr: 30 14
fprr: 14 14
fprr: 24 14
fprr: 16 16
fprr: 14 14
fprr: 14 14
fprr: 14 14
fprr: 14 14
fprr: 16 16
fprr: 14 16
fprr: 14 14
fprr: 24 16
fprr: 14 14
fprr: 14 16
fprr: 24 14
fprr: 24 14
fprr: 14 12
fprr: 14 16
fprr: 14 14
fprr: 16 14
fprr: 12 14
fprr: 14 16
fprr: 28 16
fprr: 14 14
fprr: 14 14
fprr: 14 16
fprr: 14 14
fprr: 14 14
fprr: 16 14
fprr: 14 16
fprr: 14 14
fprr: 14 16
fprr: 24 14
fprr: 14 16
fprr: 24 14
fprr: 14 12
fprr: 14 14
fprr: 16 16
fprr: 14 16
fprr: 14 14
fprr: 12 14
fprr: 14 14
fprr: 14 14
fprr: 14 16
fprr: 14 16
fprr: 14 14
fprr: 24 14
fprr: 22 16
fprr: 14 14
fprr: 14 16
fprr: 14 14
fprr: 16 14
fprr: 12 14
fprr: 14 16
fprr: 28 16
fprr: 14 14
fprr: 14 14
fprr: 14 16
fprr: 14 14
fprr: 14 14
fprr: 16 14
fprr: 14 16
fprr: 14 14
fprr: 14 16
fprr: 24 14
fprr: 14 16
fprr: 14 16
fprr: 14 16
fprr: 16 14
fprr: 16 16
fprr: 14 14
fprr: 14 16
fprr: 14 14
fprr: 14 14
fprr: 14 12
fprr: 14 14
fprr: 16 14
fprr: 16 16
fprr: 14 14
fprr: 14 14
fprr: 14 14
fprr: 16 14
fprr: 14 14
fprr: 14 16
fprr: 14 14
fprr: 14 14
fprr: 14 12
fprr: 14 14
fprr: 14 14
fprr: 14 16
fprr: 14 14
fprr: 14 14
fprr: 14 12
fprr: 14 14
fprr: 12 14
fprr: 14 16
fprr: 42 16
fprr: 26 14
fprr: 24 14
fprr: 16 16
fprr: 14 16
fprr: 22 14
fprr: 12 14
fprr: 14 16
fprr: 14 16
fprr: 14 14
fprr: 14 16
fprr: 24 14
fprr: 14 14
fprr: 14 14
fprr: 24 16
fprr: 24 14
fprr: 14 14
fprr: 14 14
fprr: 16 16
fprr: 14 14
fprr: 12 14
fprr: 14 16
fprr: 26 16
fprr: 26 16
fprr: 26 16
fprr: 14 14
fprr: 16 14
fprr: 14 16
fprr: 14 14
fprr: 12 14
fprr: 14 14
fprr: 14 16
fprr: 24 14
fprr: 14 16
fprr: 42 14
fprr: 28 14
fprr: 14 16
fprr: 24 14
fprr: 12 14
fprr: 14 12
fprr: 14 14
fprr: 14 14
fprr: 14 16
fprr: 24 14
fprr: 14 16
fprr: 14 14
fprr: 24 14
fprr: 24 14
fprr: 14 14
fprr: 16 16
fprr: 14 16
fprr: 14 16
fprr: 14 14
fprr: 14 16
fprr: 14 14
fprr: 16 16
fprr: 16 16
fprr: 14 16
fprr: 14 14
fprr: 14 14
fprr: 14 14
fprr: 14 16
fprr: 16 16
fprr: 14 16
fprr: 24 14
fprr: 12 14
fprr: 26 14
fprr: 14 14
fprr: 14 14
fprr: 16 16
fprr: 14 16
fprr: 16 16
fprr: 14 14
fprr: 12 14
fprr: 14 14
fprr: 24 16
fprr: 14 14
fprr: 14 14
fprr: 14 16
fprr: 14 16
fprr: 14 16
fprr: 16 14
fprr: 14 14
fprr: 16 16
fprr: 16 16
fprr: 14 16
fprr: 14 14
fprr: 14 16
fprr: 14 14
fprr: 16 16
fprr: 16 16
fprr: 14 16
fprr: 16 14
fprr: 14 16
fprr: 14 14
fprr: 16 16
fprr: 14 14
fprr: 12 14
fprr: 14 14
fprr: 14 14
fprr: 14 14
fprr: 12 14
fprr: 14 14
fprr: 14 12
fprr: 14 14
fprr: 16 16
fprr: 14 14
fprr: 14 16
fprr: 14 16
fprr: 16 14
fprr: 14 12
fprr: 14 14
fprr: 16 16
fprr: 14 14
fprr: 14 14
fprr: 16 14
fprr: 14 12
fprr: 14 14
fprr: 14 14
fprr: 14 16
fprr: 14 14
fprr: 14 14
fprr: 14 12
fprr: 14 14
fprr: 14 16
fprr: 16 16
fprr: 14 14
fprr: 14 14
fprr: 14 14
fprr: 14 14
fprr: 12 14
fprr: 14 16
fprr: 16 14
fprr: 14 14
fprr: 14 14
fprr: 14 14
fprr: 12 14
fprr: 14 14
fprr: 14 14
fprr: 16 14
fprr: 14 16
fprr: 14 14
fprr: 12 14
fprr: 14 16
fprr: 14 14
fprr: 14 16
fprr: 16 16
fprr: 14 16
fprr: 14 14
fprr: 14 16
fprr: 14 14
fprr: 16 16
fprr: 16 16
fprr: 14 16
fprr: 14 14
fprr: 14 14
fprr: 14 14
fprr: 14 16
fprr: 16 16
fprr: 14 16
fprr: 42 14
fprr: 14 16
fprr: 16 14
fprr: 14 14
fprr: 14 12
fprr: 24 16
fprr: 14 14
fprr: 12 14
fprr: 14 16
fprr: 14 14
fprr: 14 14
fprr: 24 14
fprr: 14 16
fprr: 14 14
fprr: 24 14
fprr: 42 14
fprr: 12 14
fprr: 14 16
fprr: 26 14
fprr: 14 48
fprr: 14 16
fprr: 14 14
fprr: 14 16
fprr: 16 16
fprr: 28 14
fprr: 12 14
fprr: 14 14
fprr: 14 14
fprr: 14 14
fprr: 12 14
fprr: 14 16
fprr: 14 14
fprr: 24 14
fprr: 14 16
fprr: 24 14
fprr: 26 14
fprr: 14 16
fprr: 16 14
fprr: 14 12
fprr: 14 14
fprr: 14 14
fprr: 14 14
fprr: 14 12
fprr: 24 14
fprr: 14 14
fprr: 26 14
fprr: 14 14
fprr: 42 16
fprr: 14 16
fprr: 14 16
fprr: 14 16
fprr: 14 14
fprr: 16 16
fprr: 14 14
fprr: 16 14
fprr: 14 12
fprr: 26 14
fprr: 14 14
fprr: 14 16
fprr: 14 14
fprr: 16 16
fprr: 14 16
fprr: 16 16
fprr: 16 14
fprr: 14 14
fprr: 14 14
fprr: 24 14
fprr: 14 14
fprr: 12 14
fprr: 14 16
fprr: 14 16
fprr: 16 14
fprr: 14 14
fprr: 16 16
fprr: 14 14
fprr: 14 12
fprr: 14 14
fprr: 28 16
fprr: 14 16
fprr: 42 14
fprr: 16 16
fprr: 16 14
fprr: 14 16
fprr: 14 14
fprr: 16 16
fprr: 14 16
fprr: 16 16
fprr: 16 14
fprr: 26 16
fprr: 12 14
fprr: 14 16
fprr: 14 14
fprr: 16 14
fprr: 14 14
fprr: 16 16
fprr: 14 14
fprr: 14 14
fprr: 14 12
fprr: 14 14
fprr: 14 14
fprr: 12 14
fprr: 12 14
fprr: 14 16
fprr: 14 14
fprr: 14 12
fprr: 14 14
fprr: 14 14
fprr: 14 14
fprr: 14 14
fprr: 14 14
fprr: 16 16
fprr: 24 12
fprr: 14 14
fprr: 14 14
fprr: 12 14
fprr: 14 16
fprr: 16 16
fprr: 14 14
fprr: 14 16
fprr: 14 14
fprr: 12 14
fprr: 12 14
fprr: 14 14
fprr: 14 14
fprr: 14 16
fprr: 14 14
fprr: 12 14
fprr: 12 14
fprr: 14 14
fprr: 16 14
fprr: 14 14
fprr: 14 14
fprr: 14 16
fprr: 14 16
fprr: 16 14
fprr: 14 12
fprr: 14 14
fprr: 14 16
fprr: 14 16
fprr: 16 16
fprr: 16 14
fprr: 14 14
fprr: 14 16
fprr: 14 14
fprr: 12 14
fprr: 14 14
fprr: 14 14
fprr: 14 12
fprr: 14 14
fprr: 14 14
fprr: 14 14
fprr: 14 12
fprr: 14 14
fprr: 14 14
fprr: 14 16
fprr: 14 14
fprr: 14 14
fprr: 14 12
fprr: 14 14
fprr: 14 14
fprr: 14 16
fprr: 16 14
fprr: 14 16
fprr: 14 14
fprr: 14 16
fprr: 14 16
fprr: 14 14
fprr: 12 14
fprr: 14 14
fprr: 14 14
fprr: 16 16
fprr: 14 16
fprr: 14 14
fprr: 12 14
fprr: 14 16
fprr: 14 12
fprr: 14 14
fprr: 14 14
fprr: 12 14
fprr: 12 14
fprr: 14 14
fprr: 14 14
fprr: 14 16
fprr: 14 14
fprr: 12 14
fprr: 14 12
fprr: 14 14
fprr: 14 14
fprr: 14 16
fprr: 14 14
fprr: 14 14
fprr: 14 14
fprr: 16 16
fprr: 14 16
fprr: 16 14
fprr: 14 16
fprr: 16 16
fprr: 16 14
fprr: 14 12
fprr: 14 14
fprr: 16 16
fprr: 14 14
fprr: 14 14
fprr: 16 14
fprr: 14 14
fprr: 14 14
fprr: 12 14
fprr: 14 14
fprr: 14 16
fprr: 16 14
fprr: 14 16
fprr: 14 14
fprr: 14 16
fprr: 14 16
fprr: 16 16
fprr: 16 14
fprr: 14 16
fprr: 14 14
fprr: 14 16
fprr: 14 16
fprr: 16 16
fprr: 16 14
fprr: 14 16
fprr: 14 14
fprr: 14 16
fprr: 14 16
fprr: 14 14
fprr: 14 14
fprr: 16 16
fprr: 16 14
fprr: 14 14
fprr: 14 14
fprr: 14 14
fprr: 16 14
fprr: 14 14
fprr: 16 16
fprr: 14 16
fprr: 16 14
fprr: 14 14
fprr: 16 14
fprr: 14 14
fprr: 16 16
fprr: 14 16
fprr: 16 14
fprr: 14 16
fprr: 14 14
fprr: 16 16
fprr: 14 16
fprr: 16 16
fprr: 16 14
fprr: 14 16
fprr: 14 14
fprr: 16 16
fprr: 14 16
fprr: 14 14
fprr: 14 12
fprr: 14 14
fprr: 16 14
fprr: 12 14
fprr: 12 14
fprr: 14 16
fprr: 42 14
fprr: 14 14
fprr: 14 14
fprr: 16 14
fprr: 14 14
fprr: 14 14
fprr: 24 14
fprr: 14 14
fprr: 14 16
fprr: 24 14
fprr: 24 14
fprr: 14 14
fprr: 14 14
fprr: 16 16
fprr: 16 16
fprr: 14 16
fprr: 16 14
fprr: 14 16
fprr: 14 14
fprr: 28 14
fprr: 14 12
fprr: 14 14
fprr: 14 16
fprr: 14 14
fprr: 14 12
fprr: 14 14
fprr: 14 14
fprr: 28 14
fprr: 28 16
fprr: 14 16
fprr: 16 14
fprr: 14 16
fprr: 24 14
fprr: 14 14
fprr: 26 16
fprr: 26 16
fprr: 26 14
fprr: 16 14
fprr: 24 14
fprr: 14 14
fprr: 14 16
