rbtree: 210 62
rbtree: 68 18
rbtree: 20 20
rbtree: 20 20
rbtree: 20 18
rbtree: 20 18
rbtree: 20 14
rbtree: 18 16
rbtree: 18 18
rbtree: 18 18
rbtree: 18 18
rbtree: 18 18
rbtree: 18 48
rbtree: 14 18
rbtree: 18 16
rbtree: 18 16
rbtree: 20 18
rbtree: 16 18
rbtree: 18 18
rbtree: 16 18
rbtree: 16 50
rbtree: 16 18
rbtree: 16 18
rbtree: 16 16
rbtree: 18 18
rbtree: 16 16
rbtree: 16 16
rbtree: 18 18
rbtree: 18 54
rbtree: 14 18
rbtree: 18 16
rbtree: 18 14
rbtree: 18 16
rbtree: 18 16
rbtree: 18 16
rbtree: 18 14
rbtree: 16 60
rbtree: 16 16
rbtree: 18 16
rbtree: 18 16
rbtree: 18 16
rbtree: 20 16
rbtree: 16 18
rbtree: 16 16
rbtree: 18 44
rbtree: 16 16
rbtree: 18 16
rbtree: 20 16
rbtree: 16 16
rbtree: 18 16
rbtree: 20 18
rbtree: 18 16
rbtree: 20 68
rbtree: 16 18
rbtree: 20 18
rbtree: 18 18
rbtree: 18 18
rbtree: 18 16
rbtree: 18 18
rbtree: 20 18
rbtree: 18 54
rbtree: 16 16
rbtree: 18 16
rbtree: 18 16
rbtree: 18 14
rbtree: 18 16
rbtree: 18 16
rbtree: 18 16
rbtree: 18 56
rbtree: 16 16
rbtree: 16 16
rbtree: 16 16
rbtree: 18 16
rbtree: 18 16
rbtree: 16 14
rbtree: 18 16
rbtree: 18 18
rbtree: 18 16
rbtree: 18 16
rbtree: 18 16
rbtree: 18 16
rbtree: 18 16
rbtree: 16 16
rbtree: 16 18
rbtree: 20 44
rbtree: 20 18
rbtree: 20 16
rbtree: 16 18
rbtree: 18 16
rbtree: 18 16
rbtree: 16 16
rbtree: 20 16
rbtree: 18 16
rbtree: 18 18
rbtree: 20 16
rbtree: 18 18
rbtree: 18 16
rbtree: 18 16
rbtree: 16 16
rbtree: 18 16
rbtree: 18 16
rbtree: 18 16
rbtree: 20 16
rbtree: 18 18
rbtree: 16 16
rbtree: 18 16
rbtree: 16 16
rbtree: 18 16
rbtree: 20 18
rbtree: 16 16
rbtree: 20 18
rbtree: 16 16
rbtree: 18 16
rbtree: 18 16
rbtree: 18 18
rbtree: 20 18
rbtree: 18 20
rbtree: 16 18
rbtree: 16 16
rbtree: 18 16
rbtree: 20 18
rbtree: 18 16
rbtree: 18 16
rbtree: 18 16
rbtree: 18 20
rbtree: 18 16
rbtree: 16 16
rbtree: 20 18
rbtree: 20 16
rbtree: 16 16
rbtree: 18 16
rbtree: 16 18
rbtree: 18 18
rbtree: 18 16
rbtree: 16 16
rbtree: 18 16
rbtree: 18 16
rbtree: 16 16
rbtree: 18 16
rbtree: 18 16
rbtree: 18 20
rbtree: 16 16
rbtree: 18 16
rbtree: 18 16
rbtree: 18 16
rbtree: 18 16
rbtree: 18 18
rbtree: 18 16
rbtree: 16 18
rbtree: 18 16
rbtree: 18 16
rbtree: 18 16
rbtree: 20 16
rbtree: 18 16
rbtree: 18 16
rbtree: 18 16
rbtree: 20 18
rbtree: 16 18
rbtree: 20 16
rbtree: 18 16
rbtree: 18 16
rbtree: 18 16
rbtree: 18 18
rbtree: 18 18
rbtree: 18 24
rbtree: 16 18
rbtree: 18 16
rbtree: 18 16
rbtree: 20 16
rbtree: 16 16
rbtree: 18 16
rbtree: 18 16
rbtree: 18 18
rbtree: 18 14
rbtree: 18 16
rbtree: 20 14
rbtree: 20 16
rbtree: 16 16
rbtree: 16 16
rbtree: 18 14
rbtree: 18 22
rbtree: 16 16
rbtree: 20 16
rbtree: 18 16
rbtree: 20 16
rbtree: 18 16
rbtree: 18 16
rbtree: 20 16
rbtree: 18 20
rbtree: 16 18
rbtree: 22 16
rbtree: 18 16
rbtree: 16 16
rbtree: 20 18
rbtree: 16 16
rbtree: 16 16
rbtree: 18 18
rbtree: 16 16
rbtree: 18 16
rbtree: 18 16
rbtree: 16 16
rbtree: 18 16
rbtree: 16 16
rbtree: 18 16
rbtree: 20 22
rbtree: 16 16
rbtree: 18 16
rbtree: 16 16
rbtree: 18 18
rbtree: 16 16
rbtree: 18 16
rbtree: 20 18
rbtree: 16 20
rbtree: 16 18
rbtree: 18 16
rbtree: 18 16
rbtree: 20 16
rbtree: 16 16
rbtree: 20 16
rbtree: 18 16
rbtree: 18 20
rbtree: 14 14
rbtree: 20 18
rbtree: 18 16
rbtree: 18 16
rbtree: 16 16
rbtree: 16 16
rbtree: 18 16
rbtree: 16 22
rbtree: 18 16
rbtree: 16 16
rbtree: 18 16
rbtree: 18 16
rbtree: 16 16
rbtree: 18 16
rbtree: 20 16
rbtree: 18 20
rbtree: 16 16
rbtree: 18 16
rbtree: 18 16
rbtree: 18 16
rbtree: 18 16
rbtree: 18 16
rbtree: 18 16
rbtree: 18 18
rbtree: 16 18
rbtree: 18 16
rbtree: 18 16
rbtree: 18 16
rbtree: 18 16
rbtree: 16 16
rbtree: 18 16
rbtree: 18 20
rbtree: 16 16
rbtree: 20 18
rbtree: 16 18
rbtree: 18 16
rbtree: 16 16
rbtree: 18 18
rbtree: 20 18
rbtree: 18 22
rbtree: 16 18
rbtree: 18 16
rbtree: 18 16
rbtree: 20 16
rbtree: 18 18
rbtree: 20 16
rbtree: 16 16
rbtree: 18 20
rbtree: 16 18
rbtree: 18 16
rbtree: 18 16
rbtree: 16 16
rbtree: 18 16
rbtree: 18 16
rbtree: 16 16
rbtree: 20 16
rbtree: 18 16
rbtree: 16 16
rbtree: 18 16
rbtree: 18 16
rbtree: 16 16
rbtree: 18 16
rbtree: 18 16
rbtree: 20 18
rbtree: 18 18
rbtree: 18 16
rbtree: 18 16
rbtree: 18 18
rbtree: 16 16
rbtree: 16 14
rbtree: 16 18
rbtree: 18 20
rbtree: 14 16
rbtree: 18 14
rbtree: 20 16
rbtree: 18 16
rbtree: 20 16
rbtree: 18 16
rbtree: 18 18
rbtree: 18 22
rbtree: 16 14
rbtree: 18 18
rbtree: 16 16
rbtree: 18 18
rbtree: 18 18
rbtree: 18 16
rbtree: 20 16
rbtree: 16 20
rbtree: 18 18
rbtree: 16 18
rbtree: 18 16
rbtree: 20 16
rbtree: 18 16
rbtree: 18 18
rbtree: 18 16
rbtree: 18 20
rbtree: 18 18
rbtree: 16 16
rbtree: 16 16
rbtree: 16 18
rbtree: 16 18
rbtree: 16 16
rbtree: 20 16
rbtree: 18 20
rbtree: 16 16
rbtree: 16 14
rbtree: 16 16
rbtree: 18 16
rbtree: 18 16
rbtree: 16 16
rbtree: 18 16
rbtree: 16 22
rbtree: 16 16
rbtree: 18 16
rbtree: 16 16
rbtree: 16 16
rbtree: 18 44
rbtree: 16 16
rbtree: 18 16
rbtree: 18 20
rbtree: 16 16
rbtree: 18 16
rbtree: 16 16
rbtree: 18 16
rbtree: 16 16
rbtree: 18 18
rbtree: 20 18
rbtree: 18 20
rbtree: 16 18
rbtree: 18 16
rbtree: 18 18
rbtree: 20 18
rbtree: 18 16
rbtree: 20 18
rbtree: 16 16
rbtree: 18 22
rbtree: 16 16
rbtree: 18 16
rbtree: 18 16
rbtree: 18 16
rbtree: 18 18
rbtree: 18 16
rbtree: 18 18
rbtree: 18 22
rbtree: 16 16
rbtree: 20 16
rbtree: 18 18
rbtree: 16 16
rbtree: 18 14
rbtree: 16 16
rbtree: 18 16
rbtree: 18 20
rbtree: 16 16
rbtree: 18 16
rbtree: 18 16
rbtree: 16 16
rbtree: 18 16
rbtree: 18 16
rbtree: 16 16
rbtree: 20 20
rbtree: 18 16
rbtree: 20 16
rbtree: 18 16
rbtree: 18 16
rbtree: 16 18
rbtree: 18 16
rbtree: 16 18
rbtree: 16 20
rbtree: 16 14
rbtree: 18 18
rbtree: 16 16
rbtree: 18 14
rbtree: 18 16
rbtree: 18 16
rbtree: 18 16
rbtree: 18 20
rbtree: 18 16
rbtree: 18 16
rbtree: 18 16
rbtree: 18 16
rbtree: 18 16
rbtree: 20 18
rbtree: 16 16
rbtree: 18 20
rbtree: 16 16
rbtree: 18 18
rbtree: 20 16
rbtree: 18 18
rbtree: 18 18
rbtree: 18 16
rbtree: 18 16
rbtree: 20 18
rbtree: 18 16
rbtree: 18 16
rbtree: 18 16
rbtree: 16 16
rbtree: 16 16
rbtree: 18 16
rbtree: 18 16
rbtree: 16 18
rbtree: 18 18
rbtree: 18 16
rbtree: 18 16
rbtree: 16 16
rbtree: 16 16
rbtree: 18 16
rbtree: 18 16
rbtree: 16 18
rbtree: 16 14
rbtree: 16 16
rbtree: 16 16
rbtree: 18 16
rbtree: 16 14
rbtree: 16 16
rbtree: 18 16
rbtree: 18 18
rbtree: 18 18
rbtree: 18 16
rbtree: 16 18
rbtree: 18 16
rbtree: 16 16
rbtree: 18 16
rbtree: 18 16
rbtree: 18 18
rbtree: 20 16
rbtree: 18 16
rbtree: 18 16
rbtree: 20 16
rbtree: 18 18
rbtree: 20 18
rbtree: 18 16
rbtree: 18 22
rbtree: 16 16
rbtree: 18 18
rbtree: 18 16
rbtree: 18 16
rbtree: 18 16
rbtree: 18 16
rbtree: 18 16
rbtree: 20 20
rbtree: 16 16
rbtree: 18 16
rbtree: 18 14
rbtree: 16 16
rbtree: 18 16
rbtree: 18 16
rbtree: 16 18
rbtree: 18 62
rbtree: 16 16
rbtree: 18 16
rbtree: 16 16
rbtree: 16 16
rbtree: 20 16
rbtree: 16 16
rbtree: 18 18
rbtree: 20 16
rbtree: 18 16
rbtree: 16 16
rbtree: 20 16
rbtree: 18 18
rbtree: 18 16
rbtree: 16 14
rbtree: 16 16
rbtree: 20 22
rbtree: 16 18
rbtree: 18 16
rbtree: 18 16
rbtree: 18 16
rbtree: 18 16
rbtree: 18 16
rbtree: 20 16
rbtree: 18 20
rbtree: 14 16
rbtree: 18 16
rbtree: 18 16
rbtree: 20 18
rbtree: 18 16
rbtree: 20 18
rbtree: 18 16
rbtree: 18 50
rbtree: 16 16
rbtree: 18 16
rbtree: 18 16
rbtree: 18 14
rbtree: 18 16
rbtree: 18 18
rbtree: 18 16
rbtree: 18 82
rbtree: 20 16
rbtree: 18 16
rbtree: 16 14
rbtree: 18 16
rbtree: 16 16
rbtree: 16 16
rbtree: 18 16
rbtree: 18 48
rbtree: 16 16
rbtree: 18 18
rbtree: 18 16
rbtree: 16 16
rbtree: 20 16
rbtree: 18 16
rbtree: 20 16
rbtree: 18 52
rbtree: 16 16
rbtree: 18 18
rbtree: 16 16
rbtree: 18 16
rbtree: 16 16
rbtree: 16 16
rbtree: 20 16
rbtree: 18 58
rbtree: 16 16
rbtree: 16 18
rbtree: 18 16
rbtree: 18 16
rbtree: 18 16
rbtree: 16 16
rbtree: 18 16
rbtree: 18 20
rbtree: 16 16
rbtree: 18 16
rbtree: 16 16
rbtree: 18 16
rbtree: 18 16
rbtree: 18 16
rbtree: 16 16
rbtree: 20 16
rbtree: 20 16
rbtree: 18 16
rbtree: 20 16
rbtree: 18 16
rbtree: 18 18
rbtree: 18 16
rbtree: 16 16
rbtree: 18 18
rbtree: 18 14
rbtree: 18 16
rbtree: 20 16
rbtree: 18 18
rbtree: 18 18
rbtree: 18 16
rbtree: 18 16
rbtree: 20 20
rbtree: 18 16
rbtree: 18 18
rbtree: 16 16
rbtree: 18 16
rbtree: 16 18
rbtree: 16 16
rbtree: 20 14
rbtree: 16 20
rbtree: 16 16
rbtree: 16 16
rbtree: 16 16
rbtree: 18 16
rbtree: 20 16
rbtree: 18 16
rbtree: 18 16
rbtree: 16 20
rbtree: 16 16
rbtree: 18 16
rbtree: 20 16
rbtree: 16 16
rbtree: 18 16
rbtree: 18 18
rbtree: 18 16
rbtree: 18 16
rbtree: 20 16
rbtree: 18 18
rbtree: 18 18
rbtree: 18 16
rbtree: 18 18
rbtree: 18 18
rbtree: 18 16
rbtree: 20 20
rbtree: 16 16
rbtree: 20 18
rbtree: 16 16
rbtree: 18 16
rbtree: 18 16
rbtree: 18 18
rbtree: 20 18
rbtree: 18 20
rbtree: 16 18
rbtree: 18 16
rbtree: 18 16
rbtree: 18 16
rbtree: 18 16
rbtree: 16 16
rbtree: 18 16
rbtree: 18 20
rbtree: 16 16
rbtree: 16 16
rbtree: 20 16
rbtree: 20 16
rbtree: 16 16
rbtree: 18 14
rbtree: 18 16
rbtree: 16 18
rbtree: 16 16
rbtree: 18 16
rbtree: 16 16
rbtree: 18 16
rbtree: 18 16
rbtree: 20 16
rbtree: 18 18
rbtree: 18 20
rbtree: 16 16
rbtree: 18 16
rbtree: 16 16
rbtree: 16 16
rbtree: 16 16
rbtree: 18 16
rbtree: 20 16
rbtree: 18 20
rbtree: 18 16
rbtree: 18 16
rbtree: 20 16
rbtree: 16 16
rbtree: 18 18
rbtree: 18 18
rbtree: 18 16
rbtree: 20 18
rbtree: 18 16
rbtree: 18 16
rbtree: 16 16
rbtree: 18 16
rbtree: 16 16
rbtree: 18 18
rbtree: 20 18
rbtree: 18 20
rbtree: 16 18
rbtree: 16 16
rbtree: 18 16
rbtree: 18 16
rbtree: 18 16
rbtree: 18 16
rbtree: 18 16
rbtree: 16 18
rbtree: 16 16
rbtree: 18 16
rbtree: 18 16
rbtree: 16 16
rbtree: 20 16
rbtree: 18 16
rbtree: 18 16
rbtree: 16 18
rbtree: 16 16
rbtree: 18 16
rbtree: 18 16
rbtree: 16 14
rbtree: 18 16
rbtree: 16 16
rbtree: 16 16
rbtree: 18 18
rbtree: 16 16
rbtree: 16 16
rbtree: 18 16
rbtree: 18 16
rbtree: 18 16
rbtree: 18 16
rbtree: 18 16
rbtree: 18 18
rbtree: 16 20
rbtree: 16 14
rbtree: 18 16
rbtree: 16 16
rbtree: 18 16
rbtree: 16 16
rbtree: 18 18
rbtree: 20 18
rbtree: 18 16
rbtree: 18 16
rbtree: 20 16
rbtree: 18 16
rbtree: 18 16
rbtree: 18 16
rbtree: 20 18
rbtree: 16 18
rbtree: 16 18
rbtree: 20 16
rbtree: 18 16
rbtree: 20 16
rbtree: 18 16
rbtree: 18 16
rbtree: 18 16
rbtree: 16 16
rbtree: 20 16
rbtree: 18 16
rbtree: 16 16
rbtree: 18 16
rbtree: 16 16
rbtree: 18 16
rbtree: 18 16
rbtree: 18 18
rbtree: 18 16
rbtree: 20 16
rbtree: 18 18
rbtree: 20 16
rbtree: 18 16
rbtree: 18 16
rbtree: 18 16
rbtree: 18 20
rbtree: 18 16
rbtree: 18 16
rbtree: 18 18
rbtree: 18 16
rbtree: 18 18
rbtree: 18 16
rbtree: 16 16
rbtree: 18 20
rbtree: 16 16
rbtree: 18 16
rbtree: 18 16
rbtree: 18 16
rbtree: 18 16
rbtree: 18 16
rbtree: 18 16
rbtree: 16 20
rbtree: 16 16
rbtree: 20 16
rbtree: 16 18
rbtree: 18 14
rbtree: 18 16
rbtree: 18 16
rbtree: 20 16
rbtree: 16 20
rbtree: 16 16
rbtree: 16 16
rbtree: 18 16
rbtree: 20 16
rbtree: 18 16
rbtree: 18 16
rbtree: 16 16
rbtree: 18 18
rbtree: 18 18
rbtree: 16 16
rbtree: 18 16
rbtree: 18 16
rbtree: 16 16
rbtree: 18 14
rbtree: 18 16
rbtree: 18 18
rbtree: 16 16
rbtree: 18 16
rbtree: 20 16
rbtree: 18 16
rbtree: 18 18
rbtree: 18 18
rbtree: 16 16
rbtree: 16 18
rbtree: 16 16
rbtree: 16 16
rbtree: 18 16
rbtree: 18 16
rbtree: 18 16
rbtree: 18 16
rbtree: 18 16
rbtree: 20 20
rbtree: 16 16
rbtree: 18 16
rbtree: 20 16
rbtree: 18 16
rbtree: 20 16
rbtree: 18 16
rbtree: 18 18
rbtree: 18 20
rbtree: 16 18
rbtree: 18 18
rbtree: 18 16
rbtree: 18 18
rbtree: 18 18
rbtree: 18 16
rbtree: 20 16
rbtree: 16 18
rbtree: 20 16
rbtree: 20 14
rbtree: 18 16
rbtree: 18 16
rbtree: 16 16
rbtree: 16 16
rbtree: 16 16
rbtree: 16 18
rbtree: 18 16
rbtree: 20 16
rbtree: 16 16
rbtree: 18 16
rbtree: 16 16
rbtree: 16 16
rbtree: 18 16
rbtree: 18 20
rbtree: 16 16
rbtree: 18 16
rbtree: 16 16
rbtree: 16 16
rbtree: 18 16
rbtree: 18 16
rbtree: 18 16
rbtree: 18 18
rbtree: 18 18
rbtree: 16 16
rbtree: 18 16
rbtree: 20 16
rbtree: 18 16
rbtree: 20 16
rbtree: 18 18
rbtree: 18 18
rbtree: 16 16
rbtree: 18 16
rbtree: 16 16
rbtree: 18 18
rbtree: 18 16
rbtree: 16 18
rbtree: 18 18
rbtree: 16 18
rbtree: 18 18
rbtree: 20 16
rbtree: 16 16
rbtree: 18 16
rbtree: 16 16
rbtree: 18 18
rbtree: 20 16
rbtree: 18 18
rbtree: 16 16
rbtree: 18 16
rbtree: 18 18
rbtree: 18 16
rbtree: 16 16
rbtree: 20 16
rbtree: 18 16
rbtree: 16 18
rbtree: 18 16
rbtree: 18 16
rbtree: 18 16
rbtree: 18 16
rbtree: 18 18
rbtree: 18 16
rbtree: 18 16
rbtree: 18 20
rbtree: 16 18
rbtree: 18 16
rbtree: 18 16
rbtree: 18 18
rbtree: 18 16
rbtree: 16 16
rbtree: 18 16
rbtree: 18 18
rbtree: 20 16
rbtree: 20 16
rbtree: 18 18
rbtree: 18 16
rbtree: 18 16
rbtree: 20 16
rbtree: 18 18
rbtree: 20 24
rbtree: 16 16
rbtree: 16 18
rbtree: 18 16
rbtree: 18 16
rbtree: 18 16
rbtree: 18 16
rbtree: 18 18
rbtree: 18 20
rbtree: 16 16
rbtree: 18 18
rbtree: 20 16
rbtree: 18 18
rbtree: 20 18
rbtree: 18 16
rbtree: 18 16
rbtree: 18 20
rbtree: 18 16
rbtree: 18 16
rbtree: 18 18
rbtree: 16 16
rbtree: 16 16
rbtree: 16 16
rbtree: 16 16
rbtree: 18 18
rbtree: 16 16
rbtree: 18 16
rbtree: 16 16
rbtree: 16 16
rbtree: 18 16
rbtree: 20 16
rbtree: 18 18
rbtree: 20 16
rbtree: 18 16
rbtree: 18 16
rbtree: 18 16
rbtree: 18 16
rbtree: 16 16
rbtree: 18 18
rbtree: 18 16
rbtree: 16 18
rbtree: 18 16
rbtree: 20 16
rbtree: 18 16
rbtree: 18 14
rbtree: 18 16
rbtree: 18 16
rbtree: 16 16
rbtree: 18 18
rbtree: 16 18
rbtree: 18 16
rbtree: 18 16
rbtree: 16 16
rbtree: 18 16
rbtree: 20 16
rbtree: 18 16
rbtree: 20 20
rbtree: 16 16
rbtree: 18 18
rbtree: 20 16
rbtree: 18 18
rbtree: 20 16
rbtree: 16 16
rbtree: 20 16
rbtree: 18 18
rbtree: 16 16
rbtree: 18 16
rbtree: 16 18
rbtree: 18 16
rbtree: 18 16
rbtree: 16 16
rbtree: 18 18
rbtree: 18 18
rbtree: 16 16
rbtree: 18 18
rbtree: 18 18
rbtree: 16 16
rbtree: 18 16
rbtree: 18 16
rbtree: 20 16
rbtree: 18 18
rbtree: 18 16
rbtree: 18 16
rbtree: 18 16
rbtree: 16 16
rbtree: 16 16
rbtree: 16 16
rbtree: 18 16
rbtree: 18 20
rbtree: 16 16
rbtree: 16 16
rbtree: 18 18
rbtree: 20 16
rbtree: 18 16
rbtree: 18 16
rbtree: 18 16
rbtree: 18 20
rbtree: 18 16
rbtree: 16 18
rbtree: 18 18
rbtree: 18 18
rbtree: 18 16
rbtree: 20 16
rbtree: 18 18
rbtree: 20 24
rbtree: 16 16
rbtree: 18 16
rbtree: 16 16
rbtree: 18 16
rbtree: 18 16
rbtree: 18 16
rbtree: 18 16
rbtree: 18 20
rbtree: 16 16
rbtree: 16 18
rbtree: 16 16
rbtree: 16 16
rbtree: 18 16
rbtree: 20 16
rbtree: 18 16
rbtree: 20 18
rbtree: 16 16
rbtree: 16 16
rbtree: 18 16
