rbtree: 88 164
rbtree: 62 154
rbtree: 130 78
rbtree: 34 88
rbtree: 24 94
rbtree: 156 98
rbtree: 110 78
rbtree: 14 136
rbtree: 32 38
rbtree: 144 46
rbtree: 22 36
rbtree: 34 168
rbtree: 62 80
rbtree: 24 88
rbtree: 90 38
rbtree: 24 126
rbtree: 142 38
rbtree: 26 100
rbtree: 142 38
rbtree: 14 110
rbtree: 94 36
rbtree: 28 78
rbtree: 32 36
rbtree: 86 110
rbtree: 14 40
rbtree: 82 82
rbtree: 24 76
rbtree: 42 126
rbtree: 36 76
rbtree: 72 80
rbtree: 34 38
rbtree: 42 96
rbtree: 112 74
rbtree: 36 86
rbtree: 72 82
rbtree: 24 148
rbtree: 66 98
rbtree: 40 118
rbtree: 24 40
rbtree: 52 126
rbtree: 26 80
rbtree: 52 106
rbtree: 24 40
rbtree: 62 118
rbtree: 30 86
rbtree: 28 106
rbtree: 90 84
rbtree: 30 114
rbtree: 58 88
rbtree: 32 104
rbtree: 128 82
rbtree: 32 158
rbtree: 88 84
rbtree: 16 50
rbtree: 26 84
rbtree: 44 128
rbtree: 16 82
rbtree: 34 122
rbtree: 24 42
rbtree: 28 134
rbtree: 74 42
rbtree: 24 90
rbtree: 74 36
rbtree: 54 118
rbtree: 22 82
rbtree: 24 104
rbtree: 32 40
rbtree: 28 148
rbtree: 54 86
rbtree: 22 50
rbtree: 152 80
rbtree: 24 128
rbtree: 78 82
rbtree: 38 84
rbtree: 16 80
rbtree: 28 122
rbtree: 50 42
rbtree: 24 88
rbtree: 108 80
rbtree: 24 116
rbtree: 42 80
rbtree: 16 92
rbtree: 84 84
rbtree: 40 168
rbtree: 16 78
rbtree: 18 48
rbtree: 24 40
rbtree: 72 110
rbtree: 20 78
rbtree: 94 48
rbtree: 130 80
rbtree: 26 116
rbtree: 74 84
rbtree: 16 90
rbtree: 22 42
rbtree: 38 88
rbtree: 22 44
rbtree: 156 106
rbtree: 24 40
rbtree: 64 186
rbtree: 24 84
rbtree: 14 126
rbtree: 44 82
rbtree: 22 132
rbtree: 30 82
rbtree: 24 124
rbtree: 28 44
rbtree: 74 124
rbtree: 14 46
rbtree: 68 108
rbtree: 24 46
rbtree: 76 114
rbtree: 28 46
rbtree: 26 108
rbtree: 104 46
rbtree: 24 164
rbtree: 54 44
rbtree: 24 108
rbtree: 16 44
rbtree: 16 100
rbtree: 58 46
rbtree: 24 108
rbtree: 60 46
rbtree: 48 130
rbtree: 42 48
rbtree: 24 90
rbtree: 64 46
rbtree: 52 128
rbtree: 26 46
rbtree: 34 110
rbtree: 24 42
rbtree: 76 170
rbtree: 50 44
rbtree: 16 94
rbtree: 114 48
rbtree: 24 100
rbtree: 54 46
rbtree: 16 56
rbtree: 48 44
rbtree: 22 124
rbtree: 50 46
rbtree: 42 56
rbtree: 34 72
rbtree: 16 122
rbtree: 92 46
rbtree: 28 54
rbtree: 78 46
rbtree: 68 148
rbtree: 22 42
rbtree: 94 110
rbtree: 32 44
rbtree: 26 114
rbtree: 46 46
rbtree: 26 54
rbtree: 72 46
rbtree: 30 140
rbtree: 24 44
rbtree: 86 108
rbtree: 136 46
rbtree: 26 118
rbtree: 72 46
rbtree: 30 110
rbtree: 24 44
rbtree: 94 196
rbtree: 76 44
rbtree: 24 94
rbtree: 38 44
rbtree: 24 116
rbtree: 30 46
rbtree: 22 52
rbtree: 58 46
rbtree: 36 130
rbtree: 62 44
rbtree: 32 94
rbtree: 38 42
rbtree: 32 66
rbtree: 56 42
rbtree: 34 98
rbtree: 52 46
rbtree: 32 132
rbtree: 90 40
rbtree: 28 106
rbtree: 44 42
rbtree: 24 102
rbtree: 48 72
rbtree: 24 96
rbtree: 62 44
rbtree: 36 132
rbtree: 54 42
rbtree: 42 56
rbtree: 68 44
rbtree: 24 100
rbtree: 136 44
rbtree: 24 94
rbtree: 38 44
rbtree: 26 156
rbtree: 16 48
rbtree: 28 92
rbtree: 46 46
rbtree: 104 116
rbtree: 30 48
rbtree: 72 110
rbtree: 16 46
rbtree: 26 106
rbtree: 74 46
rbtree: 14 96
rbtree: 38 44
rbtree: 26 114
rbtree: 16 46
rbtree: 26 94
rbtree: 66 46
rbtree: 30 112
rbtree: 66 48
rbtree: 24 92
rbtree: 44 46
rbtree: 88 112
rbtree: 24 46
rbtree: 56 106
rbtree: 24 46
rbtree: 32 154
rbtree: 58 46
rbtree: 16 54
rbtree: 36 46
rbtree: 42 90
rbtree: 54 46
rbtree: 34 94
rbtree: 44 44
rbtree: 52 158
rbtree: 28 88
rbtree: 62 130
rbtree: 24 86
rbtree: 16 136
rbtree: 24 88
rbtree: 90 110
rbtree: 30 84
rbtree: 30 146
rbtree: 54 52
rbtree: 24 130
rbtree: 16 90
rbtree: 30 154
rbtree: 28 92
rbtree: 60 112
rbtree: 28 94
rbtree: 34 148
rbtree: 28 96
rbtree: 60 114
rbtree: 30 96
rbtree: 40 120
rbtree: 24 48
rbtree: 16 112
rbtree: 30 48
rbtree: 48 142
rbtree: 64 48
rbtree: 24 112
rbtree: 34 94
rbtree: 24 132
rbtree: 46 50
rbtree: 42 94
rbtree: 24 46
rbtree: 62 178
rbtree: 16 94
rbtree: 32 114
rbtree: 40 48
rbtree: 50 138
rbtree: 28 50
rbtree: 76 94
rbtree: 32 92
rbtree: 38 118
rbtree: 90 48
rbtree: 34 58
rbtree: 44 48
rbtree: 16 126
rbtree: 30 46
rbtree: 68 110
rbtree: 34 84
rbtree: 24 156
rbtree: 80 48
rbtree: 24 98
rbtree: 30 52
rbtree: 40 100
rbtree: 24 48
rbtree: 250 104
rbtree: 30 84
rbtree: 68 156
rbtree: 30 42
rbtree: 52 108
rbtree: 22 42
rbtree: 46 114
rbtree: 24 46
rbtree: 62 108
rbtree: 34 88
rbtree: 22 162
rbtree: 84 92
rbtree: 16 116
rbtree: 28 88
rbtree: 76 108
rbtree: 32 48
rbtree: 36 126
rbtree: 56 50
rbtree: 24 160
rbtree: 16 48
rbtree: 32 58
rbtree: 98 48
rbtree: 22 126
rbtree: 62 44
rbtree: 40 98
rbtree: 72 46
rbtree: 32 178
rbtree: 64 52
rbtree: 32 96
rbtree: 58 52
rbtree: 46 136
rbtree: 32 48
rbtree: 74 110
rbtree: 26 48
rbtree: 64 160
rbtree: 22 98
rbtree: 52 94
rbtree: 64 90
rbtree: 30 126
rbtree: 54 88
rbtree: 30 96
rbtree: 34 48
rbtree: 24 150
rbtree: 80 50
rbtree: 32 98
rbtree: 30 48
rbtree: 86 114
rbtree: 52 44
rbtree: 16 100
rbtree: 80 44
rbtree: 16 120
rbtree: 62 48
rbtree: 24 96
rbtree: 32 48
rbtree: 68 116
rbtree: 60 46
rbtree: 24 100
rbtree: 38 46
rbtree: 26 136
rbtree: 54 46
rbtree: 32 56
rbtree: 52 92
rbtree: 32 102
rbtree: 52 46
rbtree: 52 112
rbtree: 30 48
rbtree: 78 132
rbtree: 26 46
rbtree: 42 100
rbtree: 22 46
rbtree: 42 96
rbtree: 24 48
rbtree: 52 112
rbtree: 24 46
rbtree: 66 184
rbtree: 30 46
rbtree: 60 114
rbtree: 24 48
rbtree: 24 104
rbtree: 52 48
rbtree: 36 98
rbtree: 50 48
rbtree: 16 112
rbtree: 36 50
rbtree: 22 98
rbtree: 52 48
rbtree: 26 110
rbtree: 38 80
rbtree: 34 100
rbtree: 16 46
rbtree: 40 134
rbtree: 26 48
rbtree: 64 90
rbtree: 16 48
rbtree: 60 70
rbtree: 28 46
rbtree: 26 102
rbtree: 74 46
rbtree: 26 110
rbtree: 66 48
rbtree: 26 96
rbtree: 60 90
rbtree: 24 102
rbtree: 24 46
rbtree: 30 98
rbtree: 16 46
rbtree: 32 122
rbtree: 40 48
rbtree: 34 100
rbtree: 68 44
rbtree: 34 106
rbtree: 44 48
rbtree: 28 58
rbtree: 36 50
rbtree: 42 76
rbtree: 36 50
rbtree: 70 112
rbtree: 28 46
rbtree: 90 120
rbtree: 24 46
rbtree: 64 112
rbtree: 30 50
rbtree: 24 140
rbtree: 54 46
rbtree: 24 96
rbtree: 30 84
rbtree: 58 96
rbtree: 22 48
rbtree: 66 114
rbtree: 22 48
rbtree: 70 120
rbtree: 16 50
rbtree: 26 56
rbtree: 54 46
rbtree: 78 94
rbtree: 24 48
rbtree: 64 122
rbtree: 32 46
rbtree: 32 224
rbtree: 80 92
rbtree: 24 94
rbtree: 64 50
rbtree: 16 126
rbtree: 36 96
rbtree: 48 92
rbtree: 68 92
rbtree: 30 128
rbtree: 54 50
rbtree: 24 116
rbtree: 16 52
rbtree: 32 126
rbtree: 38 52
rbtree: 68 116
rbtree: 30 66
rbtree: 48 182
rbtree: 16 52
rbtree: 36 114
rbtree: 52 48
rbtree: 116 124
rbtree: 24 50
rbtree: 44 100
rbtree: 30 90
rbtree: 44 134
rbtree: 58 100
rbtree: 50 60
rbtree: 28 92
rbtree: 54 138
rbtree: 24 90
rbtree: 16 116
rbtree: 30 48
rbtree: 34 168
rbtree: 140 96
rbtree: 24 96
rbtree: 50 50
rbtree: 26 118
rbtree: 30 96
rbtree: 24 62
rbtree: 68 52
rbtree: 16 112
rbtree: 46 52
rbtree: 16 116
rbtree: 58 50
rbtree: 36 106
rbtree: 54 50
rbtree: 60 116
rbtree: 24 50
rbtree: 52 154
rbtree: 32 52
rbtree: 30 114
rbtree: 22 50
rbtree: 42 124
rbtree: 60 50
rbtree: 34 60
rbtree: 52 50
rbtree: 32 136
rbtree: 66 52
rbtree: 36 102
rbtree: 42 50
rbtree: 34 128
rbtree: 52 50
rbtree: 34 100
rbtree: 106 54
rbtree: 24 162
rbtree: 34 50
rbtree: 34 114
rbtree: 22 102
rbtree: 24 130
rbtree: 42 50
rbtree: 32 100
rbtree: 24 50
rbtree: 26 134
rbtree: 64 56
rbtree: 28 62
rbtree: 26 52
rbtree: 26 128
rbtree: 90 50
rbtree: 34 104
rbtree: 78 50
rbtree: 32 158
rbtree: 30 58
rbtree: 52 114
rbtree: 30 50
rbtree: 86 126
rbtree: 30 52
rbtree: 80 122
rbtree: 32 52
rbtree: 64 104
rbtree: 16 98
rbtree: 40 100
rbtree: 24 50
rbtree: 32 138
rbtree: 32 56
rbtree: 66 116
rbtree: 34 50
rbtree: 72 156
rbtree: 16 58
rbtree: 28 62
rbtree: 62 50
rbtree: 26 110
rbtree: 64 54
rbtree: 16 116
rbtree: 32 52
rbtree: 68 106
rbtree: 74 56
rbtree: 34 100
rbtree: 42 50
rbtree: 26 110
rbtree: 58 50
rbtree: 32 128
rbtree: 62 58
rbtree: 26 164
rbtree: 56 94
rbtree: 36 96
rbtree: 72 56
rbtree: 24 122
rbtree: 24 92
rbtree: 56 118
rbtree: 38 48
rbtree: 24 102
rbtree: 88 56
rbtree: 36 98
rbtree: 54 52
rbtree: 24 108
rbtree: 66 52
rbtree: 44 124
rbtree: 26 52
rbtree: 80 238
rbtree: 24 54
rbtree: 62 118
rbtree: 64 54
rbtree: 40 110
rbtree: 42 50
rbtree: 30 104
rbtree: 44 54
rbtree: 26 126
rbtree: 48 58
rbtree: 36 102
rbtree: 34 92
rbtree: 32 72
rbtree: 72 48
rbtree: 16 102
rbtree: 16 52
rbtree: 28 160
rbtree: 70 54
rbtree: 34 102
rbtree: 42 48
rbtree: 36 130
rbtree: 30 56
rbtree: 56 116
rbtree: 28 50
rbtree: 64 102
rbtree: 26 52
rbtree: 34 116
rbtree: 36 50
rbtree: 32 102
rbtree: 42 52
rbtree: 16 116
rbtree: 26 54
rbtree: 38 140
rbtree: 56 52
rbtree: 16 60
rbtree: 50 50
rbtree: 24 128
rbtree: 48 50
rbtree: 26 60
rbtree: 78 52
rbtree: 24 134
rbtree: 58 56
rbtree: 36 104
rbtree: 56 50
rbtree: 34 130
rbtree: 54 52
rbtree: 28 104
rbtree: 68 52
rbtree: 32 142
rbtree: 46 52
rbtree: 28 106
rbtree: 36 104
rbtree: 56 122
rbtree: 34 50
rbtree: 62 114
rbtree: 16 48
rbtree: 78 130
rbtree: 34 52
rbtree: 74 112
rbtree: 16 48
rbtree: 34 122
rbtree: 34 54
rbtree: 108 114
rbtree: 36 50
rbtree: 58 162
rbtree: 26 50
rbtree: 16 100
rbtree: 18 50
rbtree: 46 124
rbtree: 36 48
rbtree: 26 114
rbtree: 32 50
rbtree: 44 134
rbtree: 26 52
rbtree: 16 102
rbtree: 64 52
rbtree: 16 76
rbtree: 66 94
rbtree: 38 118
rbtree: 14 48
rbtree: 66 156
rbtree: 24 52
rbtree: 24 102
rbtree: 38 52
rbtree: 16 72
rbtree: 52 98
rbtree: 44 102
rbtree: 26 52
rbtree: 44 130
rbtree: 40 94
rbtree: 24 60
rbtree: 34 92
rbtree: 30 72
rbtree: 50 50
rbtree: 16 102
rbtree: 24 48
rbtree: 64 138
rbtree: 24 52
rbtree: 50 116
rbtree: 30 90
rbtree: 14 72
rbtree: 74 52
rbtree: 16 102
rbtree: 84 56
rbtree: 24 152
rbtree: 56 50
rbtree: 28 60
rbtree: 24 50
rbtree: 54 128
rbtree: 34 54
rbtree: 54 114
rbtree: 24 48
rbtree: 50 136
rbtree: 24 92
rbtree: 16 66
rbtree: 26 48
rbtree: 52 106
rbtree: 22 48
rbtree: 112 114
rbtree: 24 56
rbtree: 60 128
rbtree: 24 52
rbtree: 44 116
rbtree: 92 52
rbtree: 24 130
rbtree: 62 54
rbtree: 34 104
rbtree: 68 50
rbtree: 16 218
rbtree: 16 94
rbtree: 30 134
rbtree: 46 54
rbtree: 54 140
rbtree: 32 56
rbtree: 44 120
rbtree: 76 58
rbtree: 32 174
rbtree: 42 56
rbtree: 36 110
rbtree: 38 58
rbtree: 92 126
rbtree: 24 58
rbtree: 48 118
rbtree: 24 110
rbtree: 22 126
rbtree: 36 100
rbtree: 24 106
rbtree: 46 56
rbtree: 34 130
rbtree: 40 56
rbtree: 58 118
rbtree: 32 102
rbtree: 44 124
rbtree: 30 106
rbtree: 56 106
rbtree: 40 112
rbtree: 32 114
rbtree: 56 96
rbtree: 34 104
rbtree: 76 54
rbtree: 24 148
rbtree: 24 62
rbtree: 28 120
rbtree: 30 52
rbtree: 180 144
rbtree: 14 94
rbtree: 70 136
rbtree: 30 94
rbtree: 24 152
rbtree: 72 50
rbtree: 16 102
rbtree: 40 50
rbtree: 20 146
rbtree: 22 50
rbtree: 58 116
rbtree: 32 50
rbtree: 46 122
rbtree: 108 52
rbtree: 14 104
rbtree: 46 48
rbtree: 26 128
rbtree: 58 52
rbtree: 26 104
rbtree: 68 52
rbtree: 14 122
rbtree: 26 50
rbtree: 28 64
rbtree: 50 94
rbtree: 70 112
rbtree: 34 52
rbtree: 56 118
rbtree: 34 52
rbtree: 44 150
rbtree: 24 52
rbtree: 44 104
rbtree: 16 52
rbtree: 26 104
rbtree: 46 50
rbtree: 64 96
rbtree: 24 52
rbtree: 32 168
rbtree: 44 54
rbtree: 28 94
rbtree: 24 48
rbtree: 40 124
rbtree: 54 54
rbtree: 16 60
rbtree: 48 48
rbtree: 124 156
rbtree: 22 50
rbtree: 62 96
rbtree: 24 90
rbtree: 24 144
rbtree: 16 50
rbtree: 22 62
rbtree: 64 72
rbtree: 98 146
rbtree: 24 52
rbtree: 40 98
rbtree: 64 48
rbtree: 26 130
rbtree: 58 50
rbtree: 28 62
rbtree: 48 54
rbtree: 68 164
rbtree: 32 52
rbtree: 62 96
rbtree: 16 50
rbtree: 42 130
rbtree: 54 50
rbtree: 46 62
rbtree: 66 54
rbtree: 46 134
rbtree: 32 54
rbtree: 46 62
rbtree: 80 54
rbtree: 22 124
rbtree: 16 52
rbtree: 42 102
rbtree: 66 50
rbtree: 24 162
rbtree: 64 54
rbtree: 38 60
rbtree: 50 52
rbtree: 16 140
rbtree: 52 52
rbtree: 72 96
rbtree: 38 92
rbtree: 32 152
rbtree: 48 52
rbtree: 30 62
rbtree: 30 52
rbtree: 52 138
rbtree: 36 50
rbtree: 42 96
rbtree: 30 52
rbtree: 80 172
rbtree: 24 116
rbtree: 66 136
rbtree: 24 110
rbtree: 16 150
rbtree: 22 110
rbtree: 46 106
rbtree: 24 56
rbtree: 52 136
rbtree: 24 102
rbtree: 42 104
rbtree: 24 58
rbtree: 46 112
rbtree: 32 58
rbtree: 52 106
rbtree: 22 54
rbtree: 58 144
rbtree: 24 58
rbtree: 58 108
rbtree: 24 56
rbtree: 50 130
rbtree: 32 58
rbtree: 48 106
rbtree: 72 98
rbtree: 32 156
rbtree: 24 58
rbtree: 36 110
rbtree: 86 58
rbtree: 22 258
rbtree: 32 98
rbtree: 34 102
rbtree: 58 58
rbtree: 76 168
rbtree: 22 56
rbtree: 72 118
rbtree: 22 116
rbtree: 24 126
rbtree: 18 96
rbtree: 34 116
rbtree: 52 100
rbtree: 30 152
rbtree: 24 56
rbtree: 54 106
rbtree: 38 94
rbtree: 16 128
rbtree: 46 58
rbtree: 16 106
rbtree: 38 54
rbtree: 96 142
rbtree: 34 58
rbtree: 52 104
rbtree: 18 98
rbtree: 14 110
rbtree: 64 98
rbtree: 36 102
rbtree: 44 96
rbtree: 26 162
rbtree: 48 60
rbtree: 58 120
rbtree: 22 56
rbtree: 34 128
rbtree: 24 54
rbtree: 52 118
rbtree: 62 102
rbtree: 26 164
rbtree: 68 58
rbtree: 38 106
rbtree: 54 56
rbtree: 36 106
rbtree: 40 58
rbtree: 122 118
rbtree: 34 60
rbtree: 46 156
rbtree: 32 94
rbtree: 34 66
rbtree: 44 58
rbtree: 30 114
rbtree: 52 56
rbtree: 36 66
rbtree: 60 58
rbtree: 26 162
rbtree: 40 60
rbtree: 26 104
rbtree: 66 66
rbtree: 16 76
rbtree: 42 58
rbtree: 48 118
rbtree: 34 56
rbtree: 72 120
rbtree: 76 100
rbtree: 26 106
rbtree: 60 56
rbtree: 24 126
rbtree: 16 102
rbtree: 16 104
rbtree: 60 58
rbtree: 38 166
rbtree: 58 56
rbtree: 24 104
rbtree: 54 58
rbtree: 44 144
rbtree: 24 56
rbtree: 72 120
rbtree: 16 54
rbtree: 64 124
rbtree: 34 56
rbtree: 56 108
rbtree: 16 100
rbtree: 26 114
rbtree: 54 54
rbtree: 32 118
rbtree: 16 56
rbtree: 38 160
rbtree: 24 58
rbtree: 52 118
rbtree: 28 58
rbtree: 70 128
rbtree: 32 58
rbtree: 42 102
rbtree: 28 52
rbtree: 96 132
rbtree: 24 56
rbtree: 74 104
rbtree: 24 60
rbtree: 28 116
rbtree: 28 56
rbtree: 54 102
rbtree: 26 58
rbtree: 46 180
rbtree: 34 56
rbtree: 34 122
rbtree: 50 100
rbtree: 24 114
rbtree: 130 96
rbtree: 34 106
rbtree: 56 94
rbtree: 26 138
rbtree: 30 58
rbtree: 46 104
rbtree: 102 106
rbtree: 34 76
rbtree: 56 58
rbtree: 14 108
rbtree: 30 94
rbtree: 26 168
rbtree: 64 60
rbtree: 30 104
rbtree: 26 58
rbtree: 56 126
rbtree: 36 54
rbtree: 54 118
rbtree: 26 56
rbtree: 46 122
rbtree: 32 58
rbtree: 42 66
rbtree: 28 56
rbtree: 66 112
rbtree: 26 56
rbtree: 60 104
rbtree: 22 56
rbtree: 40 132
rbtree: 50 94
rbtree: 24 106
rbtree: 40 96
rbtree: 30 76
rbtree: 52 98
rbtree: 24 104
rbtree: 48 96
rbtree: 14 136
rbtree: 90 100
rbtree: 24 104
rbtree: 50 56
rbtree: 34 112
rbtree: 54 54
rbtree: 26 104
rbtree: 46 104
rbtree: 22 152
rbtree: 24 56
rbtree: 78 122
rbtree: 16 98
rbtree: 26 114
rbtree: 44 56
rbtree: 34 104
rbtree: 28 58
rbtree: 30 132
rbtree: 70 60
rbtree: 16 122
rbtree: 14 56
rbtree: 74 132
rbtree: 24 56
rbtree: 48 104
rbtree: 64 96
rbtree: 22 200
rbtree: 34 58
rbtree: 72 106
rbtree: 30 96
rbtree: 16 76
