rbtree: 514
rbtree: 236
rbtree: 156
rbtree: 184
rbtree: 136
rbtree: 122
rbtree: 206
rbtree: 110
rbtree: 116
rbtree: 146
rbtree: 136
rbtree: 98
rbtree: 132
rbtree: 180
rbtree: 92
rbtree: 88
rbtree: 70
rbtree: 150
rbtree: 66
rbtree: 46
rbtree: 62
rbtree: 192
rbtree: 118
rbtree: 142
rbtree: 98
rbtree: 124
rbtree: 194
rbtree: 80
rbtree: 116
rbtree: 152
rbtree: 110
rbtree: 190
rbtree: 98
rbtree: 146
rbtree: 96
rbtree: 138
rbtree: 54
rbtree: 218
rbtree: 100
rbtree: 116
rbtree: 54
rbtree: 176
rbtree: 90
rbtree: 184
rbtree: 88
rbtree: 52
rbtree: 42
rbtree: 110
rbtree: 44
rbtree: 150
rbtree: 98
rbtree: 120
rbtree: 40
rbtree: 152
rbtree: 132
rbtree: 100
rbtree: 70
rbtree: 136
rbtree: 88
rbtree: 50
rbtree: 86
rbtree: 168
rbtree: 148
rbtree: 114
rbtree: 170
rbtree: 106
rbtree: 76
rbtree: 102
rbtree: 68
rbtree: 138
rbtree: 80
rbtree: 86
rbtree: 100
rbtree: 114
rbtree: 33004
rbtree: 128
rbtree: 78
rbtree: 126
rbtree: 132
rbtree: 110
rbtree: 66
rbtree: 98
rbtree: 48
rbtree: 92
rbtree: 50
rbtree: 126
rbtree: 48
rbtree: 92
rbtree: 78
rbtree: 114
rbtree: 44
rbtree: 90
rbtree: 48
rbtree: 142
rbtree: 48
rbtree: 58
rbtree: 50
rbtree: 100
rbtree: 48
rbtree: 92
rbtree: 50
rbtree: 126
rbtree: 48
rbtree: 92
rbtree: 74
rbtree: 98
rbtree: 50
rbtree: 88
rbtree: 74
rbtree: 130
rbtree: 50
rbtree: 58
rbtree: 50
rbtree: 100
rbtree: 48
rbtree: 92
rbtree: 50
rbtree: 128
rbtree: 48
rbtree: 94
rbtree: 74
rbtree: 100
rbtree: 48
rbtree: 92
rbtree: 72
rbtree: 132
rbtree: 48
rbtree: 58
rbtree: 50
rbtree: 98
rbtree: 46
rbtree: 90
rbtree: 50
rbtree: 126
rbtree: 46
rbtree: 90
rbtree: 76
rbtree: 98
rbtree: 46
rbtree: 90
rbtree: 70
rbtree: 126
rbtree: 48
rbtree: 56
rbtree: 50
rbtree: 100
rbtree: 50
rbtree: 92
rbtree: 50
rbtree: 130
rbtree: 48
rbtree: 98
rbtree: 72
rbtree: 100
rbtree: 46
rbtree: 92
rbtree: 74
rbtree: 130
rbtree: 50
rbtree: 58
rbtree: 48
rbtree: 100
rbtree: 48
rbtree: 96
rbtree: 52
rbtree: 126
rbtree: 46
rbtree: 90
rbtree: 78
rbtree: 100
rbtree: 50
rbtree: 90
rbtree: 74
rbtree: 128
rbtree: 50
rbtree: 60
rbtree: 50
rbtree: 100
rbtree: 56
rbtree: 98
rbtree: 72
rbtree: 128
rbtree: 48
rbtree: 90
rbtree: 78
rbtree: 102
rbtree: 50
rbtree: 90
rbtree: 74
rbtree: 68
rbtree: 48
rbtree: 58
rbtree: 50
rbtree: 100
rbtree: 52
rbtree: 94
rbtree: 50
rbtree: 108
rbtree: 50
rbtree: 92
rbtree: 76
rbtree: 100
rbtree: 46
rbtree: 90
rbtree: 72
rbtree: 110
rbtree: 48
rbtree: 52
rbtree: 50
rbtree: 102
rbtree: 50
rbtree: 90
rbtree: 50
rbtree: 108
rbtree: 50
rbtree: 90
rbtree: 76
rbtree: 96
rbtree: 48
rbtree: 88
rbtree: 72
rbtree: 110
rbtree: 50
rbtree: 56
rbtree: 50
rbtree: 104
rbtree: 46
rbtree: 92
rbtree: 52
rbtree: 106
rbtree: 48
rbtree: 94
rbtree: 72
rbtree: 98
rbtree: 50
rbtree: 92
rbtree: 72
rbtree: 108
rbtree: 50
rbtree: 58
rbtree: 48
rbtree: 98
rbtree: 48
rbtree: 92
rbtree: 52
rbtree: 106
rbtree: 48
rbtree: 90
rbtree: 76
rbtree: 96
rbtree: 50
rbtree: 94
rbtree: 52
rbtree: 116
rbtree: 52
rbtree: 60
rbtree: 48
rbtree: 98
rbtree: 46
rbtree: 94
rbtree: 50
rbtree: 108
rbtree: 46
rbtree: 92
rbtree: 80
rbtree: 100
rbtree: 50
rbtree: 90
rbtree: 48
rbtree: 110
rbtree: 50
rbtree: 58
rbtree: 50
rbtree: 102
rbtree: 52
rbtree: 90
rbtree: 50
rbtree: 108
rbtree: 50
rbtree: 90
rbtree: 76
rbtree: 96
rbtree: 50
rbtree: 90
rbtree: 76
rbtree: 128
rbtree: 52
rbtree: 52
rbtree: 54
rbtree: 100
rbtree: 50
rbtree: 92
rbtree: 50
rbtree: 128
rbtree: 48
rbtree: 90
rbtree: 78
rbtree: 102
rbtree: 50
rbtree: 90
rbtree: 76
rbtree: 126
rbtree: 52
rbtree: 56
rbtree: 48
rbtree: 104
rbtree: 48
rbtree: 92
rbtree: 52
rbtree: 130
rbtree: 46
rbtree: 94
rbtree: 74
rbtree: 100
rbtree: 50
rbtree: 94
rbtree: 74
rbtree: 128
rbtree: 54
rbtree: 56
rbtree: 54
rbtree: 100
rbtree: 46
rbtree: 92
rbtree: 50
rbtree: 124
rbtree: 50
rbtree: 92
rbtree: 76
rbtree: 100
rbtree: 48
rbtree: 96
rbtree: 74
rbtree: 128
rbtree: 52
rbtree: 58
rbtree: 48
rbtree: 100
rbtree: 46
rbtree: 90
rbtree: 52
rbtree: 130
rbtree: 50
rbtree: 94
rbtree: 76
rbtree: 98
rbtree: 46
rbtree: 94
rbtree: 50
rbtree: 126
rbtree: 50
rbtree: 58
rbtree: 50
rbtree: 100
rbtree: 48
rbtree: 90
rbtree: 52
rbtree: 128
rbtree: 48
rbtree: 90
rbtree: 76
rbtree: 100
rbtree: 48
rbtree: 92
rbtree: 48
rbtree: 124
rbtree: 48
rbtree: 60
rbtree: 50
rbtree: 100
rbtree: 46
rbtree: 92
rbtree: 50
rbtree: 128
rbtree: 48
rbtree: 94
rbtree: 76
rbtree: 100
rbtree: 46
rbtree: 96
rbtree: 72
rbtree: 126
rbtree: 48
rbtree: 60
rbtree: 50
rbtree: 100
rbtree: 50
rbtree: 92
rbtree: 52
rbtree: 128
rbtree: 48
rbtree: 92
rbtree: 78
rbtree: 100
rbtree: 48
rbtree: 90
rbtree: 76
rbtree: 128
rbtree: 50
rbtree: 58
rbtree: 52
rbtree: 100
rbtree: 50
rbtree: 88
rbtree: 50
rbtree: 128
rbtree: 50
rbtree: 92
rbtree: 76
rbtree: 98
rbtree: 50
rbtree: 90
rbtree: 76
rbtree: 130
rbtree: 50
rbtree: 56
rbtree: 48
rbtree: 64
rbtree: 50
rbtree: 102
rbtree: 50
rbtree: 118
rbtree: 50
rbtree: 104
rbtree: 78
rbtree: 112
rbtree: 48
rbtree: 100
rbtree: 76
rbtree: 118
rbtree: 48
rbtree: 66
rbtree: 56
rbtree: 100
rbtree: 48
rbtree: 90
rbtree: 50
rbtree: 108
rbtree: 48
rbtree: 92
rbtree: 76
rbtree: 102
rbtree: 46
rbtree: 90
rbtree: 72
rbtree: 110
rbtree: 52
rbtree: 58
rbtree: 50
rbtree: 100
rbtree: 46
rbtree: 90
rbtree: 52
rbtree: 126
rbtree: 50
rbtree: 94
rbtree: 74
rbtree: 100
rbtree: 48
rbtree: 90
rbtree: 74
rbtree: 128
rbtree: 50
rbtree: 56
rbtree: 50
rbtree: 98
rbtree: 48
rbtree: 92
rbtree: 50
rbtree: 122
rbtree: 48
rbtree: 92
rbtree: 76
rbtree: 98
rbtree: 48
rbtree: 90
rbtree: 74
rbtree: 128
rbtree: 48
rbtree: 56
rbtree: 48
rbtree: 64
rbtree: 48
rbtree: 98
rbtree: 64
rbtree: 118
rbtree: 48
rbtree: 104
rbtree: 78
rbtree: 110
rbtree: 48
rbtree: 104
rbtree: 70
rbtree: 138
rbtree: 52
rbtree: 70
rbtree: 54
rbtree: 100
rbtree: 48
rbtree: 90
rbtree: 54
rbtree: 108
rbtree: 48
rbtree: 92
rbtree: 74
rbtree: 102
rbtree: 50
rbtree: 92
rbtree: 74
rbtree: 108
rbtree: 50
rbtree: 58
rbtree: 46
rbtree: 104
rbtree: 46
rbtree: 92
rbtree: 50
rbtree: 108
rbtree: 50
rbtree: 90
rbtree: 76
rbtree: 102
rbtree: 46
rbtree: 96
rbtree: 72
rbtree: 114
rbtree: 50
rbtree: 56
rbtree: 48
rbtree: 100
rbtree: 48
rbtree: 92
rbtree: 68
rbtree: 110
rbtree: 48
rbtree: 92
rbtree: 74
rbtree: 102
rbtree: 48
rbtree: 94
rbtree: 102
rbtree: 116
rbtree: 48
rbtree: 58
rbtree: 50
rbtree: 98
rbtree: 50
rbtree: 88
rbtree: 54
rbtree: 128
rbtree: 48
rbtree: 90
rbtree: 76
rbtree: 98
rbtree: 52
rbtree: 86
rbtree: 74
rbtree: 124
rbtree: 50
rbtree: 60
rbtree: 46
rbtree: 102
rbtree: 46
rbtree: 88
rbtree: 54
rbtree: 126
rbtree: 48
rbtree: 92
rbtree: 76
rbtree: 100
rbtree: 50
rbtree: 94
rbtree: 74
rbtree: 126
rbtree: 50
rbtree: 60
rbtree: 52
rbtree: 96
rbtree: 46
rbtree: 90
rbtree: 50
rbtree: 130
rbtree: 46
rbtree: 94
rbtree: 78
rbtree: 100
rbtree: 50
rbtree: 88
rbtree: 74
rbtree: 128
rbtree: 52
rbtree: 56
rbtree: 50
rbtree: 64
rbtree: 50
rbtree: 104
rbtree: 50
rbtree: 114
rbtree: 48
rbtree: 104
rbtree: 74
rbtree: 110
rbtree: 50
rbtree: 102
rbtree: 72
rbtree: 136
rbtree: 52
rbtree: 68
rbtree: 56
rbtree: 102
rbtree: 50
rbtree: 92
rbtree: 50
rbtree: 106
rbtree: 48
rbtree: 90
rbtree: 76
rbtree: 100
rbtree: 48
rbtree: 92
rbtree: 74
rbtree: 108
rbtree: 50
rbtree: 58
rbtree: 50
rbtree: 102
rbtree: 50
rbtree: 92
rbtree: 52
rbtree: 108
rbtree: 48
rbtree: 96
rbtree: 74
rbtree: 102
rbtree: 44
rbtree: 94
rbtree: 74
rbtree: 108
rbtree: 52
rbtree: 58
rbtree: 50
rbtree: 98
rbtree: 50
rbtree: 92
rbtree: 50
rbtree: 128
rbtree: 50
rbtree: 92
rbtree: 76
rbtree: 102
rbtree: 46
rbtree: 92
rbtree: 72
rbtree: 128
rbtree: 48
rbtree: 54
rbtree: 50
rbtree: 96
rbtree: 48
rbtree: 90
rbtree: 50
rbtree: 128
rbtree: 48
rbtree: 86
rbtree: 74
rbtree: 100
rbtree: 48
rbtree: 94
rbtree: 50
rbtree: 130
rbtree: 52
rbtree: 58
rbtree: 52
rbtree: 98
rbtree: 46
rbtree: 90
rbtree: 50
rbtree: 128
rbtree: 50
rbtree: 96
rbtree: 74
rbtree: 98
rbtree: 46
rbtree: 92
rbtree: 50
rbtree: 126
rbtree: 52
rbtree: 54
rbtree: 48
rbtree: 98
rbtree: 48
rbtree: 92
rbtree: 54
rbtree: 126
rbtree: 46
rbtree: 90
rbtree: 76
rbtree: 100
rbtree: 48
rbtree: 88
rbtree: 52
rbtree: 132
rbtree: 50
rbtree: 58
rbtree: 50
rbtree: 96
rbtree: 50
rbtree: 90
rbtree: 48
rbtree: 128
rbtree: 46
rbtree: 94
rbtree: 78
rbtree: 98
rbtree: 48
rbtree: 92
rbtree: 72
rbtree: 128
rbtree: 48
rbtree: 56
rbtree: 48
rbtree: 64
rbtree: 48
rbtree: 100
rbtree: 52
rbtree: 116
rbtree: 50
rbtree: 98
rbtree: 74
rbtree: 108
rbtree: 50
rbtree: 102
rbtree: 74
rbtree: 136
rbtree: 50
rbtree: 66
rbtree: 56
rbtree: 102
rbtree: 46
rbtree: 92
rbtree: 48
rbtree: 104
rbtree: 48
rbtree: 92
rbtree: 76
rbtree: 102
rbtree: 50
rbtree: 92
rbtree: 74
rbtree: 108
rbtree: 52
rbtree: 60
rbtree: 52
rbtree: 98
rbtree: 50
rbtree: 94
rbtree: 48
rbtree: 106
rbtree: 50
rbtree: 90
rbtree: 76
rbtree: 100
rbtree: 46
rbtree: 90
rbtree: 72
rbtree: 128
rbtree: 52
rbtree: 56
rbtree: 48
rbtree: 100
rbtree: 50
rbtree: 90
rbtree: 52
rbtree: 128
rbtree: 48
rbtree: 92
rbtree: 76
rbtree: 100
rbtree: 46
rbtree: 90
rbtree: 74
rbtree: 126
rbtree: 50
rbtree: 58
rbtree: 48
rbtree: 64
rbtree: 46
rbtree: 102
rbtree: 52
rbtree: 118
rbtree: 50
rbtree: 108
rbtree: 74
rbtree: 110
rbtree: 48
rbtree: 104
rbtree: 78
rbtree: 130
rbtree: 50
rbtree: 66
rbtree: 60
rbtree: 100
rbtree: 50
rbtree: 90
rbtree: 50
rbtree: 108
rbtree: 46
rbtree: 90
rbtree: 74
rbtree: 110
rbtree: 48
rbtree: 104
rbtree: 76
rbtree: 120
rbtree: 54
rbtree: 70
rbtree: 54
rbtree: 110
rbtree: 48
rbtree: 104
rbtree: 54
rbtree: 114
rbtree: 50
rbtree: 96
rbtree: 76
rbtree: 98
rbtree: 50
rbtree: 92
rbtree: 54
rbtree: 112
rbtree: 50
rbtree: 56
rbtree: 48
rbtree: 98
rbtree: 48
rbtree: 94
rbtree: 52
rbtree: 104
rbtree: 48
rbtree: 90
rbtree: 72
rbtree: 100
rbtree: 50
rbtree: 92
rbtree: 52
rbtree: 108
rbtree: 50
rbtree: 58
rbtree: 48
rbtree: 100
rbtree: 52
rbtree: 94
rbtree: 50
rbtree: 108
rbtree: 48
rbtree: 92
rbtree: 76
rbtree: 98
rbtree: 48
rbtree: 102
rbtree: 50
rbtree: 120
rbtree: 52
rbtree: 68
rbtree: 58
rbtree: 108
rbtree: 48
rbtree: 104
rbtree: 50
rbtree: 120
rbtree: 48
rbtree: 102
rbtree: 74
rbtree: 100
rbtree: 50
rbtree: 92
rbtree: 52
rbtree: 108
rbtree: 50
rbtree: 56
rbtree: 52
rbtree: 100
rbtree: 46
rbtree: 94
rbtree: 52
rbtree: 110
rbtree: 48
rbtree: 94
rbtree: 74
rbtree: 102
rbtree: 46
rbtree: 90
rbtree: 68
rbtree: 112
rbtree: 48
rbtree: 58
rbtree: 48
rbtree: 104
rbtree: 48
rbtree: 94
rbtree: 50
rbtree: 108
rbtree: 48
rbtree: 90
rbtree: 72
rbtree: 98
rbtree: 50
rbtree: 92
rbtree: 52
rbtree: 112
rbtree: 48
rbtree: 54
rbtree: 52
rbtree: 100
rbtree: 48
rbtree: 94
rbtree: 48
rbtree: 102
rbtree: 48
rbtree: 90
rbtree: 76
rbtree: 104
rbtree: 48
rbtree: 88
rbtree: 48
rbtree: 110
rbtree: 52
rbtree: 60
rbtree: 52
rbtree: 96
rbtree: 52
rbtree: 88
rbtree: 52
rbtree: 106
rbtree: 46
rbtree: 90
rbtree: 74
rbtree: 104
rbtree: 46
rbtree: 92
rbtree: 52
rbtree: 132
rbtree: 48
rbtree: 60
rbtree: 50
rbtree: 100
rbtree: 50
rbtree: 92
rbtree: 52
rbtree: 126
rbtree: 48
rbtree: 94
rbtree: 74
rbtree: 110
rbtree: 48
rbtree: 100
rbtree: 72
rbtree: 138
rbtree: 52
rbtree: 72
rbtree: 56
rbtree: 114
rbtree: 44
rbtree: 104
rbtree: 48
rbtree: 138
rbtree: 50
rbtree: 92
rbtree: 74
rbtree: 98
rbtree: 48
rbtree: 86
rbtree: 50
rbtree: 132
rbtree: 52
rbtree: 60
rbtree: 52
rbtree: 98
rbtree: 50
rbtree: 92
rbtree: 50
rbtree: 126
rbtree: 46
rbtree: 90
rbtree: 72
rbtree: 100
rbtree: 50
rbtree: 92
rbtree: 50
rbtree: 130
rbtree: 50
rbtree: 60
rbtree: 48
rbtree: 96
rbtree: 46
rbtree: 94
rbtree: 50
rbtree: 130
rbtree: 48
rbtree: 94
