rbtree: 176 164
rbtree: 72 150
rbtree: 46 136
rbtree: 106 58
rbtree: 36 98
rbtree: 26 108
rbtree: 100 102
rbtree: 22 60
rbtree: 46 118
rbtree: 16 64
rbtree: 138 60
rbtree: 16 74
rbtree: 54 100
rbtree: 24 28
rbtree: 50 82
rbtree: 16 28
rbtree: 100 102
rbtree: 18 26
rbtree: 34 66
rbtree: 24 62
rbtree: 48 110
rbtree: 16 96
rbtree: 66 78
rbtree: 176 60
rbtree: 24 106
rbtree: 72 26
rbtree: 28 68
rbtree: 86 22
rbtree: 28 92
rbtree: 38 80
rbtree: 24 84
rbtree: 46 58
rbtree: 20 74
rbtree: 38 24
rbtree: 22 70
rbtree: 44 24
rbtree: 16 82
rbtree: 20 64
rbtree: 20 32
rbtree: 50 26
rbtree: 20 76
rbtree: 18 26
rbtree: 20 66
rbtree: 24 26
rbtree: 22 80
rbtree: 18 30
rbtree: 24 34
rbtree: 26 26
rbtree: 22 78
rbtree: 20 26
rbtree: 20 68
rbtree: 22 26
rbtree: 20 84
rbtree: 20 28
rbtree: 24 32
rbtree: 24 26
rbtree: 18 74
rbtree: 20 26
rbtree: 20 68
rbtree: 20 24
rbtree: 20 84
rbtree: 20 26
rbtree: 24 32
rbtree: 22 24
rbtree: 16 76
rbtree: 20 26
rbtree: 18 66
rbtree: 20 26
rbtree: 16 86
rbtree: 22 26
rbtree: 18 32
rbtree: 26 24
rbtree: 24 74
rbtree: 18 24
rbtree: 20 70
rbtree: 22 24
rbtree: 22 74
rbtree: 18 26
rbtree: 24 32
rbtree: 24 26
rbtree: 22 74
rbtree: 20 26
rbtree: 20 68
rbtree: 22 26
rbtree: 20 76
rbtree: 20 28
rbtree: 24 32
rbtree: 22 26
rbtree: 20 76
rbtree: 22 26
rbtree: 20 70
rbtree: 22 24
rbtree: 20 76
rbtree: 18 26
rbtree: 24 32
rbtree: 24 26
rbtree: 16 78
rbtree: 20 28
rbtree: 16 70
rbtree: 22 26
rbtree: 16 76
rbtree: 24 26
rbtree: 16 32
rbtree: 28 22
rbtree: 22 76
rbtree: 20 26
rbtree: 18 68
rbtree: 20 24
rbtree: 20 76
rbtree: 22 26
rbtree: 24 34
rbtree: 24 26
rbtree: 20 74
rbtree: 20 26
rbtree: 20 68
rbtree: 20 26
rbtree: 20 74
rbtree: 20 26
rbtree: 26 32
rbtree: 24 26
rbtree: 22 76
rbtree: 20 26
rbtree: 18 68
rbtree: 24 24
rbtree: 22 80
rbtree: 18 26
rbtree: 22 32
rbtree: 22 26
rbtree: 16 74
rbtree: 20 26
rbtree: 18 70
rbtree: 22 28
rbtree: 18 78
rbtree: 20 28
rbtree: 16 34
rbtree: 28 26
rbtree: 22 74
rbtree: 20 26
rbtree: 20 70
rbtree: 22 26
rbtree: 20 74
rbtree: 20 28
rbtree: 24 32
rbtree: 22 26
rbtree: 22 74
rbtree: 20 24
rbtree: 20 68
rbtree: 24 24
rbtree: 22 78
rbtree: 20 26
rbtree: 24 32
rbtree: 24 26
rbtree: 20 76
rbtree: 20 26
rbtree: 20 66
rbtree: 22 24
rbtree: 20 76
rbtree: 20 28
rbtree: 24 32
rbtree: 24 26
rbtree: 16 76
rbtree: 20 26
rbtree: 18 68
rbtree: 22 26
rbtree: 16 78
rbtree: 26 28
rbtree: 18 32
rbtree: 26 26
rbtree: 22 76
rbtree: 20 26
rbtree: 20 66
rbtree: 20 28
rbtree: 22 76
rbtree: 18 28
rbtree: 22 34
rbtree: 26 26
rbtree: 22 76
rbtree: 18 26
rbtree: 20 68
rbtree: 24 26
rbtree: 20 76
rbtree: 20 26
rbtree: 26 34
rbtree: 24 26
rbtree: 20 76
rbtree: 22 26
rbtree: 22 68
rbtree: 24 24
rbtree: 22 80
rbtree: 20 28
rbtree: 32 34
rbtree: 22 26
rbtree: 16 74
rbtree: 20 24
rbtree: 16 68
rbtree: 22 26
rbtree: 16 80
rbtree: 20 26
rbtree: 16 32
rbtree: 26 26
rbtree: 28 74
rbtree: 20 26
rbtree: 20 68
rbtree: 20 26
rbtree: 20 32
rbtree: 24 26
rbtree: 24 32
rbtree: 24 26
rbtree: 20 76
rbtree: 20 26
rbtree: 20 68
rbtree: 20 26
rbtree: 22 30
rbtree: 24 28
rbtree: 24 30
rbtree: 24 26
rbtree: 20 74
rbtree: 18 24
rbtree: 22 68
rbtree: 22 26
rbtree: 22 32
rbtree: 16 28
rbtree: 18 32
rbtree: 18 26
rbtree: 16 74
rbtree: 20 24
rbtree: 16 68
rbtree: 24 28
rbtree: 16 32
rbtree: 18 28
rbtree: 18 34
rbtree: 26 26
rbtree: 20 74
rbtree: 22 26
rbtree: 22 68
rbtree: 22 24
rbtree: 22 76
rbtree: 20 26
rbtree: 24 34
rbtree: 22 26
rbtree: 20 74
rbtree: 18 26
rbtree: 20 70
rbtree: 20 24
rbtree: 20 76
rbtree: 22 28
rbtree: 24 34
rbtree: 24 26
rbtree: 24 74
rbtree: 18 26
rbtree: 22 68
rbtree: 22 26
rbtree: 20 76
rbtree: 20 28
rbtree: 24 32
rbtree: 24 26
rbtree: 16 74
rbtree: 18 24
rbtree: 16 70
rbtree: 24 26
rbtree: 16 78
rbtree: 18 26
rbtree: 18 32
rbtree: 28 24
rbtree: 20 40
rbtree: 16 24
rbtree: 22 70
rbtree: 22 26
rbtree: 24 78
rbtree: 20 28
rbtree: 24 32
rbtree: 24 24
rbtree: 22 42
rbtree: 18 24
rbtree: 20 68
rbtree: 22 26
rbtree: 22 74
rbtree: 20 26
rbtree: 24 34
rbtree: 24 26
rbtree: 18 38
rbtree: 20 26
rbtree: 22 68
rbtree: 20 28
rbtree: 20 76
rbtree: 20 26
rbtree: 24 32
rbtree: 24 26
rbtree: 20 76
rbtree: 20 26
rbtree: 20 70
rbtree: 20 24
rbtree: 22 78
rbtree: 20 26
rbtree: 26 32
rbtree: 24 24
rbtree: 22 76
rbtree: 20 24
rbtree: 22 70
rbtree: 22 26
rbtree: 20 74
rbtree: 20 26
rbtree: 24 32
rbtree: 26 26
rbtree: 22 76
rbtree: 20 26
rbtree: 16 66
rbtree: 22 26
rbtree: 16 34
rbtree: 18 26
rbtree: 16 34
rbtree: 22 24
rbtree: 20 76
rbtree: 20 26
rbtree: 30 68
rbtree: 22 24
rbtree: 18 32
rbtree: 24 28
rbtree: 24 32
rbtree: 24 26
rbtree: 20 76
rbtree: 20 26
rbtree: 22 70
rbtree: 22 26
rbtree: 20 34
rbtree: 24 28
rbtree: 24 32
rbtree: 24 26
rbtree: 20 76
rbtree: 20 26
rbtree: 20 70
rbtree: 24 26
rbtree: 18 34
rbtree: 18 26
rbtree: 16 34
rbtree: 24 26
rbtree: 20 74
rbtree: 20 24
rbtree: 22 68
rbtree: 24 26
rbtree: 22 32
rbtree: 24 28
rbtree: 24 32
rbtree: 22 26
rbtree: 20 76
rbtree: 20 26
rbtree: 20 66
rbtree: 22 24
rbtree: 22 32
rbtree: 24 26
rbtree: 26 30
rbtree: 24 24
rbtree: 24 76
rbtree: 20 26
rbtree: 20 66
rbtree: 22 24
rbtree: 16 34
rbtree: 18 26
rbtree: 18 32
rbtree: 28 26
rbtree: 22 74
rbtree: 20 26
rbtree: 20 68
rbtree: 22 26
rbtree: 22 74
rbtree: 18 26
rbtree: 26 34
rbtree: 24 26
rbtree: 20 78
rbtree: 20 26
rbtree: 20 68
rbtree: 22 26
rbtree: 22 74
rbtree: 20 26
rbtree: 26 32
rbtree: 22 26
rbtree: 20 74
rbtree: 20 28
rbtree: 20 68
rbtree: 22 26
rbtree: 20 76
rbtree: 18 26
rbtree: 24 32
rbtree: 24 26
rbtree: 18 76
rbtree: 20 26
rbtree: 16 68
rbtree: 20 24
rbtree: 16 78
rbtree: 20 26
rbtree: 18 32
rbtree: 28 26
rbtree: 20 76
rbtree: 20 26
rbtree: 18 70
rbtree: 22 24
rbtree: 22 76
rbtree: 20 28
rbtree: 24 34
rbtree: 24 26
rbtree: 20 76
rbtree: 20 24
rbtree: 20 66
rbtree: 22 26
rbtree: 22 76
rbtree: 20 26
rbtree: 24 32
rbtree: 22 26
rbtree: 18 38
rbtree: 20 22
rbtree: 20 68
rbtree: 22 24
rbtree: 20 76
rbtree: 20 26
rbtree: 24 32
rbtree: 24 26
rbtree: 20 38
rbtree: 20 24
rbtree: 22 68
rbtree: 22 26
rbtree: 20 76
rbtree: 20 26
rbtree: 24 32
rbtree: 24 26
rbtree: 20 76
rbtree: 20 26
rbtree: 20 68
rbtree: 20 26
rbtree: 20 74
rbtree: 18 28
rbtree: 24 32
rbtree: 24 24
rbtree: 20 74
rbtree: 20 26
rbtree: 20 68
rbtree: 22 24
rbtree: 22 32
rbtree: 24 30
rbtree: 22 32
rbtree: 22 24
rbtree: 16 76
rbtree: 20 26
rbtree: 16 68
rbtree: 24 24
rbtree: 16 32
rbtree: 18 28
rbtree: 16 32
rbtree: 26 24
rbtree: 24 74
rbtree: 22 26
rbtree: 20 66
rbtree: 22 26
rbtree: 20 32
rbtree: 26 26
rbtree: 24 34
rbtree: 22 24
rbtree: 20 74
rbtree: 20 26
rbtree: 20 68
rbtree: 20 24
rbtree: 22 34
rbtree: 24 26
rbtree: 22 32
rbtree: 24 26
rbtree: 20 74
rbtree: 20 26
rbtree: 20 70
rbtree: 24 26
rbtree: 20 32
rbtree: 16 26
rbtree: 16 32
rbtree: 26 26
rbtree: 22 74
rbtree: 22 24
rbtree: 22 68
rbtree: 24 24
rbtree: 22 50
rbtree: 16 26
rbtree: 26 34
rbtree: 24 26
rbtree: 22 74
rbtree: 20 24
rbtree: 20 68
rbtree: 22 26
rbtree: 20 32
rbtree: 24 26
rbtree: 26 34
rbtree: 24 26
rbtree: 22 76
rbtree: 20 26
rbtree: 22 68
rbtree: 22 26
rbtree: 20 50
rbtree: 18 26
rbtree: 24 32
rbtree: 28 26
rbtree: 22 74
rbtree: 20 26
rbtree: 20 68
rbtree: 20 26
rbtree: 20 56
rbtree: 18 26
rbtree: 24 34
rbtree: 24 24
rbtree: 20 76
rbtree: 20 26
rbtree: 20 66
rbtree: 20 22
rbtree: 20 76
rbtree: 28 28
rbtree: 24 32
rbtree: 24 26
rbtree: 22 76
rbtree: 20 22
rbtree: 20 68
rbtree: 22 24
rbtree: 22 84
rbtree: 20 26
rbtree: 24 30
rbtree: 20 24
rbtree: 16 74
rbtree: 20 26
rbtree: 18 66
rbtree: 20 24
rbtree: 18 82
rbtree: 20 28
rbtree: 18 32
rbtree: 28 24
rbtree: 20 76
rbtree: 20 26
rbtree: 18 68
rbtree: 22 26
rbtree: 20 84
rbtree: 20 28
rbtree: 24 32
rbtree: 22 22
rbtree: 22 76
rbtree: 20 26
rbtree: 22 68
rbtree: 22 26
rbtree: 20 76
rbtree: 18 28
rbtree: 24 32
rbtree: 24 26
rbtree: 20 74
rbtree: 20 26
rbtree: 22 68
rbtree: 20 26
rbtree: 22 74
rbtree: 20 28
rbtree: 24 32
rbtree: 24 24
rbtree: 18 74
rbtree: 20 26
rbtree: 16 70
rbtree: 22 26
rbtree: 16 82
rbtree: 22 26
rbtree: 18 34
rbtree: 26 28
rbtree: 20 78
rbtree: 18 26
rbtree: 20 70
rbtree: 22 26
rbtree: 20 78
rbtree: 20 26
rbtree: 24 34
rbtree: 22 26
rbtree: 22 78
rbtree: 20 26
rbtree: 18 68
rbtree: 24 26
rbtree: 20 76
rbtree: 20 26
rbtree: 24 32
rbtree: 24 26
rbtree: 22 38
rbtree: 22 24
rbtree: 20 70
rbtree: 22 26
rbtree: 22 74
rbtree: 20 26
rbtree: 26 32
rbtree: 24 26
rbtree: 20 40
rbtree: 22 26
rbtree: 22 68
rbtree: 22 24
rbtree: 22 78
rbtree: 20 28
rbtree: 24 32
rbtree: 24 26
rbtree: 22 74
rbtree: 20 26
rbtree: 20 68
rbtree: 20 26
rbtree: 20 78
rbtree: 20 28
rbtree: 26 32
rbtree: 22 26
rbtree: 22 74
rbtree: 18 24
rbtree: 22 68
rbtree: 20 26
rbtree: 22 32
rbtree: 26 28
rbtree: 22 32
rbtree: 26 26
rbtree: 16 76
rbtree: 18 26
rbtree: 16 68
rbtree: 22 24
rbtree: 16 32
rbtree: 18 24
rbtree: 18 32
rbtree: 26 26
rbtree: 22 74
rbtree: 18 26
rbtree: 20 68
rbtree: 24 26
rbtree: 22 36
rbtree: 26 28
rbtree: 24 32
rbtree: 24 26
rbtree: 20 76
rbtree: 20 24
rbtree: 20 70
rbtree: 22 24
rbtree: 22 34
rbtree: 24 26
rbtree: 26 32
rbtree: 22 26
rbtree: 22 76
rbtree: 20 26
rbtree: 22 64
rbtree: 24 24
rbtree: 20 32
rbtree: 18 28
rbtree: 18 32
rbtree: 18 26
rbtree: 16 76
rbtree: 20 26
rbtree: 16 70
rbtree: 22 26
rbtree: 18 32
rbtree: 18 26
rbtree: 16 32
rbtree: 26 26
rbtree: 22 74
rbtree: 20 26
rbtree: 22 70
rbtree: 22 26
rbtree: 20 34
rbtree: 26 26
rbtree: 24 36
rbtree: 22 26
rbtree: 22 76
rbtree: 20 26
rbtree: 20 68
rbtree: 20 26
rbtree: 22 32
rbtree: 24 28
rbtree: 24 32
rbtree: 24 26
rbtree: 20 76
rbtree: 22 28
rbtree: 22 68
rbtree: 24 24
rbtree: 20 32
rbtree: 16 28
rbtree: 18 32
rbtree: 26 24
rbtree: 22 74
rbtree: 18 26
rbtree: 22 68
rbtree: 22 26
rbtree: 22 36
rbtree: 24 26
rbtree: 24 30
rbtree: 22 26
rbtree: 18 74
rbtree: 20 26
rbtree: 18 68
rbtree: 24 26
rbtree: 22 32
rbtree: 24 26
rbtree: 24 32
rbtree: 24 26
rbtree: 20 74
rbtree: 18 26
rbtree: 22 68
rbtree: 22 26
rbtree: 20 32
rbtree: 16 26
rbtree: 16 32
rbtree: 26 26
rbtree: 22 76
rbtree: 20 26
rbtree: 20 68
rbtree: 22 26
rbtree: 20 76
rbtree: 20 30
rbtree: 24 34
rbtree: 22 26
rbtree: 20 76
rbtree: 20 24
rbtree: 18 68
rbtree: 24 26
rbtree: 20 74
rbtree: 20 26
rbtree: 24 32
rbtree: 22 26
rbtree: 26 78
rbtree: 20 26
rbtree: 20 68
rbtree: 22 28
rbtree: 20 76
rbtree: 20 28
rbtree: 24 32
rbtree: 24 26
rbtree: 18 76
rbtree: 20 26
rbtree: 16 70
rbtree: 24 26
rbtree: 18 78
rbtree: 20 28
rbtree: 18 32
rbtree: 26 26
rbtree: 22 74
rbtree: 18 24
rbtree: 20 66
rbtree: 20 26
rbtree: 22 76
rbtree: 20 26
rbtree: 24 34
rbtree: 24 24
rbtree: 20 74
rbtree: 20 24
rbtree: 20 68
rbtree: 24 26
rbtree: 20 74
rbtree: 18 26
rbtree: 24 34
rbtree: 22 26
rbtree: 22 76
rbtree: 18 24
rbtree: 20 68
rbtree: 22 24
rbtree: 20 76
rbtree: 20 28
rbtree: 24 34
rbtree: 24 26
rbtree: 18 76
rbtree: 20 26
rbtree: 16 68
rbtree: 24 24
rbtree: 18 78
rbtree: 20 26
rbtree: 18 32
rbtree: 26 26
rbtree: 22 76
rbtree: 20 26
rbtree: 22 70
rbtree: 22 26
rbtree: 20 76
rbtree: 20 26
rbtree: 22 32
rbtree: 24 26
rbtree: 22 74
rbtree: 20 26
rbtree: 20 68
rbtree: 22 26
rbtree: 20 76
rbtree: 20 26
rbtree: 26 32
rbtree: 24 26
rbtree: 20 74
rbtree: 18 26
rbtree: 20 68
rbtree: 20 26
rbtree: 20 80
rbtree: 20 26
rbtree: 26 34
rbtree: 24 24
rbtree: 18 76
rbtree: 20 24
rbtree: 18 68
rbtree: 24 26
rbtree: 16 80
rbtree: 20 26
rbtree: 18 32
rbtree: 26 26
rbtree: 22 38
rbtree: 20 26
rbtree: 20 68
rbtree: 22 24
rbtree: 20 74
rbtree: 20 28
rbtree: 24 32
rbtree: 22 24
rbtree: 24 76
rbtree: 20 26
rbtree: 22 66
rbtree: 22 28
rbtree: 20 32
rbtree: 26 26
rbtree: 26 34
rbtree: 24 26
rbtree: 22 74
rbtree: 20 24
rbtree: 20 68
rbtree: 22 26
rbtree: 20 32
rbtree: 24 26
rbtree: 24 32
rbtree: 26 24
rbtree: 20 76
rbtree: 20 24
rbtree: 22 70
rbtree: 20 24
rbtree: 20 34
rbtree: 22 26
rbtree: 24 34
rbtree: 24 26
rbtree: 22 78
rbtree: 20 24
rbtree: 26 72
rbtree: 22 24
rbtree: 22 76
rbtree: 22 28
rbtree: 22 32
rbtree: 22 26
rbtree: 20 76
rbtree: 20 26
rbtree: 20 68
rbtree: 22 26
rbtree: 20 74
rbtree: 20 26
rbtree: 26 32
rbtree: 18 26
rbtree: 16 76
rbtree: 20 24
rbtree: 18 68
rbtree: 22 28
rbtree: 18 78
rbtree: 20 26
rbtree: 18 32
rbtree: 20 26
rbtree: 16 42
rbtree: 20 26
rbtree: 24 68
rbtree: 22 26
rbtree: 24 32
rbtree: 24 28
rbtree: 24 32
rbtree: 24 26
rbtree: 18 74
rbtree: 18 26
rbtree: 20 68
rbtree: 20 24
rbtree: 20 34
rbtree: 24 28
rbtree: 24 32
rbtree: 24 24
rbtree: 22 74
rbtree: 20 26
rbtree: 20 68
rbtree: 22 24
rbtree: 20 34
rbtree: 24 28
rbtree: 16 34
rbtree: 26 26
rbtree: 20 76
rbtree: 20 26
rbtree: 20 68
rbtree: 22 26
rbtree: 20 34
rbtree: 26 26
rbtree: 24 32
rbtree: 24 26
rbtree: 22 76
rbtree: 20 26
rbtree: 20 68
rbtree: 22 24
rbtree: 18 32
rbtree: 22 26
rbtree: 26 34
rbtree: 22 26
rbtree: 22 74
rbtree: 18 24
rbtree: 20 68
rbtree: 22 24
rbtree: 18 32
rbtree: 16 26
rbtree: 18 34
rbtree: 26 26
rbtree: 18 76
rbtree: 20 24
rbtree: 24 68
rbtree: 22 26
rbtree: 20 34
rbtree: 24 26
rbtree: 24 32
rbtree: 26 26
rbtree: 20 74
rbtree: 22 26
rbtree: 20 68
rbtree: 22 26
rbtree: 22 32
rbtree: 24 28
rbtree: 24 32
rbtree: 24 26
rbtree: 20 74
rbtree: 18 24
rbtree: 24 68
rbtree: 22 26
rbtree: 18 32
rbtree: 18 24
rbtree: 16 32
rbtree: 26 26
rbtree: 20 74
rbtree: 18 26
rbtree: 20 68
rbtree: 22 24
rbtree: 18 36
rbtree: 24 28
rbtree: 26 34
rbtree: 24 26
rbtree: 20 78
rbtree: 20 26
rbtree: 22 70
rbtree: 22 26
rbtree: 18 32
rbtree: 22 28
rbtree: 26 34
rbtree: 24 24
rbtree: 20 74
rbtree: 20 26
rbtree: 20 68
rbtree: 24 26
rbtree: 20 34
rbtree: 16 26
rbtree: 18 32
rbtree: 28 24
rbtree: 22 76
rbtree: 20 26
rbtree: 22 70
rbtree: 22 26
rbtree: 20 34
rbtree: 24 26
rbtree: 24 34
rbtree: 22 26
rbtree: 20 76
rbtree: 20 26
rbtree: 18 68
rbtree: 24 26
rbtree: 24 76
rbtree: 18 28
rbtree: 24 32
rbtree: 22 26
rbtree: 20 74
rbtree: 20 24
rbtree: 22 66
rbtree: 22 24
rbtree: 22 74
rbtree: 20 28
rbtree: 22 32
rbtree: 26 24
rbtree: 22 76
rbtree: 20 26
rbtree: 20 68
rbtree: 22 26
rbtree: 22 76
rbtree: 20 28
rbtree: 24 32
rbtree: 24 26
rbtree: 22 76
rbtree: 20 26
rbtree: 20 68
rbtree: 22 26
rbtree: 20 74
rbtree: 20 30
rbtree: 24 32
rbtree: 24 26
rbtree: 20 76
rbtree: 20 26
rbtree: 22 68
rbtree: 22 24
rbtree: 22 76
rbtree: 20 26
rbtree: 24 34
rbtree: 22 26
rbtree: 18 74
rbtree: 20 26
rbtree: 18 68
rbtree: 22 24
rbtree: 18 76
rbtree: 20 26
rbtree: 18 30
rbtree: 26 26
