rbtree: 218 68
rbtree: 66 36
rbtree: 14 16
rbtree: 16 16
rbtree: 16 20
rbtree: 14 16
rbtree: 14 16
rbtree: 16 14
rbtree: 14 14
rbtree: 16 16
rbtree: 16 16
rbtree: 16 16
rbtree: 16 20
rbtree: 14 18
rbtree: 16 16
rbtree: 14 16
rbtree: 16 14
rbtree: 18 14
rbtree: 14 16
rbtree: 16 14
rbtree: 14 20
rbtree: 16 16
rbtree: 16 14
rbtree: 14 16
rbtree: 16 14
rbtree: 16 16
rbtree: 16 16
rbtree: 14 16
rbtree: 14 40
rbtree: 16 14
rbtree: 16 14
rbtree: 16 14
rbtree: 16 16
rbtree: 14 16
rbtree: 14 16
rbtree: 16 16
rbtree: 16 56
rbtree: 16 16
rbtree: 18 16
rbtree: 16 16
rbtree: 16 16
rbtree: 16 16
rbtree: 16 14
rbtree: 16 16
rbtree: 16 22
rbtree: 16 14
rbtree: 16 16
rbtree: 16 16
rbtree: 16 16
rbtree: 16 14
rbtree: 16 16
rbtree: 16 16
rbtree: 16 52
rbtree: 16 16
rbtree: 16 16
rbtree: 14 16
rbtree: 14 16
rbtree: 16 16
rbtree: 16 16
rbtree: 16 14
rbtree: 16 54
rbtree: 14 16
rbtree: 14 18
rbtree: 14 16
rbtree: 16 16
rbtree: 14 16
rbtree: 16 14
rbtree: 16 16
rbtree: 16 60
rbtree: 16 20
rbtree: 16 16
rbtree: 16 16
rbtree: 16 16
rbtree: 16 16
rbtree: 16 14
rbtree: 16 16
rbtree: 16 20
rbtree: 14 18
rbtree: 16 16
rbtree: 16 16
rbtree: 14 16
rbtree: 16 16
rbtree: 14 16
rbtree: 16 14
rbtree: 16 18
rbtree: 16 56
rbtree: 16 14
rbtree: 16 14
rbtree: 16 16
rbtree: 16 16
rbtree: 14 16
rbtree: 16 16
rbtree: 16 20
rbtree: 16 16
rbtree: 16 16
rbtree: 16 16
rbtree: 16 16
rbtree: 14 14
rbtree: 16 16
rbtree: 14 16
rbtree: 16 20
rbtree: 16 16
rbtree: 16 14
rbtree: 16 14
rbtree: 16 16
rbtree: 16 14
rbtree: 14 16
rbtree: 14 16
rbtree: 14 20
rbtree: 16 16
rbtree: 16 14
rbtree: 14 14
rbtree: 16 16
rbtree: 14 16
rbtree: 16 16
rbtree: 14 16
rbtree: 16 22
rbtree: 14 16
rbtree: 16 16
rbtree: 16 16
rbtree: 16 14
rbtree: 16 16
rbtree: 16 16
rbtree: 16 16
rbtree: 16 20
rbtree: 16 16
rbtree: 14 14
rbtree: 14 16
rbtree: 16 16
rbtree: 16 14
rbtree: 16 16
rbtree: 14 16
rbtree: 16 20
rbtree: 16 16
rbtree: 14 16
rbtree: 16 16
rbtree: 16 16
rbtree: 16 16
rbtree: 14 14
rbtree: 14 16
rbtree: 18 22
rbtree: 16 14
rbtree: 16 16
rbtree: 14 16
rbtree: 16 14
rbtree: 16 16
rbtree: 14 16
rbtree: 14 16
rbtree: 14 20
rbtree: 16 16
rbtree: 14 16
rbtree: 14 16
rbtree: 16 16
rbtree: 16 16
rbtree: 16 16
rbtree: 16 16
rbtree: 14 20
rbtree: 16 16
rbtree: 16 16
rbtree: 16 14
rbtree: 16 16
rbtree: 16 16
rbtree: 16 16
rbtree: 16 16
rbtree: 16 22
rbtree: 16 14
rbtree: 16 16
rbtree: 14 16
rbtree: 14 16
rbtree: 16 16
rbtree: 16 14
rbtree: 16 16
rbtree: 16 20
rbtree: 16 20
rbtree: 16 16
rbtree: 16 16
rbtree: 16 16
rbtree: 16 16
rbtree: 14 14
rbtree: 16 16
rbtree: 14 20
rbtree: 16 22
rbtree: 16 14
rbtree: 16 16
rbtree: 16 16
rbtree: 16 16
rbtree: 16 16
rbtree: 16 14
rbtree: 16 20
rbtree: 16 16
rbtree: 16 14
rbtree: 16 16
rbtree: 16 16
rbtree: 16 14
rbtree: 16 14
rbtree: 16 16
rbtree: 14 22
rbtree: 16 14
rbtree: 16 14
rbtree: 16 18
rbtree: 14 16
rbtree: 16 16
rbtree: 14 16
rbtree: 16 16
rbtree: 14 22
rbtree: 14 16
rbtree: 14 14
rbtree: 14 18
rbtree: 14 14
rbtree: 14 14
rbtree: 18 16
rbtree: 14 16
rbtree: 14 22
rbtree: 14 14
rbtree: 14 14
rbtree: 16 16
rbtree: 16 16
rbtree: 18 16
rbtree: 14 14
rbtree: 16 16
rbtree: 14 20
rbtree: 16 18
rbtree: 16 16
rbtree: 16 16
rbtree: 16 14
rbtree: 16 16
rbtree: 16 16
rbtree: 16 16
rbtree: 16 22
rbtree: 14 16
rbtree: 18 16
rbtree: 16 16
rbtree: 14 14
rbtree: 16 16
rbtree: 16 16
rbtree: 16 14
rbtree: 16 18
rbtree: 18 14
rbtree: 16 16
rbtree: 16 16
rbtree: 14 16
rbtree: 16 14
rbtree: 16 16
rbtree: 16 16
rbtree: 16 20
rbtree: 16 14
rbtree: 16 16
rbtree: 14 16
rbtree: 16 16
rbtree: 16 16
rbtree: 14 14
rbtree: 14 14
rbtree: 16 22
rbtree: 14 14
rbtree: 14 14
rbtree: 16 16
rbtree: 16 16
rbtree: 14 16
rbtree: 16 14
rbtree: 16 14
rbtree: 16 20
rbtree: 14 16
rbtree: 16 16
rbtree: 16 16
rbtree: 16 14
rbtree: 16 14
rbtree: 16 16
rbtree: 16 16
rbtree: 16 20
rbtree: 16 16
rbtree: 14 16
rbtree: 16 16
rbtree: 16 14
rbtree: 16 16
rbtree: 16 14
rbtree: 16 16
rbtree: 16 22
rbtree: 16 16
rbtree: 16 16
rbtree: 16 16
rbtree: 14 14
rbtree: 16 16
rbtree: 16 16
rbtree: 14 14
rbtree: 16 30
rbtree: 16 14
rbtree: 14 14
rbtree: 16 16
rbtree: 16 18
rbtree: 14 14
rbtree: 16 18
rbtree: 14 14
rbtree: 16 22
rbtree: 16 16
rbtree: 14 16
rbtree: 16 14
rbtree: 16 16
rbtree: 16 16
rbtree: 16 16
rbtree: 14 16
rbtree: 16 20
rbtree: 14 16
rbtree: 16 16
rbtree: 16 16
rbtree: 16 16
rbtree: 16 16
rbtree: 16 16
rbtree: 14 16
rbtree: 16 18
rbtree: 16 16
rbtree: 16 18
rbtree: 14 14
rbtree: 16 20
rbtree: 14 16
rbtree: 16 16
rbtree: 16 14
rbtree: 16 20
rbtree: 16 16
rbtree: 16 16
rbtree: 16 14
rbtree: 16 16
rbtree: 18 16
rbtree: 16 14
rbtree: 14 14
rbtree: 14 20
rbtree: 16 18
rbtree: 14 14
rbtree: 14 14
rbtree: 18 16
rbtree: 14 16
rbtree: 16 16
rbtree: 14 16
rbtree: 16 20
rbtree: 16 18
rbtree: 14 16
rbtree: 14 16
rbtree: 16 16
rbtree: 16 14
rbtree: 16 14
rbtree: 16 14
rbtree: 14 18
rbtree: 16 16
rbtree: 14 16
rbtree: 16 14
rbtree: 16 14
rbtree: 16 16
rbtree: 16 16
rbtree: 14 16
rbtree: 16 20
rbtree: 16 16
rbtree: 16 14
rbtree: 16 16
rbtree: 16 16
rbtree: 16 16
rbtree: 16 16
rbtree: 16 16
rbtree: 16 22
rbtree: 16 14
rbtree: 16 16
rbtree: 14 16
rbtree: 14 14
rbtree: 16 16
rbtree: 16 16
rbtree: 14 16
rbtree: 16 18
rbtree: 16 16
rbtree: 16 16
rbtree: 16 16
rbtree: 16 16
rbtree: 16 16
rbtree: 14 14
rbtree: 16 16
rbtree: 14 22
rbtree: 16 16
rbtree: 14 14
rbtree: 16 16
rbtree: 16 16
rbtree: 16 16
rbtree: 14 16
rbtree: 18 16
rbtree: 16 20
rbtree: 14 18
rbtree: 14 14
rbtree: 14 16
rbtree: 14 16
rbtree: 16 14
rbtree: 16 16
rbtree: 14 16
rbtree: 16 20
rbtree: 16 16
rbtree: 16 22
rbtree: 14 16
rbtree: 16 14
rbtree: 14 14
rbtree: 16 16
rbtree: 16 16
rbtree: 14 20
rbtree: 16 16
rbtree: 16 16
rbtree: 16 16
rbtree: 16 16
rbtree: 16 14
rbtree: 16 16
rbtree: 16 16
rbtree: 14 18
rbtree: 16 14
rbtree: 14 14
rbtree: 16 14
rbtree: 14 14
rbtree: 14 16
rbtree: 16 16
rbtree: 14 16
rbtree: 16 22
rbtree: 16 16
rbtree: 16 16
rbtree: 14 14
rbtree: 16 16
rbtree: 14 16
rbtree: 16 14
rbtree: 14 14
rbtree: 16 18
rbtree: 16 16
rbtree: 14 14
rbtree: 16 14
rbtree: 16 14
rbtree: 16 14
rbtree: 16 16
rbtree: 16 14
rbtree: 16 18
rbtree: 14 16
rbtree: 16 18
rbtree: 16 16
rbtree: 16 14
rbtree: 16 16
rbtree: 16 16
rbtree: 16 16
rbtree: 16 22
rbtree: 14 18
rbtree: 14 14
rbtree: 16 16
rbtree: 14 16
rbtree: 16 14
rbtree: 16 16
rbtree: 14 16
rbtree: 16 14
rbtree: 16 16
rbtree: 16 16
rbtree: 16 16
rbtree: 14 16
rbtree: 16 16
rbtree: 14 16
rbtree: 16 14
rbtree: 16 22
rbtree: 16 16
rbtree: 16 16
rbtree: 16 16
rbtree: 16 16
rbtree: 16 16
rbtree: 16 16
rbtree: 16 14
rbtree: 16 20
rbtree: 16 16
rbtree: 16 16
rbtree: 14 16
rbtree: 14 16
rbtree: 18 16
rbtree: 14 16
rbtree: 16 14
rbtree: 16 22
rbtree: 14 16
rbtree: 16 14
rbtree: 16 14
rbtree: 16 16
rbtree: 16 16
rbtree: 16 14
rbtree: 16 16
rbtree: 14 22
rbtree: 14 18
rbtree: 14 14
rbtree: 16 16
rbtree: 16 16
rbtree: 14 16
rbtree: 16 14
rbtree: 16 16
rbtree: 14 18
rbtree: 14 18
rbtree: 16 16
rbtree: 16 16
rbtree: 16 16
rbtree: 16 16
rbtree: 16 14
rbtree: 16 14
rbtree: 16 58
rbtree: 16 14
rbtree: 14 16
rbtree: 16 16
rbtree: 14 16
rbtree: 16 14
rbtree: 16 16
rbtree: 16 16
rbtree: 16 58
rbtree: 16 16
rbtree: 14 16
rbtree: 16 14
rbtree: 16 16
rbtree: 14 16
rbtree: 16 16
rbtree: 16 16
rbtree: 16 50
rbtree: 16 16
rbtree: 14 16
rbtree: 18 16
rbtree: 16 14
rbtree: 14 16
rbtree: 16 16
rbtree: 16 16
rbtree: 14 58
rbtree: 16 16
rbtree: 16 16
rbtree: 14 14
rbtree: 16 16
rbtree: 16 16
rbtree: 14 14
rbtree: 16 16
rbtree: 16 18
rbtree: 16 14
rbtree: 18 16
rbtree: 16 14
rbtree: 14 14
rbtree: 14 14
rbtree: 16 16
rbtree: 16 16
rbtree: 14 44
rbtree: 14 14
rbtree: 16 16
rbtree: 14 16
rbtree: 16 16
rbtree: 14 16
rbtree: 16 16
rbtree: 16 16
rbtree: 16 58
rbtree: 16 16
rbtree: 14 14
rbtree: 16 16
rbtree: 14 14
rbtree: 16 16
rbtree: 16 14
rbtree: 16 16
rbtree: 14 20
rbtree: 16 56
rbtree: 16 16
rbtree: 16 14
rbtree: 16 16
rbtree: 14 16
rbtree: 16 16
rbtree: 16 16
rbtree: 14 18
rbtree: 16 18
rbtree: 16 14
rbtree: 16 14
rbtree: 16 16
rbtree: 16 16
rbtree: 16 16
rbtree: 16 16
rbtree: 16 20
rbtree: 14 16
rbtree: 14 14
rbtree: 16 16
rbtree: 14 16
rbtree: 14 16
rbtree: 16 14
rbtree: 16 16
rbtree: 16 20
rbtree: 16 16
rbtree: 16 16
rbtree: 14 14
rbtree: 16 16
rbtree: 16 16
rbtree: 14 16
rbtree: 16 14
rbtree: 16 20
rbtree: 16 16
rbtree: 16 16
rbtree: 16 16
rbtree: 16 16
rbtree: 16 14
rbtree: 16 16
rbtree: 16 16
rbtree: 16 22
rbtree: 14 14
rbtree: 14 16
rbtree: 16 16
rbtree: 14 16
rbtree: 16 16
rbtree: 16 14
rbtree: 16 16
rbtree: 16 20
rbtree: 14 14
rbtree: 16 16
rbtree: 14 16
rbtree: 16 16
rbtree: 14 16
rbtree: 14 14
rbtree: 16 16
rbtree: 14 20
rbtree: 16 14
rbtree: 16 14
rbtree: 16 16
rbtree: 16 16
rbtree: 16 16
rbtree: 16 14
rbtree: 16 14
rbtree: 16 20
rbtree: 14 16
rbtree: 14 16
rbtree: 14 16
rbtree: 14 16
rbtree: 16 16
rbtree: 18 16
rbtree: 16 16
rbtree: 16 20
rbtree: 16 16
rbtree: 16 16
rbtree: 16 16
rbtree: 16 16
rbtree: 16 16
rbtree: 14 16
rbtree: 16 16
rbtree: 16 22
rbtree: 16 18
rbtree: 16 14
rbtree: 14 14
rbtree: 16 16
rbtree: 16 16
rbtree: 16 14
rbtree: 14 16
rbtree: 16 22
rbtree: 14 16
rbtree: 14 14
rbtree: 16 14
rbtree: 14 16
rbtree: 14 14
rbtree: 14 16
rbtree: 16 14
rbtree: 14 18
rbtree: 16 16
rbtree: 16 16
rbtree: 16 14
rbtree: 16 16
rbtree: 16 16
rbtree: 16 16
rbtree: 16 16
rbtree: 16 20
rbtree: 16 16
rbtree: 16 16
rbtree: 14 14
rbtree: 14 16
rbtree: 16 16
rbtree: 16 14
rbtree: 16 16
rbtree: 16 20
rbtree: 18 16
rbtree: 16 16
rbtree: 16 14
rbtree: 14 14
rbtree: 14 16
rbtree: 16 18
rbtree: 16 16
rbtree: 16 20
rbtree: 14 16
rbtree: 16 16
rbtree: 14 14
rbtree: 16 16
rbtree: 14 16
rbtree: 16 16
rbtree: 16 14
rbtree: 16 18
rbtree: 16 16
rbtree: 16 16
rbtree: 16 16
rbtree: 16 14
rbtree: 16 16
rbtree: 14 16
rbtree: 14 16
rbtree: 16 20
rbtree: 16 22
rbtree: 16 18
rbtree: 14 16
rbtree: 14 16
rbtree: 16 16
rbtree: 16 14
rbtree: 14 16
rbtree: 16 18
rbtree: 16 16
rbtree: 16 14
rbtree: 16 16
rbtree: 16 16
rbtree: 16 16
rbtree: 16 16
rbtree: 16 14
rbtree: 16 22
rbtree: 16 16
rbtree: 16 16
rbtree: 16 16
rbtree: 14 16
rbtree: 16 16
rbtree: 16 14
rbtree: 16 16
rbtree: 16 20
rbtree: 14 14
rbtree: 16 16
rbtree: 18 16
rbtree: 16 16
rbtree: 16 16
rbtree: 14 14
rbtree: 16 14
rbtree: 16 18
rbtree: 16 16
rbtree: 16 14
rbtree: 16 16
rbtree: 14 16
rbtree: 16 16
rbtree: 16 16
rbtree: 16 14
rbtree: 16 20
rbtree: 14 14
rbtree: 18 16
rbtree: 14 14
rbtree: 14 16
rbtree: 14 14
rbtree: 16 16
rbtree: 16 16
rbtree: 16 18
rbtree: 16 16
rbtree: 14 14
rbtree: 16 14
rbtree: 16 14
rbtree: 16 14
rbtree: 16 16
rbtree: 16 16
rbtree: 16 20
rbtree: 16 16
rbtree: 14 16
rbtree: 16 16
rbtree: 16 14
rbtree: 16 16
rbtree: 16 14
rbtree: 16 16
rbtree: 16 20
rbtree: 16 16
rbtree: 16 14
rbtree: 16 16
rbtree: 16 16
rbtree: 16 16
rbtree: 14 14
rbtree: 16 14
rbtree: 16 18
rbtree: 16 16
rbtree: 16 14
rbtree: 16 16
rbtree: 14 16
rbtree: 16 16
rbtree: 16 16
rbtree: 16 16
rbtree: 16 18
rbtree: 14 16
rbtree: 14 16
rbtree: 16 16
rbtree: 14 16
rbtree: 16 16
rbtree: 16 16
rbtree: 16 16
rbtree: 14 20
rbtree: 14 14
rbtree: 16 16
rbtree: 16 14
rbtree: 14 16
rbtree: 16 16
rbtree: 16 14
rbtree: 14 16
rbtree: 16 18
rbtree: 16 16
rbtree: 16 16
rbtree: 14 16
rbtree: 16 16
rbtree: 16 16
rbtree: 16 16
rbtree: 16 16
rbtree: 14 18
rbtree: 14 16
rbtree: 16 16
rbtree: 14 16
rbtree: 14 14
rbtree: 16 16
rbtree: 14 14
rbtree: 16 16
rbtree: 14 18
rbtree: 16 16
rbtree: 14 14
rbtree: 16 14
rbtree: 14 18
rbtree: 16 16
rbtree: 14 16
rbtree: 16 16
rbtree: 16 22
rbtree: 16 14
rbtree: 16 16
rbtree: 14 16
rbtree: 16 16
rbtree: 14 16
rbtree: 14 14
rbtree: 16 16
rbtree: 14 18
rbtree: 16 14
rbtree: 16 16
rbtree: 14 14
rbtree: 14 14
rbtree: 16 16
rbtree: 16 16
rbtree: 14 16
rbtree: 16 22
rbtree: 16 16
rbtree: 16 16
rbtree: 14 14
rbtree: 16 20
rbtree: 16 16
rbtree: 16 16
rbtree: 18 16
rbtree: 16 18
rbtree: 16 18
rbtree: 16 16
rbtree: 14 14
rbtree: 16 16
rbtree: 14 16
rbtree: 16 14
rbtree: 16 16
rbtree: 16 18
rbtree: 14 14
rbtree: 14 16
rbtree: 16 16
rbtree: 14 16
rbtree: 14 14
rbtree: 16 16
rbtree: 14 16
rbtree: 16 20
rbtree: 14 14
rbtree: 16 18
rbtree: 14 14
rbtree: 16 16
rbtree: 16 16
rbtree: 16 16
rbtree: 16 14
rbtree: 16 20
rbtree: 14 16
rbtree: 14 16
rbtree: 16 16
rbtree: 16 16
rbtree: 16 16
rbtree: 16 16
rbtree: 14 16
rbtree: 16 18
rbtree: 16 18
rbtree: 14 14
rbtree: 14 14
rbtree: 16 14
rbtree: 14 16
rbtree: 16 16
rbtree: 14 14
rbtree: 14 20
rbtree: 16 16
rbtree: 14 14
rbtree: 16 14
rbtree: 16 16
rbtree: 16 16
rbtree: 16 16
rbtree: 14 16
rbtree: 16 20
rbtree: 14 16
rbtree: 16 18
rbtree: 16 16
rbtree: 16 14
rbtree: 16 16
rbtree: 14 18
rbtree: 16 16
rbtree: 16 20
rbtree: 16 18
rbtree: 14 14
rbtree: 14 14
rbtree: 14 16
rbtree: 16 14
rbtree: 14 16
rbtree: 14 16
rbtree: 16 20
rbtree: 16 16
rbtree: 16 16
rbtree: 16 16
rbtree: 14 16
rbtree: 16 16
rbtree: 14 16
rbtree: 16 16
rbtree: 16 20
rbtree: 14 18
rbtree: 16 24
rbtree: 16 16
rbtree: 14 16
rbtree: 16 14
rbtree: 16 16
rbtree: 16 14
rbtree: 14 20
rbtree: 14 16
rbtree: 16 16
rbtree: 16 14
rbtree: 16 14
rbtree: 16 16
rbtree: 16 14
rbtree: 14 16
rbtree: 16 18
rbtree: 16 16
rbtree: 16 14
rbtree: 16 14
rbtree: 18 16
rbtree: 16 16
rbtree: 16 14
rbtree: 14 14
rbtree: 14 22
rbtree: 14 18
rbtree: 14 14
rbtree: 16 14
rbtree: 16 14
rbtree: 14 16
rbtree: 16 14
rbtree: 16 16
rbtree: 14 18
rbtree: 14 18
rbtree: 16 16
rbtree: 16 16
rbtree: 16 16
rbtree: 16 14
rbtree: 16 14
rbtree: 16 16
rbtree: 14 18
rbtree: 14 14
rbtree: 16 16
rbtree: 16 16
rbtree: 16 16
rbtree: 14 16
rbtree: 16 16
rbtree: 16 16
rbtree: 16 20
rbtree: 14 16
rbtree: 16 16
rbtree: 16 16
rbtree: 16 16
rbtree: 16 14
rbtree: 16 16
rbtree: 14 16
rbtree: 16 18
rbtree: 16 16
rbtree: 16 18
rbtree: 14 14
rbtree: 16 16
rbtree: 16 16
rbtree: 16 16
rbtree: 14 16
rbtree: 14 22
rbtree: 14 18
rbtree: 14 14
rbtree: 16 16
rbtree: 14 16
rbtree: 16 14
rbtree: 16 16
rbtree: 14 16
rbtree: 16 18
rbtree: 14 16
rbtree: 16 16
rbtree: 16 16
rbtree: 14 16
rbtree: 16 16
rbtree: 14 16
rbtree: 16 16
rbtree: 16 20
rbtree: 16 18
rbtree: 16 14
rbtree: 16 16
rbtree: 16 16
rbtree: 16 16
rbtree: 16 16
rbtree: 14 16
rbtree: 14 16
rbtree: 16 16
rbtree: 14 16
rbtree: 16 16
rbtree: 14 16
rbtree: 16 14
rbtree: 16 16
rbtree: 16 16
rbtree: 14 18
rbtree: 16 16
rbtree: 16 16
rbtree: 16 16
