rbtree: 86 162
rbtree: 136 172
rbtree: 32 154
rbtree: 108 150
rbtree: 26 66
rbtree: 136 118
rbtree: 28 68
rbtree: 76 114
rbtree: 22 66
rbtree: 28 72
rbtree: 58 66
rbtree: 16 152
rbtree: 50 80
rbtree: 16 122
rbtree: 102 84
rbtree: 24 130
rbtree: 58 76
rbtree: 44 96
rbtree: 26 82
rbtree: 78 156
rbtree: 24 72
rbtree: 54 98
rbtree: 20 32
rbtree: 70 100
rbtree: 16 70
rbtree: 98 40
rbtree: 30 30
rbtree: 102 166
rbtree: 44 70
rbtree: 28 96
rbtree: 46 30
rbtree: 34 86
rbtree: 66 30
rbtree: 28 102
rbtree: 30 32
rbtree: 128 122
rbtree: 24 30
rbtree: 42 80
rbtree: 34 86
rbtree: 24 116
rbtree: 86 72
rbtree: 30 78
rbtree: 94 30
rbtree: 42 152
rbtree: 32 54
rbtree: 48 96
rbtree: 18 32
rbtree: 24 82
rbtree: 68 32
rbtree: 36 80
rbtree: 46 30
rbtree: 38 92
rbtree: 54 42
rbtree: 24 94
rbtree: 44 32
rbtree: 32 86
rbtree: 36 30
rbtree: 24 76
rbtree: 124 32
rbtree: 16 164
rbtree: 56 84
rbtree: 24 92
rbtree: 44 110
rbtree: 22 100
rbtree: 62 76
rbtree: 30 84
rbtree: 126 76
rbtree: 24 126
rbtree: 64 52
rbtree: 30 96
rbtree: 24 36
rbtree: 52 78
rbtree: 90 34
rbtree: 28 84
rbtree: 40 34
rbtree: 22 148
rbtree: 30 36
rbtree: 54 100
rbtree: 32 36
rbtree: 122 134
rbtree: 24 70
rbtree: 20 112
rbtree: 30 70
rbtree: 20 116
rbtree: 40 32
rbtree: 20 80
rbtree: 64 30
rbtree: 24 84
rbtree: 76 30
rbtree: 26 80
rbtree: 80 30
rbtree: 26 148
rbtree: 58 70
rbtree: 138 110
rbtree: 24 74
rbtree: 68 140
rbtree: 28 70
rbtree: 16 42
rbtree: 108 34
rbtree: 22 124
rbtree: 36 36
rbtree: 16 76
rbtree: 68 32
rbtree: 16 88
rbtree: 30 32
rbtree: 30 42
rbtree: 112 36
rbtree: 16 120
rbtree: 54 36
rbtree: 32 84
rbtree: 16 56
rbtree: 32 114
rbtree: 56 32
rbtree: 32 84
rbtree: 58 36
rbtree: 18 110
rbtree: 28 36
rbtree: 82 44
rbtree: 30 34
rbtree: 52 120
rbtree: 22 32
rbtree: 48 78
rbtree: 42 32
rbtree: 34 138
rbtree: 68 72
rbtree: 26 96
rbtree: 160 34
rbtree: 40 90
rbtree: 66 36
rbtree: 34 86
rbtree: 76 32
rbtree: 34 96
rbtree: 42 32
rbtree: 40 82
rbtree: 70 34
rbtree: 34 90
rbtree: 22 32
rbtree: 20 80
rbtree: 42 34
rbtree: 22 106
rbtree: 40 34
rbtree: 22 82
rbtree: 86 34
rbtree: 24 90
rbtree: 22 36
rbtree: 20 84
rbtree: 42 34
rbtree: 22 118
rbtree: 22 36
rbtree: 22 84
rbtree: 66 34
rbtree: 22 92
rbtree: 24 34
rbtree: 22 84
rbtree: 40 34
rbtree: 20 124
rbtree: 28 82
rbtree: 28 80
rbtree: 58 34
rbtree: 22 90
rbtree: 22 34
rbtree: 20 82
rbtree: 22 34
rbtree: 20 118
rbtree: 20 34
rbtree: 22 82
rbtree: 50 36
rbtree: 22 90
rbtree: 22 36
rbtree: 24 82
rbtree: 42 34
rbtree: 22 126
rbtree: 20 34
rbtree: 20 80
rbtree: 70 36
rbtree: 22 90
rbtree: 22 36
rbtree: 22 84
rbtree: 42 36
rbtree: 22 118
rbtree: 22 36
rbtree: 20 82
rbtree: 48 34
rbtree: 28 92
rbtree: 24 36
rbtree: 22 84
rbtree: 42 34
rbtree: 22 126
rbtree: 22 38
rbtree: 24 48
rbtree: 26 34
rbtree: 20 90
rbtree: 24 34
rbtree: 22 86
rbtree: 22 38
rbtree: 22 120
rbtree: 24 34
rbtree: 20 82
rbtree: 46 36
rbtree: 22 90
rbtree: 22 32
rbtree: 20 84
rbtree: 42 36
rbtree: 24 120
rbtree: 22 34
rbtree: 20 80
rbtree: 72 34
rbtree: 22 90
rbtree: 20 34
rbtree: 22 82
rbtree: 42 34
rbtree: 20 116
rbtree: 20 34
rbtree: 22 82
rbtree: 48 36
rbtree: 22 90
rbtree: 22 34
rbtree: 22 84
rbtree: 40 34
rbtree: 22 126
rbtree: 22 38
rbtree: 22 48
rbtree: 28 34
rbtree: 22 90
rbtree: 20 36
rbtree: 22 82
rbtree: 20 34
rbtree: 22 118
rbtree: 22 32
rbtree: 22 82
rbtree: 48 34
rbtree: 24 90
rbtree: 22 34
rbtree: 24 86
rbtree: 42 34
rbtree: 22 126
rbtree: 22 34
rbtree: 22 82
rbtree: 70 36
rbtree: 22 90
rbtree: 26 34
rbtree: 20 82
rbtree: 44 34
rbtree: 22 118
rbtree: 22 34
rbtree: 22 82
rbtree: 68 32
rbtree: 22 88
rbtree: 20 34
rbtree: 20 84
rbtree: 40 34
rbtree: 22 126
rbtree: 22 40
rbtree: 26 48
rbtree: 32 32
rbtree: 20 90
rbtree: 24 34
rbtree: 22 82
rbtree: 22 32
rbtree: 22 118
rbtree: 22 34
rbtree: 20 80
rbtree: 50 34
rbtree: 20 90
rbtree: 24 34
rbtree: 22 86
rbtree: 42 34
rbtree: 20 122
rbtree: 20 36
rbtree: 20 84
rbtree: 70 36
rbtree: 22 90
rbtree: 22 34
rbtree: 22 84
rbtree: 42 34
rbtree: 22 98
rbtree: 22 36
rbtree: 20 84
rbtree: 26 34
rbtree: 22 92
rbtree: 40 34
rbtree: 20 82
rbtree: 42 34
rbtree: 22 128
rbtree: 40 38
rbtree: 24 48
rbtree: 28 34
rbtree: 22 90
rbtree: 22 32
rbtree: 22 82
rbtree: 22 32
rbtree: 20 116
rbtree: 22 34
rbtree: 22 82
rbtree: 24 34
rbtree: 20 90
rbtree: 24 36
rbtree: 22 84
rbtree: 40 36
rbtree: 20 104
rbtree: 22 34
rbtree: 22 84
rbtree: 48 34
rbtree: 22 88
rbtree: 24 34
rbtree: 20 80
rbtree: 42 32
rbtree: 22 96
rbtree: 22 34
rbtree: 20 84
rbtree: 24 34
rbtree: 22 92
rbtree: 20 32
rbtree: 20 82
rbtree: 42 34
rbtree: 20 122
rbtree: 22 38
rbtree: 24 46
rbtree: 30 34
rbtree: 22 90
rbtree: 22 34
rbtree: 20 86
rbtree: 40 34
rbtree: 24 112
rbtree: 22 34
rbtree: 20 84
rbtree: 46 32
rbtree: 22 88
rbtree: 22 34
rbtree: 22 84
rbtree: 40 34
rbtree: 22 118
rbtree: 22 38
rbtree: 22 82
rbtree: 70 34
rbtree: 22 92
rbtree: 22 34
rbtree: 20 84
rbtree: 40 34
rbtree: 22 120
rbtree: 22 32
rbtree: 20 84
rbtree: 48 34
rbtree: 22 90
rbtree: 22 36
rbtree: 20 84
rbtree: 42 34
rbtree: 22 144
rbtree: 22 38
rbtree: 22 46
rbtree: 28 38
rbtree: 20 54
rbtree: 22 32
rbtree: 20 84
rbtree: 20 34
rbtree: 22 118
rbtree: 20 36
rbtree: 20 82
rbtree: 46 34
rbtree: 22 88
rbtree: 22 36
rbtree: 20 90
rbtree: 42 34
rbtree: 22 128
rbtree: 20 36
rbtree: 20 82
rbtree: 74 34
rbtree: 22 90
rbtree: 22 36
rbtree: 20 84
rbtree: 24 34
rbtree: 22 114
rbtree: 22 36
rbtree: 22 82
rbtree: 48 34
rbtree: 20 52
rbtree: 22 34
rbtree: 22 84
rbtree: 40 36
rbtree: 24 122
rbtree: 24 38
rbtree: 22 48
rbtree: 26 32
rbtree: 22 56
rbtree: 24 36
rbtree: 20 82
rbtree: 22 36
rbtree: 22 118
rbtree: 22 32
rbtree: 24 84
rbtree: 48 34
rbtree: 22 56
rbtree: 24 38
rbtree: 22 86
rbtree: 42 34
rbtree: 20 140
rbtree: 24 34
rbtree: 20 82
rbtree: 48 34
rbtree: 22 92
rbtree: 24 34
rbtree: 22 82
rbtree: 42 34
rbtree: 22 98
rbtree: 26 34
rbtree: 22 82
rbtree: 28 32
rbtree: 24 88
rbtree: 22 32
rbtree: 22 82
rbtree: 44 34
rbtree: 24 126
rbtree: 24 40
rbtree: 24 48
rbtree: 30 34
rbtree: 22 90
rbtree: 24 36
rbtree: 22 82
rbtree: 46 32
rbtree: 20 94
rbtree: 22 34
rbtree: 24 82
rbtree: 50 34
rbtree: 22 88
rbtree: 22 36
rbtree: 20 84
rbtree: 40 34
rbtree: 20 120
rbtree: 22 34
rbtree: 20 82
rbtree: 70 34
rbtree: 20 88
rbtree: 22 36
rbtree: 22 82
rbtree: 44 34
rbtree: 20 118
rbtree: 24 32
rbtree: 22 84
rbtree: 52 34
rbtree: 22 90
rbtree: 22 34
rbtree: 22 84
rbtree: 44 32
rbtree: 20 138
rbtree: 22 38
rbtree: 26 48
rbtree: 26 32
rbtree: 20 52
rbtree: 22 32
rbtree: 22 84
rbtree: 24 34
rbtree: 22 118
rbtree: 24 36
rbtree: 20 84
rbtree: 52 32
rbtree: 24 88
rbtree: 22 34
rbtree: 20 84
rbtree: 46 32
rbtree: 22 102
rbtree: 22 34
rbtree: 20 80
rbtree: 72 34
rbtree: 22 92
rbtree: 22 34
rbtree: 22 84
rbtree: 44 34
rbtree: 22 96
rbtree: 22 34
rbtree: 22 82
rbtree: 52 32
rbtree: 22 90
rbtree: 22 34
rbtree: 22 82
rbtree: 44 34
rbtree: 22 126
rbtree: 24 36
rbtree: 24 48
rbtree: 26 34
rbtree: 22 90
rbtree: 22 36
rbtree: 22 80
rbtree: 24 34
rbtree: 20 98
rbtree: 22 52
rbtree: 22 82
rbtree: 52 34
rbtree: 22 90
rbtree: 24 36
rbtree: 22 84
rbtree: 44 34
rbtree: 20 120
rbtree: 22 52
rbtree: 24 84
rbtree: 70 36
rbtree: 20 90
rbtree: 22 34
rbtree: 20 82
rbtree: 44 34
rbtree: 20 116
rbtree: 22 48
rbtree: 22 84
rbtree: 50 34
rbtree: 20 92
rbtree: 22 34
rbtree: 22 82
rbtree: 24 34
rbtree: 22 126
rbtree: 22 52
rbtree: 44 46
rbtree: 28 34
rbtree: 22 56
rbtree: 24 34
rbtree: 22 80
rbtree: 22 34
rbtree: 22 114
rbtree: 22 44
rbtree: 26 82
rbtree: 50 34
rbtree: 22 90
rbtree: 22 36
rbtree: 22 82
rbtree: 46 32
rbtree: 20 106
rbtree: 22 34
rbtree: 20 82
rbtree: 52 34
rbtree: 22 90
rbtree: 24 32
rbtree: 20 82
rbtree: 44 36
rbtree: 22 98
rbtree: 20 54
rbtree: 40 82
rbtree: 28 34
rbtree: 22 88
rbtree: 20 36
rbtree: 22 82
rbtree: 44 34
rbtree: 20 126
rbtree: 24 38
rbtree: 24 48
rbtree: 28 36
rbtree: 20 88
rbtree: 24 34
rbtree: 24 84
rbtree: 46 36
rbtree: 20 116
rbtree: 24 36
rbtree: 32 82
rbtree: 50 32
rbtree: 22 88
rbtree: 24 34
rbtree: 20 84
rbtree: 46 34
rbtree: 22 122
rbtree: 22 36
rbtree: 22 84
rbtree: 66 34
rbtree: 24 90
rbtree: 24 32
rbtree: 22 80
rbtree: 46 32
rbtree: 22 120
rbtree: 20 36
rbtree: 22 82
rbtree: 50 34
rbtree: 20 88
rbtree: 24 34
rbtree: 20 84
rbtree: 24 32
rbtree: 22 130
rbtree: 22 38
rbtree: 22 46
rbtree: 26 34
rbtree: 22 54
rbtree: 22 34
rbtree: 22 82
rbtree: 24 34
rbtree: 20 116
rbtree: 24 32
rbtree: 20 82
rbtree: 50 34
rbtree: 22 90
rbtree: 24 34
rbtree: 22 82
rbtree: 44 36
rbtree: 22 126
rbtree: 22 36
rbtree: 20 82
rbtree: 52 34
rbtree: 20 90
rbtree: 22 36
rbtree: 20 82
rbtree: 44 36
rbtree: 22 116
rbtree: 20 34
rbtree: 22 82
rbtree: 26 34
rbtree: 22 90
rbtree: 22 34
rbtree: 22 84
rbtree: 44 32
rbtree: 20 140
rbtree: 22 40
rbtree: 24 46
rbtree: 28 34
rbtree: 22 54
rbtree: 24 36
rbtree: 22 84
rbtree: 24 34
rbtree: 22 116
rbtree: 22 36
rbtree: 20 80
rbtree: 24 34
rbtree: 22 90
rbtree: 22 34
rbtree: 22 92
rbtree: 44 36
rbtree: 22 106
rbtree: 24 32
rbtree: 20 82
rbtree: 54 34
rbtree: 22 92
rbtree: 24 34
rbtree: 20 82
rbtree: 42 32
rbtree: 22 118
rbtree: 22 32
rbtree: 20 84
rbtree: 22 36
rbtree: 22 88
rbtree: 22 34
rbtree: 22 84
rbtree: 40 34
rbtree: 22 142
rbtree: 20 36
rbtree: 24 48
rbtree: 30 36
rbtree: 22 90
rbtree: 22 32
rbtree: 20 82
rbtree: 22 34
rbtree: 20 118
rbtree: 24 32
rbtree: 22 84
rbtree: 46 34
rbtree: 22 56
rbtree: 22 34
rbtree: 22 84
rbtree: 40 36
rbtree: 24 104
rbtree: 20 36
rbtree: 20 82
rbtree: 52 34
rbtree: 22 92
rbtree: 22 34
rbtree: 20 80
rbtree: 42 34
rbtree: 22 98
rbtree: 22 34
rbtree: 20 80
rbtree: 24 34
rbtree: 22 92
rbtree: 22 32
rbtree: 22 82
rbtree: 42 34
rbtree: 22 122
rbtree: 26 40
rbtree: 24 48
rbtree: 28 32
rbtree: 22 88
rbtree: 22 36
rbtree: 22 80
rbtree: 42 34
rbtree: 20 98
rbtree: 24 36
rbtree: 20 80
rbtree: 46 36
rbtree: 24 90
rbtree: 22 34
rbtree: 22 82
rbtree: 40 36
rbtree: 24 104
rbtree: 22 36
rbtree: 20 82
rbtree: 70 34
rbtree: 22 88
rbtree: 22 36
rbtree: 20 82
rbtree: 42 36
rbtree: 20 114
rbtree: 24 32
rbtree: 22 84
rbtree: 48 34
rbtree: 20 90
rbtree: 22 34
rbtree: 22 84
rbtree: 42 34
rbtree: 22 140
rbtree: 20 40
rbtree: 24 52
rbtree: 28 34
rbtree: 20 88
rbtree: 24 34
rbtree: 22 86
rbtree: 22 34
rbtree: 22 118
rbtree: 24 36
rbtree: 20 84
rbtree: 48 34
rbtree: 20 90
rbtree: 20 34
rbtree: 22 84
rbtree: 40 34
rbtree: 22 142
rbtree: 20 34
rbtree: 22 82
rbtree: 70 34
rbtree: 22 90
rbtree: 20 36
rbtree: 24 84
rbtree: 22 34
rbtree: 22 118
rbtree: 20 34
rbtree: 22 82
rbtree: 46 36
rbtree: 24 56
rbtree: 22 34
rbtree: 20 80
rbtree: 42 34
rbtree: 22 124
rbtree: 24 40
rbtree: 24 48
rbtree: 26 36
rbtree: 22 54
rbtree: 28 34
rbtree: 22 82
rbtree: 22 34
rbtree: 20 116
rbtree: 22 34
rbtree: 22 84
rbtree: 26 36
rbtree: 24 90
rbtree: 20 36
rbtree: 20 92
rbtree: 42 34
rbtree: 22 100
rbtree: 22 34
rbtree: 22 84
rbtree: 52 34
rbtree: 22 92
rbtree: 30 34
rbtree: 20 84
rbtree: 40 36
rbtree: 22 118
rbtree: 20 36
rbtree: 20 82
rbtree: 26 34
rbtree: 22 88
rbtree: 22 34
rbtree: 22 84
rbtree: 42 34
rbtree: 22 140
rbtree: 20 38
rbtree: 22 52
rbtree: 26 34
rbtree: 20 90
rbtree: 22 36
rbtree: 22 84
rbtree: 20 36
rbtree: 24 116
rbtree: 22 34
rbtree: 22 82
rbtree: 48 34
rbtree: 22 54
rbtree: 24 34
rbtree: 22 84
rbtree: 40 34
rbtree: 24 124
rbtree: 24 32
rbtree: 22 80
rbtree: 52 34
rbtree: 22 90
rbtree: 24 34
rbtree: 22 82
rbtree: 40 34
rbtree: 22 118
rbtree: 22 34
rbtree: 22 82
rbtree: 24 34
rbtree: 22 92
rbtree: 24 32
rbtree: 22 82
rbtree: 42 34
rbtree: 22 140
rbtree: 22 40
rbtree: 22 48
rbtree: 28 34
rbtree: 22 56
rbtree: 24 36
rbtree: 20 82
rbtree: 22 34
rbtree: 22 118
rbtree: 24 34
rbtree: 22 84
rbtree: 24 36
rbtree: 22 90
rbtree: 20 34
rbtree: 22 84
rbtree: 40 32
rbtree: 22 104
rbtree: 24 32
rbtree: 22 82
rbtree: 48 34
rbtree: 22 92
rbtree: 24 34
rbtree: 22 82
rbtree: 40 34
rbtree: 22 120
rbtree: 24 32
rbtree: 22 84
rbtree: 22 36
rbtree: 24 90
rbtree: 20 34
rbtree: 22 82
rbtree: 42 34
rbtree: 22 140
rbtree: 20 36
rbtree: 24 52
rbtree: 28 32
rbtree: 22 92
rbtree: 22 36
rbtree: 22 88
rbtree: 22 34
rbtree: 22 116
rbtree: 22 36
rbtree: 22 84
rbtree: 48 36
rbtree: 22 56
rbtree: 24 34
rbtree: 22 82
rbtree: 42 34
rbtree: 20 122
rbtree: 20 34
rbtree: 22 82
rbtree: 52 34
rbtree: 24 92
rbtree: 22 32
rbtree: 20 86
rbtree: 42 34
rbtree: 22 118
rbtree: 22 34
rbtree: 22 82
rbtree: 26 34
rbtree: 20 90
rbtree: 20 36
rbtree: 22 84
rbtree: 40 34
rbtree: 24 144
rbtree: 24 40
rbtree: 22 46
rbtree: 26 34
rbtree: 22 56
rbtree: 24 34
rbtree: 22 84
rbtree: 24 34
rbtree: 18 122
rbtree: 22 34
rbtree: 22 82
rbtree: 24 34
rbtree: 24 90
rbtree: 22 36
rbtree: 22 86
rbtree: 40 34
rbtree: 22 98
rbtree: 22 32
rbtree: 20 84
rbtree: 50 32
rbtree: 22 90
rbtree: 22 34
rbtree: 22 82
rbtree: 42 34
rbtree: 22 96
rbtree: 24 38
rbtree: 24 84
rbtree: 26 34
rbtree: 20 90
rbtree: 22 34
rbtree: 20 80
rbtree: 42 32
rbtree: 22 142
rbtree: 22 36
rbtree: 24 46
rbtree: 28 34
rbtree: 24 92
rbtree: 22 34
rbtree: 22 84
rbtree: 42 34
rbtree: 20 116
rbtree: 22 32
rbtree: 22 84
rbtree: 50 34
rbtree: 20 88
rbtree: 22 36
rbtree: 22 84
rbtree: 42 34
rbtree: 22 136
rbtree: 20 36
rbtree: 20 82
rbtree: 70 34
rbtree: 22 90
rbtree: 24 36
rbtree: 22 84
rbtree: 24 36
rbtree: 22 118
rbtree: 26 32
rbtree: 22 82
rbtree: 46 34
rbtree: 20 54
rbtree: 22 32
rbtree: 18 82
rbtree: 42 34
rbtree: 20 122
rbtree: 22 40
rbtree: 24 48
rbtree: 30 34
rbtree: 22 56
rbtree: 24 34
rbtree: 22 84
rbtree: 22 32
rbtree: 20 116
rbtree: 24 36
rbtree: 20 84
rbtree: 24 36
rbtree: 22 90
rbtree: 22 34
rbtree: 20 84
rbtree: 40 32
rbtree: 20 106
rbtree: 20 36
rbtree: 22 80
rbtree: 52 34
rbtree: 24 90
rbtree: 22 36
rbtree: 22 82
rbtree: 42 34
rbtree: 20 100
rbtree: 20 34
rbtree: 22 84
rbtree: 24 34
rbtree: 20 90
rbtree: 24 34
rbtree: 22 82
rbtree: 42 34
rbtree: 22 122
rbtree: 20 38
rbtree: 24 48
rbtree: 26 32
rbtree: 22 92
rbtree: 22 36
rbtree: 22 86
rbtree: 40 36
rbtree: 22 118
rbtree: 22 36
rbtree: 20 84
rbtree: 48 32
rbtree: 22 88
rbtree: 22 32
rbtree: 20 84
rbtree: 42 34
rbtree: 20 122
rbtree: 22 32
rbtree: 24 84
rbtree: 70 34
rbtree: 20 90
rbtree: 22 34
rbtree: 20 84
rbtree: 40 34
rbtree: 24 118
rbtree: 20 36
rbtree: 22 82
rbtree: 48 36
rbtree: 20 90
rbtree: 20 36
rbtree: 22 84
rbtree: 42 34
rbtree: 22 140
rbtree: 22 38
rbtree: 24 50
rbtree: 26 36
rbtree: 22 54
rbtree: 22 36
rbtree: 24 82
rbtree: 24 34
rbtree: 22 120
rbtree: 22 36
rbtree: 22 84
rbtree: 48 34
rbtree: 22 92
