rbtree: 280 168
rbtree: 62 194
rbtree: 120 108
rbtree: 28 114
rbtree: 86 146
rbtree: 24 70
rbtree: 114 144
rbtree: 24 84
rbtree: 100 146
rbtree: 26 74
rbtree: 54 126
rbtree: 32 126
rbtree: 40 94
rbtree: 126 74
rbtree: 26 140
rbtree: 100 70
rbtree: 112 98
rbtree: 28 30
rbtree: 52 104
rbtree: 28 68
rbtree: 74 92
rbtree: 26 70
rbtree: 78 164
rbtree: 40 88
rbtree: 22 116
rbtree: 88 34
rbtree: 46 120
rbtree: 26 78
rbtree: 86 102
rbtree: 26 74
rbtree: 34 156
rbtree: 16 74
rbtree: 100 94
rbtree: 16 34
rbtree: 58 116
rbtree: 16 36
rbtree: 60 84
rbtree: 66 74
rbtree: 22 150
rbtree: 48 34
rbtree: 168 112
rbtree: 26 68
rbtree: 64 102
rbtree: 16 74
rbtree: 84 80
rbtree: 72 70
rbtree: 26 114
rbtree: 50 92
rbtree: 22 94
rbtree: 76 70
rbtree: 102 116
rbtree: 24 32
rbtree: 86 92
rbtree: 24 32
rbtree: 76 138
rbtree: 24 72
rbtree: 108 96
rbtree: 46 74
rbtree: 24 140
rbtree: 106 34
rbtree: 24 78
rbtree: 78 36
rbtree: 30 156
rbtree: 28 76
rbtree: 96 96
rbtree: 30 32
rbtree: 48 120
rbtree: 68 34
rbtree: 24 86
rbtree: 110 36
rbtree: 34 138
rbtree: 24 36
rbtree: 32 94
rbtree: 24 140
rbtree: 124 106
rbtree: 30 74
rbtree: 46 98
rbtree: 14 32
rbtree: 62 96
rbtree: 48 78
rbtree: 24 82
rbtree: 94 34
rbtree: 22 88
rbtree: 46 34
rbtree: 50 100
rbtree: 24 32
rbtree: 38 166
rbtree: 24 74
rbtree: 58 112
rbtree: 26 72
rbtree: 72 110
rbtree: 26 40
rbtree: 44 100
rbtree: 16 36
rbtree: 46 114
rbtree: 18 34
rbtree: 46 100
rbtree: 18 36
rbtree: 34 106
rbtree: 18 36
rbtree: 46 98
rbtree: 62 40
rbtree: 24 172
rbtree: 60 40
rbtree: 24 100
rbtree: 50 38
rbtree: 18 108
rbtree: 70 36
rbtree: 30 100
rbtree: 26 76
rbtree: 50 86
rbtree: 18 76
rbtree: 64 104
rbtree: 24 80
rbtree: 66 104
rbtree: 24 76
rbtree: 44 104
rbtree: 28 78
rbtree: 66 170
rbtree: 56 82
rbtree: 26 100
rbtree: 54 82
rbtree: 22 106
rbtree: 42 78
rbtree: 24 100
rbtree: 64 80
rbtree: 32 152
rbtree: 56 80
rbtree: 24 100
rbtree: 94 82
rbtree: 36 108
rbtree: 26 78
rbtree: 44 86
rbtree: 28 80
rbtree: 58 132
rbtree: 24 82
rbtree: 50 86
rbtree: 36 78
rbtree: 24 90
rbtree: 44 38
rbtree: 24 50
rbtree: 98 38
rbtree: 26 126
rbtree: 48 36
rbtree: 30 78
rbtree: 54 38
rbtree: 24 94
rbtree: 74 38
rbtree: 26 88
rbtree: 34 36
rbtree: 24 186
rbtree: 56 80
rbtree: 24 124
rbtree: 68 42
rbtree: 26 128
rbtree: 44 44
rbtree: 34 106
rbtree: 64 44
rbtree: 66 152
rbtree: 28 82
rbtree: 66 104
rbtree: 24 86
rbtree: 44 110
rbtree: 28 78
rbtree: 68 106
rbtree: 120 84
rbtree: 20 146
rbtree: 62 94
rbtree: 16 82
rbtree: 18 38
rbtree: 56 108
rbtree: 24 100
rbtree: 28 50
rbtree: 38 36
rbtree: 16 110
rbtree: 76 38
rbtree: 22 86
rbtree: 42 40
rbtree: 58 104
rbtree: 24 36
rbtree: 66 100
rbtree: 20 36
rbtree: 68 156
rbtree: 26 106
rbtree: 100 122
rbtree: 28 96
rbtree: 28 106
rbtree: 52 82
rbtree: 30 90
rbtree: 80 80
rbtree: 28 142
rbtree: 30 108
rbtree: 106 52
rbtree: 60 82
rbtree: 24 98
rbtree: 70 96
rbtree: 48 84
rbtree: 16 84
rbtree: 40 176
rbtree: 44 38
rbtree: 24 102
rbtree: 44 42
rbtree: 24 90
rbtree: 64 44
rbtree: 22 102
rbtree: 52 40
rbtree: 16 134
rbtree: 28 86
rbtree: 46 92
rbtree: 20 78
rbtree: 62 98
rbtree: 30 84
rbtree: 20 90
rbtree: 42 84
rbtree: 20 166
rbtree: 90 42
rbtree: 28 90
rbtree: 58 42
rbtree: 16 112
rbtree: 20 42
rbtree: 40 104
rbtree: 82 42
rbtree: 16 100
rbtree: 82 38
rbtree: 24 90
rbtree: 18 44
rbtree: 24 98
rbtree: 56 42
rbtree: 34 92
rbtree: 88 42
rbtree: 26 126
rbtree: 78 40
rbtree: 30 92
rbtree: 42 42
rbtree: 60 112
rbtree: 26 42
rbtree: 54 106
rbtree: 16 44
rbtree: 26 70
rbtree: 50 42
rbtree: 48 90
rbtree: 38 38
rbtree: 16 112
rbtree: 62 42
rbtree: 22 86
rbtree: 34 40
rbtree: 40 190
rbtree: 120 40
rbtree: 46 90
rbtree: 52 42
rbtree: 38 98
rbtree: 22 42
rbtree: 40 48
rbtree: 78 44
rbtree: 40 122
rbtree: 74 42
rbtree: 38 52
rbtree: 54 42
rbtree: 40 112
rbtree: 62 40
rbtree: 42 48
rbtree: 108 42
rbtree: 40 130
rbtree: 74 42
rbtree: 24 50
rbtree: 26 44
rbtree: 20 116
rbtree: 22 42
rbtree: 24 88
rbtree: 44 42
rbtree: 26 122
rbtree: 36 42
rbtree: 24 92
rbtree: 68 44
rbtree: 28 114
rbtree: 22 42
rbtree: 26 94
rbtree: 42 42
rbtree: 22 136
rbtree: 62 40
rbtree: 28 90
rbtree: 94 40
rbtree: 26 118
rbtree: 24 40
rbtree: 24 92
rbtree: 44 40
rbtree: 26 122
rbtree: 22 38
rbtree: 26 90
rbtree: 68 40
rbtree: 24 116
rbtree: 22 40
rbtree: 24 94
rbtree: 44 46
rbtree: 28 134
rbtree: 24 40
rbtree: 26 92
rbtree: 74 40
rbtree: 26 118
rbtree: 22 38
rbtree: 26 92
rbtree: 44 40
rbtree: 22 122
rbtree: 22 40
rbtree: 26 90
rbtree: 68 44
rbtree: 26 116
rbtree: 20 42
rbtree: 22 92
rbtree: 46 42
rbtree: 26 140
rbtree: 38 84
rbtree: 28 120
rbtree: 136 80
rbtree: 22 118
rbtree: 22 40
rbtree: 26 54
rbtree: 30 40
rbtree: 26 122
rbtree: 24 44
rbtree: 26 90
rbtree: 68 44
rbtree: 24 118
rbtree: 22 42
rbtree: 26 90
rbtree: 24 40
rbtree: 26 132
rbtree: 24 42
rbtree: 26 90
rbtree: 90 42
rbtree: 28 116
rbtree: 30 42
rbtree: 26 92
rbtree: 40 42
rbtree: 26 120
rbtree: 24 42
rbtree: 24 90
rbtree: 62 40
rbtree: 26 116
rbtree: 24 40
rbtree: 26 90
rbtree: 42 42
rbtree: 26 160
rbtree: 40 38
rbtree: 26 48
rbtree: 110 42
rbtree: 26 118
rbtree: 22 42
rbtree: 26 90
rbtree: 44 42
rbtree: 26 124
rbtree: 24 42
rbtree: 24 92
rbtree: 50 42
rbtree: 16 98
rbtree: 24 44
rbtree: 22 90
rbtree: 24 40
rbtree: 26 132
rbtree: 24 42
rbtree: 26 92
rbtree: 70 38
rbtree: 26 100
rbtree: 24 42
rbtree: 26 90
rbtree: 42 40
rbtree: 26 124
rbtree: 22 40
rbtree: 22 88
rbtree: 48 42
rbtree: 24 114
rbtree: 24 42
rbtree: 28 92
rbtree: 44 40
rbtree: 26 178
rbtree: 18 102
rbtree: 28 102
rbtree: 82 42
rbtree: 28 114
rbtree: 24 42
rbtree: 26 50
rbtree: 46 42
rbtree: 26 128
rbtree: 22 44
rbtree: 24 88
rbtree: 52 42
rbtree: 28 112
rbtree: 24 42
rbtree: 26 90
rbtree: 48 42
rbtree: 26 136
rbtree: 24 42
rbtree: 28 88
rbtree: 76 40
rbtree: 26 98
rbtree: 24 42
rbtree: 26 92
rbtree: 48 40
rbtree: 26 124
rbtree: 26 42
rbtree: 28 90
rbtree: 52 40
rbtree: 28 98
rbtree: 24 40
rbtree: 26 90
rbtree: 48 42
rbtree: 26 156
rbtree: 24 40
rbtree: 22 92
rbtree: 116 38
rbtree: 26 98
rbtree: 24 42
rbtree: 26 90
rbtree: 44 44
rbtree: 32 122
rbtree: 24 42
rbtree: 26 92
rbtree: 54 40
rbtree: 26 116
rbtree: 24 44
rbtree: 26 52
rbtree: 46 40
rbtree: 24 130
rbtree: 26 42
rbtree: 26 88
rbtree: 74 40
rbtree: 26 92
rbtree: 24 44
rbtree: 28 88
rbtree: 48 42
rbtree: 28 128
rbtree: 24 42
rbtree: 26 88
rbtree: 52 42
rbtree: 28 98
rbtree: 22 40
rbtree: 24 92
rbtree: 48 42
rbtree: 24 156
rbtree: 26 48
rbtree: 24 52
rbtree: 42 40
rbtree: 26 94
rbtree: 24 42
rbtree: 24 90
rbtree: 22 40
rbtree: 26 140
rbtree: 22 42
rbtree: 28 90
rbtree: 48 40
rbtree: 34 116
rbtree: 24 42
rbtree: 26 50
rbtree: 26 44
rbtree: 26 132
rbtree: 24 42
rbtree: 28 88
rbtree: 72 42
rbtree: 26 98
rbtree: 22 42
rbtree: 26 90
rbtree: 42 40
rbtree: 22 124
rbtree: 24 40
rbtree: 24 90
rbtree: 48 42
rbtree: 26 96
rbtree: 24 42
rbtree: 28 90
rbtree: 44 40
rbtree: 26 156
rbtree: 24 40
rbtree: 28 92
rbtree: 96 40
rbtree: 26 118
rbtree: 26 42
rbtree: 28 92
rbtree: 46 42
rbtree: 28 124
rbtree: 26 42
rbtree: 32 88
rbtree: 52 44
rbtree: 28 120
rbtree: 24 42
rbtree: 28 92
rbtree: 44 40
rbtree: 26 128
rbtree: 24 42
rbtree: 28 88
rbtree: 74 42
rbtree: 26 98
rbtree: 24 42
rbtree: 26 90
rbtree: 48 40
rbtree: 26 126
rbtree: 24 40
rbtree: 26 90
rbtree: 52 40
rbtree: 26 96
rbtree: 24 42
rbtree: 28 92
rbtree: 46 42
rbtree: 26 156
rbtree: 24 46
rbtree: 24 52
rbtree: 34 42
rbtree: 28 96
rbtree: 22 42
rbtree: 32 92
rbtree: 32 42
rbtree: 28 142
rbtree: 22 42
rbtree: 28 90
rbtree: 48 42
rbtree: 26 116
rbtree: 22 42
rbtree: 26 52
rbtree: 44 44
rbtree: 34 132
rbtree: 24 42
rbtree: 28 52
rbtree: 68 44
rbtree: 22 118
rbtree: 24 44
rbtree: 26 86
rbtree: 42 44
rbtree: 26 122
rbtree: 22 40
rbtree: 22 90
rbtree: 48 44
rbtree: 26 114
rbtree: 22 40
rbtree: 22 92
rbtree: 44 44
rbtree: 28 142
rbtree: 22 44
rbtree: 26 92
rbtree: 94 40
rbtree: 28 116
rbtree: 22 42
rbtree: 26 90
rbtree: 42 42
rbtree: 32 122
rbtree: 22 42
rbtree: 28 90
rbtree: 46 42
rbtree: 28 118
rbtree: 22 42
rbtree: 26 88
rbtree: 42 40
rbtree: 28 130
rbtree: 24 42
rbtree: 26 90
rbtree: 70 40
rbtree: 26 122
rbtree: 22 40
rbtree: 26 90
rbtree: 42 38
rbtree: 22 124
rbtree: 24 42
rbtree: 30 90
rbtree: 48 40
rbtree: 26 114
rbtree: 20 44
rbtree: 28 94
rbtree: 46 42
rbtree: 26 108
rbtree: 20 80
rbtree: 20 54
rbtree: 32 42
rbtree: 20 96
rbtree: 20 42
rbtree: 24 92
rbtree: 22 42
rbtree: 26 122
rbtree: 20 42
rbtree: 22 48
rbtree: 56 40
rbtree: 24 118
rbtree: 22 42
rbtree: 24 90
rbtree: 50 40
rbtree: 24 128
rbtree: 24 42
rbtree: 26 86
rbtree: 70 40
rbtree: 22 94
rbtree: 26 42
rbtree: 26 90
rbtree: 42 42
rbtree: 28 122
rbtree: 24 42
rbtree: 26 88
rbtree: 48 42
rbtree: 24 96
rbtree: 24 42
rbtree: 24 90
rbtree: 44 42
rbtree: 28 134
rbtree: 24 44
rbtree: 26 94
rbtree: 96 40
rbtree: 26 96
rbtree: 24 38
rbtree: 28 90
rbtree: 42 38
rbtree: 26 126
rbtree: 22 42
rbtree: 26 92
rbtree: 48 38
rbtree: 26 116
rbtree: 24 42
rbtree: 28 50
rbtree: 44 40
rbtree: 26 132
rbtree: 24 42
rbtree: 28 90
rbtree: 72 36
rbtree: 26 96
rbtree: 22 42
rbtree: 26 96
rbtree: 42 40
rbtree: 26 122
rbtree: 22 42
rbtree: 24 90
rbtree: 48 38
rbtree: 32 100
rbtree: 24 42
rbtree: 28 92
rbtree: 42 42
rbtree: 26 154
rbtree: 26 44
rbtree: 18 54
rbtree: 32 40
rbtree: 28 98
rbtree: 24 42
rbtree: 26 88
rbtree: 26 42
rbtree: 28 128
rbtree: 22 44
rbtree: 28 50
rbtree: 52 42
rbtree: 26 114
rbtree: 26 44
rbtree: 28 50
rbtree: 46 42
rbtree: 28 134
rbtree: 26 42
rbtree: 26 90
rbtree: 76 40
rbtree: 24 116
rbtree: 22 40
rbtree: 22 90
rbtree: 48 42
rbtree: 28 124
rbtree: 24 44
rbtree: 26 92
rbtree: 54 42
rbtree: 26 114
rbtree: 24 42
rbtree: 28 88
rbtree: 48 40
rbtree: 28 138
rbtree: 26 42
rbtree: 26 92
rbtree: 98 40
rbtree: 26 112
rbtree: 24 42
rbtree: 26 92
rbtree: 46 42
rbtree: 24 124
rbtree: 24 40
rbtree: 24 92
rbtree: 52 42
rbtree: 26 116
rbtree: 24 42
rbtree: 26 92
rbtree: 48 42
rbtree: 28 130
rbtree: 24 42
rbtree: 26 88
rbtree: 88 38
rbtree: 26 98
rbtree: 24 42
rbtree: 28 88
rbtree: 48 42
rbtree: 22 128
rbtree: 22 44
rbtree: 24 90
rbtree: 52 42
rbtree: 26 96
rbtree: 26 44
rbtree: 28 92
rbtree: 48 40
rbtree: 24 156
rbtree: 24 46
rbtree: 24 54
rbtree: 36 42
rbtree: 28 98
rbtree: 22 42
rbtree: 26 88
rbtree: 24 42
rbtree: 28 126
rbtree: 22 40
rbtree: 32 50
rbtree: 56 42
rbtree: 32 114
rbtree: 22 38
rbtree: 26 90
rbtree: 42 40
rbtree: 24 130
rbtree: 24 40
rbtree: 24 90
rbtree: 70 42
rbtree: 24 98
rbtree: 24 46
rbtree: 26 88
rbtree: 42 42
rbtree: 26 126
rbtree: 24 42
rbtree: 28 88
rbtree: 48 42
rbtree: 28 96
rbtree: 22 42
rbtree: 26 86
rbtree: 42 42
rbtree: 26 136
rbtree: 24 44
rbtree: 26 88
rbtree: 98 40
rbtree: 26 96
rbtree: 24 44
rbtree: 28 94
rbtree: 26 42
rbtree: 26 126
rbtree: 24 42
rbtree: 28 90
rbtree: 52 40
rbtree: 26 120
rbtree: 24 44
rbtree: 26 90
rbtree: 46 40
rbtree: 24 130
rbtree: 24 44
rbtree: 24 90
rbtree: 56 40
rbtree: 22 116
rbtree: 24 44
rbtree: 26 94
rbtree: 48 44
rbtree: 28 124
rbtree: 24 44
rbtree: 28 90
rbtree: 24 42
rbtree: 22 116
rbtree: 24 42
rbtree: 26 94
rbtree: 46 42
rbtree: 24 140
rbtree: 24 46
rbtree: 24 56
rbtree: 34 42
rbtree: 28 116
rbtree: 24 40
rbtree: 26 94
rbtree: 40 40
rbtree: 26 126
rbtree: 22 42
rbtree: 28 50
rbtree: 44 42
rbtree: 26 114
rbtree: 24 42
rbtree: 24 88
rbtree: 42 42
rbtree: 26 132
rbtree: 24 42
rbtree: 28 90
rbtree: 72 44
rbtree: 22 116
rbtree: 24 44
rbtree: 28 92
rbtree: 44 44
rbtree: 26 120
rbtree: 24 42
rbtree: 24 86
rbtree: 48 42
rbtree: 24 112
rbtree: 22 42
rbtree: 24 90
rbtree: 42 44
rbtree: 26 138
rbtree: 22 40
rbtree: 28 94
rbtree: 92 40
rbtree: 22 118
rbtree: 22 42
rbtree: 24 90
rbtree: 42 44
rbtree: 28 120
rbtree: 24 38
rbtree: 22 94
rbtree: 48 40
rbtree: 28 116
rbtree: 22 38
rbtree: 26 92
rbtree: 42 44
rbtree: 24 132
rbtree: 24 42
rbtree: 26 94
rbtree: 70 40
rbtree: 24 120
rbtree: 22 42
rbtree: 24 90
rbtree: 42 42
rbtree: 26 122
rbtree: 22 42
rbtree: 26 88
rbtree: 48 42
rbtree: 24 116
rbtree: 24 42
rbtree: 26 90
rbtree: 42 44
rbtree: 26 142
rbtree: 24 46
rbtree: 20 52
rbtree: 32 40
rbtree: 18 100
rbtree: 22 40
rbtree: 26 90
rbtree: 22 44
rbtree: 26 106
rbtree: 22 40
rbtree: 24 88
rbtree: 46 42
rbtree: 26 98
rbtree: 22 42
rbtree: 26 90
rbtree: 46 42
rbtree: 28 112
rbtree: 22 40
rbtree: 26 90
rbtree: 70 44
rbtree: 28 94
rbtree: 30 38
rbtree: 28 88
rbtree: 42 42
rbtree: 26 106
rbtree: 22 42
rbtree: 26 88
rbtree: 50 44
rbtree: 26 98
rbtree: 24 42
rbtree: 26 86
rbtree: 44 42
rbtree: 26 118
rbtree: 22 42
rbtree: 26 92
rbtree: 94 40
rbtree: 24 98
rbtree: 22 42
rbtree: 26 90
rbtree: 42 42
rbtree: 24 104
rbtree: 24 42
rbtree: 26 90
rbtree: 48 42
rbtree: 26 98
rbtree: 24 40
rbtree: 26 90
rbtree: 42 40
rbtree: 24 148
rbtree: 24 42
rbtree: 26 90
rbtree: 66 42
rbtree: 26 116
rbtree: 24 42
rbtree: 26 92
rbtree: 42 42
rbtree: 26 124
rbtree: 22 44
rbtree: 26 90
rbtree: 44 42
rbtree: 28 116
rbtree: 22 42
rbtree: 26 90
rbtree: 44 40
rbtree: 26 174
rbtree: 24 46
rbtree: 20 52
rbtree: 34 42
rbtree: 26 94
rbtree: 22 44
rbtree: 26 90
rbtree: 22 40
rbtree: 26 110
rbtree: 22 44
rbtree: 26 86
rbtree: 52 42
rbtree: 28 94
rbtree: 24 38
rbtree: 24 88
rbtree: 48 44
rbtree: 26 152
rbtree: 24 44
rbtree: 26 88
rbtree: 74 36
rbtree: 26 116
rbtree: 24 42
rbtree: 24 94
rbtree: 46 42
rbtree: 26 126
rbtree: 24 44
rbtree: 26 90
rbtree: 52 44
rbtree: 26 112
rbtree: 24 38
rbtree: 26 90
rbtree: 48 36
rbtree: 24 170
rbtree: 24 42
rbtree: 26 90
rbtree: 96 44
rbtree: 26 116
rbtree: 26 42
rbtree: 26 92
rbtree: 46 42
rbtree: 32 120
rbtree: 24 42
rbtree: 26 90
rbtree: 52 40
rbtree: 28 114
rbtree: 24 44
rbtree: 28 90
rbtree: 48 40
rbtree: 24 150
rbtree: 24 44
rbtree: 28 88
rbtree: 76 40
rbtree: 22 118
rbtree: 22 44
rbtree: 26 88
rbtree: 48 42
rbtree: 28 128
rbtree: 26 44
rbtree: 22 92
rbtree: 52 40
rbtree: 26 116
rbtree: 24 42
rbtree: 26 90
rbtree: 48 40
rbtree: 24 170
rbtree: 24 48
rbtree: 28 54
rbtree: 36 44
rbtree: 28 98
rbtree: 24 40
rbtree: 26 88
rbtree: 24 44
rbtree: 26 104
rbtree: 22 42
rbtree: 26 90
rbtree: 48 42
rbtree: 36 98
rbtree: 22 42
rbtree: 28 90
rbtree: 42 42
rbtree: 24 146
rbtree: 22 42
rbtree: 26 88
rbtree: 70 42
rbtree: 28 120
rbtree: 22 42
rbtree: 28 90
rbtree: 44 38
rbtree: 24 120
rbtree: 24 44
rbtree: 24 90
rbtree: 48 42
rbtree: 26 116
rbtree: 24 38
rbtree: 26 92
rbtree: 42 42
rbtree: 24 172
rbtree: 24 42
rbtree: 28 92
rbtree: 92 42
rbtree: 24 114
rbtree: 24 42
rbtree: 26 94
rbtree: 44 40
rbtree: 28 122
rbtree: 24 40
rbtree: 32 90
rbtree: 54 42
rbtree: 28 118
rbtree: 24 44
rbtree: 28 90
rbtree: 48 42
rbtree: 26 146
rbtree: 26 42
