rbtree: 100 126
rbtree: 186 78
rbtree: 84 116
rbtree: 34 134
rbtree: 18 46
rbtree: 28 26
rbtree: 38 22
rbtree: 14 24
rbtree: 16 22
rbtree: 16 26
rbtree: 14 22
rbtree: 16 26
rbtree: 14 20
rbtree: 16 24
rbtree: 16 20
rbtree: 14 26
rbtree: 16 24
rbtree: 16 24
rbtree: 16 20
rbtree: 18 26
rbtree: 16 22
rbtree: 16 24
rbtree: 16 22
rbtree: 16 22
rbtree: 16 20
rbtree: 16 24
rbtree: 14 20
rbtree: 16 24
rbtree: 16 58
rbtree: 16 24
rbtree: 14 20
rbtree: 14 26
rbtree: 14 20
rbtree: 16 24
rbtree: 14 22
rbtree: 16 24
rbtree: 16 46
rbtree: 16 24
rbtree: 14 20
rbtree: 16 24
rbtree: 16 20
rbtree: 18 24
rbtree: 14 20
rbtree: 16 24
rbtree: 16 58
rbtree: 16 24
rbtree: 16 20
rbtree: 16 26
rbtree: 14 22
rbtree: 16 24
rbtree: 16 22
rbtree: 16 26
rbtree: 16 46
rbtree: 16 26
rbtree: 16 22
rbtree: 16 24
rbtree: 16 20
rbtree: 14 26
rbtree: 16 20
rbtree: 16 26
rbtree: 16 22
rbtree: 16 24
rbtree: 16 22
rbtree: 16 24
rbtree: 14 22
rbtree: 14 24
rbtree: 16 22
rbtree: 16 22
rbtree: 14 50
rbtree: 16 24
rbtree: 16 20
rbtree: 14 26
rbtree: 16 22
rbtree: 16 24
rbtree: 14 22
rbtree: 14 24
rbtree: 14 22
rbtree: 16 26
rbtree: 16 20
rbtree: 16 24
rbtree: 16 18
rbtree: 16 24
rbtree: 16 22
rbtree: 16 24
rbtree: 16 22
rbtree: 16 24
rbtree: 16 22
rbtree: 14 24
rbtree: 16 22
rbtree: 14 24
rbtree: 16 22
rbtree: 14 24
rbtree: 14 22
rbtree: 16 24
rbtree: 16 22
rbtree: 14 24
rbtree: 14 22
rbtree: 14 24
rbtree: 16 20
rbtree: 14 24
rbtree: 16 20
rbtree: 14 26
rbtree: 16 22
rbtree: 16 22
rbtree: 16 20
rbtree: 16 26
rbtree: 16 20
rbtree: 16 22
rbtree: 16 18
rbtree: 16 24
rbtree: 16 20
rbtree: 16 24
rbtree: 16 22
rbtree: 16 26
rbtree: 14 22
rbtree: 16 22
rbtree: 16 20
rbtree: 18 24
rbtree: 16 20
rbtree: 16 24
rbtree: 16 22
rbtree: 16 24
rbtree: 16 22
rbtree: 16 26
rbtree: 16 20
rbtree: 16 24
rbtree: 16 20
rbtree: 14 24
rbtree: 16 22
rbtree: 16 24
rbtree: 16 22
rbtree: 16 24
rbtree: 16 22
rbtree: 14 26
rbtree: 16 22
rbtree: 16 24
rbtree: 16 22
rbtree: 16 26
rbtree: 16 22
rbtree: 16 24
rbtree: 16 20
rbtree: 16 26
rbtree: 16 22
rbtree: 16 26
rbtree: 16 22
rbtree: 16 24
rbtree: 16 20
rbtree: 14 24
rbtree: 16 22
rbtree: 16 24
rbtree: 16 22
rbtree: 16 24
rbtree: 16 20
rbtree: 16 24
rbtree: 16 22
rbtree: 14 24
rbtree: 16 24
rbtree: 16 24
rbtree: 16 22
rbtree: 16 26
rbtree: 14 22
rbtree: 16 24
rbtree: 14 22
rbtree: 16 24
rbtree: 16 20
rbtree: 16 24
rbtree: 14 22
rbtree: 14 24
rbtree: 16 22
rbtree: 14 24
rbtree: 16 18
rbtree: 16 26
rbtree: 16 46
rbtree: 16 24
rbtree: 14 20
rbtree: 16 24
rbtree: 16 20
rbtree: 14 26
rbtree: 16 22
rbtree: 16 24
rbtree: 16 62
rbtree: 16 26
rbtree: 16 22
rbtree: 16 26
rbtree: 16 22
rbtree: 16 24
rbtree: 16 22
rbtree: 16 26
rbtree: 18 20
rbtree: 16 26
rbtree: 16 24
rbtree: 14 26
rbtree: 16 22
rbtree: 16 26
rbtree: 16 22
rbtree: 16 24
rbtree: 16 22
rbtree: 16 24
rbtree: 16 22
rbtree: 16 24
rbtree: 16 22
rbtree: 16 24
rbtree: 16 22
rbtree: 16 24
rbtree: 16 20
rbtree: 16 24
rbtree: 14 20
rbtree: 16 22
rbtree: 16 20
rbtree: 16 26
rbtree: 16 20
rbtree: 16 24
rbtree: 14 20
rbtree: 14 24
rbtree: 16 20
rbtree: 16 26
rbtree: 16 20
rbtree: 16 24
rbtree: 16 22
rbtree: 16 26
rbtree: 16 20
rbtree: 14 24
rbtree: 14 22
rbtree: 16 26
rbtree: 16 20
rbtree: 16 26
rbtree: 16 20
rbtree: 16 24
rbtree: 14 22
rbtree: 14 22
rbtree: 14 20
rbtree: 16 26
rbtree: 16 22
rbtree: 14 26
rbtree: 14 20
rbtree: 16 24
rbtree: 16 22
rbtree: 16 24
rbtree: 16 22
rbtree: 14 24
rbtree: 14 22
rbtree: 16 24
rbtree: 16 22
rbtree: 16 24
rbtree: 16 22
rbtree: 16 26
rbtree: 16 20
rbtree: 16 24
rbtree: 16 20
rbtree: 16 24
rbtree: 16 20
rbtree: 14 26
rbtree: 14 22
rbtree: 16 24
rbtree: 16 22
rbtree: 16 24
rbtree: 16 22
rbtree: 14 24
rbtree: 14 20
rbtree: 16 26
rbtree: 16 22
rbtree: 16 24
rbtree: 16 22
rbtree: 16 26
rbtree: 16 22
rbtree: 14 24
rbtree: 16 20
rbtree: 16 24
rbtree: 16 20
rbtree: 16 26
rbtree: 16 20
rbtree: 16 24
rbtree: 14 22
rbtree: 16 22
rbtree: 16 22
rbtree: 16 24
rbtree: 16 20
rbtree: 16 26
rbtree: 14 20
rbtree: 14 24
rbtree: 18 22
rbtree: 14 26
rbtree: 16 20
rbtree: 14 24
rbtree: 16 20
rbtree: 14 26
rbtree: 16 20
rbtree: 16 24
rbtree: 14 20
rbtree: 16 24
rbtree: 16 24
rbtree: 16 24
rbtree: 16 20
rbtree: 16 24
rbtree: 16 20
rbtree: 16 24
rbtree: 16 22
rbtree: 14 26
rbtree: 16 20
rbtree: 16 22
rbtree: 16 20
rbtree: 16 24
rbtree: 18 22
rbtree: 14 26
rbtree: 16 20
rbtree: 14 22
rbtree: 16 24
rbtree: 16 24
rbtree: 14 20
rbtree: 16 24
rbtree: 16 20
rbtree: 16 24
rbtree: 16 22
rbtree: 16 24
rbtree: 14 20
rbtree: 16 24
rbtree: 16 22
rbtree: 16 24
rbtree: 16 22
rbtree: 16 24
rbtree: 16 20
rbtree: 14 22
rbtree: 16 20
rbtree: 14 26
rbtree: 14 18
rbtree: 16 24
rbtree: 16 22
rbtree: 16 26
rbtree: 16 20
rbtree: 16 26
rbtree: 16 24
rbtree: 16 24
rbtree: 14 20
rbtree: 14 22
rbtree: 14 20
rbtree: 16 24
rbtree: 16 22
rbtree: 16 26
rbtree: 14 22
rbtree: 16 26
rbtree: 16 24
rbtree: 16 24
rbtree: 16 18
rbtree: 14 26
rbtree: 14 20
rbtree: 14 26
rbtree: 14 20
rbtree: 14 24
rbtree: 14 22
rbtree: 16 24
rbtree: 18 20
rbtree: 14 26
rbtree: 14 20
rbtree: 14 24
rbtree: 14 20
rbtree: 14 22
rbtree: 16 20
rbtree: 16 26
rbtree: 14 20
rbtree: 16 26
rbtree: 16 22
rbtree: 16 26
rbtree: 16 20
rbtree: 16 24
rbtree: 16 22
rbtree: 16 26
rbtree: 16 22
rbtree: 14 26
rbtree: 16 20
rbtree: 16 24
rbtree: 16 22
rbtree: 14 24
rbtree: 14 20
rbtree: 16 24
rbtree: 14 22
rbtree: 16 26
rbtree: 16 20
rbtree: 14 26
rbtree: 14 20
rbtree: 14 24
rbtree: 16 20
rbtree: 16 24
rbtree: 16 22
rbtree: 16 24
rbtree: 16 22
rbtree: 16 26
rbtree: 14 22
rbtree: 16 24
rbtree: 16 22
rbtree: 16 24
rbtree: 16 22
rbtree: 14 26
rbtree: 14 22
rbtree: 16 26
rbtree: 16 20
rbtree: 14 26
rbtree: 16 20
rbtree: 16 26
rbtree: 16 22
rbtree: 14 24
rbtree: 16 24
rbtree: 16 24
rbtree: 14 20
rbtree: 16 26
rbtree: 16 20
rbtree: 16 26
rbtree: 16 20
rbtree: 14 26
rbtree: 16 20
rbtree: 16 24
rbtree: 14 22
rbtree: 16 24
rbtree: 16 22
rbtree: 16 26
rbtree: 16 20
rbtree: 16 24
rbtree: 14 22
rbtree: 16 22
rbtree: 14 22
rbtree: 16 24
rbtree: 16 22
rbtree: 16 26
rbtree: 16 20
rbtree: 14 22
rbtree: 16 20
rbtree: 16 24
rbtree: 16 22
rbtree: 16 26
rbtree: 16 20
rbtree: 16 24
rbtree: 14 20
rbtree: 16 24
rbtree: 18 22
rbtree: 16 24
rbtree: 16 22
rbtree: 14 26
rbtree: 16 22
rbtree: 16 24
rbtree: 16 20
rbtree: 16 26
rbtree: 16 22
rbtree: 16 24
rbtree: 14 22
rbtree: 16 24
rbtree: 16 20
rbtree: 16 22
rbtree: 16 22
rbtree: 16 24
rbtree: 16 22
rbtree: 16 24
rbtree: 16 22
rbtree: 14 26
rbtree: 16 20
rbtree: 16 24
rbtree: 16 22
rbtree: 16 24
rbtree: 16 20
rbtree: 16 24
rbtree: 16 22
rbtree: 16 24
rbtree: 16 22
rbtree: 16 26
rbtree: 16 20
rbtree: 16 24
rbtree: 14 22
rbtree: 16 24
rbtree: 16 22
rbtree: 16 24
rbtree: 16 20
rbtree: 16 26
rbtree: 14 22
rbtree: 16 24
rbtree: 14 22
rbtree: 16 24
rbtree: 16 22
rbtree: 14 26
rbtree: 16 20
rbtree: 16 24
rbtree: 16 20
rbtree: 16 24
rbtree: 14 22
rbtree: 16 24
rbtree: 16 22
rbtree: 16 24
rbtree: 16 20
rbtree: 16 26
rbtree: 16 20
rbtree: 14 24
rbtree: 16 20
rbtree: 14 26
rbtree: 16 20
rbtree: 14 24
rbtree: 16 40
rbtree: 16 24
rbtree: 16 22
rbtree: 18 24
rbtree: 14 20
rbtree: 16 22
rbtree: 16 24
rbtree: 16 24
rbtree: 14 54
rbtree: 16 24
rbtree: 16 20
rbtree: 16 24
rbtree: 14 22
rbtree: 14 24
rbtree: 14 22
rbtree: 16 26
rbtree: 14 48
rbtree: 20 26
rbtree: 14 20
rbtree: 16 24
rbtree: 16 20
rbtree: 18 24
rbtree: 14 22
rbtree: 16 22
rbtree: 16 54
rbtree: 16 26
rbtree: 14 22
rbtree: 16 26
rbtree: 14 20
rbtree: 14 24
rbtree: 14 20
rbtree: 14 24
rbtree: 14 20
rbtree: 16 24
rbtree: 16 22
rbtree: 14 22
rbtree: 16 22
rbtree: 16 26
rbtree: 14 20
rbtree: 16 24
rbtree: 16 46
rbtree: 16 24
rbtree: 16 22
rbtree: 14 24
rbtree: 16 20
rbtree: 16 24
rbtree: 16 20
rbtree: 16 24
rbtree: 16 22
rbtree: 14 24
rbtree: 14 20
rbtree: 14 24
rbtree: 18 20
rbtree: 16 24
rbtree: 16 22
rbtree: 14 24
rbtree: 16 20
rbtree: 14 26
rbtree: 16 20
rbtree: 16 22
rbtree: 14 22
rbtree: 16 24
rbtree: 14 20
rbtree: 16 24
rbtree: 16 22
rbtree: 14 26
rbtree: 16 20
rbtree: 16 24
rbtree: 14 22
rbtree: 16 24
rbtree: 16 20
rbtree: 14 24
rbtree: 16 20
rbtree: 14 24
rbtree: 16 22
rbtree: 14 24
rbtree: 16 20
rbtree: 14 24
rbtree: 16 20
rbtree: 16 24
rbtree: 16 20
rbtree: 14 24
rbtree: 16 20
rbtree: 14 24
rbtree: 16 22
rbtree: 14 24
rbtree: 16 20
rbtree: 14 24
rbtree: 16 22
rbtree: 14 24
rbtree: 16 20
rbtree: 16 24
rbtree: 14 22
rbtree: 16 24
rbtree: 16 22
rbtree: 14 26
rbtree: 16 20
rbtree: 16 24
rbtree: 16 22
rbtree: 16 26
rbtree: 16 20
rbtree: 16 24
rbtree: 14 22
rbtree: 16 24
rbtree: 16 18
rbtree: 18 22
rbtree: 16 20
rbtree: 14 24
rbtree: 14 20
rbtree: 16 24
rbtree: 16 24
rbtree: 16 26
rbtree: 16 20
rbtree: 14 26
rbtree: 16 20
rbtree: 16 24
rbtree: 14 22
rbtree: 14 26
rbtree: 16 20
rbtree: 16 24
rbtree: 14 20
rbtree: 16 24
rbtree: 16 22
rbtree: 16 26
rbtree: 14 22
rbtree: 14 26
rbtree: 16 20
rbtree: 16 24
rbtree: 16 22
rbtree: 14 26
rbtree: 16 20
rbtree: 16 24
rbtree: 16 22
rbtree: 16 24
rbtree: 16 22
rbtree: 14 26
rbtree: 16 22
rbtree: 16 24
rbtree: 14 22
rbtree: 16 24
rbtree: 16 22
rbtree: 16 26
rbtree: 14 20
rbtree: 14 26
rbtree: 14 20
rbtree: 16 24
rbtree: 16 22
rbtree: 18 24
rbtree: 14 22
rbtree: 14 26
rbtree: 16 20
rbtree: 16 22
rbtree: 16 20
rbtree: 14 26
rbtree: 16 20
rbtree: 16 24
rbtree: 16 22
rbtree: 16 24
rbtree: 16 20
rbtree: 16 24
rbtree: 16 20
rbtree: 16 24
rbtree: 16 20
rbtree: 16 24
rbtree: 14 20
rbtree: 14 24
rbtree: 16 20
rbtree: 16 24
rbtree: 16 22
rbtree: 16 24
rbtree: 16 22
rbtree: 16 24
rbtree: 16 22
rbtree: 14 26
rbtree: 16 20
rbtree: 16 22
rbtree: 16 20
rbtree: 14 26
rbtree: 16 20
rbtree: 16 22
rbtree: 16 20
rbtree: 16 24
rbtree: 16 20
rbtree: 16 24
rbtree: 16 20
rbtree: 16 24
rbtree: 16 22
rbtree: 16 24
rbtree: 14 20
rbtree: 14 24
rbtree: 16 22
rbtree: 16 24
rbtree: 14 20
rbtree: 16 24
rbtree: 16 22
rbtree: 16 24
rbtree: 16 20
rbtree: 16 26
rbtree: 16 20
rbtree: 16 24
rbtree: 16 22
rbtree: 16 26
rbtree: 16 20
rbtree: 16 24
rbtree: 16 22
rbtree: 16 26
rbtree: 16 22
rbtree: 14 26
rbtree: 16 20
rbtree: 16 22
rbtree: 16 20
rbtree: 16 24
rbtree: 16 22
rbtree: 14 24
rbtree: 16 22
rbtree: 16 22
rbtree: 16 20
rbtree: 14 26
rbtree: 16 22
rbtree: 16 24
rbtree: 16 22
rbtree: 16 24
rbtree: 16 20
rbtree: 16 26
rbtree: 14 22
rbtree: 14 24
rbtree: 16 22
rbtree: 14 24
rbtree: 14 22
rbtree: 18 24
rbtree: 14 22
rbtree: 16 24
rbtree: 14 20
rbtree: 14 24
rbtree: 14 22
rbtree: 14 24
rbtree: 16 22
rbtree: 16 24
rbtree: 16 20
rbtree: 16 26
rbtree: 16 20
rbtree: 16 24
rbtree: 16 22
rbtree: 14 22
rbtree: 18 22
rbtree: 14 26
rbtree: 16 20
rbtree: 16 26
rbtree: 16 20
rbtree: 16 24
rbtree: 14 20
rbtree: 16 26
rbtree: 16 22
rbtree: 16 24
rbtree: 14 20
rbtree: 14 22
rbtree: 16 22
rbtree: 16 24
rbtree: 16 22
rbtree: 14 24
rbtree: 18 22
rbtree: 16 24
rbtree: 14 20
rbtree: 14 24
rbtree: 14 22
rbtree: 14 24
rbtree: 14 18
rbtree: 16 22
rbtree: 14 22
rbtree: 16 24
rbtree: 16 22
rbtree: 14 26
rbtree: 16 22
rbtree: 14 24
rbtree: 16 18
rbtree: 14 24
rbtree: 16 22
rbtree: 14 24
rbtree: 16 20
rbtree: 14 24
rbtree: 14 20
rbtree: 16 24
rbtree: 16 20
rbtree: 16 26
rbtree: 16 20
rbtree: 16 24
rbtree: 16 18
rbtree: 16 26
rbtree: 16 20
rbtree: 16 24
rbtree: 16 22
rbtree: 14 24
rbtree: 16 20
rbtree: 16 24
rbtree: 16 22
rbtree: 16 22
rbtree: 16 22
rbtree: 16 24
rbtree: 14 22
rbtree: 16 26
rbtree: 16 20
rbtree: 14 24
rbtree: 18 22
rbtree: 14 26
rbtree: 16 22
rbtree: 16 24
rbtree: 16 20
rbtree: 16 26
rbtree: 16 22
rbtree: 16 24
rbtree: 16 22
rbtree: 16 24
rbtree: 16 20
rbtree: 14 22
rbtree: 16 22
rbtree: 16 26
rbtree: 16 24
rbtree: 16 24
rbtree: 14 20
rbtree: 14 24
rbtree: 14 22
rbtree: 16 24
rbtree: 14 20
rbtree: 14 24
rbtree: 16 22
rbtree: 14 24
rbtree: 16 20
rbtree: 18 24
rbtree: 16 22
rbtree: 14 26
rbtree: 16 20
rbtree: 14 26
rbtree: 16 20
rbtree: 16 26
rbtree: 14 18
rbtree: 14 26
rbtree: 16 20
rbtree: 16 24
rbtree: 16 22
rbtree: 16 24
rbtree: 14 20
rbtree: 16 26
rbtree: 14 22
rbtree: 16 24
rbtree: 16 22
rbtree: 14 26
rbtree: 16 20
rbtree: 14 24
rbtree: 14 20
rbtree: 14 24
rbtree: 16 22
rbtree: 16 22
rbtree: 14 20
rbtree: 16 24
rbtree: 16 22
rbtree: 16 22
rbtree: 16 20
rbtree: 16 26
rbtree: 16 20
rbtree: 16 26
rbtree: 16 22
rbtree: 16 24
rbtree: 16 20
rbtree: 14 22
rbtree: 16 20
rbtree: 14 24
rbtree: 16 22
rbtree: 16 26
rbtree: 16 46
rbtree: 16 26
rbtree: 14 22
rbtree: 16 24
rbtree: 16 22
rbtree: 16 24
rbtree: 16 20
rbtree: 14 24
rbtree: 16 22
rbtree: 16 22
rbtree: 14 20
rbtree: 16 24
rbtree: 16 22
rbtree: 16 24
rbtree: 16 22
rbtree: 16 24
rbtree: 14 20
rbtree: 16 24
rbtree: 16 20
rbtree: 16 26
rbtree: 14 20
rbtree: 14 26
rbtree: 16 20
rbtree: 16 26
rbtree: 14 20
rbtree: 14 22
rbtree: 16 22
rbtree: 16 26
rbtree: 16 20
rbtree: 16 26
rbtree: 16 22
rbtree: 16 24
rbtree: 14 20
rbtree: 14 26
rbtree: 14 22
rbtree: 16 24
rbtree: 16 20
rbtree: 16 24
rbtree: 18 22
rbtree: 16 26
rbtree: 16 22
rbtree: 16 26
rbtree: 16 20
rbtree: 16 24
rbtree: 14 22
rbtree: 16 22
rbtree: 14 20
rbtree: 16 24
rbtree: 16 20
rbtree: 18 24
rbtree: 16 22
rbtree: 16 24
rbtree: 14 20
rbtree: 14 26
rbtree: 14 20
rbtree: 14 26
rbtree: 16 22
rbtree: 14 24
rbtree: 16 20
rbtree: 16 24
rbtree: 16 20
rbtree: 16 26
rbtree: 14 22
rbtree: 16 24
rbtree: 16 22
rbtree: 16 24
rbtree: 16 20
rbtree: 16 24
rbtree: 16 20
rbtree: 14 26
rbtree: 16 22
rbtree: 14 24
rbtree: 14 22
rbtree: 16 24
rbtree: 16 20
rbtree: 16 26
rbtree: 14 22
rbtree: 16 24
rbtree: 16 20
rbtree: 16 22
rbtree: 16 20
rbtree: 16 26
rbtree: 14 20
rbtree: 16 24
rbtree: 16 22
rbtree: 14 24
rbtree: 16 20
rbtree: 14 24
rbtree: 14 22
rbtree: 16 24
rbtree: 16 22
rbtree: 14 22
rbtree: 16 24
rbtree: 16 24
rbtree: 14 20
rbtree: 16 26
rbtree: 16 20
rbtree: 16 24
rbtree: 16 20
rbtree: 14 24
rbtree: 16 22
rbtree: 16 24
rbtree: 16 22
rbtree: 16 24
rbtree: 18 22
rbtree: 14 26
rbtree: 14 22
rbtree: 16 24
rbtree: 16 22
rbtree: 16 24
rbtree: 16 20
rbtree: 16 24
rbtree: 16 20
rbtree: 16 26
rbtree: 16 20
rbtree: 16 24
rbtree: 14 20
rbtree: 14 26
rbtree: 16 22
rbtree: 16 24
rbtree: 16 22
rbtree: 16 24
rbtree: 14 22
rbtree: 16 24
rbtree: 14 20
rbtree: 16 24
rbtree: 16 22
rbtree: 14 24
rbtree: 16 22
rbtree: 14 24
rbtree: 18 22
rbtree: 14 24
rbtree: 14 22
rbtree: 16 26
rbtree: 14 20
rbtree: 14 22
rbtree: 16 22
rbtree: 16 24
rbtree: 16 20
rbtree: 16 24
