rbtree: 198 74
rbtree: 28 176
rbtree: 112 94
rbtree: 26 82
rbtree: 96 48
rbtree: 22 58
rbtree: 52 50
rbtree: 22 22
rbtree: 22 18
rbtree: 14 20
rbtree: 16 20
rbtree: 14 18
rbtree: 14 20
rbtree: 12 20
rbtree: 18 18
rbtree: 14 18
rbtree: 16 22
rbtree: 14 18
rbtree: 14 18
rbtree: 12 20
rbtree: 18 20
rbtree: 14 18
rbtree: 18 20
rbtree: 14 22
rbtree: 18 20
rbtree: 14 20
rbtree: 16 18
rbtree: 12 20
rbtree: 16 20
rbtree: 14 20
rbtree: 16 18
rbtree: 14 20
rbtree: 14 18
rbtree: 16 20
rbtree: 16 20
rbtree: 14 22
rbtree: 16 20
rbtree: 14 20
rbtree: 14 20
rbtree: 16 20
rbtree: 16 20
rbtree: 14 22
rbtree: 14 18
rbtree: 14 20
rbtree: 16 18
rbtree: 14 18
rbtree: 14 18
rbtree: 14 20
rbtree: 16 20
rbtree: 14 18
rbtree: 16 18
rbtree: 14 20
rbtree: 18 22
rbtree: 14 20
rbtree: 18 18
rbtree: 14 20
rbtree: 18 18
rbtree: 14 22
rbtree: 18 20
rbtree: 14 20
rbtree: 16 22
rbtree: 16 20
rbtree: 18 18
rbtree: 14 20
rbtree: 16 20
rbtree: 12 20
rbtree: 16 20
rbtree: 14 20
rbtree: 18 20
rbtree: 14 20
rbtree: 18 20
rbtree: 16 20
rbtree: 16 18
rbtree: 12 20
rbtree: 18 20
rbtree: 14 20
rbtree: 16 48
rbtree: 16 20
rbtree: 14 20
rbtree: 14 20
rbtree: 18 18
rbtree: 16 20
rbtree: 16 20
rbtree: 16 20
rbtree: 18 18
rbtree: 14 22
rbtree: 18 18
rbtree: 14 18
rbtree: 18 18
rbtree: 14 20
rbtree: 16 18
rbtree: 14 20
rbtree: 16 20
rbtree: 14 20
rbtree: 16 20
rbtree: 14 20
rbtree: 16 18
rbtree: 16 44
rbtree: 18 20
rbtree: 16 20
rbtree: 16 20
rbtree: 14 20
rbtree: 16 20
rbtree: 16 18
rbtree: 16 18
rbtree: 14 20
rbtree: 16 20
rbtree: 16 20
rbtree: 18 18
rbtree: 12 20
rbtree: 18 20
rbtree: 14 20
rbtree: 18 18
rbtree: 12 20
rbtree: 16 20
rbtree: 14 20
rbtree: 16 20
rbtree: 14 20
rbtree: 14 20
rbtree: 14 20
rbtree: 18 18
rbtree: 14 20
rbtree: 18 20
rbtree: 14 18
rbtree: 16 20
rbtree: 14 20
rbtree: 14 20
rbtree: 14 20
rbtree: 18 18
rbtree: 14 20
rbtree: 20 18
rbtree: 14 20
rbtree: 18 20
rbtree: 14 22
rbtree: 14 20
rbtree: 14 20
rbtree: 16 20
rbtree: 14 20
rbtree: 16 20
rbtree: 14 22
rbtree: 16 20
rbtree: 14 18
rbtree: 16 18
rbtree: 14 20
rbtree: 18 20
rbtree: 16 20
rbtree: 18 20
rbtree: 12 20
rbtree: 16 20
rbtree: 16 20
rbtree: 16 18
rbtree: 14 20
rbtree: 18 18
rbtree: 14 20
rbtree: 16 20
rbtree: 12 20
rbtree: 18 20
rbtree: 16 20
rbtree: 16 20
rbtree: 14 18
rbtree: 16 20
rbtree: 14 20
rbtree: 16 20
rbtree: 14 22
rbtree: 18 20
rbtree: 12 20
rbtree: 16 20
rbtree: 14 20
rbtree: 16 22
rbtree: 14 20
rbtree: 16 20
rbtree: 16 20
rbtree: 16 18
rbtree: 14 20
rbtree: 18 18
rbtree: 14 18
rbtree: 16 20
rbtree: 14 20
rbtree: 16 18
rbtree: 14 20
rbtree: 18 20
rbtree: 12 20
rbtree: 18 20
rbtree: 16 20
rbtree: 16 18
rbtree: 16 18
rbtree: 14 18
rbtree: 14 22
rbtree: 18 20
rbtree: 14 20
rbtree: 18 20
rbtree: 16 20
rbtree: 16 18
rbtree: 16 18
rbtree: 16 18
rbtree: 14 20
rbtree: 18 20
rbtree: 14 20
rbtree: 16 20
rbtree: 16 20
rbtree: 18 18
rbtree: 14 18
rbtree: 16 20
rbtree: 14 22
rbtree: 16 20
rbtree: 14 18
rbtree: 14 18
rbtree: 14 20
rbtree: 18 20
rbtree: 14 18
rbtree: 14 18
rbtree: 14 18
rbtree: 16 18
rbtree: 16 20
rbtree: 18 20
rbtree: 14 20
rbtree: 20 18
rbtree: 14 20
rbtree: 18 20
rbtree: 14 20
rbtree: 16 20
rbtree: 14 18
rbtree: 16 20
rbtree: 14 20
rbtree: 18 20
rbtree: 14 18
rbtree: 16 18
rbtree: 14 20
rbtree: 18 20
rbtree: 14 22
rbtree: 18 20
rbtree: 16 20
rbtree: 18 20
rbtree: 16 18
rbtree: 16 20
rbtree: 14 18
rbtree: 18 20
rbtree: 18 20
rbtree: 14 20
rbtree: 14 20
rbtree: 16 20
rbtree: 14 20
rbtree: 14 18
rbtree: 14 20
rbtree: 14 20
rbtree: 14 20
rbtree: 14 18
rbtree: 14 18
rbtree: 18 20
rbtree: 14 20
rbtree: 16 20
rbtree: 14 20
rbtree: 18 20
rbtree: 14 20
rbtree: 18 20
rbtree: 14 22
rbtree: 18 18
rbtree: 16 20
rbtree: 16 20
rbtree: 14 20
rbtree: 16 20
rbtree: 14 20
rbtree: 18 20
rbtree: 16 20
rbtree: 14 20
rbtree: 14 20
rbtree: 18 18
rbtree: 14 18
rbtree: 18 18
rbtree: 12 20
rbtree: 18 20
rbtree: 14 42
rbtree: 18 20
rbtree: 16 20
rbtree: 18 18
rbtree: 16 20
rbtree: 16 20
rbtree: 14 18
rbtree: 16 18
rbtree: 14 18
rbtree: 16 18
rbtree: 14 20
rbtree: 16 22
rbtree: 14 20
rbtree: 18 18
rbtree: 12 20
rbtree: 18 20
rbtree: 14 18
rbtree: 18 20
rbtree: 16 20
rbtree: 16 20
rbtree: 16 20
rbtree: 16 18
rbtree: 14 20
rbtree: 16 18
rbtree: 14 20
rbtree: 18 20
rbtree: 16 20
rbtree: 18 18
rbtree: 12 20
rbtree: 18 20
rbtree: 16 20
rbtree: 16 18
rbtree: 14 20
rbtree: 16 20
rbtree: 14 20
rbtree: 18 20
rbtree: 14 20
rbtree: 18 18
rbtree: 14 18
rbtree: 18 18
rbtree: 14 20
rbtree: 18 20
rbtree: 14 22
rbtree: 16 20
rbtree: 12 18
rbtree: 16 20
rbtree: 14 18
rbtree: 16 18
rbtree: 14 18
rbtree: 14 20
rbtree: 14 18
rbtree: 16 22
rbtree: 14 22
rbtree: 16 20
rbtree: 14 18
rbtree: 18 18
rbtree: 14 20
rbtree: 16 18
rbtree: 12 18
rbtree: 18 20
rbtree: 16 22
rbtree: 18 20
rbtree: 14 20
rbtree: 16 18
rbtree: 16 20
rbtree: 18 20
rbtree: 14 18
rbtree: 14 20
rbtree: 14 20
rbtree: 16 20
rbtree: 14 20
rbtree: 16 20
rbtree: 12 20
rbtree: 18 20
rbtree: 14 18
rbtree: 16 20
rbtree: 14 20
rbtree: 16 20
rbtree: 12 20
rbtree: 18 20
rbtree: 16 20
rbtree: 16 18
rbtree: 12 20
rbtree: 16 20
rbtree: 14 20
rbtree: 16 18
rbtree: 14 20
rbtree: 18 18
rbtree: 14 20
rbtree: 14 20
rbtree: 14 20
rbtree: 16 20
rbtree: 14 20
rbtree: 18 18
rbtree: 14 20
rbtree: 16 20
rbtree: 14 20
rbtree: 18 18
rbtree: 14 18
rbtree: 16 18
rbtree: 14 20
rbtree: 16 20
rbtree: 16 20
rbtree: 16 18
rbtree: 14 44
rbtree: 18 20
rbtree: 14 18
rbtree: 16 20
rbtree: 14 20
rbtree: 16 20
rbtree: 14 18
rbtree: 18 18
rbtree: 14 20
rbtree: 18 20
rbtree: 14 22
rbtree: 16 20
rbtree: 12 18
rbtree: 16 18
rbtree: 14 20
rbtree: 16 20
rbtree: 14 20
rbtree: 18 18
rbtree: 14 20
rbtree: 14 20
rbtree: 14 20
rbtree: 18 20
rbtree: 12 20
rbtree: 16 18
rbtree: 14 20
rbtree: 16 20
rbtree: 16 20
rbtree: 18 18
rbtree: 16 20
rbtree: 18 20
rbtree: 14 20
rbtree: 16 18
rbtree: 16 20
rbtree: 18 18
rbtree: 14 20
rbtree: 16 18
rbtree: 14 20
rbtree: 16 18
rbtree: 14 22
rbtree: 16 18
rbtree: 14 20
rbtree: 18 20
rbtree: 14 20
rbtree: 18 20
rbtree: 16 22
rbtree: 16 20
rbtree: 14 18
rbtree: 16 20
rbtree: 14 22
rbtree: 16 18
rbtree: 14 20
rbtree: 18 18
rbtree: 16 20
rbtree: 16 18
rbtree: 14 20
rbtree: 16 20
rbtree: 14 18
rbtree: 18 20
rbtree: 14 20
rbtree: 14 20
rbtree: 14 18
rbtree: 16 20
rbtree: 14 20
rbtree: 16 18
rbtree: 14 20
rbtree: 18 18
rbtree: 14 20
rbtree: 14 20
rbtree: 14 20
rbtree: 18 18
rbtree: 16 20
rbtree: 18 18
rbtree: 14 20
rbtree: 16 20
rbtree: 14 20
rbtree: 18 20
rbtree: 14 20
rbtree: 18 20
rbtree: 14 20
rbtree: 18 20
rbtree: 16 20
rbtree: 16 18
rbtree: 14 18
rbtree: 18 18
rbtree: 14 22
rbtree: 16 20
rbtree: 16 20
rbtree: 18 18
rbtree: 14 20
rbtree: 14 20
rbtree: 14 20
rbtree: 18 18
rbtree: 16 20
rbtree: 18 20
rbtree: 16 20
rbtree: 18 18
rbtree: 14 20
rbtree: 14 18
rbtree: 14 20
rbtree: 18 18
rbtree: 14 22
rbtree: 16 20
rbtree: 14 20
rbtree: 18 18
rbtree: 14 22
rbtree: 16 20
rbtree: 14 20
rbtree: 18 18
rbtree: 14 20
rbtree: 16 20
rbtree: 14 22
rbtree: 16 18
rbtree: 14 20
rbtree: 16 20
rbtree: 16 20
rbtree: 16 20
rbtree: 14 18
rbtree: 18 18
rbtree: 14 20
rbtree: 18 20
rbtree: 14 18
rbtree: 16 18
rbtree: 14 20
rbtree: 14 20
rbtree: 14 20
rbtree: 18 20
rbtree: 14 20
rbtree: 16 20
rbtree: 14 20
rbtree: 16 18
rbtree: 16 18
rbtree: 18 20
rbtree: 14 20
rbtree: 18 22
rbtree: 14 22
rbtree: 18 18
rbtree: 14 20
rbtree: 18 20
rbtree: 14 20
rbtree: 18 20
rbtree: 14 20
rbtree: 16 20
rbtree: 14 18
rbtree: 16 20
rbtree: 16 20
rbtree: 18 18
rbtree: 14 20
rbtree: 18 20
rbtree: 16 20
rbtree: 16 20
rbtree: 14 20
rbtree: 14 20
rbtree: 14 20
rbtree: 16 20
rbtree: 12 20
rbtree: 16 20
rbtree: 16 18
rbtree: 16 18
rbtree: 14 22
rbtree: 18 20
rbtree: 16 20
rbtree: 18 20
rbtree: 12 20
rbtree: 18 20
rbtree: 16 20
rbtree: 16 18
rbtree: 14 18
rbtree: 18 18
rbtree: 14 20
rbtree: 16 22
rbtree: 14 20
rbtree: 18 18
rbtree: 14 46
rbtree: 18 20
rbtree: 12 20
rbtree: 16 20
rbtree: 14 20
rbtree: 16 20
rbtree: 14 22
rbtree: 16 18
rbtree: 14 18
rbtree: 16 18
rbtree: 14 20
rbtree: 18 20
rbtree: 14 20
rbtree: 16 20
rbtree: 14 18
rbtree: 16 22
rbtree: 14 22
rbtree: 16 20
rbtree: 14 20
rbtree: 14 18
rbtree: 14 20
rbtree: 18 18
rbtree: 14 20
rbtree: 16 20
rbtree: 12 20
rbtree: 16 20
rbtree: 16 20
rbtree: 18 20
rbtree: 14 20
rbtree: 16 20
rbtree: 14 18
rbtree: 16 20
rbtree: 16 22
rbtree: 16 18
rbtree: 14 20
rbtree: 16 20
rbtree: 16 20
rbtree: 16 18
rbtree: 12 20
rbtree: 18 18
rbtree: 12 20
rbtree: 18 20
rbtree: 16 20
rbtree: 16 20
rbtree: 14 20
rbtree: 18 20
rbtree: 16 20
rbtree: 18 20
rbtree: 14 22
rbtree: 16 20
rbtree: 14 20
rbtree: 18 18
rbtree: 14 20
rbtree: 16 22
rbtree: 16 20
rbtree: 16 18
rbtree: 14 18
rbtree: 18 18
rbtree: 14 20
rbtree: 16 22
rbtree: 14 20
rbtree: 18 18
rbtree: 14 20
rbtree: 16 20
rbtree: 14 20
rbtree: 16 20
rbtree: 14 20
rbtree: 16 20
rbtree: 14 20
rbtree: 16 20
rbtree: 14 20
rbtree: 16 18
rbtree: 14 18
rbtree: 18 20
rbtree: 14 20
rbtree: 18 18
rbtree: 12 20
rbtree: 18 20
rbtree: 16 20
rbtree: 18 20
rbtree: 12 20
rbtree: 18 18
rbtree: 16 20
rbtree: 16 20
rbtree: 12 18
rbtree: 16 20
rbtree: 14 18
rbtree: 16 22
rbtree: 14 20
rbtree: 18 18
rbtree: 14 20
rbtree: 16 18
rbtree: 14 18
rbtree: 16 22
rbtree: 14 22
rbtree: 16 20
rbtree: 14 18
rbtree: 16 18
rbtree: 12 20
rbtree: 16 20
rbtree: 14 22
rbtree: 16 18
rbtree: 14 20
rbtree: 16 20
rbtree: 12 44
rbtree: 18 20
rbtree: 14 18
rbtree: 14 20
rbtree: 14 20
rbtree: 16 20
rbtree: 16 20
rbtree: 18 18
rbtree: 12 20
rbtree: 18 20
rbtree: 14 20
rbtree: 18 20
rbtree: 16 20
rbtree: 16 18
rbtree: 14 20
rbtree: 16 20
rbtree: 16 20
rbtree: 16 18
rbtree: 12 20
rbtree: 16 18
rbtree: 14 20
rbtree: 16 22
rbtree: 14 20
rbtree: 18 20
rbtree: 16 20
rbtree: 16 18
rbtree: 14 22
rbtree: 16 20
rbtree: 14 18
rbtree: 18 18
rbtree: 14 18
rbtree: 16 18
rbtree: 14 20
rbtree: 16 18
rbtree: 14 20
rbtree: 16 20
rbtree: 16 20
rbtree: 18 18
rbtree: 14 22
rbtree: 16 20
rbtree: 14 18
rbtree: 18 18
rbtree: 14 20
rbtree: 18 18
rbtree: 14 20
rbtree: 16 18
rbtree: 14 22
rbtree: 16 20
rbtree: 16 20
rbtree: 16 18
rbtree: 14 20
rbtree: 18 20
rbtree: 14 20
rbtree: 16 20
rbtree: 14 20
rbtree: 16 18
rbtree: 14 20
rbtree: 16 20
rbtree: 12 20
rbtree: 16 20
rbtree: 14 20
rbtree: 16 18
rbtree: 14 20
rbtree: 16 20
rbtree: 14 20
rbtree: 18 20
rbtree: 16 20
rbtree: 18 20
rbtree: 14 20
rbtree: 18 20
rbtree: 16 20
rbtree: 16 18
rbtree: 16 20
rbtree: 16 20
rbtree: 14 20
rbtree: 16 18
rbtree: 14 20
rbtree: 16 18
rbtree: 14 18
rbtree: 18 20
rbtree: 14 20
rbtree: 18 18
rbtree: 16 20
rbtree: 16 20
rbtree: 12 20
rbtree: 16 20
rbtree: 16 20
rbtree: 16 20
rbtree: 12 20
rbtree: 18 18
rbtree: 16 22
rbtree: 16 20
rbtree: 14 20
rbtree: 18 20
rbtree: 14 18
rbtree: 16 20
rbtree: 14 22
rbtree: 16 18
rbtree: 16 20
rbtree: 14 20
rbtree: 14 20
rbtree: 16 20
rbtree: 14 44
rbtree: 18 20
rbtree: 14 20
rbtree: 18 18
rbtree: 12 20
rbtree: 18 20
rbtree: 14 20
rbtree: 16 18
rbtree: 14 20
rbtree: 20 18
rbtree: 16 20
rbtree: 16 20
rbtree: 14 18
rbtree: 18 18
rbtree: 14 20
rbtree: 16 18
rbtree: 14 22
rbtree: 16 20
rbtree: 14 18
rbtree: 18 18
rbtree: 14 20
rbtree: 16 20
rbtree: 16 20
rbtree: 16 20
rbtree: 14 20
rbtree: 16 22
rbtree: 14 20
rbtree: 18 18
rbtree: 14 20
rbtree: 16 20
rbtree: 14 20
rbtree: 16 18
rbtree: 14 18
rbtree: 16 18
rbtree: 14 20
rbtree: 16 22
rbtree: 16 20
rbtree: 18 20
rbtree: 14 20
rbtree: 16 22
rbtree: 14 20
rbtree: 16 20
rbtree: 14 18
rbtree: 18 18
rbtree: 14 20
rbtree: 16 20
rbtree: 14 20
rbtree: 14 20
rbtree: 14 20
rbtree: 18 22
rbtree: 14 22
rbtree: 16 20
rbtree: 14 22
rbtree: 16 20
rbtree: 14 20
rbtree: 16 20
rbtree: 16 22
rbtree: 18 20
rbtree: 14 18
rbtree: 14 18
rbtree: 14 20
rbtree: 18 18
rbtree: 14 18
rbtree: 18 18
rbtree: 14 20
rbtree: 18 20
rbtree: 16 20
rbtree: 18 18
rbtree: 14 20
rbtree: 16 18
rbtree: 14 20
rbtree: 16 18
rbtree: 16 20
rbtree: 16 18
rbtree: 14 18
rbtree: 16 20
rbtree: 16 22
rbtree: 18 20
rbtree: 14 20
rbtree: 18 20
rbtree: 14 20
rbtree: 16 20
rbtree: 14 20
rbtree: 16 18
rbtree: 16 20
rbtree: 16 18
rbtree: 14 20
rbtree: 14 20
rbtree: 14 20
rbtree: 18 18
rbtree: 14 20
rbtree: 16 20
rbtree: 16 20
rbtree: 16 20
rbtree: 14 20
rbtree: 16 18
rbtree: 14 22
rbtree: 16 18
rbtree: 16 20
rbtree: 18 20
rbtree: 16 20
rbtree: 18 18
rbtree: 14 20
rbtree: 16 20
rbtree: 14 44
rbtree: 20 18
rbtree: 14 18
rbtree: 16 18
rbtree: 14 22
rbtree: 16 20
rbtree: 14 22
rbtree: 18 20
rbtree: 14 20
rbtree: 16 20
rbtree: 14 20
rbtree: 16 20
rbtree: 14 22
rbtree: 16 18
rbtree: 16 20
rbtree: 14 18
rbtree: 14 20
rbtree: 18 18
rbtree: 14 22
rbtree: 16 20
rbtree: 14 18
rbtree: 18 20
rbtree: 14 20
rbtree: 16 20
rbtree: 14 20
rbtree: 16 20
rbtree: 12 18
rbtree: 16 20
rbtree: 14 20
rbtree: 16 20
rbtree: 14 20
rbtree: 18 18
rbtree: 14 20
rbtree: 18 20
rbtree: 14 20
rbtree: 16 20
rbtree: 14 22
rbtree: 16 20
rbtree: 14 18
rbtree: 18 18
rbtree: 14 20
rbtree: 18 20
rbtree: 14 20
rbtree: 16 20
rbtree: 14 20
rbtree: 18 20
rbtree: 14 20
rbtree: 16 20
rbtree: 14 20
rbtree: 16 18
rbtree: 14 20
rbtree: 16 18
rbtree: 16 20
rbtree: 16 20
rbtree: 14 20
rbtree: 18 18
rbtree: 14 22
rbtree: 16 18
rbtree: 14 22
rbtree: 16 20
rbtree: 14 20
rbtree: 18 18
rbtree: 14 18
rbtree: 18 20
rbtree: 14 20
rbtree: 16 18
rbtree: 12 20
rbtree: 16 18
rbtree: 14 46
rbtree: 18 20
rbtree: 14 20
rbtree: 16 18
rbtree: 16 20
rbtree: 16 18
rbtree: 12 20
rbtree: 18 20
rbtree: 16 20
rbtree: 18 20
rbtree: 14 20
rbtree: 16 20
rbtree: 14 20
rbtree: 18 18
rbtree: 14 18
rbtree: 18 20
rbtree: 14 20
rbtree: 16 18
rbtree: 14 20
rbtree: 18 18
rbtree: 14 20
rbtree: 18 18
rbtree: 14 20
rbtree: 20 20
rbtree: 14 20
rbtree: 16 20
rbtree: 14 20
rbtree: 20 20
rbtree: 14 20
rbtree: 18 18
rbtree: 14 20
rbtree: 18 18
rbtree: 14 20
rbtree: 16 20
rbtree: 16 20
rbtree: 16 20
rbtree: 14 20
rbtree: 16 20
rbtree: 16 20
rbtree: 18 20
rbtree: 14 20
rbtree: 20 18
rbtree: 16 20
rbtree: 16 20
rbtree: 14 20
rbtree: 16 20
rbtree: 16 20
rbtree: 22 20
rbtree: 14 22
rbtree: 16 20
rbtree: 14 18
rbtree: 18 18
rbtree: 14 20
rbtree: 18 20
rbtree: 14 18
rbtree: 18 18
rbtree: 14 20
rbtree: 16 20
rbtree: 14 22
rbtree: 20 20
rbtree: 14 20
rbtree: 16 20
rbtree: 14 22
rbtree: 16 20
rbtree: 14 20
rbtree: 16 20
rbtree: 16 20
rbtree: 16 18
rbtree: 14 22
rbtree: 18 20
rbtree: 14 20
rbtree: 20 18
rbtree: 14 20
rbtree: 18 18
rbtree: 16 20
