rbtree: 110 214
rbtree: 30 142
rbtree: 116 108
rbtree: 26 156
rbtree: 154 98
rbtree: 108 100
rbtree: 16 36
rbtree: 24 188
rbtree: 108 94
rbtree: 22 114
rbtree: 60 78
rbtree: 24 128
rbtree: 80 76
rbtree: 30 118
rbtree: 122 74
rbtree: 26 108
rbtree: 164 80
rbtree: 24 100
rbtree: 102 78
rbtree: 30 166
rbtree: 24 84
rbtree: 118 98
rbtree: 26 80
rbtree: 72 124
rbtree: 26 82
rbtree: 48 100
rbtree: 24 78
rbtree: 48 130
rbtree: 26 92
rbtree: 28 106
rbtree: 72 36
rbtree: 14 124
rbtree: 90 40
rbtree: 32 86
rbtree: 64 38
rbtree: 42 144
rbtree: 26 112
rbtree: 48 146
rbtree: 26 120
rbtree: 48 156
rbtree: 24 120
rbtree: 62 118
rbtree: 26 122
rbtree: 24 170
rbtree: 84 104
rbtree: 26 140
rbtree: 62 84
rbtree: 28 98
rbtree: 60 42
rbtree: 36 102
rbtree: 116 40
rbtree: 28 124
rbtree: 26 38
rbtree: 64 116
rbtree: 24 40
rbtree: 58 126
rbtree: 28 84
rbtree: 56 104
rbtree: 36 82
rbtree: 56 122
rbtree: 30 80
rbtree: 16 92
rbtree: 46 44
rbtree: 26 118
rbtree: 52 42
rbtree: 26 90
rbtree: 124 44
rbtree: 22 156
rbtree: 70 42
rbtree: 24 118
rbtree: 32 42
rbtree: 14 112
rbtree: 38 44
rbtree: 26 54
rbtree: 82 42
rbtree: 26 110
rbtree: 70 42
rbtree: 16 88
rbtree: 70 40
rbtree: 16 112
rbtree: 16 42
rbtree: 48 82
rbtree: 32 40
rbtree: 54 156
rbtree: 20 42
rbtree: 86 114
rbtree: 114 42
rbtree: 28 98
rbtree: 64 42
rbtree: 30 108
rbtree: 28 42
rbtree: 38 134
rbtree: 26 42
rbtree: 146 100
rbtree: 16 42
rbtree: 50 130
rbtree: 26 46
rbtree: 40 126
rbtree: 28 42
rbtree: 60 196
rbtree: 22 90
rbtree: 22 156
rbtree: 90 96
rbtree: 16 122
rbtree: 64 84
rbtree: 24 120
rbtree: 58 44
rbtree: 44 156
rbtree: 16 42
rbtree: 88 110
rbtree: 16 44
rbtree: 58 116
rbtree: 22 46
rbtree: 32 112
rbtree: 26 44
rbtree: 62 162
rbtree: 24 44
rbtree: 48 106
rbtree: 32 90
rbtree: 74 110
rbtree: 16 84
rbtree: 80 54
rbtree: 16 86
rbtree: 16 118
rbtree: 78 96
rbtree: 24 54
rbtree: 78 46
rbtree: 50 110
rbtree: 16 58
rbtree: 96 88
rbtree: 32 46
rbtree: 40 168
rbtree: 16 46
rbtree: 38 108
rbtree: 26 46
rbtree: 38 98
rbtree: 16 42
rbtree: 52 106
rbtree: 16 46
rbtree: 68 118
rbtree: 16 46
rbtree: 40 106
rbtree: 72 46
rbtree: 16 120
rbtree: 92 44
rbtree: 28 94
rbtree: 34 44
rbtree: 52 126
rbtree: 28 44
rbtree: 72 108
rbtree: 26 46
rbtree: 86 114
rbtree: 74 44
rbtree: 28 94
rbtree: 50 42
rbtree: 30 108
rbtree: 26 46
rbtree: 86 106
rbtree: 74 44
rbtree: 22 116
rbtree: 76 44
rbtree: 24 124
rbtree: 16 46
rbtree: 28 202
rbtree: 40 44
rbtree: 28 92
rbtree: 84 42
rbtree: 26 66
rbtree: 68 44
rbtree: 26 96
rbtree: 72 44
rbtree: 26 110
rbtree: 68 44
rbtree: 28 94
rbtree: 44 44
rbtree: 26 116
rbtree: 26 46
rbtree: 16 94
rbtree: 34 44
rbtree: 28 138
rbtree: 62 44
rbtree: 28 92
rbtree: 62 46
rbtree: 24 92
rbtree: 16 44
rbtree: 16 94
rbtree: 130 46
rbtree: 26 70
rbtree: 52 42
rbtree: 28 92
rbtree: 16 48
rbtree: 28 100
rbtree: 56 46
rbtree: 98 106
rbtree: 26 46
rbtree: 58 186
rbtree: 16 44
rbtree: 26 94
rbtree: 48 46
rbtree: 26 100
rbtree: 40 42
rbtree: 26 92
rbtree: 30 44
rbtree: 26 108
rbtree: 86 44
rbtree: 28 92
rbtree: 72 46
rbtree: 34 102
rbtree: 88 46
rbtree: 76 110
rbtree: 24 44
rbtree: 46 178
rbtree: 16 44
rbtree: 44 138
rbtree: 72 44
rbtree: 14 110
rbtree: 16 46
rbtree: 60 108
rbtree: 70 48
rbtree: 48 138
rbtree: 60 46
rbtree: 76 86
rbtree: 26 46
rbtree: 66 114
rbtree: 16 46
rbtree: 52 54
rbtree: 38 42
rbtree: 86 174
rbtree: 20 90
rbtree: 32 120
rbtree: 68 112
rbtree: 18 144
rbtree: 30 90
rbtree: 20 98
rbtree: 88 116
rbtree: 20 154
rbtree: 52 98
rbtree: 32 96
rbtree: 76 90
rbtree: 30 118
rbtree: 54 86
rbtree: 26 110
rbtree: 16 44
rbtree: 48 164
rbtree: 66 46
rbtree: 90 92
rbtree: 22 50
rbtree: 52 116
rbtree: 34 50
rbtree: 62 92
rbtree: 16 46
rbtree: 60 158
rbtree: 28 48
rbtree: 24 96
rbtree: 36 46
rbtree: 56 96
rbtree: 24 46
rbtree: 80 136
rbtree: 22 44
rbtree: 66 156
rbtree: 48 52
rbtree: 30 60
rbtree: 58 90
rbtree: 16 98
rbtree: 32 44
rbtree: 84 110
rbtree: 22 90
rbtree: 24 148
rbtree: 48 48
rbtree: 38 98
rbtree: 14 48
rbtree: 26 104
rbtree: 146 86
rbtree: 28 110
rbtree: 40 82
rbtree: 20 112
rbtree: 36 84
rbtree: 18 94
rbtree: 96 46
rbtree: 24 98
rbtree: 44 44
rbtree: 50 58
rbtree: 18 46
rbtree: 42 108
rbtree: 16 44
rbtree: 28 100
rbtree: 40 46
rbtree: 28 118
rbtree: 20 104
rbtree: 60 94
rbtree: 22 44
rbtree: 24 158
rbtree: 20 84
rbtree: 96 120
rbtree: 26 88
rbtree: 64 132
rbtree: 30 48
rbtree: 74 116
rbtree: 26 104
rbtree: 62 154
rbtree: 30 50
rbtree: 60 112
rbtree: 48 48
rbtree: 24 116
rbtree: 68 52
rbtree: 14 58
rbtree: 66 50
rbtree: 16 122
rbtree: 64 48
rbtree: 62 92
rbtree: 28 48
rbtree: 60 100
rbtree: 26 48
rbtree: 98 90
rbtree: 16 50
rbtree: 120 174
rbtree: 30 86
rbtree: 28 58
rbtree: 72 46
rbtree: 16 118
rbtree: 28 50
rbtree: 58 60
rbtree: 26 46
rbtree: 50 168
rbtree: 22 92
rbtree: 34 98
rbtree: 48 98
rbtree: 24 118
rbtree: 16 48
rbtree: 50 56
rbtree: 16 50
rbtree: 52 150
rbtree: 74 90
rbtree: 14 98
rbtree: 50 46
rbtree: 70 96
rbtree: 24 48
rbtree: 58 114
rbtree: 24 46
rbtree: 58 164
rbtree: 16 44
rbtree: 50 110
rbtree: 26 48
rbtree: 84 114
rbtree: 24 50
rbtree: 74 112
rbtree: 40 44
rbtree: 74 140
rbtree: 30 92
rbtree: 18 98
rbtree: 52 50
rbtree: 48 70
rbtree: 50 48
rbtree: 14 56
rbtree: 32 48
rbtree: 16 202
rbtree: 80 48
rbtree: 22 58
rbtree: 52 48
rbtree: 28 102
rbtree: 30 46
rbtree: 40 96
rbtree: 30 46
rbtree: 28 114
rbtree: 24 48
rbtree: 76 110
rbtree: 40 46
rbtree: 16 120
rbtree: 48 46
rbtree: 28 58
rbtree: 36 50
rbtree: 16 130
rbtree: 94 48
rbtree: 16 56
rbtree: 58 46
rbtree: 32 100
rbtree: 16 46
rbtree: 30 96
rbtree: 42 48
rbtree: 26 130
rbtree: 64 46
rbtree: 32 58
rbtree: 66 46
rbtree: 20 120
rbtree: 40 46
rbtree: 26 58
rbtree: 84 48
rbtree: 26 164
rbtree: 102 48
rbtree: 24 58
rbtree: 62 46
rbtree: 28 116
rbtree: 34 46
rbtree: 54 110
rbtree: 36 48
rbtree: 32 144
rbtree: 82 46
rbtree: 24 112
rbtree: 52 46
rbtree: 22 100
rbtree: 58 48
rbtree: 28 98
rbtree: 30 48
rbtree: 44 154
rbtree: 66 90
rbtree: 32 96
rbtree: 40 46
rbtree: 24 68
rbtree: 38 52
rbtree: 92 112
rbtree: 16 48
rbtree: 68 144
rbtree: 40 46
rbtree: 28 100
rbtree: 38 46
rbtree: 64 94
rbtree: 16 46
rbtree: 66 110
rbtree: 30 50
rbtree: 58 198
rbtree: 16 120
rbtree: 56 130
rbtree: 64 106
rbtree: 18 138
rbtree: 78 96
rbtree: 30 118
rbtree: 18 94
rbtree: 80 128
rbtree: 94 52
rbtree: 36 116
rbtree: 66 52
rbtree: 32 152
rbtree: 26 52
rbtree: 44 112
rbtree: 84 50
rbtree: 34 154
rbtree: 72 52
rbtree: 24 116
rbtree: 30 96
rbtree: 32 122
rbtree: 72 50
rbtree: 98 112
rbtree: 24 50
rbtree: 58 130
rbtree: 24 92
rbtree: 16 116
rbtree: 24 90
rbtree: 62 120
rbtree: 24 96
rbtree: 64 102
rbtree: 16 92
rbtree: 58 162
rbtree: 34 50
rbtree: 52 102
rbtree: 42 94
rbtree: 24 122
rbtree: 38 50
rbtree: 34 114
rbtree: 44 92
rbtree: 24 118
rbtree: 58 52
rbtree: 48 116
rbtree: 36 54
rbtree: 52 124
rbtree: 30 90
rbtree: 68 114
rbtree: 36 90
rbtree: 82 158
rbtree: 36 96
rbtree: 54 102
rbtree: 38 52
rbtree: 108 108
rbtree: 24 52
rbtree: 50 102
rbtree: 30 92
rbtree: 22 178
rbtree: 24 52
rbtree: 52 114
rbtree: 38 52
rbtree: 42 110
rbtree: 34 52
rbtree: 64 100
rbtree: 30 52
rbtree: 42 172
rbtree: 36 52
rbtree: 86 100
rbtree: 36 50
rbtree: 72 126
rbtree: 44 92
rbtree: 24 98
rbtree: 36 94
rbtree: 34 132
rbtree: 52 94
rbtree: 34 100
rbtree: 50 90
rbtree: 34 114
rbtree: 72 52
rbtree: 16 118
rbtree: 24 48
rbtree: 34 154
rbtree: 16 50
rbtree: 86 60
rbtree: 16 52
rbtree: 74 74
rbtree: 30 50
rbtree: 26 100
rbtree: 68 92
rbtree: 24 108
rbtree: 74 94
rbtree: 16 94
rbtree: 32 50
rbtree: 54 120
rbtree: 78 52
rbtree: 36 62
rbtree: 58 50
rbtree: 34 188
rbtree: 44 50
rbtree: 56 96
rbtree: 28 50
rbtree: 54 124
rbtree: 114 50
rbtree: 24 64
rbtree: 22 112
rbtree: 68 140
rbtree: 48 94
rbtree: 26 58
rbtree: 120 52
rbtree: 26 128
rbtree: 44 56
rbtree: 16 60
rbtree: 52 50
rbtree: 40 188
rbtree: 16 52
rbtree: 60 94
rbtree: 32 54
rbtree: 44 106
rbtree: 86 48
rbtree: 28 62
rbtree: 54 52
rbtree: 26 128
rbtree: 50 52
rbtree: 30 116
rbtree: 44 50
rbtree: 22 108
rbtree: 44 48
rbtree: 34 96
rbtree: 30 52
rbtree: 24 190
rbtree: 16 48
rbtree: 14 104
rbtree: 90 54
rbtree: 34 106
rbtree: 56 52
rbtree: 32 104
rbtree: 38 52
rbtree: 28 130
rbtree: 64 48
rbtree: 26 94
rbtree: 44 52
rbtree: 32 118
rbtree: 36 52
rbtree: 42 96
rbtree: 16 52
rbtree: 26 142
rbtree: 42 54
rbtree: 78 96
rbtree: 24 48
rbtree: 52 124
rbtree: 36 50
rbtree: 42 114
rbtree: 36 48
rbtree: 92 142
rbtree: 36 50
rbtree: 58 116
rbtree: 36 50
rbtree: 74 72
rbtree: 34 54
rbtree: 40 100
rbtree: 34 52
rbtree: 72 180
rbtree: 36 52
rbtree: 60 104
rbtree: 36 50
rbtree: 32 140
rbtree: 42 92
rbtree: 30 60
rbtree: 68 92
rbtree: 14 112
rbtree: 56 96
rbtree: 24 60
rbtree: 74 94
rbtree: 30 124
rbtree: 20 112
rbtree: 30 58
rbtree: 134 92
rbtree: 38 142
rbtree: 54 52
rbtree: 42 116
rbtree: 26 50
rbtree: 18 100
rbtree: 66 50
rbtree: 38 96
rbtree: 30 52
rbtree: 26 116
rbtree: 58 48
rbtree: 14 116
rbtree: 26 50
rbtree: 58 120
rbtree: 16 48
rbtree: 38 116
rbtree: 40 52
rbtree: 42 168
rbtree: 58 52
rbtree: 22 104
rbtree: 22 94
rbtree: 56 100
rbtree: 34 50
rbtree: 58 116
rbtree: 70 52
rbtree: 44 138
rbtree: 58 48
rbtree: 30 94
rbtree: 32 94
rbtree: 48 108
rbtree: 40 50
rbtree: 16 94
rbtree: 28 50
rbtree: 54 178
rbtree: 36 50
rbtree: 52 98
rbtree: 16 52
rbtree: 42 106
rbtree: 42 52
rbtree: 16 104
rbtree: 66 52
rbtree: 48 130
rbtree: 54 50
rbtree: 42 96
rbtree: 30 48
rbtree: 52 122
rbtree: 28 50
rbtree: 28 62
rbtree: 26 50
rbtree: 50 190
rbtree: 32 52
rbtree: 28 102
rbtree: 42 54
rbtree: 16 108
rbtree: 92 52
rbtree: 16 100
rbtree: 58 52
rbtree: 36 80
rbtree: 44 50
rbtree: 90 92
rbtree: 24 50
rbtree: 46 132
rbtree: 16 50
rbtree: 64 98
rbtree: 24 52
rbtree: 28 184
rbtree: 22 52
rbtree: 36 96
rbtree: 58 90
rbtree: 30 108
rbtree: 40 50
rbtree: 78 98
rbtree: 36 56
rbtree: 58 152
rbtree: 34 52
rbtree: 40 100
rbtree: 70 50
rbtree: 24 130
rbtree: 42 50
rbtree: 22 62
rbtree: 44 90
rbtree: 36 198
rbtree: 52 110
rbtree: 26 150
rbtree: 48 106
rbtree: 74 164
rbtree: 30 56
rbtree: 56 120
rbtree: 28 56
rbtree: 40 166
rbtree: 28 100
rbtree: 38 120
rbtree: 54 60
rbtree: 48 134
rbtree: 66 56
rbtree: 18 140
rbtree: 24 56
rbtree: 42 178
rbtree: 26 60
rbtree: 180 116
rbtree: 22 92
rbtree: 54 158
rbtree: 16 110
rbtree: 28 120
rbtree: 66 92
rbtree: 36 148
rbtree: 48 92
rbtree: 42 94
rbtree: 24 50
rbtree: 46 124
rbtree: 16 52
rbtree: 34 94
rbtree: 70 54
rbtree: 48 118
rbtree: 58 52
rbtree: 48 62
rbtree: 90 50
rbtree: 22 108
rbtree: 64 50
rbtree: 40 62
rbtree: 52 50
rbtree: 40 120
rbtree: 36 48
rbtree: 70 94
rbtree: 30 54
rbtree: 34 138
rbtree: 36 52
rbtree: 46 62
rbtree: 24 48
rbtree: 60 152
rbtree: 16 50
rbtree: 30 102
rbtree: 46 96
rbtree: 68 120
rbtree: 16 50
rbtree: 22 130
rbtree: 48 54
rbtree: 52 164
rbtree: 32 50
rbtree: 30 116
rbtree: 42 90
rbtree: 26 114
rbtree: 46 52
rbtree: 104 94
rbtree: 24 48
rbtree: 54 204
rbtree: 22 96
rbtree: 24 98
rbtree: 54 90
rbtree: 24 130
rbtree: 36 50
rbtree: 60 96
rbtree: 24 54
rbtree: 48 144
rbtree: 18 94
rbtree: 36 62
rbtree: 52 92
rbtree: 34 128
rbtree: 38 90
rbtree: 68 96
rbtree: 26 52
rbtree: 58 138
rbtree: 30 90
rbtree: 24 60
rbtree: 42 94
rbtree: 66 140
rbtree: 32 90
rbtree: 32 64
rbtree: 32 50
rbtree: 98 134
rbtree: 16 56
rbtree: 28 64
rbtree: 82 92
rbtree: 24 114
rbtree: 46 94
rbtree: 32 62
rbtree: 40 50
rbtree: 14 188
rbtree: 52 50
rbtree: 60 94
rbtree: 34 52
rbtree: 36 126
rbtree: 44 48
rbtree: 58 60
rbtree: 34 52
rbtree: 56 144
rbtree: 34 50
rbtree: 42 96
rbtree: 28 54
rbtree: 94 126
rbtree: 34 48
rbtree: 64 112
rbtree: 24 50
rbtree: 16 154
rbtree: 36 52
rbtree: 80 114
rbtree: 22 52
rbtree: 54 110
rbtree: 36 50
rbtree: 48 62
rbtree: 26 50
rbtree: 48 116
rbtree: 24 50
rbtree: 62 102
rbtree: 28 52
rbtree: 44 108
rbtree: 34 50
rbtree: 58 60
rbtree: 28 50
rbtree: 52 172
rbtree: 28 98
rbtree: 36 136
rbtree: 66 94
rbtree: 36 136
rbtree: 50 56
rbtree: 28 104
rbtree: 86 58
rbtree: 20 150
rbtree: 16 56
rbtree: 36 104
rbtree: 38 56
rbtree: 78 128
rbtree: 28 56
rbtree: 60 118
rbtree: 22 58
rbtree: 16 144
rbtree: 34 54
rbtree: 54 120
rbtree: 44 56
rbtree: 24 130
rbtree: 52 58
rbtree: 32 120
rbtree: 24 56
rbtree: 50 138
rbtree: 36 58
rbtree: 42 118
rbtree: 102 56
rbtree: 36 74
rbtree: 62 56
rbtree: 26 120
rbtree: 28 56
rbtree: 88 192
rbtree: 24 54
rbtree: 58 122
rbtree: 36 54
rbtree: 54 128
rbtree: 40 56
rbtree: 24 102
rbtree: 50 54
rbtree: 22 138
rbtree: 32 58
rbtree: 56 118
rbtree: 34 56
rbtree: 70 126
rbtree: 36 58
rbtree: 58 118
rbtree: 28 56
rbtree: 44 142
rbtree: 84 56
rbtree: 36 104
rbtree: 52 56
rbtree: 30 126
rbtree: 66 54
rbtree: 28 104
rbtree: 70 98
rbtree: 26 130
rbtree: 52 58
rbtree: 38 118
rbtree: 34 58
rbtree: 28 112
rbtree: 54 54
rbtree: 16 106
rbtree: 34 58
rbtree: 42 182
rbtree: 22 56
rbtree: 46 122
rbtree: 68 96
rbtree: 24 112
rbtree: 38 56
rbtree: 24 118
rbtree: 16 58
rbtree: 38 138
rbtree: 60 56
rbtree: 38 106
rbtree: 56 56
rbtree: 26 106
rbtree: 20 56
rbtree: 46 68
rbtree: 14 58
rbtree: 48 158
rbtree: 26 60
rbtree: 60 102
rbtree: 36 54
rbtree: 60 144
rbtree: 16 56
rbtree: 36 66
rbtree: 44 56
rbtree: 30 130
rbtree: 24 56
rbtree: 52 118
rbtree: 16 58
rbtree: 54 130
rbtree: 22 52
rbtree: 46 102
rbtree: 36 56
rbtree: 42 170
rbtree: 34 56
rbtree: 78 116
rbtree: 30 56
rbtree: 58 144
rbtree: 26 58
rbtree: 30 66
rbtree: 26 60
rbtree: 28 86
rbtree: 38 56
rbtree: 64 64
rbtree: 28 56
rbtree: 42 110
rbtree: 34 56
rbtree: 76 132
rbtree: 28 56
rbtree: 46 142
rbtree: 34 52
rbtree: 34 110
rbtree: 26 96
rbtree: 86 146
rbtree: 34 52
rbtree: 62 100
rbtree: 26 56
rbtree: 16 134
rbtree: 28 58
rbtree: 54 98
rbtree: 64 94
rbtree: 30 110
rbtree: 66 52
rbtree: 32 116
rbtree: 68 54
rbtree: 38 220
rbtree: 58 100
rbtree: 30 108
rbtree: 32 100
rbtree: 32 110
rbtree: 98 98
rbtree: 24 64
rbtree: 70 56
rbtree: 16 118
rbtree: 54 54
rbtree: 34 66
rbtree: 28 56
rbtree: 28 76
rbtree: 46 54
rbtree: 14 104
rbtree: 34 56
rbtree: 14 140
rbtree: 88 54
rbtree: 14 102
rbtree: 38 58
rbtree: 32 74
rbtree: 56 54
rbtree: 28 106
rbtree: 68 54
rbtree: 20 132
rbtree: 36 54
rbtree: 70 96
rbtree: 16 58
rbtree: 30 128
rbtree: 52 56
rbtree: 36 106
rbtree: 28 54
rbtree: 34 164
rbtree: 56 56
rbtree: 32 64
rbtree: 28 54
rbtree: 68 142
rbtree: 24 54
rbtree: 46 98
rbtree: 46 56
rbtree: 20 110
rbtree: 34 56
rbtree: 76 118
rbtree: 44 100
rbtree: 32 78
rbtree: 50 56
rbtree: 74 100
rbtree: 24 56
rbtree: 48 160
rbtree: 20 58
rbtree: 28 106
rbtree: 60 60
rbtree: 30 134
rbtree: 24 56
rbtree: 46 98
rbtree: 88 58
rbtree: 28 144
rbtree: 36 118
rbtree: 68 100
rbtree: 42 96
rbtree: 16 78
rbtree: 50 98
rbtree: 22 100
rbtree: 82 60
rbtree: 28 190
rbtree: 44 56
rbtree: 30 102
rbtree: 70 58
rbtree: 30 76
