rbtree: 98 114
rbtree: 46 154
rbtree: 130 108
rbtree: 136 54
rbtree: 26 106
rbtree: 158 76
rbtree: 48 110
rbtree: 24 94
rbtree: 54 122
rbtree: 82 74
rbtree: 16 82
rbtree: 64 72
rbtree: 24 58
rbtree: 20 22
rbtree: 14 56
rbtree: 18 24
rbtree: 14 28
rbtree: 20 26
rbtree: 18 28
rbtree: 16 26
rbtree: 18 30
rbtree: 18 26
rbtree: 18 26
rbtree: 18 26
rbtree: 18 28
rbtree: 16 22
rbtree: 16 28
rbtree: 16 26
rbtree: 16 32
rbtree: 18 24
rbtree: 16 26
rbtree: 16 26
rbtree: 16 28
rbtree: 16 22
rbtree: 16 26
rbtree: 18 26
rbtree: 18 28
rbtree: 22 24
rbtree: 16 24
rbtree: 16 24
rbtree: 20 28
rbtree: 16 24
rbtree: 16 26
rbtree: 18 24
rbtree: 16 28
rbtree: 16 24
rbtree: 14 26
rbtree: 16 24
rbtree: 16 28
rbtree: 18 24
rbtree: 16 26
rbtree: 16 24
rbtree: 16 54
rbtree: 16 24
rbtree: 16 26
rbtree: 14 24
rbtree: 16 28
rbtree: 24 24
rbtree: 16 26
rbtree: 16 26
rbtree: 18 54
rbtree: 50 22
rbtree: 16 26
rbtree: 16 26
rbtree: 16 28
rbtree: 16 22
rbtree: 16 26
rbtree: 16 26
rbtree: 16 28
rbtree: 16 24
rbtree: 16 26
rbtree: 16 22
rbtree: 16 28
rbtree: 18 22
rbtree: 16 24
rbtree: 14 24
rbtree: 16 44
rbtree: 16 22
rbtree: 16 26
rbtree: 16 24
rbtree: 16 30
rbtree: 22 24
rbtree: 14 26
rbtree: 18 24
rbtree: 18 64
rbtree: 14 22
rbtree: 16 26
rbtree: 18 22
rbtree: 18 28
rbtree: 16 22
rbtree: 14 26
rbtree: 14 24
rbtree: 16 28
rbtree: 18 24
rbtree: 16 26
rbtree: 16 24
rbtree: 20 28
rbtree: 16 24
rbtree: 16 26
rbtree: 16 26
rbtree: 16 26
rbtree: 22 22
rbtree: 14 24
rbtree: 14 24
rbtree: 18 28
rbtree: 18 22
rbtree: 16 26
rbtree: 16 24
rbtree: 18 26
rbtree: 30 20
rbtree: 16 26
rbtree: 14 22
rbtree: 16 26
rbtree: 16 22
rbtree: 14 26
rbtree: 16 22
rbtree: 20 26
rbtree: 22 22
rbtree: 14 26
rbtree: 16 24
rbtree: 16 28
rbtree: 16 24
rbtree: 16 26
rbtree: 16 24
rbtree: 18 28
rbtree: 32 24
rbtree: 16 26
rbtree: 18 22
rbtree: 16 28
rbtree: 16 24
rbtree: 14 24
rbtree: 16 24
rbtree: 18 28
rbtree: 32 24
rbtree: 16 24
rbtree: 16 24
rbtree: 16 26
rbtree: 24 22
rbtree: 16 26
rbtree: 14 24
rbtree: 18 26
rbtree: 42 24
rbtree: 14 26
rbtree: 16 22
rbtree: 18 26
rbtree: 18 22
rbtree: 16 26
rbtree: 14 26
rbtree: 18 28
rbtree: 26 22
rbtree: 16 26
rbtree: 16 24
rbtree: 16 30
rbtree: 22 22
rbtree: 16 24
rbtree: 16 24
rbtree: 16 26
rbtree: 18 24
rbtree: 16 26
rbtree: 16 24
rbtree: 18 30
rbtree: 16 24
rbtree: 16 26
rbtree: 16 24
rbtree: 18 24
rbtree: 16 24
rbtree: 14 24
rbtree: 16 22
rbtree: 16 28
rbtree: 24 24
rbtree: 14 24
rbtree: 16 26
rbtree: 18 30
rbtree: 16 22
rbtree: 18 26
rbtree: 18 24
rbtree: 16 28
rbtree: 16 24
rbtree: 16 26
rbtree: 16 22
rbtree: 16 28
rbtree: 18 24
rbtree: 16 26
rbtree: 16 24
rbtree: 20 30
rbtree: 22 22
rbtree: 16 26
rbtree: 16 24
rbtree: 22 28
rbtree: 18 22
rbtree: 16 26
rbtree: 16 24
rbtree: 18 28
rbtree: 18 22
rbtree: 14 26
rbtree: 14 22
rbtree: 16 28
rbtree: 16 22
rbtree: 16 26
rbtree: 14 24
rbtree: 18 26
rbtree: 16 24
rbtree: 16 24
rbtree: 18 26
rbtree: 16 26
rbtree: 22 22
rbtree: 16 26
rbtree: 16 24
rbtree: 18 26
rbtree: 18 24
rbtree: 16 24
rbtree: 16 26
rbtree: 20 32
rbtree: 16 22
rbtree: 16 28
rbtree: 16 24
rbtree: 16 28
rbtree: 16 24
rbtree: 14 26
rbtree: 16 24
rbtree: 18 26
rbtree: 16 24
rbtree: 16 22
rbtree: 16 24
rbtree: 16 28
rbtree: 22 24
rbtree: 16 26
rbtree: 16 24
rbtree: 16 26
rbtree: 16 22
rbtree: 20 24
rbtree: 14 24
rbtree: 18 28
rbtree: 18 24
rbtree: 16 26
rbtree: 16 22
rbtree: 18 30
rbtree: 16 22
rbtree: 14 26
rbtree: 16 24
rbtree: 18 28
rbtree: 22 22
rbtree: 20 26
rbtree: 14 24
rbtree: 18 28
rbtree: 18 22
rbtree: 16 26
rbtree: 16 26
rbtree: 18 30
rbtree: 16 22
rbtree: 16 26
rbtree: 14 24
rbtree: 18 28
rbtree: 16 24
rbtree: 16 26
rbtree: 18 24
rbtree: 18 28
rbtree: 22 24
rbtree: 16 26
rbtree: 16 24
rbtree: 16 28
rbtree: 18 22
rbtree: 16 26
rbtree: 16 24
rbtree: 18 28
rbtree: 18 24
rbtree: 16 26
rbtree: 16 26
rbtree: 16 28
rbtree: 16 24
rbtree: 16 26
rbtree: 16 22
rbtree: 18 30
rbtree: 22 24
rbtree: 16 24
rbtree: 16 22
rbtree: 16 28
rbtree: 16 22
rbtree: 16 24
rbtree: 14 24
rbtree: 18 30
rbtree: 16 24
rbtree: 16 26
rbtree: 18 26
rbtree: 18 28
rbtree: 18 22
rbtree: 18 24
rbtree: 16 26
rbtree: 16 28
rbtree: 18 24
rbtree: 18 26
rbtree: 16 22
rbtree: 14 26
rbtree: 22 24
rbtree: 14 26
rbtree: 14 24
rbtree: 16 28
rbtree: 16 24
rbtree: 14 24
rbtree: 36 22
rbtree: 18 28
rbtree: 16 22
rbtree: 16 26
rbtree: 16 22
rbtree: 18 30
rbtree: 18 22
rbtree: 16 26
rbtree: 20 24
rbtree: 18 28
rbtree: 22 24
rbtree: 16 26
rbtree: 16 26
rbtree: 16 28
rbtree: 16 24
rbtree: 14 26
rbtree: 16 26
rbtree: 16 26
rbtree: 16 22
rbtree: 16 26
rbtree: 16 22
rbtree: 18 28
rbtree: 16 24
rbtree: 16 26
rbtree: 14 24
rbtree: 16 28
rbtree: 16 24
rbtree: 16 26
rbtree: 16 24
rbtree: 16 26
rbtree: 24 24
rbtree: 14 26
rbtree: 16 24
rbtree: 16 30
rbtree: 18 22
rbtree: 16 26
rbtree: 16 26
rbtree: 16 28
rbtree: 18 24
rbtree: 14 24
rbtree: 16 24
rbtree: 16 28
rbtree: 16 22
rbtree: 16 26
rbtree: 16 24
rbtree: 18 28
rbtree: 22 22
rbtree: 16 26
rbtree: 16 24
rbtree: 18 28
rbtree: 16 22
rbtree: 16 26
rbtree: 16 22
rbtree: 16 26
rbtree: 18 24
rbtree: 16 24
rbtree: 16 24
rbtree: 16 28
rbtree: 18 22
rbtree: 16 26
rbtree: 16 26
rbtree: 18 30
rbtree: 24 24
rbtree: 16 24
rbtree: 16 24
rbtree: 16 28
rbtree: 18 22
rbtree: 14 26
rbtree: 16 22
rbtree: 18 26
rbtree: 16 24
rbtree: 16 26
rbtree: 16 24
rbtree: 16 30
rbtree: 16 24
rbtree: 16 26
rbtree: 16 24
rbtree: 18 30
rbtree: 22 24
rbtree: 16 26
rbtree: 16 24
rbtree: 18 30
rbtree: 18 24
rbtree: 14 26
rbtree: 16 24
rbtree: 16 28
rbtree: 16 22
rbtree: 16 26
rbtree: 16 24
rbtree: 16 28
rbtree: 18 22
rbtree: 16 26
rbtree: 16 26
rbtree: 18 28
rbtree: 22 24
rbtree: 16 26
rbtree: 16 24
rbtree: 16 28
rbtree: 16 22
rbtree: 14 26
rbtree: 16 22
rbtree: 18 28
rbtree: 16 24
rbtree: 14 24
rbtree: 18 24
rbtree: 18 28
rbtree: 16 24
rbtree: 16 26
rbtree: 16 22
rbtree: 16 30
rbtree: 18 22
rbtree: 16 26
rbtree: 16 24
rbtree: 16 26
rbtree: 22 22
rbtree: 16 26
rbtree: 20 22
rbtree: 16 26
rbtree: 16 22
rbtree: 16 26
rbtree: 16 24
rbtree: 18 26
rbtree: 18 22
rbtree: 16 26
rbtree: 16 24
rbtree: 20 30
rbtree: 16 22
rbtree: 16 24
rbtree: 18 24
rbtree: 18 28
rbtree: 24 22
rbtree: 14 24
rbtree: 16 26
rbtree: 16 28
rbtree: 18 24
rbtree: 16 26
rbtree: 14 24
rbtree: 16 30
rbtree: 16 24
rbtree: 16 26
rbtree: 16 26
rbtree: 16 30
rbtree: 16 24
rbtree: 16 26
rbtree: 16 24
rbtree: 16 28
rbtree: 16 24
rbtree: 14 26
rbtree: 16 26
rbtree: 14 28
rbtree: 24 22
rbtree: 16 26
rbtree: 16 24
rbtree: 18 28
rbtree: 18 22
rbtree: 16 26
rbtree: 14 24
rbtree: 18 30
rbtree: 18 22
rbtree: 16 26
rbtree: 14 24
rbtree: 16 26
rbtree: 18 22
rbtree: 14 24
rbtree: 16 24
rbtree: 18 28
rbtree: 22 24
rbtree: 14 26
rbtree: 14 24
rbtree: 18 30
rbtree: 16 24
rbtree: 16 26
rbtree: 16 24
rbtree: 16 28
rbtree: 16 24
rbtree: 16 26
rbtree: 16 26
rbtree: 16 30
rbtree: 16 22
rbtree: 16 26
rbtree: 18 24
rbtree: 16 28
rbtree: 22 24
rbtree: 14 24
rbtree: 18 22
rbtree: 18 28
rbtree: 16 24
rbtree: 14 26
rbtree: 16 24
rbtree: 18 28
rbtree: 16 24
rbtree: 14 26
rbtree: 16 24
rbtree: 18 62
rbtree: 18 24
rbtree: 14 24
rbtree: 16 24
rbtree: 20 28
rbtree: 16 22
rbtree: 16 26
rbtree: 14 24
rbtree: 14 30
rbtree: 24 22
rbtree: 14 24
rbtree: 16 24
rbtree: 18 28
rbtree: 16 22
rbtree: 16 26
rbtree: 16 22
rbtree: 16 64
rbtree: 18 22
rbtree: 14 26
rbtree: 20 24
rbtree: 18 28
rbtree: 16 24
rbtree: 16 26
rbtree: 16 26
rbtree: 18 48
rbtree: 14 24
rbtree: 16 26
rbtree: 16 24
rbtree: 14 30
rbtree: 24 24
rbtree: 16 24
rbtree: 16 24
rbtree: 18 60
rbtree: 46 24
rbtree: 16 26
rbtree: 16 24
rbtree: 18 28
rbtree: 16 22
rbtree: 16 26
rbtree: 16 22
rbtree: 18 50
rbtree: 36 24
rbtree: 16 26
rbtree: 18 24
rbtree: 18 26
rbtree: 18 22
rbtree: 16 28
rbtree: 16 26
rbtree: 16 28
rbtree: 24 24
rbtree: 14 26
rbtree: 16 22
rbtree: 16 26
rbtree: 16 24
rbtree: 16 26
rbtree: 14 22
rbtree: 18 28
rbtree: 22 22
rbtree: 16 26
rbtree: 18 24
rbtree: 18 30
rbtree: 16 24
rbtree: 16 26
rbtree: 16 24
rbtree: 16 28
rbtree: 24 22
rbtree: 16 26
rbtree: 16 24
rbtree: 18 28
rbtree: 18 22
rbtree: 16 26
rbtree: 14 24
rbtree: 18 28
rbtree: 18 24
rbtree: 16 24
rbtree: 18 24
rbtree: 16 30
rbtree: 18 22
rbtree: 16 26
rbtree: 14 22
rbtree: 16 28
rbtree: 22 22
rbtree: 16 24
rbtree: 16 24
rbtree: 16 30
rbtree: 18 24
rbtree: 16 26
rbtree: 16 24
rbtree: 18 30
rbtree: 18 24
rbtree: 14 26
rbtree: 16 24
rbtree: 18 26
rbtree: 18 22
rbtree: 16 26
rbtree: 14 22
rbtree: 18 28
rbtree: 16 22
rbtree: 16 26
rbtree: 16 24
rbtree: 16 28
rbtree: 22 24
rbtree: 14 24
rbtree: 16 24
rbtree: 16 30
rbtree: 16 22
rbtree: 16 24
rbtree: 16 24
rbtree: 18 28
rbtree: 16 22
rbtree: 16 26
rbtree: 16 24
rbtree: 20 26
rbtree: 18 24
rbtree: 16 24
rbtree: 16 26
rbtree: 18 28
rbtree: 22 24
rbtree: 16 26
rbtree: 16 24
rbtree: 16 26
rbtree: 18 24
rbtree: 14 26
rbtree: 16 24
rbtree: 20 28
rbtree: 16 22
rbtree: 14 26
rbtree: 16 24
rbtree: 16 24
rbtree: 18 24
rbtree: 14 26
rbtree: 16 26
rbtree: 18 28
rbtree: 22 22
rbtree: 16 26
rbtree: 16 24
rbtree: 16 28
rbtree: 18 24
rbtree: 16 26
rbtree: 36 24
rbtree: 16 28
rbtree: 16 24
rbtree: 16 24
rbtree: 16 24
rbtree: 18 28
rbtree: 16 24
rbtree: 16 26
rbtree: 16 26
rbtree: 16 26
rbtree: 24 22
rbtree: 16 26
rbtree: 16 24
rbtree: 16 28
rbtree: 18 24
rbtree: 16 26
rbtree: 16 22
rbtree: 16 28
rbtree: 16 22
rbtree: 16 26
rbtree: 16 24
rbtree: 18 28
rbtree: 18 24
rbtree: 16 26
rbtree: 16 24
rbtree: 20 26
rbtree: 24 22
rbtree: 16 26
rbtree: 16 22
rbtree: 16 30
rbtree: 18 24
rbtree: 16 26
rbtree: 18 24
rbtree: 18 28
rbtree: 18 22
rbtree: 16 26
rbtree: 16 26
rbtree: 16 28
rbtree: 16 22
rbtree: 16 26
rbtree: 16 26
rbtree: 18 30
rbtree: 22 24
rbtree: 16 26
rbtree: 16 24
rbtree: 16 28
rbtree: 16 24
rbtree: 16 26
rbtree: 18 24
rbtree: 16 28
rbtree: 18 24
rbtree: 16 26
rbtree: 16 26
rbtree: 16 30
rbtree: 16 24
rbtree: 16 24
rbtree: 16 24
rbtree: 20 28
rbtree: 18 24
rbtree: 16 26
rbtree: 14 24
rbtree: 14 28
rbtree: 24 22
rbtree: 16 26
rbtree: 16 24
rbtree: 16 28
rbtree: 18 22
rbtree: 16 26
rbtree: 16 24
rbtree: 24 30
rbtree: 18 24
rbtree: 18 26
rbtree: 14 24
rbtree: 20 26
rbtree: 18 22
rbtree: 16 26
rbtree: 14 26
rbtree: 18 28
rbtree: 22 24
rbtree: 14 26
rbtree: 14 26
rbtree: 18 28
rbtree: 18 22
rbtree: 14 24
rbtree: 14 24
rbtree: 20 30
rbtree: 16 22
rbtree: 16 26
rbtree: 16 26
rbtree: 18 28
rbtree: 16 22
rbtree: 14 26
rbtree: 16 24
rbtree: 20 26
rbtree: 22 22
rbtree: 16 26
rbtree: 14 22
rbtree: 16 30
rbtree: 20 24
rbtree: 16 26
rbtree: 16 24
rbtree: 18 26
rbtree: 16 22
rbtree: 16 24
rbtree: 16 22
rbtree: 16 28
rbtree: 18 24
rbtree: 16 26
rbtree: 16 24
rbtree: 20 28
rbtree: 22 24
rbtree: 14 24
rbtree: 16 24
rbtree: 16 28
rbtree: 20 24
rbtree: 16 24
rbtree: 16 26
rbtree: 18 26
rbtree: 16 24
rbtree: 16 24
rbtree: 16 24
rbtree: 18 26
rbtree: 18 24
rbtree: 16 26
rbtree: 16 26
rbtree: 20 28
rbtree: 22 24
rbtree: 16 26
rbtree: 16 26
rbtree: 18 30
rbtree: 16 22
rbtree: 16 26
rbtree: 16 22
rbtree: 20 28
rbtree: 18 22
rbtree: 16 26
rbtree: 18 24
rbtree: 18 28
rbtree: 18 24
rbtree: 16 26
rbtree: 16 26
rbtree: 18 28
rbtree: 22 22
rbtree: 16 26
rbtree: 16 24
rbtree: 16 26
rbtree: 18 24
rbtree: 16 26
rbtree: 18 24
rbtree: 18 28
rbtree: 18 22
rbtree: 16 26
rbtree: 16 24
rbtree: 18 28
rbtree: 20 22
rbtree: 14 26
rbtree: 14 24
rbtree: 18 28
rbtree: 16 24
rbtree: 16 26
rbtree: 14 26
rbtree: 16 26
rbtree: 22 22
rbtree: 16 26
rbtree: 16 26
rbtree: 18 26
rbtree: 18 22
rbtree: 16 26
rbtree: 16 26
rbtree: 18 30
rbtree: 18 22
rbtree: 16 26
rbtree: 16 26
rbtree: 16 30
rbtree: 16 24
rbtree: 18 26
rbtree: 18 22
rbtree: 16 30
rbtree: 16 22
rbtree: 14 26
rbtree: 14 24
rbtree: 16 30
rbtree: 22 24
rbtree: 16 26
rbtree: 18 24
rbtree: 16 28
rbtree: 16 22
rbtree: 16 26
rbtree: 20 24
rbtree: 16 28
rbtree: 18 22
rbtree: 14 26
rbtree: 14 24
rbtree: 16 26
rbtree: 16 22
rbtree: 16 26
rbtree: 14 24
rbtree: 18 28
rbtree: 18 24
rbtree: 16 26
rbtree: 14 26
rbtree: 16 28
rbtree: 22 22
rbtree: 16 26
rbtree: 18 24
rbtree: 18 26
rbtree: 18 24
rbtree: 14 26
rbtree: 16 24
rbtree: 20 26
rbtree: 16 24
rbtree: 16 26
rbtree: 18 24
rbtree: 18 28
rbtree: 16 22
rbtree: 14 26
rbtree: 16 24
rbtree: 18 28
rbtree: 16 22
rbtree: 16 24
rbtree: 16 24
rbtree: 14 26
rbtree: 22 22
rbtree: 14 26
rbtree: 16 24
rbtree: 18 30
rbtree: 16 22
rbtree: 16 26
rbtree: 16 24
rbtree: 16 30
rbtree: 16 22
rbtree: 16 26
rbtree: 16 26
rbtree: 18 24
rbtree: 18 22
rbtree: 14 26
rbtree: 16 22
rbtree: 20 30
rbtree: 18 22
rbtree: 16 26
rbtree: 16 24
rbtree: 16 30
rbtree: 22 24
rbtree: 16 26
rbtree: 16 22
rbtree: 16 28
rbtree: 16 24
rbtree: 16 26
rbtree: 16 24
rbtree: 20 28
rbtree: 16 22
rbtree: 14 28
rbtree: 16 24
rbtree: 16 28
rbtree: 18 24
rbtree: 14 24
rbtree: 16 24
rbtree: 18 30
rbtree: 22 22
rbtree: 16 26
rbtree: 16 24
rbtree: 18 28
rbtree: 16 22
rbtree: 16 26
rbtree: 16 24
rbtree: 18 28
rbtree: 18 22
rbtree: 14 26
rbtree: 14 24
rbtree: 18 28
rbtree: 18 22
rbtree: 16 26
rbtree: 14 22
rbtree: 18 26
rbtree: 20 24
rbtree: 16 24
rbtree: 18 24
rbtree: 18 26
rbtree: 18 22
rbtree: 16 28
rbtree: 16 24
rbtree: 16 28
rbtree: 18 22
rbtree: 14 26
rbtree: 16 24
rbtree: 16 30
rbtree: 18 22
rbtree: 16 26
rbtree: 14 24
rbtree: 16 28
rbtree: 22 24
rbtree: 16 26
rbtree: 16 22
rbtree: 16 28
rbtree: 18 22
rbtree: 16 24
rbtree: 16 22
rbtree: 18 30
rbtree: 18 22
rbtree: 16 24
rbtree: 18 24
rbtree: 20 28
rbtree: 16 22
rbtree: 14 28
rbtree: 16 26
rbtree: 16 28
rbtree: 16 20
rbtree: 16 26
rbtree: 16 24
rbtree: 14 28
rbtree: 22 24
rbtree: 14 24
rbtree: 16 24
rbtree: 18 26
rbtree: 18 24
rbtree: 16 26
rbtree: 14 24
rbtree: 18 26
rbtree: 16 22
rbtree: 16 26
rbtree: 20 22
rbtree: 16 28
rbtree: 16 22
rbtree: 14 24
rbtree: 14 24
rbtree: 16 28
rbtree: 16 22
rbtree: 16 26
rbtree: 16 24
rbtree: 16 28
rbtree: 24 22
rbtree: 14 26
rbtree: 36 22
rbtree: 16 28
rbtree: 16 22
rbtree: 16 26
rbtree: 16 24
rbtree: 16 26
rbtree: 16 22
rbtree: 16 26
rbtree: 18 24
rbtree: 16 28
rbtree: 16 24
rbtree: 16 26
rbtree: 16 24
rbtree: 18 28
rbtree: 16 22
rbtree: 16 26
rbtree: 16 24
rbtree: 16 30
rbtree: 22 22
rbtree: 16 28
rbtree: 14 26
rbtree: 16 28
rbtree: 16 24
rbtree: 14 26
rbtree: 14 24
rbtree: 16 28
rbtree: 18 24
rbtree: 16 26
rbtree: 18 24
rbtree: 16 26
rbtree: 18 24
rbtree: 14 26
rbtree: 18 22
rbtree: 16 28
rbtree: 16 24
rbtree: 16 24
rbtree: 16 24
