rbtree: 154 266
rbtree: 62 98
rbtree: 138 100
rbtree: 32 142
rbtree: 64 126
rbtree: 82 142
rbtree: 24 74
rbtree: 122 134
rbtree: 22 128
rbtree: 54 98
rbtree: 32 76
rbtree: 100 152
rbtree: 36 78
rbtree: 40 46
rbtree: 26 36
rbtree: 140 146
rbtree: 16 78
rbtree: 76 102
rbtree: 24 90
rbtree: 32 100
rbtree: 24 80
rbtree: 124 86
rbtree: 34 36
rbtree: 40 142
rbtree: 32 128
rbtree: 50 106
rbtree: 24 98
rbtree: 62 100
rbtree: 22 92
rbtree: 58 102
rbtree: 22 84
rbtree: 90 106
rbtree: 30 84
rbtree: 110 92
rbtree: 44 84
rbtree: 22 110
rbtree: 116 88
rbtree: 30 106
rbtree: 166 40
rbtree: 32 180
rbtree: 34 40
rbtree: 60 106
rbtree: 82 38
rbtree: 24 114
rbtree: 106 92
rbtree: 50 110
rbtree: 32 84
rbtree: 52 116
rbtree: 34 80
rbtree: 110 104
rbtree: 24 38
rbtree: 64 98
rbtree: 26 86
rbtree: 34 90
rbtree: 16 40
rbtree: 38 188
rbtree: 20 80
rbtree: 74 86
rbtree: 112 78
rbtree: 16 110
rbtree: 58 80
rbtree: 48 88
rbtree: 22 36
rbtree: 60 110
rbtree: 22 38
rbtree: 80 100
rbtree: 16 76
rbtree: 54 108
rbtree: 14 76
rbtree: 42 86
rbtree: 22 38
rbtree: 50 104
rbtree: 22 84
rbtree: 34 48
rbtree: 20 40
rbtree: 110 94
rbtree: 26 78
rbtree: 46 86
rbtree: 30 76
rbtree: 24 66
rbtree: 90 82
rbtree: 22 100
rbtree: 86 38
rbtree: 16 58
rbtree: 50 36
rbtree: 14 84
rbtree: 58 38
rbtree: 86 180
rbtree: 28 98
rbtree: 88 106
rbtree: 66 106
rbtree: 24 112
rbtree: 66 90
rbtree: 32 90
rbtree: 34 82
rbtree: 22 144
rbtree: 50 86
rbtree: 96 92
rbtree: 24 84
rbtree: 38 96
rbtree: 88 80
rbtree: 24 88
rbtree: 48 80
rbtree: 30 132
rbtree: 36 82
rbtree: 28 92
rbtree: 70 88
rbtree: 26 116
rbtree: 70 84
rbtree: 24 108
rbtree: 56 40
rbtree: 36 156
rbtree: 54 40
rbtree: 30 104
rbtree: 24 56
rbtree: 122 126
rbtree: 78 40
rbtree: 22 106
rbtree: 52 40
rbtree: 30 170
rbtree: 70 42
rbtree: 22 48
rbtree: 74 38
rbtree: 34 120
rbtree: 32 134
rbtree: 40 86
rbtree: 28 44
rbtree: 54 130
rbtree: 26 42
rbtree: 50 84
rbtree: 24 38
rbtree: 60 130
rbtree: 24 40
rbtree: 84 82
rbtree: 24 40
rbtree: 54 154
rbtree: 24 42
rbtree: 102 82
rbtree: 74 42
rbtree: 34 100
rbtree: 76 38
rbtree: 30 86
rbtree: 28 40
rbtree: 46 110
rbtree: 30 42
rbtree: 68 84
rbtree: 30 40
rbtree: 42 128
rbtree: 64 42
rbtree: 22 48
rbtree: 38 38
rbtree: 24 196
rbtree: 64 104
rbtree: 44 122
rbtree: 28 128
rbtree: 42 116
rbtree: 70 48
rbtree: 30 86
rbtree: 28 62
rbtree: 74 162
rbtree: 28 84
rbtree: 40 86
rbtree: 34 46
rbtree: 100 118
rbtree: 40 86
rbtree: 52 94
rbtree: 20 86
rbtree: 50 134
rbtree: 20 84
rbtree: 70 52
rbtree: 26 46
rbtree: 56 100
rbtree: 184 82
rbtree: 26 82
rbtree: 20 80
rbtree: 26 104
rbtree: 32 42
rbtree: 26 50
rbtree: 50 42
rbtree: 62 128
rbtree: 30 40
rbtree: 70 84
rbtree: 16 38
rbtree: 24 154
rbtree: 44 42
rbtree: 42 82
rbtree: 24 38
rbtree: 54 116
rbtree: 24 40
rbtree: 48 82
rbtree: 22 40
rbtree: 66 112
rbtree: 24 40
rbtree: 40 84
rbtree: 24 40
rbtree: 18 116
rbtree: 28 42
rbtree: 66 104
rbtree: 26 40
rbtree: 62 136
rbtree: 46 42
rbtree: 24 90
rbtree: 84 42
rbtree: 18 98
rbtree: 68 42
rbtree: 24 90
rbtree: 14 42
rbtree: 48 92
rbtree: 24 40
rbtree: 40 92
rbtree: 22 42
rbtree: 48 114
rbtree: 24 40
rbtree: 66 102
rbtree: 24 106
rbtree: 26 174
rbtree: 80 82
rbtree: 30 122
rbtree: 20 78
rbtree: 52 108
rbtree: 20 84
rbtree: 36 92
rbtree: 18 46
rbtree: 90 142
rbtree: 20 44
rbtree: 54 92
rbtree: 30 84
rbtree: 20 66
rbtree: 50 82
rbtree: 108 94
rbtree: 24 86
rbtree: 54 142
rbtree: 18 84
rbtree: 32 98
rbtree: 38 86
rbtree: 30 100
rbtree: 78 82
rbtree: 28 94
rbtree: 52 88
rbtree: 18 108
rbtree: 30 88
rbtree: 54 94
rbtree: 34 84
rbtree: 70 96
rbtree: 26 86
rbtree: 60 92
rbtree: 94 88
rbtree: 26 172
rbtree: 62 84
rbtree: 26 96
rbtree: 52 84
rbtree: 24 92
rbtree: 72 88
rbtree: 36 94
rbtree: 50 84
rbtree: 60 106
rbtree: 24 84
rbtree: 58 92
rbtree: 38 86
rbtree: 24 120
rbtree: 44 84
rbtree: 30 52
rbtree: 46 82
rbtree: 16 148
rbtree: 24 48
rbtree: 44 54
rbtree: 64 84
rbtree: 16 68
rbtree: 76 90
rbtree: 32 94
rbtree: 74 84
rbtree: 14 132
rbtree: 46 86
rbtree: 32 90
rbtree: 44 84
rbtree: 34 100
rbtree: 68 46
rbtree: 32 58
rbtree: 38 44
rbtree: 32 212
rbtree: 32 88
rbtree: 20 52
rbtree: 52 88
rbtree: 32 96
rbtree: 68 86
rbtree: 26 52
rbtree: 70 90
rbtree: 26 124
rbtree: 28 90
rbtree: 22 54
rbtree: 84 46
rbtree: 38 102
rbtree: 22 100
rbtree: 44 94
rbtree: 32 84
rbtree: 64 124
rbtree: 108 46
rbtree: 24 108
rbtree: 50 42
rbtree: 24 130
rbtree: 48 46
rbtree: 42 106
rbtree: 30 44
rbtree: 44 100
rbtree: 30 44
rbtree: 52 104
rbtree: 66 84
rbtree: 30 106
rbtree: 76 86
rbtree: 28 96
rbtree: 44 46
rbtree: 28 170
rbtree: 58 46
rbtree: 72 108
rbtree: 50 48
rbtree: 36 130
rbtree: 30 46
rbtree: 32 134
rbtree: 60 44
rbtree: 28 96
rbtree: 30 46
rbtree: 54 52
rbtree: 38 46
rbtree: 102 118
rbtree: 30 86
rbtree: 68 56
rbtree: 24 84
rbtree: 42 112
rbtree: 24 46
rbtree: 50 54
rbtree: 26 40
rbtree: 62 102
rbtree: 30 92
rbtree: 32 50
rbtree: 50 86
rbtree: 32 126
rbtree: 78 84
rbtree: 34 52
rbtree: 40 84
rbtree: 26 100
rbtree: 24 90
rbtree: 50 94
rbtree: 18 42
rbtree: 72 230
rbtree: 22 94
rbtree: 22 106
rbtree: 48 86
rbtree: 16 154
rbtree: 66 86
rbtree: 26 114
rbtree: 60 48
rbtree: 68 138
rbtree: 28 50
rbtree: 58 96
rbtree: 28 86
rbtree: 52 134
rbtree: 28 46
rbtree: 112 90
rbtree: 22 46
rbtree: 62 140
rbtree: 14 90
rbtree: 32 88
rbtree: 24 86
rbtree: 68 130
rbtree: 14 86
rbtree: 44 56
rbtree: 22 88
rbtree: 50 116
rbtree: 24 88
rbtree: 46 88
rbtree: 32 86
rbtree: 22 132
rbtree: 38 46
rbtree: 36 58
rbtree: 50 46
rbtree: 42 154
rbtree: 76 48
rbtree: 24 88
rbtree: 30 46
rbtree: 24 104
rbtree: 62 48
rbtree: 40 96
rbtree: 80 46
rbtree: 18 116
rbtree: 32 48
rbtree: 62 88
rbtree: 24 46
rbtree: 24 152
rbtree: 60 90
rbtree: 28 94
rbtree: 22 86
rbtree: 56 126
rbtree: 72 90
rbtree: 30 94
rbtree: 40 48
rbtree: 24 114
rbtree: 68 90
rbtree: 36 110
rbtree: 24 44
rbtree: 74 102
rbtree: 24 90
rbtree: 66 108
rbtree: 36 88
rbtree: 24 116
rbtree: 80 48
rbtree: 36 58
rbtree: 32 46
rbtree: 24 196
rbtree: 68 46
rbtree: 30 88
rbtree: 24 50
rbtree: 38 130
rbtree: 24 48
rbtree: 204 108
rbtree: 24 80
rbtree: 52 120
rbtree: 22 40
rbtree: 34 86
rbtree: 22 44
rbtree: 60 62
rbtree: 24 90
rbtree: 64 86
rbtree: 16 42
rbtree: 26 140
rbtree: 58 80
rbtree: 22 90
rbtree: 38 82
rbtree: 24 114
rbtree: 50 84
rbtree: 44 90
rbtree: 30 42
rbtree: 62 104
rbtree: 30 44
rbtree: 16 88
rbtree: 68 80
rbtree: 30 98
rbtree: 60 44
rbtree: 26 92
rbtree: 50 84
rbtree: 62 152
rbtree: 24 82
rbtree: 68 92
rbtree: 24 82
rbtree: 30 98
rbtree: 24 80
rbtree: 52 90
rbtree: 22 82
rbtree: 50 118
rbtree: 24 80
rbtree: 54 90
rbtree: 30 40
rbtree: 38 98
rbtree: 30 82
rbtree: 52 90
rbtree: 30 42
rbtree: 56 138
rbtree: 24 80
rbtree: 22 52
rbtree: 48 82
rbtree: 30 96
rbtree: 50 42
rbtree: 14 52
rbtree: 62 84
rbtree: 56 106
rbtree: 16 44
rbtree: 50 92
rbtree: 24 44
rbtree: 44 120
rbtree: 84 86
rbtree: 34 54
rbtree: 54 82
rbtree: 22 192
rbtree: 36 84
rbtree: 22 110
rbtree: 24 82
rbtree: 40 132
rbtree: 14 84
rbtree: 60 104
rbtree: 30 46
rbtree: 80 116
rbtree: 18 46
rbtree: 16 58
rbtree: 22 50
rbtree: 20 106
rbtree: 66 48
rbtree: 24 96
rbtree: 32 50
rbtree: 22 130
rbtree: 48 46
rbtree: 34 92
rbtree: 28 48
rbtree: 48 130
rbtree: 48 48
rbtree: 36 96
rbtree: 40 46
rbtree: 22 102
rbtree: 42 44
rbtree: 34 56
rbtree: 56 44
rbtree: 70 132
rbtree: 32 46
rbtree: 62 92
rbtree: 18 48
rbtree: 16 152
rbtree: 32 46
rbtree: 36 100
rbtree: 98 46
rbtree: 34 118
rbtree: 54 46
rbtree: 40 90
rbtree: 44 46
rbtree: 32 128
rbtree: 78 44
rbtree: 24 96
rbtree: 52 44
rbtree: 34 118
rbtree: 24 48
rbtree: 28 94
rbtree: 46 48
rbtree: 34 130
rbtree: 54 48
rbtree: 26 94
rbtree: 54 42
rbtree: 34 116
rbtree: 28 52
rbtree: 26 94
rbtree: 42 46
rbtree: 28 124
rbtree: 42 44
rbtree: 26 92
rbtree: 68 44
rbtree: 28 124
rbtree: 24 62
rbtree: 30 92
rbtree: 44 44
rbtree: 30 178
rbtree: 42 44
rbtree: 34 96
rbtree: 106 46
rbtree: 32 116
rbtree: 24 48
rbtree: 28 92
rbtree: 44 46
rbtree: 26 124
rbtree: 24 50
rbtree: 28 96
rbtree: 68 46
rbtree: 32 120
rbtree: 22 48
rbtree: 24 96
rbtree: 44 44
rbtree: 26 130
rbtree: 40 48
rbtree: 26 94
rbtree: 92 44
rbtree: 32 116
rbtree: 22 50
rbtree: 26 98
rbtree: 44 44
rbtree: 30 128
rbtree: 24 48
rbtree: 24 96
rbtree: 68 48
rbtree: 30 116
rbtree: 24 48
rbtree: 28 94
rbtree: 44 44
rbtree: 24 156
rbtree: 54 46
rbtree: 28 98
rbtree: 118 48
rbtree: 26 116
rbtree: 24 50
rbtree: 26 56
rbtree: 44 46
rbtree: 26 124
rbtree: 22 46
rbtree: 26 94
rbtree: 70 44
rbtree: 30 114
rbtree: 24 50
rbtree: 24 94
rbtree: 42 48
rbtree: 28 132
rbtree: 24 48
rbtree: 26 60
rbtree: 92 44
rbtree: 34 122
rbtree: 24 46
rbtree: 26 96
rbtree: 44 42
rbtree: 30 126
rbtree: 24 46
rbtree: 24 96
rbtree: 48 44
rbtree: 28 102
rbtree: 22 48
rbtree: 26 96
rbtree: 24 48
rbtree: 28 210
rbtree: 36 102
rbtree: 28 88
rbtree: 78 46
rbtree: 34 116
rbtree: 24 50
rbtree: 28 94
rbtree: 24 48
rbtree: 28 128
rbtree: 24 46
rbtree: 28 94
rbtree: 66 46
rbtree: 26 116
rbtree: 24 50
rbtree: 26 96
rbtree: 42 46
rbtree: 26 132
rbtree: 26 50
rbtree: 28 94
rbtree: 72 44
rbtree: 24 120
rbtree: 26 48
rbtree: 28 98
rbtree: 44 44
rbtree: 32 138
rbtree: 24 50
rbtree: 28 98
rbtree: 50 46
rbtree: 28 102
rbtree: 24 48
rbtree: 28 94
rbtree: 22 48
rbtree: 24 158
rbtree: 40 44
rbtree: 22 98
rbtree: 120 44
rbtree: 28 116
rbtree: 22 48
rbtree: 28 54
rbtree: 42 44
rbtree: 28 144
rbtree: 26 48
rbtree: 28 100
rbtree: 64 44
rbtree: 26 100
rbtree: 24 48
rbtree: 30 92
rbtree: 44 48
rbtree: 28 136
rbtree: 22 48
rbtree: 24 58
rbtree: 78 46
rbtree: 28 116
rbtree: 22 48
rbtree: 28 92
rbtree: 42 46
rbtree: 30 150
rbtree: 24 48
rbtree: 22 96
rbtree: 64 46
rbtree: 28 104
rbtree: 24 48
rbtree: 28 94
rbtree: 46 46
rbtree: 24 170
rbtree: 26 48
rbtree: 32 56
rbtree: 122 46
rbtree: 28 120
rbtree: 24 48
rbtree: 28 58
rbtree: 44 46
rbtree: 24 150
rbtree: 24 48
rbtree: 28 56
rbtree: 50 46
rbtree: 28 126
rbtree: 24 50
rbtree: 24 102
rbtree: 48 46
rbtree: 30 138
rbtree: 26 46
rbtree: 22 98
rbtree: 78 48
rbtree: 42 122
rbtree: 22 48
rbtree: 38 96
rbtree: 46 44
rbtree: 40 136
rbtree: 22 48
rbtree: 36 106
rbtree: 48 46
rbtree: 42 120
rbtree: 24 48
rbtree: 38 98
rbtree: 40 46
rbtree: 40 164
rbtree: 26 48
rbtree: 40 92
rbtree: 72 46
rbtree: 40 118
rbtree: 24 48
rbtree: 40 94
rbtree: 44 46
rbtree: 40 142
rbtree: 24 48
rbtree: 38 96
rbtree: 50 46
rbtree: 42 104
rbtree: 24 48
rbtree: 40 96
rbtree: 22 48
rbtree: 38 134
rbtree: 24 48
rbtree: 24 94
rbtree: 68 44
rbtree: 30 120
rbtree: 24 48
rbtree: 28 94
rbtree: 44 44
rbtree: 32 140
rbtree: 22 48
rbtree: 26 96
rbtree: 62 46
rbtree: 32 118
rbtree: 22 50
rbtree: 26 56
rbtree: 42 44
rbtree: 30 182
rbtree: 26 50
rbtree: 26 108
rbtree: 72 46
rbtree: 28 102
rbtree: 22 48
rbtree: 28 96
rbtree: 22 50
rbtree: 28 126
rbtree: 24 48
rbtree: 28 94
rbtree: 44 46
rbtree: 26 102
rbtree: 24 46
rbtree: 26 96
rbtree: 26 46
rbtree: 28 142
rbtree: 22 44
rbtree: 28 96
rbtree: 72 48
rbtree: 28 116
rbtree: 24 46
rbtree: 28 56
rbtree: 46 48
rbtree: 26 124
rbtree: 26 46
rbtree: 30 54
rbtree: 50 44
rbtree: 28 118
rbtree: 26 46
rbtree: 28 96
rbtree: 42 44
rbtree: 28 162
rbtree: 24 42
rbtree: 28 100
rbtree: 94 46
rbtree: 30 120
rbtree: 24 56
rbtree: 30 58
rbtree: 46 46
rbtree: 26 124
rbtree: 30 48
rbtree: 28 56
rbtree: 46 44
rbtree: 28 120
rbtree: 24 46
rbtree: 30 56
rbtree: 48 46
rbtree: 30 132
rbtree: 24 46
rbtree: 32 56
rbtree: 68 46
rbtree: 34 118
rbtree: 24 46
rbtree: 32 58
rbtree: 46 46
rbtree: 32 126
rbtree: 24 46
rbtree: 30 96
rbtree: 50 46
rbtree: 28 116
rbtree: 24 46
rbtree: 30 94
rbtree: 42 44
rbtree: 28 174
rbtree: 26 46
rbtree: 30 100
rbtree: 116 44
rbtree: 32 120
rbtree: 24 46
rbtree: 32 96
rbtree: 42 46
rbtree: 30 126
rbtree: 24 48
rbtree: 34 94
rbtree: 48 46
rbtree: 30 116
rbtree: 26 44
rbtree: 30 94
rbtree: 44 46
rbtree: 34 136
rbtree: 24 46
rbtree: 28 100
rbtree: 74 46
rbtree: 26 118
rbtree: 24 44
rbtree: 30 56
rbtree: 44 44
rbtree: 24 126
rbtree: 26 44
rbtree: 28 56
rbtree: 48 44
rbtree: 28 118
rbtree: 24 46
rbtree: 28 94
rbtree: 44 46
rbtree: 28 154
rbtree: 26 44
rbtree: 26 98
rbtree: 94 46
rbtree: 26 102
rbtree: 24 44
rbtree: 28 94
rbtree: 26 46
rbtree: 28 130
rbtree: 24 46
rbtree: 30 94
rbtree: 42 46
rbtree: 28 102
rbtree: 26 46
rbtree: 30 96
rbtree: 48 46
rbtree: 32 132
rbtree: 24 46
rbtree: 34 98
rbtree: 90 46
rbtree: 34 114
rbtree: 24 44
rbtree: 30 56
rbtree: 46 44
rbtree: 28 144
rbtree: 26 46
rbtree: 30 98
rbtree: 44 48
rbtree: 30 116
rbtree: 24 46
rbtree: 36 96
rbtree: 44 46
rbtree: 34 180
rbtree: 26 92
rbtree: 26 60
rbtree: 46 46
rbtree: 38 104
rbtree: 24 46
rbtree: 34 96
rbtree: 24 46
rbtree: 32 128
rbtree: 24 48
rbtree: 30 96
rbtree: 50 44
rbtree: 30 100
rbtree: 24 46
rbtree: 30 94
rbtree: 30 48
rbtree: 30 136
rbtree: 26 46
rbtree: 26 98
rbtree: 72 48
rbtree: 34 116
rbtree: 24 48
rbtree: 32 56
rbtree: 48 44
rbtree: 34 140
rbtree: 26 44
rbtree: 32 96
rbtree: 52 46
rbtree: 34 122
rbtree: 26 48
rbtree: 32 94
rbtree: 44 44
rbtree: 34 154
rbtree: 24 46
rbtree: 34 100
rbtree: 90 44
rbtree: 34 102
rbtree: 26 46
rbtree: 28 96
rbtree: 44 44
rbtree: 32 128
rbtree: 26 44
rbtree: 32 98
rbtree: 50 48
rbtree: 34 102
rbtree: 26 48
rbtree: 34 94
rbtree: 44 42
rbtree: 32 136
rbtree: 26 48
rbtree: 28 100
rbtree: 70 44
rbtree: 26 102
rbtree: 24 46
rbtree: 28 54
rbtree: 46 48
rbtree: 30 140
rbtree: 26 46
rbtree: 28 98
rbtree: 46 46
rbtree: 30 118
rbtree: 24 46
rbtree: 28 96
rbtree: 44 44
rbtree: 28 180
rbtree: 24 46
rbtree: 28 96
rbtree: 96 46
rbtree: 24 118
rbtree: 24 48
rbtree: 28 94
rbtree: 44 46
rbtree: 30 128
rbtree: 26 44
rbtree: 28 96
rbtree: 24 48
rbtree: 28 120
rbtree: 26 48
rbtree: 28 92
rbtree: 44 44
rbtree: 28 150
rbtree: 24 46
rbtree: 28 94
rbtree: 52 44
rbtree: 26 114
rbtree: 24 48
rbtree: 30 92
rbtree: 44 42
rbtree: 26 126
rbtree: 24 46
rbtree: 30 94
rbtree: 48 46
rbtree: 34 118
rbtree: 24 44
rbtree: 30 96
rbtree: 44 46
rbtree: 30 154
rbtree: 26 44
rbtree: 26 94
rbtree: 90 44
rbtree: 26 100
rbtree: 30 42
rbtree: 26 96
rbtree: 42 48
rbtree: 26 128
rbtree: 26 44
rbtree: 28 98
rbtree: 50 48
rbtree: 28 122
rbtree: 24 48
rbtree: 30 56
rbtree: 46 46
rbtree: 32 146
rbtree: 24 48
rbtree: 28 94
rbtree: 48 44
rbtree: 28 120
rbtree: 24 46
rbtree: 26 96
rbtree: 42 46
rbtree: 30 128
rbtree: 24 44
rbtree: 32 94
rbtree: 50 46
rbtree: 28 116
rbtree: 24 48
rbtree: 26 94
rbtree: 42 46
rbtree: 28 188
rbtree: 26 50
rbtree: 30 62
rbtree: 42 44
rbtree: 30 102
rbtree: 26 44
rbtree: 26 100
rbtree: 42 44
rbtree: 24 128
rbtree: 24 46
rbtree: 30 100
rbtree: 50 46
rbtree: 30 108
rbtree: 24 44
rbtree: 26 94
rbtree: 24 46
rbtree: 30 138
