rbtree: 254 154
rbtree: 126 254
rbtree: 84 138
rbtree: 32 122
rbtree: 72 88
rbtree: 28 104
rbtree: 144 66
rbtree: 26 98
rbtree: 36 68
rbtree: 120 96
rbtree: 26 78
rbtree: 68 120
rbtree: 24 70
rbtree: 44 96
rbtree: 78 70
rbtree: 24 90
rbtree: 150 70
rbtree: 24 116
rbtree: 118 30
rbtree: 46 92
rbtree: 28 28
rbtree: 160 96
rbtree: 24 78
rbtree: 68 88
rbtree: 24 72
rbtree: 46 116
rbtree: 16 62
rbtree: 48 84
rbtree: 22 28
rbtree: 82 112
rbtree: 24 72
rbtree: 68 88
rbtree: 18 68
rbtree: 14 122
rbtree: 74 28
rbtree: 24 74
rbtree: 44 30
rbtree: 20 106
rbtree: 42 30
rbtree: 18 76
rbtree: 66 28
rbtree: 30 124
rbtree: 16 70
rbtree: 82 70
rbtree: 26 70
rbtree: 50 104
rbtree: 26 68
rbtree: 44 72
rbtree: 24 32
rbtree: 70 156
rbtree: 28 30
rbtree: 36 92
rbtree: 24 30
rbtree: 16 84
rbtree: 16 32
rbtree: 54 90
rbtree: 136 32
rbtree: 26 176
rbtree: 68 32
rbtree: 32 80
rbtree: 28 30
rbtree: 72 116
rbtree: 22 32
rbtree: 38 90
rbtree: 16 32
rbtree: 16 104
rbtree: 62 28
rbtree: 50 92
rbtree: 28 30
rbtree: 106 102
rbtree: 16 32
rbtree: 48 96
rbtree: 32 28
rbtree: 32 146
rbtree: 26 70
rbtree: 34 92
rbtree: 20 68
rbtree: 50 96
rbtree: 26 70
rbtree: 46 100
rbtree: 62 70
rbtree: 28 84
rbtree: 74 34
rbtree: 20 80
rbtree: 50 30
rbtree: 26 86
rbtree: 96 30
rbtree: 26 78
rbtree: 112 30
rbtree: 16 118
rbtree: 26 90
rbtree: 76 100
rbtree: 26 76
rbtree: 52 94
rbtree: 18 74
rbtree: 28 94
rbtree: 96 68
rbtree: 16 128
rbtree: 66 68
rbtree: 14 78
rbtree: 40 30
rbtree: 20 106
rbtree: 76 32
rbtree: 18 78
rbtree: 66 30
rbtree: 20 128
rbtree: 50 104
rbtree: 16 76
rbtree: 56 34
rbtree: 20 90
rbtree: 38 70
rbtree: 28 82
rbtree: 70 28
rbtree: 20 94
rbtree: 20 68
rbtree: 22 80
rbtree: 42 30
rbtree: 20 88
rbtree: 40 32
rbtree: 20 78
rbtree: 46 70
rbtree: 22 116
rbtree: 22 34
rbtree: 20 46
rbtree: 40 70
rbtree: 28 88
rbtree: 36 34
rbtree: 22 84
rbtree: 72 30
rbtree: 18 92
rbtree: 20 30
rbtree: 18 80
rbtree: 42 32
rbtree: 18 84
rbtree: 20 28
rbtree: 18 80
rbtree: 44 30
rbtree: 18 94
rbtree: 22 34
rbtree: 20 42
rbtree: 38 34
rbtree: 24 90
rbtree: 22 76
rbtree: 22 82
rbtree: 56 34
rbtree: 20 92
rbtree: 18 32
rbtree: 20 78
rbtree: 40 30
rbtree: 18 86
rbtree: 16 34
rbtree: 20 78
rbtree: 46 30
rbtree: 20 96
rbtree: 24 36
rbtree: 18 40
rbtree: 40 32
rbtree: 22 86
rbtree: 22 74
rbtree: 24 80
rbtree: 28 32
rbtree: 20 92
rbtree: 22 30
rbtree: 20 80
rbtree: 42 32
rbtree: 18 84
rbtree: 20 34
rbtree: 20 76
rbtree: 24 32
rbtree: 22 54
rbtree: 34 34
rbtree: 20 82
rbtree: 40 76
rbtree: 28 88
rbtree: 24 32
rbtree: 20 84
rbtree: 50 32
rbtree: 18 90
rbtree: 20 30
rbtree: 18 80
rbtree: 42 32
rbtree: 18 86
rbtree: 20 30
rbtree: 20 82
rbtree: 24 28
rbtree: 20 52
rbtree: 20 34
rbtree: 24 42
rbtree: 40 32
rbtree: 24 88
rbtree: 22 32
rbtree: 20 82
rbtree: 28 32
rbtree: 20 92
rbtree: 22 32
rbtree: 20 76
rbtree: 40 30
rbtree: 18 88
rbtree: 20 32
rbtree: 18 80
rbtree: 24 28
rbtree: 20 52
rbtree: 20 36
rbtree: 20 42
rbtree: 38 36
rbtree: 20 90
rbtree: 24 32
rbtree: 20 82
rbtree: 28 32
rbtree: 18 90
rbtree: 22 30
rbtree: 20 80
rbtree: 42 32
rbtree: 24 84
rbtree: 20 30
rbtree: 18 80
rbtree: 26 32
rbtree: 22 90
rbtree: 24 32
rbtree: 20 44
rbtree: 40 36
rbtree: 20 86
rbtree: 24 36
rbtree: 18 82
rbtree: 28 28
rbtree: 18 94
rbtree: 22 36
rbtree: 20 78
rbtree: 40 32
rbtree: 20 100
rbtree: 22 30
rbtree: 20 78
rbtree: 26 30
rbtree: 20 90
rbtree: 22 32
rbtree: 24 44
rbtree: 38 34
rbtree: 24 86
rbtree: 24 32
rbtree: 20 84
rbtree: 30 32
rbtree: 18 96
rbtree: 22 34
rbtree: 20 76
rbtree: 42 30
rbtree: 18 84
rbtree: 20 30
rbtree: 20 78
rbtree: 26 28
rbtree: 18 52
rbtree: 20 36
rbtree: 20 44
rbtree: 38 34
rbtree: 22 94
rbtree: 22 34
rbtree: 20 80
rbtree: 30 34
rbtree: 20 92
rbtree: 22 30
rbtree: 18 80
rbtree: 42 32
rbtree: 20 86
rbtree: 20 30
rbtree: 20 78
rbtree: 24 30
rbtree: 18 94
rbtree: 24 34
rbtree: 22 42
rbtree: 40 32
rbtree: 20 90
rbtree: 24 34
rbtree: 20 42
rbtree: 30 30
rbtree: 20 92
rbtree: 22 32
rbtree: 18 78
rbtree: 42 30
rbtree: 18 86
rbtree: 22 28
rbtree: 20 78
rbtree: 24 28
rbtree: 18 98
rbtree: 24 32
rbtree: 22 42
rbtree: 40 32
rbtree: 24 90
rbtree: 24 36
rbtree: 24 46
rbtree: 26 30
rbtree: 18 92
rbtree: 22 36
rbtree: 20 80
rbtree: 40 32
rbtree: 20 84
rbtree: 20 30
rbtree: 20 78
rbtree: 24 32
rbtree: 20 94
rbtree: 24 36
rbtree: 22 42
rbtree: 40 34
rbtree: 20 86
rbtree: 24 34
rbtree: 22 82
rbtree: 28 32
rbtree: 20 92
rbtree: 22 30
rbtree: 18 78
rbtree: 42 32
rbtree: 20 88
rbtree: 22 34
rbtree: 20 78
rbtree: 24 32
rbtree: 18 98
rbtree: 24 32
rbtree: 22 42
rbtree: 40 34
rbtree: 20 90
rbtree: 24 32
rbtree: 24 82
rbtree: 30 30
rbtree: 18 90
rbtree: 20 30
rbtree: 20 78
rbtree: 40 32
rbtree: 20 86
rbtree: 20 32
rbtree: 18 78
rbtree: 26 32
rbtree: 20 96
rbtree: 22 32
rbtree: 22 42
rbtree: 38 34
rbtree: 22 90
rbtree: 24 32
rbtree: 24 84
rbtree: 30 32
rbtree: 18 92
rbtree: 20 32
rbtree: 18 80
rbtree: 40 32
rbtree: 20 86
rbtree: 22 30
rbtree: 20 78
rbtree: 24 32
rbtree: 18 100
rbtree: 24 36
rbtree: 20 40
rbtree: 40 34
rbtree: 24 88
rbtree: 24 34
rbtree: 22 82
rbtree: 30 34
rbtree: 20 92
rbtree: 22 30
rbtree: 18 74
rbtree: 40 32
rbtree: 18 86
rbtree: 22 32
rbtree: 20 78
rbtree: 24 30
rbtree: 20 98
rbtree: 24 32
rbtree: 22 42
rbtree: 40 32
rbtree: 24 90
rbtree: 24 34
rbtree: 20 82
rbtree: 28 28
rbtree: 20 94
rbtree: 22 30
rbtree: 20 80
rbtree: 42 32
rbtree: 20 88
rbtree: 20 32
rbtree: 20 80
rbtree: 26 32
rbtree: 18 96
rbtree: 24 36
rbtree: 20 44
rbtree: 40 34
rbtree: 18 90
rbtree: 24 34
rbtree: 20 82
rbtree: 30 32
rbtree: 20 92
rbtree: 22 32
rbtree: 20 80
rbtree: 42 32
rbtree: 20 84
rbtree: 20 32
rbtree: 18 78
rbtree: 24 28
rbtree: 20 94
rbtree: 24 34
rbtree: 22 44
rbtree: 40 32
rbtree: 22 90
rbtree: 24 34
rbtree: 20 42
rbtree: 28 32
rbtree: 20 92
rbtree: 20 30
rbtree: 20 76
rbtree: 42 30
rbtree: 20 86
rbtree: 20 30
rbtree: 18 78
rbtree: 24 32
rbtree: 20 94
rbtree: 22 36
rbtree: 20 40
rbtree: 40 32
rbtree: 20 84
rbtree: 22 36
rbtree: 22 84
rbtree: 28 30
rbtree: 18 92
rbtree: 20 34
rbtree: 20 78
rbtree: 42 32
rbtree: 18 86
rbtree: 22 32
rbtree: 18 78
rbtree: 22 32
rbtree: 18 94
rbtree: 22 34
rbtree: 20 42
rbtree: 40 34
rbtree: 24 88
rbtree: 24 36
rbtree: 20 82
rbtree: 28 30
rbtree: 20 92
rbtree: 22 30
rbtree: 18 78
rbtree: 40 28
rbtree: 18 86
rbtree: 22 30
rbtree: 18 78
rbtree: 24 32
rbtree: 20 94
rbtree: 22 36
rbtree: 20 42
rbtree: 40 36
rbtree: 20 88
rbtree: 22 34
rbtree: 20 82
rbtree: 30 32
rbtree: 18 94
rbtree: 20 30
rbtree: 20 78
rbtree: 42 30
rbtree: 18 88
rbtree: 20 30
rbtree: 22 76
rbtree: 24 30
rbtree: 20 96
rbtree: 24 34
rbtree: 20 42
rbtree: 38 36
rbtree: 20 90
rbtree: 24 36
rbtree: 22 40
rbtree: 28 30
rbtree: 18 98
rbtree: 20 30
rbtree: 18 78
rbtree: 40 32
rbtree: 20 86
rbtree: 22 32
rbtree: 18 80
rbtree: 26 34
rbtree: 20 94
rbtree: 22 36
rbtree: 20 42
rbtree: 38 34
rbtree: 24 86
rbtree: 22 34
rbtree: 22 44
rbtree: 28 32
rbtree: 20 94
rbtree: 22 32
rbtree: 20 80
rbtree: 42 32
rbtree: 20 86
rbtree: 22 30
rbtree: 18 78
rbtree: 24 30
rbtree: 20 100
rbtree: 24 32
rbtree: 24 42
rbtree: 40 34
rbtree: 24 90
rbtree: 24 36
rbtree: 22 82
rbtree: 30 32
rbtree: 20 94
rbtree: 20 32
rbtree: 18 78
rbtree: 40 32
rbtree: 20 84
rbtree: 22 32
rbtree: 18 80
rbtree: 24 30
rbtree: 20 96
rbtree: 22 32
rbtree: 22 42
rbtree: 38 32
rbtree: 20 90
rbtree: 24 32
rbtree: 22 82
rbtree: 28 34
rbtree: 18 90
rbtree: 20 30
rbtree: 20 80
rbtree: 42 30
rbtree: 20 86
rbtree: 22 34
rbtree: 20 78
rbtree: 24 30
rbtree: 20 96
rbtree: 22 34
rbtree: 22 42
rbtree: 38 36
rbtree: 20 90
rbtree: 24 36
rbtree: 20 42
rbtree: 26 30
rbtree: 20 92
rbtree: 20 36
rbtree: 20 78
rbtree: 42 30
rbtree: 20 86
rbtree: 22 32
rbtree: 18 78
rbtree: 24 32
rbtree: 20 94
rbtree: 22 36
rbtree: 20 42
rbtree: 40 32
rbtree: 22 86
rbtree: 24 34
rbtree: 22 84
rbtree: 30 32
rbtree: 20 92
rbtree: 22 32
rbtree: 20 80
rbtree: 40 32
rbtree: 18 84
rbtree: 20 30
rbtree: 20 78
rbtree: 24 30
rbtree: 20 94
rbtree: 24 36
rbtree: 20 42
rbtree: 40 34
rbtree: 20 84
rbtree: 22 36
rbtree: 20 42
rbtree: 26 32
rbtree: 20 94
rbtree: 20 28
rbtree: 20 78
rbtree: 42 30
rbtree: 18 88
rbtree: 20 30
rbtree: 20 76
rbtree: 22 32
rbtree: 20 94
rbtree: 22 34
rbtree: 20 42
rbtree: 40 34
rbtree: 22 90
rbtree: 24 34
rbtree: 20 44
rbtree: 28 32
rbtree: 20 96
rbtree: 18 30
rbtree: 20 78
rbtree: 42 32
rbtree: 20 86
rbtree: 22 32
rbtree: 20 78
rbtree: 24 32
rbtree: 20 96
rbtree: 22 34
rbtree: 22 42
rbtree: 40 36
rbtree: 20 90
rbtree: 24 36
rbtree: 22 80
rbtree: 30 32
rbtree: 18 92
rbtree: 22 30
rbtree: 20 80
rbtree: 42 32
rbtree: 18 86
rbtree: 20 32
rbtree: 20 80
rbtree: 24 28
rbtree: 18 102
rbtree: 24 32
rbtree: 22 42
rbtree: 40 36
rbtree: 20 88
rbtree: 22 34
rbtree: 20 82
rbtree: 30 28
rbtree: 20 92
rbtree: 20 34
rbtree: 20 78
rbtree: 42 32
rbtree: 20 86
rbtree: 22 30
rbtree: 18 78
rbtree: 26 32
rbtree: 20 96
rbtree: 24 36
rbtree: 22 40
rbtree: 40 38
rbtree: 24 90
rbtree: 24 36
rbtree: 20 44
rbtree: 28 32
rbtree: 20 92
rbtree: 20 32
rbtree: 20 80
rbtree: 42 32
rbtree: 18 86
rbtree: 20 34
rbtree: 18 78
rbtree: 26 30
rbtree: 20 96
rbtree: 24 34
rbtree: 24 42
rbtree: 38 34
rbtree: 22 86
rbtree: 24 36
rbtree: 20 82
rbtree: 28 28
rbtree: 20 92
rbtree: 22 30
rbtree: 18 78
rbtree: 42 32
rbtree: 22 86
rbtree: 22 32
rbtree: 18 80
rbtree: 22 32
rbtree: 20 100
rbtree: 24 30
rbtree: 18 42
rbtree: 40 34
rbtree: 20 92
rbtree: 24 32
rbtree: 20 80
rbtree: 30 34
rbtree: 20 92
rbtree: 22 30
rbtree: 18 78
rbtree: 42 32
rbtree: 20 86
rbtree: 20 32
rbtree: 18 80
rbtree: 24 34
rbtree: 20 94
rbtree: 22 34
rbtree: 20 40
rbtree: 40 36
rbtree: 20 90
rbtree: 24 34
rbtree: 24 82
rbtree: 28 34
rbtree: 20 92
rbtree: 22 30
rbtree: 22 78
rbtree: 42 30
rbtree: 18 86
rbtree: 20 30
rbtree: 20 78
rbtree: 26 32
rbtree: 18 92
rbtree: 22 36
rbtree: 24 42
rbtree: 38 34
rbtree: 24 90
rbtree: 24 36
rbtree: 22 42
rbtree: 28 30
rbtree: 20 94
rbtree: 20 32
rbtree: 18 78
rbtree: 40 32
rbtree: 20 88
rbtree: 20 28
rbtree: 18 78
rbtree: 24 32
rbtree: 20 94
rbtree: 22 36
rbtree: 22 44
rbtree: 38 34
rbtree: 22 88
rbtree: 22 36
rbtree: 22 84
rbtree: 30 30
rbtree: 20 94
rbtree: 20 30
rbtree: 18 80
rbtree: 42 32
rbtree: 20 88
rbtree: 22 32
rbtree: 18 76
rbtree: 22 32
rbtree: 18 100
rbtree: 22 32
rbtree: 22 44
rbtree: 40 36
rbtree: 20 88
rbtree: 24 36
rbtree: 22 82
rbtree: 30 30
rbtree: 20 94
rbtree: 20 32
rbtree: 18 78
rbtree: 40 32
rbtree: 18 86
rbtree: 20 32
rbtree: 20 78
rbtree: 24 30
rbtree: 20 96
rbtree: 24 36
rbtree: 20 42
rbtree: 38 34
rbtree: 24 90
rbtree: 24 36
rbtree: 22 82
rbtree: 28 30
rbtree: 20 94
rbtree: 20 32
rbtree: 20 80
rbtree: 42 30
rbtree: 20 84
rbtree: 20 30
rbtree: 20 80
rbtree: 24 30
rbtree: 20 100
rbtree: 24 36
rbtree: 20 40
rbtree: 40 34
rbtree: 26 90
rbtree: 24 34
rbtree: 22 82
rbtree: 28 34
rbtree: 20 92
rbtree: 22 32
rbtree: 20 76
rbtree: 42 32
rbtree: 20 84
rbtree: 20 32
rbtree: 18 80
rbtree: 24 34
rbtree: 20 94
rbtree: 24 34
rbtree: 20 44
rbtree: 38 34
rbtree: 20 90
rbtree: 24 34
rbtree: 20 82
rbtree: 30 32
rbtree: 18 92
rbtree: 20 30
rbtree: 22 78
rbtree: 42 30
rbtree: 18 84
rbtree: 20 28
rbtree: 18 76
rbtree: 24 30
rbtree: 18 98
rbtree: 24 34
rbtree: 22 42
rbtree: 38 34
rbtree: 18 90
rbtree: 22 34
rbtree: 22 42
rbtree: 28 30
rbtree: 20 94
rbtree: 22 36
rbtree: 20 80
rbtree: 42 32
rbtree: 20 86
rbtree: 22 30
rbtree: 18 76
rbtree: 22 30
rbtree: 20 100
rbtree: 30 36
rbtree: 24 46
rbtree: 38 36
rbtree: 20 90
rbtree: 24 34
rbtree: 20 42
rbtree: 28 32
rbtree: 20 96
rbtree: 22 30
rbtree: 18 76
rbtree: 42 32
rbtree: 20 88
rbtree: 20 32
rbtree: 20 78
rbtree: 24 30
rbtree: 20 100
rbtree: 22 32
rbtree: 24 44
rbtree: 40 36
rbtree: 18 90
rbtree: 24 36
rbtree: 20 82
rbtree: 28 30
rbtree: 20 94
rbtree: 20 30
rbtree: 20 80
rbtree: 42 32
rbtree: 18 86
rbtree: 20 32
rbtree: 20 80
rbtree: 24 32
rbtree: 18 96
rbtree: 24 34
rbtree: 24 42
rbtree: 38 36
rbtree: 22 90
rbtree: 24 36
rbtree: 22 82
rbtree: 30 30
rbtree: 20 94
rbtree: 20 34
rbtree: 20 76
rbtree: 42 28
rbtree: 18 84
rbtree: 20 30
rbtree: 20 78
rbtree: 24 32
rbtree: 20 94
rbtree: 20 34
rbtree: 24 42
rbtree: 38 36
rbtree: 18 90
rbtree: 22 34
rbtree: 22 84
rbtree: 28 30
rbtree: 18 94
rbtree: 18 32
rbtree: 18 78
rbtree: 42 32
rbtree: 20 86
rbtree: 22 30
rbtree: 18 76
rbtree: 24 30
rbtree: 20 98
rbtree: 20 34
rbtree: 24 42
rbtree: 42 34
rbtree: 20 90
rbtree: 22 32
rbtree: 20 82
rbtree: 30 30
rbtree: 20 92
rbtree: 18 32
rbtree: 18 78
rbtree: 42 32
rbtree: 18 84
rbtree: 22 28
rbtree: 18 78
rbtree: 22 30
rbtree: 20 96
rbtree: 22 36
rbtree: 20 42
rbtree: 38 34
rbtree: 20 90
rbtree: 20 34
rbtree: 22 86
rbtree: 32 30
rbtree: 20 92
rbtree: 18 30
rbtree: 20 78
rbtree: 42 32
rbtree: 20 84
rbtree: 22 30
rbtree: 18 78
rbtree: 26 28
rbtree: 20 100
rbtree: 20 32
rbtree: 22 40
rbtree: 38 36
rbtree: 22 90
rbtree: 22 36
rbtree: 24 42
rbtree: 26 32
rbtree: 20 94
rbtree: 20 28
rbtree: 18 76
rbtree: 42 32
rbtree: 18 86
rbtree: 20 28
rbtree: 20 76
rbtree: 22 32
rbtree: 18 98
rbtree: 20 34
rbtree: 20 40
rbtree: 38 36
rbtree: 24 90
rbtree: 20 34
rbtree: 24 82
rbtree: 30 32
rbtree: 20 94
rbtree: 22 30
rbtree: 20 78
rbtree: 40 30
rbtree: 18 84
rbtree: 20 28
rbtree: 20 78
rbtree: 24 30
rbtree: 20 98
rbtree: 20 34
rbtree: 20 40
rbtree: 40 36
rbtree: 20 90
rbtree: 20 36
rbtree: 20 82
rbtree: 28 30
rbtree: 20 94
rbtree: 20 28
rbtree: 20 76
rbtree: 40 30
rbtree: 20 82
rbtree: 20 32
rbtree: 18 74
rbtree: 26 32
rbtree: 20 98
rbtree: 20 36
rbtree: 22 40
rbtree: 38 32
rbtree: 26 88
rbtree: 18 36
rbtree: 18 84
rbtree: 30 32
rbtree: 18 94
rbtree: 18 30
rbtree: 18 78
rbtree: 42 32
rbtree: 20 88
rbtree: 20 32
rbtree: 18 80
rbtree: 26 32
rbtree: 20 98
rbtree: 20 34
rbtree: 20 40
rbtree: 38 34
rbtree: 24 84
rbtree: 20 34
rbtree: 20 82
rbtree: 30 30
rbtree: 18 96
rbtree: 26 32
rbtree: 20 82
rbtree: 42 30
rbtree: 20 84
rbtree: 20 30
rbtree: 18 78
rbtree: 24 30
rbtree: 22 100
rbtree: 22 34
rbtree: 22 44
rbtree: 38 36
rbtree: 24 90
rbtree: 22 34
rbtree: 20 82
rbtree: 28 30
rbtree: 18 94
rbtree: 20 30
rbtree: 18 78
rbtree: 40 30
rbtree: 20 86
rbtree: 22 30
rbtree: 20 76
rbtree: 24 30
rbtree: 20 98
rbtree: 20 36
rbtree: 22 42
rbtree: 40 36
rbtree: 22 86
rbtree: 22 36
rbtree: 20 82
rbtree: 28 28
rbtree: 20 92
rbtree: 20 32
rbtree: 20 78
rbtree: 40 30
rbtree: 20 84
rbtree: 22 30
rbtree: 20 80
