bitmap: 56 66
bitmap: 54 22
bitmap: 36 22
bitmap: 66 24
bitmap: 48 20
bitmap: 64 24
bitmap: 38 22
bitmap: 36 20
bitmap: 14 16
bitmap: 14 18
bitmap: 36 22
bitmap: 36 24
bitmap: 36 22
bitmap: 38 20
bitmap: 16 32
bitmap: 38 22
bitmap: 36 22
bitmap: 36 20
bitmap: 14 12
bitmap: 36 24
bitmap: 36 44
bitmap: 36 22
bitmap: 16 48
bitmap: 14 32
bitmap: 14 14
bitmap: 38 24
bitmap: 36 20
bitmap: 36 20
bitmap: 16 32
bitmap: 14 32
bitmap: 14 16
bitmap: 14 18
bitmap: 34 24
bitmap: 36 26
bitmap: 38 18
bitmap: 16 38
bitmap: 36 24
bitmap: 38 24
bitmap: 34 20
bitmap: 14 32
bitmap: 16 16
bitmap: 14 32
bitmap: 36 20
bitmap: 36 18
bitmap: 14 24
bitmap: 36 20
bitmap: 38 20
bitmap: 12 12
bitmap: 16 16
bitmap: 16 18
bitmap: 38 22
bitmap: 36 20
bitmap: 16 32
bitmap: 14 16
bitmap: 36 20
bitmap: 34 24
bitmap: 14 34
bitmap: 38 22
bitmap: 36 22
bitmap: 36 24
bitmap: 36 20
bitmap: 34 22
bitmap: 36 20
bitmap: 36 20
bitmap: 36 20
bitmap: 34 20
bitmap: 36 20
bitmap: 16 32
bitmap: 36 18
bitmap: 14 30
bitmap: 14 30
bitmap: 16 30
bitmap: 36 20
bitmap: 16 12
bitmap: 34 20
bitmap: 38 20
bitmap: 36 20
bitmap: 36 16
bitmap: 36 22
bitmap: 36 20
bitmap: 14 30
bitmap: 36 22
bitmap: 16 30
bitmap: 34 20
bitmap: 36 20
bitmap: 36 20
bitmap: 38 18
bitmap: 36 20
bitmap: 16 16
bitmap: 14 32
bitmap: 16 16
bitmap: 16 34
bitmap: 14 36
bitmap: 36 22
bitmap: 34 20
bitmap: 16 32
bitmap: 18 20
bitmap: 36 24
bitmap: 14 16
bitmap: 34 26
bitmap: 36 20
bitmap: 68 24
bitmap: 36 22
bitmap: 34 24
bitmap: 36 18
bitmap: 38 18
bitmap: 16 32
bitmap: 16 36
bitmap: 14 36
bitmap: 36 24
bitmap: 36 20
bitmap: 16 14
bitmap: 36 18
bitmap: 36 18
bitmap: 16 16
bitmap: 36 20
bitmap: 36 20
bitmap: 36 22
bitmap: 38 22
bitmap: 36 20
bitmap: 36 20
bitmap: 36 20
bitmap: 36 18
bitmap: 36 24
bitmap: 14 34
bitmap: 36 20
bitmap: 50 22
bitmap: 36 22
bitmap: 14 20
bitmap: 58 22
bitmap: 34 22
bitmap: 12 20
bitmap: 36 24
bitmap: 36 18
bitmap: 36 20
bitmap: 16 16
bitmap: 36 20
bitmap: 36 20
bitmap: 36 22
bitmap: 18 48
bitmap: 36 26
bitmap: 36 18
bitmap: 14 18
bitmap: 16 18
bitmap: 14 36
bitmap: 18 18
bitmap: 38 20
bitmap: 36 20
bitmap: 36 20
bitmap: 36 18
bitmap: 36 20
bitmap: 14 16
bitmap: 38 18
bitmap: 16 12
bitmap: 34 20
bitmap: 14 20
bitmap: 16 16
bitmap: 36 20
bitmap: 36 22
bitmap: 66 20
bitmap: 14 16
bitmap: 16 16
bitmap: 38 20
bitmap: 18 18
bitmap: 36 22
bitmap: 36 24
bitmap: 14 38
bitmap: 14 16
bitmap: 16 14
bitmap: 40 20
bitmap: 36 22
bitmap: 14 18
bitmap: 36 20
bitmap: 36 20
bitmap: 38 24
bitmap: 36 22
bitmap: 16 16
bitmap: 36 20
bitmap: 14 18
bitmap: 36 18
bitmap: 14 32
bitmap: 14 30
bitmap: 36 20
bitmap: 18 22
bitmap: 16 16
bitmap: 36 20
bitmap: 36 22
bitmap: 36 22
bitmap: 36 20
bitmap: 34 20
bitmap: 14 18
bitmap: 40 22
bitmap: 36 20
bitmap: 14 22
bitmap: 34 24
bitmap: 14 32
bitmap: 14 14
bitmap: 16 20
bitmap: 36 24
bitmap: 36 20
bitmap: 36 20
bitmap: 36 20
bitmap: 16 50
bitmap: 14 16
bitmap: 36 22
bitmap: 34 22
bitmap: 14 32
bitmap: 16 34
bitmap: 36 20
bitmap: 16 18
bitmap: 40 22
bitmap: 38 22
bitmap: 36 20
bitmap: 16 36
bitmap: 34 24
bitmap: 36 20
bitmap: 16 14
bitmap: 34 22
bitmap: 16 16
bitmap: 14 22
bitmap: 14 16
bitmap: 14 36
bitmap: 12 14
bitmap: 20 18
bitmap: 36 20
bitmap: 14 32
bitmap: 36 20
bitmap: 36 20
bitmap: 34 24
bitmap: 36 26
bitmap: 14 18
bitmap: 16 32
bitmap: 36 22
bitmap: 38 24
bitmap: 14 16
bitmap: 36 26
bitmap: 14 34
bitmap: 36 20
bitmap: 36 20
bitmap: 60 22
bitmap: 36 18
bitmap: 14 16
bitmap: 14 36
bitmap: 36 20
bitmap: 36 20
bitmap: 36 20
bitmap: 36 22
bitmap: 36 20
bitmap: 36 20
bitmap: 14 14
bitmap: 14 20
bitmap: 36 20
bitmap: 36 20
bitmap: 36 24
bitmap: 36 20
bitmap: 36 20
bitmap: 38 18
bitmap: 16 20
bitmap: 34 20
bitmap: 36 24
bitmap: 16 34
bitmap: 16 14
bitmap: 14 16
bitmap: 36 22
bitmap: 36 22
bitmap: 50 22
bitmap: 36 24
bitmap: 16 36
bitmap: 36 24
bitmap: 36 18
bitmap: 38 20
bitmap: 16 30
bitmap: 16 16
bitmap: 38 20
bitmap: 16 32
bitmap: 36 20
bitmap: 34 22
bitmap: 36 18
bitmap: 36 22
bitmap: 36 18
bitmap: 14 34
bitmap: 36 22
bitmap: 36 22
bitmap: 36 20
bitmap: 36 42
bitmap: 16 16
bitmap: 16 14
bitmap: 16 16
bitmap: 36 24
bitmap: 16 36
bitmap: 34 24
bitmap: 36 20
bitmap: 34 22
bitmap: 36 18
bitmap: 14 18
bitmap: 34 20
bitmap: 14 16
bitmap: 34 24
bitmap: 36 24
bitmap: 34 20
bitmap: 16 16
bitmap: 16 32
bitmap: 44 22
bitmap: 14 16
bitmap: 16 14
bitmap: 38 24
bitmap: 34 20
bitmap: 16 16
bitmap: 18 36
bitmap: 16 16
bitmap: 34 22
bitmap: 36 22
bitmap: 14 18
bitmap: 36 24
bitmap: 14 20
bitmap: 16 38
bitmap: 34 42
bitmap: 36 24
bitmap: 16 16
bitmap: 38 22
bitmap: 14 16
bitmap: 16 16
bitmap: 16 50
bitmap: 34 24
bitmap: 16 40
bitmap: 38 18
bitmap: 36 20
bitmap: 36 20
bitmap: 36 20
bitmap: 36 20
bitmap: 14 14
bitmap: 36 20
bitmap: 34 20
bitmap: 38 20
bitmap: 16 12
bitmap: 38 20
bitmap: 18 16
bitmap: 36 22
bitmap: 16 18
bitmap: 36 20
bitmap: 16 14
bitmap: 14 34
bitmap: 16 14
bitmap: 36 20
bitmap: 38 18
bitmap: 36 20
bitmap: 36 22
bitmap: 36 18
bitmap: 14 12
bitmap: 36 20
bitmap: 14 20
bitmap: 14 32
bitmap: 36 20
bitmap: 76 22
bitmap: 16 34
bitmap: 34 24
bitmap: 14 18
bitmap: 34 22
bitmap: 36 18
bitmap: 14 18
bitmap: 36 20
bitmap: 16 20
bitmap: 16 16
bitmap: 34 22
bitmap: 36 20
bitmap: 14 18
bitmap: 14 18
bitmap: 16 52
bitmap: 36 20
bitmap: 14 18
bitmap: 38 20
bitmap: 16 36
bitmap: 16 16
bitmap: 36 20
bitmap: 36 20
bitmap: 36 24
bitmap: 36 20
bitmap: 16 14
bitmap: 38 20
bitmap: 36 20
bitmap: 36 20
bitmap: 36 22
bitmap: 36 26
bitmap: 36 20
bitmap: 36 18
bitmap: 16 14
bitmap: 36 24
bitmap: 16 14
bitmap: 36 18
bitmap: 14 16
bitmap: 14 34
bitmap: 14 34
bitmap: 36 20
bitmap: 36 20
bitmap: 16 14
bitmap: 36 20
bitmap: 14 16
bitmap: 36 22
bitmap: 14 14
bitmap: 16 16
bitmap: 14 36
bitmap: 34 22
bitmap: 36 20
bitmap: 36 20
bitmap: 14 14
bitmap: 34 20
bitmap: 12 20
bitmap: 16 18
bitmap: 16 34
bitmap: 14 18
bitmap: 36 26
bitmap: 14 18
bitmap: 14 18
bitmap: 36 26
bitmap: 16 16
bitmap: 14 16
bitmap: 18 14
bitmap: 34 20
bitmap: 36 24
bitmap: 18 48
bitmap: 34 20
bitmap: 36 18
bitmap: 34 20
bitmap: 16 36
bitmap: 16 32
bitmap: 16 36
bitmap: 36 20
bitmap: 14 20
bitmap: 14 22
bitmap: 36 22
bitmap: 54 22
bitmap: 36 24
bitmap: 36 20
bitmap: 14 16
bitmap: 16 36
bitmap: 34 24
bitmap: 14 48
bitmap: 36 22
bitmap: 36 20
bitmap: 18 20
bitmap: 18 22
bitmap: 36 20
bitmap: 20 14
bitmap: 34 24
bitmap: 38 20
bitmap: 36 20
bitmap: 16 14
bitmap: 36 20
bitmap: 36 20
bitmap: 36 18
bitmap: 36 20
bitmap: 34 20
bitmap: 38 20
bitmap: 36 24
bitmap: 34 20
bitmap: 36 22
bitmap: 36 20
bitmap: 16 16
bitmap: 38 22
bitmap: 14 16
bitmap: 36 22
bitmap: 36 20
bitmap: 36 22
bitmap: 14 40
bitmap: 14 18
bitmap: 36 24
bitmap: 36 24
bitmap: 16 16
bitmap: 34 168
bitmap: 36 20
bitmap: 34 20
bitmap: 34 20
bitmap: 36 20
bitmap: 16 18
bitmap: 36 24
bitmap: 16 16
bitmap: 36 18
bitmap: 16 16
bitmap: 36 20
bitmap: 20 18
bitmap: 14 40
bitmap: 34 22
bitmap: 36 22
bitmap: 16 18
bitmap: 36 22
bitmap: 14 14
bitmap: 14 20
bitmap: 36 20
bitmap: 36 20
bitmap: 36 20
bitmap: 14 16
bitmap: 36 24
bitmap: 16 16
bitmap: 14 32
bitmap: 34 22
bitmap: 14 32
bitmap: 12 18
bitmap: 14 50
bitmap: 16 34
bitmap: 16 32
bitmap: 36 48
bitmap: 36 22
bitmap: 14 14
bitmap: 16 16
bitmap: 14 34
bitmap: 36 20
bitmap: 36 20
bitmap: 14 14
bitmap: 34 24
bitmap: 14 14
bitmap: 36 22
bitmap: 36 20
bitmap: 16 14
bitmap: 36 20
bitmap: 16 20
bitmap: 16 16
bitmap: 34 20
bitmap: 36 20
bitmap: 16 38
bitmap: 36 20
bitmap: 38 22
bitmap: 36 20
bitmap: 16 12
bitmap: 36 20
bitmap: 16 14
bitmap: 36 22
bitmap: 14 18
bitmap: 16 14
bitmap: 16 32
bitmap: 18 18
bitmap: 16 14
bitmap: 38 18
bitmap: 38 24
bitmap: 16 32
bitmap: 14 18
bitmap: 36 20
bitmap: 36 22
bitmap: 38 26
bitmap: 36 20
bitmap: 34 20
bitmap: 16 18
bitmap: 16 34
bitmap: 36 20
bitmap: 22 50
bitmap: 16 18
bitmap: 36 22
bitmap: 36 20
bitmap: 36 22
bitmap: 38 20
bitmap: 16 34
bitmap: 34 24
bitmap: 34 20
bitmap: 16 16
bitmap: 36 20
bitmap: 34 20
bitmap: 16 14
bitmap: 14 18
bitmap: 16 36
bitmap: 36 22
bitmap: 38 22
bitmap: 36 22
bitmap: 34 20
bitmap: 12 18
bitmap: 14 16
bitmap: 36 18
bitmap: 34 22
bitmap: 34 20
bitmap: 16 16
bitmap: 14 14
bitmap: 36 20
bitmap: 14 14
bitmap: 36 22
bitmap: 36 20
bitmap: 36 20
bitmap: 34 22
bitmap: 36 20
bitmap: 20 18
bitmap: 14 20
bitmap: 16 14
bitmap: 16 32
bitmap: 36 22
bitmap: 16 14
bitmap: 36 20
bitmap: 34 22
bitmap: 36 22
bitmap: 16 16
bitmap: 16 32
bitmap: 36 22
bitmap: 36 18
bitmap: 16 32
bitmap: 34 22
bitmap: 34 20
bitmap: 14 20
bitmap: 16 18
bitmap: 36 20
bitmap: 14 32
bitmap: 36 20
bitmap: 16 16
bitmap: 38 20
bitmap: 16 12
bitmap: 14 14
bitmap: 36 22
bitmap: 16 32
bitmap: 14 34
bitmap: 14 14
bitmap: 38 24
bitmap: 38 24
bitmap: 18 20
bitmap: 14 18
bitmap: 12 18
bitmap: 34 22
bitmap: 14 16
bitmap: 36 24
bitmap: 14 16
bitmap: 36 20
bitmap: 38 20
bitmap: 16 18
bitmap: 36 20
bitmap: 14 14
bitmap: 36 20
bitmap: 36 22
bitmap: 36 24
bitmap: 36 22
bitmap: 38 18
bitmap: 36 22
bitmap: 16 16
bitmap: 16 14
bitmap: 36 20
bitmap: 14 18
bitmap: 38 18
bitmap: 34 22
bitmap: 36 20
bitmap: 16 18
bitmap: 34 20
bitmap: 16 14
bitmap: 36 24
bitmap: 36 22
bitmap: 38 22
bitmap: 36 24
bitmap: 38 22
bitmap: 14 32
bitmap: 36 20
bitmap: 36 18
bitmap: 36 22
bitmap: 16 38
bitmap: 12 14
bitmap: 34 22
bitmap: 36 20
bitmap: 14 20
bitmap: 36 20
bitmap: 62 22
bitmap: 16 34
bitmap: 38 22
bitmap: 36 20
bitmap: 16 34
bitmap: 36 24
bitmap: 36 24
bitmap: 34 22
bitmap: 36 22
bitmap: 36 20
bitmap: 36 20
bitmap: 14 14
bitmap: 36 50
bitmap: 14 16
bitmap: 16 50
bitmap: 16 14
bitmap: 36 22
bitmap: 12 16
bitmap: 14 20
bitmap: 38 24
bitmap: 14 36
bitmap: 14 20
bitmap: 36 22
bitmap: 14 16
bitmap: 36 22
bitmap: 16 38
bitmap: 38 20
bitmap: 36 22
bitmap: 16 14
bitmap: 36 20
bitmap: 36 22
bitmap: 16 16
bitmap: 36 22
bitmap: 38 20
bitmap: 16 16
bitmap: 16 16
bitmap: 34 22
bitmap: 36 20
bitmap: 14 36
bitmap: 34 24
bitmap: 14 14
bitmap: 16 14
bitmap: 36 20
bitmap: 16 36
bitmap: 36 22
bitmap: 36 22
bitmap: 14 20
bitmap: 38 20
bitmap: 36 24
bitmap: 16 16
bitmap: 36 24
bitmap: 36 22
bitmap: 36 20
bitmap: 36 20
bitmap: 16 16
bitmap: 34 20
bitmap: 16 16
bitmap: 36 22
bitmap: 14 50
bitmap: 16 14
bitmap: 36 22
bitmap: 34 20
bitmap: 68 24
bitmap: 36 20
bitmap: 36 24
bitmap: 18 20
bitmap: 16 32
bitmap: 34 24
bitmap: 16 14
bitmap: 16 34
bitmap: 36 18
bitmap: 36 20
bitmap: 14 16
bitmap: 36 20
bitmap: 36 20
bitmap: 36 20
bitmap: 36 20
bitmap: 36 22
bitmap: 38 20
bitmap: 34 20
bitmap: 16 32
bitmap: 16 52
bitmap: 36 20
bitmap: 36 22
bitmap: 14 32
bitmap: 16 16
bitmap: 16 14
bitmap: 36 22
bitmap: 36 20
bitmap: 38 22
bitmap: 16 32
bitmap: 14 16
bitmap: 14 14
bitmap: 16 14
bitmap: 16 14
bitmap: 38 20
bitmap: 36 20
bitmap: 36 20
bitmap: 38 20
bitmap: 16 34
bitmap: 14 18
bitmap: 36 18
bitmap: 14 14
bitmap: 16 16
bitmap: 36 18
bitmap: 38 20
bitmap: 16 16
bitmap: 34 20
bitmap: 16 34
bitmap: 36 22
bitmap: 36 22
bitmap: 16 14
bitmap: 18 22
bitmap: 34 22
bitmap: 16 14
bitmap: 36 20
bitmap: 36 20
bitmap: 36 18
bitmap: 36 22
bitmap: 36 20
bitmap: 34 20
bitmap: 36 20
bitmap: 36 20
bitmap: 36 22
bitmap: 16 18
bitmap: 16 18
bitmap: 38 24
bitmap: 14 14
bitmap: 36 20
bitmap: 16 18
bitmap: 36 22
bitmap: 36 22
bitmap: 36 22
bitmap: 14 16
bitmap: 36 20
bitmap: 36 20
bitmap: 16 16
bitmap: 38 18
bitmap: 36 20
bitmap: 34 22
bitmap: 14 18
bitmap: 16 50
bitmap: 18 16
bitmap: 38 22
bitmap: 36 20
bitmap: 38 18
bitmap: 36 46
bitmap: 14 36
bitmap: 16 36
bitmap: 16 32
bitmap: 14 36
bitmap: 38 22
bitmap: 34 24
bitmap: 16 14
bitmap: 36 40
bitmap: 14 18
bitmap: 36 20
bitmap: 14 18
bitmap: 14 36
bitmap: 16 16
bitmap: 34 22
bitmap: 38 22
bitmap: 14 36
bitmap: 16 18
bitmap: 36 18
bitmap: 46 22
bitmap: 36 24
bitmap: 64 24
bitmap: 16 32
bitmap: 14 32
bitmap: 38 22
bitmap: 14 36
bitmap: 16 34
bitmap: 38 22
bitmap: 14 36
bitmap: 16 32
bitmap: 40 24
bitmap: 14 30
bitmap: 38 22
bitmap: 16 36
bitmap: 18 50
bitmap: 38 22
bitmap: 38 22
bitmap: 14 36
bitmap: 16 20
bitmap: 36 22
bitmap: 14 32
bitmap: 38 24
bitmap: 38 22
bitmap: 16 34
bitmap: 36 24
bitmap: 38 22
bitmap: 14 36
bitmap: 38 22
bitmap: 34 24
bitmap: 38 22
bitmap: 36 24
bitmap: 14 36
bitmap: 38 22
bitmap: 16 20
bitmap: 14 36
bitmap: 38 24
bitmap: 14 32
bitmap: 14 32
bitmap: 36 24
bitmap: 40 20
bitmap: 14 30
bitmap: 16 34
bitmap: 14 30
bitmap: 14 36
bitmap: 16 32
bitmap: 16 34
bitmap: 14 34
bitmap: 14 32
bitmap: 16 34
bitmap: 38 22
bitmap: 14 32
bitmap: 38 22
bitmap: 16 34
bitmap: 38 20
bitmap: 14 32
bitmap: 38 22
bitmap: 38 22
bitmap: 38 22
bitmap: 14 32
bitmap: 36 22
bitmap: 36 24
bitmap: 14 34
bitmap: 14 34
bitmap: 38 22
bitmap: 38 22
bitmap: 38 20
bitmap: 16 32
bitmap: 14 32
bitmap: 14 34
bitmap: 38 22
bitmap: 14 32
bitmap: 38 24
bitmap: 40 22
bitmap: 38 22
bitmap: 38 24
bitmap: 16 32
bitmap: 36 24
bitmap: 16 32
bitmap: 14 32
bitmap: 16 34
bitmap: 14 32
bitmap: 36 24
bitmap: 40 24
bitmap: 38 24
bitmap: 16 36
bitmap: 40 22
bitmap: 38 22
bitmap: 16 34
bitmap: 16 34
bitmap: 16 32
bitmap: 14 32
bitmap: 36 22
bitmap: 36 24
bitmap: 14 38
bitmap: 16 22
bitmap: 18 24
bitmap: 38 22
bitmap: 14 32
bitmap: 16 22
bitmap: 36 24
bitmap: 38 22
bitmap: 38 22
bitmap: 14 34
bitmap: 38 22
bitmap: 36 20
bitmap: 38 22
bitmap: 14 36
bitmap: 40 22
bitmap: 16 36
bitmap: 14 20
bitmap: 38 22
bitmap: 16 14
bitmap: 38 22
bitmap: 16 34
bitmap: 38 22
bitmap: 38 22
bitmap: 14 32
bitmap: 36 24
bitmap: 36 22
bitmap: 38 22
bitmap: 38 22
bitmap: 16 32
bitmap: 38 22
bitmap: 16 32
bitmap: 16 38
bitmap: 14 36
bitmap: 40 22
bitmap: 38 20
bitmap: 38 22
bitmap: 38 22
bitmap: 16 32
bitmap: 36 24
bitmap: 36 24
bitmap: 36 24
bitmap: 16 36
bitmap: 38 22
bitmap: 38 22
bitmap: 36 22
bitmap: 14 32
bitmap: 38 22
bitmap: 14 36
bitmap: 38 22
bitmap: 16 38
bitmap: 38 20
bitmap: 16 18
bitmap: 14 34
bitmap: 14 36
bitmap: 16 38
bitmap: 38 42
bitmap: 40 24
bitmap: 16 32
bitmap: 14 32
bitmap: 16 36
bitmap: 16 20
bitmap: 14 36
bitmap: 16 32
bitmap: 16 176
bitmap: 16 36
bitmap: 38 22
bitmap: 14 36
bitmap: 50 20
bitmap: 16 36
bitmap: 14 38
bitmap: 36 22
bitmap: 14 46
bitmap: 20 50
bitmap: 38 22
bitmap: 38 22
bitmap: 38 24
bitmap: 38 22
bitmap: 14 34
bitmap: 38 24
bitmap: 16 18
bitmap: 38 24
bitmap: 16 30
bitmap: 16 30
bitmap: 14 32
bitmap: 38 22
bitmap: 38 20
bitmap: 36 24
bitmap: 14 36
bitmap: 16 32
bitmap: 14 32
bitmap: 36 24
