bitmap: 48 18
bitmap: 14 22
bitmap: 44 24
bitmap: 14 16
bitmap: 14 20
bitmap: 14 18
bitmap: 16 14
bitmap: 14 16
bitmap: 12 14
bitmap: 14 20
bitmap: 16 18
bitmap: 16 16
bitmap: 14 16
bitmap: 16 52
bitmap: 14 16
bitmap: 14 16
bitmap: 14 14
bitmap: 16 20
bitmap: 14 18
bitmap: 14 24
bitmap: 12 50
bitmap: 14 22
bitmap: 12 16
bitmap: 14 24
bitmap: 14 20
bitmap: 14 18
bitmap: 14 20
bitmap: 16 20
bitmap: 14 48
bitmap: 14 20
bitmap: 12 18
bitmap: 14 20
bitmap: 14 20
bitmap: 14 18
bitmap: 14 20
bitmap: 14 18
bitmap: 14 48
bitmap: 16 20
bitmap: 14 14
bitmap: 16 20
bitmap: 14 18
bitmap: 16 16
bitmap: 16 52
bitmap: 16 18
bitmap: 16 18
bitmap: 16 16
bitmap: 16 22
bitmap: 14 22
bitmap: 14 18
bitmap: 12 18
bitmap: 18 20
bitmap: 14 22
bitmap: 14 20
bitmap: 12 22
bitmap: 14 20
bitmap: 14 18
bitmap: 16 18
bitmap: 14 20
bitmap: 14 14
bitmap: 14 18
bitmap: 14 22
bitmap: 14 20
bitmap: 14 20
bitmap: 16 18
bitmap: 14 20
bitmap: 14 18
bitmap: 12 18
bitmap: 16 20
bitmap: 16 18
bitmap: 14 18
bitmap: 14 18
bitmap: 14 18
bitmap: 14 22
bitmap: 14 22
bitmap: 16 22
bitmap: 16 18
bitmap: 14 18
bitmap: 16 18
bitmap: 14 14
bitmap: 14 16
bitmap: 16 52
bitmap: 16 18
bitmap: 20 18
bitmap: 12 18
bitmap: 14 18
bitmap: 14 18
bitmap: 12 20
bitmap: 16 18
bitmap: 16 22
bitmap: 14 26
bitmap: 16 20
bitmap: 16 18
bitmap: 14 18
bitmap: 14 18
bitmap: 14 20
bitmap: 14 22
bitmap: 14 22
bitmap: 14 22
bitmap: 14 20
bitmap: 16 16
bitmap: 16 22
bitmap: 14 20
bitmap: 14 18
bitmap: 14 20
bitmap: 14 18
bitmap: 14 22
bitmap: 14 18
bitmap: 14 22
bitmap: 14 22
bitmap: 14 20
bitmap: 16 16
bitmap: 18 18
bitmap: 14 22
bitmap: 14 22
bitmap: 14 22
bitmap: 18 20
bitmap: 16 22
bitmap: 14 20
bitmap: 14 20
bitmap: 14 18
bitmap: 16 24
bitmap: 12 22
bitmap: 14 22
bitmap: 14 20
bitmap: 14 22
bitmap: 14 18
bitmap: 14 18
bitmap: 16 20
bitmap: 14 20
bitmap: 14 22
bitmap: 14 22
bitmap: 16 22
bitmap: 14 20
bitmap: 14 16
bitmap: 16 20
bitmap: 14 20
bitmap: 12 24
bitmap: 14 20
bitmap: 16 20
bitmap: 18 20
bitmap: 12 18
bitmap: 14 22
bitmap: 14 20
bitmap: 14 20
bitmap: 14 22
bitmap: 14 22
bitmap: 18 22
bitmap: 16 18
bitmap: 14 22
bitmap: 14 22
bitmap: 16 22
bitmap: 14 20
bitmap: 12 22
bitmap: 14 20
bitmap: 14 22
bitmap: 14 22
bitmap: 16 22
bitmap: 14 22
bitmap: 16 14
bitmap: 12 22
bitmap: 14 22
bitmap: 14 20
bitmap: 14 18
bitmap: 16 22
bitmap: 14 20
bitmap: 14 20
bitmap: 14 16
bitmap: 14 18
bitmap: 14 16
bitmap: 16 20
bitmap: 14 20
bitmap: 12 20
bitmap: 16 16
bitmap: 14 20
bitmap: 14 16
bitmap: 14 20
bitmap: 16 18
bitmap: 14 20
bitmap: 16 18
bitmap: 14 20
bitmap: 16 22
bitmap: 14 18
bitmap: 14 16
bitmap: 14 20
bitmap: 16 16
bitmap: 16 16
bitmap: 14 22
bitmap: 14 16
bitmap: 12 20
bitmap: 16 16
bitmap: 14 20
bitmap: 14 20
bitmap: 16 22
bitmap: 14 18
bitmap: 14 16
bitmap: 14 18
bitmap: 16 22
bitmap: 14 18
bitmap: 14 22
bitmap: 14 24
bitmap: 14 22
bitmap: 14 18
bitmap: 14 24
bitmap: 14 20
bitmap: 14 20
bitmap: 14 18
bitmap: 16 22
bitmap: 14 20
bitmap: 16 18
bitmap: 14 18
bitmap: 14 20
bitmap: 14 20
bitmap: 14 22
bitmap: 18 18
bitmap: 16 20
bitmap: 14 20
bitmap: 14 22
bitmap: 16 20
bitmap: 14 20
bitmap: 14 20
bitmap: 14 20
bitmap: 14 22
bitmap: 14 18
bitmap: 14 20
bitmap: 16 18
bitmap: 14 18
bitmap: 14 20
bitmap: 16 22
bitmap: 16 20
bitmap: 14 20
bitmap: 14 16
bitmap: 14 20
bitmap: 14 24
bitmap: 14 20
bitmap: 14 22
bitmap: 16 22
bitmap: 16 40
bitmap: 14 20
bitmap: 18 20
bitmap: 16 22
bitmap: 14 20
bitmap: 16 22
bitmap: 14 20
bitmap: 12 18
bitmap: 14 48
bitmap: 14 20
bitmap: 14 50
bitmap: 16 18
bitmap: 16 16
bitmap: 14 12
bitmap: 16 14
bitmap: 16 18
bitmap: 14 32
bitmap: 14 20
bitmap: 14 16
bitmap: 14 18
bitmap: 12 18
bitmap: 14 16
bitmap: 16 20
bitmap: 14 22
bitmap: 14 18
bitmap: 16 20
bitmap: 16 16
bitmap: 14 16
bitmap: 14 18
bitmap: 14 18
bitmap: 16 22
bitmap: 18 18
bitmap: 14 24
bitmap: 14 20
bitmap: 14 16
bitmap: 14 22
bitmap: 14 22
bitmap: 14 20
bitmap: 16 20
bitmap: 16 20
bitmap: 14 20
bitmap: 14 20
bitmap: 14 20
bitmap: 14 20
bitmap: 16 20
bitmap: 14 22
bitmap: 14 20
bitmap: 18 20
bitmap: 14 20
bitmap: 14 20
bitmap: 14 20
bitmap: 14 22
bitmap: 14 20
bitmap: 14 20
bitmap: 16 20
bitmap: 14 20
bitmap: 16 20
bitmap: 12 22
bitmap: 14 18
bitmap: 16 20
bitmap: 18 18
bitmap: 14 16
bitmap: 14 20
bitmap: 14 24
bitmap: 12 18
bitmap: 14 22
bitmap: 14 16
bitmap: 16 20
bitmap: 14 18
bitmap: 14 18
bitmap: 14 18
bitmap: 16 22
bitmap: 16 22
bitmap: 14 18
bitmap: 14 18
bitmap: 14 20
bitmap: 16 20
bitmap: 14 20
bitmap: 14 18
bitmap: 14 22
bitmap: 12 20
bitmap: 14 20
bitmap: 14 20
bitmap: 18 18
bitmap: 14 18
bitmap: 14 20
bitmap: 14 20
bitmap: 14 22
bitmap: 16 20
bitmap: 14 20
bitmap: 14 18
bitmap: 14 22
bitmap: 14 18
bitmap: 14 20
bitmap: 14 18
bitmap: 14 22
bitmap: 12 20
bitmap: 14 18
bitmap: 16 22
bitmap: 14 20
bitmap: 14 18
bitmap: 16 20
bitmap: 12 22
bitmap: 12 18
bitmap: 14 24
bitmap: 14 20
bitmap: 14 18
bitmap: 14 20
bitmap: 14 22
bitmap: 14 22
bitmap: 16 18
bitmap: 16 22
bitmap: 16 20
bitmap: 14 22
bitmap: 16 20
bitmap: 14 20
bitmap: 16 18
bitmap: 14 18
bitmap: 12 22
bitmap: 14 18
bitmap: 14 18
bitmap: 14 20
bitmap: 14 18
bitmap: 16 18
bitmap: 14 18
bitmap: 14 18
bitmap: 14 18
bitmap: 14 18
bitmap: 14 14
bitmap: 14 20
bitmap: 14 18
bitmap: 14 22
bitmap: 14 18
bitmap: 14 22
bitmap: 14 20
bitmap: 14 18
bitmap: 14 22
bitmap: 14 20
bitmap: 14 14
bitmap: 14 18
bitmap: 16 16
bitmap: 14 18
bitmap: 18 16
bitmap: 16 14
bitmap: 14 20
bitmap: 14 18
bitmap: 14 18
bitmap: 14 18
bitmap: 16 18
bitmap: 14 18
bitmap: 18 18
bitmap: 16 20
bitmap: 12 18
bitmap: 14 20
bitmap: 14 18
bitmap: 14 18
bitmap: 16 22
bitmap: 14 22
bitmap: 14 22
bitmap: 16 20
bitmap: 14 26
bitmap: 16 20
bitmap: 14 16
bitmap: 14 20
bitmap: 16 22
bitmap: 14 18
bitmap: 14 20
bitmap: 14 22
bitmap: 14 22
bitmap: 12 20
bitmap: 14 16
bitmap: 16 18
bitmap: 12 22
bitmap: 14 22
bitmap: 14 22
bitmap: 12 22
bitmap: 16 20
bitmap: 14 18
bitmap: 16 16
bitmap: 16 20
bitmap: 14 18
bitmap: 14 20
bitmap: 14 18
bitmap: 14 22
bitmap: 16 20
bitmap: 14 20
bitmap: 12 18
bitmap: 14 18
bitmap: 14 20
bitmap: 14 18
bitmap: 16 20
bitmap: 12 22
bitmap: 16 20
bitmap: 14 20
bitmap: 16 18
bitmap: 16 20
bitmap: 16 20
bitmap: 18 18
bitmap: 12 20
bitmap: 16 20
bitmap: 16 50
bitmap: 14 22
bitmap: 14 22
bitmap: 14 20
bitmap: 14 22
bitmap: 14 22
bitmap: 14 22
bitmap: 14 22
bitmap: 14 20
bitmap: 14 22
bitmap: 14 18
bitmap: 18 22
bitmap: 16 20
bitmap: 16 22
bitmap: 14 20
bitmap: 14 20
bitmap: 16 34
bitmap: 14 16
bitmap: 16 52
bitmap: 16 18
bitmap: 14 18
bitmap: 14 20
bitmap: 14 18
bitmap: 16 20
bitmap: 12 42
bitmap: 14 18
bitmap: 16 16
bitmap: 14 16
bitmap: 14 16
bitmap: 12 20
bitmap: 14 16
bitmap: 14 16
bitmap: 14 18
bitmap: 14 16
bitmap: 20 18
bitmap: 14 20
bitmap: 14 24
bitmap: 14 18
bitmap: 18 22
bitmap: 14 22
bitmap: 14 22
bitmap: 16 22
bitmap: 16 16
bitmap: 12 22
bitmap: 12 22
bitmap: 14 20
bitmap: 14 20
bitmap: 16 20
bitmap: 14 36
bitmap: 14 22
bitmap: 12 14
bitmap: 14 20
bitmap: 16 18
bitmap: 14 18
bitmap: 14 22
bitmap: 14 18
bitmap: 14 50
bitmap: 12 36
bitmap: 16 20
bitmap: 14 22
bitmap: 16 20
bitmap: 14 22
bitmap: 36 20
bitmap: 18 18
bitmap: 14 40
bitmap: 14 20
bitmap: 16 16
bitmap: 16 22
bitmap: 14 24
bitmap: 14 22
bitmap: 18 20
bitmap: 14 18
bitmap: 16 20
bitmap: 16 20
bitmap: 12 22
bitmap: 12 22
bitmap: 48 26
bitmap: 48 24
bitmap: 58 20
bitmap: 14 18
bitmap: 16 20
bitmap: 16 20
bitmap: 14 16
bitmap: 16 14
bitmap: 14 16
bitmap: 14 16
bitmap: 14 18
bitmap: 14 18
bitmap: 14 20
bitmap: 14 18
bitmap: 64 20
bitmap: 14 20
bitmap: 14 18
bitmap: 14 16
bitmap: 14 18
bitmap: 16 20
bitmap: 16 16
bitmap: 16 20
bitmap: 14 18
bitmap: 16 22
bitmap: 14 16
bitmap: 16 16
bitmap: 16 18
bitmap: 14 18
bitmap: 16 18
bitmap: 14 16
bitmap: 14 18
bitmap: 14 18
bitmap: 18 18
bitmap: 16 16
bitmap: 64 18
bitmap: 14 16
bitmap: 16 18
bitmap: 14 18
bitmap: 14 16
bitmap: 14 16
bitmap: 18 22
bitmap: 14 16
bitmap: 16 20
bitmap: 16 16
bitmap: 16 18
bitmap: 14 50
bitmap: 14 18
bitmap: 14 20
bitmap: 18 18
bitmap: 16 18
bitmap: 14 18
bitmap: 16 22
bitmap: 60 20
bitmap: 16 18
bitmap: 16 18
bitmap: 14 22
bitmap: 16 18
bitmap: 14 18
bitmap: 18 18
bitmap: 14 20
bitmap: 14 20
bitmap: 14 18
bitmap: 14 18
bitmap: 14 18
bitmap: 14 18
bitmap: 16 18
bitmap: 14 18
bitmap: 14 20
bitmap: 14 18
bitmap: 16 22
bitmap: 16 16
bitmap: 58 20
bitmap: 14 18
bitmap: 16 18
bitmap: 16 20
bitmap: 14 22
bitmap: 16 18
bitmap: 14 18
bitmap: 14 18
bitmap: 14 52
bitmap: 66 22
bitmap: 16 18
bitmap: 14 14
bitmap: 14 16
bitmap: 16 16
bitmap: 14 18
bitmap: 14 18
bitmap: 14 16
bitmap: 14 16
bitmap: 14 26
bitmap: 14 18
bitmap: 14 18
bitmap: 14 18
bitmap: 16 16
bitmap: 14 18
bitmap: 14 18
bitmap: 14 22
bitmap: 34 20
bitmap: 16 16
bitmap: 18 22
bitmap: 16 20
bitmap: 14 18
bitmap: 16 22
bitmap: 64 20
bitmap: 16 16
bitmap: 14 22
bitmap: 16 18
bitmap: 14 52
bitmap: 16 16
bitmap: 18 16
bitmap: 16 16
bitmap: 14 16
bitmap: 14 18
bitmap: 16 16
bitmap: 14 12
bitmap: 68 20
bitmap: 14 16
bitmap: 14 16
bitmap: 14 20
bitmap: 16 14
bitmap: 16 14
bitmap: 14 16
bitmap: 16 20
bitmap: 14 18
bitmap: 14 16
bitmap: 58 20
bitmap: 16 16
bitmap: 14 20
bitmap: 14 22
bitmap: 16 18
bitmap: 60 22
bitmap: 14 16
bitmap: 14 18
bitmap: 14 20
bitmap: 16 22
bitmap: 58 20
bitmap: 14 20
bitmap: 14 18
bitmap: 14 18
bitmap: 14 16
bitmap: 14 20
bitmap: 14 18
bitmap: 14 22
bitmap: 14 22
bitmap: 14 16
bitmap: 14 18
bitmap: 16 18
bitmap: 12 22
bitmap: 14 18
bitmap: 18 20
bitmap: 14 18
bitmap: 14 20
bitmap: 14 18
bitmap: 14 22
bitmap: 14 20
bitmap: 14 18
bitmap: 60 20
bitmap: 16 16
bitmap: 16 18
bitmap: 16 16
bitmap: 18 20
bitmap: 14 18
bitmap: 14 22
bitmap: 14 18
bitmap: 14 18
bitmap: 16 16
bitmap: 16 18
bitmap: 62 20
bitmap: 14 18
bitmap: 14 20
bitmap: 14 18
bitmap: 14 20
bitmap: 16 16
bitmap: 14 16
bitmap: 14 18
bitmap: 14 18
bitmap: 16 14
bitmap: 14 14
bitmap: 16 16
bitmap: 16 18
bitmap: 14 20
bitmap: 16 16
bitmap: 16 18
bitmap: 14 18
bitmap: 14 18
bitmap: 14 20
bitmap: 16 18
bitmap: 14 22
bitmap: 16 16
bitmap: 14 16
bitmap: 14 20
bitmap: 16 22
bitmap: 14 18
bitmap: 14 20
bitmap: 16 18
bitmap: 14 20
bitmap: 14 36
bitmap: 18 18
bitmap: 16 16
bitmap: 16 18
bitmap: 60 22
bitmap: 14 16
bitmap: 16 22
bitmap: 14 20
bitmap: 16 16
bitmap: 14 22
bitmap: 14 20
bitmap: 14 20
bitmap: 16 22
bitmap: 16 18
bitmap: 14 18
bitmap: 16 20
bitmap: 14 18
bitmap: 16 20
bitmap: 16 18
bitmap: 12 18
bitmap: 14 16
bitmap: 14 18
bitmap: 14 14
bitmap: 16 18
bitmap: 14 18
bitmap: 60 22
bitmap: 14 18
bitmap: 16 22
bitmap: 16 18
bitmap: 14 22
bitmap: 14 18
bitmap: 16 16
bitmap: 58 22
bitmap: 16 18
bitmap: 14 18
bitmap: 12 16
bitmap: 14 18
bitmap: 14 20
bitmap: 14 16
bitmap: 14 22
bitmap: 16 18
bitmap: 60 22
bitmap: 14 16
bitmap: 16 18
bitmap: 14 22
bitmap: 12 18
bitmap: 16 22
bitmap: 14 22
bitmap: 60 22
bitmap: 14 18
bitmap: 16 22
bitmap: 16 16
bitmap: 14 18
bitmap: 14 20
bitmap: 14 20
bitmap: 14 16
bitmap: 16 20
bitmap: 18 18
bitmap: 16 18
bitmap: 16 22
bitmap: 14 18
bitmap: 14 18
bitmap: 20 16
bitmap: 66 20
bitmap: 14 18
bitmap: 16 16
bitmap: 16 16
bitmap: 16 14
bitmap: 14 18
bitmap: 16 50
bitmap: 14 18
bitmap: 62 22
bitmap: 16 18
bitmap: 14 16
bitmap: 14 16
bitmap: 16 16
bitmap: 16 18
bitmap: 14 18
bitmap: 14 16
bitmap: 14 20
bitmap: 14 14
bitmap: 14 16
bitmap: 64 20
bitmap: 16 16
bitmap: 16 16
bitmap: 36 22
bitmap: 16 18
bitmap: 16 22
bitmap: 16 52
bitmap: 14 16
bitmap: 14 16
bitmap: 18 16
bitmap: 14 18
bitmap: 14 14
bitmap: 16 18
bitmap: 16 20
bitmap: 14 46
bitmap: 16 18
bitmap: 14 18
bitmap: 16 14
bitmap: 16 18
bitmap: 16 14
bitmap: 16 18
bitmap: 14 24
bitmap: 16 22
bitmap: 14 20
bitmap: 14 18
bitmap: 62 18
bitmap: 16 22
bitmap: 14 20
bitmap: 16 18
bitmap: 16 18
bitmap: 14 16
bitmap: 14 16
bitmap: 16 16
bitmap: 62 22
bitmap: 16 18
bitmap: 18 14
bitmap: 16 18
bitmap: 14 16
bitmap: 16 16
bitmap: 14 16
bitmap: 14 18
bitmap: 14 14
bitmap: 16 14
bitmap: 14 16
bitmap: 16 18
bitmap: 14 16
bitmap: 14 18
bitmap: 16 16
bitmap: 14 18
bitmap: 14 20
bitmap: 14 18
bitmap: 60 20
bitmap: 14 18
bitmap: 16 20
bitmap: 14 18
bitmap: 14 18
bitmap: 16 22
bitmap: 14 16
bitmap: 14 18
bitmap: 14 18
bitmap: 14 22
bitmap: 60 20
bitmap: 14 16
bitmap: 16 18
bitmap: 14 20
bitmap: 16 22
bitmap: 14 18
bitmap: 16 18
bitmap: 14 18
bitmap: 16 22
bitmap: 14 20
bitmap: 14 18
bitmap: 14 18
bitmap: 14 18
bitmap: 16 16
bitmap: 14 22
bitmap: 14 18
bitmap: 14 18
bitmap: 16 16
bitmap: 58 22
bitmap: 14 16
bitmap: 14 16
bitmap: 14 18
bitmap: 14 16
bitmap: 14 16
bitmap: 14 16
bitmap: 18 56
bitmap: 16 16
bitmap: 68 22
bitmap: 12 14
bitmap: 14 16
bitmap: 14 16
bitmap: 14 20
bitmap: 16 22
bitmap: 16 14
bitmap: 14 16
bitmap: 14 16
bitmap: 16 16
bitmap: 62 18
bitmap: 16 20
bitmap: 14 18
bitmap: 16 16
bitmap: 16 22
bitmap: 14 18
bitmap: 18 16
bitmap: 18 18
bitmap: 14 18
bitmap: 14 16
bitmap: 16 16
bitmap: 14 20
bitmap: 14 16
bitmap: 14 18
bitmap: 14 16
bitmap: 16 18
bitmap: 16 20
bitmap: 14 18
bitmap: 14 16
bitmap: 20 20
bitmap: 14 22
bitmap: 14 20
bitmap: 16 20
bitmap: 14 16
bitmap: 14 18
bitmap: 14 18
bitmap: 16 18
bitmap: 60 20
bitmap: 16 18
bitmap: 18 16
bitmap: 16 16
bitmap: 14 16
bitmap: 16 16
bitmap: 14 16
bitmap: 16 18
bitmap: 14 18
bitmap: 14 18
bitmap: 16 18
bitmap: 16 18
bitmap: 16 18
bitmap: 14 22
bitmap: 12 18
bitmap: 14 20
bitmap: 14 18
bitmap: 14 18
bitmap: 16 20
bitmap: 64 20
bitmap: 14 18
bitmap: 14 18
bitmap: 14 22
bitmap: 14 22
bitmap: 16 18
bitmap: 14 18
bitmap: 16 16
bitmap: 14 22
bitmap: 58 20
bitmap: 14 16
bitmap: 12 18
bitmap: 14 18
bitmap: 14 20
bitmap: 16 16
bitmap: 14 18
bitmap: 14 22
bitmap: 14 20
bitmap: 14 16
bitmap: 14 16
bitmap: 16 20
bitmap: 16 18
bitmap: 14 156
bitmap: 16 22
bitmap: 16 16
bitmap: 14 20
bitmap: 14 22
bitmap: 12 20
bitmap: 14 22
bitmap: 14 22
bitmap: 62 18
bitmap: 14 20
bitmap: 16 18
bitmap: 14 16
bitmap: 14 18
bitmap: 16 20
bitmap: 14 18
bitmap: 14 20
bitmap: 14 22
bitmap: 58 22
bitmap: 16 16
bitmap: 14 22
bitmap: 16 18
bitmap: 16 16
bitmap: 14 16
bitmap: 14 16
bitmap: 14 166
bitmap: 14 18
bitmap: 16 22
bitmap: 16 18
bitmap: 16 18
bitmap: 60 20
bitmap: 16 18
bitmap: 14 20
bitmap: 14 22
bitmap: 14 16
bitmap: 14 20
bitmap: 16 18
bitmap: 16 18
bitmap: 60 20
bitmap: 16 16
bitmap: 14 22
bitmap: 12 16
bitmap: 14 16
bitmap: 14 18
bitmap: 14 20
