bitmap: 102
bitmap: 70
bitmap: 70
bitmap: 70
bitmap: 70
bitmap: 68
bitmap: 72
bitmap: 68
bitmap: 62
bitmap: 64
bitmap: 66
bitmap: 64
bitmap: 62
bitmap: 64
bitmap: 68
bitmap: 62
bitmap: 64
bitmap: 66
bitmap: 68
bitmap: 64
bitmap: 66
bitmap: 62
bitmap: 98
bitmap: 68
bitmap: 32
bitmap: 68
bitmap: 62
bitmap: 62
bitmap: 64
bitmap: 62
bitmap: 70
bitmap: 68
bitmap: 66
bitmap: 64
bitmap: 66
bitmap: 64
bitmap: 62
bitmap: 64
bitmap: 64
bitmap: 62
bitmap: 62
bitmap: 62
bitmap: 66
bitmap: 62
bitmap: 30
bitmap: 64
bitmap: 68
bitmap: 64
bitmap: 70
bitmap: 68
bitmap: 64
bitmap: 64
bitmap: 66
bitmap: 64
bitmap: 66
bitmap: 62
bitmap: 66
bitmap: 66
bitmap: 68
bitmap: 66
bitmap: 62
bitmap: 64
bitmap: 70
bitmap: 60
bitmap: 66
bitmap: 64
bitmap: 66
bitmap: 66
bitmap: 72
bitmap: 64
bitmap: 64
bitmap: 62
bitmap: 64
bitmap: 66
bitmap: 72
bitmap: 62
bitmap: 66
bitmap: 64
bitmap: 70
bitmap: 66
bitmap: 66
bitmap: 62
bitmap: 62
bitmap: 62
bitmap: 66
bitmap: 100
bitmap: 70
bitmap: 64
bitmap: 62
bitmap: 62
bitmap: 62
bitmap: 66
bitmap: 66
bitmap: 60
bitmap: 70
bitmap: 66
bitmap: 68
bitmap: 64
bitmap: 68
bitmap: 68
bitmap: 66
bitmap: 62
bitmap: 68
bitmap: 66
bitmap: 68
bitmap: 62
bitmap: 62
bitmap: 62
bitmap: 36
bitmap: 66
bitmap: 68
bitmap: 62
bitmap: 66
bitmap: 66
bitmap: 64
bitmap: 66
bitmap: 66
bitmap: 64
bitmap: 68
bitmap: 68
bitmap: 66
bitmap: 62
bitmap: 64
bitmap: 64
bitmap: 64
bitmap: 62
bitmap: 70
bitmap: 62
bitmap: 98
bitmap: 86
bitmap: 86
bitmap: 84
bitmap: 94
bitmap: 86
bitmap: 86
bitmap: 82
bitmap: 84
bitmap: 84
bitmap: 86
bitmap: 86
bitmap: 86
bitmap: 92
bitmap: 84
bitmap: 86
bitmap: 90
bitmap: 86
bitmap: 84
bitmap: 88
bitmap: 88
bitmap: 90
bitmap: 90
bitmap: 86
bitmap: 72
bitmap: 84
bitmap: 86
bitmap: 86
bitmap: 92
bitmap: 84
bitmap: 78
bitmap: 34
bitmap: 84
bitmap: 88
bitmap: 84
bitmap: 90
bitmap: 84
bitmap: 92
bitmap: 92
bitmap: 84
bitmap: 88
bitmap: 82
bitmap: 86
bitmap: 92
bitmap: 86
bitmap: 88
bitmap: 86
bitmap: 86
bitmap: 90
bitmap: 92
bitmap: 84
bitmap: 84
bitmap: 88
bitmap: 90
bitmap: 30
bitmap: 86
bitmap: 94
bitmap: 72
bitmap: 84
bitmap: 88
bitmap: 122
bitmap: 86
bitmap: 92
bitmap: 84
bitmap: 84
bitmap: 88
bitmap: 88
bitmap: 84
bitmap: 84
bitmap: 88
bitmap: 90
bitmap: 80
bitmap: 86
bitmap: 92
bitmap: 82
bitmap: 84
bitmap: 88
bitmap: 90
bitmap: 90
bitmap: 88
bitmap: 86
bitmap: 86
bitmap: 92
bitmap: 84
bitmap: 82
bitmap: 34
bitmap: 84
bitmap: 86
bitmap: 86
bitmap: 92
bitmap: 86
bitmap: 84
bitmap: 104
bitmap: 84
bitmap: 90
bitmap: 84
bitmap: 84
bitmap: 90
bitmap: 84
bitmap: 90
bitmap: 110
bitmap: 90
bitmap: 88
bitmap: 90
bitmap: 86
bitmap: 86
bitmap: 90
bitmap: 88
bitmap: 116
bitmap: 84
bitmap: 92
bitmap: 88
bitmap: 94
bitmap: 92
bitmap: 84
bitmap: 94
bitmap: 84
bitmap: 82
bitmap: 82
bitmap: 84
bitmap: 90
bitmap: 88
bitmap: 92
bitmap: 86
bitmap: 90
bitmap: 88
bitmap: 94
bitmap: 90
bitmap: 92
bitmap: 84
bitmap: 88
bitmap: 90
bitmap: 90
bitmap: 92
bitmap: 88
bitmap: 84
bitmap: 94
bitmap: 84
bitmap: 30
bitmap: 82
bitmap: 82
bitmap: 88
bitmap: 94
bitmap: 84
bitmap: 84
bitmap: 88
bitmap: 86
bitmap: 88
bitmap: 86
bitmap: 92
bitmap: 86
bitmap: 90
bitmap: 92
bitmap: 32
bitmap: 28
bitmap: 86
bitmap: 92
bitmap: 88
bitmap: 88
bitmap: 84
bitmap: 92
bitmap: 94
bitmap: 116
bitmap: 88
bitmap: 86
bitmap: 86
bitmap: 74
bitmap: 70
bitmap: 78
bitmap: 82
bitmap: 92
bitmap: 82
bitmap: 90
bitmap: 76
bitmap: 88
bitmap: 74
bitmap: 76
bitmap: 92
bitmap: 86
bitmap: 90
bitmap: 90
bitmap: 86
bitmap: 86
bitmap: 88
bitmap: 90
bitmap: 86
bitmap: 88
bitmap: 90
bitmap: 90
bitmap: 92
bitmap: 86
bitmap: 80
bitmap: 82
bitmap: 86
bitmap: 92
bitmap: 82
bitmap: 88
bitmap: 86
bitmap: 84
bitmap: 88
bitmap: 74
bitmap: 84
bitmap: 76
bitmap: 74
bitmap: 96
bitmap: 74
bitmap: 74
bitmap: 32
bitmap: 70
bitmap: 72
bitmap: 74
bitmap: 76
bitmap: 98
bitmap: 68
bitmap: 78
bitmap: 70
bitmap: 76
bitmap: 36
bitmap: 76
bitmap: 74
bitmap: 94
bitmap: 72
bitmap: 76
bitmap: 70
bitmap: 72
bitmap: 74
bitmap: 74
bitmap: 80
bitmap: 78
bitmap: 78
bitmap: 76
bitmap: 74
bitmap: 72
bitmap: 70
bitmap: 72
bitmap: 74
bitmap: 78
bitmap: 80
bitmap: 82
bitmap: 70
bitmap: 72
bitmap: 70
bitmap: 78
bitmap: 74
bitmap: 70
bitmap: 70
bitmap: 78
bitmap: 74
bitmap: 72
bitmap: 74
bitmap: 68
bitmap: 68
bitmap: 72
bitmap: 72
bitmap: 74
bitmap: 72
bitmap: 78
bitmap: 76
bitmap: 88
bitmap: 82
bitmap: 84
bitmap: 86
bitmap: 90
bitmap: 82
bitmap: 86
bitmap: 84
bitmap: 88
bitmap: 84
bitmap: 88
bitmap: 88
bitmap: 88
bitmap: 90
bitmap: 82
bitmap: 82
bitmap: 84
bitmap: 86
bitmap: 86
bitmap: 90
bitmap: 84
bitmap: 86
bitmap: 84
bitmap: 92
bitmap: 86
bitmap: 90
bitmap: 94
bitmap: 84
bitmap: 84
bitmap: 88
bitmap: 90
bitmap: 84
bitmap: 84
bitmap: 80
bitmap: 92
bitmap: 90
bitmap: 84
bitmap: 86
bitmap: 84
bitmap: 84
bitmap: 86
bitmap: 84
bitmap: 32
bitmap: 84
bitmap: 90
bitmap: 68
bitmap: 80
bitmap: 74
bitmap: 80
bitmap: 82
bitmap: 70
bitmap: 76
bitmap: 76
bitmap: 74
bitmap: 72
bitmap: 70
bitmap: 34
bitmap: 90
bitmap: 84
bitmap: 92
bitmap: 86
bitmap: 86
bitmap: 92
bitmap: 84
bitmap: 88
bitmap: 86
bitmap: 84
bitmap: 86
bitmap: 76
bitmap: 70
bitmap: 68
bitmap: 78
bitmap: 88
bitmap: 86
bitmap: 186
bitmap: 88
bitmap: 86
bitmap: 88
bitmap: 86
bitmap: 90
bitmap: 84
bitmap: 88
bitmap: 106
bitmap: 90
bitmap: 84
bitmap: 86
bitmap: 86
bitmap: 98
bitmap: 92
bitmap: 86
bitmap: 116
bitmap: 86
bitmap: 92
bitmap: 34
bitmap: 82
bitmap: 90
bitmap: 84
bitmap: 90
bitmap: 112
bitmap: 96
bitmap: 94
bitmap: 84
bitmap: 88
bitmap: 86
bitmap: 86
bitmap: 86
bitmap: 124
bitmap: 86
bitmap: 82
bitmap: 94
bitmap: 68
bitmap: 86
bitmap: 86
bitmap: 86
bitmap: 102
bitmap: 90
bitmap: 84
bitmap: 94
bitmap: 86
bitmap: 90
bitmap: 90
bitmap: 94
bitmap: 88
bitmap: 88
bitmap: 82
bitmap: 84
bitmap: 88
bitmap: 88
bitmap: 86
bitmap: 80
bitmap: 88
bitmap: 88
bitmap: 82
bitmap: 90
bitmap: 82
bitmap: 84
bitmap: 86
bitmap: 94
bitmap: 94
bitmap: 92
bitmap: 92
bitmap: 84
bitmap: 82
bitmap: 86
bitmap: 84
bitmap: 84
bitmap: 76
bitmap: 70
bitmap: 74
bitmap: 66
bitmap: 70
bitmap: 72
bitmap: 72
bitmap: 76
bitmap: 84
bitmap: 90
bitmap: 84
bitmap: 76
bitmap: 90
bitmap: 76
bitmap: 72
bitmap: 72
bitmap: 72
bitmap: 78
bitmap: 72
bitmap: 72
bitmap: 76
bitmap: 70
bitmap: 78
bitmap: 70
bitmap: 70
bitmap: 72
bitmap: 74
bitmap: 72
bitmap: 76
bitmap: 82
bitmap: 76
bitmap: 76
bitmap: 72
bitmap: 68
bitmap: 76
bitmap: 78
bitmap: 76
bitmap: 72
bitmap: 76
bitmap: 74
bitmap: 76
bitmap: 68
bitmap: 70
bitmap: 76
bitmap: 76
bitmap: 70
bitmap: 78
bitmap: 74
bitmap: 70
bitmap: 68
bitmap: 76
bitmap: 72
bitmap: 76
bitmap: 72
bitmap: 70
bitmap: 74
bitmap: 70
bitmap: 70
bitmap: 74
bitmap: 72
bitmap: 76
bitmap: 72
bitmap: 76
bitmap: 70
bitmap: 78
bitmap: 78
bitmap: 70
bitmap: 76
bitmap: 74
bitmap: 82
bitmap: 72
bitmap: 74
bitmap: 72
bitmap: 70
bitmap: 74
bitmap: 34
bitmap: 76
bitmap: 70
bitmap: 76
bitmap: 76
bitmap: 80
bitmap: 68
bitmap: 70
bitmap: 70
bitmap: 70
bitmap: 78
bitmap: 70
bitmap: 70
bitmap: 76
bitmap: 68
bitmap: 78
bitmap: 68
bitmap: 80
bitmap: 76
bitmap: 72
bitmap: 74
bitmap: 74
bitmap: 78
bitmap: 78
bitmap: 70
bitmap: 76
bitmap: 72
bitmap: 34
bitmap: 78
bitmap: 70
bitmap: 72
bitmap: 70
bitmap: 76
bitmap: 78
bitmap: 72
bitmap: 78
bitmap: 70
bitmap: 68
bitmap: 72
bitmap: 72
bitmap: 72
bitmap: 74
bitmap: 72
bitmap: 72
bitmap: 72
bitmap: 78
bitmap: 72
bitmap: 70
bitmap: 74
bitmap: 78
bitmap: 74
bitmap: 72
bitmap: 70
bitmap: 70
bitmap: 74
bitmap: 68
bitmap: 70
bitmap: 72
bitmap: 74
bitmap: 80
bitmap: 74
bitmap: 70
bitmap: 70
bitmap: 74
bitmap: 70
bitmap: 70
bitmap: 72
bitmap: 72
bitmap: 72
bitmap: 74
bitmap: 70
bitmap: 76
bitmap: 78
bitmap: 70
bitmap: 76
bitmap: 74
bitmap: 72
bitmap: 74
bitmap: 74
bitmap: 76
bitmap: 70
bitmap: 76
bitmap: 82
bitmap: 76
bitmap: 70
bitmap: 74
bitmap: 72
bitmap: 72
bitmap: 76
bitmap: 70
bitmap: 76
bitmap: 70
bitmap: 70
bitmap: 76
bitmap: 72
bitmap: 78
bitmap: 74
bitmap: 70
bitmap: 70
bitmap: 76
bitmap: 70
bitmap: 74
bitmap: 72
bitmap: 72
bitmap: 76
bitmap: 76
bitmap: 74
bitmap: 70
bitmap: 74
bitmap: 78
bitmap: 76
bitmap: 70
bitmap: 76
bitmap: 76
bitmap: 68
bitmap: 78
bitmap: 68
bitmap: 28
bitmap: 70
bitmap: 68
bitmap: 68
bitmap: 76
bitmap: 76
bitmap: 72
bitmap: 78
bitmap: 70
bitmap: 70
bitmap: 72
bitmap: 32
bitmap: 32
bitmap: 78
bitmap: 68
bitmap: 78
bitmap: 70
bitmap: 76
bitmap: 76
bitmap: 76
bitmap: 74
bitmap: 72
bitmap: 72
bitmap: 76
bitmap: 78
bitmap: 74
bitmap: 74
bitmap: 78
bitmap: 68
bitmap: 76
bitmap: 76
bitmap: 68
bitmap: 78
bitmap: 72
bitmap: 70
bitmap: 70
bitmap: 74
bitmap: 70
bitmap: 74
bitmap: 74
bitmap: 76
bitmap: 72
bitmap: 70
bitmap: 74
bitmap: 68
bitmap: 76
bitmap: 76
bitmap: 72
bitmap: 78
bitmap: 72
bitmap: 80
bitmap: 30
bitmap: 80
bitmap: 70
bitmap: 72
bitmap: 72
bitmap: 72
bitmap: 70
bitmap: 72
bitmap: 76
bitmap: 68
bitmap: 74
bitmap: 70
bitmap: 70
bitmap: 74
bitmap: 72
bitmap: 74
bitmap: 72
bitmap: 76
bitmap: 70
bitmap: 74
bitmap: 72
bitmap: 78
bitmap: 70
bitmap: 72
bitmap: 78
bitmap: 114
bitmap: 72
bitmap: 74
bitmap: 70
bitmap: 68
bitmap: 78
bitmap: 72
bitmap: 72
bitmap: 28
bitmap: 70
bitmap: 76
bitmap: 72
bitmap: 96
bitmap: 76
bitmap: 78
bitmap: 70
bitmap: 76
bitmap: 84
bitmap: 76
bitmap: 76
bitmap: 104
bitmap: 70
bitmap: 72
bitmap: 66
bitmap: 76
bitmap: 76
bitmap: 76
bitmap: 78
bitmap: 98
bitmap: 72
bitmap: 74
bitmap: 72
bitmap: 72
bitmap: 74
bitmap: 74
bitmap: 74
bitmap: 72
bitmap: 72
bitmap: 70
bitmap: 70
bitmap: 66
bitmap: 76
bitmap: 72
bitmap: 72
bitmap: 70
bitmap: 70
bitmap: 80
bitmap: 70
bitmap: 80
bitmap: 30
bitmap: 74
bitmap: 74
bitmap: 70
bitmap: 72
bitmap: 72
bitmap: 72
bitmap: 76
bitmap: 76
bitmap: 70
bitmap: 70
bitmap: 80
bitmap: 74
bitmap: 76
bitmap: 34
bitmap: 74
bitmap: 72
bitmap: 74
bitmap: 76
bitmap: 76
bitmap: 76
bitmap: 72
bitmap: 72
bitmap: 70
bitmap: 80
bitmap: 72
bitmap: 72
bitmap: 72
bitmap: 82
bitmap: 78
bitmap: 70
bitmap: 72
bitmap: 72
bitmap: 70
bitmap: 70
bitmap: 74
bitmap: 70
bitmap: 72
bitmap: 72
bitmap: 76
bitmap: 108
bitmap: 70
bitmap: 70
bitmap: 76
bitmap: 72
bitmap: 76
bitmap: 66
bitmap: 72
bitmap: 76
bitmap: 74
bitmap: 72
bitmap: 76
bitmap: 74
bitmap: 72
bitmap: 74
bitmap: 82
bitmap: 76
bitmap: 74
bitmap: 74
bitmap: 78
bitmap: 72
bitmap: 76
bitmap: 68
bitmap: 72
bitmap: 78
bitmap: 72
bitmap: 72
bitmap: 70
bitmap: 70
bitmap: 76
bitmap: 68
bitmap: 78
bitmap: 70
bitmap: 76
bitmap: 74
bitmap: 74
bitmap: 74
bitmap: 78
bitmap: 70
bitmap: 68
bitmap: 72
bitmap: 70
bitmap: 30
bitmap: 72
bitmap: 74
bitmap: 76
bitmap: 76
bitmap: 72
bitmap: 72
bitmap: 76
bitmap: 72
bitmap: 72
bitmap: 72
bitmap: 72
bitmap: 72
bitmap: 80
bitmap: 80
bitmap: 70
bitmap: 76
bitmap: 76
bitmap: 70
bitmap: 70
bitmap: 78
bitmap: 76
bitmap: 70
bitmap: 74
bitmap: 74
bitmap: 70
bitmap: 68
bitmap: 76
bitmap: 70
bitmap: 70
bitmap: 70
bitmap: 74
bitmap: 78
bitmap: 72
bitmap: 72
bitmap: 72
bitmap: 78
bitmap: 70
bitmap: 70
bitmap: 78
bitmap: 70
bitmap: 76
bitmap: 76
bitmap: 70
bitmap: 30
bitmap: 72
bitmap: 36
bitmap: 76
bitmap: 70
bitmap: 90
bitmap: 78
bitmap: 70
bitmap: 74
bitmap: 76
bitmap: 76
bitmap: 72
bitmap: 74
bitmap: 68
bitmap: 70
bitmap: 74
bitmap: 72
bitmap: 76
bitmap: 74
bitmap: 74
bitmap: 74
bitmap: 98
bitmap: 86
bitmap: 76
bitmap: 72
