bitmap: 64 66
bitmap: 14 36
bitmap: 60 22
bitmap: 36 16
bitmap: 36 18
bitmap: 38 22
bitmap: 36 18
bitmap: 36 20
bitmap: 34 18
bitmap: 14 36
bitmap: 36 24
bitmap: 36 22
bitmap: 16 42
bitmap: 38 24
bitmap: 34 20
bitmap: 16 38
bitmap: 36 20
bitmap: 58 22
bitmap: 14 20
bitmap: 12 38
bitmap: 38 24
bitmap: 14 38
bitmap: 36 18
bitmap: 38 24
bitmap: 14 40
bitmap: 14 40
bitmap: 16 38
bitmap: 16 34
bitmap: 14 56
bitmap: 14 32
bitmap: 34 18
bitmap: 34 24
bitmap: 16 38
bitmap: 36 18
bitmap: 16 36
bitmap: 14 36
bitmap: 16 42
bitmap: 36 22
bitmap: 36 22
bitmap: 36 24
bitmap: 14 40
bitmap: 14 40
bitmap: 14 36
bitmap: 36 20
bitmap: 14 46
bitmap: 14 40
bitmap: 36 24
bitmap: 14 38
bitmap: 16 40
bitmap: 36 22
bitmap: 36 24
bitmap: 14 40
bitmap: 14 36
bitmap: 36 24
bitmap: 38 22
bitmap: 16 38
bitmap: 36 22
bitmap: 34 24
bitmap: 14 36
bitmap: 36 22
bitmap: 36 24
bitmap: 16 38
bitmap: 16 36
bitmap: 22 22
bitmap: 14 38
bitmap: 16 38
bitmap: 38 24
bitmap: 14 38
bitmap: 36 22
bitmap: 34 20
bitmap: 36 22
bitmap: 34 22
bitmap: 36 22
bitmap: 36 24
bitmap: 34 22
bitmap: 14 40
bitmap: 34 24
bitmap: 36 20
bitmap: 34 24
bitmap: 36 22
bitmap: 36 22
bitmap: 14 36
bitmap: 16 36
bitmap: 16 38
bitmap: 36 22
bitmap: 14 40
bitmap: 34 20
bitmap: 38 24
bitmap: 36 22
bitmap: 14 38
bitmap: 36 24
bitmap: 20 36
bitmap: 14 36
bitmap: 12 40
bitmap: 36 20
bitmap: 36 22
bitmap: 34 22
bitmap: 14 38
bitmap: 14 36
bitmap: 14 34
bitmap: 14 36
bitmap: 38 22
bitmap: 14 32
bitmap: 16 20
bitmap: 38 22
bitmap: 36 24
bitmap: 12 32
bitmap: 16 32
bitmap: 16 40
bitmap: 14 36
bitmap: 34 18
bitmap: 36 20
bitmap: 34 20
bitmap: 36 24
bitmap: 36 22
bitmap: 16 42
bitmap: 16 42
bitmap: 34 20
bitmap: 36 22
bitmap: 14 44
bitmap: 14 46
bitmap: 14 38
bitmap: 34 20
bitmap: 38 22
bitmap: 12 38
bitmap: 18 40
bitmap: 36 20
bitmap: 36 24
bitmap: 14 40
bitmap: 14 38
bitmap: 36 22
bitmap: 14 40
bitmap: 14 40
bitmap: 14 38
bitmap: 18 46
bitmap: 38 22
bitmap: 38 22
bitmap: 34 20
bitmap: 38 22
bitmap: 14 38
bitmap: 34 20
bitmap: 16 38
bitmap: 36 18
bitmap: 38 22
bitmap: 36 20
bitmap: 20 22
bitmap: 14 36
bitmap: 18 36
bitmap: 36 22
bitmap: 36 22
bitmap: 14 36
bitmap: 12 36
bitmap: 14 38
bitmap: 36 22
bitmap: 34 20
bitmap: 36 24
bitmap: 14 36
bitmap: 14 36
bitmap: 36 16
bitmap: 40 22
bitmap: 38 24
bitmap: 38 20
bitmap: 16 38
bitmap: 14 36
bitmap: 14 40
bitmap: 34 24
bitmap: 16 36
bitmap: 14 40
bitmap: 14 40
bitmap: 36 20
bitmap: 14 38
bitmap: 14 38
bitmap: 16 34
bitmap: 16 36
bitmap: 36 24
bitmap: 40 22
bitmap: 38 24
bitmap: 34 24
bitmap: 20 24
bitmap: 36 18
bitmap: 20 22
bitmap: 14 40
bitmap: 36 22
bitmap: 14 38
bitmap: 38 24
bitmap: 34 24
bitmap: 14 30
bitmap: 34 24
bitmap: 34 20
bitmap: 16 40
bitmap: 14 32
bitmap: 34 22
bitmap: 34 22
bitmap: 14 36
bitmap: 36 18
bitmap: 14 38
bitmap: 36 20
bitmap: 38 22
bitmap: 36 24
bitmap: 16 38
bitmap: 36 22
bitmap: 36 22
bitmap: 36 22
bitmap: 14 42
bitmap: 36 22
bitmap: 38 24
bitmap: 14 32
bitmap: 36 22
bitmap: 16 38
bitmap: 14 38
bitmap: 36 20
bitmap: 34 22
bitmap: 14 38
bitmap: 16 36
bitmap: 38 20
bitmap: 14 38
bitmap: 16 36
bitmap: 38 24
bitmap: 16 38
bitmap: 34 22
bitmap: 34 22
bitmap: 36 22
bitmap: 16 36
bitmap: 14 40
bitmap: 14 32
bitmap: 44 38
bitmap: 14 30
bitmap: 14 30
bitmap: 34 24
bitmap: 16 36
bitmap: 34 20
bitmap: 36 24
bitmap: 14 40
bitmap: 16 42
bitmap: 14 38
bitmap: 34 22
bitmap: 36 22
bitmap: 36 22
bitmap: 14 20
bitmap: 36 22
bitmap: 34 22
bitmap: 16 32
bitmap: 34 22
bitmap: 38 22
bitmap: 14 56
bitmap: 38 22
bitmap: 36 20
bitmap: 60 20
bitmap: 14 20
bitmap: 34 24
bitmap: 40 22
bitmap: 34 20
bitmap: 16 38
bitmap: 16 36
bitmap: 14 50
bitmap: 12 18
bitmap: 34 24
bitmap: 40 24
bitmap: 14 38
bitmap: 14 18
bitmap: 36 48
bitmap: 36 22
bitmap: 36 22
bitmap: 14 40
bitmap: 14 38
bitmap: 14 38
bitmap: 36 22
bitmap: 36 22
bitmap: 34 40
bitmap: 36 24
bitmap: 40 20
bitmap: 36 20
bitmap: 36 22
bitmap: 34 24
bitmap: 34 24
bitmap: 14 24
bitmap: 14 38
bitmap: 36 22
bitmap: 14 34
bitmap: 36 24
bitmap: 34 20
bitmap: 38 24
bitmap: 36 22
bitmap: 16 36
bitmap: 14 40
bitmap: 36 24
bitmap: 14 38
bitmap: 12 40
bitmap: 14 40
bitmap: 38 24
bitmap: 38 22
bitmap: 14 38
bitmap: 16 40
bitmap: 16 40
bitmap: 14 32
bitmap: 34 22
bitmap: 14 38
bitmap: 36 24
bitmap: 36 24
bitmap: 34 24
bitmap: 14 32
bitmap: 14 30
bitmap: 38 22
bitmap: 16 36
bitmap: 14 32
bitmap: 16 36
bitmap: 12 32
bitmap: 38 22
bitmap: 36 20
bitmap: 16 32
bitmap: 36 20
bitmap: 38 24
bitmap: 12 32
bitmap: 14 38
bitmap: 14 30
bitmap: 38 26
bitmap: 38 22
bitmap: 14 36
bitmap: 38 18
bitmap: 12 36
bitmap: 36 24
bitmap: 16 38
bitmap: 16 38
bitmap: 34 20
bitmap: 38 24
bitmap: 38 22
bitmap: 36 20
bitmap: 14 38
bitmap: 36 22
bitmap: 14 44
bitmap: 38 22
bitmap: 14 40
bitmap: 36 22
bitmap: 14 40
bitmap: 34 20
bitmap: 34 24
bitmap: 36 24
bitmap: 14 42
bitmap: 34 22
bitmap: 14 38
bitmap: 34 22
bitmap: 36 22
bitmap: 14 36
bitmap: 12 40
bitmap: 16 40
bitmap: 14 38
bitmap: 14 36
bitmap: 36 22
bitmap: 36 20
bitmap: 12 32
bitmap: 14 34
bitmap: 34 22
bitmap: 14 34
bitmap: 38 22
bitmap: 34 22
bitmap: 34 22
bitmap: 34 24
bitmap: 34 24
bitmap: 14 36
bitmap: 36 22
bitmap: 34 24
bitmap: 16 38
bitmap: 14 30
bitmap: 16 32
bitmap: 36 20
bitmap: 34 20
bitmap: 14 32
bitmap: 36 22
bitmap: 14 38
bitmap: 18 40
bitmap: 36 22
bitmap: 34 22
bitmap: 14 38
bitmap: 14 38
bitmap: 36 18
bitmap: 34 20
bitmap: 34 22
bitmap: 14 38
bitmap: 36 24
bitmap: 14 40
bitmap: 14 40
bitmap: 14 38
bitmap: 36 20
bitmap: 16 38
bitmap: 12 40
bitmap: 14 38
bitmap: 34 22
bitmap: 36 20
bitmap: 14 40
bitmap: 14 40
bitmap: 36 20
bitmap: 16 40
bitmap: 34 22
bitmap: 14 38
bitmap: 38 24
bitmap: 36 22
bitmap: 16 36
bitmap: 14 40
bitmap: 14 32
bitmap: 14 36
bitmap: 16 36
bitmap: 16 38
bitmap: 14 20
bitmap: 16 24
bitmap: 34 22
bitmap: 22 22
bitmap: 12 34
bitmap: 16 40
bitmap: 14 38
bitmap: 14 38
bitmap: 36 22
bitmap: 14 40
bitmap: 34 24
bitmap: 36 24
bitmap: 40 20
bitmap: 40 24
bitmap: 16 36
bitmap: 36 22
bitmap: 36 22
bitmap: 14 38
bitmap: 34 24
bitmap: 14 40
bitmap: 36 20
bitmap: 34 24
bitmap: 14 40
bitmap: 40 24
bitmap: 34 20
bitmap: 14 38
bitmap: 36 24
bitmap: 36 18
bitmap: 36 22
bitmap: 14 38
bitmap: 36 20
bitmap: 14 40
bitmap: 40 22
bitmap: 36 22
bitmap: 16 42
bitmap: 20 24
bitmap: 36 24
bitmap: 34 22
bitmap: 14 40
bitmap: 36 20
bitmap: 14 32
bitmap: 36 24
bitmap: 36 24
bitmap: 16 28
bitmap: 36 20
bitmap: 16 34
bitmap: 34 20
bitmap: 14 36
bitmap: 14 38
bitmap: 36 24
bitmap: 34 20
bitmap: 34 22
bitmap: 34 20
bitmap: 36 24
bitmap: 14 36
bitmap: 34 22
bitmap: 34 24
bitmap: 14 38
bitmap: 14 40
bitmap: 38 18
bitmap: 14 34
bitmap: 16 20
bitmap: 16 36
bitmap: 14 40
bitmap: 36 24
bitmap: 36 24
bitmap: 56 20
bitmap: 36 24
bitmap: 16 32
bitmap: 36 18
bitmap: 34 22
bitmap: 36 24
bitmap: 16 30
bitmap: 36 20
bitmap: 38 22
bitmap: 36 24
bitmap: 34 20
bitmap: 36 22
bitmap: 16 38
bitmap: 38 18
bitmap: 36 22
bitmap: 36 24
bitmap: 14 38
bitmap: 14 36
bitmap: 14 38
bitmap: 36 20
bitmap: 16 34
bitmap: 36 20
bitmap: 14 44
bitmap: 14 38
bitmap: 36 38
bitmap: 36 34
bitmap: 14 32
bitmap: 20 38
bitmap: 14 38
bitmap: 36 22
bitmap: 34 22
bitmap: 38 22
bitmap: 14 60
bitmap: 34 20
bitmap: 14 36
bitmap: 34 20
bitmap: 36 24
bitmap: 14 38
bitmap: 36 22
bitmap: 34 20
bitmap: 16 60
bitmap: 36 24
bitmap: 36 18
bitmap: 36 18
bitmap: 36 22
bitmap: 14 36
bitmap: 36 20
bitmap: 34 20
bitmap: 16 38
bitmap: 34 22
bitmap: 18 36
bitmap: 36 20
bitmap: 36 22
bitmap: 14 40
bitmap: 38 22
bitmap: 34 22
bitmap: 36 18
bitmap: 14 36
bitmap: 36 20
bitmap: 14 42
bitmap: 16 38
bitmap: 14 36
bitmap: 36 22
bitmap: 36 22
bitmap: 36 24
bitmap: 36 24
bitmap: 36 18
bitmap: 34 20
bitmap: 16 36
bitmap: 40 24
bitmap: 36 24
bitmap: 14 34
bitmap: 34 24
bitmap: 36 22
bitmap: 36 20
bitmap: 38 22
bitmap: 34 22
bitmap: 14 32
bitmap: 14 30
bitmap: 14 30
bitmap: 38 22
bitmap: 38 24
bitmap: 34 22
bitmap: 14 30
bitmap: 14 20
bitmap: 38 22
bitmap: 34 22
bitmap: 16 38
bitmap: 40 22
bitmap: 16 38
bitmap: 36 22
bitmap: 16 36
bitmap: 36 24
bitmap: 36 24
bitmap: 14 38
bitmap: 34 20
bitmap: 16 40
bitmap: 34 24
bitmap: 36 22
bitmap: 34 24
bitmap: 14 30
bitmap: 14 20
bitmap: 36 22
bitmap: 34 24
bitmap: 36 22
bitmap: 14 34
bitmap: 12 32
bitmap: 36 22
bitmap: 16 36
bitmap: 18 40
bitmap: 34 22
bitmap: 14 36
bitmap: 14 38
bitmap: 34 24
bitmap: 14 40
bitmap: 14 34
bitmap: 14 30
bitmap: 14 32
bitmap: 14 34
bitmap: 36 22
bitmap: 14 36
bitmap: 36 24
bitmap: 36 20
bitmap: 36 20
bitmap: 36 22
bitmap: 18 40
bitmap: 20 22
bitmap: 36 22
bitmap: 14 32
bitmap: 14 30
bitmap: 16 32
bitmap: 38 22
bitmap: 36 20
bitmap: 34 28
bitmap: 34 22
bitmap: 14 34
bitmap: 36 20
bitmap: 14 40
bitmap: 38 20
bitmap: 16 36
bitmap: 14 32
bitmap: 36 22
bitmap: 58 22
bitmap: 38 24
bitmap: 14 36
bitmap: 36 24
bitmap: 36 20
bitmap: 36 22
bitmap: 14 40
bitmap: 36 22
bitmap: 36 22
bitmap: 16 38
bitmap: 36 24
bitmap: 14 38
bitmap: 14 32
bitmap: 36 22
bitmap: 14 40
bitmap: 14 38
bitmap: 34 22
bitmap: 36 24
bitmap: 40 22
bitmap: 36 20
bitmap: 14 36
bitmap: 14 42
bitmap: 14 42
bitmap: 14 46
bitmap: 36 24
bitmap: 34 20
bitmap: 38 22
bitmap: 14 36
bitmap: 16 32
bitmap: 34 22
bitmap: 34 22
bitmap: 16 38
bitmap: 16 32
bitmap: 34 22
bitmap: 34 22
bitmap: 34 20
bitmap: 36 20
bitmap: 36 22
bitmap: 14 34
bitmap: 34 22
bitmap: 34 24
bitmap: 34 20
bitmap: 14 40
bitmap: 12 38
bitmap: 34 20
bitmap: 62 22
bitmap: 14 44
bitmap: 14 38
bitmap: 34 20
bitmap: 36 22
bitmap: 14 40
bitmap: 16 38
bitmap: 38 20
bitmap: 14 46
bitmap: 34 24
bitmap: 16 32
bitmap: 40 20
bitmap: 34 24
bitmap: 12 40
bitmap: 34 24
bitmap: 14 32
bitmap: 14 40
bitmap: 14 38
bitmap: 14 38
bitmap: 14 42
bitmap: 36 22
bitmap: 14 38
bitmap: 16 36
bitmap: 14 32
bitmap: 36 22
bitmap: 14 38
bitmap: 16 42
bitmap: 34 20
bitmap: 18 30
bitmap: 38 24
bitmap: 34 18
bitmap: 34 24
bitmap: 36 22
bitmap: 16 38
bitmap: 14 40
bitmap: 38 22
bitmap: 14 32
bitmap: 16 66
bitmap: 16 36
bitmap: 16 40
bitmap: 36 22
bitmap: 34 22
bitmap: 40 22
bitmap: 38 22
bitmap: 38 18
bitmap: 34 40
bitmap: 16 40
bitmap: 36 18
bitmap: 36 20
bitmap: 16 38
bitmap: 36 20
bitmap: 14 34
bitmap: 12 36
bitmap: 14 48
bitmap: 40 24
bitmap: 14 32
bitmap: 36 22
bitmap: 14 42
bitmap: 14 38
bitmap: 36 22
bitmap: 14 38
bitmap: 36 24
bitmap: 14 36
bitmap: 16 34
bitmap: 16 36
bitmap: 14 38
bitmap: 14 40
bitmap: 38 20
bitmap: 34 22
bitmap: 16 44
bitmap: 14 38
bitmap: 36 20
bitmap: 34 24
bitmap: 36 22
bitmap: 38 24
bitmap: 36 22
bitmap: 14 40
bitmap: 36 22
bitmap: 36 24
bitmap: 36 18
bitmap: 36 24
bitmap: 36 24
bitmap: 16 28
bitmap: 16 32
bitmap: 16 32
bitmap: 16 34
bitmap: 14 40
bitmap: 34 20
bitmap: 14 40
bitmap: 16 36
bitmap: 16 40
bitmap: 14 20
bitmap: 16 38
bitmap: 14 32
bitmap: 14 38
bitmap: 16 36
bitmap: 34 24
bitmap: 38 24
bitmap: 16 34
bitmap: 14 32
bitmap: 16 34
bitmap: 14 32
bitmap: 14 32
bitmap: 36 22
bitmap: 34 24
bitmap: 14 32
bitmap: 16 34
bitmap: 36 22
bitmap: 38 22
bitmap: 14 40
bitmap: 34 20
bitmap: 14 34
bitmap: 14 38
bitmap: 14 36
bitmap: 14 36
bitmap: 36 20
bitmap: 14 48
bitmap: 14 38
bitmap: 38 26
bitmap: 14 40
bitmap: 38 24
bitmap: 56 20
bitmap: 24 22
bitmap: 38 22
bitmap: 14 38
bitmap: 34 22
bitmap: 14 38
bitmap: 16 30
bitmap: 36 24
bitmap: 34 20
bitmap: 16 38
bitmap: 38 20
bitmap: 14 40
bitmap: 34 20
bitmap: 36 24
bitmap: 14 32
bitmap: 16 38
bitmap: 36 24
bitmap: 36 22
bitmap: 14 40
bitmap: 34 20
bitmap: 34 20
bitmap: 16 42
bitmap: 36 24
bitmap: 16 40
bitmap: 34 24
bitmap: 14 38
bitmap: 16 36
bitmap: 14 20
bitmap: 16 22
bitmap: 34 22
bitmap: 12 36
bitmap: 16 38
bitmap: 14 32
bitmap: 14 38
bitmap: 34 22
bitmap: 36 26
bitmap: 14 32
bitmap: 34 20
bitmap: 16 34
bitmap: 14 32
bitmap: 36 24
bitmap: 14 16
bitmap: 14 38
bitmap: 18 40
bitmap: 38 22
bitmap: 38 24
bitmap: 14 36
bitmap: 16 38
bitmap: 16 38
bitmap: 38 24
bitmap: 34 22
bitmap: 36 22
bitmap: 16 32
bitmap: 34 22
bitmap: 36 22
bitmap: 36 24
bitmap: 14 34
bitmap: 36 24
bitmap: 14 38
bitmap: 16 36
bitmap: 36 20
bitmap: 12 34
bitmap: 36 16
bitmap: 14 40
bitmap: 36 22
bitmap: 36 22
bitmap: 34 22
bitmap: 38 24
bitmap: 14 38
bitmap: 36 24
bitmap: 14 40
bitmap: 36 24
bitmap: 36 22
bitmap: 36 24
bitmap: 36 22
bitmap: 14 40
bitmap: 16 38
bitmap: 38 24
bitmap: 14 32
bitmap: 14 40
bitmap: 36 24
bitmap: 34 24
bitmap: 34 22
bitmap: 14 30
bitmap: 14 20
bitmap: 14 40
bitmap: 14 16
bitmap: 38 22
bitmap: 14 38
bitmap: 38 24
bitmap: 36 24
bitmap: 34 22
bitmap: 34 24
bitmap: 14 36
bitmap: 16 36
bitmap: 14 36
bitmap: 14 36
bitmap: 34 24
bitmap: 36 22
bitmap: 36 20
bitmap: 38 22
bitmap: 36 20
bitmap: 38 22
bitmap: 16 36
bitmap: 34 22
bitmap: 14 42
bitmap: 16 38
bitmap: 14 38
bitmap: 34 22
bitmap: 14 34
bitmap: 14 32
bitmap: 38 22
bitmap: 14 36
bitmap: 34 22
bitmap: 34 22
bitmap: 34 22
bitmap: 36 22
bitmap: 38 24
bitmap: 36 18
bitmap: 34 20
bitmap: 12 34
bitmap: 14 32
bitmap: 14 34
bitmap: 16 34
bitmap: 14 40
bitmap: 36 24
bitmap: 34 20
bitmap: 16 38
bitmap: 16 38
bitmap: 34 22
bitmap: 16 36
bitmap: 40 22
bitmap: 14 32
bitmap: 34 22
bitmap: 34 18
bitmap: 14 32
bitmap: 14 34
bitmap: 16 40
bitmap: 34 22
bitmap: 36 22
bitmap: 14 36
bitmap: 16 38
bitmap: 20 32
bitmap: 36 18
bitmap: 14 42
bitmap: 14 42
bitmap: 36 22
bitmap: 14 20
bitmap: 36 20
bitmap: 36 24
bitmap: 34 20
bitmap: 14 34
bitmap: 36 22
bitmap: 38 24
bitmap: 14 32
bitmap: 16 30
bitmap: 38 20
bitmap: 14 32
bitmap: 36 20
bitmap: 14 30
bitmap: 14 20
bitmap: 16 40
bitmap: 36 24
bitmap: 14 32
bitmap: 36 24
bitmap: 38 24
bitmap: 14 36
bitmap: 14 40
bitmap: 16 46
bitmap: 38 20
bitmap: 36 22
bitmap: 36 22
bitmap: 14 34
bitmap: 14 18
bitmap: 14 36
bitmap: 36 20
bitmap: 38 24
bitmap: 34 22
bitmap: 34 20
bitmap: 14 48
bitmap: 14 38
bitmap: 14 36
bitmap: 34 20
bitmap: 36 24
bitmap: 16 36
bitmap: 36 20
bitmap: 14 32
bitmap: 14 38
bitmap: 38 22
bitmap: 16 40
bitmap: 14 32
bitmap: 14 44
bitmap: 16 36
bitmap: 18 34
bitmap: 14 38
bitmap: 14 36
bitmap: 14 38
bitmap: 36 22
bitmap: 14 36
bitmap: 14 38
bitmap: 36 20
bitmap: 34 22
bitmap: 38 22
bitmap: 38 24
bitmap: 34 22
bitmap: 14 36
bitmap: 20 20
bitmap: 16 32
bitmap: 36 24
bitmap: 34 20
bitmap: 14 36
bitmap: 38 22
bitmap: 14 42
bitmap: 36 22
bitmap: 16 34
bitmap: 16 34
bitmap: 16 38
bitmap: 36 22
bitmap: 34 22
bitmap: 16 40
bitmap: 36 22
bitmap: 38 22
bitmap: 36 22
bitmap: 14 40
