bitmap: 78 70
bitmap: 34 20
bitmap: 40 24
bitmap: 20 20
bitmap: 68 46
bitmap: 66 24
bitmap: 62 24
bitmap: 14 14
bitmap: 34 16
bitmap: 38 14
bitmap: 34 16
bitmap: 14 32
bitmap: 18 16
bitmap: 36 20
bitmap: 36 20
bitmap: 14 16
bitmap: 40 20
bitmap: 36 20
bitmap: 16 16
bitmap: 14 18
bitmap: 36 44
bitmap: 38 20
bitmap: 36 20
bitmap: 36 18
bitmap: 16 32
bitmap: 36 20
bitmap: 36 22
bitmap: 36 20
bitmap: 16 52
bitmap: 16 30
bitmap: 36 24
bitmap: 16 34
bitmap: 16 18
bitmap: 38 20
bitmap: 14 18
bitmap: 14 18
bitmap: 36 44
bitmap: 36 22
bitmap: 36 24
bitmap: 36 20
bitmap: 16 14
bitmap: 36 20
bitmap: 16 18
bitmap: 14 20
bitmap: 36 20
bitmap: 36 22
bitmap: 76 24
bitmap: 36 20
bitmap: 36 24
bitmap: 36 24
bitmap: 36 24
bitmap: 34 22
bitmap: 36 20
bitmap: 14 18
bitmap: 34 20
bitmap: 16 14
bitmap: 38 20
bitmap: 36 18
bitmap: 34 22
bitmap: 18 20
bitmap: 36 20
bitmap: 36 22
bitmap: 16 32
bitmap: 36 22
bitmap: 58 22
bitmap: 34 20
bitmap: 16 16
bitmap: 36 18
bitmap: 36 20
bitmap: 16 12
bitmap: 16 18
bitmap: 16 36
bitmap: 36 20
bitmap: 16 52
bitmap: 16 18
bitmap: 36 22
bitmap: 14 18
bitmap: 36 22
bitmap: 36 20
bitmap: 34 20
bitmap: 16 18
bitmap: 16 16
bitmap: 14 38
bitmap: 16 16
bitmap: 38 20
bitmap: 16 20
bitmap: 36 20
bitmap: 38 20
bitmap: 18 22
bitmap: 36 18
bitmap: 34 22
bitmap: 16 18
bitmap: 14 32
bitmap: 36 20
bitmap: 16 18
bitmap: 36 22
bitmap: 38 24
bitmap: 14 32
bitmap: 36 20
bitmap: 16 20
bitmap: 36 20
bitmap: 14 16
bitmap: 36 22
bitmap: 16 20
bitmap: 16 32
bitmap: 36 20
bitmap: 36 18
bitmap: 16 34
bitmap: 36 20
bitmap: 38 22
bitmap: 14 18
bitmap: 36 22
bitmap: 36 18
bitmap: 14 36
bitmap: 36 20
bitmap: 16 18
bitmap: 16 16
bitmap: 34 20
bitmap: 14 18
bitmap: 14 16
bitmap: 34 22
bitmap: 14 32
bitmap: 16 18
bitmap: 16 16
bitmap: 38 20
bitmap: 14 14
bitmap: 18 18
bitmap: 36 22
bitmap: 36 20
bitmap: 18 16
bitmap: 34 24
bitmap: 36 20
bitmap: 16 32
bitmap: 34 24
bitmap: 36 22
bitmap: 14 20
bitmap: 36 20
bitmap: 14 22
bitmap: 34 24
bitmap: 14 18
bitmap: 14 18
bitmap: 70 22
bitmap: 16 18
bitmap: 16 14
bitmap: 36 20
bitmap: 36 24
bitmap: 16 18
bitmap: 34 24
bitmap: 36 20
bitmap: 14 18
bitmap: 34 20
bitmap: 14 16
bitmap: 16 18
bitmap: 36 20
bitmap: 14 14
bitmap: 14 16
bitmap: 14 18
bitmap: 14 16
bitmap: 36 20
bitmap: 36 22
bitmap: 36 20
bitmap: 14 18
bitmap: 14 16
bitmap: 14 16
bitmap: 14 32
bitmap: 34 22
bitmap: 38 20
bitmap: 36 20
bitmap: 14 32
bitmap: 14 16
bitmap: 16 30
bitmap: 14 18
bitmap: 14 16
bitmap: 36 22
bitmap: 36 20
bitmap: 36 20
bitmap: 16 16
bitmap: 14 18
bitmap: 16 16
bitmap: 34 22
bitmap: 36 20
bitmap: 14 20
bitmap: 36 20
bitmap: 16 18
bitmap: 36 18
bitmap: 34 22
bitmap: 36 20
bitmap: 16 32
bitmap: 36 24
bitmap: 36 20
bitmap: 14 18
bitmap: 36 20
bitmap: 20 16
bitmap: 36 20
bitmap: 34 20
bitmap: 14 16
bitmap: 36 20
bitmap: 14 32
bitmap: 34 20
bitmap: 36 20
bitmap: 36 22
bitmap: 16 20
bitmap: 16 16
bitmap: 36 22
bitmap: 36 20
bitmap: 14 20
bitmap: 38 22
bitmap: 16 16
bitmap: 14 18
bitmap: 36 20
bitmap: 14 18
bitmap: 34 22
bitmap: 18 18
bitmap: 36 20
bitmap: 16 18
bitmap: 14 18
bitmap: 14 32
bitmap: 36 20
bitmap: 36 22
bitmap: 36 24
bitmap: 14 14
bitmap: 14 20
bitmap: 14 16
bitmap: 36 22
bitmap: 14 16
bitmap: 16 18
bitmap: 14 16
bitmap: 34 20
bitmap: 36 22
bitmap: 16 14
bitmap: 36 24
bitmap: 16 14
bitmap: 14 16
bitmap: 38 18
bitmap: 14 16
bitmap: 36 22
bitmap: 14 20
bitmap: 16 16
bitmap: 16 18
bitmap: 38 18
bitmap: 36 20
bitmap: 36 22
bitmap: 16 18
bitmap: 18 16
bitmap: 14 16
bitmap: 16 16
bitmap: 36 20
bitmap: 14 38
bitmap: 14 18
bitmap: 36 22
bitmap: 36 24
bitmap: 66 22
bitmap: 14 34
bitmap: 16 16
bitmap: 16 18
bitmap: 36 24
bitmap: 14 36
bitmap: 18 20
bitmap: 36 24
bitmap: 38 22
bitmap: 14 36
bitmap: 36 20
bitmap: 34 22
bitmap: 16 34
bitmap: 36 20
bitmap: 36 20
bitmap: 36 22
bitmap: 36 18
bitmap: 18 18
bitmap: 16 16
bitmap: 16 36
bitmap: 36 22
bitmap: 14 14
bitmap: 16 16
bitmap: 40 20
bitmap: 16 16
bitmap: 36 22
bitmap: 36 20
bitmap: 36 20
bitmap: 14 22
bitmap: 34 20
bitmap: 36 22
bitmap: 16 16
bitmap: 16 20
bitmap: 14 18
bitmap: 34 20
bitmap: 16 34
bitmap: 40 22
bitmap: 36 20
bitmap: 16 20
bitmap: 36 20
bitmap: 38 18
bitmap: 16 18
bitmap: 14 32
bitmap: 36 22
bitmap: 36 22
bitmap: 14 18
bitmap: 14 16
bitmap: 14 18
bitmap: 38 20
bitmap: 36 22
bitmap: 16 16
bitmap: 16 16
bitmap: 14 16
bitmap: 34 20
bitmap: 36 20
bitmap: 14 18
bitmap: 16 20
bitmap: 36 22
bitmap: 16 36
bitmap: 14 16
bitmap: 16 22
bitmap: 36 20
bitmap: 36 20
bitmap: 36 20
bitmap: 40 20
bitmap: 36 20
bitmap: 14 16
bitmap: 16 22
bitmap: 16 20
bitmap: 16 32
bitmap: 38 22
bitmap: 16 16
bitmap: 36 20
bitmap: 36 20
bitmap: 16 14
bitmap: 16 34
bitmap: 36 20
bitmap: 36 20
bitmap: 16 16
bitmap: 38 20
bitmap: 38 22
bitmap: 36 22
bitmap: 14 18
bitmap: 14 18
bitmap: 34 20
bitmap: 36 20
bitmap: 16 50
bitmap: 16 16
bitmap: 36 20
bitmap: 36 20
bitmap: 16 16
bitmap: 36 24
bitmap: 36 22
bitmap: 38 18
bitmap: 16 18
bitmap: 36 20
bitmap: 34 22
bitmap: 36 20
bitmap: 36 20
bitmap: 16 34
bitmap: 36 20
bitmap: 14 18
bitmap: 14 30
bitmap: 40 22
bitmap: 40 20
bitmap: 36 20
bitmap: 36 20
bitmap: 36 22
bitmap: 16 22
bitmap: 16 16
bitmap: 36 24
bitmap: 16 16
bitmap: 36 24
bitmap: 38 40
bitmap: 34 22
bitmap: 36 24
bitmap: 16 18
bitmap: 34 22
bitmap: 16 18
bitmap: 12 16
bitmap: 36 20
bitmap: 14 44
bitmap: 34 24
bitmap: 16 52
bitmap: 34 24
bitmap: 14 18
bitmap: 14 20
bitmap: 16 16
bitmap: 18 18
bitmap: 14 18
bitmap: 16 18
bitmap: 36 24
bitmap: 14 20
bitmap: 14 18
bitmap: 14 36
bitmap: 14 18
bitmap: 36 24
bitmap: 18 34
bitmap: 36 24
bitmap: 36 20
bitmap: 36 18
bitmap: 36 20
bitmap: 36 20
bitmap: 36 20
bitmap: 14 18
bitmap: 12 16
bitmap: 36 20
bitmap: 36 20
bitmap: 36 24
bitmap: 18 18
bitmap: 14 18
bitmap: 14 16
bitmap: 34 20
bitmap: 36 20
bitmap: 16 18
bitmap: 36 20
bitmap: 14 18
bitmap: 18 34
bitmap: 36 20
bitmap: 16 18
bitmap: 16 18
bitmap: 36 22
bitmap: 36 22
bitmap: 36 20
bitmap: 18 16
bitmap: 14 16
bitmap: 16 16
bitmap: 16 18
bitmap: 14 18
bitmap: 36 20
bitmap: 38 18
bitmap: 14 18
bitmap: 38 18
bitmap: 16 14
bitmap: 14 20
bitmap: 14 16
bitmap: 36 22
bitmap: 20 20
bitmap: 36 20
bitmap: 38 20
bitmap: 14 16
bitmap: 16 32
bitmap: 18 22
bitmap: 38 20
bitmap: 14 16
bitmap: 14 22
bitmap: 14 18
bitmap: 38 22
bitmap: 36 20
bitmap: 36 20
bitmap: 36 20
bitmap: 38 18
bitmap: 36 22
bitmap: 16 18
bitmap: 14 20
bitmap: 14 32
bitmap: 36 24
bitmap: 14 18
bitmap: 34 22
bitmap: 14 20
bitmap: 36 20
bitmap: 36 24
bitmap: 14 22
bitmap: 36 18
bitmap: 16 18
bitmap: 36 20
bitmap: 38 24
bitmap: 36 20
bitmap: 38 20
bitmap: 16 18
bitmap: 36 20
bitmap: 36 20
bitmap: 16 18
bitmap: 14 16
bitmap: 16 16
bitmap: 36 20
bitmap: 14 18
bitmap: 36 24
bitmap: 36 20
bitmap: 38 22
bitmap: 16 34
bitmap: 16 18
bitmap: 38 22
bitmap: 36 22
bitmap: 16 16
bitmap: 16 156
bitmap: 34 20
bitmap: 16 16
bitmap: 36 20
bitmap: 36 20
bitmap: 36 20
bitmap: 16 38
bitmap: 36 22
bitmap: 36 172
bitmap: 16 18
bitmap: 72 22
bitmap: 34 20
bitmap: 14 16
bitmap: 34 20
bitmap: 14 16
bitmap: 36 20
bitmap: 34 170
bitmap: 36 34
bitmap: 34 20
bitmap: 36 24
bitmap: 14 34
bitmap: 36 20
bitmap: 36 20
bitmap: 38 22
bitmap: 36 20
bitmap: 34 20
bitmap: 34 22
bitmap: 16 16
bitmap: 36 20
bitmap: 16 18
bitmap: 34 24
bitmap: 36 20
bitmap: 36 20
bitmap: 36 18
bitmap: 38 22
bitmap: 14 38
bitmap: 36 20
bitmap: 16 16
bitmap: 36 20
bitmap: 38 18
bitmap: 12 36
bitmap: 14 16
bitmap: 14 18
bitmap: 14 20
bitmap: 36 20
bitmap: 14 20
bitmap: 36 20
bitmap: 16 16
bitmap: 16 14
bitmap: 16 34
bitmap: 34 24
bitmap: 38 20
bitmap: 18 14
bitmap: 14 36
bitmap: 12 36
bitmap: 14 18
bitmap: 14 34
bitmap: 36 22
bitmap: 36 18
bitmap: 14 32
bitmap: 16 34
bitmap: 38 24
bitmap: 34 22
bitmap: 36 20
bitmap: 14 16
bitmap: 34 22
bitmap: 38 20
bitmap: 38 20
bitmap: 14 16
bitmap: 18 18
bitmap: 34 22
bitmap: 34 20
bitmap: 14 16
bitmap: 12 38
bitmap: 36 20
bitmap: 36 24
bitmap: 36 24
bitmap: 16 14
bitmap: 14 16
bitmap: 16 18
bitmap: 38 22
bitmap: 40 20
bitmap: 16 18
bitmap: 16 16
bitmap: 36 22
bitmap: 16 16
bitmap: 14 20
bitmap: 36 20
bitmap: 38 20
bitmap: 16 16
bitmap: 16 14
bitmap: 14 18
bitmap: 36 22
bitmap: 36 22
bitmap: 36 20
bitmap: 38 22
bitmap: 16 18
bitmap: 34 20
bitmap: 38 18
bitmap: 16 32
bitmap: 16 18
bitmap: 36 24
bitmap: 16 16
bitmap: 16 18
bitmap: 16 16
bitmap: 38 20
bitmap: 34 20
bitmap: 34 20
bitmap: 16 34
bitmap: 34 20
bitmap: 16 18
bitmap: 36 22
bitmap: 36 24
bitmap: 36 20
bitmap: 14 16
bitmap: 14 20
bitmap: 36 20
bitmap: 36 20
bitmap: 34 20
bitmap: 14 36
bitmap: 36 22
bitmap: 16 32
bitmap: 14 18
bitmap: 36 24
bitmap: 36 22
bitmap: 36 20
bitmap: 36 20
bitmap: 14 14
bitmap: 14 36
bitmap: 36 22
bitmap: 36 24
bitmap: 36 20
bitmap: 38 22
bitmap: 36 20
bitmap: 36 18
bitmap: 36 20
bitmap: 16 14
bitmap: 36 20
bitmap: 12 20
bitmap: 14 32
bitmap: 20 22
bitmap: 36 22
bitmap: 16 18
bitmap: 36 20
bitmap: 20 24
bitmap: 14 16
bitmap: 16 18
bitmap: 16 18
bitmap: 36 20
bitmap: 36 20
bitmap: 14 34
bitmap: 36 22
bitmap: 14 36
bitmap: 14 16
bitmap: 36 20
bitmap: 38 24
bitmap: 14 50
bitmap: 16 32
bitmap: 38 22
bitmap: 14 18
bitmap: 14 14
bitmap: 36 20
bitmap: 36 22
bitmap: 18 22
bitmap: 38 22
bitmap: 36 20
bitmap: 14 20
bitmap: 34 22
bitmap: 16 16
bitmap: 36 20
bitmap: 36 24
bitmap: 36 20
bitmap: 16 36
bitmap: 36 24
bitmap: 14 18
bitmap: 14 20
bitmap: 14 18
bitmap: 20 20
bitmap: 46 22
bitmap: 38 24
bitmap: 14 36
bitmap: 38 22
bitmap: 38 24
bitmap: 14 18
bitmap: 12 32
bitmap: 38 22
bitmap: 38 22
bitmap: 38 20
bitmap: 16 36
bitmap: 38 22
bitmap: 38 20
bitmap: 36 24
bitmap: 14 36
bitmap: 16 32
bitmap: 16 34
bitmap: 38 20
bitmap: 38 24
bitmap: 40 20
bitmap: 38 24
bitmap: 40 22
bitmap: 16 30
bitmap: 14 38
bitmap: 16 30
bitmap: 14 30
bitmap: 14 38
bitmap: 14 38
bitmap: 38 20
bitmap: 16 36
bitmap: 18 20
bitmap: 36 22
bitmap: 38 20
bitmap: 38 24
bitmap: 38 24
bitmap: 38 24
bitmap: 40 22
bitmap: 38 22
bitmap: 42 20
bitmap: 38 22
bitmap: 16 32
bitmap: 36 20
bitmap: 38 20
bitmap: 40 22
bitmap: 16 32
bitmap: 14 34
bitmap: 40 22
bitmap: 16 32
bitmap: 38 22
bitmap: 38 22
bitmap: 40 22
bitmap: 16 34
bitmap: 38 20
bitmap: 14 32
bitmap: 16 32
bitmap: 36 24
bitmap: 38 22
bitmap: 16 16
bitmap: 14 18
bitmap: 14 38
bitmap: 38 24
bitmap: 16 30
bitmap: 38 22
bitmap: 38 22
bitmap: 38 22
bitmap: 14 36
bitmap: 12 36
bitmap: 38 22
bitmap: 14 36
bitmap: 38 22
bitmap: 38 22
bitmap: 16 32
bitmap: 40 22
bitmap: 36 22
bitmap: 16 32
bitmap: 38 22
bitmap: 14 30
bitmap: 14 32
bitmap: 38 20
bitmap: 36 22
bitmap: 16 34
bitmap: 38 22
bitmap: 16 36
bitmap: 38 22
bitmap: 14 34
bitmap: 38 20
bitmap: 42 46
bitmap: 38 22
bitmap: 14 34
bitmap: 14 36
bitmap: 12 36
bitmap: 38 22
bitmap: 14 34
bitmap: 14 36
bitmap: 36 24
bitmap: 38 20
bitmap: 12 32
bitmap: 40 20
bitmap: 14 32
bitmap: 38 20
bitmap: 36 22
bitmap: 14 34
bitmap: 14 32
bitmap: 38 22
bitmap: 36 22
bitmap: 16 16
bitmap: 14 16
bitmap: 16 32
bitmap: 14 32
bitmap: 16 34
bitmap: 36 24
bitmap: 14 34
bitmap: 36 22
bitmap: 36 22
bitmap: 14 32
bitmap: 38 22
bitmap: 36 24
bitmap: 16 32
bitmap: 38 20
bitmap: 14 32
bitmap: 12 32
bitmap: 38 20
bitmap: 14 36
bitmap: 38 22
bitmap: 38 22
bitmap: 38 22
bitmap: 40 20
bitmap: 36 24
bitmap: 14 38
bitmap: 38 22
bitmap: 38 22
bitmap: 14 36
bitmap: 16 38
bitmap: 14 36
bitmap: 40 22
bitmap: 38 22
bitmap: 12 32
bitmap: 38 20
bitmap: 40 22
bitmap: 38 22
bitmap: 16 36
bitmap: 14 36
bitmap: 14 30
bitmap: 14 36
bitmap: 38 24
bitmap: 18 18
bitmap: 14 36
bitmap: 14 34
bitmap: 36 24
bitmap: 16 36
bitmap: 38 24
bitmap: 38 22
bitmap: 36 22
bitmap: 16 32
bitmap: 38 22
bitmap: 16 36
bitmap: 38 22
bitmap: 14 32
bitmap: 18 44
bitmap: 36 24
bitmap: 14 34
bitmap: 14 38
bitmap: 14 32
bitmap: 14 20
bitmap: 36 20
bitmap: 14 36
bitmap: 40 22
bitmap: 38 22
bitmap: 38 24
bitmap: 38 22
bitmap: 36 24
bitmap: 38 22
bitmap: 38 22
bitmap: 36 22
bitmap: 16 32
bitmap: 36 20
bitmap: 14 32
bitmap: 40 22
bitmap: 16 30
bitmap: 40 22
bitmap: 38 22
bitmap: 38 24
bitmap: 14 38
bitmap: 38 22
bitmap: 16 36
bitmap: 40 24
bitmap: 38 22
bitmap: 14 40
bitmap: 36 24
bitmap: 16 34
bitmap: 36 22
bitmap: 38 20
bitmap: 40 22
bitmap: 14 34
bitmap: 38 22
bitmap: 36 22
bitmap: 38 24
bitmap: 36 22
bitmap: 38 22
bitmap: 36 22
bitmap: 16 34
bitmap: 36 24
bitmap: 40 20
bitmap: 38 22
bitmap: 14 32
bitmap: 16 36
bitmap: 38 20
bitmap: 38 22
bitmap: 40 22
bitmap: 38 22
bitmap: 38 22
bitmap: 16 32
bitmap: 38 22
bitmap: 12 38
bitmap: 14 36
bitmap: 16 36
bitmap: 36 22
bitmap: 36 22
bitmap: 14 32
bitmap: 38 22
bitmap: 36 20
bitmap: 16 22
bitmap: 14 30
bitmap: 16 32
bitmap: 38 22
bitmap: 14 32
bitmap: 38 20
bitmap: 38 24
bitmap: 14 34
bitmap: 16 32
bitmap: 38 24
bitmap: 14 36
bitmap: 38 20
bitmap: 16 32
bitmap: 36 24
bitmap: 38 22
bitmap: 16 36
bitmap: 16 36
bitmap: 38 22
bitmap: 14 38
bitmap: 38 22
bitmap: 38 24
bitmap: 14 36
bitmap: 16 32
bitmap: 16 38
bitmap: 36 22
bitmap: 16 36
bitmap: 36 22
bitmap: 38 22
bitmap: 36 24
bitmap: 16 36
bitmap: 38 22
bitmap: 14 34
bitmap: 38 22
bitmap: 38 22
bitmap: 16 36
bitmap: 38 24
bitmap: 36 22
bitmap: 16 38
bitmap: 16 32
bitmap: 38 22
bitmap: 12 36
bitmap: 16 38
bitmap: 16 38
bitmap: 40 24
bitmap: 38 22
bitmap: 36 24
bitmap: 36 24
bitmap: 38 22
bitmap: 16 34
bitmap: 14 34
bitmap: 14 38
bitmap: 16 36
bitmap: 36 22
bitmap: 14 32
bitmap: 16 32
bitmap: 38 22
bitmap: 36 24
bitmap: 38 24
bitmap: 38 20
bitmap: 14 36
bitmap: 14 32
bitmap: 14 32
bitmap: 16 32
bitmap: 42 22
bitmap: 14 30
bitmap: 16 32
bitmap: 38 24
bitmap: 36 24
bitmap: 40 22
bitmap: 14 20
bitmap: 16 34
bitmap: 14 36
bitmap: 40 22
bitmap: 38 162
bitmap: 16 38
bitmap: 16 34
bitmap: 38 20
bitmap: 14 36
bitmap: 16 34
bitmap: 14 36
bitmap: 36 24
bitmap: 16 36
bitmap: 14 38
bitmap: 14 36
bitmap: 38 22
bitmap: 16 36
bitmap: 16 30
bitmap: 36 24
bitmap: 38 20
bitmap: 14 32
bitmap: 38 20
bitmap: 16 16
bitmap: 38 22
bitmap: 40 22
bitmap: 12 32
bitmap: 14 34
bitmap: 40 22
bitmap: 14 32
bitmap: 14 32
bitmap: 40 22
bitmap: 16 32
bitmap: 36 22
bitmap: 14 34
bitmap: 16 34
bitmap: 16 32
bitmap: 36 162
bitmap: 38 22
bitmap: 16 36
bitmap: 38 22
bitmap: 36 24
bitmap: 40 22
bitmap: 14 32
bitmap: 38 22
bitmap: 14 20
bitmap: 16 36
bitmap: 16 32
bitmap: 42 22
bitmap: 38 22
bitmap: 14 38
bitmap: 38 22
bitmap: 14 36
bitmap: 38 22
bitmap: 14 32
bitmap: 36 22
bitmap: 38 22
