bitmap: 66 72
bitmap: 46 22
bitmap: 44 24
bitmap: 14 30
bitmap: 14 32
bitmap: 36 20
bitmap: 46 22
bitmap: 36 20
bitmap: 36 20
bitmap: 14 18
bitmap: 14 36
bitmap: 14 38
bitmap: 38 24
bitmap: 36 24
bitmap: 14 32
bitmap: 14 32
bitmap: 16 36
bitmap: 36 22
bitmap: 20 20
bitmap: 14 38
bitmap: 14 38
bitmap: 34 24
bitmap: 36 22
bitmap: 14 38
bitmap: 14 36
bitmap: 14 38
bitmap: 34 22
bitmap: 14 36
bitmap: 36 46
bitmap: 14 36
bitmap: 38 22
bitmap: 16 40
bitmap: 46 22
bitmap: 62 24
bitmap: 16 16
bitmap: 36 20
bitmap: 16 40
bitmap: 38 20
bitmap: 16 16
bitmap: 40 24
bitmap: 14 16
bitmap: 16 16
bitmap: 14 18
bitmap: 36 24
bitmap: 62 26
bitmap: 16 16
bitmap: 14 30
bitmap: 36 22
bitmap: 36 24
bitmap: 36 18
bitmap: 36 20
bitmap: 38 20
bitmap: 36 46
bitmap: 16 32
bitmap: 14 18
bitmap: 36 18
bitmap: 38 22
bitmap: 36 20
bitmap: 36 20
bitmap: 14 18
bitmap: 36 42
bitmap: 14 16
bitmap: 14 16
bitmap: 16 32
bitmap: 36 20
bitmap: 18 16
bitmap: 36 20
bitmap: 36 20
bitmap: 36 44
bitmap: 16 32
bitmap: 38 20
bitmap: 36 18
bitmap: 38 20
bitmap: 16 16
bitmap: 36 18
bitmap: 96 22
bitmap: 14 16
bitmap: 14 16
bitmap: 36 20
bitmap: 36 22
bitmap: 36 20
bitmap: 36 20
bitmap: 14 14
bitmap: 36 20
bitmap: 36 20
bitmap: 36 20
bitmap: 16 32
bitmap: 38 20
bitmap: 14 16
bitmap: 38 18
bitmap: 36 22
bitmap: 38 22
bitmap: 36 22
bitmap: 36 18
bitmap: 14 18
bitmap: 36 22
bitmap: 16 16
bitmap: 14 18
bitmap: 36 20
bitmap: 36 20
bitmap: 36 18
bitmap: 14 18
bitmap: 14 14
bitmap: 16 18
bitmap: 16 32
bitmap: 16 14
bitmap: 36 22
bitmap: 16 32
bitmap: 16 18
bitmap: 36 22
bitmap: 16 16
bitmap: 36 24
bitmap: 14 16
bitmap: 36 24
bitmap: 38 18
bitmap: 16 36
bitmap: 16 14
bitmap: 36 20
bitmap: 14 32
bitmap: 16 16
bitmap: 16 14
bitmap: 36 22
bitmap: 14 18
bitmap: 14 16
bitmap: 38 20
bitmap: 14 16
bitmap: 34 24
bitmap: 36 24
bitmap: 36 22
bitmap: 16 18
bitmap: 36 20
bitmap: 36 22
bitmap: 14 18
bitmap: 12 18
bitmap: 36 22
bitmap: 16 16
bitmap: 36 22
bitmap: 36 22
bitmap: 36 20
bitmap: 18 20
bitmap: 14 18
bitmap: 50 22
bitmap: 38 22
bitmap: 16 16
bitmap: 14 32
bitmap: 14 20
bitmap: 34 24
bitmap: 14 18
bitmap: 16 16
bitmap: 38 20
bitmap: 36 22
bitmap: 14 16
bitmap: 38 20
bitmap: 36 20
bitmap: 14 32
bitmap: 16 14
bitmap: 36 20
bitmap: 14 16
bitmap: 36 20
bitmap: 38 20
bitmap: 16 16
bitmap: 36 20
bitmap: 14 14
bitmap: 14 18
bitmap: 38 20
bitmap: 16 32
bitmap: 38 24
bitmap: 36 20
bitmap: 36 20
bitmap: 36 22
bitmap: 36 20
bitmap: 12 16
bitmap: 14 34
bitmap: 16 16
bitmap: 18 22
bitmap: 16 34
bitmap: 14 32
bitmap: 38 18
bitmap: 16 32
bitmap: 36 20
bitmap: 36 24
bitmap: 18 18
bitmap: 36 20
bitmap: 36 22
bitmap: 12 18
bitmap: 36 20
bitmap: 36 22
bitmap: 36 20
bitmap: 14 16
bitmap: 36 22
bitmap: 38 22
bitmap: 16 16
bitmap: 12 18
bitmap: 16 16
bitmap: 36 20
bitmap: 14 20
bitmap: 38 24
bitmap: 36 18
bitmap: 36 20
bitmap: 16 18
bitmap: 36 20
bitmap: 36 22
bitmap: 36 20
bitmap: 16 50
bitmap: 14 14
bitmap: 36 18
bitmap: 16 16
bitmap: 36 24
bitmap: 14 32
bitmap: 16 16
bitmap: 18 20
bitmap: 14 16
bitmap: 36 24
bitmap: 36 22
bitmap: 36 18
bitmap: 36 20
bitmap: 36 22
bitmap: 14 22
bitmap: 36 20
bitmap: 36 20
bitmap: 14 16
bitmap: 14 20
bitmap: 36 20
bitmap: 40 22
bitmap: 16 16
bitmap: 14 14
bitmap: 38 20
bitmap: 16 16
bitmap: 36 20
bitmap: 36 24
bitmap: 16 34
bitmap: 36 20
bitmap: 16 16
bitmap: 14 18
bitmap: 36 20
bitmap: 36 20
bitmap: 14 16
bitmap: 36 24
bitmap: 16 14
bitmap: 36 20
bitmap: 16 32
bitmap: 36 20
bitmap: 14 16
bitmap: 16 16
bitmap: 36 20
bitmap: 14 18
bitmap: 14 16
bitmap: 38 22
bitmap: 16 16
bitmap: 36 20
bitmap: 36 22
bitmap: 36 20
bitmap: 36 18
bitmap: 36 20
bitmap: 16 16
bitmap: 40 20
bitmap: 36 20
bitmap: 14 36
bitmap: 14 18
bitmap: 36 20
bitmap: 14 16
bitmap: 38 18
bitmap: 36 24
bitmap: 36 20
bitmap: 36 20
bitmap: 36 22
bitmap: 36 20
bitmap: 36 22
bitmap: 14 16
bitmap: 34 24
bitmap: 36 24
bitmap: 68 22
bitmap: 36 24
bitmap: 14 48
bitmap: 36 20
bitmap: 36 20
bitmap: 36 20
bitmap: 36 22
bitmap: 50 24
bitmap: 36 24
bitmap: 36 20
bitmap: 38 20
bitmap: 62 24
bitmap: 36 20
bitmap: 14 16
bitmap: 38 20
bitmap: 14 16
bitmap: 36 20
bitmap: 14 18
bitmap: 16 16
bitmap: 38 20
bitmap: 36 20
bitmap: 14 18
bitmap: 36 18
bitmap: 36 24
bitmap: 16 16
bitmap: 36 24
bitmap: 38 20
bitmap: 38 20
bitmap: 36 20
bitmap: 14 36
bitmap: 16 36
bitmap: 14 18
bitmap: 36 24
bitmap: 36 22
bitmap: 36 18
bitmap: 16 16
bitmap: 14 18
bitmap: 14 48
bitmap: 16 32
bitmap: 38 20
bitmap: 16 16
bitmap: 38 22
bitmap: 16 14
bitmap: 36 22
bitmap: 18 22
bitmap: 14 16
bitmap: 16 14
bitmap: 36 26
bitmap: 38 22
bitmap: 36 20
bitmap: 40 24
bitmap: 18 34
bitmap: 16 14
bitmap: 36 20
bitmap: 38 20
bitmap: 36 20
bitmap: 36 20
bitmap: 16 16
bitmap: 36 18
bitmap: 14 34
bitmap: 38 20
bitmap: 14 18
bitmap: 36 20
bitmap: 14 18
bitmap: 36 26
bitmap: 36 18
bitmap: 16 16
bitmap: 36 20
bitmap: 16 14
bitmap: 38 22
bitmap: 16 16
bitmap: 36 20
bitmap: 14 18
bitmap: 36 22
bitmap: 36 24
bitmap: 38 20
bitmap: 36 22
bitmap: 40 20
bitmap: 36 20
bitmap: 36 22
bitmap: 36 20
bitmap: 36 20
bitmap: 36 20
bitmap: 38 20
bitmap: 36 20
bitmap: 36 22
bitmap: 16 16
bitmap: 36 22
bitmap: 36 24
bitmap: 36 20
bitmap: 36 18
bitmap: 14 20
bitmap: 38 18
bitmap: 14 18
bitmap: 36 22
bitmap: 36 20
bitmap: 14 32
bitmap: 16 36
bitmap: 16 36
bitmap: 36 20
bitmap: 38 20
bitmap: 36 20
bitmap: 36 20
bitmap: 14 34
bitmap: 38 22
bitmap: 36 20
bitmap: 14 16
bitmap: 36 22
bitmap: 38 22
bitmap: 36 18
bitmap: 12 34
bitmap: 38 18
bitmap: 16 16
bitmap: 36 22
bitmap: 38 22
bitmap: 36 20
bitmap: 18 14
bitmap: 38 40
bitmap: 16 34
bitmap: 16 18
bitmap: 16 14
bitmap: 36 20
bitmap: 36 18
bitmap: 14 16
bitmap: 12 16
bitmap: 36 18
bitmap: 16 32
bitmap: 14 32
bitmap: 34 24
bitmap: 14 16
bitmap: 34 24
bitmap: 36 26
bitmap: 14 14
bitmap: 14 40
bitmap: 36 22
bitmap: 16 20
bitmap: 38 20
bitmap: 42 24
bitmap: 36 22
bitmap: 36 20
bitmap: 16 16
bitmap: 36 38
bitmap: 14 18
bitmap: 36 20
bitmap: 38 22
bitmap: 16 32
bitmap: 36 24
bitmap: 38 20
bitmap: 36 20
bitmap: 14 36
bitmap: 16 20
bitmap: 36 22
bitmap: 16 32
bitmap: 14 20
bitmap: 36 24
bitmap: 40 20
bitmap: 36 20
bitmap: 36 50
bitmap: 36 20
bitmap: 36 20
bitmap: 14 16
bitmap: 12 34
bitmap: 16 32
bitmap: 36 20
bitmap: 36 20
bitmap: 14 14
bitmap: 16 14
bitmap: 12 16
bitmap: 38 20
bitmap: 14 14
bitmap: 36 18
bitmap: 14 16
bitmap: 36 22
bitmap: 38 26
bitmap: 38 22
bitmap: 16 16
bitmap: 14 38
bitmap: 36 20
bitmap: 38 20
bitmap: 14 54
bitmap: 16 36
bitmap: 36 20
bitmap: 16 32
bitmap: 36 24
bitmap: 36 24
bitmap: 36 20
bitmap: 36 20
bitmap: 16 12
bitmap: 14 34
bitmap: 38 24
bitmap: 16 16
bitmap: 38 20
bitmap: 14 16
bitmap: 36 20
bitmap: 36 20
bitmap: 36 20
bitmap: 18 20
bitmap: 38 48
bitmap: 36 20
bitmap: 16 18
bitmap: 36 24
bitmap: 16 16
bitmap: 36 18
bitmap: 36 20
bitmap: 36 20
bitmap: 36 20
bitmap: 40 20
bitmap: 36 20
bitmap: 38 18
bitmap: 36 20
bitmap: 36 18
bitmap: 38 20
bitmap: 36 20
bitmap: 38 48
bitmap: 16 32
bitmap: 16 36
bitmap: 14 18
bitmap: 36 20
bitmap: 16 32
bitmap: 36 20
bitmap: 36 20
bitmap: 36 52
bitmap: 14 28
bitmap: 36 20
bitmap: 16 16
bitmap: 36 20
bitmap: 16 34
bitmap: 16 16
bitmap: 36 24
bitmap: 36 42
bitmap: 36 20
bitmap: 38 22
bitmap: 16 30
bitmap: 14 14
bitmap: 36 18
bitmap: 36 20
bitmap: 16 50
bitmap: 16 38
bitmap: 14 34
bitmap: 36 22
bitmap: 36 20
bitmap: 14 18
bitmap: 36 20
bitmap: 16 16
bitmap: 16 14
bitmap: 36 20
bitmap: 14 16
bitmap: 16 16
bitmap: 38 20
bitmap: 14 16
bitmap: 16 16
bitmap: 16 18
bitmap: 36 20
bitmap: 36 20
bitmap: 16 14
bitmap: 38 22
bitmap: 38 22
bitmap: 36 20
bitmap: 14 20
bitmap: 14 34
bitmap: 36 20
bitmap: 16 16
bitmap: 16 50
bitmap: 36 26
bitmap: 14 20
bitmap: 36 26
bitmap: 36 20
bitmap: 36 20
bitmap: 36 20
bitmap: 16 18
bitmap: 36 26
bitmap: 36 20
bitmap: 36 20
bitmap: 14 34
bitmap: 36 20
bitmap: 16 32
bitmap: 36 20
bitmap: 14 34
bitmap: 36 26
bitmap: 36 20
bitmap: 36 22
bitmap: 36 20
bitmap: 36 22
bitmap: 16 20
bitmap: 36 20
bitmap: 14 14
bitmap: 38 22
bitmap: 14 14
bitmap: 38 20
bitmap: 14 18
bitmap: 14 18
bitmap: 36 24
bitmap: 36 20
bitmap: 36 18
bitmap: 16 16
bitmap: 36 20
bitmap: 36 24
bitmap: 16 32
bitmap: 36 20
bitmap: 36 24
bitmap: 16 16
bitmap: 36 20
bitmap: 12 18
bitmap: 38 24
bitmap: 38 20
bitmap: 36 22
bitmap: 38 24
bitmap: 12 16
bitmap: 16 16
bitmap: 36 20
bitmap: 38 24
bitmap: 36 22
bitmap: 36 20
bitmap: 36 20
bitmap: 16 18
bitmap: 38 18
bitmap: 36 22
bitmap: 42 20
bitmap: 36 22
bitmap: 36 20
bitmap: 16 36
bitmap: 36 22
bitmap: 16 16
bitmap: 36 20
bitmap: 14 18
bitmap: 16 36
bitmap: 36 20
bitmap: 36 24
bitmap: 36 20
bitmap: 40 20
bitmap: 36 20
bitmap: 36 20
bitmap: 12 16
bitmap: 36 24
bitmap: 36 18
bitmap: 14 32
bitmap: 38 22
bitmap: 14 18
bitmap: 36 20
bitmap: 16 16
bitmap: 36 18
bitmap: 40 20
bitmap: 16 32
bitmap: 38 20
bitmap: 16 16
bitmap: 38 22
bitmap: 12 16
bitmap: 16 16
bitmap: 36 20
bitmap: 38 20
bitmap: 38 24
bitmap: 14 16
bitmap: 38 20
bitmap: 36 20
bitmap: 16 14
bitmap: 16 32
bitmap: 16 14
bitmap: 36 18
bitmap: 16 30
bitmap: 14 32
bitmap: 14 32
bitmap: 16 14
bitmap: 36 24
bitmap: 16 16
bitmap: 16 18
bitmap: 40 18
bitmap: 36 20
bitmap: 14 32
bitmap: 40 24
bitmap: 16 16
bitmap: 36 20
bitmap: 38 18
bitmap: 38 20
bitmap: 36 18
bitmap: 14 34
bitmap: 36 22
bitmap: 36 20
bitmap: 36 20
bitmap: 36 20
bitmap: 16 16
bitmap: 36 20
bitmap: 36 24
bitmap: 16 34
bitmap: 36 20
bitmap: 16 16
bitmap: 38 20
bitmap: 38 24
bitmap: 16 16
bitmap: 14 50
bitmap: 38 20
bitmap: 18 18
bitmap: 16 18
bitmap: 42 24
bitmap: 16 16
bitmap: 38 20
bitmap: 16 32
bitmap: 36 20
bitmap: 36 18
bitmap: 40 22
bitmap: 36 20
bitmap: 16 18
bitmap: 36 20
bitmap: 14 18
bitmap: 36 22
bitmap: 36 18
bitmap: 36 22
bitmap: 38 20
bitmap: 16 14
bitmap: 16 14
bitmap: 36 20
bitmap: 38 20
bitmap: 38 20
bitmap: 36 20
bitmap: 16 14
bitmap: 36 24
bitmap: 16 36
bitmap: 16 16
bitmap: 14 50
bitmap: 36 24
bitmap: 36 20
bitmap: 16 18
bitmap: 38 18
bitmap: 36 18
bitmap: 36 22
bitmap: 38 20
bitmap: 36 22
bitmap: 36 24
bitmap: 36 18
bitmap: 36 20
bitmap: 14 34
bitmap: 16 14
bitmap: 38 24
bitmap: 16 16
bitmap: 14 32
bitmap: 38 22
bitmap: 38 24
bitmap: 36 20
bitmap: 14 44
bitmap: 36 22
bitmap: 14 16
bitmap: 36 22
bitmap: 38 20
bitmap: 36 22
bitmap: 38 18
bitmap: 36 18
bitmap: 38 24
bitmap: 14 18
bitmap: 38 20
bitmap: 16 32
bitmap: 38 22
bitmap: 16 16
bitmap: 36 22
bitmap: 38 20
bitmap: 36 18
bitmap: 38 20
bitmap: 36 22
bitmap: 38 22
bitmap: 36 20
bitmap: 14 16
bitmap: 36 20
bitmap: 14 16
bitmap: 14 18
bitmap: 16 32
bitmap: 14 18
bitmap: 36 22
bitmap: 36 24
bitmap: 36 22
bitmap: 36 22
bitmap: 14 16
bitmap: 36 20
bitmap: 36 20
bitmap: 36 22
bitmap: 36 20
bitmap: 48 22
bitmap: 16 34
bitmap: 16 32
bitmap: 40 20
bitmap: 38 22
bitmap: 16 62
bitmap: 40 22
bitmap: 38 24
bitmap: 38 22
bitmap: 38 20
bitmap: 14 32
bitmap: 38 22
bitmap: 16 34
bitmap: 38 22
bitmap: 42 22
bitmap: 16 34
bitmap: 38 22
bitmap: 14 32
bitmap: 42 22
bitmap: 14 32
bitmap: 38 24
bitmap: 38 22
bitmap: 14 34
bitmap: 38 24
bitmap: 14 32
bitmap: 16 32
bitmap: 38 22
bitmap: 38 22
bitmap: 38 22
bitmap: 38 22
bitmap: 16 34
bitmap: 14 34
bitmap: 18 32
bitmap: 38 22
bitmap: 14 32
bitmap: 14 32
bitmap: 16 36
bitmap: 16 34
bitmap: 38 22
bitmap: 16 30
bitmap: 16 32
bitmap: 36 24
bitmap: 38 22
bitmap: 14 34
bitmap: 16 32
bitmap: 14 34
bitmap: 36 20
bitmap: 40 22
bitmap: 40 22
bitmap: 38 22
bitmap: 38 20
bitmap: 38 22
bitmap: 14 32
bitmap: 14 32
bitmap: 40 22
bitmap: 38 22
bitmap: 38 24
bitmap: 42 24
bitmap: 38 20
bitmap: 14 32
bitmap: 16 32
bitmap: 38 22
bitmap: 16 34
bitmap: 14 32
bitmap: 16 30
bitmap: 36 24
bitmap: 40 22
bitmap: 38 22
bitmap: 36 24
bitmap: 16 32
bitmap: 16 36
bitmap: 16 34
bitmap: 40 24
bitmap: 18 34
bitmap: 38 22
bitmap: 40 22
bitmap: 36 22
bitmap: 16 34
bitmap: 40 24
bitmap: 16 32
bitmap: 50 24
bitmap: 14 34
bitmap: 14 32
bitmap: 38 24
bitmap: 38 22
bitmap: 14 34
bitmap: 14 34
bitmap: 40 24
bitmap: 38 22
bitmap: 16 32
bitmap: 36 24
bitmap: 16 34
bitmap: 14 32
bitmap: 40 22
bitmap: 40 22
bitmap: 38 22
bitmap: 16 32
bitmap: 38 22
bitmap: 40 22
bitmap: 38 22
bitmap: 36 24
bitmap: 16 32
bitmap: 16 30
bitmap: 14 32
bitmap: 16 38
bitmap: 38 24
bitmap: 38 22
bitmap: 14 32
bitmap: 12 34
bitmap: 16 30
bitmap: 38 24
bitmap: 38 22
bitmap: 40 20
bitmap: 38 22
bitmap: 16 32
bitmap: 16 32
bitmap: 38 20
bitmap: 38 22
bitmap: 38 22
bitmap: 38 22
bitmap: 16 34
bitmap: 38 22
bitmap: 16 22
bitmap: 38 20
bitmap: 14 34
bitmap: 14 32
bitmap: 14 34
bitmap: 38 22
bitmap: 36 20
bitmap: 16 32
bitmap: 38 22
bitmap: 38 24
bitmap: 38 22
bitmap: 38 22
bitmap: 40 22
bitmap: 38 22
bitmap: 40 24
bitmap: 16 32
bitmap: 38 24
bitmap: 38 22
bitmap: 16 32
bitmap: 38 22
bitmap: 14 30
bitmap: 40 22
bitmap: 18 30
bitmap: 16 32
bitmap: 40 22
bitmap: 40 22
bitmap: 16 30
bitmap: 40 22
bitmap: 38 22
bitmap: 16 30
bitmap: 38 24
bitmap: 38 20
bitmap: 14 32
bitmap: 14 34
bitmap: 38 22
bitmap: 38 22
bitmap: 40 24
bitmap: 16 32
bitmap: 38 22
bitmap: 36 22
bitmap: 38 22
bitmap: 14 32
bitmap: 16 34
bitmap: 40 24
bitmap: 16 32
bitmap: 38 24
bitmap: 16 36
bitmap: 40 22
bitmap: 16 34
bitmap: 40 20
bitmap: 38 22
bitmap: 38 22
bitmap: 14 32
bitmap: 16 32
bitmap: 38 22
bitmap: 16 34
bitmap: 38 22
bitmap: 38 22
bitmap: 38 22
bitmap: 38 24
bitmap: 16 36
bitmap: 38 20
bitmap: 38 22
bitmap: 16 38
bitmap: 38 22
bitmap: 36 22
bitmap: 16 36
bitmap: 38 22
bitmap: 40 24
bitmap: 14 32
bitmap: 36 20
bitmap: 18 38
bitmap: 38 22
bitmap: 16 32
bitmap: 38 22
bitmap: 16 32
bitmap: 42 22
bitmap: 16 34
bitmap: 14 34
bitmap: 36 22
bitmap: 38 24
bitmap: 14 32
bitmap: 38 24
bitmap: 36 24
bitmap: 40 22
bitmap: 38 22
bitmap: 14 32
bitmap: 16 32
bitmap: 38 22
bitmap: 38 22
bitmap: 16 32
bitmap: 16 32
bitmap: 14 34
bitmap: 38 22
bitmap: 38 22
bitmap: 38 22
bitmap: 14 36
bitmap: 38 22
bitmap: 40 22
bitmap: 16 32
bitmap: 36 24
bitmap: 16 32
bitmap: 16 34
bitmap: 38 24
bitmap: 14 34
bitmap: 38 22
bitmap: 14 32
bitmap: 16 36
bitmap: 38 20
bitmap: 16 34
bitmap: 40 20
bitmap: 16 32
bitmap: 38 22
bitmap: 36 22
bitmap: 38 22
bitmap: 16 34
bitmap: 14 36
bitmap: 16 32
bitmap: 16 30
bitmap: 38 24
bitmap: 14 40
bitmap: 14 32
bitmap: 14 32
bitmap: 38 22
bitmap: 18 18
bitmap: 40 24
bitmap: 14 38
bitmap: 38 22
bitmap: 38 22
bitmap: 38 22
bitmap: 38 20
bitmap: 16 32
bitmap: 38 22
bitmap: 38 24
