bitmap: 64 64
bitmap: 44 22
bitmap: 62 24
bitmap: 42 22
bitmap: 36 20
bitmap: 40 18
bitmap: 18 30
bitmap: 38 20
bitmap: 38 20
bitmap: 38 22
bitmap: 64 24
bitmap: 52 24
bitmap: 64 24
bitmap: 42 22
bitmap: 42 22
bitmap: 42 22
bitmap: 42 22
bitmap: 40 24
bitmap: 40 24
bitmap: 40 22
bitmap: 42 50
bitmap: 40 24
bitmap: 40 24
bitmap: 44 24
bitmap: 40 24
bitmap: 44 22
bitmap: 14 32
bitmap: 42 22
bitmap: 38 48
bitmap: 42 22
bitmap: 40 22
bitmap: 42 22
bitmap: 42 22
bitmap: 40 22
bitmap: 40 20
bitmap: 40 22
bitmap: 40 38
bitmap: 40 22
bitmap: 40 22
bitmap: 40 20
bitmap: 42 22
bitmap: 40 22
bitmap: 40 20
bitmap: 40 22
bitmap: 42 58
bitmap: 40 20
bitmap: 14 32
bitmap: 40 22
bitmap: 40 24
bitmap: 42 22
bitmap: 42 24
bitmap: 16 30
bitmap: 42 20
bitmap: 42 24
bitmap: 40 24
bitmap: 40 20
bitmap: 44 24
bitmap: 42 24
bitmap: 40 20
bitmap: 42 24
bitmap: 42 22
bitmap: 16 32
bitmap: 42 22
bitmap: 40 24
bitmap: 40 22
bitmap: 42 22
bitmap: 40 22
bitmap: 42 20
bitmap: 40 20
bitmap: 40 22
bitmap: 40 22
bitmap: 16 32
bitmap: 40 20
bitmap: 40 22
bitmap: 40 22
bitmap: 44 22
bitmap: 16 32
bitmap: 40 22
bitmap: 44 22
bitmap: 40 22
bitmap: 40 20
bitmap: 42 22
bitmap: 40 22
bitmap: 42 22
bitmap: 40 22
bitmap: 42 22
bitmap: 14 74
bitmap: 40 22
bitmap: 40 22
bitmap: 40 22
bitmap: 42 22
bitmap: 14 30
bitmap: 42 22
bitmap: 40 20
bitmap: 42 22
bitmap: 40 22
bitmap: 18 32
bitmap: 40 22
bitmap: 40 22
bitmap: 42 22
bitmap: 42 46
bitmap: 40 34
bitmap: 40 22
bitmap: 42 22
bitmap: 40 22
bitmap: 40 22
bitmap: 16 56
bitmap: 42 22
bitmap: 40 60
bitmap: 50 24
bitmap: 40 22
bitmap: 14 32
bitmap: 40 20
bitmap: 40 22
bitmap: 40 22
bitmap: 42 22
bitmap: 42 52
bitmap: 42 22
bitmap: 42 22
bitmap: 42 24
bitmap: 40 24
bitmap: 18 32
bitmap: 42 24
bitmap: 40 22
bitmap: 42 22
bitmap: 40 22
bitmap: 42 24
bitmap: 40 20
bitmap: 42 24
bitmap: 40 20
bitmap: 40 24
bitmap: 40 22
bitmap: 40 50
bitmap: 40 20
bitmap: 40 22
bitmap: 40 20
bitmap: 16 30
bitmap: 40 22
bitmap: 42 22
bitmap: 42 24
bitmap: 40 20
bitmap: 40 20
bitmap: 40 22
bitmap: 40 20
bitmap: 42 64
bitmap: 42 22
bitmap: 16 32
bitmap: 42 22
bitmap: 40 22
bitmap: 42 22
bitmap: 42 22
bitmap: 40 20
bitmap: 40 22
bitmap: 40 22
bitmap: 40 22
bitmap: 40 20
bitmap: 40 20
bitmap: 40 64
bitmap: 38 24
bitmap: 42 22
bitmap: 40 24
bitmap: 44 22
bitmap: 42 22
bitmap: 40 24
bitmap: 42 22
bitmap: 40 20
bitmap: 36 20
bitmap: 40 20
bitmap: 40 22
bitmap: 42 22
bitmap: 40 20
bitmap: 18 30
bitmap: 42 22
bitmap: 40 22
bitmap: 42 22
bitmap: 40 22
bitmap: 14 32
bitmap: 42 22
bitmap: 40 22
bitmap: 42 22
bitmap: 42 22
bitmap: 16 30
bitmap: 40 24
bitmap: 40 22
bitmap: 42 22
bitmap: 18 30
bitmap: 40 20
bitmap: 40 24
bitmap: 40 22
bitmap: 42 22
bitmap: 42 22
bitmap: 16 30
bitmap: 42 22
bitmap: 40 20
bitmap: 40 20
bitmap: 42 22
bitmap: 16 32
bitmap: 40 20
bitmap: 40 20
bitmap: 40 24
bitmap: 40 22
bitmap: 40 22
bitmap: 40 20
bitmap: 40 22
bitmap: 40 20
bitmap: 40 20
bitmap: 58 20
bitmap: 44 22
bitmap: 40 22
bitmap: 42 22
bitmap: 40 20
bitmap: 40 22
bitmap: 42 22
bitmap: 40 22
bitmap: 42 24
bitmap: 42 22
bitmap: 14 32
bitmap: 40 24
bitmap: 44 22
bitmap: 42 24
bitmap: 42 22
bitmap: 40 22
bitmap: 40 22
bitmap: 18 20
bitmap: 38 22
bitmap: 42 22
bitmap: 40 20
bitmap: 42 22
bitmap: 38 22
bitmap: 40 22
bitmap: 40 22
bitmap: 16 30
bitmap: 42 22
bitmap: 44 20
bitmap: 38 22
bitmap: 42 22
bitmap: 14 18
bitmap: 40 22
bitmap: 42 22
bitmap: 42 24
bitmap: 40 24
bitmap: 40 24
bitmap: 40 20
bitmap: 42 22
bitmap: 40 20
bitmap: 42 22
bitmap: 16 16
bitmap: 38 22
bitmap: 42 24
bitmap: 40 24
bitmap: 40 22
bitmap: 40 22
bitmap: 40 20
bitmap: 42 22
bitmap: 40 22
bitmap: 40 24
bitmap: 16 16
bitmap: 40 22
bitmap: 40 24
bitmap: 42 24
bitmap: 40 22
bitmap: 14 30
bitmap: 40 24
bitmap: 40 20
bitmap: 40 22
bitmap: 42 20
bitmap: 40 22
bitmap: 40 22
bitmap: 42 22
bitmap: 42 22
bitmap: 42 22
bitmap: 18 18
bitmap: 40 22
bitmap: 40 22
bitmap: 40 22
bitmap: 40 22
bitmap: 40 22
bitmap: 42 22
bitmap: 42 26
bitmap: 40 20
bitmap: 40 22
bitmap: 40 20
bitmap: 14 30
bitmap: 40 22
bitmap: 42 20
bitmap: 40 22
bitmap: 40 22
bitmap: 58 22
bitmap: 40 22
bitmap: 38 22
bitmap: 40 22
bitmap: 42 22
bitmap: 14 32
bitmap: 40 22
bitmap: 40 22
bitmap: 44 22
bitmap: 42 22
bitmap: 16 32
bitmap: 38 22
bitmap: 42 22
bitmap: 40 20
bitmap: 40 24
bitmap: 40 20
bitmap: 42 24
bitmap: 38 22
bitmap: 42 22
bitmap: 42 22
bitmap: 16 30
bitmap: 40 22
bitmap: 40 22
bitmap: 40 22
bitmap: 38 22
bitmap: 40 22
bitmap: 40 22
bitmap: 40 22
bitmap: 40 20
bitmap: 40 22
bitmap: 60 20
bitmap: 68 24
bitmap: 42 24
bitmap: 42 22
bitmap: 42 22
bitmap: 14 32
bitmap: 40 22
bitmap: 40 22
bitmap: 42 22
bitmap: 40 24
bitmap: 16 30
bitmap: 40 20
bitmap: 40 24
bitmap: 40 22
bitmap: 42 22
bitmap: 16 30
bitmap: 40 20
bitmap: 40 24
bitmap: 42 22
bitmap: 40 22
bitmap: 16 18
bitmap: 40 22
bitmap: 40 22
bitmap: 44 22
bitmap: 42 22
bitmap: 60 20
bitmap: 38 22
bitmap: 42 22
bitmap: 44 24
bitmap: 40 22
bitmap: 14 30
bitmap: 42 22
bitmap: 42 20
bitmap: 42 24
bitmap: 42 24
bitmap: 14 32
bitmap: 40 22
bitmap: 40 24
bitmap: 40 20
bitmap: 42 22
bitmap: 58 22
bitmap: 40 22
bitmap: 40 22
bitmap: 38 22
bitmap: 42 24
bitmap: 14 30
bitmap: 42 22
bitmap: 40 58
bitmap: 42 22
bitmap: 42 22
bitmap: 40 22
bitmap: 40 20
bitmap: 40 22
bitmap: 40 22
bitmap: 40 22
bitmap: 58 48
bitmap: 40 20
bitmap: 42 22
bitmap: 40 22
bitmap: 40 22
bitmap: 14 30
bitmap: 40 22
bitmap: 40 20
bitmap: 40 46
bitmap: 40 24
bitmap: 40 24
bitmap: 44 22
bitmap: 42 22
bitmap: 40 24
bitmap: 40 20
bitmap: 64 20
bitmap: 42 52
bitmap: 40 22
bitmap: 40 22
bitmap: 42 24
bitmap: 16 32
bitmap: 40 22
bitmap: 40 20
bitmap: 40 20
bitmap: 40 58
bitmap: 42 22
bitmap: 40 20
bitmap: 40 24
bitmap: 42 22
bitmap: 42 22
bitmap: 14 32
bitmap: 40 22
bitmap: 40 22
bitmap: 40 20
bitmap: 40 22
bitmap: 42 22
bitmap: 40 22
bitmap: 38 22
bitmap: 42 24
bitmap: 40 22
bitmap: 64 20
bitmap: 42 22
bitmap: 42 22
bitmap: 40 22
bitmap: 42 22
bitmap: 40 22
bitmap: 40 22
bitmap: 42 22
bitmap: 40 20
bitmap: 38 22
bitmap: 14 30
bitmap: 40 20
bitmap: 40 22
bitmap: 40 20
bitmap: 40 22
bitmap: 58 20
bitmap: 40 22
bitmap: 42 64
bitmap: 40 22
bitmap: 38 22
bitmap: 16 32
bitmap: 40 22
bitmap: 40 20
bitmap: 40 20
bitmap: 42 22
bitmap: 42 22
bitmap: 40 24
bitmap: 40 20
bitmap: 40 24
bitmap: 42 22
bitmap: 40 22
bitmap: 40 24
bitmap: 38 24
bitmap: 40 24
bitmap: 40 22
bitmap: 14 32
bitmap: 42 24
bitmap: 96 22
bitmap: 40 24
bitmap: 40 22
bitmap: 60 22
bitmap: 38 24
bitmap: 40 22
bitmap: 52 22
bitmap: 42 22
bitmap: 40 20
bitmap: 40 22
bitmap: 42 22
bitmap: 40 22
bitmap: 40 24
bitmap: 60 22
bitmap: 40 20
bitmap: 42 24
bitmap: 40 20
bitmap: 40 22
bitmap: 42 22
bitmap: 42 22
bitmap: 40 22
bitmap: 42 22
bitmap: 42 22
bitmap: 42 22
bitmap: 42 24
bitmap: 42 24
bitmap: 40 20
bitmap: 40 22
bitmap: 42 24
bitmap: 84 24
bitmap: 42 22
bitmap: 40 22
bitmap: 42 22
bitmap: 16 30
bitmap: 40 22
bitmap: 40 20
bitmap: 40 22
bitmap: 42 24
bitmap: 42 22
bitmap: 18 18
bitmap: 40 20
bitmap: 42 22
bitmap: 40 20
bitmap: 40 20
bitmap: 40 22
bitmap: 40 22
bitmap: 42 24
bitmap: 38 22
bitmap: 40 22
bitmap: 14 32
bitmap: 40 22
bitmap: 40 22
bitmap: 42 24
bitmap: 42 24
bitmap: 16 34
bitmap: 40 22
bitmap: 40 24
bitmap: 40 22
bitmap: 42 22
bitmap: 16 32
bitmap: 42 22
bitmap: 42 24
bitmap: 12 30
bitmap: 42 22
bitmap: 16 34
bitmap: 42 22
bitmap: 40 20
bitmap: 40 20
bitmap: 40 22
bitmap: 16 32
bitmap: 42 24
bitmap: 42 24
bitmap: 40 22
bitmap: 42 22
bitmap: 16 32
bitmap: 40 20
bitmap: 44 24
bitmap: 40 22
bitmap: 44 24
bitmap: 14 30
bitmap: 42 22
bitmap: 42 24
bitmap: 44 24
bitmap: 42 20
bitmap: 16 32
bitmap: 40 20
bitmap: 42 22
bitmap: 42 22
bitmap: 40 22
bitmap: 18 32
bitmap: 40 22
bitmap: 42 22
bitmap: 42 22
bitmap: 40 20
bitmap: 62 18
bitmap: 40 20
bitmap: 40 22
bitmap: 40 20
bitmap: 40 20
bitmap: 42 22
bitmap: 40 24
bitmap: 42 22
bitmap: 40 20
bitmap: 42 22
bitmap: 62 22
bitmap: 40 22
bitmap: 40 22
bitmap: 40 22
bitmap: 40 24
bitmap: 42 24
bitmap: 42 24
bitmap: 42 22
bitmap: 40 20
bitmap: 40 22
bitmap: 62 20
bitmap: 40 50
bitmap: 40 22
bitmap: 40 20
bitmap: 42 22
bitmap: 60 22
bitmap: 40 22
bitmap: 40 20
bitmap: 42 22
bitmap: 40 20
bitmap: 14 30
bitmap: 42 22
bitmap: 42 22
bitmap: 40 22
bitmap: 42 24
bitmap: 42 22
bitmap: 40 20
bitmap: 44 44
bitmap: 40 20
bitmap: 42 22
bitmap: 40 22
bitmap: 40 24
bitmap: 40 24
bitmap: 40 22
bitmap: 40 20
bitmap: 14 30
bitmap: 42 22
bitmap: 40 20
bitmap: 40 24
bitmap: 40 22
bitmap: 72 24
bitmap: 42 24
bitmap: 40 20
bitmap: 40 176
bitmap: 40 22
bitmap: 42 22
bitmap: 18 18
bitmap: 40 22
bitmap: 42 20
bitmap: 40 22
bitmap: 40 22
bitmap: 16 30
bitmap: 40 20
bitmap: 40 22
bitmap: 44 24
bitmap: 42 22
bitmap: 16 30
bitmap: 40 22
bitmap: 42 22
bitmap: 40 48
bitmap: 42 34
bitmap: 14 34
bitmap: 42 20
bitmap: 40 22
bitmap: 42 26
bitmap: 42 22
bitmap: 40 22
bitmap: 42 22
bitmap: 40 22
bitmap: 42 22
bitmap: 40 20
bitmap: 40 22
bitmap: 42 22
bitmap: 40 22
bitmap: 40 22
bitmap: 42 22
bitmap: 40 22
bitmap: 40 20
bitmap: 40 22
bitmap: 42 22
bitmap: 40 22
bitmap: 60 22
bitmap: 42 22
bitmap: 42 22
bitmap: 42 22
bitmap: 42 22
bitmap: 40 20
bitmap: 40 22
bitmap: 40 20
bitmap: 40 22
bitmap: 42 22
bitmap: 14 32
bitmap: 40 20
bitmap: 40 22
bitmap: 42 22
bitmap: 40 20
bitmap: 16 30
bitmap: 42 22
bitmap: 40 22
bitmap: 40 22
bitmap: 42 22
bitmap: 20 18
bitmap: 40 22
bitmap: 40 22
bitmap: 40 20
bitmap: 42 22
bitmap: 16 30
bitmap: 42 20
bitmap: 40 24
bitmap: 40 24
bitmap: 40 24
bitmap: 14 32
bitmap: 42 22
bitmap: 42 22
bitmap: 40 22
bitmap: 40 20
bitmap: 66 20
bitmap: 40 22
bitmap: 40 24
bitmap: 40 22
bitmap: 40 22
bitmap: 42 22
bitmap: 40 20
bitmap: 40 20
bitmap: 40 22
bitmap: 40 22
bitmap: 18 22
bitmap: 40 20
bitmap: 42 24
bitmap: 40 22
bitmap: 40 24
bitmap: 16 30
bitmap: 40 22
bitmap: 40 22
bitmap: 42 22
bitmap: 42 22
bitmap: 62 22
bitmap: 42 22
bitmap: 40 20
bitmap: 42 22
bitmap: 40 22
bitmap: 40 22
bitmap: 42 22
bitmap: 40 22
bitmap: 40 22
bitmap: 40 24
bitmap: 40 22
bitmap: 40 22
bitmap: 42 22
bitmap: 42 22
bitmap: 44 22
bitmap: 62 22
bitmap: 42 24
bitmap: 42 22
bitmap: 40 22
bitmap: 40 20
bitmap: 16 32
bitmap: 40 22
bitmap: 42 22
bitmap: 40 22
bitmap: 40 22
bitmap: 40 20
bitmap: 42 22
bitmap: 42 22
bitmap: 40 22
bitmap: 42 22
bitmap: 16 32
bitmap: 40 22
bitmap: 40 22
bitmap: 40 22
bitmap: 40 22
bitmap: 14 32
bitmap: 38 22
bitmap: 40 22
bitmap: 42 22
bitmap: 44 22
bitmap: 60 20
bitmap: 40 22
bitmap: 44 22
bitmap: 40 22
bitmap: 44 22
bitmap: 60 22
bitmap: 16 30
bitmap: 42 22
bitmap: 40 22
bitmap: 40 22
bitmap: 16 30
bitmap: 40 22
bitmap: 42 22
bitmap: 42 22
bitmap: 42 22
bitmap: 38 22
bitmap: 40 22
bitmap: 42 22
bitmap: 40 24
bitmap: 40 24
bitmap: 62 24
bitmap: 42 22
bitmap: 42 22
bitmap: 42 22
bitmap: 40 20
bitmap: 40 22
bitmap: 16 32
bitmap: 40 22
bitmap: 44 22
bitmap: 40 22
bitmap: 42 22
bitmap: 16 32
bitmap: 40 20
bitmap: 40 22
bitmap: 40 24
bitmap: 42 22
bitmap: 16 30
bitmap: 38 22
bitmap: 42 22
bitmap: 42 22
bitmap: 40 22
bitmap: 14 32
bitmap: 42 24
bitmap: 40 20
bitmap: 40 24
bitmap: 42 22
bitmap: 42 22
bitmap: 40 24
bitmap: 40 22
bitmap: 38 24
bitmap: 42 24
bitmap: 16 32
bitmap: 42 20
bitmap: 42 24
bitmap: 40 24
bitmap: 40 24
bitmap: 66 22
bitmap: 44 24
bitmap: 40 24
bitmap: 42 22
bitmap: 40 24
bitmap: 14 32
bitmap: 40 24
bitmap: 40 20
bitmap: 42 24
bitmap: 42 22
bitmap: 16 30
bitmap: 42 46
bitmap: 40 22
bitmap: 42 24
bitmap: 12 30
bitmap: 40 24
bitmap: 42 22
bitmap: 40 20
bitmap: 40 24
bitmap: 40 44
bitmap: 20 20
bitmap: 40 22
bitmap: 40 24
bitmap: 40 22
bitmap: 42 24
bitmap: 40 22
bitmap: 42 24
bitmap: 42 42
bitmap: 44 22
bitmap: 42 22
bitmap: 42 22
bitmap: 40 24
bitmap: 44 24
bitmap: 40 22
bitmap: 40 24
bitmap: 14 40
bitmap: 40 24
bitmap: 42 24
bitmap: 42 20
bitmap: 40 20
bitmap: 20 18
bitmap: 40 20
bitmap: 40 22
bitmap: 40 56
bitmap: 38 22
bitmap: 42 22
bitmap: 42 22
bitmap: 40 22
bitmap: 42 24
bitmap: 42 24
bitmap: 40 22
bitmap: 40 24
bitmap: 40 20
bitmap: 42 22
bitmap: 42 24
bitmap: 62 20
bitmap: 44 22
bitmap: 40 24
bitmap: 42 22
bitmap: 42 22
bitmap: 14 32
bitmap: 40 20
bitmap: 42 22
bitmap: 40 22
bitmap: 42 22
bitmap: 62 22
bitmap: 40 24
bitmap: 42 22
bitmap: 40 20
bitmap: 40 20
bitmap: 40 20
bitmap: 42 22
bitmap: 42 24
bitmap: 42 22
bitmap: 40 22
bitmap: 62 22
bitmap: 40 22
bitmap: 42 24
bitmap: 42 24
bitmap: 40 24
bitmap: 40 22
bitmap: 40 22
bitmap: 42 24
bitmap: 40 22
bitmap: 40 22
bitmap: 40 20
bitmap: 42 22
bitmap: 40 22
bitmap: 42 22
bitmap: 42 22
bitmap: 16 32
bitmap: 42 58
bitmap: 44 22
bitmap: 40 20
bitmap: 42 22
bitmap: 42 24
bitmap: 40 24
bitmap: 40 20
bitmap: 40 22
bitmap: 40 24
bitmap: 40 24
bitmap: 42 24
bitmap: 42 22
bitmap: 40 24
bitmap: 42 22
bitmap: 16 32
bitmap: 40 20
bitmap: 38 24
bitmap: 40 22
bitmap: 42 22
bitmap: 44 22
bitmap: 40 22
bitmap: 40 22
bitmap: 42 22
bitmap: 40 22
bitmap: 14 32
bitmap: 40 20
bitmap: 42 22
bitmap: 40 22
bitmap: 40 20
bitmap: 16 32
bitmap: 40 22
bitmap: 40 20
bitmap: 40 20
bitmap: 40 22
bitmap: 42 22
bitmap: 42 22
bitmap: 42 22
bitmap: 42 22
bitmap: 40 20
bitmap: 42 24
bitmap: 42 24
bitmap: 40 22
bitmap: 40 24
bitmap: 42 22
bitmap: 16 30
bitmap: 40 24
bitmap: 40 20
bitmap: 40 24
bitmap: 42 22
bitmap: 40 20
bitmap: 40 22
bitmap: 14 32
bitmap: 40 22
bitmap: 44 22
bitmap: 16 34
bitmap: 40 22
bitmap: 42 22
bitmap: 44 22
bitmap: 40 20
bitmap: 16 30
bitmap: 40 20
bitmap: 40 22
bitmap: 40 22
bitmap: 42 22
bitmap: 14 32
bitmap: 40 22
bitmap: 42 24
bitmap: 42 22
bitmap: 40 22
bitmap: 16 18
bitmap: 44 22
bitmap: 40 22
bitmap: 42 22
bitmap: 40 22
bitmap: 62 18
bitmap: 14 30
bitmap: 40 22
bitmap: 42 22
bitmap: 40 20
bitmap: 16 18
bitmap: 40 20
bitmap: 40 22
bitmap: 38 22
bitmap: 40 22
bitmap: 58 22
bitmap: 18 32
bitmap: 40 20
bitmap: 40 22
bitmap: 40 20
bitmap: 40 22
bitmap: 64 22
bitmap: 40 22
bitmap: 40 22
bitmap: 40 22
bitmap: 16 16
bitmap: 42 22
bitmap: 40 20
bitmap: 40 24
bitmap: 40 22
bitmap: 16 20
bitmap: 42 22
bitmap: 40 20
bitmap: 66 20
bitmap: 40 24
bitmap: 40 22
bitmap: 40 22
bitmap: 42 24
bitmap: 40 24
bitmap: 40 22
bitmap: 42 22
bitmap: 16 32
bitmap: 40 20
bitmap: 40 22
bitmap: 42 22
bitmap: 40 22
bitmap: 40 22
bitmap: 40 22
bitmap: 40 20
bitmap: 42 22
bitmap: 42 22
bitmap: 40 20
bitmap: 40 22
bitmap: 42 22
bitmap: 40 22
