bitmap: 64 64
bitmap: 38 20
bitmap: 38 22
bitmap: 38 22
bitmap: 40 20
bitmap: 38 22
bitmap: 38 20
bitmap: 36 22
bitmap: 38 20
bitmap: 38 20
bitmap: 38 20
bitmap: 40 20
bitmap: 38 18
bitmap: 40 18
bitmap: 36 18
bitmap: 38 24
bitmap: 38 18
bitmap: 36 20
bitmap: 18 28
bitmap: 38 18
bitmap: 40 18
bitmap: 36 22
bitmap: 58 20
bitmap: 38 20
bitmap: 38 20
bitmap: 36 22
bitmap: 38 20
bitmap: 62 18
bitmap: 38 44
bitmap: 38 20
bitmap: 38 20
bitmap: 34 18
bitmap: 42 20
bitmap: 36 22
bitmap: 38 20
bitmap: 38 22
bitmap: 36 20
bitmap: 40 20
bitmap: 38 22
bitmap: 36 20
bitmap: 38 22
bitmap: 40 22
bitmap: 40 20
bitmap: 38 22
bitmap: 36 20
bitmap: 38 22
bitmap: 36 20
bitmap: 36 22
bitmap: 58 20
bitmap: 40 20
bitmap: 16 28
bitmap: 38 20
bitmap: 60 44
bitmap: 36 26
bitmap: 12 30
bitmap: 38 20
bitmap: 60 20
bitmap: 38 20
bitmap: 40 20
bitmap: 58 20
bitmap: 38 20
bitmap: 38 20
bitmap: 36 20
bitmap: 14 30
bitmap: 36 22
bitmap: 36 20
bitmap: 36 24
bitmap: 38 20
bitmap: 38 44
bitmap: 38 22
bitmap: 36 20
bitmap: 38 22
bitmap: 38 20
bitmap: 36 20
bitmap: 36 20
bitmap: 40 22
bitmap: 62 20
bitmap: 54 18
bitmap: 54 18
bitmap: 38 20
bitmap: 40 18
bitmap: 36 22
bitmap: 36 22
bitmap: 58 18
bitmap: 36 20
bitmap: 54 18
bitmap: 36 20
bitmap: 54 18
bitmap: 38 18
bitmap: 36 20
bitmap: 38 20
bitmap: 56 18
bitmap: 38 18
bitmap: 54 18
bitmap: 40 20
bitmap: 14 38
bitmap: 38 20
bitmap: 38 22
bitmap: 36 20
bitmap: 60 20
bitmap: 64 48
bitmap: 58 32
bitmap: 40 22
bitmap: 42 22
bitmap: 42 22
bitmap: 38 22
bitmap: 40 22
bitmap: 40 22
bitmap: 40 48
bitmap: 40 24
bitmap: 40 22
bitmap: 40 22
bitmap: 38 22
bitmap: 40 22
bitmap: 38 22
bitmap: 40 22
bitmap: 40 54
bitmap: 40 22
bitmap: 40 22
bitmap: 42 24
bitmap: 40 22
bitmap: 38 22
bitmap: 18 18
bitmap: 40 22
bitmap: 42 22
bitmap: 40 22
bitmap: 38 22
bitmap: 14 30
bitmap: 40 22
bitmap: 38 22
bitmap: 40 22
bitmap: 40 22
bitmap: 40 22
bitmap: 40 22
bitmap: 40 20
bitmap: 38 20
bitmap: 42 22
bitmap: 42 22
bitmap: 40 20
bitmap: 40 20
bitmap: 38 22
bitmap: 40 22
bitmap: 40 22
bitmap: 40 20
bitmap: 40 22
bitmap: 38 22
bitmap: 42 24
bitmap: 40 22
bitmap: 40 20
bitmap: 40 22
bitmap: 40 22
bitmap: 40 22
bitmap: 40 22
bitmap: 40 20
bitmap: 40 22
bitmap: 40 22
bitmap: 40 22
bitmap: 42 20
bitmap: 38 20
bitmap: 40 22
bitmap: 40 22
bitmap: 38 22
bitmap: 40 20
bitmap: 40 22
bitmap: 38 22
bitmap: 40 22
bitmap: 38 22
bitmap: 40 22
bitmap: 40 20
bitmap: 16 14
bitmap: 42 22
bitmap: 42 24
bitmap: 40 22
bitmap: 42 22
bitmap: 38 24
bitmap: 40 22
bitmap: 40 22
bitmap: 40 24
bitmap: 38 22
bitmap: 40 20
bitmap: 40 20
bitmap: 40 22
bitmap: 40 24
bitmap: 40 22
bitmap: 42 22
bitmap: 40 22
bitmap: 38 22
bitmap: 40 20
bitmap: 42 22
bitmap: 38 26
bitmap: 44 22
bitmap: 60 20
bitmap: 40 22
bitmap: 42 24
bitmap: 42 22
bitmap: 40 22
bitmap: 40 22
bitmap: 40 20
bitmap: 40 22
bitmap: 20 14
bitmap: 40 20
bitmap: 40 20
bitmap: 40 22
bitmap: 40 20
bitmap: 40 20
bitmap: 40 22
bitmap: 40 20
bitmap: 44 22
bitmap: 40 20
bitmap: 40 22
bitmap: 38 20
bitmap: 18 20
bitmap: 40 22
bitmap: 38 22
bitmap: 42 22
bitmap: 38 24
bitmap: 40 22
bitmap: 40 22
bitmap: 40 22
bitmap: 42 20
bitmap: 40 20
bitmap: 38 20
bitmap: 40 20
bitmap: 38 22
bitmap: 38 22
bitmap: 40 22
bitmap: 40 22
bitmap: 40 22
bitmap: 40 22
bitmap: 40 22
bitmap: 40 22
bitmap: 14 20
bitmap: 40 20
bitmap: 38 22
bitmap: 40 22
bitmap: 40 22
bitmap: 40 22
bitmap: 40 22
bitmap: 42 22
bitmap: 38 22
bitmap: 40 20
bitmap: 40 22
bitmap: 40 22
bitmap: 38 22
bitmap: 40 22
bitmap: 40 20
bitmap: 40 22
bitmap: 44 24
bitmap: 38 22
bitmap: 40 22
bitmap: 40 22
bitmap: 44 22
bitmap: 38 22
bitmap: 42 24
bitmap: 40 22
bitmap: 38 22
bitmap: 40 20
bitmap: 40 22
bitmap: 42 24
bitmap: 38 20
bitmap: 42 22
bitmap: 42 22
bitmap: 38 22
bitmap: 42 22
bitmap: 40 22
bitmap: 38 22
bitmap: 38 22
bitmap: 40 20
bitmap: 40 22
bitmap: 38 22
bitmap: 38 22
bitmap: 40 22
bitmap: 38 22
bitmap: 38 22
bitmap: 40 22
bitmap: 42 20
bitmap: 44 22
bitmap: 40 20
bitmap: 40 22
bitmap: 42 22
bitmap: 40 22
bitmap: 40 22
bitmap: 42 22
bitmap: 40 20
bitmap: 40 22
bitmap: 42 22
bitmap: 40 22
bitmap: 40 22
bitmap: 38 22
bitmap: 42 26
bitmap: 40 22
bitmap: 42 22
bitmap: 40 22
bitmap: 40 22
bitmap: 40 24
bitmap: 38 22
bitmap: 40 22
bitmap: 40 20
bitmap: 40 22
bitmap: 42 22
bitmap: 42 22
bitmap: 40 20
bitmap: 42 22
bitmap: 40 22
bitmap: 40 22
bitmap: 40 22
bitmap: 38 20
bitmap: 40 22
bitmap: 40 20
bitmap: 42 22
bitmap: 40 22
bitmap: 40 22
bitmap: 40 22
bitmap: 38 20
bitmap: 38 22
bitmap: 42 20
bitmap: 40 22
bitmap: 40 24
bitmap: 38 22
bitmap: 14 30
bitmap: 40 22
bitmap: 42 24
bitmap: 42 22
bitmap: 38 22
bitmap: 40 24
bitmap: 42 22
bitmap: 40 24
bitmap: 40 24
bitmap: 38 24
bitmap: 42 24
bitmap: 38 24
bitmap: 40 24
bitmap: 40 22
bitmap: 40 22
bitmap: 40 24
bitmap: 42 24
bitmap: 38 24
bitmap: 40 20
bitmap: 38 24
bitmap: 40 22
bitmap: 40 22
bitmap: 40 20
bitmap: 40 22
bitmap: 40 24
bitmap: 40 24
bitmap: 40 22
bitmap: 40 20
bitmap: 42 22
bitmap: 42 48
bitmap: 40 22
bitmap: 40 24
bitmap: 14 30
bitmap: 38 24
bitmap: 38 24
bitmap: 42 22
bitmap: 38 24
bitmap: 44 22
bitmap: 40 22
bitmap: 38 22
bitmap: 38 20
bitmap: 38 22
bitmap: 42 22
bitmap: 40 20
bitmap: 38 22
bitmap: 40 22
bitmap: 40 22
bitmap: 40 20
bitmap: 40 20
bitmap: 40 22
bitmap: 38 22
bitmap: 38 22
bitmap: 42 22
bitmap: 40 22
bitmap: 40 24
bitmap: 40 22
bitmap: 42 24
bitmap: 38 22
bitmap: 40 22
bitmap: 40 22
bitmap: 40 22
bitmap: 40 20
bitmap: 38 22
bitmap: 42 20
bitmap: 58 20
bitmap: 40 22
bitmap: 40 22
bitmap: 38 22
bitmap: 42 22
bitmap: 40 20
bitmap: 40 26
bitmap: 40 22
bitmap: 40 22
bitmap: 40 22
bitmap: 40 22
bitmap: 38 20
bitmap: 40 20
bitmap: 40 22
bitmap: 40 20
bitmap: 42 22
bitmap: 42 20
bitmap: 40 22
bitmap: 40 22
bitmap: 38 20
bitmap: 40 20
bitmap: 40 22
bitmap: 40 20
bitmap: 40 24
bitmap: 40 22
bitmap: 38 22
bitmap: 40 20
bitmap: 40 22
bitmap: 38 20
bitmap: 38 22
bitmap: 42 24
bitmap: 40 20
bitmap: 40 22
bitmap: 70 22
bitmap: 38 24
bitmap: 38 22
bitmap: 40 24
bitmap: 38 22
bitmap: 40 22
bitmap: 40 22
bitmap: 40 22
bitmap: 40 22
bitmap: 40 22
bitmap: 40 22
bitmap: 38 22
bitmap: 40 22
bitmap: 40 20
bitmap: 34 22
bitmap: 40 22
bitmap: 38 24
bitmap: 40 24
bitmap: 40 24
bitmap: 40 22
bitmap: 38 24
bitmap: 40 24
bitmap: 40 24
bitmap: 40 22
bitmap: 38 24
bitmap: 38 22
bitmap: 40 22
bitmap: 40 22
bitmap: 40 22
bitmap: 40 22
bitmap: 42 22
bitmap: 38 22
bitmap: 42 22
bitmap: 40 20
bitmap: 38 20
bitmap: 42 22
bitmap: 38 22
bitmap: 38 22
bitmap: 40 24
bitmap: 40 22
bitmap: 38 20
bitmap: 42 22
bitmap: 40 22
bitmap: 40 22
bitmap: 40 20
bitmap: 42 22
bitmap: 40 20
bitmap: 40 20
bitmap: 40 22
bitmap: 38 22
bitmap: 42 24
bitmap: 42 22
bitmap: 40 22
bitmap: 38 22
bitmap: 42 22
bitmap: 40 20
bitmap: 40 24
bitmap: 40 20
bitmap: 40 24
bitmap: 40 22
bitmap: 40 24
bitmap: 40 20
bitmap: 38 22
bitmap: 42 22
bitmap: 40 22
bitmap: 40 22
bitmap: 40 22
bitmap: 42 22
bitmap: 40 20
bitmap: 40 22
bitmap: 40 22
bitmap: 40 20
bitmap: 40 20
bitmap: 40 26
bitmap: 40 20
bitmap: 38 22
bitmap: 42 22
bitmap: 40 22
bitmap: 38 22
bitmap: 38 22
bitmap: 40 22
bitmap: 42 20
bitmap: 42 24
bitmap: 42 24
bitmap: 40 20
bitmap: 40 22
bitmap: 38 22
bitmap: 40 22
bitmap: 40 20
bitmap: 38 22
bitmap: 40 22
bitmap: 40 22
bitmap: 40 22
bitmap: 38 20
bitmap: 42 22
bitmap: 38 22
bitmap: 42 22
bitmap: 40 20
bitmap: 38 22
bitmap: 40 20
bitmap: 38 22
bitmap: 42 22
bitmap: 38 22
bitmap: 40 22
bitmap: 38 20
bitmap: 60 22
bitmap: 40 22
bitmap: 40 22
bitmap: 42 22
bitmap: 38 22
bitmap: 40 22
bitmap: 40 22
bitmap: 42 22
bitmap: 42 22
bitmap: 38 20
bitmap: 40 22
bitmap: 42 22
bitmap: 38 22
bitmap: 40 22
bitmap: 42 22
bitmap: 38 22
bitmap: 40 22
bitmap: 40 20
bitmap: 40 22
bitmap: 40 22
bitmap: 40 20
bitmap: 40 22
bitmap: 40 22
bitmap: 42 22
bitmap: 40 22
bitmap: 42 22
bitmap: 40 22
bitmap: 40 46
bitmap: 40 20
bitmap: 40 22
bitmap: 40 22
bitmap: 40 22
bitmap: 40 22
bitmap: 38 22
bitmap: 40 22
bitmap: 40 22
bitmap: 40 20
bitmap: 40 22
bitmap: 42 22
bitmap: 38 22
bitmap: 38 22
bitmap: 42 22
bitmap: 38 22
bitmap: 38 22
bitmap: 40 22
bitmap: 40 22
bitmap: 40 20
bitmap: 38 22
bitmap: 40 20
bitmap: 40 22
bitmap: 42 22
bitmap: 40 22
bitmap: 40 22
bitmap: 40 24
bitmap: 40 22
bitmap: 40 22
bitmap: 38 22
bitmap: 40 22
bitmap: 38 20
bitmap: 40 22
bitmap: 40 22
bitmap: 40 22
bitmap: 16 16
bitmap: 38 22
bitmap: 42 22
bitmap: 40 22
bitmap: 42 22
bitmap: 40 44
bitmap: 40 26
bitmap: 40 22
bitmap: 40 22
bitmap: 40 20
bitmap: 40 22
bitmap: 42 22
bitmap: 40 22
bitmap: 40 56
bitmap: 42 22
bitmap: 40 22
bitmap: 40 20
bitmap: 40 20
bitmap: 38 22
bitmap: 38 22
bitmap: 40 20
bitmap: 40 44
bitmap: 42 22
bitmap: 42 22
bitmap: 16 32
bitmap: 40 22
bitmap: 42 24
bitmap: 40 22
bitmap: 40 20
bitmap: 42 46
bitmap: 40 34
bitmap: 40 22
bitmap: 42 26
bitmap: 38 24
bitmap: 86 22
bitmap: 38 22
bitmap: 42 22
bitmap: 40 48
bitmap: 38 22
bitmap: 40 22
bitmap: 42 24
bitmap: 40 22
bitmap: 42 24
bitmap: 38 24
bitmap: 38 22
bitmap: 42 40
bitmap: 40 22
bitmap: 40 22
bitmap: 40 20
bitmap: 42 24
bitmap: 40 24
bitmap: 40 22
bitmap: 42 22
bitmap: 42 22
bitmap: 40 22
bitmap: 40 20
bitmap: 40 22
bitmap: 40 22
bitmap: 42 22
bitmap: 40 22
bitmap: 42 22
bitmap: 38 22
bitmap: 40 22
bitmap: 38 22
bitmap: 40 22
bitmap: 40 22
bitmap: 40 22
bitmap: 40 22
bitmap: 38 20
bitmap: 40 20
bitmap: 40 20
bitmap: 40 20
bitmap: 42 22
bitmap: 38 22
bitmap: 38 22
bitmap: 40 22
bitmap: 44 24
bitmap: 42 24
bitmap: 40 22
bitmap: 38 22
bitmap: 40 22
bitmap: 42 22
bitmap: 38 22
bitmap: 40 22
bitmap: 42 20
bitmap: 40 22
bitmap: 42 22
bitmap: 42 22
bitmap: 16 30
bitmap: 40 22
bitmap: 40 22
bitmap: 40 22
bitmap: 38 22
bitmap: 40 24
bitmap: 38 20
bitmap: 40 22
bitmap: 40 22
bitmap: 40 22
bitmap: 38 22
bitmap: 38 22
bitmap: 40 24
bitmap: 42 24
bitmap: 38 22
bitmap: 38 22
bitmap: 40 22
bitmap: 40 22
bitmap: 40 26
bitmap: 38 22
bitmap: 40 20
bitmap: 38 22
bitmap: 40 22
bitmap: 66 20
bitmap: 40 22
bitmap: 38 22
bitmap: 42 22
bitmap: 40 20
bitmap: 40 24
bitmap: 38 20
bitmap: 40 22
bitmap: 38 22
bitmap: 16 32
bitmap: 40 22
bitmap: 42 22
bitmap: 40 22
bitmap: 14 16
bitmap: 38 22
bitmap: 40 20
bitmap: 42 24
bitmap: 42 24
bitmap: 40 22
bitmap: 38 22
bitmap: 38 22
bitmap: 40 20
bitmap: 40 22
bitmap: 38 20
bitmap: 40 20
bitmap: 42 22
bitmap: 42 22
bitmap: 38 22
bitmap: 38 22
bitmap: 40 22
bitmap: 42 22
bitmap: 40 22
bitmap: 40 22
bitmap: 40 22
bitmap: 38 22
bitmap: 38 20
bitmap: 40 22
bitmap: 38 22
bitmap: 40 22
bitmap: 44 22
bitmap: 40 22
bitmap: 40 22
bitmap: 38 22
bitmap: 40 22
bitmap: 40 22
bitmap: 40 22
bitmap: 40 22
bitmap: 44 20
bitmap: 40 22
bitmap: 42 22
bitmap: 42 22
bitmap: 40 22
bitmap: 40 24
bitmap: 40 24
bitmap: 40 24
bitmap: 40 24
bitmap: 40 22
bitmap: 18 18
bitmap: 40 22
bitmap: 40 22
bitmap: 40 22
bitmap: 40 22
bitmap: 38 22
bitmap: 40 20
bitmap: 40 22
bitmap: 38 22
bitmap: 40 22
bitmap: 40 22
bitmap: 40 22
bitmap: 40 22
bitmap: 40 20
bitmap: 40 22
bitmap: 40 22
bitmap: 14 32
bitmap: 42 24
bitmap: 42 22
bitmap: 40 22
bitmap: 42 22
bitmap: 40 24
bitmap: 42 22
bitmap: 38 22
bitmap: 42 22
bitmap: 40 22
bitmap: 38 22
bitmap: 40 22
bitmap: 40 20
bitmap: 40 22
bitmap: 40 22
bitmap: 40 22
bitmap: 40 22
bitmap: 40 20
bitmap: 40 22
bitmap: 40 22
bitmap: 40 20
bitmap: 38 20
bitmap: 42 26
bitmap: 40 22
bitmap: 42 22
bitmap: 40 22
bitmap: 40 22
bitmap: 40 22
bitmap: 40 22
bitmap: 38 22
bitmap: 40 22
bitmap: 40 22
bitmap: 14 32
bitmap: 42 24
bitmap: 40 22
bitmap: 40 22
bitmap: 42 22
bitmap: 40 22
bitmap: 42 22
bitmap: 40 22
bitmap: 42 22
bitmap: 38 22
bitmap: 40 22
bitmap: 40 22
bitmap: 14 32
bitmap: 38 46
bitmap: 38 22
bitmap: 40 24
bitmap: 40 20
bitmap: 42 22
bitmap: 40 22
bitmap: 40 20
bitmap: 42 20
bitmap: 40 34
bitmap: 42 22
bitmap: 40 20
bitmap: 42 24
bitmap: 42 22
bitmap: 40 24
bitmap: 38 22
bitmap: 40 24
bitmap: 40 58
bitmap: 44 22
bitmap: 40 22
bitmap: 14 32
bitmap: 40 20
bitmap: 42 22
bitmap: 40 20
bitmap: 40 22
bitmap: 40 46
bitmap: 44 22
bitmap: 40 22
bitmap: 42 22
bitmap: 42 22
bitmap: 40 20
bitmap: 38 22
bitmap: 40 22
bitmap: 40 22
bitmap: 38 20
bitmap: 38 22
bitmap: 40 22
bitmap: 42 22
bitmap: 42 22
bitmap: 42 22
bitmap: 40 22
bitmap: 16 18
bitmap: 38 20
bitmap: 42 24
bitmap: 42 22
bitmap: 38 22
bitmap: 40 22
bitmap: 42 24
bitmap: 40 24
bitmap: 38 20
bitmap: 38 20
bitmap: 40 22
bitmap: 40 20
bitmap: 40 24
bitmap: 40 20
bitmap: 38 22
bitmap: 40 24
bitmap: 42 22
bitmap: 42 22
bitmap: 42 22
bitmap: 40 22
bitmap: 40 22
bitmap: 40 24
bitmap: 40 22
bitmap: 40 22
bitmap: 38 22
bitmap: 66 26
bitmap: 54 26
bitmap: 40 22
bitmap: 42 24
bitmap: 40 22
bitmap: 38 22
bitmap: 40 22
bitmap: 40 20
bitmap: 38 22
bitmap: 40 22
bitmap: 40 22
bitmap: 40 52
bitmap: 40 26
bitmap: 38 22
bitmap: 38 22
bitmap: 40 22
bitmap: 40 22
bitmap: 40 24
bitmap: 40 22
bitmap: 38 22
bitmap: 40 22
bitmap: 40 20
bitmap: 40 22
bitmap: 40 20
bitmap: 38 22
bitmap: 40 22
bitmap: 40 20
bitmap: 40 22
bitmap: 40 22
bitmap: 42 22
bitmap: 40 24
bitmap: 38 22
bitmap: 40 24
bitmap: 42 22
bitmap: 40 24
bitmap: 40 22
bitmap: 44 24
bitmap: 40 20
bitmap: 40 20
bitmap: 40 22
bitmap: 40 22
bitmap: 40 22
bitmap: 40 22
bitmap: 38 22
bitmap: 38 20
bitmap: 16 22
bitmap: 40 24
bitmap: 42 22
bitmap: 38 20
bitmap: 40 22
bitmap: 40 22
bitmap: 40 22
bitmap: 40 24
bitmap: 40 22
bitmap: 40 24
bitmap: 40 22
bitmap: 42 22
bitmap: 40 22
bitmap: 40 22
bitmap: 40 20
bitmap: 38 22
bitmap: 40 22
bitmap: 40 22
bitmap: 40 20
bitmap: 42 20
bitmap: 40 20
bitmap: 40 20
bitmap: 40 22
bitmap: 40 22
bitmap: 40 20
bitmap: 40 20
bitmap: 38 22
bitmap: 40 22
bitmap: 40 22
bitmap: 40 20
bitmap: 40 20
bitmap: 38 22
bitmap: 44 22
bitmap: 38 22
bitmap: 38 22
bitmap: 38 22
bitmap: 40 22
bitmap: 42 22
bitmap: 40 22
bitmap: 40 20
bitmap: 40 22
bitmap: 40 22
bitmap: 38 22
bitmap: 44 22
bitmap: 40 22
bitmap: 38 22
bitmap: 40 22
bitmap: 40 22
bitmap: 40 22
bitmap: 42 22
bitmap: 40 24
bitmap: 42 22
bitmap: 38 22
bitmap: 40 20
bitmap: 40 22
bitmap: 40 24
bitmap: 38 24
bitmap: 42 22
bitmap: 40 22
bitmap: 40 20
bitmap: 38 22
bitmap: 40 24
bitmap: 40 20
bitmap: 40 22
bitmap: 40 22
bitmap: 42 22
bitmap: 40 20
bitmap: 40 28
bitmap: 38 24
bitmap: 14 30
bitmap: 42 22
bitmap: 40 20
bitmap: 38 24
bitmap: 40 22
bitmap: 40 22
bitmap: 40 22
bitmap: 42 22
bitmap: 40 20
