bitmap: 74 64
bitmap: 42 24
bitmap: 36 20
bitmap: 36 18
bitmap: 36 20
bitmap: 14 32
bitmap: 38 16
bitmap: 36 20
bitmap: 66 26
bitmap: 48 24
bitmap: 14 32
bitmap: 14 20
bitmap: 34 20
bitmap: 14 18
bitmap: 36 22
bitmap: 36 20
bitmap: 14 48
bitmap: 36 22
bitmap: 36 18
bitmap: 16 14
bitmap: 38 20
bitmap: 36 22
bitmap: 14 18
bitmap: 38 18
bitmap: 36 18
bitmap: 16 18
bitmap: 14 34
bitmap: 16 18
bitmap: 36 56
bitmap: 36 20
bitmap: 34 20
bitmap: 64 22
bitmap: 14 20
bitmap: 36 22
bitmap: 16 18
bitmap: 36 20
bitmap: 16 46
bitmap: 14 16
bitmap: 16 40
bitmap: 14 18
bitmap: 14 20
bitmap: 14 32
bitmap: 16 18
bitmap: 16 16
bitmap: 14 40
bitmap: 16 18
bitmap: 68 26
bitmap: 16 16
bitmap: 14 18
bitmap: 36 20
bitmap: 40 20
bitmap: 36 18
bitmap: 14 14
bitmap: 38 24
bitmap: 16 48
bitmap: 16 20
bitmap: 14 16
bitmap: 16 20
bitmap: 14 18
bitmap: 36 20
bitmap: 38 24
bitmap: 36 18
bitmap: 14 30
bitmap: 14 34
bitmap: 14 32
bitmap: 36 20
bitmap: 14 16
bitmap: 14 14
bitmap: 36 58
bitmap: 36 20
bitmap: 34 22
bitmap: 16 18
bitmap: 36 20
bitmap: 38 20
bitmap: 36 20
bitmap: 14 62
bitmap: 34 24
bitmap: 14 34
bitmap: 34 24
bitmap: 14 14
bitmap: 14 34
bitmap: 36 20
bitmap: 14 36
bitmap: 36 20
bitmap: 36 18
bitmap: 14 36
bitmap: 36 22
bitmap: 14 36
bitmap: 14 36
bitmap: 38 20
bitmap: 14 16
bitmap: 16 16
bitmap: 14 36
bitmap: 38 22
bitmap: 36 20
bitmap: 18 20
bitmap: 14 52
bitmap: 38 20
bitmap: 36 24
bitmap: 16 18
bitmap: 42 22
bitmap: 36 20
bitmap: 36 20
bitmap: 18 18
bitmap: 36 20
bitmap: 16 16
bitmap: 36 20
bitmap: 14 20
bitmap: 34 24
bitmap: 36 22
bitmap: 14 36
bitmap: 36 20
bitmap: 14 18
bitmap: 16 22
bitmap: 34 22
bitmap: 36 18
bitmap: 14 36
bitmap: 36 20
bitmap: 16 18
bitmap: 36 24
bitmap: 14 34
bitmap: 50 22
bitmap: 36 24
bitmap: 36 20
bitmap: 14 18
bitmap: 36 24
bitmap: 16 40
bitmap: 36 18
bitmap: 14 18
bitmap: 16 18
bitmap: 36 20
bitmap: 34 20
bitmap: 34 36
bitmap: 16 18
bitmap: 36 22
bitmap: 14 18
bitmap: 12 34
bitmap: 14 18
bitmap: 38 24
bitmap: 36 20
bitmap: 36 24
bitmap: 38 18
bitmap: 16 18
bitmap: 60 22
bitmap: 14 20
bitmap: 14 32
bitmap: 36 20
bitmap: 36 24
bitmap: 62 22
bitmap: 14 38
bitmap: 38 20
bitmap: 36 20
bitmap: 16 22
bitmap: 36 20
bitmap: 38 24
bitmap: 38 20
bitmap: 36 24
bitmap: 36 18
bitmap: 36 20
bitmap: 16 16
bitmap: 14 18
bitmap: 34 20
bitmap: 36 20
bitmap: 16 38
bitmap: 34 22
bitmap: 12 22
bitmap: 16 18
bitmap: 18 20
bitmap: 34 20
bitmap: 14 16
bitmap: 16 16
bitmap: 36 20
bitmap: 16 16
bitmap: 36 22
bitmap: 14 14
bitmap: 16 18
bitmap: 38 20
bitmap: 16 36
bitmap: 14 16
bitmap: 36 22
bitmap: 16 16
bitmap: 36 22
bitmap: 14 16
bitmap: 36 24
bitmap: 14 32
bitmap: 36 24
bitmap: 36 18
bitmap: 14 32
bitmap: 14 34
bitmap: 36 24
bitmap: 36 24
bitmap: 36 20
bitmap: 36 20
bitmap: 16 16
bitmap: 16 16
bitmap: 36 24
bitmap: 36 20
bitmap: 14 16
bitmap: 36 20
bitmap: 16 14
bitmap: 14 18
bitmap: 36 20
bitmap: 14 16
bitmap: 16 18
bitmap: 36 22
bitmap: 38 18
bitmap: 34 22
bitmap: 36 20
bitmap: 16 18
bitmap: 16 16
bitmap: 36 20
bitmap: 16 30
bitmap: 14 18
bitmap: 16 34
bitmap: 14 16
bitmap: 16 16
bitmap: 38 20
bitmap: 36 18
bitmap: 14 16
bitmap: 16 16
bitmap: 40 24
bitmap: 36 18
bitmap: 38 22
bitmap: 36 20
bitmap: 36 20
bitmap: 36 18
bitmap: 14 18
bitmap: 18 22
bitmap: 48 24
bitmap: 14 50
bitmap: 38 20
bitmap: 16 14
bitmap: 14 32
bitmap: 36 24
bitmap: 14 32
bitmap: 36 20
bitmap: 14 20
bitmap: 36 22
bitmap: 34 22
bitmap: 34 20
bitmap: 14 18
bitmap: 38 18
bitmap: 36 20
bitmap: 16 30
bitmap: 36 20
bitmap: 36 20
bitmap: 36 18
bitmap: 16 32
bitmap: 36 20
bitmap: 34 20
bitmap: 14 18
bitmap: 14 22
bitmap: 36 22
bitmap: 36 24
bitmap: 14 20
bitmap: 36 22
bitmap: 36 22
bitmap: 16 32
bitmap: 16 16
bitmap: 14 18
bitmap: 16 18
bitmap: 36 20
bitmap: 16 32
bitmap: 36 22
bitmap: 36 20
bitmap: 36 20
bitmap: 36 20
bitmap: 14 16
bitmap: 36 18
bitmap: 36 20
bitmap: 36 20
bitmap: 16 32
bitmap: 76 24
bitmap: 16 16
bitmap: 36 20
bitmap: 36 18
bitmap: 34 22
bitmap: 36 22
bitmap: 38 22
bitmap: 16 16
bitmap: 36 20
bitmap: 36 22
bitmap: 14 34
bitmap: 16 34
bitmap: 16 32
bitmap: 36 20
bitmap: 36 20
bitmap: 18 16
bitmap: 14 34
bitmap: 16 32
bitmap: 36 20
bitmap: 36 20
bitmap: 16 34
bitmap: 36 20
bitmap: 16 14
bitmap: 36 20
bitmap: 38 20
bitmap: 36 20
bitmap: 38 22
bitmap: 38 20
bitmap: 36 20
bitmap: 34 22
bitmap: 36 20
bitmap: 34 24
bitmap: 36 18
bitmap: 36 20
bitmap: 36 20
bitmap: 38 22
bitmap: 34 20
bitmap: 34 22
bitmap: 14 16
bitmap: 36 24
bitmap: 36 22
bitmap: 36 20
bitmap: 12 18
bitmap: 16 18
bitmap: 16 18
bitmap: 34 22
bitmap: 36 20
bitmap: 38 20
bitmap: 14 34
bitmap: 36 22
bitmap: 36 24
bitmap: 38 20
bitmap: 36 20
bitmap: 16 16
bitmap: 36 20
bitmap: 40 20
bitmap: 36 24
bitmap: 38 24
bitmap: 20 20
bitmap: 36 22
bitmap: 16 32
bitmap: 38 22
bitmap: 36 20
bitmap: 18 22
bitmap: 14 20
bitmap: 36 20
bitmap: 16 16
bitmap: 36 18
bitmap: 36 20
bitmap: 14 32
bitmap: 36 18
bitmap: 14 32
bitmap: 36 20
bitmap: 16 32
bitmap: 14 18
bitmap: 36 20
bitmap: 14 32
bitmap: 36 24
bitmap: 14 18
bitmap: 36 18
bitmap: 16 18
bitmap: 36 24
bitmap: 38 22
bitmap: 14 18
bitmap: 36 20
bitmap: 16 18
bitmap: 16 20
bitmap: 36 22
bitmap: 12 18
bitmap: 16 16
bitmap: 36 18
bitmap: 36 20
bitmap: 20 16
bitmap: 36 20
bitmap: 14 16
bitmap: 36 18
bitmap: 36 18
bitmap: 38 20
bitmap: 14 16
bitmap: 14 18
bitmap: 36 20
bitmap: 16 12
bitmap: 36 20
bitmap: 36 20
bitmap: 36 18
bitmap: 36 20
bitmap: 14 18
bitmap: 34 20
bitmap: 34 22
bitmap: 34 22
bitmap: 14 34
bitmap: 14 18
bitmap: 16 16
bitmap: 36 20
bitmap: 36 22
bitmap: 14 34
bitmap: 14 34
bitmap: 34 20
bitmap: 14 16
bitmap: 40 20
bitmap: 36 20
bitmap: 16 16
bitmap: 34 20
bitmap: 14 32
bitmap: 14 18
bitmap: 36 20
bitmap: 34 24
bitmap: 36 22
bitmap: 34 20
bitmap: 36 20
bitmap: 36 22
bitmap: 36 18
bitmap: 36 24
bitmap: 14 20
bitmap: 36 20
bitmap: 14 20
bitmap: 36 20
bitmap: 34 20
bitmap: 16 16
bitmap: 38 22
bitmap: 14 22
bitmap: 20 18
bitmap: 36 20
bitmap: 36 20
bitmap: 14 32
bitmap: 16 18
bitmap: 36 20
bitmap: 14 18
bitmap: 40 20
bitmap: 36 18
bitmap: 14 32
bitmap: 38 22
bitmap: 36 24
bitmap: 36 22
bitmap: 14 34
bitmap: 14 22
bitmap: 36 26
bitmap: 16 16
bitmap: 36 20
bitmap: 14 32
bitmap: 36 18
bitmap: 36 24
bitmap: 34 20
bitmap: 16 16
bitmap: 34 40
bitmap: 16 18
bitmap: 16 18
bitmap: 12 20
bitmap: 14 18
bitmap: 14 18
bitmap: 36 20
bitmap: 14 32
bitmap: 34 20
bitmap: 16 14
bitmap: 34 20
bitmap: 38 22
bitmap: 36 20
bitmap: 16 14
bitmap: 36 20
bitmap: 16 16
bitmap: 36 42
bitmap: 36 18
bitmap: 14 40
bitmap: 34 20
bitmap: 14 18
bitmap: 36 20
bitmap: 36 22
bitmap: 14 18
bitmap: 36 42
bitmap: 14 16
bitmap: 14 16
bitmap: 16 18
bitmap: 36 20
bitmap: 36 20
bitmap: 16 36
bitmap: 14 16
bitmap: 16 16
bitmap: 14 38
bitmap: 14 18
bitmap: 36 18
bitmap: 12 18
bitmap: 38 22
bitmap: 16 18
bitmap: 14 18
bitmap: 36 18
bitmap: 34 24
bitmap: 34 20
bitmap: 36 20
bitmap: 16 16
bitmap: 36 20
bitmap: 16 18
bitmap: 36 24
bitmap: 36 20
bitmap: 14 38
bitmap: 14 16
bitmap: 36 24
bitmap: 16 36
bitmap: 60 24
bitmap: 36 20
bitmap: 16 52
bitmap: 40 40
bitmap: 16 16
bitmap: 36 20
bitmap: 36 20
bitmap: 36 22
bitmap: 36 22
bitmap: 16 16
bitmap: 14 18
bitmap: 14 28
bitmap: 14 18
bitmap: 38 22
bitmap: 34 20
bitmap: 36 22
bitmap: 34 22
bitmap: 36 20
bitmap: 36 22
bitmap: 16 50
bitmap: 16 18
bitmap: 14 52
bitmap: 38 24
bitmap: 16 32
bitmap: 36 24
bitmap: 36 24
bitmap: 38 24
bitmap: 38 22
bitmap: 36 20
bitmap: 34 20
bitmap: 36 24
bitmap: 14 18
bitmap: 58 22
bitmap: 14 20
bitmap: 36 22
bitmap: 36 22
bitmap: 16 16
bitmap: 38 22
bitmap: 36 20
bitmap: 38 20
bitmap: 16 36
bitmap: 34 24
bitmap: 36 20
bitmap: 36 20
bitmap: 36 24
bitmap: 14 38
bitmap: 12 20
bitmap: 36 26
bitmap: 36 20
bitmap: 34 20
bitmap: 16 16
bitmap: 14 50
bitmap: 56 24
bitmap: 34 20
bitmap: 36 20
bitmap: 36 22
bitmap: 38 22
bitmap: 16 16
bitmap: 36 20
bitmap: 38 18
bitmap: 36 20
bitmap: 36 24
bitmap: 36 22
bitmap: 34 22
bitmap: 16 18
bitmap: 14 16
bitmap: 18 16
bitmap: 36 18
bitmap: 16 42
bitmap: 16 32
bitmap: 36 22
bitmap: 14 38
bitmap: 36 20
bitmap: 14 32
bitmap: 16 18
bitmap: 38 20
bitmap: 36 20
bitmap: 16 50
bitmap: 16 18
bitmap: 14 16
bitmap: 14 16
bitmap: 14 16
bitmap: 14 36
bitmap: 36 22
bitmap: 36 20
bitmap: 16 14
bitmap: 36 20
bitmap: 36 20
bitmap: 36 20
bitmap: 36 20
bitmap: 36 20
bitmap: 36 20
bitmap: 36 24
bitmap: 36 22
bitmap: 36 20
bitmap: 38 20
bitmap: 34 20
bitmap: 14 18
bitmap: 16 50
bitmap: 14 36
bitmap: 16 20
bitmap: 58 24
bitmap: 36 20
bitmap: 14 18
bitmap: 16 16
bitmap: 36 20
bitmap: 14 18
bitmap: 16 36
bitmap: 36 20
bitmap: 38 22
bitmap: 36 20
bitmap: 34 24
bitmap: 50 22
bitmap: 36 20
bitmap: 36 20
bitmap: 36 20
bitmap: 34 24
bitmap: 14 16
bitmap: 38 20
bitmap: 16 18
bitmap: 16 18
bitmap: 36 22
bitmap: 14 16
bitmap: 14 18
bitmap: 20 24
bitmap: 14 32
bitmap: 36 22
bitmap: 16 16
bitmap: 14 20
bitmap: 14 36
bitmap: 16 16
bitmap: 36 20
bitmap: 36 18
bitmap: 36 20
bitmap: 18 16
bitmap: 36 18
bitmap: 14 34
bitmap: 36 20
bitmap: 14 20
bitmap: 38 22
bitmap: 34 22
bitmap: 36 22
bitmap: 36 22
bitmap: 36 24
bitmap: 36 20
bitmap: 36 20
bitmap: 36 18
bitmap: 38 24
bitmap: 14 20
bitmap: 14 16
bitmap: 38 20
bitmap: 34 22
bitmap: 14 18
bitmap: 38 22
bitmap: 34 22
bitmap: 16 36
bitmap: 16 14
bitmap: 14 18
bitmap: 16 32
bitmap: 16 16
bitmap: 16 34
bitmap: 14 18
bitmap: 34 20
bitmap: 16 18
bitmap: 38 22
bitmap: 36 20
bitmap: 16 20
bitmap: 14 16
bitmap: 36 20
bitmap: 16 16
bitmap: 14 20
bitmap: 16 34
bitmap: 14 18
bitmap: 16 16
bitmap: 14 32
bitmap: 36 18
bitmap: 14 34
bitmap: 16 16
bitmap: 16 50
bitmap: 36 20
bitmap: 14 18
bitmap: 34 24
bitmap: 36 20
bitmap: 36 24
bitmap: 38 22
bitmap: 36 22
bitmap: 14 32
bitmap: 16 36
bitmap: 36 24
bitmap: 36 20
bitmap: 16 36
bitmap: 16 36
bitmap: 36 20
bitmap: 38 22
bitmap: 14 18
bitmap: 34 20
bitmap: 36 22
bitmap: 14 18
bitmap: 40 20
bitmap: 36 20
bitmap: 16 16
bitmap: 16 16
bitmap: 16 16
bitmap: 14 16
bitmap: 16 16
bitmap: 14 16
bitmap: 16 16
bitmap: 36 22
bitmap: 36 20
bitmap: 36 20
bitmap: 36 20
bitmap: 16 32
bitmap: 20 20
bitmap: 16 32
bitmap: 38 24
bitmap: 14 32
bitmap: 36 20
bitmap: 14 16
bitmap: 16 16
bitmap: 34 40
bitmap: 36 20
bitmap: 14 16
bitmap: 36 18
bitmap: 36 20
bitmap: 14 38
bitmap: 16 18
bitmap: 16 14
bitmap: 36 46
bitmap: 14 18
bitmap: 16 16
bitmap: 38 24
bitmap: 36 20
bitmap: 14 18
bitmap: 36 20
bitmap: 36 22
bitmap: 16 42
bitmap: 36 24
bitmap: 14 14
bitmap: 36 20
bitmap: 16 50
bitmap: 36 22
bitmap: 38 24
bitmap: 16 16
bitmap: 36 22
bitmap: 16 16
bitmap: 38 24
bitmap: 38 22
bitmap: 36 20
bitmap: 34 22
bitmap: 14 16
bitmap: 36 20
bitmap: 36 22
bitmap: 16 34
bitmap: 14 20
bitmap: 36 24
bitmap: 38 20
bitmap: 36 20
bitmap: 38 22
bitmap: 18 20
bitmap: 38 24
bitmap: 14 32
bitmap: 16 34
bitmap: 34 22
bitmap: 38 22
bitmap: 34 22
bitmap: 36 22
bitmap: 36 20
bitmap: 36 20
bitmap: 36 20
bitmap: 14 18
bitmap: 36 20
bitmap: 14 18
bitmap: 16 32
bitmap: 16 18
bitmap: 18 32
bitmap: 36 22
bitmap: 36 20
bitmap: 16 36
bitmap: 36 20
bitmap: 16 36
bitmap: 36 20
bitmap: 14 16
bitmap: 36 20
bitmap: 36 22
bitmap: 14 18
bitmap: 14 18
bitmap: 14 20
bitmap: 36 20
bitmap: 14 16
bitmap: 16 34
bitmap: 34 24
bitmap: 38 20
bitmap: 12 20
bitmap: 36 22
bitmap: 16 18
bitmap: 38 22
bitmap: 36 22
bitmap: 14 18
bitmap: 36 24
bitmap: 14 34
bitmap: 36 18
bitmap: 36 20
bitmap: 36 20
bitmap: 40 20
bitmap: 36 20
bitmap: 14 18
bitmap: 14 18
bitmap: 36 18
bitmap: 36 20
bitmap: 14 18
bitmap: 16 22
bitmap: 36 24
bitmap: 16 18
bitmap: 36 24
bitmap: 14 18
bitmap: 34 24
bitmap: 14 20
bitmap: 36 24
bitmap: 36 18
bitmap: 38 22
bitmap: 36 22
bitmap: 14 18
bitmap: 14 34
bitmap: 36 20
bitmap: 38 22
bitmap: 34 20
bitmap: 16 20
bitmap: 14 36
bitmap: 36 24
bitmap: 16 16
bitmap: 36 20
bitmap: 36 18
bitmap: 36 20
bitmap: 36 24
bitmap: 36 20
bitmap: 14 32
bitmap: 16 16
bitmap: 38 18
bitmap: 14 34
bitmap: 14 18
bitmap: 38 24
bitmap: 36 20
bitmap: 40 20
bitmap: 16 18
bitmap: 36 26
bitmap: 16 18
bitmap: 16 16
bitmap: 14 34
bitmap: 36 20
bitmap: 36 22
bitmap: 14 20
bitmap: 36 22
bitmap: 36 20
bitmap: 34 22
bitmap: 16 14
bitmap: 36 24
bitmap: 16 50
bitmap: 12 20
bitmap: 36 22
bitmap: 36 20
bitmap: 38 22
bitmap: 16 16
bitmap: 16 14
bitmap: 36 22
bitmap: 36 24
bitmap: 16 16
bitmap: 36 20
bitmap: 38 22
bitmap: 36 20
bitmap: 34 20
bitmap: 40 22
bitmap: 18 18
bitmap: 14 34
bitmap: 36 22
bitmap: 36 20
bitmap: 34 20
bitmap: 36 20
bitmap: 36 22
bitmap: 14 32
bitmap: 14 14
bitmap: 36 22
bitmap: 14 16
bitmap: 16 14
bitmap: 36 22
bitmap: 36 20
bitmap: 16 18
bitmap: 36 24
bitmap: 18 16
bitmap: 12 22
bitmap: 14 20
bitmap: 12 20
bitmap: 16 14
bitmap: 36 22
bitmap: 18 32
bitmap: 18 50
bitmap: 16 34
bitmap: 36 20
bitmap: 16 16
bitmap: 16 30
bitmap: 38 20
bitmap: 34 22
bitmap: 14 32
bitmap: 36 22
bitmap: 36 20
bitmap: 36 20
bitmap: 14 16
bitmap: 34 20
bitmap: 12 20
bitmap: 36 20
bitmap: 38 20
bitmap: 34 22
bitmap: 36 20
bitmap: 16 18
bitmap: 14 34
bitmap: 36 18
bitmap: 36 20
bitmap: 16 18
bitmap: 14 16
bitmap: 34 20
bitmap: 36 20
bitmap: 16 18
bitmap: 36 20
bitmap: 14 30
bitmap: 36 48
bitmap: 12 20
bitmap: 36 20
bitmap: 14 18
bitmap: 16 18
bitmap: 14 16
bitmap: 36 20
bitmap: 16 16
bitmap: 38 22
bitmap: 16 18
bitmap: 36 20
bitmap: 34 20
bitmap: 36 52
bitmap: 34 20
bitmap: 18 22
bitmap: 16 16
bitmap: 36 24
bitmap: 16 20
bitmap: 76 20
bitmap: 38 18
bitmap: 36 50
bitmap: 36 20
bitmap: 34 20
bitmap: 16 16
bitmap: 36 18
bitmap: 34 24
bitmap: 36 22
bitmap: 16 16
bitmap: 14 44
bitmap: 38 18
bitmap: 16 18
bitmap: 14 22
bitmap: 14 24
bitmap: 36 24
bitmap: 36 18
bitmap: 36 20
bitmap: 36 54
bitmap: 14 18
bitmap: 36 22
bitmap: 16 16
bitmap: 16 14
bitmap: 36 24
bitmap: 14 14
bitmap: 14 32
bitmap: 36 18
bitmap: 16 18
bitmap: 14 16
bitmap: 36 24
bitmap: 14 18
bitmap: 36 20
bitmap: 36 20
bitmap: 16 16
bitmap: 36 40
bitmap: 14 32
bitmap: 36 20
bitmap: 14 76
bitmap: 14 22
bitmap: 14 16
bitmap: 34 20
bitmap: 14 34
bitmap: 36 40
bitmap: 36 20
bitmap: 36 22
bitmap: 14 20
bitmap: 36 20
bitmap: 36 18
bitmap: 14 32
bitmap: 36 22
bitmap: 36 44
bitmap: 14 16
bitmap: 16 34
bitmap: 36 22
bitmap: 34 20
bitmap: 36 20
bitmap: 40 18
bitmap: 38 22
bitmap: 36 172
bitmap: 34 24
bitmap: 36 24
bitmap: 38 20
bitmap: 16 16
bitmap: 14 20
bitmap: 12 18
bitmap: 38 24
bitmap: 16 18
bitmap: 16 16
bitmap: 36 22
bitmap: 16 16
