bitmap: 44 20
bitmap: 14 14
bitmap: 40 20
bitmap: 14 12
bitmap: 16 18
bitmap: 16 16
bitmap: 14 18
bitmap: 12 16
bitmap: 14 14
bitmap: 14 18
bitmap: 14 20
bitmap: 12 16
bitmap: 14 16
bitmap: 16 16
bitmap: 16 14
bitmap: 18 18
bitmap: 14 18
bitmap: 14 20
bitmap: 16 18
bitmap: 16 16
bitmap: 16 12
bitmap: 14 18
bitmap: 14 16
bitmap: 14 16
bitmap: 14 18
bitmap: 14 16
bitmap: 12 18
bitmap: 14 20
bitmap: 14 48
bitmap: 14 18
bitmap: 14 20
bitmap: 14 20
bitmap: 14 18
bitmap: 14 20
bitmap: 14 20
bitmap: 16 22
bitmap: 14 42
bitmap: 16 22
bitmap: 14 22
bitmap: 14 18
bitmap: 18 20
bitmap: 14 20
bitmap: 14 24
bitmap: 14 22
bitmap: 16 38
bitmap: 14 24
bitmap: 14 20
bitmap: 14 18
bitmap: 16 20
bitmap: 12 22
bitmap: 16 18
bitmap: 14 20
bitmap: 16 20
bitmap: 12 22
bitmap: 12 22
bitmap: 14 20
bitmap: 16 22
bitmap: 16 22
bitmap: 16 22
bitmap: 12 22
bitmap: 14 22
bitmap: 16 22
bitmap: 14 16
bitmap: 14 22
bitmap: 14 18
bitmap: 14 20
bitmap: 14 18
bitmap: 14 18
bitmap: 16 22
bitmap: 14 22
bitmap: 14 18
bitmap: 14 18
bitmap: 14 22
bitmap: 14 18
bitmap: 16 24
bitmap: 14 20
bitmap: 14 20
bitmap: 14 20
bitmap: 14 22
bitmap: 14 22
bitmap: 14 18
bitmap: 14 18
bitmap: 14 22
bitmap: 14 20
bitmap: 14 18
bitmap: 14 22
bitmap: 14 14
bitmap: 14 22
bitmap: 14 20
bitmap: 16 28
bitmap: 14 18
bitmap: 12 18
bitmap: 14 18
bitmap: 12 20
bitmap: 16 18
bitmap: 14 18
bitmap: 14 20
bitmap: 16 20
bitmap: 16 18
bitmap: 14 18
bitmap: 16 22
bitmap: 14 18
bitmap: 14 18
bitmap: 14 20
bitmap: 14 20
bitmap: 16 18
bitmap: 12 20
bitmap: 16 20
bitmap: 14 22
bitmap: 14 22
bitmap: 16 48
bitmap: 14 18
bitmap: 14 22
bitmap: 14 18
bitmap: 14 20
bitmap: 18 16
bitmap: 16 20
bitmap: 12 18
bitmap: 14 18
bitmap: 14 20
bitmap: 12 22
bitmap: 16 22
bitmap: 14 18
bitmap: 14 20
bitmap: 14 22
bitmap: 16 20
bitmap: 16 18
bitmap: 14 20
bitmap: 14 18
bitmap: 16 22
bitmap: 14 22
bitmap: 14 18
bitmap: 14 22
bitmap: 16 20
bitmap: 12 22
bitmap: 14 18
bitmap: 14 20
bitmap: 12 18
bitmap: 12 18
bitmap: 14 20
bitmap: 14 18
bitmap: 16 20
bitmap: 14 20
bitmap: 14 18
bitmap: 12 18
bitmap: 14 22
bitmap: 18 18
bitmap: 16 22
bitmap: 14 20
bitmap: 14 20
bitmap: 16 20
bitmap: 14 20
bitmap: 16 20
bitmap: 14 18
bitmap: 16 22
bitmap: 14 18
bitmap: 14 20
bitmap: 14 22
bitmap: 16 18
bitmap: 16 20
bitmap: 14 18
bitmap: 14 20
bitmap: 14 18
bitmap: 16 22
bitmap: 14 22
bitmap: 14 20
bitmap: 14 18
bitmap: 14 20
bitmap: 14 18
bitmap: 14 20
bitmap: 14 20
bitmap: 14 22
bitmap: 16 18
bitmap: 14 22
bitmap: 14 18
bitmap: 16 20
bitmap: 14 18
bitmap: 14 18
bitmap: 14 16
bitmap: 12 22
bitmap: 16 20
bitmap: 14 18
bitmap: 14 16
bitmap: 12 20
bitmap: 14 18
bitmap: 14 18
bitmap: 12 16
bitmap: 16 16
bitmap: 16 20
bitmap: 16 22
bitmap: 14 16
bitmap: 18 16
bitmap: 14 22
bitmap: 14 20
bitmap: 12 18
bitmap: 14 20
bitmap: 14 22
bitmap: 18 20
bitmap: 14 18
bitmap: 16 20
bitmap: 12 24
bitmap: 14 20
bitmap: 16 20
bitmap: 14 22
bitmap: 14 18
bitmap: 14 20
bitmap: 16 18
bitmap: 14 20
bitmap: 14 22
bitmap: 14 20
bitmap: 14 18
bitmap: 14 20
bitmap: 14 18
bitmap: 14 24
bitmap: 14 18
bitmap: 14 18
bitmap: 14 20
bitmap: 14 20
bitmap: 12 18
bitmap: 18 18
bitmap: 14 22
bitmap: 14 20
bitmap: 16 20
bitmap: 14 22
bitmap: 14 22
bitmap: 14 20
bitmap: 16 20
bitmap: 14 20
bitmap: 14 18
bitmap: 14 20
bitmap: 14 18
bitmap: 14 20
bitmap: 16 22
bitmap: 14 20
bitmap: 14 22
bitmap: 16 20
bitmap: 14 18
bitmap: 14 22
bitmap: 12 20
bitmap: 12 20
bitmap: 14 20
bitmap: 14 18
bitmap: 14 24
bitmap: 16 20
bitmap: 14 20
bitmap: 14 20
bitmap: 14 20
bitmap: 14 20
bitmap: 16 22
bitmap: 16 22
bitmap: 14 16
bitmap: 16 20
bitmap: 18 20
bitmap: 14 22
bitmap: 14 18
bitmap: 12 18
bitmap: 48 24
bitmap: 44 22
bitmap: 16 18
bitmap: 16 18
bitmap: 16 20
bitmap: 14 22
bitmap: 14 18
bitmap: 16 22
bitmap: 14 20
bitmap: 16 16
bitmap: 16 18
bitmap: 58 20
bitmap: 14 18
bitmap: 16 18
bitmap: 14 22
bitmap: 14 16
bitmap: 14 18
bitmap: 16 16
bitmap: 16 18
bitmap: 60 20
bitmap: 12 18
bitmap: 14 18
bitmap: 12 16
bitmap: 14 20
bitmap: 16 16
bitmap: 60 22
bitmap: 16 16
bitmap: 14 18
bitmap: 14 18
bitmap: 14 20
bitmap: 16 16
bitmap: 14 16
bitmap: 14 16
bitmap: 14 16
bitmap: 14 18
bitmap: 14 16
bitmap: 14 14
bitmap: 16 16
bitmap: 14 18
bitmap: 16 14
bitmap: 14 16
bitmap: 64 24
bitmap: 14 14
bitmap: 14 14
bitmap: 16 16
bitmap: 16 20
bitmap: 14 18
bitmap: 12 16
bitmap: 16 18
bitmap: 16 18
bitmap: 14 20
bitmap: 16 16
bitmap: 14 18
bitmap: 16 18
bitmap: 16 20
bitmap: 16 18
bitmap: 16 20
bitmap: 14 18
bitmap: 16 16
bitmap: 16 16
bitmap: 16 18
bitmap: 14 22
bitmap: 12 20
bitmap: 14 18
bitmap: 14 18
bitmap: 16 18
bitmap: 14 16
bitmap: 14 20
bitmap: 16 18
bitmap: 62 18
bitmap: 14 18
bitmap: 14 22
bitmap: 16 20
bitmap: 14 18
bitmap: 16 18
bitmap: 16 18
bitmap: 14 20
bitmap: 16 20
bitmap: 14 16
bitmap: 14 18
bitmap: 14 18
bitmap: 14 18
bitmap: 16 16
bitmap: 14 18
bitmap: 16 24
bitmap: 14 18
bitmap: 14 22
bitmap: 14 20
bitmap: 16 16
bitmap: 14 22
bitmap: 14 20
bitmap: 14 18
bitmap: 14 18
bitmap: 14 20
bitmap: 14 18
bitmap: 14 16
bitmap: 14 16
bitmap: 14 16
bitmap: 16 20
bitmap: 14 50
bitmap: 64 22
bitmap: 16 20
bitmap: 14 20
bitmap: 18 18
bitmap: 14 18
bitmap: 16 18
bitmap: 16 16
bitmap: 14 18
bitmap: 14 18
bitmap: 12 22
bitmap: 14 16
bitmap: 14 18
bitmap: 44 22
bitmap: 42 24
bitmap: 60 20
bitmap: 16 22
bitmap: 14 48
bitmap: 16 18
bitmap: 16 18
bitmap: 16 18
bitmap: 14 18
bitmap: 60 20
bitmap: 16 18
bitmap: 16 16
bitmap: 14 18
bitmap: 16 18
bitmap: 16 18
bitmap: 18 20
bitmap: 14 18
bitmap: 64 20
bitmap: 14 20
bitmap: 16 16
bitmap: 14 16
bitmap: 18 18
bitmap: 14 20
bitmap: 16 18
bitmap: 16 16
bitmap: 14 16
bitmap: 16 20
bitmap: 14 18
bitmap: 14 16
bitmap: 16 22
bitmap: 14 18
bitmap: 14 18
bitmap: 14 18
bitmap: 14 18
bitmap: 16 16
bitmap: 16 18
bitmap: 16 18
bitmap: 64 20
bitmap: 16 20
bitmap: 16 16
bitmap: 14 20
bitmap: 14 18
bitmap: 16 16
bitmap: 14 22
bitmap: 66 18
bitmap: 14 18
bitmap: 14 18
bitmap: 16 22
bitmap: 14 18
bitmap: 16 20
bitmap: 14 22
bitmap: 14 20
bitmap: 14 16
bitmap: 60 22
bitmap: 16 18
bitmap: 16 18
bitmap: 14 16
bitmap: 16 16
bitmap: 16 12
bitmap: 14 20
bitmap: 16 16
bitmap: 14 14
bitmap: 16 14
bitmap: 14 16
bitmap: 14 16
bitmap: 14 16
bitmap: 16 16
bitmap: 14 18
bitmap: 14 16
bitmap: 16 16
bitmap: 14 18
bitmap: 16 16
bitmap: 16 20
bitmap: 16 20
bitmap: 14 20
bitmap: 16 18
bitmap: 16 54
bitmap: 14 18
bitmap: 18 18
bitmap: 14 16
bitmap: 16 16
bitmap: 14 16
bitmap: 16 18
bitmap: 16 18
bitmap: 14 18
bitmap: 18 16
bitmap: 16 18
bitmap: 14 18
bitmap: 18 16
bitmap: 66 24
bitmap: 16 16
bitmap: 18 18
bitmap: 14 18
bitmap: 16 14
bitmap: 16 16
bitmap: 14 16
bitmap: 14 18
bitmap: 18 18
bitmap: 16 50
bitmap: 16 16
bitmap: 14 16
bitmap: 64 20
bitmap: 14 18
bitmap: 16 16
bitmap: 16 16
bitmap: 14 18
bitmap: 16 14
bitmap: 16 16
bitmap: 16 18
bitmap: 16 14
bitmap: 16 18
bitmap: 14 18
bitmap: 14 16
bitmap: 60 20
bitmap: 14 20
bitmap: 14 18
bitmap: 16 16
bitmap: 16 16
bitmap: 62 22
bitmap: 16 18
bitmap: 14 16
bitmap: 14 16
bitmap: 16 16
bitmap: 14 16
bitmap: 16 44
bitmap: 14 28
bitmap: 16 16
bitmap: 16 16
bitmap: 16 18
bitmap: 14 18
bitmap: 16 18
bitmap: 14 20
bitmap: 14 36
bitmap: 60 20
bitmap: 12 16
bitmap: 18 20
bitmap: 16 20
bitmap: 16 18
bitmap: 20 18
bitmap: 12 18
bitmap: 16 40
bitmap: 14 18
bitmap: 16 22
bitmap: 16 18
bitmap: 16 16
bitmap: 58 18
bitmap: 14 18
bitmap: 14 14
bitmap: 16 18
bitmap: 16 20
bitmap: 14 18
bitmap: 14 16
bitmap: 16 20
bitmap: 60 22
bitmap: 14 18
bitmap: 14 18
bitmap: 14 16
bitmap: 14 16
bitmap: 14 18
bitmap: 16 18
bitmap: 16 16
bitmap: 16 18
bitmap: 16 16
bitmap: 14 18
bitmap: 62 20
bitmap: 14 18
bitmap: 14 22
bitmap: 14 18
bitmap: 16 22
bitmap: 16 18
bitmap: 16 16
bitmap: 16 18
bitmap: 14 18
bitmap: 14 18
bitmap: 14 16
bitmap: 16 18
bitmap: 14 18
bitmap: 14 22
bitmap: 14 18
bitmap: 14 20
bitmap: 14 18
bitmap: 16 20
bitmap: 16 16
bitmap: 16 22
bitmap: 14 18
bitmap: 60 22
bitmap: 14 18
bitmap: 14 16
bitmap: 16 20
bitmap: 14 18
bitmap: 14 18
bitmap: 16 18
bitmap: 16 18
bitmap: 60 22
bitmap: 14 50
bitmap: 14 16
bitmap: 14 16
bitmap: 14 16
bitmap: 16 14
bitmap: 14 18
bitmap: 16 16
bitmap: 14 18
bitmap: 64 22
bitmap: 16 16
bitmap: 14 22
bitmap: 16 16
bitmap: 16 18
bitmap: 14 16
bitmap: 14 18
bitmap: 14 18
bitmap: 14 18
bitmap: 58 20
bitmap: 14 18
bitmap: 16 14
bitmap: 14 20
bitmap: 16 20
bitmap: 16 16
bitmap: 16 18
bitmap: 16 16
bitmap: 14 16
bitmap: 16 18
bitmap: 14 16
bitmap: 16 16
bitmap: 14 16
bitmap: 14 18
bitmap: 14 16
bitmap: 14 50
bitmap: 66 22
bitmap: 16 16
bitmap: 16 16
bitmap: 14 16
bitmap: 16 16
bitmap: 14 14
bitmap: 16 14
bitmap: 16 16
bitmap: 66 22
bitmap: 14 12
bitmap: 16 18
bitmap: 14 18
bitmap: 16 16
bitmap: 14 22
bitmap: 16 18
bitmap: 16 20
bitmap: 16 16
bitmap: 16 16
bitmap: 18 18
bitmap: 16 18
bitmap: 16 24
bitmap: 14 18
bitmap: 14 18
bitmap: 12 18
bitmap: 14 18
bitmap: 16 20
bitmap: 16 18
bitmap: 14 18
bitmap: 16 16
bitmap: 16 18
bitmap: 14 18
bitmap: 14 16
bitmap: 14 20
bitmap: 16 18
bitmap: 14 18
bitmap: 14 20
bitmap: 14 22
bitmap: 14 18
bitmap: 14 18
bitmap: 14 16
bitmap: 14 18
bitmap: 60 20
bitmap: 14 18
bitmap: 14 22
bitmap: 14 16
bitmap: 16 18
bitmap: 14 18
bitmap: 16 18
bitmap: 14 18
bitmap: 16 18
bitmap: 14 16
bitmap: 14 18
bitmap: 16 20
bitmap: 14 18
bitmap: 64 22
bitmap: 14 18
bitmap: 16 14
bitmap: 14 16
bitmap: 14 16
bitmap: 14 16
bitmap: 14 16
bitmap: 14 18
bitmap: 14 18
bitmap: 16 16
bitmap: 14 16
bitmap: 16 18
bitmap: 16 16
bitmap: 14 18
bitmap: 16 16
bitmap: 14 18
bitmap: 14 14
bitmap: 14 22
bitmap: 16 16
bitmap: 14 18
bitmap: 64 20
bitmap: 16 18
bitmap: 14 18
bitmap: 14 20
bitmap: 16 16
bitmap: 12 22
bitmap: 16 18
bitmap: 14 18
bitmap: 16 22
bitmap: 14 16
bitmap: 16 18
bitmap: 16 22
bitmap: 14 18
bitmap: 14 18
bitmap: 16 20
bitmap: 12 18
bitmap: 58 20
bitmap: 14 18
bitmap: 14 18
bitmap: 16 16
bitmap: 16 22
bitmap: 18 16
bitmap: 14 16
bitmap: 16 18
bitmap: 14 18
bitmap: 12 18
bitmap: 16 18
bitmap: 16 18
bitmap: 16 22
bitmap: 14 18
bitmap: 16 16
bitmap: 14 18
bitmap: 12 20
bitmap: 18 18
bitmap: 18 16
bitmap: 14 18
bitmap: 18 18
bitmap: 16 18
bitmap: 14 18
bitmap: 16 18
bitmap: 14 18
bitmap: 62 18
bitmap: 16 20
bitmap: 60 22
bitmap: 48 22
bitmap: 14 16
bitmap: 16 18
bitmap: 16 18
bitmap: 14 20
bitmap: 16 18
bitmap: 14 16
bitmap: 14 20
bitmap: 16 16
bitmap: 16 20
bitmap: 58 22
bitmap: 14 18
bitmap: 12 20
bitmap: 16 18
bitmap: 16 16
bitmap: 14 16
bitmap: 66 22
bitmap: 18 50
bitmap: 16 16
bitmap: 14 18
bitmap: 16 16
bitmap: 16 16
bitmap: 18 18
bitmap: 16 16
bitmap: 14 16
bitmap: 16 16
bitmap: 66 20
bitmap: 12 16
bitmap: 16 18
bitmap: 14 16
bitmap: 14 18
bitmap: 14 18
bitmap: 62 22
bitmap: 14 20
bitmap: 14 22
bitmap: 16 18
bitmap: 16 18
bitmap: 62 22
bitmap: 14 20
bitmap: 14 18
bitmap: 18 22
bitmap: 14 18
bitmap: 14 22
bitmap: 14 18
bitmap: 14 22
bitmap: 16 18
bitmap: 60 20
bitmap: 14 18
bitmap: 12 20
bitmap: 18 16
bitmap: 16 16
bitmap: 16 22
bitmap: 14 16
bitmap: 16 16
bitmap: 18 16
bitmap: 18 20
bitmap: 14 20
bitmap: 12 16
bitmap: 14 14
bitmap: 16 16
bitmap: 68 22
bitmap: 14 16
bitmap: 16 18
bitmap: 14 14
bitmap: 14 50
bitmap: 14 16
bitmap: 16 16
bitmap: 14 34
bitmap: 14 16
bitmap: 14 18
bitmap: 14 14
bitmap: 14 16
bitmap: 14 12
bitmap: 14 18
bitmap: 64 22
bitmap: 16 42
bitmap: 16 14
bitmap: 14 16
bitmap: 14 18
bitmap: 16 46
bitmap: 16 18
bitmap: 14 18
bitmap: 58 22
bitmap: 16 48
bitmap: 14 22
bitmap: 58 22
bitmap: 14 18
bitmap: 60 22
bitmap: 16 18
bitmap: 14 18
bitmap: 16 18
bitmap: 14 52
bitmap: 14 20
bitmap: 16 20
bitmap: 14 20
bitmap: 14 16
bitmap: 14 16
bitmap: 14 18
bitmap: 16 18
bitmap: 14 46
bitmap: 14 18
bitmap: 14 18
bitmap: 64 20
bitmap: 14 18
bitmap: 16 18
bitmap: 14 16
bitmap: 14 18
bitmap: 16 16
bitmap: 14 20
bitmap: 14 18
bitmap: 16 18
bitmap: 16 18
bitmap: 16 22
bitmap: 16 18
bitmap: 16 22
bitmap: 14 18
bitmap: 16 18
bitmap: 60 20
bitmap: 16 16
bitmap: 16 18
bitmap: 16 18
bitmap: 16 18
bitmap: 16 16
bitmap: 16 16
bitmap: 16 16
bitmap: 16 18
bitmap: 14 16
bitmap: 14 18
bitmap: 16 16
bitmap: 14 18
bitmap: 14 18
bitmap: 14 18
bitmap: 14 16
bitmap: 60 22
bitmap: 16 18
bitmap: 16 20
bitmap: 14 20
bitmap: 14 20
bitmap: 14 22
bitmap: 16 18
bitmap: 14 18
bitmap: 14 18
bitmap: 14 16
bitmap: 70 22
bitmap: 16 20
bitmap: 16 20
bitmap: 14 20
bitmap: 16 18
bitmap: 16 20
bitmap: 14 18
bitmap: 14 18
bitmap: 16 22
bitmap: 16 22
bitmap: 12 14
bitmap: 16 18
bitmap: 16 20
bitmap: 12 18
bitmap: 14 18
bitmap: 14 18
bitmap: 16 18
bitmap: 14 18
bitmap: 62 22
bitmap: 14 16
bitmap: 14 22
bitmap: 16 18
bitmap: 64 20
bitmap: 16 16
bitmap: 50 22
bitmap: 14 18
bitmap: 16 16
bitmap: 14 18
bitmap: 14 14
bitmap: 16 16
bitmap: 16 50
bitmap: 14 16
bitmap: 14 18
bitmap: 16 16
bitmap: 14 16
bitmap: 14 20
bitmap: 14 16
bitmap: 18 14
bitmap: 16 18
bitmap: 14 18
bitmap: 14 14
bitmap: 64 22
bitmap: 14 16
bitmap: 16 16
bitmap: 14 16
bitmap: 14 18
bitmap: 14 18
bitmap: 14 16
bitmap: 14 16
bitmap: 14 14
bitmap: 14 22
bitmap: 12 18
bitmap: 58 20
bitmap: 14 18
bitmap: 16 22
bitmap: 16 22
bitmap: 14 18
bitmap: 14 14
bitmap: 16 18
bitmap: 12 16
bitmap: 16 20
bitmap: 14 18
bitmap: 14 18
bitmap: 62 20
bitmap: 16 18
bitmap: 16 18
bitmap: 16 18
bitmap: 14 18
bitmap: 14 18
bitmap: 16 20
bitmap: 14 18
bitmap: 18 16
bitmap: 14 22
bitmap: 16 22
bitmap: 14 16
bitmap: 14 18
bitmap: 14 22
bitmap: 14 16
bitmap: 14 20
bitmap: 14 16
bitmap: 14 18
bitmap: 16 18
bitmap: 16 18
bitmap: 16 18
bitmap: 12 18
bitmap: 14 20
bitmap: 16 18
bitmap: 14 16
bitmap: 62 18
bitmap: 18 18
bitmap: 14 18
bitmap: 12 16
bitmap: 16 18
bitmap: 16 20
bitmap: 14 16
bitmap: 14 22
bitmap: 16 16
bitmap: 14 18
bitmap: 16 16
bitmap: 14 20
bitmap: 62 20
bitmap: 16 18
bitmap: 18 16
bitmap: 16 16
bitmap: 14 22
bitmap: 14 18
bitmap: 14 22
bitmap: 16 18
bitmap: 16 18
bitmap: 20 16
bitmap: 60 20
bitmap: 16 18
bitmap: 16 16
bitmap: 14 14
bitmap: 14 14
bitmap: 14 16
bitmap: 14 14
bitmap: 14 16
bitmap: 14 16
bitmap: 18 16
bitmap: 14 16
bitmap: 14 16
bitmap: 14 18
bitmap: 14 16
bitmap: 16 18
bitmap: 14 14
bitmap: 16 18
bitmap: 18 22
bitmap: 60 20
bitmap: 14 16
bitmap: 14 16
bitmap: 16 18
bitmap: 16 16
bitmap: 14 16
bitmap: 14 20
bitmap: 14 18
bitmap: 16 16
bitmap: 62 20
bitmap: 16 16
bitmap: 16 18
bitmap: 14 16
bitmap: 14 16
bitmap: 14 18
bitmap: 14 18
