bitmap: 64 20
bitmap: 38 18
bitmap: 56 20
bitmap: 38 18
bitmap: 14 30
bitmap: 42 18
bitmap: 40 20
bitmap: 40 22
bitmap: 36 18
bitmap: 62 18
bitmap: 38 22
bitmap: 40 24
bitmap: 38 18
bitmap: 36 20
bitmap: 38 20
bitmap: 38 18
bitmap: 40 20
bitmap: 32 16
bitmap: 38 22
bitmap: 36 20
bitmap: 40 24
bitmap: 38 22
bitmap: 40 18
bitmap: 60 18
bitmap: 38 20
bitmap: 14 30
bitmap: 38 22
bitmap: 38 22
bitmap: 36 20
bitmap: 36 20
bitmap: 38 18
bitmap: 16 28
bitmap: 36 22
bitmap: 36 20
bitmap: 38 22
bitmap: 38 20
bitmap: 40 22
bitmap: 40 22
bitmap: 38 22
bitmap: 60 20
bitmap: 40 20
bitmap: 36 22
bitmap: 38 20
bitmap: 36 20
bitmap: 36 20
bitmap: 38 18
bitmap: 36 20
bitmap: 38 22
bitmap: 14 30
bitmap: 38 22
bitmap: 36 18
bitmap: 38 22
bitmap: 36 58
bitmap: 42 20
bitmap: 38 24
bitmap: 38 20
bitmap: 38 18
bitmap: 36 20
bitmap: 36 22
bitmap: 38 20
bitmap: 38 18
bitmap: 38 20
bitmap: 60 18
bitmap: 14 32
bitmap: 36 20
bitmap: 36 20
bitmap: 38 20
bitmap: 38 20
bitmap: 36 22
bitmap: 36 18
bitmap: 38 20
bitmap: 60 20
bitmap: 58 20
bitmap: 36 20
bitmap: 36 20
bitmap: 60 18
bitmap: 38 22
bitmap: 36 20
bitmap: 36 20
bitmap: 38 22
bitmap: 38 22
bitmap: 38 20
bitmap: 38 22
bitmap: 14 20
bitmap: 36 22
bitmap: 38 22
bitmap: 36 24
bitmap: 42 20
bitmap: 38 20
bitmap: 38 26
bitmap: 36 22
bitmap: 38 18
bitmap: 38 18
bitmap: 38 20
bitmap: 56 50
bitmap: 38 22
bitmap: 42 22
bitmap: 40 18
bitmap: 38 22
bitmap: 40 20
bitmap: 14 58
bitmap: 38 34
bitmap: 38 20
bitmap: 38 20
bitmap: 36 22
bitmap: 38 22
bitmap: 36 22
bitmap: 38 18
bitmap: 54 38
bitmap: 38 20
bitmap: 38 22
bitmap: 38 22
bitmap: 38 20
bitmap: 36 22
bitmap: 40 18
bitmap: 38 22
bitmap: 36 58
bitmap: 38 20
bitmap: 38 22
bitmap: 38 20
bitmap: 36 22
bitmap: 38 20
bitmap: 42 18
bitmap: 38 20
bitmap: 36 20
bitmap: 38 22
bitmap: 38 18
bitmap: 36 22
bitmap: 36 18
bitmap: 36 20
bitmap: 36 20
bitmap: 36 20
bitmap: 16 36
bitmap: 40 22
bitmap: 36 22
bitmap: 38 24
bitmap: 38 18
bitmap: 36 22
bitmap: 38 20
bitmap: 36 20
bitmap: 36 22
bitmap: 36 22
bitmap: 58 22
bitmap: 36 20
bitmap: 38 22
bitmap: 14 18
bitmap: 36 18
bitmap: 36 22
bitmap: 38 20
bitmap: 38 18
bitmap: 38 20
bitmap: 36 22
bitmap: 36 22
bitmap: 38 22
bitmap: 36 22
bitmap: 40 22
bitmap: 38 20
bitmap: 52 20
bitmap: 38 18
bitmap: 16 36
bitmap: 38 22
bitmap: 38 18
bitmap: 54 22
bitmap: 38 48
bitmap: 38 20
bitmap: 56 20
bitmap: 56 20
bitmap: 40 22
bitmap: 36 20
bitmap: 38 20
bitmap: 36 18
bitmap: 36 24
bitmap: 36 20
bitmap: 36 20
bitmap: 38 20
bitmap: 42 18
bitmap: 40 22
bitmap: 38 20
bitmap: 16 38
bitmap: 14 16
bitmap: 38 18
bitmap: 36 18
bitmap: 36 22
bitmap: 36 20
bitmap: 38 20
bitmap: 36 20
bitmap: 38 22
bitmap: 38 20
bitmap: 42 20
bitmap: 38 18
bitmap: 38 18
bitmap: 14 38
bitmap: 38 20
bitmap: 36 24
bitmap: 38 18
bitmap: 38 20
bitmap: 38 20
bitmap: 40 20
bitmap: 36 22
bitmap: 38 20
bitmap: 38 20
bitmap: 38 22
bitmap: 40 20
bitmap: 38 18
bitmap: 38 20
bitmap: 36 20
bitmap: 38 20
bitmap: 38 20
bitmap: 40 20
bitmap: 38 18
bitmap: 38 22
bitmap: 36 22
bitmap: 38 20
bitmap: 36 20
bitmap: 42 22
bitmap: 38 20
bitmap: 42 20
bitmap: 42 22
bitmap: 36 22
bitmap: 36 20
bitmap: 38 20
bitmap: 36 22
bitmap: 38 20
bitmap: 42 20
bitmap: 40 20
bitmap: 36 20
bitmap: 36 18
bitmap: 38 20
bitmap: 16 36
bitmap: 40 20
bitmap: 40 20
bitmap: 18 38
bitmap: 38 20
bitmap: 36 22
bitmap: 36 20
bitmap: 36 20
bitmap: 16 38
bitmap: 38 18
bitmap: 36 22
bitmap: 38 22
bitmap: 36 18
bitmap: 38 20
bitmap: 36 22
bitmap: 38 22
bitmap: 36 22
bitmap: 38 22
bitmap: 42 22
bitmap: 38 20
bitmap: 36 20
bitmap: 36 20
bitmap: 38 24
bitmap: 38 20
bitmap: 38 22
bitmap: 36 20
bitmap: 38 24
bitmap: 36 20
bitmap: 36 22
bitmap: 40 18
bitmap: 38 24
bitmap: 36 22
bitmap: 38 20
bitmap: 38 20
bitmap: 36 20
bitmap: 38 18
bitmap: 36 20
bitmap: 38 18
bitmap: 38 20
bitmap: 38 18
bitmap: 38 22
bitmap: 38 22
bitmap: 38 18
bitmap: 38 18
bitmap: 38 22
bitmap: 38 20
bitmap: 38 22
bitmap: 38 20
bitmap: 38 22
bitmap: 38 22
bitmap: 40 22
bitmap: 40 18
bitmap: 38 24
bitmap: 42 20
bitmap: 14 38
bitmap: 38 20
bitmap: 38 22
bitmap: 36 26
bitmap: 42 20
bitmap: 16 40
bitmap: 36 20
bitmap: 36 22
bitmap: 38 22
bitmap: 38 22
bitmap: 40 20
bitmap: 36 18
bitmap: 38 16
bitmap: 36 24
bitmap: 36 20
bitmap: 38 22
bitmap: 38 22
bitmap: 36 24
bitmap: 38 20
bitmap: 36 20
bitmap: 40 18
bitmap: 40 22
bitmap: 36 22
bitmap: 30 16
bitmap: 38 18
bitmap: 38 22
bitmap: 36 22
bitmap: 36 20
bitmap: 38 22
bitmap: 38 18
bitmap: 38 18
bitmap: 40 20
bitmap: 42 22
bitmap: 38 22
bitmap: 36 22
bitmap: 38 22
bitmap: 36 18
bitmap: 16 18
bitmap: 38 22
bitmap: 38 18
bitmap: 36 22
bitmap: 38 22
bitmap: 16 38
bitmap: 36 20
bitmap: 36 20
bitmap: 38 24
bitmap: 36 20
bitmap: 36 22
bitmap: 36 20
bitmap: 38 22
bitmap: 38 18
bitmap: 36 20
bitmap: 38 22
bitmap: 42 20
bitmap: 14 36
bitmap: 36 20
bitmap: 38 22
bitmap: 36 22
bitmap: 38 20
bitmap: 36 22
bitmap: 40 22
bitmap: 38 18
bitmap: 38 22
bitmap: 42 20
bitmap: 18 36
bitmap: 14 16
bitmap: 42 52
bitmap: 38 20
bitmap: 38 18
bitmap: 16 38
bitmap: 38 22
bitmap: 38 20
bitmap: 36 22
bitmap: 36 18
bitmap: 38 48
bitmap: 38 18
bitmap: 36 20
bitmap: 36 20
bitmap: 38 20
bitmap: 38 20
bitmap: 38 20
bitmap: 36 22
bitmap: 40 52
bitmap: 36 20
bitmap: 40 20
bitmap: 36 22
bitmap: 40 18
bitmap: 38 20
bitmap: 36 20
bitmap: 34 22
bitmap: 38 18
bitmap: 38 22
bitmap: 36 24
bitmap: 36 24
bitmap: 36 20
bitmap: 36 22
bitmap: 38 24
bitmap: 36 24
bitmap: 36 22
bitmap: 36 22
bitmap: 38 22
bitmap: 18 38
bitmap: 36 22
bitmap: 38 20
bitmap: 36 22
bitmap: 38 22
bitmap: 38 20
bitmap: 36 22
bitmap: 40 22
bitmap: 38 20
bitmap: 42 20
bitmap: 36 22
bitmap: 36 22
bitmap: 38 18
bitmap: 36 26
bitmap: 38 22
bitmap: 36 20
bitmap: 38 20
bitmap: 36 22
bitmap: 36 20
bitmap: 38 18
bitmap: 36 20
bitmap: 38 22
bitmap: 38 18
bitmap: 38 22
bitmap: 38 22
bitmap: 42 20
bitmap: 16 38
bitmap: 38 20
bitmap: 38 20
bitmap: 38 18
bitmap: 38 22
bitmap: 38 22
bitmap: 36 24
bitmap: 38 24
bitmap: 38 18
bitmap: 38 20
bitmap: 38 20
bitmap: 40 22
bitmap: 40 20
bitmap: 36 20
bitmap: 38 18
bitmap: 38 18
bitmap: 38 20
bitmap: 40 18
bitmap: 36 22
bitmap: 36 20
bitmap: 38 20
bitmap: 38 22
bitmap: 38 22
bitmap: 38 20
bitmap: 38 18
bitmap: 16 30
bitmap: 38 24
bitmap: 38 20
bitmap: 38 20
bitmap: 38 20
bitmap: 38 22
bitmap: 36 20
bitmap: 36 20
bitmap: 40 22
bitmap: 50 22
bitmap: 36 20
bitmap: 42 22
bitmap: 38 20
bitmap: 14 36
bitmap: 38 24
bitmap: 36 20
bitmap: 38 22
bitmap: 36 20
bitmap: 38 22
bitmap: 42 22
bitmap: 38 20
bitmap: 38 20
bitmap: 36 20
bitmap: 38 22
bitmap: 38 20
bitmap: 36 20
bitmap: 38 20
bitmap: 36 22
bitmap: 36 20
bitmap: 38 18
bitmap: 38 22
bitmap: 36 20
bitmap: 38 20
bitmap: 14 40
bitmap: 36 24
bitmap: 38 20
bitmap: 18 38
bitmap: 40 20
bitmap: 36 20
bitmap: 36 20
bitmap: 38 24
bitmap: 38 20
bitmap: 38 18
bitmap: 36 20
bitmap: 36 22
bitmap: 38 18
bitmap: 38 18
bitmap: 38 20
bitmap: 36 20
bitmap: 38 22
bitmap: 40 22
bitmap: 36 20
bitmap: 36 22
bitmap: 36 22
bitmap: 36 22
bitmap: 36 22
bitmap: 36 22
bitmap: 38 20
bitmap: 36 20
bitmap: 38 22
bitmap: 38 22
bitmap: 38 22
bitmap: 36 18
bitmap: 14 36
bitmap: 36 22
bitmap: 38 18
bitmap: 42 22
bitmap: 42 20
bitmap: 38 22
bitmap: 38 20
bitmap: 40 24
bitmap: 40 22
bitmap: 38 20
bitmap: 38 20
bitmap: 40 20
bitmap: 40 22
bitmap: 36 16
bitmap: 38 20
bitmap: 12 16
bitmap: 36 24
bitmap: 38 18
bitmap: 40 20
bitmap: 12 36
bitmap: 38 20
bitmap: 36 22
bitmap: 40 22
bitmap: 38 20
bitmap: 38 20
bitmap: 36 20
bitmap: 36 22
bitmap: 14 38
bitmap: 38 22
bitmap: 36 20
bitmap: 36 20
bitmap: 40 22
bitmap: 40 20
bitmap: 40 20
bitmap: 38 20
bitmap: 36 20
bitmap: 36 22
bitmap: 40 20
bitmap: 40 20
bitmap: 38 22
bitmap: 38 22
bitmap: 40 20
bitmap: 36 20
bitmap: 42 22
bitmap: 40 22
bitmap: 36 20
bitmap: 36 24
bitmap: 38 22
bitmap: 36 22
bitmap: 36 22
bitmap: 38 22
bitmap: 40 22
bitmap: 38 22
bitmap: 38 20
bitmap: 36 20
bitmap: 40 22
bitmap: 38 22
bitmap: 40 20
bitmap: 38 22
bitmap: 38 22
bitmap: 38 22
bitmap: 36 22
bitmap: 38 22
bitmap: 38 22
bitmap: 36 22
bitmap: 38 18
bitmap: 36 20
bitmap: 38 22
bitmap: 42 20
bitmap: 36 20
bitmap: 36 20
bitmap: 36 22
bitmap: 38 22
bitmap: 38 22
bitmap: 38 20
bitmap: 38 20
bitmap: 36 22
bitmap: 36 20
bitmap: 14 30
bitmap: 40 22
bitmap: 36 22
bitmap: 40 18
bitmap: 40 20
bitmap: 14 16
bitmap: 38 22
bitmap: 36 20
bitmap: 36 22
bitmap: 38 22
bitmap: 36 22
bitmap: 38 20
bitmap: 40 20
bitmap: 38 22
bitmap: 38 20
bitmap: 38 22
bitmap: 40 20
bitmap: 36 22
bitmap: 38 20
bitmap: 38 20
bitmap: 38 22
bitmap: 38 58
bitmap: 42 20
bitmap: 38 20
bitmap: 36 22
bitmap: 36 20
bitmap: 36 26
bitmap: 42 20
bitmap: 38 20
bitmap: 40 22
bitmap: 38 22
bitmap: 38 20
bitmap: 38 18
bitmap: 40 22
bitmap: 38 22
bitmap: 36 22
bitmap: 40 18
bitmap: 42 24
bitmap: 38 32
bitmap: 38 22
bitmap: 40 20
bitmap: 36 18
bitmap: 38 20
bitmap: 36 20
bitmap: 40 22
bitmap: 36 20
bitmap: 36 22
bitmap: 38 22
bitmap: 40 18
bitmap: 38 20
bitmap: 38 22
bitmap: 18 32
bitmap: 40 20
bitmap: 36 24
bitmap: 38 18
bitmap: 36 20
bitmap: 38 22
bitmap: 36 22
bitmap: 38 20
bitmap: 36 24
bitmap: 42 22
bitmap: 38 24
bitmap: 38 20
bitmap: 38 22
bitmap: 40 20
bitmap: 42 22
bitmap: 36 22
bitmap: 36 20
bitmap: 38 18
bitmap: 38 22
bitmap: 36 20
bitmap: 36 22
bitmap: 36 20
bitmap: 36 22
bitmap: 36 22
bitmap: 36 22
bitmap: 40 18
bitmap: 38 18
bitmap: 36 22
bitmap: 36 20
bitmap: 40 22
bitmap: 38 20
bitmap: 36 20
bitmap: 18 32
bitmap: 38 18
bitmap: 36 20
bitmap: 38 20
bitmap: 38 22
bitmap: 38 22
bitmap: 36 24
bitmap: 36 18
bitmap: 16 32
bitmap: 36 18
bitmap: 40 18
bitmap: 36 20
bitmap: 38 18
bitmap: 40 22
bitmap: 38 18
bitmap: 38 22
bitmap: 36 20
bitmap: 12 38
bitmap: 38 22
bitmap: 38 22
bitmap: 36 24
bitmap: 38 18
bitmap: 38 18
bitmap: 36 22
bitmap: 38 20
bitmap: 36 20
bitmap: 38 22
bitmap: 38 18
bitmap: 38 22
bitmap: 36 18
bitmap: 38 18
bitmap: 38 22
bitmap: 36 20
bitmap: 36 22
bitmap: 36 22
bitmap: 36 22
bitmap: 36 22
bitmap: 38 20
bitmap: 36 20
bitmap: 38 22
bitmap: 38 22
bitmap: 42 22
bitmap: 36 20
bitmap: 36 18
bitmap: 38 22
bitmap: 14 38
bitmap: 38 18
bitmap: 40 22
bitmap: 36 18
bitmap: 38 22
bitmap: 36 20
bitmap: 38 20
bitmap: 40 20
bitmap: 14 38
bitmap: 38 24
bitmap: 38 22
bitmap: 38 20
bitmap: 36 20
bitmap: 30 22
bitmap: 36 18
bitmap: 38 20
bitmap: 36 22
bitmap: 36 22
bitmap: 38 20
bitmap: 36 22
bitmap: 38 22
bitmap: 38 22
bitmap: 36 20
bitmap: 42 20
bitmap: 36 22
bitmap: 38 20
bitmap: 36 20
bitmap: 38 20
bitmap: 38 22
bitmap: 38 22
bitmap: 38 20
bitmap: 38 18
bitmap: 36 24
bitmap: 36 20
bitmap: 36 22
bitmap: 38 20
bitmap: 38 20
bitmap: 42 20
bitmap: 38 20
bitmap: 36 20
bitmap: 36 22
bitmap: 38 20
bitmap: 38 22
bitmap: 38 22
bitmap: 36 20
bitmap: 36 20
bitmap: 36 20
bitmap: 38 20
bitmap: 42 20
bitmap: 38 22
bitmap: 38 22
bitmap: 36 20
bitmap: 38 22
bitmap: 36 20
bitmap: 36 18
bitmap: 38 22
bitmap: 38 20
bitmap: 38 20
bitmap: 16 36
bitmap: 36 18
bitmap: 38 20
bitmap: 36 22
bitmap: 42 20
bitmap: 40 20
bitmap: 42 20
bitmap: 38 24
bitmap: 40 18
bitmap: 38 20
bitmap: 38 22
bitmap: 14 36
bitmap: 36 20
bitmap: 36 24
bitmap: 38 20
bitmap: 38 20
bitmap: 36 22
bitmap: 38 20
bitmap: 38 18
bitmap: 36 22
bitmap: 38 18
bitmap: 38 22
bitmap: 36 24
bitmap: 36 20
bitmap: 40 18
bitmap: 38 20
bitmap: 38 24
bitmap: 38 22
bitmap: 38 22
bitmap: 38 20
bitmap: 38 22
bitmap: 36 20
bitmap: 36 18
bitmap: 38 20
bitmap: 38 20
bitmap: 36 22
bitmap: 38 20
bitmap: 38 22
bitmap: 36 20
bitmap: 38 22
bitmap: 38 22
bitmap: 36 20
bitmap: 36 20
bitmap: 40 42
bitmap: 38 22
bitmap: 36 18
bitmap: 38 20
bitmap: 36 24
bitmap: 16 36
bitmap: 38 22
bitmap: 36 24
bitmap: 38 42
bitmap: 36 24
bitmap: 38 20
bitmap: 38 20
bitmap: 38 20
bitmap: 36 22
bitmap: 38 20
bitmap: 40 20
bitmap: 38 52
bitmap: 36 22
bitmap: 38 22
bitmap: 36 20
bitmap: 40 22
bitmap: 16 38
bitmap: 38 22
bitmap: 36 20
bitmap: 38 20
bitmap: 40 20
bitmap: 38 24
bitmap: 16 38
bitmap: 38 22
bitmap: 38 20
bitmap: 36 20
bitmap: 36 20
bitmap: 16 20
bitmap: 40 20
bitmap: 36 20
bitmap: 38 20
bitmap: 38 18
bitmap: 38 22
bitmap: 38 22
bitmap: 36 22
bitmap: 36 22
bitmap: 42 20
bitmap: 38 24
bitmap: 36 22
bitmap: 38 20
bitmap: 38 18
bitmap: 18 38
bitmap: 38 22
bitmap: 38 22
bitmap: 38 22
bitmap: 36 22
bitmap: 36 20
bitmap: 36 20
bitmap: 38 20
bitmap: 38 24
bitmap: 16 18
bitmap: 42 20
bitmap: 40 24
bitmap: 40 18
bitmap: 42 20
bitmap: 38 20
bitmap: 16 36
bitmap: 38 22
bitmap: 36 20
bitmap: 42 20
bitmap: 42 22
bitmap: 36 20
bitmap: 36 20
bitmap: 36 24
bitmap: 38 20
bitmap: 40 22
bitmap: 38 20
bitmap: 38 20
bitmap: 38 18
bitmap: 36 20
bitmap: 36 22
bitmap: 38 22
bitmap: 38 18
bitmap: 16 38
bitmap: 38 22
bitmap: 36 20
bitmap: 40 22
bitmap: 40 22
bitmap: 36 22
bitmap: 38 22
bitmap: 36 22
bitmap: 36 22
bitmap: 40 20
bitmap: 38 18
bitmap: 38 18
bitmap: 36 22
bitmap: 14 38
bitmap: 38 22
bitmap: 36 20
bitmap: 40 22
bitmap: 36 20
bitmap: 14 38
bitmap: 38 22
bitmap: 36 20
bitmap: 36 20
bitmap: 38 18
bitmap: 38 22
bitmap: 38 18
bitmap: 38 22
bitmap: 38 18
bitmap: 42 22
bitmap: 38 18
bitmap: 38 24
bitmap: 36 18
bitmap: 36 22
bitmap: 36 22
bitmap: 36 20
bitmap: 38 22
bitmap: 42 22
bitmap: 38 20
bitmap: 38 20
bitmap: 38 22
bitmap: 38 18
bitmap: 16 24
bitmap: 40 22
bitmap: 38 22
bitmap: 36 22
bitmap: 36 20
bitmap: 42 20
bitmap: 38 18
bitmap: 40 22
bitmap: 36 22
bitmap: 38 22
bitmap: 42 22
bitmap: 36 22
bitmap: 38 20
bitmap: 38 20
bitmap: 40 22
bitmap: 38 22
bitmap: 38 22
bitmap: 38 22
bitmap: 38 22
bitmap: 36 22
bitmap: 38 20
bitmap: 36 22
bitmap: 38 22
bitmap: 38 20
bitmap: 38 22
bitmap: 36 20
bitmap: 36 20
bitmap: 38 20
bitmap: 38 20
bitmap: 42 20
bitmap: 36 20
bitmap: 36 22
bitmap: 38 18
bitmap: 36 22
bitmap: 36 20
bitmap: 38 22
bitmap: 38 20
bitmap: 40 24
bitmap: 36 20
bitmap: 38 22
bitmap: 14 20
bitmap: 38 20
bitmap: 38 22
bitmap: 38 22
bitmap: 38 20
bitmap: 38 18
bitmap: 38 22
bitmap: 40 20
bitmap: 40 20
bitmap: 40 22
bitmap: 36 20
bitmap: 36 20
bitmap: 38 22
bitmap: 36 22
bitmap: 36 22
bitmap: 38 20
bitmap: 36 22
bitmap: 38 20
bitmap: 36 18
bitmap: 38 22
bitmap: 18 38
bitmap: 38 22
bitmap: 38 18
bitmap: 36 22
bitmap: 16 40
bitmap: 38 24
bitmap: 42 22
bitmap: 36 22
bitmap: 38 22
bitmap: 14 38
bitmap: 38 22
bitmap: 38 20
bitmap: 36 20
bitmap: 36 20
bitmap: 36 22
bitmap: 42 22
bitmap: 38 22
bitmap: 38 22
