fprr: 70
fprr: 30
fprr: 62
fprr: 30
fprr: 64
fprr: 54
fprr: 48
fprr: 94
fprr: 46
fprr: 32
fprr: 42
fprr: 40
fprr: 32
fprr: 32
fprr: 44
fprr: 30
fprr: 42
fprr: 32
fprr: 44
fprr: 50
fprr: 52
fprr: 32
fprr: 46
fprr: 30
fprr: 34
fprr: 32
fprr: 46
fprr: 32
fprr: 32
fprr: 30
fprr: 66
fprr: 78
fprr: 42
fprr: 28
fprr: 62
fprr: 48
fprr: 32
fprr: 32
fprr: 32
fprr: 48
fprr: 42
fprr: 32
fprr: 48
fprr: 64
fprr: 46
fprr: 30
fprr: 32
fprr: 42
fprr: 30
fprr: 32
fprr: 32
fprr: 32
fprr: 30
fprr: 48
fprr: 30
fprr: 28
fprr: 32
fprr: 48
fprr: 32
fprr: 32
fprr: 32
fprr: 30
fprr: 42
fprr: 40
fprr: 34
fprr: 32
fprr: 42
fprr: 32
fprr: 32
fprr: 32
fprr: 42
fprr: 30
fprr: 50
fprr: 64
fprr: 46
fprr: 32
fprr: 30
fprr: 32
fprr: 42
fprr: 32
fprr: 42
fprr: 32
fprr: 50
fprr: 78
fprr: 44
fprr: 32
fprr: 46
fprr: 30
fprr: 32
fprr: 30
fprr: 46
fprr: 32
fprr: 32
fprr: 32
fprr: 46
fprr: 48
fprr: 52
fprr: 32
fprr: 70
fprr: 44
fprr: 48
fprr: 32
fprr: 42
fprr: 30
fprr: 42
fprr: 42
fprr: 30
fprr: 30
fprr: 46
fprr: 32
fprr: 52
fprr: 84
fprr: 44
fprr: 32
fprr: 74
fprr: 42
fprr: 42
fprr: 32
fprr: 30
fprr: 46
fprr: 42
fprr: 32
fprr: 32
fprr: 32
fprr: 44
fprr: 84
fprr: 44
fprr: 48
fprr: 30
fprr: 30
fprr: 40
fprr: 42
fprr: 30
fprr: 90
fprr: 76
fprr: 46
fprr: 30
fprr: 32
fprr: 32
fprr: 50
fprr: 30
fprr: 48
fprr: 30
fprr: 40
fprr: 32
fprr: 48
fprr: 32
fprr: 44
fprr: 32
fprr: 32
fprr: 42
fprr: 30
fprr: 46
fprr: 30
fprr: 42
fprr: 44
fprr: 44
fprr: 30
fprr: 42
fprr: 42
fprr: 44
fprr: 48
fprr: 30
fprr: 68
fprr: 46
fprr: 30
fprr: 30
fprr: 34
fprr: 44
fprr: 32
fprr: 40
fprr: 78
fprr: 64
fprr: 44
fprr: 30
fprr: 38
fprr: 32
fprr: 62
fprr: 42
fprr: 30
fprr: 68
fprr: 64
fprr: 50
fprr: 32
fprr: 42
fprr: 30
fprr: 30
fprr: 42
fprr: 30
fprr: 40
fprr: 42
fprr: 32
fprr: 100
fprr: 30
fprr: 30
fprr: 32
fprr: 28
fprr: 42
fprr: 48
fprr: 42
fprr: 44
fprr: 90
fprr: 34
fprr: 32
fprr: 68
fprr: 46
fprr: 48
fprr: 42
fprr: 48
fprr: 88
fprr: 44
fprr: 32
fprr: 32
fprr: 30
fprr: 32
fprr: 34
fprr: 30
fprr: 48
fprr: 64
fprr: 32
fprr: 32
fprr: 32
fprr: 30
fprr: 46
fprr: 42
fprr: 42
fprr: 44
fprr: 30
fprr: 46
fprr: 30
fprr: 48
fprr: 28
fprr: 48
fprr: 66
fprr: 62
fprr: 32
fprr: 42
fprr: 66
fprr: 32
fprr: 44
fprr: 42
fprr: 30
fprr: 30
fprr: 48
fprr: 42
fprr: 32
fprr: 44
fprr: 30
fprr: 30
fprr: 42
fprr: 42
fprr: 42
fprr: 42
fprr: 54
fprr: 32
fprr: 44
fprr: 46
fprr: 30
fprr: 40
fprr: 42
fprr: 40
fprr: 28
fprr: 44
fprr: 30
fprr: 32
fprr: 44
fprr: 30
fprr: 32
fprr: 32
fprr: 66
fprr: 68
fprr: 40
fprr: 42
fprr: 32
fprr: 50
fprr: 66
fprr: 30
fprr: 42
fprr: 28
fprr: 30
fprr: 42
fprr: 32
fprr: 42
fprr: 32
fprr: 46
fprr: 32
fprr: 32
fprr: 32
fprr: 32
fprr: 30
fprr: 32
fprr: 46
fprr: 30
fprr: 50
fprr: 30
fprr: 30
fprr: 44
fprr: 28
fprr: 68
fprr: 66
fprr: 48
fprr: 32
fprr: 30
fprr: 28
fprr: 42
fprr: 48
fprr: 28
fprr: 42
fprr: 48
fprr: 44
fprr: 30
fprr: 30
fprr: 66
fprr: 44
fprr: 46
fprr: 42
fprr: 42
fprr: 32
fprr: 68
fprr: 44
fprr: 30
fprr: 42
fprr: 32
fprr: 48
fprr: 42
fprr: 42
fprr: 32
fprr: 30
fprr: 64
fprr: 40
fprr: 30
fprr: 50
fprr: 32
fprr: 32
fprr: 32
fprr: 42
fprr: 40
fprr: 42
fprr: 44
fprr: 48
fprr: 68
fprr: 46
fprr: 42
fprr: 32
fprr: 52
fprr: 64
fprr: 32
fprr: 46
fprr: 32
fprr: 30
fprr: 42
fprr: 46
fprr: 40
fprr: 28
fprr: 32
fprr: 32
fprr: 60
fprr: 46
fprr: 42
fprr: 46
fprr: 68
fprr: 42
fprr: 40
fprr: 66
fprr: 40
fprr: 30
fprr: 32
fprr: 42
fprr: 42
fprr: 44
fprr: 32
fprr: 42
fprr: 42
fprr: 32
fprr: 42
fprr: 32
fprr: 44
fprr: 42
fprr: 68
fprr: 30
fprr: 42
fprr: 40
fprr: 30
fprr: 32
fprr: 32
fprr: 30
fprr: 44
fprr: 32
fprr: 64
fprr: 64
fprr: 44
fprr: 46
fprr: 32
fprr: 52
fprr: 42
fprr: 42
fprr: 30
fprr: 42
fprr: 46
fprr: 42
fprr: 30
fprr: 42
fprr: 44
fprr: 44
fprr: 40
fprr: 34
fprr: 44
fprr: 32
fprr: 44
fprr: 42
fprr: 32
fprr: 62
fprr: 30
fprr: 62
fprr: 40
fprr: 48
fprr: 28
fprr: 46
fprr: 46
fprr: 42
fprr: 28
fprr: 40
fprr: 32
fprr: 40
fprr: 32
fprr: 42
fprr: 30
fprr: 42
fprr: 48
fprr: 44
fprr: 44
fprr: 32
fprr: 42
fprr: 42
fprr: 48
fprr: 32
fprr: 42
fprr: 32
fprr: 50
fprr: 30
fprr: 42
fprr: 32
fprr: 64
fprr: 42
fprr: 46
fprr: 42
fprr: 42
fprr: 52
fprr: 42
fprr: 32
fprr: 62
fprr: 48
fprr: 30
fprr: 44
fprr: 44
fprr: 32
fprr: 48
fprr: 42
fprr: 42
fprr: 30
fprr: 42
fprr: 64
fprr: 44
fprr: 42
fprr: 32
fprr: 64
fprr: 48
fprr: 44
fprr: 46
fprr: 30
fprr: 42
fprr: 42
fprr: 66
fprr: 48
fprr: 42
fprr: 44
fprr: 62
fprr: 32
fprr: 32
fprr: 46
fprr: 42
fprr: 42
fprr: 32
fprr: 30
fprr: 62
fprr: 46
fprr: 48
fprr: 30
fprr: 46
fprr: 42
fprr: 30
fprr: 44
fprr: 32
fprr: 42
fprr: 32
fprr: 28
fprr: 32
fprr: 34
fprr: 32
fprr: 44
fprr: 32
fprr: 44
fprr: 42
fprr: 44
fprr: 32
fprr: 32
fprr: 30
fprr: 46
fprr: 32
fprr: 30
fprr: 44
fprr: 42
fprr: 30
fprr: 30
fprr: 44
fprr: 48
fprr: 42
fprr: 42
fprr: 40
fprr: 42
fprr: 32
fprr: 62
fprr: 32
fprr: 46
fprr: 42
fprr: 42
fprr: 46
fprr: 30
fprr: 30
fprr: 64
fprr: 66
fprr: 42
fprr: 44
fprr: 40
fprr: 32
fprr: 48
fprr: 30
fprr: 46
fprr: 46
fprr: 42
fprr: 28
fprr: 44
fprr: 30
fprr: 46
fprr: 30
fprr: 46
fprr: 48
fprr: 44
fprr: 42
fprr: 30
fprr: 64
fprr: 32
fprr: 32
fprr: 42
fprr: 44
fprr: 32
fprr: 42
fprr: 30
fprr: 50
fprr: 30
fprr: 46
fprr: 42
fprr: 42
fprr: 30
fprr: 44
fprr: 30
fprr: 64
fprr: 66
fprr: 44
fprr: 42
fprr: 68
fprr: 32
fprr: 46
fprr: 30
fprr: 46
fprr: 42
fprr: 32
fprr: 28
fprr: 46
fprr: 30
fprr: 32
fprr: 42
fprr: 44
fprr: 30
fprr: 44
fprr: 42
fprr: 30
fprr: 46
fprr: 40
fprr: 40
fprr: 40
fprr: 32
fprr: 38
fprr: 46
fprr: 32
fprr: 62
fprr: 68
fprr: 50
fprr: 40
fprr: 44
fprr: 28
fprr: 32
fprr: 32
fprr: 44
fprr: 30
fprr: 64
fprr: 64
fprr: 42
fprr: 30
fprr: 30
fprr: 30
fprr: 52
fprr: 30
fprr: 62
fprr: 32
fprr: 46
fprr: 64
fprr: 46
fprr: 30
fprr: 46
fprr: 48
fprr: 40
fprr: 66
fprr: 28
fprr: 42
fprr: 46
fprr: 30
fprr: 44
fprr: 32
fprr: 52
fprr: 46
fprr: 30
fprr: 42
fprr: 42
fprr: 28
fprr: 28
fprr: 50
fprr: 44
fprr: 42
fprr: 42
fprr: 46
fprr: 46
fprr: 32
fprr: 50
fprr: 48
fprr: 42
fprr: 44
fprr: 70
fprr: 32
fprr: 42
fprr: 42
fprr: 72
fprr: 42
fprr: 42
fprr: 42
fprr: 62
fprr: 30
fprr: 48
fprr: 42
fprr: 44
fprr: 62
fprr: 62
fprr: 46
fprr: 44
fprr: 30
fprr: 30
fprr: 32
fprr: 62
fprr: 42
fprr: 42
fprr: 48
fprr: 32
fprr: 32
fprr: 52
fprr: 46
fprr: 30
fprr: 32
fprr: 44
fprr: 42
fprr: 42
fprr: 48
fprr: 66
fprr: 32
fprr: 46
fprr: 42
fprr: 32
fprr: 62
fprr: 42
fprr: 32
fprr: 42
fprr: 30
fprr: 40
fprr: 46
fprr: 44
fprr: 42
fprr: 42
fprr: 44
fprr: 32
fprr: 46
fprr: 42
fprr: 42
fprr: 44
fprr: 30
fprr: 30
fprr: 68
fprr: 42
fprr: 42
fprr: 30
fprr: 48
fprr: 48
fprr: 42
fprr: 46
fprr: 32
fprr: 44
fprr: 38
fprr: 40
fprr: 46
fprr: 48
fprr: 32
fprr: 46
fprr: 42
fprr: 30
fprr: 46
fprr: 48
fprr: 44
fprr: 28
fprr: 52
fprr: 42
fprr: 32
fprr: 48
fprr: 32
fprr: 48
fprr: 42
fprr: 32
fprr: 30
fprr: 42
fprr: 42
fprr: 30
fprr: 32
fprr: 32
fprr: 32
fprr: 30
fprr: 42
fprr: 44
fprr: 42
fprr: 30
fprr: 32
fprr: 30
fprr: 34
fprr: 42
fprr: 48
fprr: 32
fprr: 44
fprr: 32
fprr: 40
fprr: 30
fprr: 42
fprr: 44
fprr: 42
fprr: 30
fprr: 32
fprr: 46
fprr: 44
fprr: 44
fprr: 46
fprr: 44
fprr: 30
fprr: 44
fprr: 32
fprr: 32
fprr: 46
fprr: 62
fprr: 60
fprr: 48
fprr: 32
fprr: 48
fprr: 32
fprr: 48
fprr: 44
fprr: 42
fprr: 42
fprr: 70
fprr: 32
fprr: 32
fprr: 30
fprr: 30
fprr: 56
fprr: 42
fprr: 42
fprr: 60
fprr: 30
fprr: 48
fprr: 42
fprr: 64
fprr: 42
fprr: 44
fprr: 30
fprr: 48
fprr: 30
fprr: 44
fprr: 30
fprr: 32
fprr: 46
fprr: 44
fprr: 30
fprr: 32
fprr: 30
fprr: 44
fprr: 42
fprr: 32
fprr: 44
fprr: 42
fprr: 50
fprr: 30
fprr: 30
fprr: 32
fprr: 32
fprr: 32
fprr: 42
fprr: 46
fprr: 42
fprr: 32
fprr: 30
fprr: 32
fprr: 32
fprr: 46
fprr: 44
fprr: 32
fprr: 46
fprr: 46
fprr: 32
fprr: 30
fprr: 44
fprr: 40
fprr: 30
fprr: 46
fprr: 40
fprr: 40
fprr: 64
fprr: 30
fprr: 66
fprr: 30
fprr: 68
fprr: 48
fprr: 30
fprr: 44
fprr: 32
fprr: 32
fprr: 32
fprr: 62
fprr: 64
fprr: 48
fprr: 42
fprr: 46
fprr: 32
fprr: 40
fprr: 40
fprr: 48
fprr: 30
fprr: 40
fprr: 30
fprr: 32
fprr: 48
fprr: 46
fprr: 42
fprr: 46
fprr: 44
fprr: 30
fprr: 32
fprr: 42
fprr: 28
fprr: 42
fprr: 42
fprr: 30
fprr: 32
fprr: 32
fprr: 42
fprr: 46
fprr: 32
fprr: 46
fprr: 42
fprr: 46
fprr: 48
fprr: 46
fprr: 44
fprr: 30
fprr: 48
fprr: 44
fprr: 48
fprr: 42
fprr: 68
fprr: 62
fprr: 42
fprr: 42
fprr: 32
fprr: 42
fprr: 32
fprr: 30
fprr: 42
fprr: 30
fprr: 32
fprr: 40
fprr: 34
fprr: 40
fprr: 28
fprr: 60
fprr: 48
fprr: 40
fprr: 48
fprr: 30
fprr: 44
fprr: 64
fprr: 32
fprr: 32
fprr: 42
fprr: 52
fprr: 32
fprr: 46
fprr: 42
fprr: 30
fprr: 30
fprr: 48
fprr: 32
fprr: 48
fprr: 44
fprr: 30
fprr: 44
fprr: 42
fprr: 42
fprr: 42
fprr: 44
fprr: 42
fprr: 40
fprr: 32
fprr: 44
fprr: 30
fprr: 42
fprr: 62
fprr: 44
fprr: 42
fprr: 42
fprr: 42
fprr: 42
fprr: 44
fprr: 62
fprr: 46
fprr: 32
fprr: 48
fprr: 48
fprr: 42
fprr: 42
fprr: 32
fprr: 46
fprr: 46
fprr: 32
fprr: 46
fprr: 30
fprr: 62
fprr: 64
fprr: 32
fprr: 32
fprr: 30
fprr: 50
fprr: 46
fprr: 46
fprr: 46
fprr: 46
fprr: 30
fprr: 32
fprr: 40
fprr: 40
fprr: 32
fprr: 40
fprr: 44
fprr: 44
fprr: 48
fprr: 48
fprr: 30
fprr: 32
fprr: 32
fprr: 40
fprr: 32
fprr: 46
fprr: 32
fprr: 42
fprr: 40
fprr: 42
fprr: 30
fprr: 32
fprr: 32
fprr: 30
fprr: 32
fprr: 30
fprr: 32
fprr: 30
fprr: 28
fprr: 32
fprr: 30
fprr: 46
fprr: 50
