fprr: 98
fprr: 50
fprr: 38
fprr: 28
fprr: 30
fprr: 32
fprr: 50
fprr: 30
fprr: 38
fprr: 28
fprr: 28
fprr: 50
fprr: 28
fprr: 28
fprr: 28
fprr: 28
fprr: 30
fprr: 30
fprr: 30
fprr: 28
fprr: 26
fprr: 42
fprr: 28
fprr: 26
fprr: 42
fprr: 38
fprr: 26
fprr: 36
fprr: 30
fprr: 44
fprr: 28
fprr: 54
fprr: 38
fprr: 40
fprr: 38
fprr: 38
fprr: 40
fprr: 44
fprr: 40
fprr: 44
fprr: 28
fprr: 42
fprr: 28
fprr: 46
fprr: 40
fprr: 30
fprr: 30
fprr: 40
fprr: 28
fprr: 28
fprr: 28
fprr: 38
fprr: 40
fprr: 30
fprr: 40
fprr: 40
fprr: 30
fprr: 32
fprr: 64
fprr: 32
fprr: 32
fprr: 40
fprr: 28
fprr: 36
fprr: 28
fprr: 42
fprr: 28
fprr: 28
fprr: 32
fprr: 40
fprr: 30
fprr: 40
fprr: 70
fprr: 28
fprr: 32
fprr: 30
fprr: 30
fprr: 30
fprr: 28
fprr: 32
fprr: 30
fprr: 40
fprr: 40
fprr: 36
fprr: 36
fprr: 26
fprr: 44
fprr: 30
fprr: 28
fprr: 28
fprr: 28
fprr: 44
fprr: 30
fprr: 40
fprr: 28
fprr: 26
fprr: 38
fprr: 26
fprr: 28
fprr: 38
fprr: 28
fprr: 36
fprr: 28
fprr: 66
fprr: 40
fprr: 30
fprr: 30
fprr: 28
fprr: 30
fprr: 40
fprr: 40
fprr: 40
fprr: 30
fprr: 40
fprr: 38
fprr: 38
fprr: 62
fprr: 44
fprr: 26
fprr: 76
fprr: 28
fprr: 28
fprr: 38
fprr: 26
fprr: 28
fprr: 40
fprr: 40
fprr: 36
fprr: 28
fprr: 30
fprr: 30
fprr: 30
fprr: 42
fprr: 38
fprr: 30
fprr: 28
fprr: 38
fprr: 42
fprr: 28
fprr: 40
fprr: 40
fprr: 26
fprr: 28
fprr: 28
fprr: 42
fprr: 26
fprr: 28
fprr: 44
fprr: 40
fprr: 40
fprr: 36
fprr: 38
fprr: 30
fprr: 38
fprr: 30
fprr: 30
fprr: 58
fprr: 42
fprr: 28
fprr: 40
fprr: 38
fprr: 38
fprr: 28
fprr: 28
fprr: 40
fprr: 44
fprr: 36
fprr: 58
fprr: 36
fprr: 40
fprr: 28
fprr: 42
fprr: 64
fprr: 40
fprr: 30
fprr: 30
fprr: 30
fprr: 40
fprr: 38
fprr: 32
fprr: 62
fprr: 40
fprr: 40
fprr: 32
fprr: 28
fprr: 30
fprr: 28
fprr: 28
fprr: 38
fprr: 38
fprr: 26
fprr: 30
fprr: 28
fprr: 56
fprr: 28
fprr: 26
fprr: 40
fprr: 38
fprr: 38
fprr: 38
fprr: 28
fprr: 38
fprr: 38
fprr: 28
fprr: 38
fprr: 28
fprr: 30
fprr: 38
fprr: 26
fprr: 38
fprr: 30
fprr: 28
fprr: 40
fprr: 38
fprr: 40
fprr: 38
fprr: 28
fprr: 38
fprr: 38
fprr: 32
fprr: 42
fprr: 38
fprr: 44
fprr: 38
fprr: 26
fprr: 30
fprr: 38
fprr: 30
fprr: 28
fprr: 42
fprr: 28
fprr: 38
fprr: 26
fprr: 40
fprr: 30
fprr: 40
fprr: 42
fprr: 28
fprr: 28
fprr: 28
fprr: 36
fprr: 28
fprr: 26
fprr: 28
fprr: 28
fprr: 40
fprr: 32
fprr: 44
fprr: 56
fprr: 28
fprr: 26
fprr: 42
fprr: 38
fprr: 26
fprr: 38
fprr: 40
fprr: 26
fprr: 40
fprr: 32
fprr: 38
fprr: 38
fprr: 38
fprr: 62
fprr: 40
fprr: 42
fprr: 28
fprr: 60
fprr: 36
fprr: 30
fprr: 58
fprr: 44
fprr: 44
fprr: 28
fprr: 28
fprr: 40
fprr: 32
fprr: 38
fprr: 36
fprr: 36
fprr: 38
fprr: 30
fprr: 42
fprr: 38
fprr: 26
fprr: 42
fprr: 42
fprr: 32
fprr: 28
fprr: 30
fprr: 40
fprr: 28
fprr: 60
fprr: 26
fprr: 42
fprr: 40
fprr: 40
fprr: 42
fprr: 42
fprr: 42
fprr: 28
fprr: 32
fprr: 28
fprr: 26
fprr: 30
fprr: 40
fprr: 30
fprr: 28
fprr: 62
fprr: 40
fprr: 28
fprr: 26
fprr: 30
fprr: 28
fprr: 32
fprr: 28
fprr: 40
fprr: 40
fprr: 38
fprr: 26
fprr: 42
fprr: 28
fprr: 32
fprr: 30
fprr: 30
fprr: 26
fprr: 38
fprr: 26
fprr: 38
fprr: 32
fprr: 38
fprr: 38
fprr: 38
fprr: 32
fprr: 40
fprr: 42
fprr: 28
fprr: 46
fprr: 28
fprr: 38
fprr: 28
fprr: 26
fprr: 30
fprr: 40
fprr: 30
fprr: 28
fprr: 32
fprr: 38
fprr: 38
fprr: 28
fprr: 42
fprr: 56
fprr: 36
fprr: 62
fprr: 32
fprr: 38
fprr: 28
fprr: 36
fprr: 26
fprr: 38
fprr: 30
fprr: 28
fprr: 30
fprr: 38
fprr: 28
fprr: 32
fprr: 38
fprr: 26
fprr: 40
fprr: 30
fprr: 44
fprr: 30
fprr: 28
fprr: 38
fprr: 40
fprr: 28
fprr: 32
fprr: 40
fprr: 30
fprr: 38
fprr: 26
fprr: 38
fprr: 28
fprr: 32
fprr: 38
fprr: 38
fprr: 28
fprr: 28
fprr: 38
fprr: 40
fprr: 28
fprr: 30
fprr: 40
fprr: 26
fprr: 28
fprr: 28
fprr: 40
fprr: 32
fprr: 28
fprr: 44
fprr: 28
fprr: 28
fprr: 40
fprr: 42
fprr: 32
fprr: 28
fprr: 36
fprr: 26
fprr: 30
fprr: 28
fprr: 30
fprr: 28
fprr: 40
fprr: 32
fprr: 28
fprr: 28
fprr: 26
fprr: 28
fprr: 28
fprr: 28
fprr: 28
fprr: 26
fprr: 28
fprr: 30
fprr: 28
fprr: 28
fprr: 26
fprr: 30
fprr: 30
fprr: 38
fprr: 38
fprr: 28
fprr: 46
fprr: 42
fprr: 32
fprr: 40
fprr: 38
fprr: 26
fprr: 28
fprr: 38
fprr: 30
fprr: 30
fprr: 38
fprr: 26
fprr: 28
fprr: 28
fprr: 28
fprr: 28
fprr: 40
fprr: 30
fprr: 28
fprr: 30
fprr: 44
fprr: 38
fprr: 26
fprr: 28
fprr: 28
fprr: 32
fprr: 28
fprr: 26
fprr: 30
fprr: 28
fprr: 32
fprr: 40
fprr: 42
fprr: 28
fprr: 60
fprr: 38
fprr: 28
fprr: 28
fprr: 26
fprr: 28
fprr: 38
fprr: 40
fprr: 28
fprr: 28
fprr: 58
fprr: 28
fprr: 26
fprr: 28
fprr: 36
fprr: 58
fprr: 40
fprr: 38
fprr: 38
fprr: 40
fprr: 28
fprr: 26
fprr: 30
fprr: 28
fprr: 40
fprr: 30
fprr: 28
fprr: 28
fprr: 40
fprr: 30
fprr: 28
fprr: 30
fprr: 40
fprr: 30
fprr: 44
fprr: 26
fprr: 42
fprr: 28
fprr: 44
fprr: 38
fprr: 28
fprr: 40
fprr: 28
fprr: 40
fprr: 32
fprr: 28
fprr: 28
fprr: 28
fprr: 32
fprr: 28
fprr: 28
fprr: 26
fprr: 40
fprr: 38
fprr: 30
fprr: 38
fprr: 26
fprr: 38
fprr: 38
fprr: 26
fprr: 86
fprr: 42
fprr: 60
fprr: 38
fprr: 44
fprr: 30
fprr: 30
fprr: 36
fprr: 38
fprr: 28
fprr: 28
fprr: 30
fprr: 40
fprr: 48
fprr: 40
fprr: 28
fprr: 40
fprr: 48
fprr: 40
fprr: 26
fprr: 38
fprr: 26
fprr: 38
fprr: 26
fprr: 30
fprr: 28
fprr: 32
fprr: 28
fprr: 38
fprr: 44
fprr: 28
fprr: 36
fprr: 38
fprr: 26
fprr: 28
fprr: 42
fprr: 38
fprr: 28
fprr: 42
fprr: 28
fprr: 26
fprr: 44
fprr: 28
fprr: 32
fprr: 42
fprr: 28
fprr: 28
fprr: 58
fprr: 28
fprr: 50
fprr: 32
fprr: 28
fprr: 28
fprr: 30
fprr: 26
fprr: 28
fprr: 28
fprr: 38
fprr: 26
fprr: 28
fprr: 40
fprr: 28
fprr: 30
fprr: 38
fprr: 42
fprr: 28
fprr: 44
fprr: 40
fprr: 28
fprr: 30
fprr: 26
fprr: 40
fprr: 38
fprr: 26
fprr: 42
fprr: 38
fprr: 28
fprr: 30
fprr: 28
fprr: 40
fprr: 28
fprr: 28
fprr: 38
fprr: 28
fprr: 28
fprr: 26
fprr: 28
fprr: 38
fprr: 30
fprr: 26
fprr: 28
fprr: 32
fprr: 40
fprr: 28
fprr: 28
fprr: 28
fprr: 40
fprr: 38
fprr: 26
fprr: 30
fprr: 28
fprr: 44
fprr: 38
fprr: 28
fprr: 42
fprr: 40
fprr: 26
fprr: 40
fprr: 38
fprr: 26
fprr: 38
fprr: 30
fprr: 26
fprr: 28
fprr: 30
fprr: 28
fprr: 30
fprr: 26
fprr: 28
fprr: 42
fprr: 26
fprr: 28
fprr: 28
fprr: 32
fprr: 28
fprr: 30
fprr: 38
fprr: 30
fprr: 28
fprr: 26
fprr: 30
fprr: 28
fprr: 38
fprr: 28
fprr: 28
fprr: 28
fprr: 38
fprr: 42
fprr: 28
fprr: 28
fprr: 26
fprr: 30
fprr: 42
fprr: 38
fprr: 30
fprr: 28
fprr: 38
fprr: 26
fprr: 28
fprr: 32
fprr: 28
fprr: 26
fprr: 28
fprr: 28
fprr: 32
fprr: 28
fprr: 28
fprr: 26
fprr: 84
fprr: 28
fprr: 26
fprr: 28
fprr: 30
fprr: 26
fprr: 28
fprr: 32
fprr: 28
fprr: 30
fprr: 26
fprr: 28
fprr: 32
fprr: 38
fprr: 26
fprr: 30
fprr: 28
fprr: 36
fprr: 42
fprr: 36
fprr: 30
fprr: 30
fprr: 26
fprr: 44
fprr: 28
fprr: 40
fprr: 32
fprr: 38
fprr: 26
fprr: 30
fprr: 46
fprr: 36
fprr: 30
fprr: 42
fprr: 30
fprr: 30
fprr: 30
fprr: 46
fprr: 28
fprr: 32
fprr: 28
fprr: 26
fprr: 28
fprr: 28
fprr: 32
fprr: 28
fprr: 26
fprr: 28
fprr: 38
fprr: 28
fprr: 26
fprr: 30
fprr: 28
fprr: 30
fprr: 26
fprr: 28
fprr: 26
fprr: 28
fprr: 30
fprr: 26
fprr: 28
fprr: 38
fprr: 28
fprr: 26
fprr: 28
fprr: 28
fprr: 32
fprr: 40
fprr: 28
fprr: 38
fprr: 26
fprr: 40
fprr: 30
fprr: 28
fprr: 40
fprr: 28
fprr: 28
fprr: 40
fprr: 30
fprr: 28
fprr: 30
fprr: 28
fprr: 40
fprr: 40
fprr: 44
fprr: 38
fprr: 36
fprr: 44
fprr: 44
fprr: 44
fprr: 28
fprr: 40
fprr: 38
fprr: 30
fprr: 28
fprr: 30
fprr: 38
fprr: 38
fprr: 30
fprr: 28
fprr: 38
fprr: 28
fprr: 28
fprr: 30
fprr: 40
fprr: 42
fprr: 28
fprr: 28
fprr: 42
fprr: 38
fprr: 26
fprr: 30
fprr: 30
fprr: 46
fprr: 26
fprr: 28
fprr: 42
fprr: 28
fprr: 26
fprr: 30
fprr: 28
fprr: 28
fprr: 28
fprr: 26
fprr: 42
fprr: 28
fprr: 32
fprr: 42
fprr: 32
fprr: 28
fprr: 26
fprr: 28
fprr: 38
fprr: 28
fprr: 26
fprr: 30
fprr: 36
fprr: 28
fprr: 28
fprr: 32
fprr: 28
fprr: 26
fprr: 38
fprr: 26
fprr: 28
fprr: 28
fprr: 28
fprr: 28
fprr: 26
fprr: 38
fprr: 26
fprr: 28
fprr: 42
fprr: 32
fprr: 28
fprr: 42
fprr: 42
fprr: 36
fprr: 28
fprr: 44
fprr: 56
fprr: 28
fprr: 28
fprr: 28
fprr: 28
fprr: 26
fprr: 40
fprr: 26
fprr: 28
fprr: 28
fprr: 32
fprr: 28
fprr: 28
fprr: 40
fprr: 28
fprr: 36
fprr: 38
fprr: 30
fprr: 42
fprr: 30
fprr: 26
fprr: 28
fprr: 32
fprr: 28
fprr: 30
fprr: 28
fprr: 38
fprr: 28
fprr: 38
fprr: 28
fprr: 28
fprr: 30
fprr: 38
fprr: 26
fprr: 28
fprr: 44
fprr: 28
fprr: 26
fprr: 28
fprr: 44
fprr: 38
fprr: 26
fprr: 30
fprr: 28
fprr: 26
fprr: 38
fprr: 38
fprr: 32
fprr: 28
fprr: 28
fprr: 26
fprr: 28
fprr: 32
fprr: 40
fprr: 28
fprr: 36
fprr: 28
fprr: 30
fprr: 42
fprr: 28
fprr: 32
fprr: 28
fprr: 30
fprr: 44
fprr: 38
fprr: 32
fprr: 32
fprr: 28
fprr: 26
fprr: 28
fprr: 28
fprr: 38
fprr: 28
fprr: 48
fprr: 40
fprr: 28
fprr: 64
fprr: 38
fprr: 26
fprr: 40
fprr: 30
fprr: 28
fprr: 26
fprr: 28
fprr: 26
fprr: 30
fprr: 38
fprr: 30
fprr: 28
fprr: 26
fprr: 40
fprr: 32
fprr: 28
fprr: 28
fprr: 28
fprr: 28
fprr: 32
fprr: 28
fprr: 38
fprr: 48
fprr: 28
fprr: 44
fprr: 40
fprr: 32
fprr: 28
fprr: 28
fprr: 64
fprr: 40
fprr: 28
fprr: 30
fprr: 30
fprr: 40
fprr: 38
fprr: 26
fprr: 38
fprr: 26
fprr: 28
fprr: 32
fprr: 28
fprr: 44
fprr: 54
fprr: 38
fprr: 28
fprr: 30
fprr: 28
fprr: 30
fprr: 40
fprr: 36
fprr: 40
fprr: 44
fprr: 28
fprr: 38
fprr: 28
fprr: 32
fprr: 28
fprr: 26
fprr: 30
fprr: 30
fprr: 42
fprr: 42
fprr: 28
fprr: 40
fprr: 28
fprr: 36
fprr: 38
fprr: 76
fprr: 74
fprr: 28
fprr: 30
fprr: 32
fprr: 32
fprr: 32
fprr: 28
fprr: 30
fprr: 28
fprr: 26
fprr: 26
