rbtree: 102 134
rbtree: 62 146
rbtree: 116 76
rbtree: 36 48
rbtree: 34 94
rbtree: 154 138
rbtree: 104 106
rbtree: 22 112
rbtree: 24 98
rbtree: 148 104
rbtree: 24 78
rbtree: 36 140
rbtree: 78 78
rbtree: 24 90
rbtree: 82 82
rbtree: 30 98
rbtree: 132 82
rbtree: 24 84
rbtree: 106 38
rbtree: 24 144
rbtree: 116 40
rbtree: 38 102
rbtree: 24 80
rbtree: 146 114
rbtree: 26 82
rbtree: 72 100
rbtree: 24 38
rbtree: 32 140
rbtree: 22 44
rbtree: 60 102
rbtree: 24 38
rbtree: 26 128
rbtree: 68 80
rbtree: 14 100
rbtree: 78 82
rbtree: 24 168
rbtree: 104 94
rbtree: 56 120
rbtree: 28 96
rbtree: 50 130
rbtree: 24 42
rbtree: 50 104
rbtree: 14 42
rbtree: 76 136
rbtree: 32 94
rbtree: 20 104
rbtree: 66 84
rbtree: 22 114
rbtree: 68 84
rbtree: 22 106
rbtree: 82 80
rbtree: 22 144
rbtree: 88 88
rbtree: 30 50
rbtree: 32 82
rbtree: 70 112
rbtree: 22 42
rbtree: 54 104
rbtree: 34 82
rbtree: 40 118
rbtree: 46 44
rbtree: 14 104
rbtree: 22 84
rbtree: 38 114
rbtree: 16 80
rbtree: 42 48
rbtree: 20 42
rbtree: 40 138
rbtree: 68 82
rbtree: 20 94
rbtree: 158 82
rbtree: 22 130
rbtree: 90 80
rbtree: 36 88
rbtree: 38 80
rbtree: 16 118
rbtree: 46 42
rbtree: 38 92
rbtree: 108 82
rbtree: 24 130
rbtree: 24 84
rbtree: 16 106
rbtree: 86 82
rbtree: 38 160
rbtree: 16 82
rbtree: 44 48
rbtree: 16 44
rbtree: 76 128
rbtree: 24 84
rbtree: 90 50
rbtree: 98 84
rbtree: 26 134
rbtree: 58 80
rbtree: 18 90
rbtree: 22 44
rbtree: 50 96
rbtree: 22 40
rbtree: 152 48
rbtree: 16 84
rbtree: 80 206
rbtree: 24 96
rbtree: 14 116
rbtree: 44 104
rbtree: 16 146
rbtree: 62 102
rbtree: 28 154
rbtree: 34 48
rbtree: 86 158
rbtree: 16 48
rbtree: 50 108
rbtree: 20 44
rbtree: 78 132
rbtree: 42 48
rbtree: 40 110
rbtree: 78 44
rbtree: 26 150
rbtree: 50 50
rbtree: 24 108
rbtree: 16 48
rbtree: 24 114
rbtree: 64 50
rbtree: 24 110
rbtree: 50 50
rbtree: 30 110
rbtree: 42 46
rbtree: 22 94
rbtree: 104 46
rbtree: 24 132
rbtree: 24 44
rbtree: 92 112
rbtree: 16 46
rbtree: 80 210
rbtree: 48 42
rbtree: 16 96
rbtree: 118 46
rbtree: 34 102
rbtree: 56 42
rbtree: 24 56
rbtree: 48 44
rbtree: 34 130
rbtree: 50 44
rbtree: 32 54
rbtree: 50 44
rbtree: 24 102
rbtree: 50 46
rbtree: 34 54
rbtree: 86 44
rbtree: 70 138
rbtree: 26 44
rbtree: 46 96
rbtree: 34 42
rbtree: 28 104
rbtree: 44 46
rbtree: 32 54
rbtree: 64 42
rbtree: 30 170
rbtree: 26 52
rbtree: 64 110
rbtree: 128 44
rbtree: 26 96
rbtree: 66 44
rbtree: 16 108
rbtree: 28 44
rbtree: 102 210
rbtree: 60 44
rbtree: 16 94
rbtree: 82 44
rbtree: 38 92
rbtree: 30 42
rbtree: 24 54
rbtree: 66 44
rbtree: 34 128
rbtree: 74 44
rbtree: 32 94
rbtree: 50 46
rbtree: 32 102
rbtree: 78 44
rbtree: 36 94
rbtree: 58 42
rbtree: 34 136
rbtree: 74 44
rbtree: 28 96
rbtree: 18 48
rbtree: 24 102
rbtree: 36 48
rbtree: 28 94
rbtree: 68 46
rbtree: 32 108
rbtree: 42 48
rbtree: 24 94
rbtree: 16 48
rbtree: 26 102
rbtree: 118 48
rbtree: 32 94
rbtree: 44 46
rbtree: 24 162
rbtree: 16 48
rbtree: 24 96
rbtree: 50 48
rbtree: 114 116
rbtree: 30 46
rbtree: 58 110
rbtree: 16 46
rbtree: 26 74
rbtree: 66 46
rbtree: 34 92
rbtree: 42 46
rbtree: 30 104
rbtree: 16 46
rbtree: 28 56
rbtree: 80 42
rbtree: 34 164
rbtree: 74 44
rbtree: 32 96
rbtree: 74 46
rbtree: 74 98
rbtree: 24 46
rbtree: 50 110
rbtree: 22 44
rbtree: 34 122
rbtree: 62 46
rbtree: 16 110
rbtree: 30 44
rbtree: 44 94
rbtree: 52 48
rbtree: 26 54
rbtree: 42 46
rbtree: 48 178
rbtree: 28 120
rbtree: 44 126
rbtree: 24 118
rbtree: 16 134
rbtree: 30 94
rbtree: 66 100
rbtree: 30 120
rbtree: 30 146
rbtree: 54 94
rbtree: 24 138
rbtree: 16 90
rbtree: 24 150
rbtree: 30 90
rbtree: 54 98
rbtree: 26 92
rbtree: 40 134
rbtree: 26 94
rbtree: 58 112
rbtree: 28 92
rbtree: 44 124
rbtree: 24 88
rbtree: 18 114
rbtree: 28 90
rbtree: 54 148
rbtree: 66 94
rbtree: 24 114
rbtree: 36 92
rbtree: 24 104
rbtree: 24 52
rbtree: 40 114
rbtree: 30 48
rbtree: 62 194
rbtree: 16 48
rbtree: 26 114
rbtree: 44 90
rbtree: 46 136
rbtree: 26 46
rbtree: 74 100
rbtree: 32 92
rbtree: 42 146
rbtree: 22 92
rbtree: 30 114
rbtree: 72 50
rbtree: 18 116
rbtree: 32 48
rbtree: 68 94
rbtree: 34 90
rbtree: 32 158
rbtree: 40 52
rbtree: 24 96
rbtree: 22 52
rbtree: 28 70
rbtree: 28 50
rbtree: 198 128
rbtree: 28 82
rbtree: 66 158
rbtree: 26 86
rbtree: 50 126
rbtree: 30 44
rbtree: 60 118
rbtree: 26 90
rbtree: 62 108
rbtree: 36 88
rbtree: 28 184
rbtree: 66 88
rbtree: 16 112
rbtree: 28 48
rbtree: 50 70
rbtree: 32 48
rbtree: 34 100
rbtree: 40 52
rbtree: 26 144
rbtree: 16 46
rbtree: 32 98
rbtree: 96 48
rbtree: 26 72
rbtree: 62 48
rbtree: 24 98
rbtree: 80 48
rbtree: 36 144
rbtree: 68 54
rbtree: 32 96
rbtree: 58 46
rbtree: 30 106
rbtree: 32 92
rbtree: 88 112
rbtree: 24 88
rbtree: 50 132
rbtree: 24 94
rbtree: 64 114
rbtree: 70 90
rbtree: 32 124
rbtree: 66 88
rbtree: 30 60
rbtree: 38 50
rbtree: 36 166
rbtree: 54 48
rbtree: 32 104
rbtree: 28 50
rbtree: 68 136
rbtree: 18 48
rbtree: 16 98
rbtree: 68 46
rbtree: 34 130
rbtree: 60 50
rbtree: 36 94
rbtree: 32 52
rbtree: 66 98
rbtree: 38 48
rbtree: 24 100
rbtree: 62 64
rbtree: 24 142
rbtree: 44 50
rbtree: 32 62
rbtree: 52 94
rbtree: 30 110
rbtree: 52 48
rbtree: 92 114
rbtree: 28 48
rbtree: 46 142
rbtree: 24 90
rbtree: 38 100
rbtree: 16 52
rbtree: 40 96
rbtree: 26 48
rbtree: 86 112
rbtree: 24 88
rbtree: 62 166
rbtree: 32 92
rbtree: 52 112
rbtree: 26 90
rbtree: 24 72
rbtree: 52 50
rbtree: 34 100
rbtree: 46 48
rbtree: 26 128
rbtree: 34 48
rbtree: 24 102
rbtree: 52 48
rbtree: 26 112
rbtree: 64 48
rbtree: 28 60
rbtree: 16 46
rbtree: 34 140
rbtree: 22 48
rbtree: 64 114
rbtree: 26 48
rbtree: 68 72
rbtree: 26 50
rbtree: 30 98
rbtree: 56 50
rbtree: 26 80
rbtree: 30 48
rbtree: 26 100
rbtree: 76 48
rbtree: 26 126
rbtree: 26 48
rbtree: 28 100
rbtree: 16 48
rbtree: 30 134
rbtree: 34 46
rbtree: 34 100
rbtree: 66 50
rbtree: 32 106
rbtree: 42 50
rbtree: 30 62
rbtree: 32 50
rbtree: 38 116
rbtree: 32 48
rbtree: 88 112
rbtree: 30 48
rbtree: 88 118
rbtree: 24 48
rbtree: 66 116
rbtree: 30 88
rbtree: 24 170
rbtree: 42 48
rbtree: 24 100
rbtree: 34 92
rbtree: 80 94
rbtree: 24 50
rbtree: 62 112
rbtree: 32 48
rbtree: 68 142
rbtree: 30 48
rbtree: 34 58
rbtree: 52 48
rbtree: 66 98
rbtree: 34 48
rbtree: 68 118
rbtree: 32 48
rbtree: 24 154
rbtree: 92 108
rbtree: 24 112
rbtree: 74 118
rbtree: 30 148
rbtree: 36 98
rbtree: 50 110
rbtree: 68 92
rbtree: 30 140
rbtree: 54 98
rbtree: 24 118
rbtree: 16 98
rbtree: 32 112
rbtree: 52 100
rbtree: 56 116
rbtree: 32 94
rbtree: 70 136
rbtree: 16 54
rbtree: 36 118
rbtree: 50 98
rbtree: 24 134
rbtree: 28 96
rbtree: 56 102
rbtree: 34 120
rbtree: 32 150
rbtree: 42 54
rbtree: 54 120
rbtree: 34 54
rbtree: 56 104
rbtree: 24 56
rbtree: 18 118
rbtree: 32 54
rbtree: 64 168
rbtree: 152 54
rbtree: 24 118
rbtree: 56 56
rbtree: 24 102
rbtree: 16 50
rbtree: 32 62
rbtree: 76 56
rbtree: 22 144
rbtree: 84 54
rbtree: 16 116
rbtree: 32 54
rbtree: 34 76
rbtree: 56 56
rbtree: 44 118
rbtree: 24 54
rbtree: 38 152
rbtree: 32 56
rbtree: 44 116
rbtree: 24 96
rbtree: 58 122
rbtree: 42 94
rbtree: 24 64
rbtree: 46 54
rbtree: 34 154
rbtree: 70 54
rbtree: 32 100
rbtree: 56 56
rbtree: 34 132
rbtree: 34 54
rbtree: 26 100
rbtree: 70 52
rbtree: 26 180
rbtree: 48 56
rbtree: 20 116
rbtree: 24 110
rbtree: 32 130
rbtree: 58 54
rbtree: 34 100
rbtree: 38 54
rbtree: 28 154
rbtree: 54 58
rbtree: 24 102
rbtree: 24 56
rbtree: 28 130
rbtree: 60 54
rbtree: 34 102
rbtree: 90 56
rbtree: 32 154
rbtree: 32 58
rbtree: 42 118
rbtree: 32 54
rbtree: 72 122
rbtree: 32 52
rbtree: 76 120
rbtree: 34 54
rbtree: 76 136
rbtree: 32 96
rbtree: 40 62
rbtree: 26 98
rbtree: 36 140
rbtree: 32 54
rbtree: 48 114
rbtree: 38 90
rbtree: 70 166
rbtree: 16 102
rbtree: 26 60
rbtree: 84 52
rbtree: 22 114
rbtree: 58 92
rbtree: 16 114
rbtree: 26 58
rbtree: 60 114
rbtree: 54 100
rbtree: 36 62
rbtree: 56 96
rbtree: 26 112
rbtree: 74 52
rbtree: 46 112
rbtree: 56 58
rbtree: 42 178
rbtree: 52 58
rbtree: 46 104
rbtree: 54 56
rbtree: 24 124
rbtree: 24 52
rbtree: 52 116
rbtree: 38 52
rbtree: 16 104
rbtree: 70 56
rbtree: 48 106
rbtree: 54 54
rbtree: 24 110
rbtree: 84 54
rbtree: 30 118
rbtree: 22 56
rbtree: 86 194
rbtree: 26 58
rbtree: 44 120
rbtree: 52 54
rbtree: 48 106
rbtree: 50 54
rbtree: 40 106
rbtree: 24 54
rbtree: 30 130
rbtree: 66 60
rbtree: 16 102
rbtree: 36 92
rbtree: 32 72
rbtree: 66 54
rbtree: 28 102
rbtree: 30 54
rbtree: 26 140
rbtree: 60 56
rbtree: 34 102
rbtree: 52 54
rbtree: 34 126
rbtree: 32 58
rbtree: 42 116
rbtree: 32 52
rbtree: 48 104
rbtree: 26 54
rbtree: 44 120
rbtree: 20 54
rbtree: 22 126
rbtree: 44 54
rbtree: 32 116
rbtree: 16 54
rbtree: 46 162
rbtree: 58 52
rbtree: 14 62
rbtree: 72 56
rbtree: 34 128
rbtree: 48 56
rbtree: 36 104
rbtree: 64 54
rbtree: 36 110
rbtree: 58 56
rbtree: 36 104
rbtree: 58 54
rbtree: 36 128
rbtree: 40 54
rbtree: 28 102
rbtree: 26 54
rbtree: 34 136
rbtree: 44 56
rbtree: 28 104
rbtree: 32 54
rbtree: 46 122
rbtree: 32 52
rbtree: 62 116
rbtree: 16 52
rbtree: 34 106
rbtree: 36 54
rbtree: 76 120
rbtree: 32 54
rbtree: 36 126
rbtree: 32 56
rbtree: 116 116
rbtree: 24 54
rbtree: 58 180
rbtree: 40 96
rbtree: 16 102
rbtree: 34 98
rbtree: 22 122
rbtree: 32 52
rbtree: 58 94
rbtree: 24 56
rbtree: 44 134
rbtree: 52 52
rbtree: 16 64
rbtree: 66 52
rbtree: 16 112
rbtree: 62 54
rbtree: 34 100
rbtree: 16 54
rbtree: 86 136
rbtree: 26 94
rbtree: 22 100
rbtree: 36 54
rbtree: 16 76
rbtree: 52 90
rbtree: 22 102
rbtree: 22 54
rbtree: 56 136
rbtree: 56 94
rbtree: 24 62
rbtree: 30 52
rbtree: 36 72
rbtree: 68 54
rbtree: 18 96
rbtree: 16 58
rbtree: 72 160
rbtree: 30 56
rbtree: 50 118
rbtree: 16 96
rbtree: 24 72
rbtree: 64 54
rbtree: 16 104
rbtree: 86 56
rbtree: 36 138
rbtree: 76 50
rbtree: 18 98
rbtree: 32 54
rbtree: 42 126
rbtree: 34 54
rbtree: 74 116
rbtree: 24 54
rbtree: 50 108
rbtree: 24 52
rbtree: 16 64
rbtree: 34 54
rbtree: 42 106
rbtree: 32 54
rbtree: 94 116
rbtree: 22 54
rbtree: 62 130
rbtree: 24 54
rbtree: 48 116
rbtree: 92 56
rbtree: 22 130
rbtree: 62 56
rbtree: 30 102
rbtree: 70 54
rbtree: 26 220
rbtree: 32 110
rbtree: 24 152
rbtree: 46 96
rbtree: 54 146
rbtree: 32 56
rbtree: 48 118
rbtree: 78 56
rbtree: 32 158
rbtree: 44 60
rbtree: 36 124
rbtree: 56 58
rbtree: 94 126
rbtree: 24 96
rbtree: 34 120
rbtree: 34 112
rbtree: 32 126
rbtree: 42 98
rbtree: 24 106
rbtree: 38 96
rbtree: 32 148
rbtree: 52 102
rbtree: 54 122
rbtree: 30 102
rbtree: 44 136
rbtree: 32 58
rbtree: 54 120
rbtree: 36 108
rbtree: 32 112
rbtree: 48 102
rbtree: 32 104
rbtree: 74 100
rbtree: 22 208
rbtree: 24 58
rbtree: 18 120
rbtree: 34 58
rbtree: 172 148
rbtree: 30 94
rbtree: 70 136
rbtree: 16 110
rbtree: 24 168
rbtree: 78 96
rbtree: 24 106
rbtree: 40 54
rbtree: 36 146
rbtree: 30 52
rbtree: 56 116
rbtree: 32 54
rbtree: 46 128
rbtree: 82 56
rbtree: 16 102
rbtree: 40 54
rbtree: 16 128
rbtree: 68 56
rbtree: 24 102
rbtree: 52 54
rbtree: 28 122
rbtree: 16 52
rbtree: 26 66
rbtree: 52 96
rbtree: 48 110
rbtree: 34 52
rbtree: 44 118
rbtree: 34 54
rbtree: 46 186
rbtree: 22 54
rbtree: 42 118
rbtree: 26 52
rbtree: 26 106
rbtree: 60 56
rbtree: 74 118
rbtree: 30 54
rbtree: 34 166
rbtree: 52 54
rbtree: 78 96
rbtree: 22 52
rbtree: 42 132
rbtree: 44 56
rbtree: 26 62
rbtree: 46 56
rbtree: 116 158
rbtree: 22 56
rbtree: 60 98
rbtree: 24 52
rbtree: 26 146
rbtree: 16 54
rbtree: 24 64
rbtree: 62 92
rbtree: 100 146
rbtree: 22 54
rbtree: 40 116
rbtree: 20 52
rbtree: 34 130
rbtree: 70 64
rbtree: 30 102
rbtree: 46 54
rbtree: 68 182
rbtree: 34 54
rbtree: 66 118
rbtree: 28 56
rbtree: 28 110
rbtree: 54 54
rbtree: 36 116
rbtree: 52 54
rbtree: 36 146
rbtree: 34 50
rbtree: 36 98
rbtree: 78 90
rbtree: 24 122
rbtree: 30 56
rbtree: 16 102
rbtree: 84 52
rbtree: 24 166
rbtree: 50 54
rbtree: 28 106
rbtree: 38 50
rbtree: 16 116
rbtree: 50 54
rbtree: 74 116
rbtree: 34 92
rbtree: 32 140
rbtree: 48 52
rbtree: 38 102
rbtree: 16 56
rbtree: 66 126
rbtree: 32 56
rbtree: 42 98
rbtree: 16 56
rbtree: 80 172
rbtree: 24 120
rbtree: 52 134
rbtree: 24 114
rbtree: 30 146
rbtree: 26 102
rbtree: 58 108
rbtree: 22 58
rbtree: 58 140
rbtree: 26 54
rbtree: 52 108
rbtree: 24 58
rbtree: 34 128
rbtree: 32 56
rbtree: 50 66
rbtree: 24 56
rbtree: 56 148
rbtree: 24 60
rbtree: 62 108
rbtree: 24 60
rbtree: 50 130
rbtree: 30 56
rbtree: 48 108
rbtree: 70 100
rbtree: 30 142
rbtree: 56 100
rbtree: 22 104
rbtree: 94 102
rbtree: 24 200
rbtree: 32 98
rbtree: 32 120
rbtree: 72 96
rbtree: 66 180
rbtree: 22 58
rbtree: 48 108
rbtree: 24 100
rbtree: 24 130
rbtree: 16 96
rbtree: 24 120
rbtree: 64 98
rbtree: 40 158
rbtree: 36 74
rbtree: 54 124
rbtree: 30 56
rbtree: 16 148
rbtree: 56 58
rbtree: 28 66
rbtree: 42 54
rbtree: 88 148
rbtree: 32 58
rbtree: 56 108
rbtree: 32 56
rbtree: 32 128
rbtree: 50 100
rbtree: 24 102
rbtree: 54 100
rbtree: 32 154
rbtree: 48 98
rbtree: 26 96
rbtree: 26 56
rbtree: 56 114
rbtree: 24 78
rbtree: 36 100
rbtree: 42 60
rbtree: 16 210
rbtree: 72 98
rbtree: 32 122
rbtree: 58 100
rbtree: 26 126
rbtree: 44 98
rbtree: 128 100
rbtree: 34 56
rbtree: 64 112
rbtree: 22 94
rbtree: 26 104
rbtree: 40 100
rbtree: 24 78
rbtree: 74 58
rbtree: 24 106
rbtree: 62 100
rbtree: 24 144
rbtree: 20 102
rbtree: 36 100
rbtree: 58 98
rbtree: 28 114
rbtree: 52 58
rbtree: 54 98
rbtree: 36 56
rbtree: 74 142
rbtree: 60 98
rbtree: 24 102
rbtree: 38 98
rbtree: 24 146
rbtree: 16 100
rbtree: 28 64
rbtree: 72 60
rbtree: 34 182
rbtree: 60 56
rbtree: 22 100
rbtree: 52 96
rbtree: 40 148
rbtree: 24 56
rbtree: 42 68
rbtree: 14 56
rbtree: 64 144
rbtree: 24 58
rbtree: 54 68
rbtree: 16 102
rbtree: 16 132
rbtree: 56 102
rbtree: 28 70
rbtree: 34 60
rbtree: 52 164
rbtree: 24 58
rbtree: 42 66
rbtree: 14 58
rbtree: 70 144
rbtree: 24 60
rbtree: 46 64
rbtree: 34 60
rbtree: 72 144
rbtree: 26 58
rbtree: 60 104
rbtree: 40 58
rbtree: 30 138
rbtree: 26 62
rbtree: 58 106
rbtree: 16 54
rbtree: 64 196
rbtree: 34 110
rbtree: 34 140
rbtree: 52 100
rbtree: 22 114
rbtree: 96 102
rbtree: 36 68
rbtree: 60 100
rbtree: 26 136
rbtree: 32 58
rbtree: 60 68
rbtree: 112 98
rbtree: 34 122
rbtree: 54 96
rbtree: 26 118
rbtree: 30 60
rbtree: 30 154
rbtree: 68 58
rbtree: 56 68
rbtree: 34 58
rbtree: 56 146
rbtree: 34 56
rbtree: 90 104
rbtree: 34 58
rbtree: 60 84
rbtree: 40 62
rbtree: 50 100
rbtree: 26 56
rbtree: 66 134
rbtree: 24 60
rbtree: 62 66
rbtree: 24 58
rbtree: 22 166
rbtree: 48 102
rbtree: 16 106
rbtree: 28 100
rbtree: 14 78
rbtree: 52 100
rbtree: 14 108
rbtree: 34 100
rbtree: 16 118
rbtree: 98 112
rbtree: 26 106
rbtree: 58 56
rbtree: 32 80
rbtree: 70 58
rbtree: 28 106
rbtree: 66 102
rbtree: 38 146
rbtree: 24 58
rbtree: 56 68
rbtree: 18 60
rbtree: 30 114
rbtree: 32 58
rbtree: 16 110
rbtree: 34 56
rbtree: 26 138
rbtree: 88 100
rbtree: 28 120
rbtree: 26 54
rbtree: 86 112
rbtree: 44 54
rbtree: 42 120
rbtree: 124 100
rbtree: 26 224
rbtree: 26 60
rbtree: 62 120
rbtree: 32 96
rbtree: 28 118
