rbtree: 118 218
rbtree: 32 134
rbtree: 120 90
rbtree: 20 122
rbtree: 158 108
rbtree: 138 128
rbtree: 16 90
rbtree: 32 136
rbtree: 106 38
rbtree: 24 100
rbtree: 68 38
rbtree: 24 176
rbtree: 80 38
rbtree: 30 86
rbtree: 136 62
rbtree: 34 114
rbtree: 126 38
rbtree: 24 88
rbtree: 80 84
rbtree: 30 172
rbtree: 32 80
rbtree: 184 100
rbtree: 16 38
rbtree: 74 122
rbtree: 14 34
rbtree: 40 100
rbtree: 36 80
rbtree: 46 102
rbtree: 20 94
rbtree: 24 92
rbtree: 90 80
rbtree: 26 110
rbtree: 80 80
rbtree: 34 86
rbtree: 64 34
rbtree: 42 146
rbtree: 26 96
rbtree: 54 104
rbtree: 24 98
rbtree: 52 114
rbtree: 24 82
rbtree: 72 88
rbtree: 28 106
rbtree: 26 136
rbtree: 88 40
rbtree: 32 104
rbtree: 48 44
rbtree: 28 98
rbtree: 88 40
rbtree: 32 92
rbtree: 100 42
rbtree: 30 128
rbtree: 30 40
rbtree: 60 102
rbtree: 24 44
rbtree: 54 114
rbtree: 20 90
rbtree: 56 106
rbtree: 16 42
rbtree: 42 118
rbtree: 30 42
rbtree: 14 90
rbtree: 44 40
rbtree: 40 116
rbtree: 48 38
rbtree: 40 90
rbtree: 128 42
rbtree: 42 152
rbtree: 90 42
rbtree: 24 106
rbtree: 38 42
rbtree: 24 98
rbtree: 40 38
rbtree: 42 90
rbtree: 88 44
rbtree: 24 118
rbtree: 62 42
rbtree: 42 48
rbtree: 78 36
rbtree: 16 114
rbtree: 24 42
rbtree: 54 104
rbtree: 32 40
rbtree: 74 140
rbtree: 26 42
rbtree: 62 104
rbtree: 138 42
rbtree: 40 94
rbtree: 74 42
rbtree: 42 90
rbtree: 22 42
rbtree: 40 130
rbtree: 26 42
rbtree: 152 106
rbtree: 30 42
rbtree: 64 126
rbtree: 16 40
rbtree: 70 110
rbtree: 24 40
rbtree: 44 200
rbtree: 22 86
rbtree: 18 100
rbtree: 88 84
rbtree: 14 124
rbtree: 70 86
rbtree: 24 106
rbtree: 68 46
rbtree: 44 144
rbtree: 16 44
rbtree: 82 116
rbtree: 16 46
rbtree: 58 114
rbtree: 24 82
rbtree: 16 112
rbtree: 28 82
rbtree: 64 148
rbtree: 24 84
rbtree: 36 110
rbtree: 36 84
rbtree: 58 116
rbtree: 16 82
rbtree: 76 108
rbtree: 26 84
rbtree: 16 96
rbtree: 74 44
rbtree: 16 108
rbtree: 100 44
rbtree: 50 116
rbtree: 14 44
rbtree: 96 108
rbtree: 34 42
rbtree: 42 170
rbtree: 16 46
rbtree: 38 106
rbtree: 28 46
rbtree: 38 100
rbtree: 16 48
rbtree: 38 108
rbtree: 16 42
rbtree: 70 96
rbtree: 14 46
rbtree: 72 108
rbtree: 72 44
rbtree: 28 122
rbtree: 94 44
rbtree: 30 94
rbtree: 16 48
rbtree: 48 124
rbtree: 26 46
rbtree: 72 106
rbtree: 28 46
rbtree: 52 114
rbtree: 88 48
rbtree: 24 94
rbtree: 54 46
rbtree: 30 110
rbtree: 28 44
rbtree: 58 110
rbtree: 64 42
rbtree: 24 130
rbtree: 48 46
rbtree: 22 104
rbtree: 16 48
rbtree: 24 224
rbtree: 34 42
rbtree: 28 92
rbtree: 96 46
rbtree: 28 120
rbtree: 38 42
rbtree: 28 90
rbtree: 68 46
rbtree: 28 70
rbtree: 76 44
rbtree: 26 92
rbtree: 58 42
rbtree: 28 130
rbtree: 28 46
rbtree: 14 96
rbtree: 34 44
rbtree: 16 118
rbtree: 66 44
rbtree: 28 94
rbtree: 64 46
rbtree: 24 116
rbtree: 26 44
rbtree: 26 96
rbtree: 110 42
rbtree: 16 126
rbtree: 38 46
rbtree: 24 96
rbtree: 14 44
rbtree: 26 102
rbtree: 46 46
rbtree: 110 104
rbtree: 28 46
rbtree: 56 172
rbtree: 16 46
rbtree: 28 56
rbtree: 52 44
rbtree: 16 122
rbtree: 40 46
rbtree: 26 56
rbtree: 14 46
rbtree: 26 142
rbtree: 100 44
rbtree: 26 94
rbtree: 68 44
rbtree: 32 118
rbtree: 56 46
rbtree: 114 92
rbtree: 26 50
rbtree: 38 120
rbtree: 18 44
rbtree: 30 52
rbtree: 68 46
rbtree: 16 128
rbtree: 14 46
rbtree: 44 88
rbtree: 68 44
rbtree: 26 104
rbtree: 40 44
rbtree: 82 88
rbtree: 26 42
rbtree: 68 132
rbtree: 24 84
rbtree: 38 54
rbtree: 26 44
rbtree: 72 212
rbtree: 22 100
rbtree: 14 106
rbtree: 68 104
rbtree: 32 148
rbtree: 28 104
rbtree: 16 92
rbtree: 78 46
rbtree: 20 146
rbtree: 48 48
rbtree: 30 96
rbtree: 84 50
rbtree: 32 120
rbtree: 50 46
rbtree: 24 90
rbtree: 16 44
rbtree: 16 158
rbtree: 62 46
rbtree: 88 90
rbtree: 24 48
rbtree: 42 136
rbtree: 28 46
rbtree: 44 92
rbtree: 16 48
rbtree: 86 158
rbtree: 28 46
rbtree: 14 100
rbtree: 42 46
rbtree: 58 140
rbtree: 24 46
rbtree: 88 114
rbtree: 30 46
rbtree: 76 172
rbtree: 70 46
rbtree: 36 98
rbtree: 60 44
rbtree: 16 118
rbtree: 14 48
rbtree: 58 112
rbtree: 32 52
rbtree: 28 132
rbtree: 56 44
rbtree: 22 110
rbtree: 14 52
rbtree: 24 126
rbtree: 214 86
rbtree: 18 112
rbtree: 72 84
rbtree: 20 134
rbtree: 48 84
rbtree: 20 94
rbtree: 94 46
rbtree: 24 102
rbtree: 42 44
rbtree: 40 108
rbtree: 16 44
rbtree: 78 154
rbtree: 26 46
rbtree: 30 54
rbtree: 42 42
rbtree: 14 120
rbtree: 20 88
rbtree: 46 86
rbtree: 24 44
rbtree: 26 154
rbtree: 22 90
rbtree: 88 114
rbtree: 24 86
rbtree: 68 134
rbtree: 28 84
rbtree: 90 92
rbtree: 26 88
rbtree: 62 140
rbtree: 26 48
rbtree: 66 110
rbtree: 48 46
rbtree: 24 116
rbtree: 70 46
rbtree: 14 94
rbtree: 50 48
rbtree: 16 116
rbtree: 52 46
rbtree: 92 94
rbtree: 16 50
rbtree: 44 114
rbtree: 26 46
rbtree: 42 90
rbtree: 20 46
rbtree: 110 158
rbtree: 24 50
rbtree: 26 56
rbtree: 58 44
rbtree: 32 100
rbtree: 26 48
rbtree: 84 98
rbtree: 16 48
rbtree: 16 158
rbtree: 22 74
rbtree: 48 96
rbtree: 48 46
rbtree: 20 118
rbtree: 16 48
rbtree: 46 56
rbtree: 16 48
rbtree: 50 160
rbtree: 44 88
rbtree: 30 96
rbtree: 66 46
rbtree: 92 96
rbtree: 32 56
rbtree: 56 110
rbtree: 16 48
rbtree: 58 158
rbtree: 24 46
rbtree: 42 108
rbtree: 24 50
rbtree: 48 102
rbtree: 26 46
rbtree: 46 58
rbtree: 36 48
rbtree: 72 158
rbtree: 26 88
rbtree: 14 98
rbtree: 52 48
rbtree: 30 68
rbtree: 44 48
rbtree: 14 60
rbtree: 46 52
rbtree: 14 200
rbtree: 72 48
rbtree: 28 58
rbtree: 52 48
rbtree: 54 104
rbtree: 24 52
rbtree: 38 94
rbtree: 26 46
rbtree: 36 114
rbtree: 24 50
rbtree: 74 110
rbtree: 28 52
rbtree: 16 120
rbtree: 38 44
rbtree: 40 60
rbtree: 32 48
rbtree: 14 146
rbtree: 80 46
rbtree: 14 56
rbtree: 52 52
rbtree: 42 102
rbtree: 28 44
rbtree: 42 58
rbtree: 48 50
rbtree: 42 126
rbtree: 66 48
rbtree: 42 58
rbtree: 58 50
rbtree: 42 122
rbtree: 32 48
rbtree: 42 58
rbtree: 88 46
rbtree: 42 174
rbtree: 94 48
rbtree: 26 58
rbtree: 76 46
rbtree: 28 114
rbtree: 24 48
rbtree: 54 100
rbtree: 38 52
rbtree: 36 138
rbtree: 60 46
rbtree: 24 110
rbtree: 58 68
rbtree: 14 120
rbtree: 94 48
rbtree: 30 94
rbtree: 34 44
rbtree: 70 166
rbtree: 74 48
rbtree: 34 96
rbtree: 42 46
rbtree: 36 122
rbtree: 30 48
rbtree: 88 94
rbtree: 16 48
rbtree: 68 124
rbtree: 38 48
rbtree: 16 60
rbtree: 40 50
rbtree: 78 134
rbtree: 16 48
rbtree: 64 90
rbtree: 32 48
rbtree: 56 232
rbtree: 30 90
rbtree: 48 94
rbtree: 50 96
rbtree: 28 120
rbtree: 62 92
rbtree: 16 92
rbtree: 24 94
rbtree: 60 162
rbtree: 86 112
rbtree: 28 100
rbtree: 62 50
rbtree: 32 136
rbtree: 34 52
rbtree: 44 100
rbtree: 66 52
rbtree: 28 156
rbtree: 40 48
rbtree: 22 92
rbtree: 14 92
rbtree: 36 112
rbtree: 62 96
rbtree: 120 96
rbtree: 24 94
rbtree: 54 166
rbtree: 22 52
rbtree: 16 92
rbtree: 36 54
rbtree: 60 136
rbtree: 24 94
rbtree: 66 96
rbtree: 16 88
rbtree: 58 184
rbtree: 24 54
rbtree: 46 60
rbtree: 58 96
rbtree: 24 126
rbtree: 40 96
rbtree: 34 114
rbtree: 42 50
rbtree: 24 166
rbtree: 46 50
rbtree: 42 94
rbtree: 36 94
rbtree: 52 124
rbtree: 36 92
rbtree: 136 60
rbtree: 24 48
rbtree: 60 168
rbtree: 28 94
rbtree: 36 102
rbtree: 30 54
rbtree: 90 108
rbtree: 16 50
rbtree: 56 100
rbtree: 40 50
rbtree: 30 146
rbtree: 36 50
rbtree: 40 100
rbtree: 24 48
rbtree: 26 108
rbtree: 30 56
rbtree: 68 120
rbtree: 28 52
rbtree: 26 166
rbtree: 36 54
rbtree: 114 98
rbtree: 34 52
rbtree: 72 122
rbtree: 32 48
rbtree: 26 102
rbtree: 52 96
rbtree: 36 78
rbtree: 90 90
rbtree: 34 100
rbtree: 118 92
rbtree: 38 128
rbtree: 58 94
rbtree: 14 96
rbtree: 36 54
rbtree: 26 154
rbtree: 26 52
rbtree: 80 58
rbtree: 24 52
rbtree: 60 72
rbtree: 26 54
rbtree: 26 102
rbtree: 46 94
rbtree: 20 130
rbtree: 76 50
rbtree: 14 96
rbtree: 38 52
rbtree: 54 120
rbtree: 94 52
rbtree: 36 102
rbtree: 40 48
rbtree: 34 204
rbtree: 38 50
rbtree: 54 98
rbtree: 28 58
rbtree: 54 100
rbtree: 96 50
rbtree: 22 102
rbtree: 22 104
rbtree: 54 162
rbtree: 58 52
rbtree: 24 64
rbtree: 62 52
rbtree: 24 128
rbtree: 40 58
rbtree: 24 58
rbtree: 64 50
rbtree: 40 168
rbtree: 24 48
rbtree: 50 96
rbtree: 24 54
rbtree: 38 118
rbtree: 66 52
rbtree: 32 60
rbtree: 56 50
rbtree: 34 132
rbtree: 38 52
rbtree: 36 100
rbtree: 78 48
rbtree: 24 74
rbtree: 44 50
rbtree: 24 60
rbtree: 52 50
rbtree: 28 242
rbtree: 16 50
rbtree: 28 98
rbtree: 58 50
rbtree: 36 106
rbtree: 44 52
rbtree: 36 106
rbtree: 38 50
rbtree: 28 112
rbtree: 64 48
rbtree: 24 98
rbtree: 36 52
rbtree: 56 100
rbtree: 24 48
rbtree: 44 114
rbtree: 48 96
rbtree: 28 146
rbtree: 58 50
rbtree: 72 124
rbtree: 26 50
rbtree: 46 122
rbtree: 36 50
rbtree: 56 118
rbtree: 36 50
rbtree: 96 148
rbtree: 28 48
rbtree: 48 116
rbtree: 34 94
rbtree: 72 100
rbtree: 38 50
rbtree: 40 116
rbtree: 28 50
rbtree: 102 198
rbtree: 36 52
rbtree: 48 64
rbtree: 26 50
rbtree: 34 94
rbtree: 52 94
rbtree: 22 58
rbtree: 88 90
rbtree: 24 130
rbtree: 58 52
rbtree: 22 60
rbtree: 74 48
rbtree: 44 100
rbtree: 30 112
rbtree: 32 60
rbtree: 120 52
rbtree: 24 124
rbtree: 56 50
rbtree: 42 114
rbtree: 18 48
rbtree: 34 74
rbtree: 50 48
rbtree: 24 60
rbtree: 26 50
rbtree: 24 78
rbtree: 54 56
rbtree: 40 118
rbtree: 16 50
rbtree: 62 118
rbtree: 24 50
rbtree: 72 114
rbtree: 40 92
rbtree: 16 170
rbtree: 58 50
rbtree: 24 100
rbtree: 32 86
rbtree: 66 104
rbtree: 36 50
rbtree: 58 114
rbtree: 50 50
rbtree: 16 130
rbtree: 56 52
rbtree: 34 114
rbtree: 20 110
rbtree: 38 108
rbtree: 62 50
rbtree: 40 92
rbtree: 28 52
rbtree: 28 174
rbtree: 32 52
rbtree: 72 96
rbtree: 16 94
rbtree: 28 106
rbtree: 48 52
rbtree: 14 100
rbtree: 62 48
rbtree: 36 78
rbtree: 74 50
rbtree: 26 94
rbtree: 28 52
rbtree: 40 100
rbtree: 28 54
rbtree: 28 62
rbtree: 26 50
rbtree: 48 190
rbtree: 32 94
rbtree: 24 100
rbtree: 44 48
rbtree: 26 108
rbtree: 76 50
rbtree: 26 100
rbtree: 58 50
rbtree: 28 116
rbtree: 42 50
rbtree: 90 94
rbtree: 22 50
rbtree: 46 120
rbtree: 14 54
rbtree: 64 96
rbtree: 26 50
rbtree: 26 188
rbtree: 28 52
rbtree: 38 96
rbtree: 56 94
rbtree: 16 106
rbtree: 44 56
rbtree: 92 100
rbtree: 30 50
rbtree: 58 172
rbtree: 36 54
rbtree: 52 100
rbtree: 68 50
rbtree: 26 108
rbtree: 34 52
rbtree: 24 60
rbtree: 36 50
rbtree: 16 210
rbtree: 38 92
rbtree: 28 114
rbtree: 50 92
rbtree: 60 136
rbtree: 30 112
rbtree: 40 100
rbtree: 28 94
rbtree: 52 150
rbtree: 26 108
rbtree: 40 64
rbtree: 50 98
rbtree: 36 122
rbtree: 72 98
rbtree: 20 148
rbtree: 26 58
rbtree: 16 176
rbtree: 24 54
rbtree: 180 112
rbtree: 24 92
rbtree: 54 134
rbtree: 22 96
rbtree: 22 102
rbtree: 90 50
rbtree: 26 148
rbtree: 38 52
rbtree: 34 98
rbtree: 26 52
rbtree: 58 118
rbtree: 28 50
rbtree: 46 98
rbtree: 114 52
rbtree: 16 144
rbtree: 44 54
rbtree: 34 104
rbtree: 92 50
rbtree: 24 108
rbtree: 52 50
rbtree: 28 60
rbtree: 26 50
rbtree: 26 130
rbtree: 38 94
rbtree: 52 96
rbtree: 28 54
rbtree: 44 118
rbtree: 36 50
rbtree: 26 94
rbtree: 24 48
rbtree: 60 162
rbtree: 16 50
rbtree: 28 102
rbtree: 46 48
rbtree: 80 120
rbtree: 28 50
rbtree: 32 94
rbtree: 58 52
rbtree: 54 164
rbtree: 36 52
rbtree: 30 96
rbtree: 46 92
rbtree: 28 112
rbtree: 40 54
rbtree: 94 94
rbtree: 24 52
rbtree: 64 218
rbtree: 22 52
rbtree: 24 96
rbtree: 44 94
rbtree: 24 124
rbtree: 46 90
rbtree: 78 96
rbtree: 24 94
rbtree: 60 164
rbtree: 54 92
rbtree: 26 100
rbtree: 36 54
rbtree: 34 110
rbtree: 44 52
rbtree: 76 96
rbtree: 28 52
rbtree: 72 186
rbtree: 30 52
rbtree: 24 104
rbtree: 46 50
rbtree: 58 116
rbtree: 32 52
rbtree: 36 60
rbtree: 30 52
rbtree: 84 164
rbtree: 14 48
rbtree: 28 64
rbtree: 86 52
rbtree: 24 76
rbtree: 52 52
rbtree: 28 62
rbtree: 42 48
rbtree: 16 168
rbtree: 36 50
rbtree: 68 96
rbtree: 32 50
rbtree: 36 106
rbtree: 44 54
rbtree: 46 62
rbtree: 16 50
rbtree: 82 164
rbtree: 34 48
rbtree: 42 96
rbtree: 28 52
rbtree: 92 118
rbtree: 34 50
rbtree: 64 60
rbtree: 26 94
rbtree: 30 186
rbtree: 24 52
rbtree: 40 102
rbtree: 24 52
rbtree: 66 108
rbtree: 24 50
rbtree: 44 60
rbtree: 26 54
rbtree: 46 134
rbtree: 24 56
rbtree: 68 60
rbtree: 26 50
rbtree: 44 130
rbtree: 34 52
rbtree: 46 62
rbtree: 28 54
rbtree: 50 170
rbtree: 30 94
rbtree: 50 132
rbtree: 56 92
rbtree: 30 128
rbtree: 54 92
rbtree: 32 120
rbtree: 108 90
rbtree: 20 184
rbtree: 36 56
rbtree: 30 102
rbtree: 48 54
rbtree: 52 106
rbtree: 24 58
rbtree: 38 120
rbtree: 24 54
rbtree: 16 158
rbtree: 32 54
rbtree: 54 120
rbtree: 22 58
rbtree: 24 112
rbtree: 50 58
rbtree: 60 120
rbtree: 22 58
rbtree: 52 170
rbtree: 24 56
rbtree: 48 118
rbtree: 100 58
rbtree: 36 78
rbtree: 62 58
rbtree: 44 104
rbtree: 34 56
rbtree: 52 172
rbtree: 24 56
rbtree: 60 124
rbtree: 36 58
rbtree: 54 126
rbtree: 30 60
rbtree: 24 104
rbtree: 50 54
rbtree: 22 140
rbtree: 46 56
rbtree: 56 118
rbtree: 36 58
rbtree: 72 128
rbtree: 24 56
rbtree: 52 116
rbtree: 28 58
rbtree: 44 162
rbtree: 98 100
rbtree: 38 106
rbtree: 56 54
rbtree: 30 110
rbtree: 64 54
rbtree: 30 106
rbtree: 48 98
rbtree: 24 144
rbtree: 50 102
rbtree: 38 116
rbtree: 28 100
rbtree: 16 112
rbtree: 50 58
rbtree: 16 104
rbtree: 46 54
rbtree: 58 164
rbtree: 24 58
rbtree: 36 120
rbtree: 76 98
rbtree: 24 128
rbtree: 38 100
rbtree: 24 106
rbtree: 14 98
rbtree: 36 150
rbtree: 46 98
rbtree: 30 120
rbtree: 56 98
rbtree: 24 108
rbtree: 20 56
rbtree: 42 66
rbtree: 14 56
rbtree: 48 142
rbtree: 24 54
rbtree: 48 116
rbtree: 24 56
rbtree: 64 130
rbtree: 16 56
rbtree: 36 122
rbtree: 52 102
rbtree: 44 134
rbtree: 24 54
rbtree: 52 116
rbtree: 16 58
rbtree: 42 116
rbtree: 24 54
rbtree: 26 102
rbtree: 36 60
rbtree: 40 148
rbtree: 36 58
rbtree: 78 120
rbtree: 30 56
rbtree: 60 116
rbtree: 24 94
rbtree: 30 66
rbtree: 26 60
rbtree: 28 86
rbtree: 30 58
rbtree: 64 118
rbtree: 32 58
rbtree: 42 114
rbtree: 36 54
rbtree: 68 120
rbtree: 30 56
rbtree: 58 164
rbtree: 30 58
rbtree: 36 132
rbtree: 58 98
rbtree: 88 114
rbtree: 34 56
rbtree: 62 108
rbtree: 24 98
rbtree: 16 132
rbtree: 28 58
rbtree: 54 100
rbtree: 50 98
rbtree: 26 82
rbtree: 74 94
rbtree: 34 120
rbtree: 98 98
rbtree: 36 200
rbtree: 58 100
rbtree: 30 110
rbtree: 34 102
rbtree: 30 76
rbtree: 82 102
rbtree: 24 110
rbtree: 68 100
rbtree: 16 150
rbtree: 44 100
rbtree: 14 104
rbtree: 58 100
rbtree: 28 76
rbtree: 56 98
rbtree: 16 104
rbtree: 34 98
rbtree: 16 164
rbtree: 142 100
rbtree: 30 104
rbtree: 38 56
rbtree: 32 114
rbtree: 54 100
rbtree: 34 106
rbtree: 46 54
rbtree: 34 122
rbtree: 26 56
rbtree: 72 118
rbtree: 14 58
rbtree: 28 130
rbtree: 52 96
rbtree: 28 118
rbtree: 28 100
rbtree: 28 168
rbtree: 56 100
rbtree: 30 104
rbtree: 16 56
rbtree: 70 136
rbtree: 24 56
rbtree: 46 98
rbtree: 48 96
rbtree: 20 116
rbtree: 26 56
rbtree: 72 106
rbtree: 44 96
rbtree: 24 116
rbtree: 50 98
rbtree: 68 104
rbtree: 24 56
rbtree: 48 160
rbtree: 28 60
rbtree: 28 104
rbtree: 62 96
rbtree: 32 132
rbtree: 24 54
rbtree: 38 104
rbtree: 50 94
rbtree: 30 144
rbtree: 34 92
rbtree: 68 104
rbtree: 42 100
rbtree: 30 136
rbtree: 52 100
rbtree: 32 68
rbtree: 88 98
rbtree: 26 192
rbtree: 42 56
rbtree: 30 106
rbtree: 48 58
rbtree: 30 114
