rbtree: 208 86
rbtree: 72 16
rbtree: 24 16
rbtree: 20 16
rbtree: 20 16
rbtree: 20 16
rbtree: 20 18
rbtree: 18 18
rbtree: 16 16
rbtree: 16 16
rbtree: 18 18
rbtree: 16 16
rbtree: 14 22
rbtree: 14 18
rbtree: 18 16
rbtree: 18 18
rbtree: 16 18
rbtree: 18 16
rbtree: 16 16
rbtree: 16 16
rbtree: 18 20
rbtree: 16 16
rbtree: 16 16
rbtree: 18 16
rbtree: 18 16
rbtree: 18 16
rbtree: 18 16
rbtree: 16 14
rbtree: 16 56
rbtree: 14 16
rbtree: 16 18
rbtree: 18 16
rbtree: 18 16
rbtree: 20 16
rbtree: 16 18
rbtree: 16 16
rbtree: 18 22
rbtree: 16 18
rbtree: 16 16
rbtree: 16 16
rbtree: 16 16
rbtree: 18 18
rbtree: 20 16
rbtree: 18 16
rbtree: 20 20
rbtree: 16 16
rbtree: 16 16
rbtree: 18 16
rbtree: 16 16
rbtree: 18 16
rbtree: 16 16
rbtree: 16 16
rbtree: 18 50
rbtree: 16 16
rbtree: 18 16
rbtree: 16 16
rbtree: 16 16
rbtree: 16 16
rbtree: 18 18
rbtree: 16 16
rbtree: 18 60
rbtree: 16 18
rbtree: 16 16
rbtree: 18 16
rbtree: 16 16
rbtree: 16 16
rbtree: 18 16
rbtree: 16 44
rbtree: 16 48
rbtree: 16 16
rbtree: 18 16
rbtree: 16 16
rbtree: 16 16
rbtree: 18 16
rbtree: 16 16
rbtree: 18 16
rbtree: 16 18
rbtree: 14 16
rbtree: 18 14
rbtree: 18 20
rbtree: 16 14
rbtree: 16 18
rbtree: 18 16
rbtree: 18 18
rbtree: 18 20
rbtree: 16 16
rbtree: 18 18
rbtree: 18 16
rbtree: 18 16
rbtree: 18 14
rbtree: 18 16
rbtree: 16 16
rbtree: 14 18
rbtree: 18 16
rbtree: 20 18
rbtree: 18 16
rbtree: 20 16
rbtree: 18 18
rbtree: 16 18
rbtree: 16 16
rbtree: 16 18
rbtree: 18 18
rbtree: 18 16
rbtree: 16 16
rbtree: 18 18
rbtree: 16 16
rbtree: 18 16
rbtree: 18 16
rbtree: 16 18
rbtree: 20 16
rbtree: 18 16
rbtree: 18 16
rbtree: 18 16
rbtree: 20 16
rbtree: 18 16
rbtree: 18 18
rbtree: 18 20
rbtree: 16 16
rbtree: 16 18
rbtree: 16 18
rbtree: 16 16
rbtree: 20 16
rbtree: 18 18
rbtree: 16 16
rbtree: 18 18
rbtree: 16 16
rbtree: 20 16
rbtree: 18 16
rbtree: 18 18
rbtree: 20 16
rbtree: 18 16
rbtree: 16 16
rbtree: 16 18
rbtree: 18 16
rbtree: 18 16
rbtree: 16 16
rbtree: 20 16
rbtree: 16 14
rbtree: 16 16
rbtree: 16 16
rbtree: 16 20
rbtree: 14 16
rbtree: 18 16
rbtree: 16 16
rbtree: 18 16
rbtree: 18 16
rbtree: 20 16
rbtree: 18 16
rbtree: 16 20
rbtree: 16 18
rbtree: 18 16
rbtree: 16 14
rbtree: 16 16
rbtree: 18 16
rbtree: 20 16
rbtree: 18 16
rbtree: 18 20
rbtree: 16 16
rbtree: 16 18
rbtree: 18 16
rbtree: 18 16
rbtree: 20 16
rbtree: 20 16
rbtree: 16 16
rbtree: 18 22
rbtree: 16 16
rbtree: 18 16
rbtree: 18 18
rbtree: 16 16
rbtree: 18 16
rbtree: 16 16
rbtree: 16 14
rbtree: 16 18
rbtree: 18 22
rbtree: 16 18
rbtree: 18 16
rbtree: 18 16
rbtree: 18 16
rbtree: 16 16
rbtree: 16 18
rbtree: 16 20
rbtree: 18 18
rbtree: 18 16
rbtree: 20 16
rbtree: 16 16
rbtree: 18 18
rbtree: 16 14
rbtree: 18 14
rbtree: 18 20
rbtree: 18 16
rbtree: 20 16
rbtree: 16 18
rbtree: 16 18
rbtree: 16 16
rbtree: 18 20
rbtree: 16 16
rbtree: 18 20
rbtree: 16 18
rbtree: 14 16
rbtree: 18 18
rbtree: 16 14
rbtree: 20 16
rbtree: 16 16
rbtree: 16 16
rbtree: 16 20
rbtree: 16 18
rbtree: 18 16
rbtree: 18 16
rbtree: 16 16
rbtree: 18 16
rbtree: 18 18
rbtree: 16 18
rbtree: 16 20
rbtree: 16 18
rbtree: 18 14
rbtree: 18 16
rbtree: 18 16
rbtree: 16 16
rbtree: 16 16
rbtree: 18 16
rbtree: 16 18
rbtree: 20 16
rbtree: 18 18
rbtree: 16 16
rbtree: 18 16
rbtree: 18 18
rbtree: 18 16
rbtree: 20 16
rbtree: 16 18
rbtree: 18 16
rbtree: 18 16
rbtree: 16 16
rbtree: 16 16
rbtree: 18 16
rbtree: 16 18
rbtree: 20 16
rbtree: 18 18
rbtree: 20 16
rbtree: 18 18
rbtree: 16 16
rbtree: 18 16
rbtree: 18 16
rbtree: 18 16
rbtree: 16 16
rbtree: 18 22
rbtree: 16 18
rbtree: 18 16
rbtree: 18 16
rbtree: 16 16
rbtree: 16 16
rbtree: 18 16
rbtree: 16 16
rbtree: 16 18
rbtree: 18 16
rbtree: 18 16
rbtree: 18 18
rbtree: 16 16
rbtree: 16 16
rbtree: 18 16
rbtree: 16 18
rbtree: 16 18
rbtree: 16 18
rbtree: 20 16
rbtree: 16 16
rbtree: 18 16
rbtree: 16 16
rbtree: 18 16
rbtree: 18 18
rbtree: 16 22
rbtree: 16 16
rbtree: 18 16
rbtree: 18 18
rbtree: 16 18
rbtree: 18 18
rbtree: 18 18
rbtree: 18 16
rbtree: 18 22
rbtree: 16 16
rbtree: 18 18
rbtree: 16 16
rbtree: 16 16
rbtree: 16 14
rbtree: 18 16
rbtree: 16 16
rbtree: 18 20
rbtree: 16 16
rbtree: 18 16
rbtree: 18 18
rbtree: 16 16
rbtree: 20 18
rbtree: 18 18
rbtree: 16 18
rbtree: 16 20
rbtree: 18 16
rbtree: 18 16
rbtree: 18 18
rbtree: 20 14
rbtree: 18 14
rbtree: 16 16
rbtree: 18 16
rbtree: 16 22
rbtree: 16 14
rbtree: 18 16
rbtree: 16 18
rbtree: 18 16
rbtree: 18 18
rbtree: 16 18
rbtree: 16 18
rbtree: 16 24
rbtree: 14 16
rbtree: 16 16
rbtree: 16 16
rbtree: 16 22
rbtree: 16 18
rbtree: 20 16
rbtree: 18 18
rbtree: 20 20
rbtree: 16 16
rbtree: 16 16
rbtree: 16 16
rbtree: 16 16
rbtree: 18 16
rbtree: 18 18
rbtree: 16 16
rbtree: 16 18
rbtree: 16 18
rbtree: 16 18
rbtree: 16 14
rbtree: 16 16
rbtree: 18 14
rbtree: 16 16
rbtree: 18 18
rbtree: 16 22
rbtree: 16 16
rbtree: 18 16
rbtree: 18 18
rbtree: 18 16
rbtree: 18 16
rbtree: 16 18
rbtree: 16 16
rbtree: 16 16
rbtree: 20 16
rbtree: 18 18
rbtree: 16 16
rbtree: 16 16
rbtree: 18 18
rbtree: 20 16
rbtree: 18 16
rbtree: 16 18
rbtree: 18 16
rbtree: 20 14
rbtree: 18 16
rbtree: 16 16
rbtree: 16 16
rbtree: 18 18
rbtree: 18 16
rbtree: 18 22
rbtree: 16 16
rbtree: 16 14
rbtree: 18 16
rbtree: 16 18
rbtree: 18 16
rbtree: 18 16
rbtree: 16 16
rbtree: 18 16
rbtree: 18 18
rbtree: 18 16
rbtree: 20 16
rbtree: 16 18
rbtree: 16 18
rbtree: 18 18
rbtree: 16 16
rbtree: 16 18
rbtree: 18 16
rbtree: 18 16
rbtree: 18 16
rbtree: 18 16
rbtree: 16 16
rbtree: 18 16
rbtree: 16 18
rbtree: 16 18
rbtree: 16 16
rbtree: 18 18
rbtree: 16 16
rbtree: 18 16
rbtree: 16 16
rbtree: 18 18
rbtree: 18 16
rbtree: 16 20
rbtree: 18 14
rbtree: 18 20
rbtree: 16 16
rbtree: 16 16
rbtree: 18 16
rbtree: 16 16
rbtree: 20 18
rbtree: 16 20
rbtree: 16 16
rbtree: 18 16
rbtree: 16 16
rbtree: 16 16
rbtree: 18 16
rbtree: 20 16
rbtree: 16 18
rbtree: 18 18
rbtree: 16 16
rbtree: 18 16
rbtree: 18 16
rbtree: 16 16
rbtree: 20 16
rbtree: 18 16
rbtree: 16 18
rbtree: 16 24
rbtree: 16 16
rbtree: 16 18
rbtree: 18 18
rbtree: 16 16
rbtree: 18 16
rbtree: 18 18
rbtree: 16 16
rbtree: 16 24
rbtree: 16 16
rbtree: 18 16
rbtree: 16 16
rbtree: 18 16
rbtree: 18 16
rbtree: 16 14
rbtree: 18 16
rbtree: 16 24
rbtree: 16 16
rbtree: 16 20
rbtree: 16 16
rbtree: 16 18
rbtree: 18 16
rbtree: 20 16
rbtree: 18 18
rbtree: 20 18
rbtree: 16 16
rbtree: 16 16
rbtree: 16 16
rbtree: 16 16
rbtree: 16 16
rbtree: 18 18
rbtree: 16 16
rbtree: 18 16
rbtree: 20 16
rbtree: 18 18
rbtree: 18 14
rbtree: 16 18
rbtree: 18 16
rbtree: 16 18
rbtree: 16 14
rbtree: 16 20
rbtree: 18 18
rbtree: 18 16
rbtree: 18 18
rbtree: 18 14
rbtree: 18 16
rbtree: 18 16
rbtree: 16 16
rbtree: 16 18
rbtree: 20 16
rbtree: 18 18
rbtree: 16 18
rbtree: 16 16
rbtree: 18 16
rbtree: 16 16
rbtree: 18 14
rbtree: 16 22
rbtree: 16 16
rbtree: 20 16
rbtree: 16 14
rbtree: 16 16
rbtree: 16 16
rbtree: 18 16
rbtree: 18 16
rbtree: 18 20
rbtree: 16 16
rbtree: 16 16
rbtree: 16 16
rbtree: 16 14
rbtree: 18 16
rbtree: 18 18
rbtree: 16 16
rbtree: 16 20
rbtree: 16 14
rbtree: 20 16
rbtree: 18 16
rbtree: 16 16
rbtree: 18 16
rbtree: 20 18
rbtree: 16 16
rbtree: 16 50
rbtree: 16 14
rbtree: 18 16
rbtree: 18 16
rbtree: 18 16
rbtree: 18 16
rbtree: 18 16
rbtree: 16 16
rbtree: 16 48
rbtree: 16 16
rbtree: 20 16
rbtree: 16 16
rbtree: 18 16
rbtree: 16 16
rbtree: 18 18
rbtree: 18 16
rbtree: 16 56
rbtree: 20 16
rbtree: 16 18
rbtree: 18 16
rbtree: 18 16
rbtree: 18 16
rbtree: 18 16
rbtree: 18 16
rbtree: 18 50
rbtree: 16 16
rbtree: 16 16
rbtree: 18 16
rbtree: 18 16
rbtree: 18 16
rbtree: 18 18
rbtree: 16 16
rbtree: 18 16
rbtree: 18 18
rbtree: 16 16
rbtree: 18 16
rbtree: 18 16
rbtree: 18 16
rbtree: 18 16
rbtree: 16 16
rbtree: 18 40
rbtree: 16 14
rbtree: 16 16
rbtree: 18 16
rbtree: 18 16
rbtree: 18 16
rbtree: 18 18
rbtree: 16 16
rbtree: 18 18
rbtree: 16 16
rbtree: 18 16
rbtree: 16 18
rbtree: 16 16
rbtree: 18 16
rbtree: 18 18
rbtree: 18 16
rbtree: 18 18
rbtree: 16 16
rbtree: 18 16
rbtree: 16 16
rbtree: 16 16
rbtree: 18 16
rbtree: 16 14
rbtree: 18 16
rbtree: 18 20
rbtree: 16 16
rbtree: 18 16
rbtree: 16 16
rbtree: 18 16
rbtree: 18 44
rbtree: 20 16
rbtree: 16 18
rbtree: 16 18
rbtree: 16 18
rbtree: 20 16
rbtree: 18 18
rbtree: 16 16
rbtree: 16 16
rbtree: 16 16
rbtree: 18 16
rbtree: 16 18
rbtree: 18 18
rbtree: 16 16
rbtree: 16 16
rbtree: 16 18
rbtree: 18 16
rbtree: 18 16
rbtree: 18 16
rbtree: 16 18
rbtree: 18 14
rbtree: 16 18
rbtree: 16 16
rbtree: 16 16
rbtree: 18 16
rbtree: 18 16
rbtree: 20 14
rbtree: 20 20
rbtree: 16 16
rbtree: 16 18
rbtree: 16 16
rbtree: 16 18
rbtree: 20 16
rbtree: 20 16
rbtree: 16 16
rbtree: 18 20
rbtree: 16 16
rbtree: 20 16
rbtree: 16 18
rbtree: 16 16
rbtree: 18 16
rbtree: 16 16
rbtree: 16 16
rbtree: 16 18
rbtree: 16 16
rbtree: 18 16
rbtree: 18 16
rbtree: 18 16
rbtree: 18 16
rbtree: 18 18
rbtree: 16 18
rbtree: 16 20
rbtree: 16 16
rbtree: 18 16
rbtree: 16 18
rbtree: 16 16
rbtree: 16 16
rbtree: 18 18
rbtree: 16 16
rbtree: 16 18
rbtree: 20 16
rbtree: 18 16
rbtree: 16 16
rbtree: 16 18
rbtree: 16 16
rbtree: 20 18
rbtree: 18 16
rbtree: 18 20
rbtree: 16 18
rbtree: 16 18
rbtree: 16 16
rbtree: 16 16
rbtree: 20 14
rbtree: 18 18
rbtree: 16 16
rbtree: 16 20
rbtree: 18 16
rbtree: 20 16
rbtree: 20 16
rbtree: 16 16
rbtree: 20 16
rbtree: 18 16
rbtree: 16 16
rbtree: 18 16
rbtree: 16 16
rbtree: 18 16
rbtree: 18 16
rbtree: 20 20
rbtree: 18 18
rbtree: 16 16
rbtree: 16 14
rbtree: 16 18
rbtree: 18 16
rbtree: 18 18
rbtree: 16 18
rbtree: 16 16
rbtree: 16 16
rbtree: 18 14
rbtree: 20 16
rbtree: 16 20
rbtree: 16 16
rbtree: 18 18
rbtree: 16 16
rbtree: 18 18
rbtree: 16 18
rbtree: 18 16
rbtree: 16 16
rbtree: 18 20
rbtree: 16 18
rbtree: 16 18
rbtree: 16 16
rbtree: 16 16
rbtree: 20 18
rbtree: 18 18
rbtree: 18 14
rbtree: 18 24
rbtree: 16 16
rbtree: 20 16
rbtree: 18 18
rbtree: 16 16
rbtree: 18 16
rbtree: 18 16
rbtree: 16 16
rbtree: 16 20
rbtree: 16 18
rbtree: 18 16
rbtree: 16 16
rbtree: 18 16
rbtree: 18 18
rbtree: 16 16
rbtree: 16 16
rbtree: 18 18
rbtree: 20 18
rbtree: 16 14
rbtree: 16 16
rbtree: 18 18
rbtree: 16 16
rbtree: 20 18
rbtree: 18 16
rbtree: 18 16
rbtree: 18 16
rbtree: 16 16
rbtree: 16 14
rbtree: 18 16
rbtree: 18 14
rbtree: 20 16
rbtree: 16 16
rbtree: 18 20
rbtree: 16 16
rbtree: 16 14
rbtree: 16 16
rbtree: 18 18
rbtree: 18 18
rbtree: 16 14
rbtree: 16 16
rbtree: 18 20
rbtree: 16 16
rbtree: 18 16
rbtree: 18 16
rbtree: 18 18
rbtree: 18 18
rbtree: 18 16
rbtree: 16 16
rbtree: 16 20
rbtree: 18 16
rbtree: 20 16
rbtree: 20 16
rbtree: 18 16
rbtree: 18 16
rbtree: 16 18
rbtree: 16 16
rbtree: 18 18
rbtree: 18 16
rbtree: 20 16
rbtree: 16 16
rbtree: 16 16
rbtree: 18 16
rbtree: 18 16
rbtree: 16 16
rbtree: 16 16
rbtree: 18 16
rbtree: 16 16
rbtree: 16 16
rbtree: 16 18
rbtree: 18 16
rbtree: 18 16
rbtree: 18 16
rbtree: 18 18
rbtree: 18 16
rbtree: 16 16
rbtree: 16 18
rbtree: 16 16
rbtree: 18 16
rbtree: 20 16
rbtree: 16 16
rbtree: 18 18
rbtree: 18 16
rbtree: 20 16
rbtree: 18 16
rbtree: 16 16
rbtree: 20 16
rbtree: 18 16
rbtree: 16 16
rbtree: 16 18
rbtree: 16 16
rbtree: 18 18
rbtree: 18 16
rbtree: 20 18
rbtree: 20 18
rbtree: 16 16
rbtree: 16 16
rbtree: 16 18
rbtree: 20 16
rbtree: 18 16
rbtree: 16 16
rbtree: 16 16
rbtree: 16 16
rbtree: 20 16
rbtree: 20 16
rbtree: 16 18
rbtree: 16 16
rbtree: 20 14
rbtree: 16 16
rbtree: 14 42
rbtree: 16 16
rbtree: 20 14
rbtree: 18 16
rbtree: 18 20
rbtree: 16 18
rbtree: 16 18
rbtree: 16 16
rbtree: 16 16
rbtree: 20 16
rbtree: 18 16
rbtree: 16 16
rbtree: 16 18
rbtree: 18 16
rbtree: 18 16
rbtree: 18 16
rbtree: 18 16
rbtree: 20 16
rbtree: 20 18
rbtree: 16 16
rbtree: 16 20
rbtree: 14 16
rbtree: 20 16
rbtree: 18 16
rbtree: 20 16
rbtree: 18 18
rbtree: 16 16
rbtree: 16 16
rbtree: 16 18
rbtree: 18 16
rbtree: 18 16
rbtree: 18 18
rbtree: 18 16
rbtree: 18 16
rbtree: 18 16
rbtree: 20 16
rbtree: 16 24
rbtree: 16 16
rbtree: 18 16
rbtree: 16 16
rbtree: 16 16
rbtree: 18 16
rbtree: 18 16
rbtree: 20 16
rbtree: 18 20
rbtree: 16 16
rbtree: 16 16
rbtree: 18 18
rbtree: 16 16
rbtree: 18 18
rbtree: 16 16
rbtree: 16 16
rbtree: 18 18
rbtree: 16 18
rbtree: 16 16
rbtree: 16 16
rbtree: 20 16
rbtree: 20 16
rbtree: 20 14
rbtree: 18 18
rbtree: 20 18
rbtree: 18 16
rbtree: 18 16
rbtree: 20 14
rbtree: 20 18
rbtree: 20 16
rbtree: 20 16
rbtree: 18 16
rbtree: 20 18
rbtree: 18 16
rbtree: 18 16
rbtree: 18 16
rbtree: 20 16
rbtree: 20 16
rbtree: 20 16
rbtree: 20 16
rbtree: 18 18
rbtree: 16 16
rbtree: 20 18
rbtree: 18 16
rbtree: 18 18
rbtree: 18 16
rbtree: 20 16
rbtree: 20 18
rbtree: 20 18
rbtree: 16 16
rbtree: 20 18
rbtree: 20 16
rbtree: 18 16
rbtree: 20 16
rbtree: 20 16
rbtree: 20 18
rbtree: 18 20
rbtree: 16 16
rbtree: 20 16
rbtree: 20 18
rbtree: 20 16
rbtree: 20 18
rbtree: 20 16
rbtree: 20 16
rbtree: 20 20
rbtree: 16 16
rbtree: 20 16
rbtree: 20 16
rbtree: 18 16
rbtree: 18 18
rbtree: 20 16
rbtree: 20 16
rbtree: 18 20
rbtree: 16 14
rbtree: 18 16
rbtree: 18 16
rbtree: 20 16
rbtree: 20 16
rbtree: 18 16
rbtree: 18 16
rbtree: 20 18
rbtree: 18 16
rbtree: 18 16
rbtree: 20 16
rbtree: 18 16
rbtree: 20 16
rbtree: 18 16
rbtree: 18 16
rbtree: 20 18
rbtree: 18 18
rbtree: 18 16
rbtree: 18 16
rbtree: 18 16
rbtree: 20 18
rbtree: 20 16
rbtree: 20 18
rbtree: 20 20
rbtree: 16 16
rbtree: 20 18
rbtree: 20 16
rbtree: 20 16
rbtree: 20 16
rbtree: 20 16
rbtree: 18 16
rbtree: 18 20
rbtree: 16 16
rbtree: 20 16
rbtree: 20 18
rbtree: 18 14
rbtree: 20 16
rbtree: 20 16
rbtree: 20 16
rbtree: 20 20
rbtree: 16 16
rbtree: 18 16
rbtree: 20 16
rbtree: 18 16
rbtree: 20 18
rbtree: 20 14
rbtree: 20 16
rbtree: 18 20
rbtree: 16 16
rbtree: 20 16
rbtree: 18 16
rbtree: 20 16
rbtree: 18 16
rbtree: 18 16
rbtree: 20 16
rbtree: 20 18
rbtree: 16 16
rbtree: 20 16
rbtree: 20 16
rbtree: 20 16
rbtree: 18 16
rbtree: 20 16
rbtree: 18 16
rbtree: 18 20
rbtree: 16 16
rbtree: 18 16
rbtree: 20 14
rbtree: 20 18
rbtree: 20 16
rbtree: 18 16
rbtree: 18 16
rbtree: 20 20
rbtree: 16 16
rbtree: 20 18
rbtree: 18 16
rbtree: 20 16
rbtree: 20 18
rbtree: 20 16
rbtree: 20 14
rbtree: 20 20
rbtree: 18 16
rbtree: 18 16
rbtree: 20 16
rbtree: 20 16
rbtree: 20 18
rbtree: 20 14
rbtree: 18 16
rbtree: 18 20
rbtree: 16 16
rbtree: 18 16
rbtree: 20 14
rbtree: 20 18
rbtree: 20 16
rbtree: 20 16
rbtree: 18 16
rbtree: 20 20
rbtree: 16 16
rbtree: 20 16
rbtree: 18 16
rbtree: 20 16
rbtree: 20 18
rbtree: 20 18
rbtree: 20 14
rbtree: 18 20
rbtree: 16 16
rbtree: 20 16
rbtree: 20 16
