rbtree: 150 166
rbtree: 70 162
rbtree: 32 136
rbtree: 112 66
rbtree: 52 110
rbtree: 26 88
rbtree: 100 112
rbtree: 24 60
rbtree: 64 110
rbtree: 24 60
rbtree: 134 86
rbtree: 16 72
rbtree: 54 114
rbtree: 24 26
rbtree: 58 84
rbtree: 14 26
rbtree: 100 118
rbtree: 16 28
rbtree: 36 68
rbtree: 26 60
rbtree: 36 112
rbtree: 24 92
rbtree: 58 104
rbtree: 138 58
rbtree: 24 84
rbtree: 82 26
rbtree: 18 70
rbtree: 50 24
rbtree: 16 98
rbtree: 54 80
rbtree: 24 80
rbtree: 26 26
rbtree: 16 76
rbtree: 20 26
rbtree: 16 68
rbtree: 24 26
rbtree: 16 102
rbtree: 18 64
rbtree: 20 32
rbtree: 26 24
rbtree: 14 74
rbtree: 20 26
rbtree: 20 66
rbtree: 24 26
rbtree: 20 74
rbtree: 20 26
rbtree: 24 34
rbtree: 22 26
rbtree: 20 74
rbtree: 22 26
rbtree: 20 68
rbtree: 22 24
rbtree: 22 76
rbtree: 22 28
rbtree: 24 32
rbtree: 24 22
rbtree: 20 76
rbtree: 20 26
rbtree: 22 68
rbtree: 22 24
rbtree: 22 80
rbtree: 24 28
rbtree: 24 34
rbtree: 24 24
rbtree: 18 76
rbtree: 18 26
rbtree: 16 68
rbtree: 24 26
rbtree: 18 86
rbtree: 22 28
rbtree: 18 32
rbtree: 28 26
rbtree: 20 74
rbtree: 20 26
rbtree: 22 68
rbtree: 22 26
rbtree: 22 76
rbtree: 22 26
rbtree: 26 32
rbtree: 24 24
rbtree: 22 76
rbtree: 20 24
rbtree: 22 68
rbtree: 24 26
rbtree: 20 76
rbtree: 18 28
rbtree: 24 34
rbtree: 26 26
rbtree: 22 76
rbtree: 18 24
rbtree: 20 70
rbtree: 22 26
rbtree: 20 78
rbtree: 20 26
rbtree: 24 32
rbtree: 24 26
rbtree: 18 74
rbtree: 20 26
rbtree: 18 66
rbtree: 22 28
rbtree: 16 78
rbtree: 20 28
rbtree: 18 36
rbtree: 26 24
rbtree: 20 76
rbtree: 18 26
rbtree: 24 68
rbtree: 24 26
rbtree: 20 74
rbtree: 20 26
rbtree: 26 34
rbtree: 24 26
rbtree: 24 76
rbtree: 20 26
rbtree: 20 66
rbtree: 24 26
rbtree: 20 74
rbtree: 20 28
rbtree: 24 32
rbtree: 24 26
rbtree: 18 74
rbtree: 20 26
rbtree: 22 70
rbtree: 22 26
rbtree: 20 78
rbtree: 20 26
rbtree: 24 34
rbtree: 24 26
rbtree: 16 78
rbtree: 20 24
rbtree: 18 70
rbtree: 24 26
rbtree: 18 74
rbtree: 22 28
rbtree: 18 32
rbtree: 28 26
rbtree: 22 76
rbtree: 20 26
rbtree: 22 68
rbtree: 24 26
rbtree: 22 80
rbtree: 20 26
rbtree: 24 34
rbtree: 24 26
rbtree: 22 76
rbtree: 20 28
rbtree: 22 68
rbtree: 24 26
rbtree: 22 74
rbtree: 20 26
rbtree: 24 32
rbtree: 24 24
rbtree: 20 76
rbtree: 20 24
rbtree: 22 70
rbtree: 22 26
rbtree: 22 80
rbtree: 20 26
rbtree: 24 34
rbtree: 22 26
rbtree: 16 74
rbtree: 18 26
rbtree: 18 68
rbtree: 24 26
rbtree: 16 78
rbtree: 24 26
rbtree: 18 34
rbtree: 26 26
rbtree: 18 76
rbtree: 20 26
rbtree: 22 68
rbtree: 22 26
rbtree: 20 76
rbtree: 20 26
rbtree: 26 32
rbtree: 22 26
rbtree: 20 76
rbtree: 20 24
rbtree: 20 66
rbtree: 24 26
rbtree: 20 74
rbtree: 20 28
rbtree: 26 32
rbtree: 22 24
rbtree: 20 74
rbtree: 20 24
rbtree: 22 70
rbtree: 22 26
rbtree: 22 82
rbtree: 20 26
rbtree: 24 32
rbtree: 22 26
rbtree: 16 76
rbtree: 20 26
rbtree: 18 68
rbtree: 20 26
rbtree: 16 78
rbtree: 20 28
rbtree: 18 32
rbtree: 26 26
rbtree: 26 74
rbtree: 20 26
rbtree: 20 68
rbtree: 24 26
rbtree: 22 32
rbtree: 24 28
rbtree: 32 32
rbtree: 24 26
rbtree: 20 76
rbtree: 20 28
rbtree: 22 68
rbtree: 22 26
rbtree: 22 34
rbtree: 24 28
rbtree: 24 34
rbtree: 24 24
rbtree: 20 76
rbtree: 20 26
rbtree: 22 68
rbtree: 20 26
rbtree: 22 32
rbtree: 18 26
rbtree: 18 34
rbtree: 20 26
rbtree: 16 74
rbtree: 20 26
rbtree: 16 70
rbtree: 24 26
rbtree: 16 30
rbtree: 18 28
rbtree: 16 32
rbtree: 26 26
rbtree: 20 76
rbtree: 20 26
rbtree: 22 68
rbtree: 24 26
rbtree: 20 32
rbtree: 24 26
rbtree: 26 36
rbtree: 22 26
rbtree: 20 76
rbtree: 20 26
rbtree: 24 68
rbtree: 24 26
rbtree: 18 32
rbtree: 24 26
rbtree: 24 32
rbtree: 24 26
rbtree: 24 74
rbtree: 20 26
rbtree: 22 68
rbtree: 24 26
rbtree: 22 34
rbtree: 18 28
rbtree: 16 34
rbtree: 28 24
rbtree: 22 74
rbtree: 18 26
rbtree: 22 68
rbtree: 22 26
rbtree: 20 76
rbtree: 20 28
rbtree: 24 32
rbtree: 24 28
rbtree: 20 76
rbtree: 20 26
rbtree: 20 68
rbtree: 24 26
rbtree: 20 78
rbtree: 20 28
rbtree: 22 34
rbtree: 24 26
rbtree: 20 74
rbtree: 18 24
rbtree: 20 68
rbtree: 24 26
rbtree: 20 76
rbtree: 18 28
rbtree: 22 32
rbtree: 22 26
rbtree: 16 74
rbtree: 20 26
rbtree: 16 66
rbtree: 24 24
rbtree: 18 74
rbtree: 20 28
rbtree: 22 32
rbtree: 28 26
rbtree: 22 76
rbtree: 20 24
rbtree: 22 68
rbtree: 24 26
rbtree: 20 76
rbtree: 20 26
rbtree: 26 32
rbtree: 22 26
rbtree: 22 76
rbtree: 20 24
rbtree: 22 68
rbtree: 24 26
rbtree: 20 74
rbtree: 20 26
rbtree: 22 32
rbtree: 24 24
rbtree: 22 76
rbtree: 20 24
rbtree: 20 66
rbtree: 24 26
rbtree: 20 76
rbtree: 18 26
rbtree: 24 34
rbtree: 24 26
rbtree: 16 76
rbtree: 20 26
rbtree: 22 68
rbtree: 24 26
rbtree: 16 80
rbtree: 20 28
rbtree: 18 34
rbtree: 26 26
rbtree: 20 74
rbtree: 20 26
rbtree: 24 68
rbtree: 24 26
rbtree: 20 76
rbtree: 18 26
rbtree: 26 30
rbtree: 24 26
rbtree: 20 76
rbtree: 20 28
rbtree: 20 66
rbtree: 22 24
rbtree: 22 76
rbtree: 20 28
rbtree: 26 34
rbtree: 26 24
rbtree: 24 76
rbtree: 20 24
rbtree: 22 68
rbtree: 24 26
rbtree: 22 74
rbtree: 18 26
rbtree: 24 34
rbtree: 22 26
rbtree: 16 76
rbtree: 22 26
rbtree: 16 68
rbtree: 24 24
rbtree: 16 80
rbtree: 20 28
rbtree: 18 36
rbtree: 18 24
rbtree: 16 76
rbtree: 20 26
rbtree: 16 68
rbtree: 24 26
rbtree: 18 80
rbtree: 20 26
rbtree: 16 34
rbtree: 18 26
rbtree: 16 74
rbtree: 18 26
rbtree: 16 68
rbtree: 22 24
rbtree: 18 76
rbtree: 18 26
rbtree: 18 34
rbtree: 28 24
rbtree: 22 74
rbtree: 18 24
rbtree: 22 68
rbtree: 22 26
rbtree: 20 76
rbtree: 20 30
rbtree: 24 34
rbtree: 26 26
rbtree: 20 74
rbtree: 20 26
rbtree: 22 68
rbtree: 22 24
rbtree: 22 76
rbtree: 22 28
rbtree: 24 32
rbtree: 24 26
rbtree: 20 76
rbtree: 20 26
rbtree: 20 68
rbtree: 24 26
rbtree: 24 80
rbtree: 22 26
rbtree: 24 34
rbtree: 22 26
rbtree: 18 74
rbtree: 20 26
rbtree: 16 68
rbtree: 22 24
rbtree: 18 80
rbtree: 20 26
rbtree: 16 32
rbtree: 28 26
rbtree: 22 76
rbtree: 20 24
rbtree: 20 70
rbtree: 26 24
rbtree: 22 76
rbtree: 20 28
rbtree: 24 34
rbtree: 22 26
rbtree: 20 74
rbtree: 20 26
rbtree: 20 68
rbtree: 24 24
rbtree: 20 74
rbtree: 20 26
rbtree: 24 32
rbtree: 22 26
rbtree: 18 74
rbtree: 20 26
rbtree: 18 68
rbtree: 24 26
rbtree: 20 76
rbtree: 18 26
rbtree: 24 32
rbtree: 22 26
rbtree: 16 72
rbtree: 20 26
rbtree: 18 68
rbtree: 24 26
rbtree: 16 76
rbtree: 20 26
rbtree: 16 34
rbtree: 26 26
rbtree: 22 78
rbtree: 20 26
rbtree: 22 68
rbtree: 24 24
rbtree: 22 84
rbtree: 22 26
rbtree: 26 34
rbtree: 24 24
rbtree: 20 74
rbtree: 22 26
rbtree: 20 68
rbtree: 24 24
rbtree: 22 76
rbtree: 20 28
rbtree: 24 32
rbtree: 24 26
rbtree: 20 74
rbtree: 20 26
rbtree: 22 68
rbtree: 24 26
rbtree: 22 80
rbtree: 20 26
rbtree: 24 32
rbtree: 22 26
rbtree: 16 74
rbtree: 18 26
rbtree: 16 68
rbtree: 24 26
rbtree: 16 78
rbtree: 18 26
rbtree: 18 32
rbtree: 26 24
rbtree: 22 76
rbtree: 20 26
rbtree: 20 68
rbtree: 24 24
rbtree: 20 74
rbtree: 20 26
rbtree: 24 32
rbtree: 24 26
rbtree: 20 76
rbtree: 20 26
rbtree: 20 68
rbtree: 22 26
rbtree: 22 78
rbtree: 18 28
rbtree: 24 32
rbtree: 24 26
rbtree: 22 74
rbtree: 20 26
rbtree: 20 70
rbtree: 24 26
rbtree: 20 78
rbtree: 20 24
rbtree: 24 34
rbtree: 24 24
rbtree: 16 74
rbtree: 20 26
rbtree: 18 70
rbtree: 24 24
rbtree: 16 86
rbtree: 20 28
rbtree: 18 32
rbtree: 28 24
rbtree: 22 76
rbtree: 20 26
rbtree: 20 68
rbtree: 22 26
rbtree: 18 80
rbtree: 24 26
rbtree: 24 32
rbtree: 22 26
rbtree: 20 74
rbtree: 20 24
rbtree: 20 70
rbtree: 24 26
rbtree: 22 78
rbtree: 28 26
rbtree: 24 32
rbtree: 24 26
rbtree: 20 74
rbtree: 20 26
rbtree: 22 70
rbtree: 24 26
rbtree: 20 84
rbtree: 20 26
rbtree: 26 32
rbtree: 24 26
rbtree: 18 74
rbtree: 20 24
rbtree: 16 66
rbtree: 24 26
rbtree: 16 84
rbtree: 20 28
rbtree: 18 34
rbtree: 28 24
rbtree: 22 76
rbtree: 20 26
rbtree: 20 70
rbtree: 24 24
rbtree: 22 76
rbtree: 20 26
rbtree: 26 32
rbtree: 22 24
rbtree: 20 74
rbtree: 20 24
rbtree: 20 68
rbtree: 24 26
rbtree: 24 76
rbtree: 20 28
rbtree: 24 32
rbtree: 24 26
rbtree: 20 74
rbtree: 20 24
rbtree: 20 68
rbtree: 22 26
rbtree: 22 76
rbtree: 20 26
rbtree: 24 32
rbtree: 22 26
rbtree: 18 74
rbtree: 20 26
rbtree: 18 66
rbtree: 24 24
rbtree: 18 78
rbtree: 20 28
rbtree: 16 32
rbtree: 26 28
rbtree: 20 74
rbtree: 20 26
rbtree: 20 68
rbtree: 24 26
rbtree: 22 76
rbtree: 20 26
rbtree: 26 32
rbtree: 24 26
rbtree: 20 74
rbtree: 22 26
rbtree: 20 68
rbtree: 24 24
rbtree: 22 74
rbtree: 20 26
rbtree: 26 36
rbtree: 24 26
rbtree: 20 74
rbtree: 20 26
rbtree: 22 70
rbtree: 24 26
rbtree: 22 74
rbtree: 20 26
rbtree: 24 32
rbtree: 24 26
rbtree: 16 78
rbtree: 20 26
rbtree: 18 68
rbtree: 24 26
rbtree: 16 74
rbtree: 20 28
rbtree: 18 32
rbtree: 28 28
rbtree: 24 76
rbtree: 18 26
rbtree: 22 68
rbtree: 22 24
rbtree: 22 78
rbtree: 20 28
rbtree: 24 32
rbtree: 22 26
rbtree: 22 74
rbtree: 20 26
rbtree: 22 68
rbtree: 22 24
rbtree: 22 76
rbtree: 20 28
rbtree: 24 34
rbtree: 22 26
rbtree: 20 76
rbtree: 20 26
rbtree: 20 68
rbtree: 24 24
rbtree: 22 76
rbtree: 20 26
rbtree: 24 34
rbtree: 24 24
rbtree: 16 74
rbtree: 20 26
rbtree: 16 68
rbtree: 22 26
rbtree: 18 80
rbtree: 22 28
rbtree: 16 32
rbtree: 26 24
rbtree: 22 76
rbtree: 20 26
rbtree: 18 68
rbtree: 24 26
rbtree: 20 78
rbtree: 20 26
rbtree: 26 32
rbtree: 22 26
rbtree: 22 74
rbtree: 18 26
rbtree: 20 68
rbtree: 22 26
rbtree: 22 76
rbtree: 22 26
rbtree: 24 34
rbtree: 24 26
rbtree: 20 74
rbtree: 18 26
rbtree: 20 68
rbtree: 24 26
rbtree: 22 78
rbtree: 18 26
rbtree: 24 36
rbtree: 24 26
rbtree: 16 74
rbtree: 20 24
rbtree: 16 68
rbtree: 24 26
rbtree: 16 78
rbtree: 20 26
rbtree: 18 32
rbtree: 28 26
rbtree: 22 76
rbtree: 20 26
rbtree: 20 68
rbtree: 22 24
rbtree: 22 76
rbtree: 20 26
rbtree: 24 32
rbtree: 22 26
rbtree: 20 74
rbtree: 20 26
rbtree: 20 70
rbtree: 22 28
rbtree: 22 76
rbtree: 24 26
rbtree: 24 32
rbtree: 24 26
rbtree: 20 74
rbtree: 20 24
rbtree: 20 68
rbtree: 24 26
rbtree: 20 78
rbtree: 18 26
rbtree: 24 32
rbtree: 24 26
rbtree: 16 76
rbtree: 22 26
rbtree: 18 68
rbtree: 24 26
rbtree: 18 80
rbtree: 20 26
rbtree: 18 34
rbtree: 28 28
rbtree: 20 74
rbtree: 20 26
rbtree: 20 68
rbtree: 24 26
rbtree: 20 78
rbtree: 20 28
rbtree: 24 32
rbtree: 22 28
rbtree: 20 76
rbtree: 20 24
rbtree: 22 68
rbtree: 22 22
rbtree: 20 76
rbtree: 24 26
rbtree: 24 32
rbtree: 22 26
rbtree: 18 74
rbtree: 20 24
rbtree: 22 70
rbtree: 24 24
rbtree: 20 80
rbtree: 18 24
rbtree: 22 34
rbtree: 22 24
rbtree: 18 74
rbtree: 20 26
rbtree: 16 68
rbtree: 24 26
rbtree: 18 80
rbtree: 18 26
rbtree: 18 32
rbtree: 26 24
rbtree: 20 76
rbtree: 20 26
rbtree: 22 68
rbtree: 22 26
rbtree: 20 76
rbtree: 20 26
rbtree: 24 34
rbtree: 24 24
rbtree: 22 76
rbtree: 20 24
rbtree: 20 70
rbtree: 22 26
rbtree: 22 76
rbtree: 20 28
rbtree: 26 34
rbtree: 24 26
rbtree: 20 76
rbtree: 20 24
rbtree: 20 68
rbtree: 24 24
rbtree: 22 78
rbtree: 20 26
rbtree: 24 32
rbtree: 24 26
rbtree: 16 76
rbtree: 22 26
rbtree: 18 68
rbtree: 24 26
rbtree: 16 78
rbtree: 22 26
rbtree: 16 34
rbtree: 26 24
rbtree: 20 74
rbtree: 20 26
rbtree: 22 70
rbtree: 24 24
rbtree: 20 76
rbtree: 20 24
rbtree: 24 34
rbtree: 24 24
rbtree: 24 76
rbtree: 20 24
rbtree: 18 70
rbtree: 24 26
rbtree: 24 76
rbtree: 20 26
rbtree: 26 34
rbtree: 24 26
rbtree: 20 76
rbtree: 18 26
rbtree: 18 68
rbtree: 24 26
rbtree: 22 76
rbtree: 20 26
rbtree: 24 34
rbtree: 22 26
rbtree: 16 74
rbtree: 20 26
rbtree: 16 68
rbtree: 22 24
rbtree: 16 78
rbtree: 20 26
rbtree: 18 32
rbtree: 30 26
rbtree: 22 76
rbtree: 20 26
rbtree: 20 68
rbtree: 22 26
rbtree: 18 76
rbtree: 20 26
rbtree: 24 34
rbtree: 24 26
rbtree: 22 76
rbtree: 20 28
rbtree: 22 66
rbtree: 24 24
rbtree: 22 76
rbtree: 20 26
rbtree: 24 32
rbtree: 24 26
rbtree: 22 74
rbtree: 20 26
rbtree: 20 68
rbtree: 24 24
rbtree: 22 76
rbtree: 18 26
rbtree: 24 32
rbtree: 24 26
rbtree: 18 78
rbtree: 20 26
rbtree: 16 66
rbtree: 22 24
rbtree: 16 78
rbtree: 20 28
rbtree: 16 32
rbtree: 28 24
rbtree: 22 74
rbtree: 20 26
rbtree: 20 68
rbtree: 22 26
rbtree: 18 74
rbtree: 20 26
rbtree: 24 36
rbtree: 24 26
rbtree: 22 76
rbtree: 18 26
rbtree: 28 72
rbtree: 24 26
rbtree: 22 78
rbtree: 18 26
rbtree: 24 34
rbtree: 24 26
rbtree: 20 78
rbtree: 18 26
rbtree: 22 68
rbtree: 22 26
rbtree: 24 76
rbtree: 18 26
rbtree: 24 34
rbtree: 24 26
rbtree: 16 76
rbtree: 18 26
rbtree: 16 68
rbtree: 24 26
rbtree: 18 78
rbtree: 20 26
rbtree: 18 32
rbtree: 26 24
rbtree: 20 74
rbtree: 20 24
rbtree: 22 70
rbtree: 24 24
rbtree: 24 74
rbtree: 20 26
rbtree: 24 32
rbtree: 24 26
rbtree: 20 76
rbtree: 18 26
rbtree: 20 68
rbtree: 22 24
rbtree: 22 76
rbtree: 18 28
rbtree: 24 34
rbtree: 22 26
rbtree: 20 76
rbtree: 20 26
rbtree: 22 68
rbtree: 22 24
rbtree: 22 78
rbtree: 20 26
rbtree: 26 32
rbtree: 22 26
rbtree: 16 76
rbtree: 20 28
rbtree: 16 68
rbtree: 24 26
rbtree: 16 80
rbtree: 22 26
rbtree: 18 32
rbtree: 26 26
rbtree: 20 78
rbtree: 20 24
rbtree: 22 68
rbtree: 24 26
rbtree: 22 74
rbtree: 20 26
rbtree: 26 32
rbtree: 24 26
rbtree: 22 76
rbtree: 20 28
rbtree: 20 70
rbtree: 22 28
rbtree: 22 78
rbtree: 20 28
rbtree: 26 32
rbtree: 22 24
rbtree: 20 74
rbtree: 20 26
rbtree: 20 68
rbtree: 24 24
rbtree: 22 76
rbtree: 18 26
rbtree: 22 32
rbtree: 22 24
rbtree: 16 74
rbtree: 22 26
rbtree: 18 68
rbtree: 26 26
rbtree: 16 78
rbtree: 18 26
rbtree: 18 34
rbtree: 26 24
rbtree: 22 76
rbtree: 20 26
rbtree: 20 68
rbtree: 24 24
rbtree: 22 76
rbtree: 20 24
rbtree: 24 34
rbtree: 24 24
rbtree: 24 76
rbtree: 20 24
rbtree: 20 70
rbtree: 24 26
rbtree: 24 76
rbtree: 20 26
rbtree: 26 34
rbtree: 24 24
rbtree: 20 76
rbtree: 18 26
rbtree: 18 68
rbtree: 26 26
rbtree: 22 76
rbtree: 20 26
rbtree: 24 32
rbtree: 22 26
rbtree: 16 74
rbtree: 20 24
rbtree: 16 68
rbtree: 22 26
rbtree: 16 78
rbtree: 20 26
rbtree: 18 34
rbtree: 28 28
rbtree: 18 74
rbtree: 20 24
rbtree: 22 70
rbtree: 24 24
rbtree: 20 76
rbtree: 20 26
rbtree: 24 32
rbtree: 24 26
rbtree: 20 76
rbtree: 22 26
rbtree: 20 68
rbtree: 22 26
rbtree: 22 76
rbtree: 20 28
rbtree: 24 36
rbtree: 22 26
rbtree: 20 76
rbtree: 20 24
rbtree: 22 70
rbtree: 24 26
rbtree: 22 76
rbtree: 20 26
rbtree: 24 32
rbtree: 22 24
rbtree: 16 76
rbtree: 20 26
rbtree: 16 68
rbtree: 24 26
rbtree: 16 78
rbtree: 20 26
rbtree: 16 34
rbtree: 26 26
rbtree: 20 76
rbtree: 18 24
rbtree: 22 70
rbtree: 24 26
rbtree: 20 74
rbtree: 20 26
rbtree: 24 34
rbtree: 24 28
rbtree: 20 74
rbtree: 22 26
rbtree: 20 68
rbtree: 24 24
rbtree: 20 78
rbtree: 18 26
rbtree: 24 32
rbtree: 24 26
rbtree: 22 74
rbtree: 20 24
rbtree: 24 68
rbtree: 24 24
rbtree: 26 74
rbtree: 18 26
rbtree: 28 30
rbtree: 26 26
