rbtree: 112 100
rbtree: 46 184
rbtree: 108 108
rbtree: 24 98
rbtree: 88 54
rbtree: 22 62
rbtree: 38 44
rbtree: 20 20
rbtree: 18 20
rbtree: 14 20
rbtree: 16 20
rbtree: 16 18
rbtree: 18 20
rbtree: 14 18
rbtree: 20 18
rbtree: 14 18
rbtree: 20 22
rbtree: 14 20
rbtree: 18 20
rbtree: 14 20
rbtree: 18 20
rbtree: 14 22
rbtree: 18 20
rbtree: 14 20
rbtree: 18 20
rbtree: 14 20
rbtree: 16 20
rbtree: 16 20
rbtree: 20 20
rbtree: 14 20
rbtree: 18 18
rbtree: 14 20
rbtree: 18 20
rbtree: 16 20
rbtree: 18 20
rbtree: 14 20
rbtree: 18 18
rbtree: 14 20
rbtree: 16 20
rbtree: 16 18
rbtree: 18 18
rbtree: 14 18
rbtree: 16 20
rbtree: 14 22
rbtree: 16 20
rbtree: 14 20
rbtree: 16 18
rbtree: 14 20
rbtree: 18 20
rbtree: 16 22
rbtree: 16 20
rbtree: 14 20
rbtree: 16 22
rbtree: 14 18
rbtree: 16 20
rbtree: 14 18
rbtree: 16 18
rbtree: 16 22
rbtree: 16 20
rbtree: 14 20
rbtree: 18 20
rbtree: 14 18
rbtree: 18 20
rbtree: 16 20
rbtree: 16 20
rbtree: 14 20
rbtree: 18 18
rbtree: 14 18
rbtree: 16 20
rbtree: 14 22
rbtree: 16 20
rbtree: 12 18
rbtree: 18 20
rbtree: 14 22
rbtree: 16 20
rbtree: 14 20
rbtree: 18 20
rbtree: 14 20
rbtree: 18 20
rbtree: 12 20
rbtree: 16 20
rbtree: 14 22
rbtree: 18 20
rbtree: 14 20
rbtree: 16 18
rbtree: 14 20
rbtree: 16 20
rbtree: 14 20
rbtree: 18 18
rbtree: 14 20
rbtree: 18 20
rbtree: 14 20
rbtree: 18 20
rbtree: 14 18
rbtree: 18 18
rbtree: 14 18
rbtree: 16 18
rbtree: 14 20
rbtree: 18 20
rbtree: 14 18
rbtree: 18 18
rbtree: 16 22
rbtree: 16 20
rbtree: 14 20
rbtree: 16 18
rbtree: 14 20
rbtree: 18 18
rbtree: 14 20
rbtree: 16 20
rbtree: 14 20
rbtree: 18 20
rbtree: 14 20
rbtree: 16 20
rbtree: 14 20
rbtree: 18 18
rbtree: 14 20
rbtree: 16 20
rbtree: 14 18
rbtree: 18 18
rbtree: 14 20
rbtree: 18 20
rbtree: 14 20
rbtree: 16 20
rbtree: 12 20
rbtree: 16 18
rbtree: 16 18
rbtree: 16 20
rbtree: 14 20
rbtree: 18 18
rbtree: 14 22
rbtree: 18 20
rbtree: 14 20
rbtree: 18 20
rbtree: 14 20
rbtree: 18 20
rbtree: 14 20
rbtree: 16 20
rbtree: 14 20
rbtree: 18 18
rbtree: 14 18
rbtree: 18 20
rbtree: 14 20
rbtree: 18 18
rbtree: 14 20
rbtree: 18 18
rbtree: 12 20
rbtree: 16 20
rbtree: 14 20
rbtree: 18 18
rbtree: 16 20
rbtree: 16 20
rbtree: 14 20
rbtree: 16 20
rbtree: 16 18
rbtree: 16 20
rbtree: 14 18
rbtree: 18 20
rbtree: 14 20
rbtree: 18 20
rbtree: 14 20
rbtree: 18 20
rbtree: 14 18
rbtree: 18 18
rbtree: 16 22
rbtree: 16 20
rbtree: 14 20
rbtree: 18 20
rbtree: 14 20
rbtree: 18 18
rbtree: 14 18
rbtree: 16 20
rbtree: 14 20
rbtree: 16 18
rbtree: 14 20
rbtree: 18 18
rbtree: 14 18
rbtree: 18 20
rbtree: 14 20
rbtree: 18 20
rbtree: 14 22
rbtree: 18 18
rbtree: 14 20
rbtree: 16 20
rbtree: 14 20
rbtree: 16 18
rbtree: 14 20
rbtree: 18 18
rbtree: 14 18
rbtree: 16 20
rbtree: 14 20
rbtree: 18 18
rbtree: 16 20
rbtree: 16 20
rbtree: 14 20
rbtree: 16 20
rbtree: 14 20
rbtree: 16 20
rbtree: 14 22
rbtree: 16 18
rbtree: 12 20
rbtree: 18 20
rbtree: 14 18
rbtree: 18 18
rbtree: 14 18
rbtree: 16 18
rbtree: 14 20
rbtree: 16 20
rbtree: 14 20
rbtree: 18 18
rbtree: 14 20
rbtree: 18 20
rbtree: 16 20
rbtree: 18 22
rbtree: 14 22
rbtree: 16 20
rbtree: 14 20
rbtree: 16 22
rbtree: 16 22
rbtree: 16 20
rbtree: 14 20
rbtree: 16 18
rbtree: 12 18
rbtree: 16 20
rbtree: 14 20
rbtree: 18 20
rbtree: 14 18
rbtree: 16 20
rbtree: 14 20
rbtree: 18 18
rbtree: 12 18
rbtree: 18 18
rbtree: 14 18
rbtree: 18 20
rbtree: 14 20
rbtree: 18 18
rbtree: 14 20
rbtree: 18 20
rbtree: 18 20
rbtree: 18 18
rbtree: 14 18
rbtree: 16 20
rbtree: 16 18
rbtree: 16 20
rbtree: 16 22
rbtree: 16 20
rbtree: 14 20
rbtree: 16 18
rbtree: 12 20
rbtree: 18 18
rbtree: 14 20
rbtree: 18 20
rbtree: 14 18
rbtree: 16 20
rbtree: 14 18
rbtree: 18 20
rbtree: 14 20
rbtree: 16 20
rbtree: 14 20
rbtree: 18 18
rbtree: 14 18
rbtree: 18 20
rbtree: 16 18
rbtree: 18 20
rbtree: 14 20
rbtree: 16 18
rbtree: 12 18
rbtree: 18 20
rbtree: 14 20
rbtree: 18 18
rbtree: 14 20
rbtree: 18 20
rbtree: 14 20
rbtree: 18 20
rbtree: 14 20
rbtree: 18 18
rbtree: 12 20
rbtree: 16 20
rbtree: 14 20
rbtree: 18 18
rbtree: 16 20
rbtree: 16 18
rbtree: 12 22
rbtree: 16 18
rbtree: 14 20
rbtree: 18 20
rbtree: 16 22
rbtree: 16 46
rbtree: 14 20
rbtree: 18 18
rbtree: 12 20
rbtree: 18 20
rbtree: 14 20
rbtree: 16 20
rbtree: 16 20
rbtree: 16 18
rbtree: 14 18
rbtree: 18 20
rbtree: 14 20
rbtree: 18 22
rbtree: 14 20
rbtree: 18 18
rbtree: 14 20
rbtree: 18 18
rbtree: 14 20
rbtree: 18 22
rbtree: 14 20
rbtree: 18 20
rbtree: 14 20
rbtree: 16 18
rbtree: 14 20
rbtree: 18 18
rbtree: 12 18
rbtree: 18 20
rbtree: 16 18
rbtree: 18 20
rbtree: 14 20
rbtree: 18 20
rbtree: 14 20
rbtree: 16 18
rbtree: 16 20
rbtree: 16 18
rbtree: 14 20
rbtree: 18 18
rbtree: 16 20
rbtree: 16 20
rbtree: 14 20
rbtree: 18 22
rbtree: 14 20
rbtree: 18 18
rbtree: 14 18
rbtree: 18 18
rbtree: 14 20
rbtree: 16 20
rbtree: 16 22
rbtree: 16 22
rbtree: 14 18
rbtree: 18 20
rbtree: 14 18
rbtree: 16 20
rbtree: 14 20
rbtree: 18 18
rbtree: 14 20
rbtree: 18 18
rbtree: 12 18
rbtree: 16 20
rbtree: 14 20
rbtree: 18 18
rbtree: 14 20
rbtree: 18 18
rbtree: 14 20
rbtree: 18 18
rbtree: 14 18
rbtree: 16 20
rbtree: 16 20
rbtree: 16 20
rbtree: 14 20
rbtree: 16 20
rbtree: 16 20
rbtree: 16 22
rbtree: 16 22
rbtree: 16 20
rbtree: 14 20
rbtree: 16 20
rbtree: 16 20
rbtree: 16 22
rbtree: 14 20
rbtree: 18 20
rbtree: 14 20
rbtree: 18 22
rbtree: 14 18
rbtree: 18 20
rbtree: 14 20
rbtree: 18 18
rbtree: 12 20
rbtree: 18 18
rbtree: 14 20
rbtree: 18 20
rbtree: 14 20
rbtree: 18 18
rbtree: 12 20
rbtree: 18 20
rbtree: 12 20
rbtree: 18 20
rbtree: 14 20
rbtree: 18 20
rbtree: 16 20
rbtree: 18 20
rbtree: 14 22
rbtree: 16 18
rbtree: 16 18
rbtree: 18 20
rbtree: 14 20
rbtree: 16 18
rbtree: 14 20
rbtree: 16 20
rbtree: 14 22
rbtree: 16 18
rbtree: 14 18
rbtree: 16 18
rbtree: 14 20
rbtree: 16 20
rbtree: 16 20
rbtree: 16 20
rbtree: 14 18
rbtree: 16 18
rbtree: 14 18
rbtree: 18 20
rbtree: 14 20
rbtree: 18 20
rbtree: 14 20
rbtree: 18 18
rbtree: 14 20
rbtree: 18 20
rbtree: 16 22
rbtree: 16 20
rbtree: 14 20
rbtree: 18 20
rbtree: 12 20
rbtree: 16 20
rbtree: 14 18
rbtree: 18 20
rbtree: 16 20
rbtree: 16 46
rbtree: 14 18
rbtree: 18 20
rbtree: 16 20
rbtree: 18 20
rbtree: 14 22
rbtree: 16 20
rbtree: 14 18
rbtree: 14 20
rbtree: 14 18
rbtree: 18 18
rbtree: 16 20
rbtree: 16 20
rbtree: 16 22
rbtree: 16 20
rbtree: 16 22
rbtree: 16 20
rbtree: 14 20
rbtree: 16 20
rbtree: 14 18
rbtree: 18 18
rbtree: 16 22
rbtree: 16 18
rbtree: 12 20
rbtree: 16 18
rbtree: 14 20
rbtree: 18 20
rbtree: 16 20
rbtree: 16 20
rbtree: 14 20
rbtree: 16 18
rbtree: 12 18
rbtree: 20 18
rbtree: 14 20
rbtree: 16 20
rbtree: 14 20
rbtree: 16 20
rbtree: 12 20
rbtree: 20 18
rbtree: 14 18
rbtree: 18 20
rbtree: 14 20
rbtree: 16 20
rbtree: 14 20
rbtree: 20 18
rbtree: 14 20
rbtree: 18 18
rbtree: 14 20
rbtree: 18 18
rbtree: 16 22
rbtree: 16 20
rbtree: 12 18
rbtree: 18 20
rbtree: 14 20
rbtree: 16 18
rbtree: 16 18
rbtree: 16 20
rbtree: 16 20
rbtree: 16 20
rbtree: 14 20
rbtree: 16 20
rbtree: 16 20
rbtree: 16 20
rbtree: 12 20
rbtree: 16 20
rbtree: 16 20
rbtree: 16 20
rbtree: 14 20
rbtree: 18 20
rbtree: 16 18
rbtree: 18 20
rbtree: 12 18
rbtree: 18 20
rbtree: 16 18
rbtree: 18 20
rbtree: 14 20
rbtree: 18 18
rbtree: 14 18
rbtree: 14 20
rbtree: 14 18
rbtree: 18 18
rbtree: 16 20
rbtree: 16 18
rbtree: 14 20
rbtree: 18 20
rbtree: 14 20
rbtree: 16 20
rbtree: 16 20
rbtree: 16 18
rbtree: 14 20
rbtree: 16 18
rbtree: 14 20
rbtree: 18 20
rbtree: 14 20
rbtree: 18 20
rbtree: 14 20
rbtree: 16 20
rbtree: 14 20
rbtree: 18 20
rbtree: 14 20
rbtree: 18 18
rbtree: 12 18
rbtree: 18 18
rbtree: 12 20
rbtree: 16 20
rbtree: 14 18
rbtree: 18 20
rbtree: 16 22
rbtree: 16 20
rbtree: 14 20
rbtree: 18 18
rbtree: 14 20
rbtree: 18 20
rbtree: 14 20
rbtree: 16 20
rbtree: 16 22
rbtree: 16 20
rbtree: 12 18
rbtree: 20 20
rbtree: 14 20
rbtree: 16 20
rbtree: 14 20
rbtree: 18 20
rbtree: 14 20
rbtree: 18 22
rbtree: 14 20
rbtree: 16 20
rbtree: 16 22
rbtree: 18 20
rbtree: 14 20
rbtree: 16 22
rbtree: 14 18
rbtree: 16 18
rbtree: 14 20
rbtree: 18 18
rbtree: 16 22
rbtree: 16 20
rbtree: 14 20
rbtree: 16 20
rbtree: 14 20
rbtree: 18 18
rbtree: 16 22
rbtree: 16 20
rbtree: 16 18
rbtree: 18 22
rbtree: 14 20
rbtree: 18 18
rbtree: 16 20
rbtree: 16 20
rbtree: 12 18
rbtree: 18 20
rbtree: 16 18
rbtree: 16 20
rbtree: 14 20
rbtree: 18 18
rbtree: 16 20
rbtree: 16 20
rbtree: 14 20
rbtree: 18 20
rbtree: 16 20
rbtree: 18 18
rbtree: 12 18
rbtree: 18 18
rbtree: 14 18
rbtree: 16 22
rbtree: 14 20
rbtree: 18 46
rbtree: 14 20
rbtree: 16 20
rbtree: 16 20
rbtree: 18 20
rbtree: 14 22
rbtree: 18 18
rbtree: 14 20
rbtree: 16 20
rbtree: 14 20
rbtree: 16 20
rbtree: 14 20
rbtree: 16 20
rbtree: 14 20
rbtree: 16 20
rbtree: 14 20
rbtree: 18 18
rbtree: 14 20
rbtree: 16 18
rbtree: 14 20
rbtree: 16 22
rbtree: 16 18
rbtree: 16 20
rbtree: 14 20
rbtree: 16 20
rbtree: 14 20
rbtree: 16 20
rbtree: 12 20
rbtree: 16 20
rbtree: 14 22
rbtree: 18 20
rbtree: 14 22
rbtree: 16 20
rbtree: 12 18
rbtree: 20 20
rbtree: 14 20
rbtree: 16 20
rbtree: 16 18
rbtree: 18 20
rbtree: 14 20
rbtree: 18 20
rbtree: 14 22
rbtree: 18 22
rbtree: 14 20
rbtree: 16 20
rbtree: 16 20
rbtree: 18 18
rbtree: 14 20
rbtree: 14 20
rbtree: 14 20
rbtree: 16 20
rbtree: 14 20
rbtree: 18 18
rbtree: 14 18
rbtree: 16 20
rbtree: 14 20
rbtree: 16 18
rbtree: 14 20
rbtree: 16 18
rbtree: 14 18
rbtree: 18 20
rbtree: 16 18
rbtree: 18 20
rbtree: 14 20
rbtree: 16 18
rbtree: 14 18
rbtree: 16 20
rbtree: 14 20
rbtree: 18 18
rbtree: 16 22
rbtree: 16 20
rbtree: 14 20
rbtree: 18 18
rbtree: 16 22
rbtree: 16 18
rbtree: 14 22
rbtree: 16 20
rbtree: 14 20
rbtree: 16 20
rbtree: 14 20
rbtree: 18 18
rbtree: 14 22
rbtree: 16 20
rbtree: 12 20
rbtree: 16 20
rbtree: 14 20
rbtree: 18 18
rbtree: 14 20
rbtree: 18 18
rbtree: 14 20
rbtree: 18 18
rbtree: 14 20
rbtree: 16 18
rbtree: 16 20
rbtree: 16 20
rbtree: 16 20
rbtree: 18 18
rbtree: 14 18
rbtree: 16 20
rbtree: 14 18
rbtree: 16 20
rbtree: 14 20
rbtree: 16 18
rbtree: 14 20
rbtree: 18 20
rbtree: 16 22
rbtree: 18 20
rbtree: 14 20
rbtree: 18 20
rbtree: 16 22
rbtree: 16 20
rbtree: 14 20
rbtree: 16 18
rbtree: 14 18
rbtree: 18 18
rbtree: 14 18
rbtree: 18 20
rbtree: 14 20
rbtree: 18 18
rbtree: 14 20
rbtree: 18 20
rbtree: 12 20
rbtree: 16 20
rbtree: 14 20
rbtree: 18 20
rbtree: 14 20
rbtree: 18 18
rbtree: 12 20
rbtree: 18 20
rbtree: 14 20
rbtree: 18 20
rbtree: 14 18
rbtree: 16 18
rbtree: 14 22
rbtree: 18 20
rbtree: 14 18
rbtree: 18 22
rbtree: 16 20
rbtree: 16 20
rbtree: 14 46
rbtree: 18 20
rbtree: 14 20
rbtree: 18 18
rbtree: 14 20
rbtree: 16 20
rbtree: 12 20
rbtree: 18 20
rbtree: 14 20
rbtree: 18 18
rbtree: 14 18
rbtree: 16 20
rbtree: 14 20
rbtree: 18 22
rbtree: 14 22
rbtree: 16 18
rbtree: 14 22
rbtree: 18 18
rbtree: 14 20
rbtree: 16 22
rbtree: 14 20
rbtree: 16 20
rbtree: 16 20
rbtree: 18 22
rbtree: 14 20
rbtree: 18 20
rbtree: 14 20
rbtree: 18 18
rbtree: 14 18
rbtree: 16 18
rbtree: 14 20
rbtree: 16 18
rbtree: 14 20
rbtree: 16 20
rbtree: 16 20
rbtree: 18 22
rbtree: 14 22
rbtree: 16 20
rbtree: 14 20
rbtree: 18 20
rbtree: 12 20
rbtree: 14 20
rbtree: 14 18
rbtree: 18 18
rbtree: 16 22
rbtree: 16 20
rbtree: 12 18
rbtree: 18 20
rbtree: 16 18
rbtree: 16 20
rbtree: 14 20
rbtree: 18 18
rbtree: 14 20
rbtree: 18 20
rbtree: 16 18
rbtree: 16 20
rbtree: 14 20
rbtree: 18 18
rbtree: 16 20
rbtree: 16 20
rbtree: 16 18
rbtree: 16 20
rbtree: 14 20
rbtree: 18 18
rbtree: 16 20
rbtree: 16 20
rbtree: 14 20
rbtree: 16 22
rbtree: 14 20
rbtree: 18 20
rbtree: 14 20
rbtree: 18 18
rbtree: 14 20
rbtree: 16 20
rbtree: 12 20
rbtree: 14 20
rbtree: 14 22
rbtree: 16 20
rbtree: 14 22
rbtree: 16 20
rbtree: 14 20
rbtree: 18 18
rbtree: 14 18
rbtree: 16 20
rbtree: 14 20
rbtree: 16 18
rbtree: 16 20
rbtree: 16 20
rbtree: 14 20
rbtree: 18 16
rbtree: 14 20
rbtree: 18 20
rbtree: 12 20
rbtree: 16 20
rbtree: 14 20
rbtree: 16 18
rbtree: 14 18
rbtree: 16 20
rbtree: 16 18
rbtree: 16 20
rbtree: 14 20
rbtree: 16 20
rbtree: 12 20
rbtree: 16 20
rbtree: 16 20
rbtree: 16 22
rbtree: 14 20
rbtree: 18 20
rbtree: 14 18
rbtree: 18 20
rbtree: 14 18
rbtree: 16 20
rbtree: 14 20
rbtree: 18 22
rbtree: 16 20
rbtree: 18 18
rbtree: 14 18
rbtree: 18 20
rbtree: 14 18
rbtree: 18 20
rbtree: 16 20
rbtree: 16 20
rbtree: 14 20
rbtree: 16 20
rbtree: 14 22
rbtree: 16 20
rbtree: 14 20
rbtree: 16 18
rbtree: 14 20
rbtree: 18 18
rbtree: 14 20
rbtree: 14 20
rbtree: 14 20
rbtree: 18 18
rbtree: 14 20
rbtree: 16 18
rbtree: 14 18
rbtree: 18 20
rbtree: 14 20
rbtree: 18 18
rbtree: 14 20
rbtree: 18 20
rbtree: 14 20
rbtree: 18 18
rbtree: 14 20
rbtree: 18 20
rbtree: 14 18
rbtree: 20 20
rbtree: 14 20
rbtree: 18 22
rbtree: 14 20
rbtree: 18 18
rbtree: 14 18
rbtree: 18 18
rbtree: 14 20
rbtree: 18 20
rbtree: 14 20
rbtree: 18 18
rbtree: 14 18
rbtree: 18 18
rbtree: 12 18
rbtree: 20 18
rbtree: 16 20
rbtree: 16 20
rbtree: 14 20
rbtree: 16 22
rbtree: 14 20
rbtree: 16 20
rbtree: 14 18
rbtree: 16 18
rbtree: 14 20
rbtree: 18 18
rbtree: 14 20
rbtree: 18 20
rbtree: 14 20
rbtree: 18 20
rbtree: 14 18
rbtree: 18 18
rbtree: 12 22
rbtree: 18 20
rbtree: 14 20
rbtree: 18 22
rbtree: 16 20
rbtree: 16 22
rbtree: 14 20
rbtree: 18 18
rbtree: 14 20
rbtree: 16 20
rbtree: 16 20
rbtree: 16 18
rbtree: 14 20
rbtree: 18 18
rbtree: 16 20
rbtree: 16 20
rbtree: 14 22
rbtree: 16 20
rbtree: 14 20
rbtree: 18 18
rbtree: 14 20
rbtree: 16 20
rbtree: 14 18
rbtree: 16 20
rbtree: 14 20
rbtree: 18 44
rbtree: 16 44
rbtree: 18 20
rbtree: 14 20
rbtree: 16 20
rbtree: 14 20
rbtree: 18 22
rbtree: 14 22
rbtree: 16 20
rbtree: 14 20
rbtree: 16 18
rbtree: 14 18
rbtree: 18 18
rbtree: 14 20
rbtree: 18 20
rbtree: 14 20
rbtree: 16 22
rbtree: 14 20
rbtree: 20 18
rbtree: 12 18
rbtree: 18 20
rbtree: 16 18
rbtree: 18 18
rbtree: 16 22
rbtree: 16 20
rbtree: 14 20
rbtree: 18 20
rbtree: 14 20
rbtree: 18 20
rbtree: 14 20
rbtree: 20 18
rbtree: 14 20
rbtree: 16 18
rbtree: 14 18
rbtree: 16 20
rbtree: 14 20
rbtree: 20 18
rbtree: 14 20
rbtree: 18 18
rbtree: 14 22
rbtree: 18 20
rbtree: 14 20
rbtree: 16 20
rbtree: 16 20
rbtree: 16 20
rbtree: 14 20
rbtree: 16 20
rbtree: 14 18
rbtree: 16 20
rbtree: 14 20
rbtree: 16 20
rbtree: 14 18
rbtree: 18 20
rbtree: 14 20
rbtree: 20 18
rbtree: 14 18
rbtree: 18 18
rbtree: 12 20
rbtree: 16 20
rbtree: 14 20
rbtree: 18 18
rbtree: 14 18
rbtree: 20 20
rbtree: 16 18
rbtree: 18 22
rbtree: 14 22
rbtree: 18 20
rbtree: 14 18
rbtree: 18 20
rbtree: 16 20
