rbtree: 236 158
rbtree: 118 192
rbtree: 84 174
rbtree: 32 114
rbtree: 70 60
rbtree: 16 108
rbtree: 110 28
rbtree: 24 70
rbtree: 56 28
rbtree: 112 132
rbtree: 22 66
rbtree: 76 86
rbtree: 26 68
rbtree: 64 110
rbtree: 80 70
rbtree: 26 76
rbtree: 112 28
rbtree: 18 138
rbtree: 104 70
rbtree: 48 68
rbtree: 24 26
rbtree: 164 106
rbtree: 16 78
rbtree: 64 104
rbtree: 24 64
rbtree: 28 112
rbtree: 14 64
rbtree: 46 84
rbtree: 28 28
rbtree: 58 90
rbtree: 24 70
rbtree: 66 32
rbtree: 36 68
rbtree: 22 124
rbtree: 50 28
rbtree: 16 74
rbtree: 48 30
rbtree: 16 80
rbtree: 58 28
rbtree: 16 74
rbtree: 52 28
rbtree: 30 130
rbtree: 16 86
rbtree: 82 90
rbtree: 24 72
rbtree: 38 102
rbtree: 24 72
rbtree: 16 70
rbtree: 24 70
rbtree: 54 110
rbtree: 28 74
rbtree: 38 74
rbtree: 26 72
rbtree: 30 120
rbtree: 28 30
rbtree: 48 92
rbtree: 92 72
rbtree: 16 148
rbtree: 52 70
rbtree: 16 78
rbtree: 28 30
rbtree: 60 120
rbtree: 28 72
rbtree: 52 92
rbtree: 14 72
rbtree: 28 118
rbtree: 44 72
rbtree: 72 90
rbtree: 28 30
rbtree: 92 104
rbtree: 16 66
rbtree: 62 94
rbtree: 28 30
rbtree: 30 134
rbtree: 26 70
rbtree: 34 90
rbtree: 28 32
rbtree: 44 104
rbtree: 24 70
rbtree: 46 102
rbtree: 66 70
rbtree: 24 100
rbtree: 64 30
rbtree: 26 78
rbtree: 34 32
rbtree: 24 106
rbtree: 80 30
rbtree: 28 40
rbtree: 92 30
rbtree: 28 152
rbtree: 26 72
rbtree: 40 78
rbtree: 30 36
rbtree: 64 94
rbtree: 14 78
rbtree: 32 74
rbtree: 84 70
rbtree: 22 122
rbtree: 50 68
rbtree: 30 80
rbtree: 74 32
rbtree: 26 104
rbtree: 64 26
rbtree: 20 78
rbtree: 82 30
rbtree: 26 146
rbtree: 52 92
rbtree: 26 76
rbtree: 40 36
rbtree: 20 90
rbtree: 34 32
rbtree: 20 84
rbtree: 50 32
rbtree: 18 92
rbtree: 16 32
rbtree: 18 78
rbtree: 42 84
rbtree: 20 86
rbtree: 22 70
rbtree: 22 78
rbtree: 50 68
rbtree: 24 116
rbtree: 24 34
rbtree: 22 44
rbtree: 40 30
rbtree: 20 88
rbtree: 24 34
rbtree: 22 80
rbtree: 50 32
rbtree: 20 94
rbtree: 22 30
rbtree: 20 78
rbtree: 40 30
rbtree: 20 104
rbtree: 20 32
rbtree: 18 78
rbtree: 48 30
rbtree: 18 116
rbtree: 24 34
rbtree: 22 42
rbtree: 40 32
rbtree: 22 90
rbtree: 22 34
rbtree: 20 84
rbtree: 28 70
rbtree: 22 90
rbtree: 22 68
rbtree: 24 76
rbtree: 42 66
rbtree: 24 104
rbtree: 20 68
rbtree: 22 78
rbtree: 48 32
rbtree: 20 120
rbtree: 18 36
rbtree: 20 42
rbtree: 38 36
rbtree: 28 90
rbtree: 24 34
rbtree: 20 38
rbtree: 52 30
rbtree: 20 92
rbtree: 22 30
rbtree: 18 40
rbtree: 38 28
rbtree: 18 104
rbtree: 22 32
rbtree: 18 80
rbtree: 24 30
rbtree: 20 116
rbtree: 16 32
rbtree: 22 42
rbtree: 40 36
rbtree: 22 90
rbtree: 18 32
rbtree: 22 42
rbtree: 26 30
rbtree: 20 56
rbtree: 18 30
rbtree: 32 86
rbtree: 40 32
rbtree: 28 86
rbtree: 22 32
rbtree: 30 78
rbtree: 24 32
rbtree: 30 96
rbtree: 22 32
rbtree: 34 44
rbtree: 44 32
rbtree: 32 90
rbtree: 24 32
rbtree: 30 42
rbtree: 32 34
rbtree: 32 56
rbtree: 30 32
rbtree: 32 78
rbtree: 42 30
rbtree: 32 86
rbtree: 22 30
rbtree: 32 78
rbtree: 24 28
rbtree: 32 94
rbtree: 24 36
rbtree: 20 40
rbtree: 38 34
rbtree: 20 88
rbtree: 22 34
rbtree: 20 42
rbtree: 26 32
rbtree: 20 54
rbtree: 16 32
rbtree: 32 78
rbtree: 40 32
rbtree: 32 86
rbtree: 22 32
rbtree: 32 80
rbtree: 24 30
rbtree: 32 94
rbtree: 24 34
rbtree: 30 42
rbtree: 44 34
rbtree: 32 86
rbtree: 24 32
rbtree: 32 42
rbtree: 32 32
rbtree: 32 94
rbtree: 20 30
rbtree: 32 78
rbtree: 42 30
rbtree: 32 86
rbtree: 22 30
rbtree: 32 76
rbtree: 22 28
rbtree: 30 94
rbtree: 22 32
rbtree: 34 42
rbtree: 40 32
rbtree: 26 88
rbtree: 24 32
rbtree: 20 42
rbtree: 30 32
rbtree: 20 96
rbtree: 20 30
rbtree: 18 78
rbtree: 40 32
rbtree: 20 88
rbtree: 22 32
rbtree: 18 78
rbtree: 22 32
rbtree: 18 100
rbtree: 22 34
rbtree: 20 40
rbtree: 38 34
rbtree: 22 90
rbtree: 24 34
rbtree: 20 42
rbtree: 26 32
rbtree: 20 92
rbtree: 22 32
rbtree: 18 78
rbtree: 42 30
rbtree: 20 86
rbtree: 20 32
rbtree: 18 80
rbtree: 24 30
rbtree: 20 94
rbtree: 24 34
rbtree: 24 40
rbtree: 40 34
rbtree: 20 90
rbtree: 22 34
rbtree: 18 42
rbtree: 28 30
rbtree: 18 92
rbtree: 20 32
rbtree: 18 78
rbtree: 40 32
rbtree: 20 82
rbtree: 20 32
rbtree: 20 80
rbtree: 24 28
rbtree: 20 94
rbtree: 20 36
rbtree: 22 42
rbtree: 38 34
rbtree: 20 84
rbtree: 22 34
rbtree: 20 44
rbtree: 50 28
rbtree: 20 90
rbtree: 20 32
rbtree: 20 82
rbtree: 42 32
rbtree: 18 88
rbtree: 20 30
rbtree: 18 78
rbtree: 24 32
rbtree: 18 96
rbtree: 22 36
rbtree: 20 40
rbtree: 38 36
rbtree: 20 90
rbtree: 24 32
rbtree: 20 80
rbtree: 54 32
rbtree: 20 92
rbtree: 20 30
rbtree: 20 78
rbtree: 42 28
rbtree: 18 84
rbtree: 20 30
rbtree: 20 78
rbtree: 26 30
rbtree: 20 94
rbtree: 22 32
rbtree: 20 42
rbtree: 40 32
rbtree: 20 92
rbtree: 24 34
rbtree: 20 40
rbtree: 50 30
rbtree: 18 92
rbtree: 20 30
rbtree: 20 76
rbtree: 42 30
rbtree: 18 88
rbtree: 20 30
rbtree: 20 78
rbtree: 24 30
rbtree: 18 102
rbtree: 22 38
rbtree: 24 44
rbtree: 40 34
rbtree: 18 88
rbtree: 24 34
rbtree: 20 40
rbtree: 52 30
rbtree: 20 92
rbtree: 20 30
rbtree: 18 78
rbtree: 40 30
rbtree: 20 84
rbtree: 22 30
rbtree: 20 76
rbtree: 24 28
rbtree: 20 94
rbtree: 24 32
rbtree: 20 44
rbtree: 40 34
rbtree: 20 88
rbtree: 24 32
rbtree: 20 42
rbtree: 50 30
rbtree: 20 92
rbtree: 20 30
rbtree: 20 78
rbtree: 40 30
rbtree: 20 86
rbtree: 22 32
rbtree: 20 78
rbtree: 24 30
rbtree: 18 96
rbtree: 24 36
rbtree: 20 42
rbtree: 40 34
rbtree: 20 90
rbtree: 24 32
rbtree: 22 40
rbtree: 52 30
rbtree: 20 92
rbtree: 22 32
rbtree: 18 78
rbtree: 42 30
rbtree: 18 86
rbtree: 22 30
rbtree: 20 76
rbtree: 24 32
rbtree: 18 96
rbtree: 24 32
rbtree: 20 42
rbtree: 40 36
rbtree: 20 88
rbtree: 24 34
rbtree: 20 82
rbtree: 54 32
rbtree: 20 94
rbtree: 20 28
rbtree: 18 78
rbtree: 40 32
rbtree: 20 86
rbtree: 22 30
rbtree: 18 78
rbtree: 24 28
rbtree: 20 96
rbtree: 24 34
rbtree: 20 40
rbtree: 40 36
rbtree: 20 90
rbtree: 24 34
rbtree: 24 82
rbtree: 50 30
rbtree: 18 92
rbtree: 22 28
rbtree: 20 78
rbtree: 42 30
rbtree: 18 88
rbtree: 20 30
rbtree: 20 78
rbtree: 26 32
rbtree: 20 94
rbtree: 22 36
rbtree: 22 42
rbtree: 40 34
rbtree: 20 88
rbtree: 24 36
rbtree: 20 80
rbtree: 52 30
rbtree: 20 94
rbtree: 22 30
rbtree: 18 78
rbtree: 40 30
rbtree: 18 84
rbtree: 22 32
rbtree: 18 78
rbtree: 24 28
rbtree: 20 98
rbtree: 24 34
rbtree: 20 44
rbtree: 38 34
rbtree: 20 90
rbtree: 24 36
rbtree: 24 84
rbtree: 56 32
rbtree: 18 94
rbtree: 22 32
rbtree: 20 78
rbtree: 40 30
rbtree: 18 84
rbtree: 22 30
rbtree: 20 80
rbtree: 26 32
rbtree: 20 98
rbtree: 24 34
rbtree: 20 42
rbtree: 40 32
rbtree: 22 90
rbtree: 24 32
rbtree: 22 80
rbtree: 54 32
rbtree: 18 94
rbtree: 22 30
rbtree: 20 78
rbtree: 42 30
rbtree: 20 86
rbtree: 20 30
rbtree: 20 80
rbtree: 24 30
rbtree: 20 102
rbtree: 22 32
rbtree: 20 42
rbtree: 40 34
rbtree: 22 86
rbtree: 24 34
rbtree: 22 84
rbtree: 50 32
rbtree: 20 94
rbtree: 20 32
rbtree: 20 76
rbtree: 42 32
rbtree: 18 106
rbtree: 22 30
rbtree: 20 80
rbtree: 24 32
rbtree: 20 110
rbtree: 22 34
rbtree: 20 42
rbtree: 38 34
rbtree: 20 88
rbtree: 24 34
rbtree: 20 82
rbtree: 50 32
rbtree: 20 90
rbtree: 22 30
rbtree: 18 78
rbtree: 40 32
rbtree: 18 100
rbtree: 20 32
rbtree: 18 80
rbtree: 26 28
rbtree: 18 116
rbtree: 22 36
rbtree: 18 42
rbtree: 38 34
rbtree: 22 90
rbtree: 22 32
rbtree: 20 84
rbtree: 50 32
rbtree: 20 94
rbtree: 20 32
rbtree: 18 78
rbtree: 40 30
rbtree: 20 108
rbtree: 22 30
rbtree: 20 78
rbtree: 24 28
rbtree: 20 116
rbtree: 22 30
rbtree: 22 42
rbtree: 38 34
rbtree: 20 88
rbtree: 22 34
rbtree: 20 82
rbtree: 52 30
rbtree: 18 92
rbtree: 20 30
rbtree: 20 76
rbtree: 42 30
rbtree: 18 106
rbtree: 20 28
rbtree: 20 76
rbtree: 26 28
rbtree: 18 118
rbtree: 24 34
rbtree: 20 42
rbtree: 38 32
rbtree: 20 90
rbtree: 22 34
rbtree: 20 80
rbtree: 54 32
rbtree: 20 94
rbtree: 22 30
rbtree: 20 78
rbtree: 42 30
rbtree: 18 102
rbtree: 20 30
rbtree: 20 76
rbtree: 24 28
rbtree: 20 112
rbtree: 24 32
rbtree: 20 42
rbtree: 38 32
rbtree: 24 90
rbtree: 22 36
rbtree: 24 82
rbtree: 52 32
rbtree: 20 92
rbtree: 20 28
rbtree: 18 78
rbtree: 42 30
rbtree: 18 106
rbtree: 20 32
rbtree: 20 76
rbtree: 24 30
rbtree: 18 118
rbtree: 24 34
rbtree: 22 42
rbtree: 38 34
rbtree: 24 90
rbtree: 22 32
rbtree: 20 82
rbtree: 54 32
rbtree: 20 92
rbtree: 22 30
rbtree: 20 76
rbtree: 42 32
rbtree: 20 108
rbtree: 22 30
rbtree: 20 78
rbtree: 24 32
rbtree: 18 116
rbtree: 22 36
rbtree: 20 42
rbtree: 38 36
rbtree: 20 90
rbtree: 22 34
rbtree: 24 84
rbtree: 50 34
rbtree: 20 92
rbtree: 22 30
rbtree: 18 78
rbtree: 42 32
rbtree: 20 106
rbtree: 22 30
rbtree: 18 78
rbtree: 24 28
rbtree: 20 116
rbtree: 24 36
rbtree: 20 42
rbtree: 38 36
rbtree: 20 90
rbtree: 22 34
rbtree: 20 80
rbtree: 48 32
rbtree: 20 92
rbtree: 20 30
rbtree: 18 76
rbtree: 40 30
rbtree: 18 102
rbtree: 20 32
rbtree: 20 80
rbtree: 26 30
rbtree: 20 116
rbtree: 24 36
rbtree: 20 42
rbtree: 38 34
rbtree: 20 92
rbtree: 22 36
rbtree: 22 84
rbtree: 54 28
rbtree: 18 92
rbtree: 22 28
rbtree: 20 78
rbtree: 42 32
rbtree: 20 106
rbtree: 22 30
rbtree: 20 76
rbtree: 24 32
rbtree: 20 112
rbtree: 22 32
rbtree: 20 82
rbtree: 40 32
rbtree: 22 88
rbtree: 22 36
rbtree: 24 42
rbtree: 52 32
rbtree: 18 96
rbtree: 20 32
rbtree: 18 78
rbtree: 42 30
rbtree: 18 106
rbtree: 22 30
rbtree: 20 78
rbtree: 24 30
rbtree: 18 116
rbtree: 22 36
rbtree: 18 42
rbtree: 38 34
rbtree: 20 88
rbtree: 22 36
rbtree: 22 40
rbtree: 52 30
rbtree: 18 94
rbtree: 22 28
rbtree: 18 78
rbtree: 42 32
rbtree: 18 108
rbtree: 20 32
rbtree: 20 80
rbtree: 24 30
rbtree: 20 112
rbtree: 24 36
rbtree: 20 42
rbtree: 38 34
rbtree: 22 94
rbtree: 24 34
rbtree: 20 84
rbtree: 54 32
rbtree: 20 92
rbtree: 20 32
rbtree: 20 78
rbtree: 40 32
rbtree: 18 102
rbtree: 22 28
rbtree: 20 74
rbtree: 22 32
rbtree: 20 116
rbtree: 24 32
rbtree: 22 42
rbtree: 40 32
rbtree: 22 84
rbtree: 22 34
rbtree: 24 82
rbtree: 48 32
rbtree: 20 94
rbtree: 20 30
rbtree: 20 78
rbtree: 42 34
rbtree: 20 102
rbtree: 22 30
rbtree: 20 78
rbtree: 28 30
rbtree: 18 114
rbtree: 22 34
rbtree: 20 82
rbtree: 40 34
rbtree: 20 88
rbtree: 22 36
rbtree: 20 44
rbtree: 50 28
rbtree: 18 90
rbtree: 20 30
rbtree: 20 78
rbtree: 40 30
rbtree: 20 106
rbtree: 20 30
rbtree: 18 76
rbtree: 22 30
rbtree: 20 114
rbtree: 24 32
rbtree: 20 42
rbtree: 40 32
rbtree: 20 90
rbtree: 24 36
rbtree: 20 80
rbtree: 48 32
rbtree: 18 92
rbtree: 22 30
rbtree: 20 78
rbtree: 42 32
rbtree: 20 108
rbtree: 20 30
rbtree: 20 76
rbtree: 24 30
rbtree: 18 116
rbtree: 22 36
rbtree: 22 82
rbtree: 40 32
rbtree: 20 84
rbtree: 24 34
rbtree: 24 42
rbtree: 48 30
rbtree: 20 92
rbtree: 18 32
rbtree: 18 76
rbtree: 42 30
rbtree: 20 104
rbtree: 20 30
rbtree: 20 78
rbtree: 26 30
rbtree: 20 118
rbtree: 24 38
rbtree: 20 44
rbtree: 38 34
rbtree: 20 90
rbtree: 22 34
rbtree: 24 84
rbtree: 48 32
rbtree: 20 94
rbtree: 20 28
rbtree: 20 78
rbtree: 40 30
rbtree: 20 104
rbtree: 22 30
rbtree: 18 78
rbtree: 48 30
rbtree: 18 52
rbtree: 20 36
rbtree: 22 84
rbtree: 24 34
rbtree: 26 90
rbtree: 22 34
rbtree: 20 80
rbtree: 50 32
rbtree: 20 96
rbtree: 22 30
rbtree: 20 78
rbtree: 40 30
rbtree: 20 84
rbtree: 20 32
rbtree: 20 80
rbtree: 24 30
rbtree: 20 102
rbtree: 22 36
rbtree: 18 44
rbtree: 40 32
rbtree: 20 92
rbtree: 24 32
rbtree: 20 42
rbtree: 52 32
rbtree: 20 96
rbtree: 18 32
rbtree: 20 78
rbtree: 40 32
rbtree: 18 84
rbtree: 22 30
rbtree: 18 76
rbtree: 22 30
rbtree: 18 94
rbtree: 22 34
rbtree: 22 42
rbtree: 40 36
rbtree: 20 90
rbtree: 24 34
rbtree: 24 42
rbtree: 52 34
rbtree: 18 92
rbtree: 20 30
rbtree: 20 78
rbtree: 40 32
rbtree: 20 82
rbtree: 20 32
rbtree: 20 78
rbtree: 24 32
rbtree: 18 98
rbtree: 26 34
rbtree: 22 42
rbtree: 40 32
rbtree: 22 90
rbtree: 24 34
rbtree: 20 42
rbtree: 52 28
rbtree: 18 92
rbtree: 20 32
rbtree: 20 76
rbtree: 40 30
rbtree: 20 104
rbtree: 20 32
rbtree: 20 80
rbtree: 24 32
rbtree: 18 110
rbtree: 24 34
rbtree: 22 42
rbtree: 40 34
rbtree: 20 92
rbtree: 22 34
rbtree: 24 82
rbtree: 52 30
rbtree: 18 92
rbtree: 22 30
rbtree: 20 78
rbtree: 42 30
rbtree: 20 104
rbtree: 22 32
rbtree: 18 78
rbtree: 24 30
rbtree: 20 114
rbtree: 24 34
rbtree: 20 42
rbtree: 38 34
rbtree: 22 90
rbtree: 22 32
rbtree: 20 84
rbtree: 48 36
rbtree: 20 92
rbtree: 20 30
rbtree: 18 78
rbtree: 40 30
rbtree: 20 106
rbtree: 22 30
rbtree: 20 78
rbtree: 26 30
rbtree: 20 108
rbtree: 22 36
rbtree: 20 40
rbtree: 38 36
rbtree: 20 90
rbtree: 22 36
rbtree: 24 82
rbtree: 54 32
rbtree: 18 92
rbtree: 20 30
rbtree: 20 80
rbtree: 42 28
rbtree: 20 112
rbtree: 20 30
rbtree: 18 76
rbtree: 24 28
rbtree: 20 114
rbtree: 22 32
rbtree: 22 82
rbtree: 42 34
rbtree: 20 88
rbtree: 24 32
rbtree: 22 40
rbtree: 50 36
rbtree: 18 94
rbtree: 22 30
rbtree: 18 78
rbtree: 42 32
rbtree: 20 84
rbtree: 20 30
rbtree: 18 76
rbtree: 26 28
rbtree: 20 94
rbtree: 22 36
rbtree: 18 42
rbtree: 38 34
rbtree: 24 90
rbtree: 24 32
rbtree: 20 80
rbtree: 56 30
rbtree: 20 92
rbtree: 22 32
rbtree: 18 78
rbtree: 42 28
rbtree: 20 84
rbtree: 22 34
rbtree: 18 78
rbtree: 24 28
rbtree: 20 94
rbtree: 22 32
rbtree: 22 82
rbtree: 40 34
rbtree: 22 84
rbtree: 22 34
rbtree: 22 42
rbtree: 50 30
rbtree: 18 96
rbtree: 22 32
rbtree: 20 82
rbtree: 42 32
rbtree: 20 86
rbtree: 20 30
rbtree: 18 78
rbtree: 24 28
rbtree: 20 96
rbtree: 24 36
rbtree: 22 40
rbtree: 40 28
rbtree: 20 86
rbtree: 24 34
rbtree: 20 42
rbtree: 52 28
rbtree: 20 92
rbtree: 22 32
rbtree: 18 78
rbtree: 40 32
rbtree: 20 86
rbtree: 20 30
rbtree: 18 76
rbtree: 24 30
rbtree: 20 100
rbtree: 22 32
rbtree: 18 42
rbtree: 38 34
rbtree: 20 92
rbtree: 24 34
rbtree: 24 82
rbtree: 54 30
rbtree: 20 96
rbtree: 20 30
rbtree: 18 78
rbtree: 42 30
rbtree: 20 84
rbtree: 20 30
rbtree: 20 76
rbtree: 24 32
rbtree: 18 96
rbtree: 22 34
rbtree: 20 42
rbtree: 40 34
rbtree: 20 90
rbtree: 24 36
rbtree: 22 82
rbtree: 54 30
rbtree: 22 94
rbtree: 22 30
rbtree: 20 80
rbtree: 42 30
rbtree: 18 84
rbtree: 24 32
rbtree: 18 76
rbtree: 22 32
rbtree: 18 96
rbtree: 22 32
rbtree: 20 82
rbtree: 40 36
rbtree: 20 90
rbtree: 24 34
rbtree: 20 42
rbtree: 52 30
rbtree: 18 90
rbtree: 26 32
rbtree: 20 78
rbtree: 42 30
rbtree: 18 86
rbtree: 22 30
rbtree: 18 78
rbtree: 24 30
rbtree: 20 94
rbtree: 24 32
rbtree: 20 40
rbtree: 40 32
rbtree: 22 90
rbtree: 24 32
rbtree: 20 80
rbtree: 50 30
rbtree: 20 92
rbtree: 20 28
rbtree: 20 78
rbtree: 40 32
rbtree: 18 84
rbtree: 20 30
rbtree: 20 78
rbtree: 26 28
rbtree: 18 96
rbtree: 22 36
rbtree: 20 82
rbtree: 42 34
rbtree: 20 90
rbtree: 26 32
rbtree: 22 40
rbtree: 52 32
rbtree: 20 92
rbtree: 20 30
rbtree: 20 78
rbtree: 40 30
rbtree: 20 84
rbtree: 22 30
rbtree: 20 78
