rbtree: 90 118
rbtree: 194 74
rbtree: 86 130
rbtree: 32 138
rbtree: 20 48
rbtree: 16 24
rbtree: 18 22
rbtree: 16 24
rbtree: 14 20
rbtree: 14 24
rbtree: 16 20
rbtree: 16 26
rbtree: 16 22
rbtree: 16 24
rbtree: 16 22
rbtree: 16 26
rbtree: 14 22
rbtree: 16 24
rbtree: 16 22
rbtree: 14 22
rbtree: 16 22
rbtree: 16 26
rbtree: 16 22
rbtree: 14 24
rbtree: 16 22
rbtree: 16 22
rbtree: 16 22
rbtree: 16 24
rbtree: 16 52
rbtree: 14 24
rbtree: 14 22
rbtree: 16 24
rbtree: 16 22
rbtree: 14 26
rbtree: 16 20
rbtree: 16 24
rbtree: 16 62
rbtree: 16 24
rbtree: 18 22
rbtree: 14 24
rbtree: 14 22
rbtree: 16 26
rbtree: 16 22
rbtree: 16 24
rbtree: 14 42
rbtree: 16 24
rbtree: 16 20
rbtree: 14 26
rbtree: 16 22
rbtree: 16 26
rbtree: 16 20
rbtree: 16 26
rbtree: 16 20
rbtree: 16 26
rbtree: 16 22
rbtree: 16 24
rbtree: 16 20
rbtree: 16 24
rbtree: 16 22
rbtree: 16 26
rbtree: 16 46
rbtree: 16 24
rbtree: 14 22
rbtree: 16 24
rbtree: 16 22
rbtree: 14 24
rbtree: 16 22
rbtree: 14 26
rbtree: 16 24
rbtree: 16 24
rbtree: 16 22
rbtree: 16 24
rbtree: 16 22
rbtree: 14 26
rbtree: 14 22
rbtree: 16 24
rbtree: 14 174
rbtree: 14 24
rbtree: 16 22
rbtree: 18 24
rbtree: 16 24
rbtree: 16 24
rbtree: 14 22
rbtree: 14 26
rbtree: 14 22
rbtree: 14 24
rbtree: 16 20
rbtree: 16 24
rbtree: 14 20
rbtree: 14 26
rbtree: 16 20
rbtree: 16 24
rbtree: 16 22
rbtree: 16 26
rbtree: 16 20
rbtree: 16 24
rbtree: 16 20
rbtree: 16 24
rbtree: 16 24
rbtree: 14 24
rbtree: 16 22
rbtree: 16 24
rbtree: 14 20
rbtree: 16 24
rbtree: 14 22
rbtree: 16 26
rbtree: 16 24
rbtree: 16 24
rbtree: 14 20
rbtree: 16 22
rbtree: 16 22
rbtree: 16 24
rbtree: 16 20
rbtree: 14 24
rbtree: 16 22
rbtree: 16 26
rbtree: 14 22
rbtree: 14 26
rbtree: 16 22
rbtree: 14 26
rbtree: 16 22
rbtree: 16 24
rbtree: 14 20
rbtree: 16 22
rbtree: 16 20
rbtree: 16 24
rbtree: 16 22
rbtree: 16 24
rbtree: 14 22
rbtree: 14 22
rbtree: 16 22
rbtree: 16 24
rbtree: 14 22
rbtree: 16 24
rbtree: 16 22
rbtree: 14 26
rbtree: 16 24
rbtree: 14 24
rbtree: 16 22
rbtree: 16 26
rbtree: 16 22
rbtree: 16 24
rbtree: 14 20
rbtree: 16 24
rbtree: 16 22
rbtree: 14 24
rbtree: 16 22
rbtree: 16 24
rbtree: 16 22
rbtree: 16 24
rbtree: 16 20
rbtree: 14 24
rbtree: 16 22
rbtree: 14 26
rbtree: 16 22
rbtree: 14 26
rbtree: 16 22
rbtree: 18 26
rbtree: 14 22
rbtree: 16 24
rbtree: 16 22
rbtree: 14 22
rbtree: 14 22
rbtree: 16 24
rbtree: 18 22
rbtree: 14 24
rbtree: 16 20
rbtree: 14 24
rbtree: 16 22
rbtree: 16 24
rbtree: 14 22
rbtree: 14 26
rbtree: 16 22
rbtree: 14 22
rbtree: 16 20
rbtree: 14 24
rbtree: 14 22
rbtree: 14 26
rbtree: 16 22
rbtree: 14 24
rbtree: 16 24
rbtree: 16 24
rbtree: 16 20
rbtree: 16 24
rbtree: 16 22
rbtree: 16 24
rbtree: 16 20
rbtree: 16 24
rbtree: 16 20
rbtree: 16 26
rbtree: 16 20
rbtree: 14 24
rbtree: 16 24
rbtree: 16 24
rbtree: 16 20
rbtree: 16 24
rbtree: 16 22
rbtree: 16 24
rbtree: 16 22
rbtree: 14 26
rbtree: 20 20
rbtree: 16 22
rbtree: 16 22
rbtree: 16 26
rbtree: 16 22
rbtree: 14 26
rbtree: 16 22
rbtree: 14 26
rbtree: 18 22
rbtree: 16 26
rbtree: 16 20
rbtree: 18 24
rbtree: 16 20
rbtree: 16 24
rbtree: 14 22
rbtree: 16 24
rbtree: 16 22
rbtree: 16 22
rbtree: 16 22
rbtree: 14 26
rbtree: 16 22
rbtree: 16 22
rbtree: 16 22
rbtree: 14 26
rbtree: 14 22
rbtree: 14 26
rbtree: 14 22
rbtree: 16 24
rbtree: 16 20
rbtree: 16 26
rbtree: 16 22
rbtree: 14 24
rbtree: 14 22
rbtree: 16 26
rbtree: 16 22
rbtree: 16 24
rbtree: 16 24
rbtree: 14 26
rbtree: 16 20
rbtree: 14 22
rbtree: 16 20
rbtree: 18 24
rbtree: 16 22
rbtree: 16 26
rbtree: 16 22
rbtree: 16 26
rbtree: 16 20
rbtree: 14 24
rbtree: 16 20
rbtree: 16 24
rbtree: 18 22
rbtree: 16 26
rbtree: 16 22
rbtree: 14 26
rbtree: 16 20
rbtree: 16 26
rbtree: 16 20
rbtree: 16 26
rbtree: 14 22
rbtree: 16 24
rbtree: 14 22
rbtree: 16 24
rbtree: 16 22
rbtree: 16 24
rbtree: 16 22
rbtree: 14 24
rbtree: 16 20
rbtree: 16 24
rbtree: 16 22
rbtree: 14 26
rbtree: 16 20
rbtree: 16 26
rbtree: 16 20
rbtree: 16 26
rbtree: 14 20
rbtree: 16 24
rbtree: 16 20
rbtree: 16 24
rbtree: 14 22
rbtree: 16 24
rbtree: 14 22
rbtree: 14 26
rbtree: 14 24
rbtree: 14 26
rbtree: 16 22
rbtree: 16 24
rbtree: 16 24
rbtree: 14 24
rbtree: 14 20
rbtree: 16 24
rbtree: 16 22
rbtree: 16 26
rbtree: 16 22
rbtree: 16 24
rbtree: 16 20
rbtree: 14 26
rbtree: 14 22
rbtree: 16 24
rbtree: 14 20
rbtree: 16 26
rbtree: 16 22
rbtree: 16 24
rbtree: 16 20
rbtree: 14 22
rbtree: 16 22
rbtree: 16 24
rbtree: 16 20
rbtree: 16 24
rbtree: 14 20
rbtree: 16 24
rbtree: 14 18
rbtree: 16 24
rbtree: 16 20
rbtree: 16 24
rbtree: 16 20
rbtree: 16 24
rbtree: 16 22
rbtree: 16 24
rbtree: 16 20
rbtree: 16 24
rbtree: 14 20
rbtree: 16 24
rbtree: 14 22
rbtree: 16 26
rbtree: 14 22
rbtree: 16 24
rbtree: 14 20
rbtree: 16 24
rbtree: 16 22
rbtree: 16 26
rbtree: 16 22
rbtree: 16 26
rbtree: 16 20
rbtree: 14 24
rbtree: 16 22
rbtree: 16 24
rbtree: 16 22
rbtree: 16 22
rbtree: 14 20
rbtree: 16 24
rbtree: 16 22
rbtree: 16 24
rbtree: 16 22
rbtree: 16 24
rbtree: 16 20
rbtree: 16 24
rbtree: 16 22
rbtree: 16 24
rbtree: 14 22
rbtree: 16 24
rbtree: 16 22
rbtree: 16 24
rbtree: 16 22
rbtree: 14 24
rbtree: 16 20
rbtree: 16 24
rbtree: 14 20
rbtree: 16 22
rbtree: 16 20
rbtree: 16 24
rbtree: 14 20
rbtree: 16 24
rbtree: 16 20
rbtree: 14 24
rbtree: 16 20
rbtree: 16 26
rbtree: 16 20
rbtree: 16 26
rbtree: 16 22
rbtree: 14 24
rbtree: 14 20
rbtree: 16 26
rbtree: 14 22
rbtree: 14 26
rbtree: 14 22
rbtree: 16 26
rbtree: 14 22
rbtree: 16 26
rbtree: 16 22
rbtree: 16 24
rbtree: 16 22
rbtree: 16 24
rbtree: 16 22
rbtree: 14 22
rbtree: 14 20
rbtree: 16 24
rbtree: 16 22
rbtree: 16 24
rbtree: 16 24
rbtree: 16 26
rbtree: 16 24
rbtree: 16 24
rbtree: 16 20
rbtree: 16 24
rbtree: 16 22
rbtree: 16 22
rbtree: 16 20
rbtree: 16 26
rbtree: 16 20
rbtree: 16 24
rbtree: 16 22
rbtree: 16 26
rbtree: 14 20
rbtree: 16 26
rbtree: 16 18
rbtree: 16 26
rbtree: 14 20
rbtree: 16 26
rbtree: 16 22
rbtree: 18 24
rbtree: 16 20
rbtree: 16 26
rbtree: 14 22
rbtree: 16 26
rbtree: 16 20
rbtree: 16 24
rbtree: 14 22
rbtree: 14 24
rbtree: 16 22
rbtree: 14 22
rbtree: 14 20
rbtree: 16 24
rbtree: 14 20
rbtree: 16 26
rbtree: 14 22
rbtree: 16 22
rbtree: 16 20
rbtree: 16 22
rbtree: 16 20
rbtree: 14 26
rbtree: 16 22
rbtree: 16 24
rbtree: 16 20
rbtree: 14 26
rbtree: 14 22
rbtree: 14 24
rbtree: 16 22
rbtree: 16 26
rbtree: 14 20
rbtree: 16 24
rbtree: 14 20
rbtree: 16 24
rbtree: 14 22
rbtree: 16 24
rbtree: 16 22
rbtree: 18 24
rbtree: 16 22
rbtree: 14 24
rbtree: 16 22
rbtree: 14 24
rbtree: 16 22
rbtree: 14 24
rbtree: 16 22
rbtree: 16 24
rbtree: 16 20
rbtree: 16 24
rbtree: 16 20
rbtree: 16 24
rbtree: 16 20
rbtree: 14 24
rbtree: 14 22
rbtree: 14 26
rbtree: 16 22
rbtree: 14 22
rbtree: 16 22
rbtree: 16 24
rbtree: 16 20
rbtree: 16 26
rbtree: 16 22
rbtree: 16 24
rbtree: 16 22
rbtree: 16 26
rbtree: 16 20
rbtree: 16 24
rbtree: 16 22
rbtree: 16 24
rbtree: 16 22
rbtree: 14 24
rbtree: 16 24
rbtree: 16 24
rbtree: 16 22
rbtree: 14 24
rbtree: 16 22
rbtree: 16 24
rbtree: 16 22
rbtree: 14 24
rbtree: 16 22
rbtree: 16 26
rbtree: 16 22
rbtree: 14 24
rbtree: 14 22
rbtree: 16 26
rbtree: 14 56
rbtree: 16 26
rbtree: 16 22
rbtree: 16 26
rbtree: 16 22
rbtree: 16 24
rbtree: 16 22
rbtree: 16 24
rbtree: 14 50
rbtree: 16 24
rbtree: 16 20
rbtree: 16 26
rbtree: 16 20
rbtree: 14 22
rbtree: 16 20
rbtree: 14 24
rbtree: 16 52
rbtree: 18 24
rbtree: 14 22
rbtree: 16 24
rbtree: 16 22
rbtree: 16 24
rbtree: 16 20
rbtree: 16 24
rbtree: 14 42
rbtree: 16 26
rbtree: 14 22
rbtree: 16 24
rbtree: 16 22
rbtree: 16 24
rbtree: 16 20
rbtree: 16 24
rbtree: 14 22
rbtree: 16 24
rbtree: 16 20
rbtree: 16 24
rbtree: 14 18
rbtree: 16 26
rbtree: 16 20
rbtree: 14 26
rbtree: 16 52
rbtree: 14 24
rbtree: 14 20
rbtree: 16 24
rbtree: 16 20
rbtree: 14 24
rbtree: 14 20
rbtree: 16 24
rbtree: 16 64
rbtree: 16 24
rbtree: 16 20
rbtree: 14 26
rbtree: 16 22
rbtree: 14 24
rbtree: 16 20
rbtree: 16 26
rbtree: 16 22
rbtree: 16 26
rbtree: 16 22
rbtree: 16 26
rbtree: 14 20
rbtree: 16 26
rbtree: 16 20
rbtree: 16 24
rbtree: 14 22
rbtree: 16 24
rbtree: 14 22
rbtree: 16 24
rbtree: 14 22
rbtree: 16 24
rbtree: 18 22
rbtree: 14 24
rbtree: 16 20
rbtree: 16 24
rbtree: 16 22
rbtree: 16 26
rbtree: 16 22
rbtree: 16 26
rbtree: 16 18
rbtree: 16 24
rbtree: 16 22
rbtree: 16 24
rbtree: 14 22
rbtree: 16 26
rbtree: 16 22
rbtree: 16 24
rbtree: 16 22
rbtree: 16 24
rbtree: 14 22
rbtree: 16 24
rbtree: 16 20
rbtree: 16 22
rbtree: 14 22
rbtree: 14 26
rbtree: 16 22
rbtree: 16 24
rbtree: 14 20
rbtree: 16 24
rbtree: 16 22
rbtree: 14 22
rbtree: 16 20
rbtree: 16 24
rbtree: 16 18
rbtree: 14 24
rbtree: 16 20
rbtree: 16 24
rbtree: 16 22
rbtree: 16 26
rbtree: 16 20
rbtree: 16 24
rbtree: 16 22
rbtree: 14 26
rbtree: 14 20
rbtree: 14 24
rbtree: 14 20
rbtree: 16 26
rbtree: 16 18
rbtree: 14 24
rbtree: 14 20
rbtree: 16 24
rbtree: 16 22
rbtree: 16 26
rbtree: 16 20
rbtree: 16 24
rbtree: 16 20
rbtree: 16 22
rbtree: 16 22
rbtree: 16 24
rbtree: 16 22
rbtree: 14 24
rbtree: 16 22
rbtree: 16 26
rbtree: 16 20
rbtree: 16 24
rbtree: 16 22
rbtree: 16 24
rbtree: 16 22
rbtree: 18 24
rbtree: 16 20
rbtree: 16 26
rbtree: 16 24
rbtree: 14 24
rbtree: 16 20
rbtree: 16 26
rbtree: 18 20
rbtree: 14 24
rbtree: 16 22
rbtree: 16 26
rbtree: 14 20
rbtree: 16 24
rbtree: 16 20
rbtree: 14 26
rbtree: 16 22
rbtree: 14 22
rbtree: 16 20
rbtree: 16 26
rbtree: 16 20
rbtree: 16 24
rbtree: 16 20
rbtree: 16 24
rbtree: 16 20
rbtree: 16 24
rbtree: 16 22
rbtree: 16 26
rbtree: 16 20
rbtree: 16 26
rbtree: 16 18
rbtree: 16 24
rbtree: 16 22
rbtree: 16 24
rbtree: 14 22
rbtree: 16 26
rbtree: 16 22
rbtree: 16 24
rbtree: 16 22
rbtree: 16 24
rbtree: 14 22
rbtree: 16 24
rbtree: 16 20
rbtree: 16 22
rbtree: 16 22
rbtree: 16 24
rbtree: 16 20
rbtree: 14 24
rbtree: 18 20
rbtree: 16 24
rbtree: 14 22
rbtree: 16 24
rbtree: 16 22
rbtree: 16 24
rbtree: 16 24
rbtree: 14 24
rbtree: 16 24
rbtree: 14 26
rbtree: 16 22
rbtree: 16 24
rbtree: 16 20
rbtree: 16 24
rbtree: 16 20
rbtree: 16 26
rbtree: 16 24
rbtree: 16 24
rbtree: 16 20
rbtree: 16 26
rbtree: 16 22
rbtree: 16 24
rbtree: 16 20
rbtree: 18 24
rbtree: 16 20
rbtree: 16 24
rbtree: 16 22
rbtree: 16 24
rbtree: 16 20
rbtree: 14 24
rbtree: 16 22
rbtree: 14 22
rbtree: 16 22
rbtree: 14 24
rbtree: 16 20
rbtree: 16 26
rbtree: 16 20
rbtree: 16 24
rbtree: 14 22
rbtree: 14 24
rbtree: 14 20
rbtree: 14 26
rbtree: 14 22
rbtree: 16 26
rbtree: 14 24
rbtree: 16 24
rbtree: 16 20
rbtree: 16 26
rbtree: 16 20
rbtree: 16 24
rbtree: 14 20
rbtree: 16 24
rbtree: 16 22
rbtree: 16 24
rbtree: 16 20
rbtree: 14 24
rbtree: 14 20
rbtree: 16 24
rbtree: 16 22
rbtree: 16 24
rbtree: 16 20
rbtree: 16 24
rbtree: 16 20
rbtree: 16 24
rbtree: 16 22
rbtree: 14 24
rbtree: 14 20
rbtree: 16 22
rbtree: 14 22
rbtree: 14 26
rbtree: 16 22
rbtree: 16 26
rbtree: 16 20
rbtree: 14 24
rbtree: 16 22
rbtree: 14 24
rbtree: 16 22
rbtree: 16 24
rbtree: 16 22
rbtree: 16 24
rbtree: 16 20
rbtree: 14 24
rbtree: 16 22
rbtree: 16 26
rbtree: 16 20
rbtree: 16 26
rbtree: 16 20
rbtree: 14 24
rbtree: 16 22
rbtree: 16 26
rbtree: 16 18
rbtree: 14 26
rbtree: 16 22
rbtree: 16 24
rbtree: 16 20
rbtree: 16 24
rbtree: 16 22
rbtree: 14 24
rbtree: 16 22
rbtree: 14 22
rbtree: 16 22
rbtree: 16 26
rbtree: 14 22
rbtree: 16 24
rbtree: 16 22
rbtree: 16 24
rbtree: 14 22
rbtree: 16 24
rbtree: 14 22
rbtree: 14 26
rbtree: 14 24
rbtree: 14 24
rbtree: 14 22
rbtree: 16 22
rbtree: 14 22
rbtree: 16 24
rbtree: 14 22
rbtree: 16 24
rbtree: 16 22
rbtree: 14 24
rbtree: 16 20
rbtree: 16 24
rbtree: 16 22
rbtree: 16 26
rbtree: 16 20
rbtree: 16 24
rbtree: 16 20
rbtree: 16 24
rbtree: 16 22
rbtree: 16 24
rbtree: 16 20
rbtree: 14 24
rbtree: 14 20
rbtree: 16 22
rbtree: 14 22
rbtree: 16 24
rbtree: 16 20
rbtree: 16 26
rbtree: 16 20
rbtree: 16 26
rbtree: 16 22
rbtree: 14 24
rbtree: 14 20
rbtree: 16 24
rbtree: 16 20
rbtree: 16 26
rbtree: 16 22
rbtree: 14 24
rbtree: 14 22
rbtree: 14 22
rbtree: 14 20
rbtree: 16 24
rbtree: 16 24
rbtree: 16 24
rbtree: 14 20
rbtree: 16 24
rbtree: 16 20
rbtree: 16 24
rbtree: 16 20
rbtree: 16 24
rbtree: 16 22
rbtree: 14 24
rbtree: 14 20
rbtree: 16 24
rbtree: 14 20
rbtree: 16 24
rbtree: 16 20
rbtree: 16 26
rbtree: 14 24
rbtree: 16 26
rbtree: 16 22
rbtree: 16 24
rbtree: 14 20
rbtree: 16 24
rbtree: 16 22
rbtree: 14 22
rbtree: 16 22
rbtree: 16 24
rbtree: 14 20
rbtree: 16 22
rbtree: 14 20
rbtree: 16 24
rbtree: 16 22
rbtree: 16 22
rbtree: 16 20
rbtree: 14 22
rbtree: 16 22
rbtree: 16 24
rbtree: 16 22
rbtree: 16 24
rbtree: 16 20
rbtree: 16 24
rbtree: 14 20
rbtree: 16 24
rbtree: 16 20
rbtree: 16 22
rbtree: 16 20
rbtree: 14 22
rbtree: 14 20
rbtree: 14 24
rbtree: 16 22
rbtree: 16 24
rbtree: 14 22
rbtree: 16 26
rbtree: 14 20
rbtree: 16 24
rbtree: 16 22
rbtree: 16 24
rbtree: 16 22
rbtree: 16 24
rbtree: 16 22
rbtree: 16 24
rbtree: 16 22
rbtree: 16 26
rbtree: 16 22
rbtree: 16 24
rbtree: 16 22
rbtree: 16 24
rbtree: 14 22
rbtree: 16 24
rbtree: 16 20
rbtree: 16 24
rbtree: 16 20
rbtree: 16 24
rbtree: 16 22
rbtree: 14 26
rbtree: 16 22
rbtree: 14 24
rbtree: 16 22
rbtree: 16 24
rbtree: 14 22
rbtree: 16 26
rbtree: 16 24
rbtree: 14 26
rbtree: 16 20
rbtree: 14 24
rbtree: 16 22
rbtree: 14 24
rbtree: 14 22
rbtree: 16 26
rbtree: 16 20
rbtree: 16 24
rbtree: 16 20
rbtree: 16 26
rbtree: 14 22
rbtree: 14 24
rbtree: 14 20
rbtree: 16 24
rbtree: 16 20
rbtree: 16 24
rbtree: 16 22
rbtree: 16 24
rbtree: 14 22
rbtree: 14 26
rbtree: 16 24
rbtree: 16 24
rbtree: 14 22
rbtree: 16 24
rbtree: 16 20
rbtree: 16 24
rbtree: 16 22
rbtree: 16 24
rbtree: 16 20
rbtree: 16 24
rbtree: 16 22
rbtree: 16 24
rbtree: 14 20
rbtree: 16 26
rbtree: 16 18
rbtree: 16 26
rbtree: 16 20
rbtree: 16 24
rbtree: 16 20
rbtree: 16 24
rbtree: 16 20
rbtree: 16 26
rbtree: 16 20
rbtree: 16 24
rbtree: 16 20
rbtree: 14 24
rbtree: 14 20
rbtree: 14 26
rbtree: 16 20
rbtree: 16 26
rbtree: 16 22
rbtree: 16 24
rbtree: 16 20
rbtree: 16 24
rbtree: 16 22
rbtree: 16 26
rbtree: 16 22
rbtree: 16 24
rbtree: 14 20
rbtree: 14 24
rbtree: 16 22
rbtree: 14 22
rbtree: 16 20
rbtree: 16 24
rbtree: 16 20
rbtree: 14 24
rbtree: 16 22
rbtree: 16 26
rbtree: 16 24
rbtree: 16 24
rbtree: 16 20
rbtree: 16 24
rbtree: 16 22
rbtree: 16 24
rbtree: 16 20
rbtree: 14 26
rbtree: 16 22
rbtree: 16 26
rbtree: 16 22
rbtree: 16 24
rbtree: 16 20
rbtree: 16 24
rbtree: 14 20
rbtree: 16 24
rbtree: 16 22
rbtree: 16 26
rbtree: 14 22
rbtree: 16 24
rbtree: 14 20
rbtree: 16 26
