rbtree: 404 174
rbtree: 124 90
rbtree: 32 118
rbtree: 106 110
rbtree: 76 72
rbtree: 26 100
rbtree: 104 88
rbtree: 22 82
rbtree: 46 62
rbtree: 24 130
rbtree: 112 62
rbtree: 14 70
rbtree: 48 24
rbtree: 16 142
rbtree: 40 26
rbtree: 26 70
rbtree: 56 28
rbtree: 24 124
rbtree: 42 24
rbtree: 24 32
rbtree: 32 26
rbtree: 68 126
rbtree: 24 60
rbtree: 54 68
rbtree: 32 64
rbtree: 28 132
rbtree: 33008 66
rbtree: 26 72
rbtree: 42 62
rbtree: 48 98
rbtree: 26 84
rbtree: 84 90
rbtree: 28 68
rbtree: 68 92
rbtree: 26 68
rbtree: 66 92
rbtree: 20 30
rbtree: 84 136
rbtree: 20 66
rbtree: 42 76
rbtree: 22 28
rbtree: 128 112
rbtree: 26 62
rbtree: 52 104
rbtree: 26 60
rbtree: 14 94
rbtree: 22 68
rbtree: 60 90
rbtree: 20 62
rbtree: 70 118
rbtree: 14 70
rbtree: 34 90
rbtree: 20 30
rbtree: 44 90
rbtree: 100 70
rbtree: 30 74
rbtree: 42 70
rbtree: 24 98
rbtree: 16 68
rbtree: 24 74
rbtree: 38 30
rbtree: 42 126
rbtree: 54 88
rbtree: 26 112
rbtree: 176 26
rbtree: 26 82
rbtree: 52 30
rbtree: 28 74
rbtree: 20 42
rbtree: 38 90
rbtree: 58 26
rbtree: 28 76
rbtree: 84 28
rbtree: 26 86
rbtree: 40 28
rbtree: 28 78
rbtree: 44 30
rbtree: 30 88
rbtree: 54 90
rbtree: 24 92
rbtree: 100 26
rbtree: 18 80
rbtree: 20 28
rbtree: 18 76
rbtree: 24 54
rbtree: 18 90
rbtree: 42 30
rbtree: 22 76
rbtree: 50 28
rbtree: 18 80
rbtree: 20 26
rbtree: 18 74
rbtree: 46 28
rbtree: 20 90
rbtree: 20 28
rbtree: 20 68
rbtree: 68 28
rbtree: 18 46
rbtree: 18 28
rbtree: 28 80
rbtree: 44 28
rbtree: 28 88
rbtree: 20 30
rbtree: 26 76
rbtree: 48 30
rbtree: 28 82
rbtree: 18 28
rbtree: 28 74
rbtree: 42 28
rbtree: 28 48
rbtree: 28 30
rbtree: 28 40
rbtree: 28 30
rbtree: 26 82
rbtree: 20 28
rbtree: 26 76
rbtree: 22 58
rbtree: 18 90
rbtree: 20 26
rbtree: 28 74
rbtree: 46 28
rbtree: 28 82
rbtree: 18 30
rbtree: 28 74
rbtree: 40 30
rbtree: 28 48
rbtree: 20 30
rbtree: 20 40
rbtree: 20 30
rbtree: 18 82
rbtree: 20 28
rbtree: 20 74
rbtree: 26 28
rbtree: 18 92
rbtree: 20 28
rbtree: 18 76
rbtree: 48 28
rbtree: 18 80
rbtree: 20 28
rbtree: 18 74
rbtree: 44 50
rbtree: 20 110
rbtree: 22 30
rbtree: 22 42
rbtree: 24 28
rbtree: 18 84
rbtree: 20 30
rbtree: 18 74
rbtree: 24 30
rbtree: 20 110
rbtree: 20 28
rbtree: 22 74
rbtree: 50 28
rbtree: 18 82
rbtree: 22 30
rbtree: 18 74
rbtree: 46 28
rbtree: 18 108
rbtree: 22 30
rbtree: 20 38
rbtree: 22 30
rbtree: 18 84
rbtree: 20 28
rbtree: 20 74
rbtree: 24 28
rbtree: 18 110
rbtree: 20 28
rbtree: 18 74
rbtree: 50 28
rbtree: 18 84
rbtree: 20 26
rbtree: 18 74
rbtree: 44 28
rbtree: 20 110
rbtree: 20 30
rbtree: 20 42
rbtree: 22 28
rbtree: 18 82
rbtree: 20 28
rbtree: 18 74
rbtree: 22 28
rbtree: 18 110
rbtree: 20 32
rbtree: 18 74
rbtree: 52 26
rbtree: 20 82
rbtree: 20 28
rbtree: 18 76
rbtree: 46 28
rbtree: 18 108
rbtree: 22 32
rbtree: 18 38
rbtree: 22 26
rbtree: 18 82
rbtree: 20 28
rbtree: 18 74
rbtree: 26 32
rbtree: 18 110
rbtree: 20 30
rbtree: 20 74
rbtree: 50 28
rbtree: 20 82
rbtree: 22 28
rbtree: 20 76
rbtree: 46 28
rbtree: 20 108
rbtree: 22 30
rbtree: 20 38
rbtree: 22 30
rbtree: 18 84
rbtree: 22 28
rbtree: 20 72
rbtree: 22 30
rbtree: 20 110
rbtree: 22 28
rbtree: 18 76
rbtree: 48 28
rbtree: 18 80
rbtree: 22 28
rbtree: 18 76
rbtree: 44 28
rbtree: 18 110
rbtree: 20 28
rbtree: 20 40
rbtree: 22 30
rbtree: 18 84
rbtree: 20 28
rbtree: 18 74
rbtree: 24 28
rbtree: 18 110
rbtree: 20 28
rbtree: 20 74
rbtree: 48 30
rbtree: 18 82
rbtree: 22 28
rbtree: 20 74
rbtree: 44 30
rbtree: 18 108
rbtree: 22 32
rbtree: 20 42
rbtree: 22 28
rbtree: 18 82
rbtree: 20 30
rbtree: 22 76
rbtree: 22 28
rbtree: 20 110
rbtree: 22 26
rbtree: 20 74
rbtree: 52 30
rbtree: 18 84
rbtree: 20 28
rbtree: 18 76
rbtree: 46 28
rbtree: 20 108
rbtree: 22 32
rbtree: 18 38
rbtree: 20 32
rbtree: 18 82
rbtree: 20 28
rbtree: 18 76
rbtree: 24 28
rbtree: 20 110
rbtree: 20 28
rbtree: 20 74
rbtree: 50 28
rbtree: 20 82
rbtree: 20 26
rbtree: 18 76
rbtree: 44 28
rbtree: 20 110
rbtree: 20 32
rbtree: 18 40
rbtree: 20 28
rbtree: 18 84
rbtree: 22 28
rbtree: 18 76
rbtree: 22 30
rbtree: 18 110
rbtree: 20 28
rbtree: 22 74
rbtree: 48 28
rbtree: 18 82
rbtree: 22 30
rbtree: 18 74
rbtree: 44 28
rbtree: 18 108
rbtree: 22 30
rbtree: 18 38
rbtree: 22 28
rbtree: 18 84
rbtree: 20 28
rbtree: 18 74
rbtree: 24 30
rbtree: 18 110
rbtree: 22 30
rbtree: 20 74
rbtree: 48 28
rbtree: 18 82
rbtree: 20 28
rbtree: 20 74
rbtree: 46 28
rbtree: 18 110
rbtree: 22 30
rbtree: 18 44
rbtree: 22 28
rbtree: 18 82
rbtree: 20 28
rbtree: 16 74
rbtree: 24 28
rbtree: 20 110
rbtree: 20 28
rbtree: 18 76
rbtree: 52 30
rbtree: 18 84
rbtree: 20 28
rbtree: 20 74
rbtree: 46 26
rbtree: 18 110
rbtree: 20 30
rbtree: 20 40
rbtree: 24 28
rbtree: 18 82
rbtree: 20 28
rbtree: 18 76
rbtree: 24 28
rbtree: 20 112
rbtree: 20 28
rbtree: 18 76
rbtree: 50 28
rbtree: 18 84
rbtree: 20 28
rbtree: 18 74
rbtree: 46 30
rbtree: 20 110
rbtree: 20 30
rbtree: 18 38
rbtree: 20 28
rbtree: 20 84
rbtree: 20 28
rbtree: 18 78
rbtree: 22 30
rbtree: 20 110
rbtree: 20 26
rbtree: 20 76
rbtree: 52 28
rbtree: 18 82
rbtree: 20 26
rbtree: 18 74
rbtree: 42 30
rbtree: 20 108
rbtree: 20 30
rbtree: 20 38
rbtree: 24 28
rbtree: 20 80
rbtree: 20 26
rbtree: 18 76
rbtree: 22 30
rbtree: 18 110
rbtree: 20 28
rbtree: 18 74
rbtree: 52 30
rbtree: 18 84
rbtree: 20 30
rbtree: 20 76
rbtree: 44 30
rbtree: 20 110
rbtree: 20 28
rbtree: 20 40
rbtree: 24 30
rbtree: 18 84
rbtree: 20 30
rbtree: 18 76
rbtree: 22 28
rbtree: 20 112
rbtree: 24 30
rbtree: 18 74
rbtree: 48 28
rbtree: 18 84
rbtree: 20 28
rbtree: 18 74
rbtree: 44 28
rbtree: 18 110
rbtree: 20 30
rbtree: 18 38
rbtree: 24 28
rbtree: 20 82
rbtree: 20 28
rbtree: 18 74
rbtree: 22 28
rbtree: 20 108
rbtree: 20 28
rbtree: 20 74
rbtree: 48 30
rbtree: 18 82
rbtree: 20 28
rbtree: 18 74
rbtree: 42 30
rbtree: 20 106
rbtree: 26 28
rbtree: 18 40
rbtree: 22 30
rbtree: 18 84
rbtree: 20 28
rbtree: 18 76
rbtree: 22 30
rbtree: 18 110
rbtree: 20 28
rbtree: 18 74
rbtree: 50 28
rbtree: 18 84
rbtree: 20 28
rbtree: 18 76
rbtree: 46 28
rbtree: 20 110
rbtree: 20 32
rbtree: 18 36
rbtree: 24 28
rbtree: 18 82
rbtree: 20 26
rbtree: 20 76
rbtree: 22 28
rbtree: 20 112
rbtree: 20 28
rbtree: 18 76
rbtree: 50 30
rbtree: 18 84
rbtree: 20 30
rbtree: 18 74
rbtree: 44 28
rbtree: 20 110
rbtree: 22 32
rbtree: 20 40
rbtree: 22 28
rbtree: 20 82
rbtree: 20 28
rbtree: 18 74
rbtree: 22 30
rbtree: 22 110
rbtree: 20 28
rbtree: 18 74
rbtree: 52 28
rbtree: 20 80
rbtree: 20 26
rbtree: 18 74
rbtree: 42 28
rbtree: 18 110
rbtree: 20 32
rbtree: 20 38
rbtree: 22 30
rbtree: 18 80
rbtree: 20 28
rbtree: 20 76
rbtree: 26 28
rbtree: 18 112
rbtree: 18 28
rbtree: 18 74
rbtree: 52 26
rbtree: 18 82
rbtree: 20 28
rbtree: 18 74
rbtree: 46 28
rbtree: 18 110
rbtree: 20 30
rbtree: 20 42
rbtree: 22 28
rbtree: 18 82
rbtree: 22 28
rbtree: 18 74
rbtree: 22 28
rbtree: 20 110
rbtree: 22 26
rbtree: 18 74
rbtree: 48 26
rbtree: 18 82
rbtree: 20 28
rbtree: 18 76
rbtree: 42 30
rbtree: 20 108
rbtree: 22 32
rbtree: 20 38
rbtree: 24 28
rbtree: 18 84
rbtree: 20 28
rbtree: 20 76
rbtree: 22 26
rbtree: 20 114
rbtree: 22 28
rbtree: 18 74
rbtree: 50 30
rbtree: 18 82
rbtree: 20 26
rbtree: 20 74
rbtree: 44 52
rbtree: 20 112
rbtree: 20 28
rbtree: 18 40
rbtree: 24 28
rbtree: 18 84
rbtree: 22 28
rbtree: 20 74
rbtree: 24 54
rbtree: 20 110
rbtree: 22 28
rbtree: 18 76
rbtree: 52 30
rbtree: 20 82
rbtree: 20 28
rbtree: 18 76
rbtree: 44 56
rbtree: 34 110
rbtree: 22 28
rbtree: 20 38
rbtree: 22 30
rbtree: 20 82
rbtree: 22 28
rbtree: 18 74
rbtree: 24 54
rbtree: 20 114
rbtree: 24 30
rbtree: 18 74
rbtree: 52 30
rbtree: 18 82
rbtree: 20 30
rbtree: 20 74
rbtree: 46 52
rbtree: 42 110
rbtree: 22 32
rbtree: 20 38
rbtree: 22 28
rbtree: 20 82
rbtree: 24 32
rbtree: 18 76
rbtree: 22 50
rbtree: 20 112
rbtree: 20 26
rbtree: 18 72
rbtree: 52 28
rbtree: 18 82
rbtree: 20 30
rbtree: 18 74
rbtree: 48 64
rbtree: 38 110
rbtree: 20 30
rbtree: 20 40
rbtree: 20 30
rbtree: 20 82
rbtree: 20 28
rbtree: 18 74
rbtree: 24 30
rbtree: 18 112
rbtree: 18 28
rbtree: 16 74
rbtree: 50 28
rbtree: 20 82
rbtree: 22 28
rbtree: 18 74
rbtree: 42 26
rbtree: 26 112
rbtree: 22 30
rbtree: 18 38
rbtree: 22 28
rbtree: 18 84
rbtree: 20 28
rbtree: 20 74
rbtree: 22 28
rbtree: 20 110
rbtree: 20 28
rbtree: 18 74
rbtree: 50 28
rbtree: 18 82
rbtree: 22 28
rbtree: 18 74
rbtree: 42 28
rbtree: 18 108
rbtree: 22 30
rbtree: 20 38
rbtree: 22 28
rbtree: 18 84
rbtree: 20 28
rbtree: 20 74
rbtree: 22 30
rbtree: 18 110
rbtree: 22 28
rbtree: 20 74
rbtree: 52 28
rbtree: 18 84
rbtree: 20 28
rbtree: 20 76
rbtree: 44 28
rbtree: 20 108
rbtree: 20 32
rbtree: 20 38
rbtree: 22 28
rbtree: 18 82
rbtree: 20 28
rbtree: 18 74
rbtree: 22 28
rbtree: 20 110
rbtree: 20 28
rbtree: 20 74
rbtree: 52 30
rbtree: 18 82
rbtree: 20 28
rbtree: 18 74
rbtree: 42 30
rbtree: 18 110
rbtree: 20 30
rbtree: 18 42
rbtree: 22 28
rbtree: 18 82
rbtree: 20 28
rbtree: 18 74
rbtree: 22 30
rbtree: 18 112
rbtree: 20 30
rbtree: 20 74
rbtree: 50 28
rbtree: 18 82
rbtree: 20 28
rbtree: 20 76
rbtree: 42 28
rbtree: 18 110
rbtree: 20 28
rbtree: 18 40
rbtree: 22 30
rbtree: 18 82
rbtree: 22 26
rbtree: 18 74
rbtree: 22 30
rbtree: 18 110
rbtree: 20 28
rbtree: 20 76
rbtree: 52 30
rbtree: 18 82
rbtree: 20 26
rbtree: 18 74
rbtree: 42 30
rbtree: 18 110
rbtree: 20 30
rbtree: 20 38
rbtree: 24 28
rbtree: 18 84
rbtree: 20 28
rbtree: 18 74
rbtree: 22 30
rbtree: 20 112
rbtree: 20 30
rbtree: 20 74
rbtree: 50 28
rbtree: 18 82
rbtree: 18 24
rbtree: 22 76
rbtree: 44 26
rbtree: 18 110
rbtree: 22 32
rbtree: 20 40
rbtree: 20 32
rbtree: 18 82
rbtree: 20 28
rbtree: 18 76
rbtree: 22 26
rbtree: 18 112
rbtree: 18 28
rbtree: 18 74
rbtree: 52 26
rbtree: 18 80
rbtree: 20 30
rbtree: 18 76
rbtree: 46 28
rbtree: 18 110
rbtree: 20 30
rbtree: 20 38
rbtree: 20 28
rbtree: 20 82
rbtree: 20 28
rbtree: 18 74
rbtree: 24 26
rbtree: 18 112
rbtree: 20 28
rbtree: 18 76
rbtree: 48 26
rbtree: 18 82
rbtree: 22 28
rbtree: 18 74
rbtree: 42 28
rbtree: 18 112
rbtree: 20 32
rbtree: 18 38
rbtree: 22 28
rbtree: 18 82
rbtree: 20 30
rbtree: 16 74
rbtree: 22 30
rbtree: 18 110
rbtree: 20 28
rbtree: 20 76
rbtree: 48 28
rbtree: 20 82
rbtree: 20 26
rbtree: 20 76
rbtree: 42 28
rbtree: 20 108
rbtree: 20 30
rbtree: 20 38
rbtree: 20 28
rbtree: 18 84
rbtree: 20 28
rbtree: 20 74
rbtree: 22 28
rbtree: 18 112
rbtree: 20 28
rbtree: 20 74
rbtree: 52 28
rbtree: 20 82
rbtree: 20 28
rbtree: 20 74
rbtree: 46 28
rbtree: 20 108
rbtree: 22 32
rbtree: 18 44
rbtree: 22 28
rbtree: 20 82
rbtree: 20 30
rbtree: 18 76
rbtree: 22 30
rbtree: 18 110
rbtree: 20 28
rbtree: 20 74
rbtree: 52 28
rbtree: 18 82
rbtree: 18 28
rbtree: 20 74
rbtree: 46 28
rbtree: 18 110
rbtree: 20 32
rbtree: 18 38
rbtree: 22 28
rbtree: 18 82
rbtree: 20 26
rbtree: 18 76
rbtree: 22 28
rbtree: 18 112
rbtree: 20 28
rbtree: 20 74
rbtree: 48 30
rbtree: 18 82
rbtree: 20 28
rbtree: 18 74
rbtree: 46 30
rbtree: 18 108
rbtree: 22 30
rbtree: 20 38
rbtree: 20 28
rbtree: 18 82
rbtree: 20 30
rbtree: 18 74
rbtree: 24 30
rbtree: 18 110
rbtree: 20 28
rbtree: 18 74
rbtree: 48 28
rbtree: 20 82
rbtree: 18 28
rbtree: 18 74
rbtree: 46 30
rbtree: 20 106
rbtree: 22 32
rbtree: 20 42
rbtree: 24 28
rbtree: 18 82
rbtree: 22 28
rbtree: 18 74
rbtree: 22 28
rbtree: 20 112
rbtree: 20 28
rbtree: 18 74
rbtree: 48 28
rbtree: 20 80
rbtree: 20 28
rbtree: 18 74
rbtree: 42 28
rbtree: 18 108
rbtree: 20 30
rbtree: 18 40
rbtree: 24 28
rbtree: 18 80
rbtree: 20 28
rbtree: 18 74
rbtree: 22 26
rbtree: 18 110
rbtree: 20 28
rbtree: 18 74
rbtree: 50 28
rbtree: 18 82
rbtree: 22 28
rbtree: 18 74
rbtree: 42 28
rbtree: 18 108
rbtree: 22 30
rbtree: 20 40
rbtree: 20 28
rbtree: 20 82
rbtree: 20 30
rbtree: 20 76
rbtree: 22 30
rbtree: 20 112
rbtree: 20 28
rbtree: 18 74
rbtree: 50 28
rbtree: 18 82
rbtree: 20 28
rbtree: 18 76
rbtree: 42 28
rbtree: 18 108
rbtree: 22 28
rbtree: 20 40
rbtree: 20 28
rbtree: 18 80
rbtree: 20 28
rbtree: 20 74
rbtree: 22 28
rbtree: 18 110
rbtree: 22 28
rbtree: 20 74
rbtree: 48 28
rbtree: 18 82
rbtree: 20 32
rbtree: 18 74
rbtree: 42 28
rbtree: 18 110
rbtree: 20 30
rbtree: 18 38
rbtree: 20 28
rbtree: 20 82
rbtree: 20 28
rbtree: 20 74
rbtree: 22 30
rbtree: 20 110
rbtree: 20 28
rbtree: 18 74
rbtree: 50 28
rbtree: 18 82
rbtree: 18 28
rbtree: 18 76
rbtree: 42 28
rbtree: 20 110
rbtree: 22 30
rbtree: 20 40
rbtree: 22 30
rbtree: 20 82
rbtree: 22 28
rbtree: 18 74
rbtree: 22 26
rbtree: 18 110
rbtree: 22 30
rbtree: 20 74
rbtree: 50 28
rbtree: 20 80
rbtree: 20 30
rbtree: 18 74
rbtree: 42 30
rbtree: 18 110
rbtree: 20 30
rbtree: 20 40
rbtree: 20 28
rbtree: 18 82
rbtree: 22 28
rbtree: 18 74
rbtree: 22 28
rbtree: 18 110
rbtree: 22 28
rbtree: 20 74
rbtree: 48 28
rbtree: 18 82
rbtree: 20 30
rbtree: 18 74
rbtree: 42 28
rbtree: 20 110
rbtree: 22 30
rbtree: 18 38
rbtree: 24 28
rbtree: 18 80
rbtree: 22 28
rbtree: 18 74
rbtree: 22 30
rbtree: 18 112
rbtree: 22 28
rbtree: 20 74
rbtree: 48 30
rbtree: 18 80
rbtree: 22 30
rbtree: 18 74
rbtree: 42 28
rbtree: 18 108
rbtree: 22 30
rbtree: 18 40
rbtree: 20 30
rbtree: 18 82
rbtree: 22 28
rbtree: 18 74
rbtree: 22 28
rbtree: 18 112
rbtree: 20 28
rbtree: 18 74
rbtree: 48 28
rbtree: 20 80
rbtree: 20 28
rbtree: 18 74
rbtree: 42 28
rbtree: 18 106
rbtree: 26 30
rbtree: 20 40
rbtree: 24 28
rbtree: 18 82
rbtree: 22 28
rbtree: 18 74
rbtree: 20 28
rbtree: 20 112
rbtree: 20 30
rbtree: 18 74
rbtree: 48 28
rbtree: 18 84
rbtree: 20 28
rbtree: 18 76
rbtree: 44 26
rbtree: 18 108
rbtree: 22 32
rbtree: 18 38
rbtree: 22 28
rbtree: 20 82
rbtree: 22 28
rbtree: 18 76
rbtree: 24 30
rbtree: 18 112
rbtree: 18 30
rbtree: 20 74
rbtree: 48 28
rbtree: 18 82
rbtree: 20 28
rbtree: 18 76
rbtree: 46 28
rbtree: 18 110
rbtree: 20 32
rbtree: 18 42
rbtree: 22 30
rbtree: 18 82
rbtree: 22 30
rbtree: 16 76
rbtree: 22 28
rbtree: 20 108
rbtree: 20 26
rbtree: 18 76
rbtree: 50 30
rbtree: 20 82
rbtree: 20 26
rbtree: 20 74
rbtree: 42 30
rbtree: 18 110
rbtree: 20 28
rbtree: 18 38
rbtree: 24 30
rbtree: 16 82
rbtree: 22 28
rbtree: 18 76
rbtree: 24 28
rbtree: 20 114
rbtree: 20 28
rbtree: 20 74
rbtree: 48 28
rbtree: 18 82
rbtree: 20 30
rbtree: 20 76
rbtree: 42 26
rbtree: 20 110
rbtree: 22 30
rbtree: 20 40
rbtree: 22 30
rbtree: 20 82
rbtree: 20 28
rbtree: 20 74
rbtree: 22 28
rbtree: 18 110
rbtree: 22 30
rbtree: 20 74
rbtree: 50 28
rbtree: 18 80
rbtree: 20 28
rbtree: 18 74
rbtree: 42 30
rbtree: 20 110
rbtree: 20 30
rbtree: 20 42
rbtree: 20 28
rbtree: 30 82
rbtree: 20 30
rbtree: 30 76
rbtree: 22 30
rbtree: 30 106
rbtree: 20 28
rbtree: 30 76
