rbtree: 96 104
rbtree: 60 118
rbtree: 118 90
rbtree: 116 54
rbtree: 28 98
rbtree: 142 70
rbtree: 46 54
rbtree: 24 82
rbtree: 54 76
rbtree: 68 66
rbtree: 26 74
rbtree: 78 66
rbtree: 26 58
rbtree: 20 22
rbtree: 18 26
rbtree: 16 24
rbtree: 18 28
rbtree: 20 22
rbtree: 18 26
rbtree: 14 24
rbtree: 18 48
rbtree: 16 22
rbtree: 16 22
rbtree: 16 24
rbtree: 16 26
rbtree: 22 22
rbtree: 16 24
rbtree: 16 24
rbtree: 18 52
rbtree: 16 22
rbtree: 16 26
rbtree: 18 24
rbtree: 16 28
rbtree: 16 24
rbtree: 14 26
rbtree: 14 24
rbtree: 18 26
rbtree: 18 22
rbtree: 14 24
rbtree: 16 22
rbtree: 18 28
rbtree: 16 22
rbtree: 14 24
rbtree: 16 22
rbtree: 14 26
rbtree: 22 20
rbtree: 16 26
rbtree: 14 24
rbtree: 18 28
rbtree: 18 22
rbtree: 16 24
rbtree: 16 22
rbtree: 16 50
rbtree: 16 22
rbtree: 14 24
rbtree: 16 24
rbtree: 16 28
rbtree: 16 22
rbtree: 14 26
rbtree: 16 24
rbtree: 16 42
rbtree: 40 22
rbtree: 16 24
rbtree: 14 22
rbtree: 16 28
rbtree: 22 24
rbtree: 14 26
rbtree: 14 24
rbtree: 18 26
rbtree: 16 20
rbtree: 14 26
rbtree: 14 24
rbtree: 18 26
rbtree: 16 22
rbtree: 14 26
rbtree: 16 24
rbtree: 18 48
rbtree: 14 22
rbtree: 16 24
rbtree: 18 24
rbtree: 18 26
rbtree: 16 24
rbtree: 16 24
rbtree: 14 22
rbtree: 14 26
rbtree: 22 22
rbtree: 16 24
rbtree: 16 24
rbtree: 18 28
rbtree: 16 24
rbtree: 16 24
rbtree: 16 22
rbtree: 18 28
rbtree: 18 22
rbtree: 16 26
rbtree: 16 24
rbtree: 18 26
rbtree: 14 22
rbtree: 14 26
rbtree: 14 22
rbtree: 18 26
rbtree: 26 24
rbtree: 14 26
rbtree: 14 22
rbtree: 16 26
rbtree: 22 22
rbtree: 16 24
rbtree: 16 22
rbtree: 18 26
rbtree: 22 22
rbtree: 14 26
rbtree: 16 24
rbtree: 18 26
rbtree: 18 20
rbtree: 14 24
rbtree: 18 24
rbtree: 18 26
rbtree: 30 22
rbtree: 16 24
rbtree: 16 22
rbtree: 16 24
rbtree: 22 22
rbtree: 14 24
rbtree: 14 24
rbtree: 18 26
rbtree: 18 22
rbtree: 14 26
rbtree: 14 33352
rbtree: 28 32
rbtree: 24 24
rbtree: 16 28
rbtree: 16 24
rbtree: 18 28
rbtree: 32 24
rbtree: 16 24
rbtree: 16 24
rbtree: 20 28
rbtree: 18 22
rbtree: 16 26
rbtree: 16 22
rbtree: 16 26
rbtree: 26 24
rbtree: 18 26
rbtree: 16 24
rbtree: 18 28
rbtree: 16 22
rbtree: 16 24
rbtree: 16 24
rbtree: 16 28
rbtree: 40 22
rbtree: 16 28
rbtree: 16 26
rbtree: 18 26
rbtree: 16 24
rbtree: 16 24
rbtree: 16 26
rbtree: 16 26
rbtree: 24 22
rbtree: 16 24
rbtree: 18 22
rbtree: 18 28
rbtree: 18 24
rbtree: 16 24
rbtree: 16 24
rbtree: 18 28
rbtree: 16 22
rbtree: 14 26
rbtree: 16 26
rbtree: 16 26
rbtree: 16 22
rbtree: 16 26
rbtree: 18 24
rbtree: 18 26
rbtree: 18 22
rbtree: 16 24
rbtree: 16 24
rbtree: 16 30
rbtree: 22 22
rbtree: 14 24
rbtree: 16 22
rbtree: 16 28
rbtree: 16 24
rbtree: 16 26
rbtree: 16 26
rbtree: 18 28
rbtree: 18 22
rbtree: 16 22
rbtree: 16 22
rbtree: 22 26
rbtree: 16 24
rbtree: 16 26
rbtree: 16 24
rbtree: 18 30
rbtree: 22 22
rbtree: 14 26
rbtree: 16 22
rbtree: 16 28
rbtree: 18 24
rbtree: 16 24
rbtree: 18 24
rbtree: 20 28
rbtree: 16 22
rbtree: 16 26
rbtree: 16 24
rbtree: 18 26
rbtree: 28 22
rbtree: 14 24
rbtree: 18 24
rbtree: 16 28
rbtree: 22 22
rbtree: 16 24
rbtree: 16 24
rbtree: 18 80
rbtree: 22 22
rbtree: 16 24
rbtree: 18 24
rbtree: 18 26
rbtree: 18 24
rbtree: 14 26
rbtree: 18 24
rbtree: 18 26
rbtree: 18 22
rbtree: 16 26
rbtree: 16 24
rbtree: 16 30
rbtree: 16 22
rbtree: 16 24
rbtree: 16 24
rbtree: 14 28
rbtree: 22 24
rbtree: 24 26
rbtree: 14 24
rbtree: 24 26
rbtree: 16 22
rbtree: 16 24
rbtree: 16 22
rbtree: 16 30
rbtree: 16 24
rbtree: 16 24
rbtree: 14 24
rbtree: 18 30
rbtree: 16 24
rbtree: 18 26
rbtree: 18 24
rbtree: 16 26
rbtree: 20 22
rbtree: 16 26
rbtree: 20 22
rbtree: 16 26
rbtree: 16 22
rbtree: 16 24
rbtree: 18 26
rbtree: 16 26
rbtree: 16 24
rbtree: 16 26
rbtree: 20 26
rbtree: 16 26
rbtree: 16 24
rbtree: 14 24
rbtree: 18 26
rbtree: 16 26
rbtree: 22 22
rbtree: 14 26
rbtree: 16 26
rbtree: 18 28
rbtree: 18 24
rbtree: 16 26
rbtree: 16 24
rbtree: 20 28
rbtree: 16 22
rbtree: 16 24
rbtree: 16 24
rbtree: 18 28
rbtree: 16 24
rbtree: 16 24
rbtree: 16 24
rbtree: 18 28
rbtree: 20 22
rbtree: 16 24
rbtree: 14 24
rbtree: 16 28
rbtree: 18 22
rbtree: 16 26
rbtree: 14 26
rbtree: 16 30
rbtree: 16 22
rbtree: 14 26
rbtree: 18 26
rbtree: 16 28
rbtree: 18 22
rbtree: 16 24
rbtree: 18 24
rbtree: 18 26
rbtree: 22 24
rbtree: 16 26
rbtree: 16 24
rbtree: 18 26
rbtree: 18 24
rbtree: 14 26
rbtree: 16 22
rbtree: 18 26
rbtree: 16 22
rbtree: 16 26
rbtree: 16 24
rbtree: 18 28
rbtree: 18 24
rbtree: 14 24
rbtree: 18 22
rbtree: 18 26
rbtree: 22 24
rbtree: 14 26
rbtree: 14 24
rbtree: 20 28
rbtree: 16 24
rbtree: 16 26
rbtree: 14 22
rbtree: 18 28
rbtree: 16 24
rbtree: 14 24
rbtree: 16 24
rbtree: 18 26
rbtree: 16 24
rbtree: 18 26
rbtree: 18 26
rbtree: 18 28
rbtree: 20 24
rbtree: 16 24
rbtree: 16 22
rbtree: 16 30
rbtree: 16 24
rbtree: 16 26
rbtree: 14 26
rbtree: 16 26
rbtree: 18 24
rbtree: 16 24
rbtree: 18 24
rbtree: 16 30
rbtree: 16 22
rbtree: 16 26
rbtree: 18 22
rbtree: 18 28
rbtree: 22 22
rbtree: 16 24
rbtree: 20 22
rbtree: 16 26
rbtree: 18 24
rbtree: 16 26
rbtree: 16 24
rbtree: 18 26
rbtree: 18 22
rbtree: 16 28
rbtree: 18 26
rbtree: 16 28
rbtree: 18 22
rbtree: 14 26
rbtree: 14 24
rbtree: 20 28
rbtree: 20 22
rbtree: 16 26
rbtree: 16 24
rbtree: 18 28
rbtree: 16 22
rbtree: 16 24
rbtree: 18 24
rbtree: 16 26
rbtree: 16 24
rbtree: 16 26
rbtree: 20 24
rbtree: 18 28
rbtree: 18 20
rbtree: 16 26
rbtree: 14 26
rbtree: 16 28
rbtree: 20 24
rbtree: 16 26
rbtree: 16 24
rbtree: 16 28
rbtree: 16 22
rbtree: 16 26
rbtree: 16 22
rbtree: 20 28
rbtree: 18 22
rbtree: 14 24
rbtree: 18 24
rbtree: 18 28
rbtree: 16 22
rbtree: 16 26
rbtree: 14 22
rbtree: 18 30
rbtree: 18 24
rbtree: 16 26
rbtree: 16 24
rbtree: 20 26
rbtree: 16 24
rbtree: 16 24
rbtree: 14 26
rbtree: 18 28
rbtree: 16 22
rbtree: 16 26
rbtree: 20 24
rbtree: 18 26
rbtree: 18 24
rbtree: 16 26
rbtree: 18 24
rbtree: 18 26
rbtree: 20 22
rbtree: 16 26
rbtree: 16 22
rbtree: 16 28
rbtree: 16 22
rbtree: 16 26
rbtree: 18 24
rbtree: 16 28
rbtree: 16 24
rbtree: 16 26
rbtree: 14 24
rbtree: 16 28
rbtree: 18 22
rbtree: 16 26
rbtree: 14 24
rbtree: 18 28
rbtree: 20 22
rbtree: 16 26
rbtree: 14 24
rbtree: 16 28
rbtree: 18 24
rbtree: 16 26
rbtree: 18 24
rbtree: 18 28
rbtree: 18 26
rbtree: 16 24
rbtree: 20 26
rbtree: 18 28
rbtree: 18 22
rbtree: 16 24
rbtree: 20 24
rbtree: 18 28
rbtree: 22 22
rbtree: 16 26
rbtree: 16 24
rbtree: 16 28
rbtree: 16 22
rbtree: 16 26
rbtree: 16 24
rbtree: 16 28
rbtree: 18 22
rbtree: 16 26
rbtree: 14 24
rbtree: 16 28
rbtree: 16 24
rbtree: 16 24
rbtree: 18 26
rbtree: 18 28
rbtree: 22 24
rbtree: 16 26
rbtree: 18 22
rbtree: 16 26
rbtree: 16 24
rbtree: 16 24
rbtree: 16 22
rbtree: 18 26
rbtree: 16 24
rbtree: 16 26
rbtree: 18 22
rbtree: 18 28
rbtree: 18 24
rbtree: 16 26
rbtree: 20 24
rbtree: 18 28
rbtree: 20 24
rbtree: 14 24
rbtree: 14 24
rbtree: 16 30
rbtree: 16 24
rbtree: 16 26
rbtree: 18 24
rbtree: 18 28
rbtree: 16 22
rbtree: 16 24
rbtree: 18 22
rbtree: 16 30
rbtree: 16 22
rbtree: 14 26
rbtree: 14 24
rbtree: 18 28
rbtree: 18 24
rbtree: 16 24
rbtree: 16 22
rbtree: 18 28
rbtree: 18 24
rbtree: 14 24
rbtree: 18 22
rbtree: 18 54
rbtree: 14 24
rbtree: 16 22
rbtree: 18 22
rbtree: 18 30
rbtree: 16 24
rbtree: 14 26
rbtree: 18 24
rbtree: 16 50
rbtree: 16 22
rbtree: 14 24
rbtree: 16 26
rbtree: 14 26
rbtree: 20 24
rbtree: 16 24
rbtree: 16 22
rbtree: 16 48
rbtree: 20 22
rbtree: 16 26
rbtree: 14 24
rbtree: 20 28
rbtree: 16 22
rbtree: 14 24
rbtree: 16 26
rbtree: 16 54
rbtree: 14 24
rbtree: 16 26
rbtree: 18 26
rbtree: 16 26
rbtree: 16 22
rbtree: 14 26
rbtree: 16 24
rbtree: 16 26
rbtree: 20 20
rbtree: 18 24
rbtree: 18 24
rbtree: 18 28
rbtree: 18 24
rbtree: 14 24
rbtree: 18 24
rbtree: 18 46
rbtree: 38 22
rbtree: 16 24
rbtree: 18 24
rbtree: 20 26
rbtree: 16 24
rbtree: 14 24
rbtree: 18 24
rbtree: 16 26
rbtree: 30 22
rbtree: 16 26
rbtree: 16 24
rbtree: 14 28
rbtree: 22 22
rbtree: 16 26
rbtree: 16 24
rbtree: 16 26
rbtree: 18 24
rbtree: 16 24
rbtree: 16 24
rbtree: 20 28
rbtree: 16 22
rbtree: 14 24
rbtree: 18 24
rbtree: 16 28
rbtree: 22 22
rbtree: 16 26
rbtree: 16 24
rbtree: 16 28
rbtree: 22 22
rbtree: 16 24
rbtree: 16 22
rbtree: 16 28
rbtree: 16 22
rbtree: 16 24
rbtree: 18 24
rbtree: 18 28
rbtree: 18 24
rbtree: 14 26
rbtree: 18 22
rbtree: 20 28
rbtree: 16 24
rbtree: 16 26
rbtree: 18 22
rbtree: 18 28
rbtree: 20 22
rbtree: 14 26
rbtree: 16 22
rbtree: 18 24
rbtree: 18 24
rbtree: 14 24
rbtree: 18 24
rbtree: 20 28
rbtree: 18 22
rbtree: 14 24
rbtree: 18 24
rbtree: 18 28
rbtree: 18 22
rbtree: 16 24
rbtree: 18 24
rbtree: 18 26
rbtree: 18 24
rbtree: 14 26
rbtree: 18 22
rbtree: 14 28
rbtree: 22 22
rbtree: 16 26
rbtree: 16 24
rbtree: 16 26
rbtree: 16 24
rbtree: 16 26
rbtree: 14 26
rbtree: 16 28
rbtree: 16 24
rbtree: 16 26
rbtree: 20 26
rbtree: 18 28
rbtree: 18 22
rbtree: 16 26
rbtree: 20 24
rbtree: 18 28
rbtree: 20 22
rbtree: 14 24
rbtree: 16 24
rbtree: 16 28
rbtree: 18 22
rbtree: 16 26
rbtree: 20 26
rbtree: 18 28
rbtree: 18 20
rbtree: 16 26
rbtree: 20 24
rbtree: 16 28
rbtree: 18 22
rbtree: 16 26
rbtree: 18 24
rbtree: 18 28
rbtree: 20 22
rbtree: 16 26
rbtree: 16 26
rbtree: 16 30
rbtree: 18 20
rbtree: 16 24
rbtree: 16 26
rbtree: 18 28
rbtree: 18 22
rbtree: 16 26
rbtree: 18 24
rbtree: 16 28
rbtree: 16 22
rbtree: 16 24
rbtree: 18 22
rbtree: 18 26
rbtree: 18 22
rbtree: 16 26
rbtree: 16 22
rbtree: 16 28
rbtree: 18 22
rbtree: 16 24
rbtree: 20 26
rbtree: 18 28
rbtree: 16 22
rbtree: 14 26
rbtree: 18 22
rbtree: 18 26
rbtree: 18 22
rbtree: 16 26
rbtree: 18 24
rbtree: 18 28
rbtree: 20 22
rbtree: 16 26
rbtree: 16 24
rbtree: 18 28
rbtree: 16 24
rbtree: 16 26
rbtree: 20 24
rbtree: 18 28
rbtree: 18 20
rbtree: 14 26
rbtree: 18 26
rbtree: 16 28
rbtree: 16 24
rbtree: 16 24
rbtree: 16 24
rbtree: 16 26
rbtree: 20 22
rbtree: 16 26
rbtree: 14 24
rbtree: 18 28
rbtree: 16 24
rbtree: 16 26
rbtree: 18 24
rbtree: 16 26
rbtree: 16 22
rbtree: 16 26
rbtree: 18 22
rbtree: 16 28
rbtree: 16 24
rbtree: 16 24
rbtree: 16 24
rbtree: 16 28
rbtree: 20 22
rbtree: 14 24
rbtree: 16 26
rbtree: 18 26
rbtree: 16 22
rbtree: 16 24
rbtree: 18 26
rbtree: 22 26
rbtree: 18 22
rbtree: 18 26
rbtree: 18 24
rbtree: 18 26
rbtree: 18 24
rbtree: 16 26
rbtree: 18 24
rbtree: 16 26
rbtree: 16 24
rbtree: 16 26
rbtree: 16 24
rbtree: 14 26
rbtree: 22 24
rbtree: 14 24
rbtree: 16 24
rbtree: 16 26
rbtree: 18 24
rbtree: 16 26
rbtree: 18 22
rbtree: 18 30
rbtree: 16 22
rbtree: 14 24
rbtree: 16 26
rbtree: 20 28
rbtree: 18 22
rbtree: 14 24
rbtree: 18 26
rbtree: 18 28
rbtree: 20 24
rbtree: 14 24
rbtree: 16 24
rbtree: 18 28
rbtree: 16 22
rbtree: 18 26
rbtree: 20 24
rbtree: 16 26
rbtree: 16 22
rbtree: 16 24
rbtree: 16 26
rbtree: 16 28
rbtree: 18 22
rbtree: 18 24
rbtree: 18 22
rbtree: 16 28
rbtree: 22 24
rbtree: 16 24
rbtree: 16 24
rbtree: 18 26
rbtree: 16 22
rbtree: 14 24
rbtree: 16 24
rbtree: 16 30
rbtree: 18 22
rbtree: 20 24
rbtree: 16 24
rbtree: 24 28
rbtree: 16 24
rbtree: 14 24
rbtree: 18 24
rbtree: 18 28
rbtree: 20 22
rbtree: 16 26
rbtree: 14 24
rbtree: 20 26
rbtree: 16 24
rbtree: 16 26
rbtree: 14 24
rbtree: 18 28
rbtree: 18 22
rbtree: 16 24
rbtree: 14 24
rbtree: 16 26
rbtree: 18 22
rbtree: 16 26
rbtree: 16 26
rbtree: 18 28
rbtree: 16 24
rbtree: 16 24
rbtree: 16 24
rbtree: 16 26
rbtree: 20 22
rbtree: 14 26
rbtree: 16 22
rbtree: 16 28
rbtree: 16 22
rbtree: 16 26
rbtree: 20 24
rbtree: 18 28
rbtree: 18 24
rbtree: 14 24
rbtree: 16 26
rbtree: 16 26
rbtree: 16 24
rbtree: 14 24
rbtree: 18 26
rbtree: 16 26
rbtree: 20 22
rbtree: 16 26
rbtree: 16 26
rbtree: 18 26
rbtree: 16 24
rbtree: 18 24
rbtree: 18 24
rbtree: 16 26
rbtree: 16 22
rbtree: 16 26
rbtree: 14 24
rbtree: 16 28
rbtree: 16 22
rbtree: 14 26
rbtree: 18 24
rbtree: 16 26
rbtree: 22 22
rbtree: 16 26
rbtree: 14 24
rbtree: 18 28
rbtree: 16 24
rbtree: 14 24
rbtree: 18 22
rbtree: 18 28
rbtree: 16 22
rbtree: 14 24
rbtree: 16 24
rbtree: 18 28
rbtree: 18 20
rbtree: 16 24
rbtree: 16 24
rbtree: 20 28
rbtree: 20 22
rbtree: 16 26
rbtree: 16 24
rbtree: 18 28
rbtree: 16 22
rbtree: 16 24
rbtree: 18 24
rbtree: 16 26
rbtree: 16 24
rbtree: 16 26
rbtree: 18 24
rbtree: 16 26
rbtree: 16 24
rbtree: 14 24
rbtree: 16 24
rbtree: 18 26
rbtree: 20 22
rbtree: 14 26
rbtree: 16 24
rbtree: 16 26
rbtree: 16 24
rbtree: 16 26
rbtree: 18 26
rbtree: 18 28
rbtree: 16 22
rbtree: 16 26
rbtree: 16 22
rbtree: 16 28
rbtree: 16 26
rbtree: 16 26
rbtree: 20 26
rbtree: 18 28
rbtree: 18 20
rbtree: 14 24
rbtree: 16 24
rbtree: 16 28
rbtree: 18 22
rbtree: 14 26
rbtree: 16 24
rbtree: 18 26
rbtree: 18 22
rbtree: 16 26
rbtree: 18 24
rbtree: 20 28
rbtree: 18 22
rbtree: 16 24
rbtree: 18 24
rbtree: 16 28
rbtree: 18 22
rbtree: 16 26
rbtree: 18 24
rbtree: 18 30
rbtree: 20 24
rbtree: 16 24
rbtree: 16 24
rbtree: 16 26
rbtree: 18 22
rbtree: 16 26
rbtree: 16 26
rbtree: 18 30
rbtree: 16 22
rbtree: 16 24
rbtree: 18 24
rbtree: 16 26
rbtree: 18 24
rbtree: 16 24
rbtree: 16 24
rbtree: 16 26
rbtree: 16 22
rbtree: 16 26
rbtree: 14 24
rbtree: 16 28
rbtree: 20 20
rbtree: 16 26
rbtree: 14 22
rbtree: 16 28
rbtree: 16 24
rbtree: 16 26
rbtree: 14 24
rbtree: 20 26
rbtree: 16 22
rbtree: 16 24
rbtree: 18 22
rbtree: 16 28
rbtree: 16 24
rbtree: 16 26
rbtree: 18 24
rbtree: 16 28
rbtree: 20 24
rbtree: 16 26
rbtree: 16 24
rbtree: 16 26
rbtree: 18 24
rbtree: 14 24
rbtree: 18 24
rbtree: 20 26
rbtree: 18 20
rbtree: 14 26
rbtree: 18 26
rbtree: 16 28
rbtree: 16 22
rbtree: 14 26
rbtree: 18 24
rbtree: 16 26
rbtree: 20 24
rbtree: 16 24
rbtree: 16 24
rbtree: 18 26
rbtree: 18 24
rbtree: 16 24
rbtree: 16 24
rbtree: 20 28
rbtree: 16 22
rbtree: 14 26
rbtree: 14 24
rbtree: 20 26
rbtree: 18 22
rbtree: 16 22
rbtree: 18 24
rbtree: 20 28
rbtree: 20 20
rbtree: 16 24
rbtree: 16 22
rbtree: 18 28
rbtree: 18 22
rbtree: 16 26
rbtree: 18 24
rbtree: 18 26
rbtree: 18 24
rbtree: 16 26
rbtree: 18 24
rbtree: 18 28
rbtree: 18 24
rbtree: 16 26
rbtree: 16 24
rbtree: 16 28
rbtree: 20 24
rbtree: 16 26
rbtree: 20 24
rbtree: 18 26
rbtree: 18 24
rbtree: 16 26
rbtree: 18 24
rbtree: 18 26
rbtree: 16 22
rbtree: 16 26
rbtree: 20 26
rbtree: 18 28
rbtree: 18 22
rbtree: 16 26
rbtree: 20 24
rbtree: 18 28
rbtree: 18 24
rbtree: 14 22
rbtree: 16 24
rbtree: 16 28
rbtree: 18 22
rbtree: 16 26
rbtree: 16 22
rbtree: 16 26
rbtree: 18 22
rbtree: 16 24
rbtree: 18 24
rbtree: 16 28
rbtree: 16 24
rbtree: 16 24
rbtree: 18 24
rbtree: 16 26
rbtree: 18 24
rbtree: 14 24
rbtree: 18 24
