rbtree: 424
rbtree: 332
rbtree: 146
rbtree: 244
rbtree: 112
rbtree: 222
rbtree: 96
rbtree: 182
rbtree: 92
rbtree: 120
rbtree: 122
rbtree: 150
rbtree: 136
rbtree: 136
rbtree: 186
rbtree: 188
rbtree: 148
rbtree: 134
rbtree: 102
rbtree: 200
rbtree: 102
rbtree: 154
rbtree: 90
rbtree: 196
rbtree: 102
rbtree: 196
rbtree: 90
rbtree: 268
rbtree: 104
rbtree: 128
rbtree: 54
rbtree: 118
rbtree: 98
rbtree: 130
rbtree: 102
rbtree: 274
rbtree: 92
rbtree: 128
rbtree: 60
rbtree: 122
rbtree: 126
rbtree: 100
rbtree: 114
rbtree: 212
rbtree: 106
rbtree: 140
rbtree: 66
rbtree: 126
rbtree: 96
rbtree: 64
rbtree: 70
rbtree: 146
rbtree: 84
rbtree: 98
rbtree: 64
rbtree: 102
rbtree: 68
rbtree: 104
rbtree: 152
rbtree: 186
rbtree: 184
rbtree: 152
rbtree: 130
rbtree: 130
rbtree: 200
rbtree: 110
rbtree: 168
rbtree: 144
rbtree: 168
rbtree: 118
rbtree: 108
rbtree: 192
rbtree: 158
rbtree: 122
rbtree: 160
rbtree: 152
rbtree: 64
rbtree: 170
rbtree: 60
rbtree: 274
rbtree: 90
rbtree: 168
rbtree: 84
rbtree: 122
rbtree: 68
rbtree: 96
rbtree: 106
rbtree: 132
rbtree: 80
rbtree: 104
rbtree: 94
rbtree: 138
rbtree: 124
rbtree: 182
rbtree: 98
rbtree: 190
rbtree: 52
rbtree: 96
rbtree: 134
rbtree: 152
rbtree: 96
rbtree: 58
rbtree: 98
rbtree: 146
rbtree: 50
rbtree: 68
rbtree: 136
rbtree: 146
rbtree: 100
rbtree: 100
rbtree: 68
rbtree: 132
rbtree: 150
rbtree: 100
rbtree: 92
rbtree: 136
rbtree: 54
rbtree: 140
rbtree: 50
rbtree: 164
rbtree: 54
rbtree: 152
rbtree: 92
rbtree: 158
rbtree: 134
rbtree: 110
rbtree: 186
rbtree: 104
rbtree: 90
rbtree: 98
rbtree: 116
rbtree: 118
rbtree: 90
rbtree: 106
rbtree: 100
rbtree: 126
rbtree: 52
rbtree: 106
rbtree: 80
rbtree: 142
rbtree: 54
rbtree: 102
rbtree: 120
rbtree: 130
rbtree: 50
rbtree: 102
rbtree: 78
rbtree: 142
rbtree: 54
rbtree: 100
rbtree: 98
rbtree: 130
rbtree: 54
rbtree: 104
rbtree: 76
rbtree: 144
rbtree: 96
rbtree: 94
rbtree: 98
rbtree: 114
rbtree: 54
rbtree: 100
rbtree: 58
rbtree: 134
rbtree: 52
rbtree: 106
rbtree: 78
rbtree: 130
rbtree: 52
rbtree: 102
rbtree: 76
rbtree: 140
rbtree: 58
rbtree: 104
rbtree: 124
rbtree: 128
rbtree: 54
rbtree: 102
rbtree: 74
rbtree: 136
rbtree: 52
rbtree: 100
rbtree: 100
rbtree: 132
rbtree: 52
rbtree: 100
rbtree: 76
rbtree: 142
rbtree: 56
rbtree: 68
rbtree: 88
rbtree: 112
rbtree: 56
rbtree: 106
rbtree: 54
rbtree: 120
rbtree: 54
rbtree: 104
rbtree: 84
rbtree: 110
rbtree: 52
rbtree: 100
rbtree: 82
rbtree: 128
rbtree: 54
rbtree: 102
rbtree: 100
rbtree: 130
rbtree: 52
rbtree: 104
rbtree: 80
rbtree: 136
rbtree: 56
rbtree: 100
rbtree: 82
rbtree: 126
rbtree: 50
rbtree: 102
rbtree: 80
rbtree: 146
rbtree: 58
rbtree: 70
rbtree: 62
rbtree: 112
rbtree: 56
rbtree: 106
rbtree: 52
rbtree: 138
rbtree: 52
rbtree: 102
rbtree: 80
rbtree: 126
rbtree: 54
rbtree: 110
rbtree: 76
rbtree: 146
rbtree: 50
rbtree: 104
rbtree: 106
rbtree: 128
rbtree: 48
rbtree: 102
rbtree: 76
rbtree: 136
rbtree: 54
rbtree: 104
rbtree: 84
rbtree: 130
rbtree: 52
rbtree: 104
rbtree: 76
rbtree: 146
rbtree: 60
rbtree: 72
rbtree: 62
rbtree: 112
rbtree: 52
rbtree: 106
rbtree: 56
rbtree: 118
rbtree: 50
rbtree: 102
rbtree: 80
rbtree: 130
rbtree: 54
rbtree: 106
rbtree: 78
rbtree: 162
rbtree: 76
rbtree: 100
rbtree: 88
rbtree: 134
rbtree: 54
rbtree: 64
rbtree: 76
rbtree: 140
rbtree: 50
rbtree: 108
rbtree: 58
rbtree: 128
rbtree: 54
rbtree: 104
rbtree: 82
rbtree: 164
rbtree: 94
rbtree: 64
rbtree: 58
rbtree: 108
rbtree: 52
rbtree: 104
rbtree: 76
rbtree: 138
rbtree: 54
rbtree: 102
rbtree: 84
rbtree: 110
rbtree: 50
rbtree: 102
rbtree: 80
rbtree: 148
rbtree: 50
rbtree: 102
rbtree: 106
rbtree: 112
rbtree: 50
rbtree: 102
rbtree: 78
rbtree: 134
rbtree: 54
rbtree: 104
rbtree: 82
rbtree: 112
rbtree: 54
rbtree: 102
rbtree: 80
rbtree: 146
rbtree: 56
rbtree: 68
rbtree: 66
rbtree: 108
rbtree: 52
rbtree: 110
rbtree: 52
rbtree: 134
rbtree: 54
rbtree: 106
rbtree: 82
rbtree: 112
rbtree: 52
rbtree: 104
rbtree: 54
rbtree: 146
rbtree: 54
rbtree: 102
rbtree: 100
rbtree: 110
rbtree: 50
rbtree: 104
rbtree: 78
rbtree: 118
rbtree: 54
rbtree: 100
rbtree: 80
rbtree: 110
rbtree: 50
rbtree: 102
rbtree: 78
rbtree: 148
rbtree: 58
rbtree: 68
rbtree: 62
rbtree: 110
rbtree: 54
rbtree: 104
rbtree: 58
rbtree: 116
rbtree: 54
rbtree: 100
rbtree: 80
rbtree: 108
rbtree: 54
rbtree: 110
rbtree: 78
rbtree: 146
rbtree: 54
rbtree: 102
rbtree: 102
rbtree: 112
rbtree: 50
rbtree: 102
rbtree: 80
rbtree: 140
rbtree: 52
rbtree: 102
rbtree: 80
rbtree: 76
rbtree: 60
rbtree: 102
rbtree: 60
rbtree: 146
rbtree: 60
rbtree: 72
rbtree: 62
rbtree: 76
rbtree: 58
rbtree: 102
rbtree: 56
rbtree: 140
rbtree: 56
rbtree: 102
rbtree: 80
rbtree: 112
rbtree: 54
rbtree: 104
rbtree: 78
rbtree: 140
rbtree: 54
rbtree: 102
rbtree: 84
rbtree: 110
rbtree: 52
rbtree: 104
rbtree: 80
rbtree: 116
rbtree: 54
rbtree: 104
rbtree: 62
rbtree: 112
rbtree: 52
rbtree: 104
rbtree: 78
rbtree: 142
rbtree: 60
rbtree: 70
rbtree: 66
rbtree: 112
rbtree: 54
rbtree: 104
rbtree: 78
rbtree: 116
rbtree: 50
rbtree: 104
rbtree: 76
rbtree: 110
rbtree: 54
rbtree: 106
rbtree: 78
rbtree: 122
rbtree: 56
rbtree: 104
rbtree: 102
rbtree: 110
rbtree: 52
rbtree: 100
rbtree: 80
rbtree: 118
rbtree: 54
rbtree: 102
rbtree: 80
rbtree: 110
rbtree: 50
rbtree: 102
rbtree: 78
rbtree: 140
rbtree: 56
rbtree: 70
rbtree: 60
rbtree: 108
rbtree: 50
rbtree: 100
rbtree: 54
rbtree: 118
rbtree: 56
rbtree: 100
rbtree: 80
rbtree: 112
rbtree: 52
rbtree: 104
rbtree: 78
rbtree: 140
rbtree: 52
rbtree: 102
rbtree: 104
rbtree: 112
rbtree: 52
rbtree: 106
rbtree: 78
rbtree: 136
rbtree: 54
rbtree: 102
rbtree: 80
rbtree: 110
rbtree: 54
rbtree: 100
rbtree: 76
rbtree: 164
rbtree: 56
rbtree: 70
rbtree: 62
rbtree: 76
rbtree: 56
rbtree: 106
rbtree: 58
rbtree: 140
rbtree: 52
rbtree: 102
rbtree: 78
rbtree: 110
rbtree: 56
rbtree: 104
rbtree: 78
rbtree: 144
rbtree: 68
rbtree: 110
rbtree: 98
rbtree: 114
rbtree: 52
rbtree: 102
rbtree: 80
rbtree: 138
rbtree: 68
rbtree: 108
rbtree: 84
rbtree: 112
rbtree: 52
rbtree: 102
rbtree: 80
rbtree: 146
rbtree: 74
rbtree: 72
rbtree: 64
rbtree: 110
rbtree: 54
rbtree: 104
rbtree: 56
rbtree: 134
rbtree: 56
rbtree: 102
rbtree: 82
rbtree: 112
rbtree: 56
rbtree: 100
rbtree: 58
rbtree: 142
rbtree: 62
rbtree: 102
rbtree: 100
rbtree: 108
rbtree: 52
rbtree: 102
rbtree: 80
rbtree: 114
rbtree: 84
rbtree: 102
rbtree: 82
rbtree: 106
rbtree: 58
rbtree: 108
rbtree: 56
rbtree: 144
rbtree: 74
rbtree: 74
rbtree: 62
rbtree: 80
rbtree: 56
rbtree: 104
rbtree: 56
rbtree: 138
rbtree: 80
rbtree: 100
rbtree: 80
rbtree: 74
rbtree: 58
rbtree: 104
rbtree: 76
rbtree: 144
rbtree: 66
rbtree: 106
rbtree: 100
rbtree: 108
rbtree: 56
rbtree: 106
rbtree: 82
rbtree: 142
rbtree: 82
rbtree: 102
rbtree: 80
rbtree: 134
rbtree: 54
rbtree: 106
rbtree: 76
rbtree: 162
rbtree: 58
rbtree: 64
rbtree: 58
rbtree: 112
rbtree: 54
rbtree: 100
rbtree: 58
rbtree: 140
rbtree: 54
rbtree: 104
rbtree: 80
rbtree: 110
rbtree: 54
rbtree: 60
rbtree: 82
rbtree: 162
rbtree: 56
rbtree: 102
rbtree: 100
rbtree: 134
rbtree: 54
rbtree: 102
rbtree: 78
rbtree: 154
rbtree: 54
rbtree: 102
rbtree: 82
rbtree: 132
rbtree: 52
rbtree: 102
rbtree: 80
rbtree: 160
rbtree: 56
rbtree: 70
rbtree: 62
rbtree: 110
rbtree: 58
rbtree: 104
rbtree: 56
rbtree: 132
rbtree: 68
rbtree: 102
rbtree: 78
rbtree: 112
rbtree: 56
rbtree: 104
rbtree: 56
rbtree: 144
rbtree: 60
rbtree: 102
rbtree: 98
rbtree: 110
rbtree: 52
rbtree: 106
rbtree: 78
rbtree: 138
rbtree: 52
rbtree: 104
rbtree: 62
rbtree: 128
rbtree: 52
rbtree: 104
rbtree: 78
rbtree: 160
rbtree: 58
rbtree: 70
rbtree: 58
rbtree: 114
rbtree: 54
rbtree: 100
rbtree: 78
rbtree: 140
rbtree: 58
rbtree: 102
rbtree: 80
rbtree: 110
rbtree: 52
rbtree: 104
rbtree: 58
rbtree: 140
rbtree: 56
rbtree: 98
rbtree: 82
rbtree: 138
rbtree: 50
rbtree: 76
rbtree: 78
rbtree: 146
rbtree: 50
rbtree: 80
rbtree: 78
rbtree: 142
rbtree: 54
rbtree: 76
rbtree: 76
rbtree: 162
rbtree: 54
rbtree: 66
rbtree: 66
rbtree: 114
rbtree: 54
rbtree: 108
rbtree: 52
rbtree: 116
rbtree: 50
rbtree: 102
rbtree: 80
rbtree: 134
rbtree: 52
rbtree: 104
rbtree: 76
rbtree: 162
rbtree: 56
rbtree: 104
rbtree: 106
rbtree: 110
rbtree: 54
rbtree: 106
rbtree: 52
rbtree: 136
rbtree: 54
rbtree: 102
rbtree: 80
rbtree: 112
rbtree: 54
rbtree: 102
rbtree: 78
rbtree: 144
rbtree: 60
rbtree: 72
rbtree: 62
rbtree: 110
rbtree: 52
rbtree: 104
rbtree: 58
rbtree: 140
rbtree: 52
rbtree: 100
rbtree: 82
rbtree: 112
rbtree: 56
rbtree: 102
rbtree: 78
rbtree: 146
rbtree: 56
rbtree: 104
rbtree: 104
rbtree: 110
rbtree: 52
rbtree: 104
rbtree: 80
rbtree: 134
rbtree: 54
rbtree: 98
rbtree: 84
rbtree: 110
rbtree: 52
rbtree: 104
rbtree: 78
rbtree: 146
rbtree: 52
rbtree: 68
rbtree: 62
rbtree: 112
rbtree: 54
rbtree: 100
rbtree: 56
rbtree: 138
rbtree: 54
rbtree: 102
rbtree: 82
rbtree: 112
rbtree: 54
rbtree: 110
rbtree: 82
rbtree: 146
rbtree: 54
rbtree: 102
rbtree: 108
rbtree: 112
rbtree: 54
rbtree: 102
rbtree: 78
rbtree: 138
rbtree: 50
rbtree: 100
rbtree: 80
rbtree: 110
rbtree: 52
rbtree: 102
rbtree: 80
rbtree: 146
rbtree: 54
rbtree: 66
rbtree: 60
rbtree: 110
rbtree: 52
rbtree: 102
rbtree: 56
rbtree: 140
rbtree: 52
rbtree: 102
rbtree: 82
rbtree: 112
rbtree: 52
rbtree: 102
rbtree: 78
rbtree: 144
rbtree: 56
rbtree: 100
rbtree: 98
rbtree: 108
rbtree: 52
rbtree: 104
rbtree: 82
rbtree: 140
rbtree: 54
rbtree: 104
rbtree: 82
rbtree: 112
rbtree: 54
rbtree: 104
rbtree: 80
rbtree: 148
rbtree: 56
rbtree: 70
rbtree: 64
rbtree: 110
rbtree: 54
rbtree: 102
rbtree: 52
rbtree: 136
rbtree: 54
rbtree: 100
rbtree: 80
rbtree: 114
rbtree: 54
rbtree: 106
rbtree: 76
rbtree: 160
rbtree: 54
rbtree: 102
rbtree: 86
rbtree: 128
rbtree: 52
rbtree: 66
rbtree: 76
rbtree: 140
rbtree: 56
rbtree: 102
rbtree: 58
rbtree: 128
rbtree: 52
rbtree: 106
rbtree: 72
rbtree: 162
rbtree: 56
rbtree: 70
rbtree: 58
rbtree: 114
rbtree: 54
rbtree: 104
rbtree: 78
rbtree: 118
rbtree: 54
rbtree: 100
rbtree: 80
rbtree: 112
rbtree: 50
rbtree: 104
rbtree: 80
rbtree: 144
rbtree: 54
rbtree: 102
rbtree: 98
rbtree: 74
rbtree: 58
rbtree: 100
rbtree: 54
rbtree: 134
rbtree: 52
rbtree: 102
rbtree: 84
rbtree: 110
rbtree: 52
rbtree: 102
rbtree: 78
rbtree: 140
rbtree: 56
rbtree: 70
rbtree: 62
rbtree: 110
rbtree: 50
rbtree: 102
rbtree: 78
rbtree: 122
rbtree: 54
rbtree: 98
rbtree: 76
rbtree: 110
rbtree: 54
rbtree: 106
rbtree: 80
rbtree: 144
rbtree: 50
rbtree: 100
rbtree: 104
rbtree: 110
rbtree: 54
rbtree: 100
rbtree: 80
rbtree: 116
rbtree: 52
rbtree: 100
rbtree: 76
rbtree: 130
rbtree: 56
rbtree: 102
rbtree: 78
rbtree: 146
rbtree: 62
rbtree: 70
rbtree: 58
rbtree: 114
rbtree: 54
rbtree: 102
rbtree: 56
rbtree: 136
rbtree: 52
rbtree: 104
rbtree: 84
rbtree: 110
rbtree: 54
rbtree: 104
rbtree: 56
rbtree: 150
rbtree: 54
rbtree: 102
rbtree: 104
rbtree: 112
rbtree: 58
rbtree: 102
rbtree: 78
rbtree: 142
rbtree: 54
rbtree: 104
rbtree: 78
rbtree: 110
rbtree: 52
rbtree: 102
rbtree: 58
rbtree: 146
rbtree: 52
rbtree: 70
rbtree: 64
rbtree: 110
rbtree: 50
rbtree: 106
rbtree: 58
rbtree: 136
rbtree: 50
rbtree: 100
rbtree: 84
rbtree: 108
rbtree: 50
rbtree: 100
rbtree: 80
rbtree: 144
rbtree: 48
rbtree: 100
rbtree: 100
rbtree: 110
rbtree: 50
rbtree: 104
rbtree: 76
rbtree: 138
rbtree: 54
rbtree: 102
rbtree: 86
rbtree: 110
rbtree: 52
rbtree: 100
rbtree: 78
rbtree: 158
rbtree: 56
rbtree: 68
rbtree: 62
rbtree: 110
rbtree: 50
rbtree: 104
rbtree: 76
rbtree: 156
rbtree: 52
rbtree: 100
rbtree: 78
rbtree: 134
rbtree: 54
rbtree: 60
rbtree: 80
rbtree: 162
rbtree: 54
rbtree: 104
rbtree: 98
rbtree: 106
rbtree: 48
rbtree: 104
rbtree: 58
rbtree: 138
rbtree: 52
rbtree: 102
rbtree: 80
rbtree: 108
rbtree: 54
rbtree: 98
rbtree: 76
rbtree: 144
rbtree: 60
rbtree: 68
rbtree: 60
rbtree: 110
rbtree: 52
rbtree: 104
rbtree: 52
rbtree: 136
rbtree: 70
rbtree: 110
rbtree: 80
rbtree: 112
