rbtree: 78 64
rbtree: 60 28
rbtree: 14 28
rbtree: 14 14
rbtree: 12 18
rbtree: 14 14
rbtree: 16 14
rbtree: 16 14
rbtree: 16 14
rbtree: 14 14
rbtree: 12 38
rbtree: 14 16
rbtree: 16 20
rbtree: 14 14
rbtree: 14 14
rbtree: 16 14
rbtree: 14 14
rbtree: 16 16
rbtree: 14 14
rbtree: 14 16
rbtree: 16 20
rbtree: 14 14
rbtree: 14 14
rbtree: 14 14
rbtree: 12 16
rbtree: 16 16
rbtree: 14 12
rbtree: 14 16
rbtree: 14 46
rbtree: 14 14
rbtree: 14 14
rbtree: 12 14
rbtree: 14 14
rbtree: 14 14
rbtree: 14 14
rbtree: 14 16
rbtree: 14 20
rbtree: 14 12
rbtree: 14 14
rbtree: 16 14
rbtree: 14 14
rbtree: 12 14
rbtree: 14 12
rbtree: 14 12
rbtree: 14 20
rbtree: 14 16
rbtree: 16 14
rbtree: 14 14
rbtree: 14 14
rbtree: 14 14
rbtree: 16 14
rbtree: 14 14
rbtree: 12 48
rbtree: 14 16
rbtree: 14 14
rbtree: 14 12
rbtree: 14 16
rbtree: 14 14
rbtree: 14 14
rbtree: 14 14
rbtree: 14 54
rbtree: 14 14
rbtree: 14 14
rbtree: 14 14
rbtree: 14 14
rbtree: 14 14
rbtree: 14 14
rbtree: 14 14
rbtree: 14 64
rbtree: 16 16
rbtree: 14 12
rbtree: 14 14
rbtree: 14 14
rbtree: 16 14
rbtree: 14 14
rbtree: 14 16
rbtree: 14 18
rbtree: 14 16
rbtree: 14 50
rbtree: 14 14
rbtree: 14 14
rbtree: 12 14
rbtree: 12 16
rbtree: 16 12
rbtree: 14 18
rbtree: 14 14
rbtree: 14 12
rbtree: 14 12
rbtree: 14 14
rbtree: 12 14
rbtree: 16 14
rbtree: 16 14
rbtree: 14 18
rbtree: 16 16
rbtree: 14 14
rbtree: 16 14
rbtree: 14 14
rbtree: 14 14
rbtree: 16 14
rbtree: 14 14
rbtree: 14 18
rbtree: 14 16
rbtree: 14 14
rbtree: 14 16
rbtree: 14 16
rbtree: 14 14
rbtree: 14 14
rbtree: 16 14
rbtree: 12 18
rbtree: 14 14
rbtree: 14 14
rbtree: 14 14
rbtree: 12 16
rbtree: 16 12
rbtree: 14 14
rbtree: 14 16
rbtree: 14 18
rbtree: 16 16
rbtree: 16 12
rbtree: 14 14
rbtree: 16 14
rbtree: 14 14
rbtree: 14 12
rbtree: 14 14
rbtree: 12 18
rbtree: 16 16
rbtree: 14 14
rbtree: 16 14
rbtree: 14 14
rbtree: 14 14
rbtree: 14 14
rbtree: 14 14
rbtree: 14 18
rbtree: 12 14
rbtree: 14 14
rbtree: 16 14
rbtree: 12 14
rbtree: 14 14
rbtree: 14 14
rbtree: 14 14
rbtree: 14 18
rbtree: 14 14
rbtree: 12 14
rbtree: 14 14
rbtree: 16 14
rbtree: 14 14
rbtree: 12 14
rbtree: 14 16
rbtree: 16 18
rbtree: 14 14
rbtree: 14 14
rbtree: 16 14
rbtree: 14 16
rbtree: 14 14
rbtree: 14 14
rbtree: 14 14
rbtree: 16 18
rbtree: 14 14
rbtree: 14 14
rbtree: 12 14
rbtree: 14 14
rbtree: 16 14
rbtree: 16 14
rbtree: 14 14
rbtree: 14 24
rbtree: 14 14
rbtree: 14 14
rbtree: 16 14
rbtree: 12 14
rbtree: 14 14
rbtree: 14 14
rbtree: 14 12
rbtree: 14 18
rbtree: 14 18
rbtree: 14 12
rbtree: 14 14
rbtree: 14 16
rbtree: 14 14
rbtree: 14 12
rbtree: 14 12
rbtree: 14 20
rbtree: 16 14
rbtree: 16 14
rbtree: 14 14
rbtree: 14 14
rbtree: 14 14
rbtree: 14 16
rbtree: 14 16
rbtree: 14 18
rbtree: 14 14
rbtree: 14 14
rbtree: 14 12
rbtree: 14 14
rbtree: 14 14
rbtree: 14 14
rbtree: 14 14
rbtree: 12 22
rbtree: 14 14
rbtree: 16 16
rbtree: 16 16
rbtree: 14 14
rbtree: 14 14
rbtree: 14 12
rbtree: 14 14
rbtree: 14 18
rbtree: 16 16
rbtree: 16 14
rbtree: 14 14
rbtree: 14 14
rbtree: 14 12
rbtree: 14 16
rbtree: 14 16
rbtree: 14 16
rbtree: 12 16
rbtree: 14 12
rbtree: 14 14
rbtree: 12 14
rbtree: 14 14
rbtree: 14 14
rbtree: 14 14
rbtree: 14 16
rbtree: 14 14
rbtree: 14 16
rbtree: 16 12
rbtree: 14 14
rbtree: 14 14
rbtree: 12 14
rbtree: 14 14
rbtree: 14 20
rbtree: 16 14
rbtree: 14 14
rbtree: 14 12
rbtree: 14 14
rbtree: 12 14
rbtree: 14 14
rbtree: 16 14
rbtree: 14 18
rbtree: 16 12
rbtree: 14 16
rbtree: 14 16
rbtree: 16 16
rbtree: 14 12
rbtree: 14 16
rbtree: 14 14
rbtree: 16 18
rbtree: 16 14
rbtree: 14 14
rbtree: 14 12
rbtree: 14 16
rbtree: 14 14
rbtree: 14 14
rbtree: 14 12
rbtree: 14 20
rbtree: 12 14
rbtree: 14 12
rbtree: 14 16
rbtree: 14 16
rbtree: 14 14
rbtree: 14 14
rbtree: 16 14
rbtree: 14 18
rbtree: 14 14
rbtree: 14 14
rbtree: 14 12
rbtree: 14 14
rbtree: 14 16
rbtree: 16 16
rbtree: 14 16
rbtree: 14 16
rbtree: 14 14
rbtree: 14 14
rbtree: 14 14
rbtree: 16 14
rbtree: 14 14
rbtree: 14 14
rbtree: 14 14
rbtree: 16 20
rbtree: 14 16
rbtree: 16 14
rbtree: 16 14
rbtree: 12 16
rbtree: 14 16
rbtree: 16 14
rbtree: 14 16
rbtree: 14 18
rbtree: 12 14
rbtree: 12 14
rbtree: 14 14
rbtree: 14 14
rbtree: 14 14
rbtree: 16 14
rbtree: 14 12
rbtree: 14 18
rbtree: 14 14
rbtree: 16 14
rbtree: 14 14
rbtree: 12 14
rbtree: 14 16
rbtree: 16 14
rbtree: 14 14
rbtree: 12 18
rbtree: 14 16
rbtree: 16 16
rbtree: 14 14
rbtree: 14 14
rbtree: 14 14
rbtree: 14 14
rbtree: 12 14
rbtree: 14 20
rbtree: 14 16
rbtree: 16 16
rbtree: 14 14
rbtree: 14 18
rbtree: 16 16
rbtree: 14 16
rbtree: 12 14
rbtree: 14 18
rbtree: 14 14
rbtree: 14 14
rbtree: 16 14
rbtree: 14 14
rbtree: 12 14
rbtree: 14 14
rbtree: 16 12
rbtree: 14 18
rbtree: 16 16
rbtree: 16 14
rbtree: 14 14
rbtree: 14 16
rbtree: 16 14
rbtree: 14 14
rbtree: 12 14
rbtree: 14 20
rbtree: 14 14
rbtree: 14 14
rbtree: 14 14
rbtree: 14 16
rbtree: 16 14
rbtree: 14 16
rbtree: 16 12
rbtree: 14 18
rbtree: 14 16
rbtree: 14 14
rbtree: 14 14
rbtree: 12 14
rbtree: 14 14
rbtree: 14 14
rbtree: 14 14
rbtree: 14 18
rbtree: 16 16
rbtree: 14 14
rbtree: 16 14
rbtree: 16 16
rbtree: 14 16
rbtree: 14 14
rbtree: 14 12
rbtree: 14 20
rbtree: 16 16
rbtree: 16 14
rbtree: 14 16
rbtree: 14 14
rbtree: 14 14
rbtree: 14 14
rbtree: 14 14
rbtree: 14 20
rbtree: 16 14
rbtree: 14 16
rbtree: 14 16
rbtree: 14 16
rbtree: 14 16
rbtree: 16 14
rbtree: 16 14
rbtree: 12 18
rbtree: 16 16
rbtree: 14 16
rbtree: 14 14
rbtree: 14 14
rbtree: 14 14
rbtree: 16 14
rbtree: 14 12
rbtree: 14 18
rbtree: 12 16
rbtree: 14 12
rbtree: 14 14
rbtree: 14 14
rbtree: 14 14
rbtree: 14 14
rbtree: 14 14
rbtree: 14 16
rbtree: 14 14
rbtree: 12 16
rbtree: 16 16
rbtree: 14 12
rbtree: 14 16
rbtree: 14 16
rbtree: 14 14
rbtree: 16 20
rbtree: 12 14
rbtree: 14 16
rbtree: 14 14
rbtree: 14 14
rbtree: 16 14
rbtree: 12 14
rbtree: 12 14
rbtree: 14 18
rbtree: 14 14
rbtree: 14 14
rbtree: 14 14
rbtree: 14 14
rbtree: 14 14
rbtree: 14 12
rbtree: 14 16
rbtree: 14 20
rbtree: 14 14
rbtree: 16 14
rbtree: 12 14
rbtree: 14 14
rbtree: 14 14
rbtree: 14 16
rbtree: 14 16
rbtree: 14 18
rbtree: 14 14
rbtree: 14 14
rbtree: 16 12
rbtree: 14 16
rbtree: 14 14
rbtree: 14 14
rbtree: 14 14
rbtree: 14 20
rbtree: 14 14
rbtree: 14 16
rbtree: 16 12
rbtree: 14 14
rbtree: 12 14
rbtree: 12 14
rbtree: 14 12
rbtree: 14 20
rbtree: 14 14
rbtree: 14 14
rbtree: 14 14
rbtree: 14 12
rbtree: 14 12
rbtree: 14 16
rbtree: 14 16
rbtree: 14 18
rbtree: 14 16
rbtree: 16 16
rbtree: 16 12
rbtree: 14 16
rbtree: 14 16
rbtree: 16 16
rbtree: 14 14
rbtree: 14 18
rbtree: 16 16
rbtree: 14 14
rbtree: 14 14
rbtree: 14 16
rbtree: 16 14
rbtree: 16 16
rbtree: 14 14
rbtree: 12 20
rbtree: 14 14
rbtree: 14 16
rbtree: 14 14
rbtree: 14 12
rbtree: 14 12
rbtree: 14 16
rbtree: 14 16
rbtree: 14 18
rbtree: 14 14
rbtree: 14 14
rbtree: 14 14
rbtree: 14 12
rbtree: 14 12
rbtree: 14 14
rbtree: 12 16
rbtree: 16 18
rbtree: 12 16
rbtree: 14 12
rbtree: 14 14
rbtree: 16 14
rbtree: 14 14
rbtree: 14 14
rbtree: 14 16
rbtree: 14 16
rbtree: 14 14
rbtree: 14 14
rbtree: 12 14
rbtree: 14 14
rbtree: 14 14
rbtree: 14 16
rbtree: 14 14
rbtree: 16 62
rbtree: 14 16
rbtree: 14 14
rbtree: 14 16
rbtree: 16 14
rbtree: 16 14
rbtree: 16 16
rbtree: 14 14
rbtree: 14 48
rbtree: 14 14
rbtree: 14 14
rbtree: 14 14
rbtree: 14 14
rbtree: 14 16
rbtree: 14 14
rbtree: 14 14
rbtree: 12 50
rbtree: 14 14
rbtree: 14 14
rbtree: 14 14
rbtree: 14 16
rbtree: 14 14
rbtree: 14 14
rbtree: 14 14
rbtree: 14 60
rbtree: 14 14
rbtree: 16 12
rbtree: 14 14
rbtree: 14 16
rbtree: 16 14
rbtree: 16 12
rbtree: 14 14
rbtree: 14 18
rbtree: 14 14
rbtree: 16 14
rbtree: 14 16
rbtree: 16 16
rbtree: 16 12
rbtree: 14 16
rbtree: 14 16
rbtree: 14 44
rbtree: 16 14
rbtree: 14 16
rbtree: 14 14
rbtree: 14 14
rbtree: 14 14
rbtree: 14 14
rbtree: 14 14
rbtree: 14 56
rbtree: 14 12
rbtree: 14 14
rbtree: 14 14
rbtree: 14 14
rbtree: 14 16
rbtree: 14 14
rbtree: 14 14
rbtree: 14 16
rbtree: 14 14
rbtree: 12 14
rbtree: 14 14
rbtree: 14 16
rbtree: 14 14
rbtree: 14 14
rbtree: 14 14
rbtree: 14 18
rbtree: 14 14
rbtree: 14 14
rbtree: 16 16
rbtree: 14 16
rbtree: 16 14
rbtree: 14 12
rbtree: 14 14
rbtree: 12 18
rbtree: 16 16
rbtree: 16 16
rbtree: 14 14
rbtree: 14 16
rbtree: 14 14
rbtree: 14 14
rbtree: 14 12
rbtree: 14 20
rbtree: 14 16
rbtree: 14 14
rbtree: 12 16
rbtree: 14 14
rbtree: 14 16
rbtree: 16 16
rbtree: 14 16
rbtree: 14 20
rbtree: 14 14
rbtree: 14 14
rbtree: 14 14
rbtree: 14 14
rbtree: 14 14
rbtree: 12 16
rbtree: 14 14
rbtree: 14 18
rbtree: 12 14
rbtree: 14 12
rbtree: 14 14
rbtree: 14 14
rbtree: 14 14
rbtree: 14 16
rbtree: 14 14
rbtree: 14 20
rbtree: 14 16
rbtree: 14 14
rbtree: 14 14
rbtree: 14 14
rbtree: 14 14
rbtree: 16 14
rbtree: 14 14
rbtree: 12 18
rbtree: 12 14
rbtree: 14 14
rbtree: 14 14
rbtree: 14 14
rbtree: 14 14
rbtree: 14 16
rbtree: 14 14
rbtree: 14 18
rbtree: 14 14
rbtree: 16 12
rbtree: 14 14
rbtree: 14 12
rbtree: 14 14
rbtree: 16 14
rbtree: 12 14
rbtree: 14 18
rbtree: 16 14
rbtree: 14 14
rbtree: 16 14
rbtree: 12 14
rbtree: 14 14
rbtree: 14 14
rbtree: 16 14
rbtree: 12 18
rbtree: 14 14
rbtree: 14 14
rbtree: 14 14
rbtree: 12 14
rbtree: 14 14
rbtree: 16 14
rbtree: 12 14
rbtree: 14 18
rbtree: 14 14
rbtree: 14 14
rbtree: 14 16
rbtree: 16 14
rbtree: 16 12
rbtree: 14 16
rbtree: 14 16
rbtree: 14 18
rbtree: 16 14
rbtree: 12 14
rbtree: 14 12
rbtree: 14 12
rbtree: 14 16
rbtree: 14 14
rbtree: 14 14
rbtree: 14 18
rbtree: 12 16
rbtree: 16 16
rbtree: 16 14
rbtree: 14 16
rbtree: 14 14
rbtree: 14 14
rbtree: 14 14
rbtree: 14 18
rbtree: 16 14
rbtree: 14 12
rbtree: 14 14
rbtree: 14 14
rbtree: 14 14
rbtree: 14 14
rbtree: 14 14
rbtree: 16 18
rbtree: 14 14
rbtree: 14 16
rbtree: 14 14
rbtree: 14 14
rbtree: 14 14
rbtree: 14 14
rbtree: 16 14
rbtree: 14 20
rbtree: 14 14
rbtree: 16 14
rbtree: 16 16
rbtree: 14 16
rbtree: 16 12
rbtree: 14 12
rbtree: 14 14
rbtree: 12 18
rbtree: 14 16
rbtree: 14 14
rbtree: 16 16
rbtree: 14 14
rbtree: 14 16
rbtree: 16 14
rbtree: 14 16
rbtree: 14 16
rbtree: 14 14
rbtree: 14 16
rbtree: 16 14
rbtree: 16 14
rbtree: 12 16
rbtree: 14 14
rbtree: 14 12
rbtree: 14 18
rbtree: 14 14
rbtree: 14 14
rbtree: 14 14
rbtree: 14 16
rbtree: 16 14
rbtree: 14 14
rbtree: 16 14
rbtree: 14 18
rbtree: 16 16
rbtree: 12 14
rbtree: 14 14
rbtree: 14 14
rbtree: 16 14
rbtree: 12 14
rbtree: 14 14
rbtree: 14 18
rbtree: 14 14
rbtree: 16 14
rbtree: 12 14
rbtree: 14 16
rbtree: 14 12
rbtree: 14 16
rbtree: 14 14
rbtree: 12 18
rbtree: 12 14
rbtree: 12 14
rbtree: 16 14
rbtree: 16 14
rbtree: 14 14
rbtree: 14 16
rbtree: 16 14
rbtree: 14 18
rbtree: 16 16
rbtree: 14 14
rbtree: 14 14
rbtree: 14 14
rbtree: 14 16
rbtree: 14 14
rbtree: 14 14
rbtree: 14 18
rbtree: 14 16
rbtree: 14 14
rbtree: 12 14
rbtree: 14 12
rbtree: 14 16
rbtree: 14 14
rbtree: 14 16
rbtree: 14 52
rbtree: 12 14
rbtree: 12 16
rbtree: 16 14
rbtree: 16 14
rbtree: 14 16
rbtree: 14 14
rbtree: 14 14
rbtree: 16 20
rbtree: 14 14
rbtree: 14 14
rbtree: 16 12
rbtree: 14 14
rbtree: 14 14
rbtree: 14 14
rbtree: 14 14
rbtree: 14 18
rbtree: 16 14
rbtree: 14 14
rbtree: 16 16
rbtree: 14 14
rbtree: 16 16
rbtree: 14 14
rbtree: 14 14
rbtree: 12 18
rbtree: 14 16
rbtree: 14 14
rbtree: 14 14
rbtree: 14 14
rbtree: 12 14
rbtree: 12 16
rbtree: 16 12
rbtree: 14 18
rbtree: 16 16
rbtree: 14 14
rbtree: 12 14
rbtree: 12 14
rbtree: 14 14
rbtree: 16 14
rbtree: 14 14
rbtree: 12 20
rbtree: 14 14
rbtree: 14 14
rbtree: 14 14
rbtree: 14 12
rbtree: 14 14
rbtree: 14 14
rbtree: 16 14
rbtree: 14 16
rbtree: 12 16
rbtree: 14 16
rbtree: 16 14
rbtree: 16 16
rbtree: 16 14
rbtree: 14 16
rbtree: 16 14
rbtree: 14 18
rbtree: 16 14
rbtree: 14 14
rbtree: 14 14
rbtree: 14 14
rbtree: 14 14
rbtree: 14 14
rbtree: 16 14
rbtree: 14 16
rbtree: 14 14
rbtree: 14 14
rbtree: 14 16
rbtree: 16 12
rbtree: 14 14
rbtree: 14 14
rbtree: 14 14
rbtree: 12 18
rbtree: 14 16
rbtree: 14 16
rbtree: 14 14
rbtree: 14 18
rbtree: 14 14
rbtree: 14 16
rbtree: 14 16
rbtree: 14 16
rbtree: 14 14
rbtree: 14 14
rbtree: 14 14
rbtree: 14 14
rbtree: 14 16
rbtree: 14 14
rbtree: 14 16
rbtree: 16 18
rbtree: 14 14
rbtree: 16 14
rbtree: 16 14
rbtree: 12 14
rbtree: 14 12
rbtree: 14 14
rbtree: 14 14
rbtree: 12 18
rbtree: 14 12
rbtree: 14 16
rbtree: 16 16
rbtree: 14 14
rbtree: 14 14
rbtree: 14 14
rbtree: 14 14
rbtree: 14 18
rbtree: 16 16
rbtree: 14 14
rbtree: 14 14
rbtree: 14 14
rbtree: 14 16
rbtree: 14 14
rbtree: 14 14
rbtree: 14 18
rbtree: 16 14
rbtree: 14 16
rbtree: 14 14
rbtree: 14 14
rbtree: 14 12
rbtree: 14 14
rbtree: 14 14
rbtree: 14 18
rbtree: 14 14
rbtree: 12 14
rbtree: 14 14
rbtree: 14 14
rbtree: 12 14
rbtree: 14 16
rbtree: 16 14
rbtree: 16 16
rbtree: 14 16
rbtree: 14 14
rbtree: 14 16
rbtree: 14 12
rbtree: 14 14
rbtree: 14 16
rbtree: 14 16
rbtree: 14 16
rbtree: 14 14
rbtree: 14 16
rbtree: 16 12
rbtree: 14 14
rbtree: 14 14
rbtree: 14 14
rbtree: 14 14
rbtree: 14 18
rbtree: 14 14
rbtree: 12 14
rbtree: 12 16
rbtree: 16 14
rbtree: 14 14
rbtree: 12 14
rbtree: 14 12
rbtree: 14 16
rbtree: 14 14
rbtree: 14 24
rbtree: 16 16
rbtree: 16 14
rbtree: 14 14
rbtree: 14 14
rbtree: 14 14
rbtree: 14 18
rbtree: 14 14
rbtree: 16 12
rbtree: 14 14
rbtree: 14 16
rbtree: 14 12
rbtree: 14 14
rbtree: 14 14
rbtree: 14 18
rbtree: 14 14
rbtree: 16 16
rbtree: 14 16
rbtree: 16 16
rbtree: 16 12
rbtree: 14 16
rbtree: 14 16
rbtree: 14 18
rbtree: 14 14
rbtree: 14 14
rbtree: 14 14
rbtree: 16 14
rbtree: 16 14
rbtree: 14 14
rbtree: 16 14
rbtree: 14 16
rbtree: 14 14
rbtree: 12 16
rbtree: 16 14
rbtree: 14 16
rbtree: 14 14
rbtree: 14 14
rbtree: 14 14
rbtree: 16 16
rbtree: 14 14
rbtree: 14 16
rbtree: 14 14
rbtree: 14 14
rbtree: 14 12
rbtree: 14 14
rbtree: 14 14
rbtree: 12 18
rbtree: 14 14
rbtree: 12 14
rbtree: 14 16
rbtree: 16 14
rbtree: 14 16
rbtree: 14 14
rbtree: 14 14
rbtree: 14 18
rbtree: 14 16
rbtree: 14 16
rbtree: 16 14
rbtree: 14 14
rbtree: 14 14
rbtree: 16 14
rbtree: 14 16
rbtree: 14 18
rbtree: 14 14
rbtree: 14 14
rbtree: 14 14
rbtree: 14 14
rbtree: 16 14
rbtree: 14 16
rbtree: 14 14
rbtree: 16 20
rbtree: 16 14
rbtree: 14 14
rbtree: 14 14
rbtree: 16 14
rbtree: 14 16
rbtree: 14 14
rbtree: 14 14
rbtree: 14 20
rbtree: 14 14
rbtree: 14 14
rbtree: 14 14
rbtree: 14 14
rbtree: 12 14
rbtree: 14 12
rbtree: 14 14
rbtree: 14 18
rbtree: 14 14
rbtree: 12 14
rbtree: 12 16
rbtree: 16 14
rbtree: 14 16
rbtree: 14 14
rbtree: 14 14
rbtree: 16 18
rbtree: 16 12
rbtree: 14 12
rbtree: 14 14
