rbtree: 92 232
rbtree: 60 108
rbtree: 120 64
rbtree: 28 94
rbtree: 102 174
rbtree: 24 68
rbtree: 112 134
rbtree: 26 98
rbtree: 134 134
rbtree: 26 100
rbtree: 50 156
rbtree: 28 114
rbtree: 30 80
rbtree: 124 78
rbtree: 18 142
rbtree: 118 70
rbtree: 138 92
rbtree: 26 32
rbtree: 36 106
rbtree: 18 72
rbtree: 88 92
rbtree: 16 72
rbtree: 102 166
rbtree: 94 90
rbtree: 26 96
rbtree: 94 92
rbtree: 30 146
rbtree: 26 94
rbtree: 114 94
rbtree: 28 34
rbtree: 50 130
rbtree: 26 34
rbtree: 74 98
rbtree: 16 78
rbtree: 64 104
rbtree: 20 76
rbtree: 88 84
rbtree: 64 74
rbtree: 18 136
rbtree: 60 76
rbtree: 158 108
rbtree: 18 70
rbtree: 64 102
rbtree: 18 70
rbtree: 120 42
rbtree: 106 88
rbtree: 18 116
rbtree: 38 72
rbtree: 22 78
rbtree: 64 32
rbtree: 80 96
rbtree: 22 86
rbtree: 62 94
rbtree: 26 30
rbtree: 84 116
rbtree: 24 88
rbtree: 104 90
rbtree: 48 92
rbtree: 24 138
rbtree: 88 32
rbtree: 34 96
rbtree: 72 36
rbtree: 48 146
rbtree: 28 36
rbtree: 66 96
rbtree: 28 34
rbtree: 48 118
rbtree: 62 34
rbtree: 24 102
rbtree: 116 78
rbtree: 36 120
rbtree: 24 76
rbtree: 34 42
rbtree: 28 84
rbtree: 112 102
rbtree: 26 76
rbtree: 42 96
rbtree: 24 76
rbtree: 54 134
rbtree: 32 78
rbtree: 16 42
rbtree: 78 36
rbtree: 16 88
rbtree: 66 74
rbtree: 86 80
rbtree: 24 36
rbtree: 62 160
rbtree: 24 74
rbtree: 48 100
rbtree: 24 38
rbtree: 70 120
rbtree: 28 36
rbtree: 52 102
rbtree: 28 72
rbtree: 48 130
rbtree: 22 36
rbtree: 136 100
rbtree: 26 36
rbtree: 36 108
rbtree: 22 34
rbtree: 44 100
rbtree: 66 38
rbtree: 24 154
rbtree: 48 42
rbtree: 24 102
rbtree: 50 40
rbtree: 34 110
rbtree: 66 82
rbtree: 30 102
rbtree: 30 86
rbtree: 46 118
rbtree: 22 82
rbtree: 64 100
rbtree: 16 86
rbtree: 62 110
rbtree: 24 84
rbtree: 42 110
rbtree: 30 84
rbtree: 74 154
rbtree: 52 80
rbtree: 24 104
rbtree: 66 80
rbtree: 16 92
rbtree: 52 84
rbtree: 24 86
rbtree: 48 84
rbtree: 24 154
rbtree: 58 36
rbtree: 24 106
rbtree: 98 44
rbtree: 44 112
rbtree: 24 42
rbtree: 52 108
rbtree: 30 40
rbtree: 48 142
rbtree: 16 80
rbtree: 50 106
rbtree: 52 84
rbtree: 16 96
rbtree: 46 40
rbtree: 36 96
rbtree: 94 40
rbtree: 24 114
rbtree: 52 38
rbtree: 38 92
rbtree: 66 38
rbtree: 16 114
rbtree: 62 38
rbtree: 16 92
rbtree: 32 40
rbtree: 26 202
rbtree: 74 90
rbtree: 16 120
rbtree: 52 84
rbtree: 24 130
rbtree: 30 46
rbtree: 36 110
rbtree: 48 46
rbtree: 56 154
rbtree: 28 46
rbtree: 52 86
rbtree: 24 84
rbtree: 16 130
rbtree: 26 86
rbtree: 58 90
rbtree: 164 82
rbtree: 20 142
rbtree: 78 80
rbtree: 16 84
rbtree: 14 42
rbtree: 44 126
rbtree: 22 94
rbtree: 24 54
rbtree: 38 42
rbtree: 24 108
rbtree: 60 40
rbtree: 28 92
rbtree: 96 38
rbtree: 66 110
rbtree: 14 44
rbtree: 52 102
rbtree: 20 42
rbtree: 68 190
rbtree: 24 100
rbtree: 72 106
rbtree: 30 98
rbtree: 28 126
rbtree: 34 80
rbtree: 30 94
rbtree: 80 46
rbtree: 40 126
rbtree: 28 98
rbtree: 98 88
rbtree: 84 46
rbtree: 24 98
rbtree: 118 46
rbtree: 46 88
rbtree: 22 46
rbtree: 40 162
rbtree: 60 84
rbtree: 32 94
rbtree: 34 42
rbtree: 36 96
rbtree: 102 54
rbtree: 24 54
rbtree: 52 44
rbtree: 44 136
rbtree: 24 46
rbtree: 46 88
rbtree: 30 44
rbtree: 58 114
rbtree: 16 84
rbtree: 26 56
rbtree: 42 48
rbtree: 24 168
rbtree: 124 46
rbtree: 24 54
rbtree: 46 46
rbtree: 34 100
rbtree: 34 46
rbtree: 38 86
rbtree: 90 44
rbtree: 24 122
rbtree: 68 46
rbtree: 40 94
rbtree: 16 44
rbtree: 16 100
rbtree: 44 46
rbtree: 14 94
rbtree: 116 48
rbtree: 34 152
rbtree: 54 44
rbtree: 38 94
rbtree: 44 46
rbtree: 48 110
rbtree: 24 46
rbtree: 60 88
rbtree: 16 46
rbtree: 26 126
rbtree: 36 46
rbtree: 34 94
rbtree: 38 46
rbtree: 34 118
rbtree: 54 44
rbtree: 26 94
rbtree: 36 46
rbtree: 40 204
rbtree: 96 38
rbtree: 38 94
rbtree: 56 42
rbtree: 30 98
rbtree: 16 42
rbtree: 26 50
rbtree: 72 42
rbtree: 34 128
rbtree: 52 38
rbtree: 24 88
rbtree: 50 42
rbtree: 34 118
rbtree: 38 40
rbtree: 24 88
rbtree: 106 38
rbtree: 26 132
rbtree: 18 40
rbtree: 28 92
rbtree: 92 40
rbtree: 24 100
rbtree: 22 42
rbtree: 26 92
rbtree: 46 40
rbtree: 24 102
rbtree: 20 42
rbtree: 22 92
rbtree: 48 46
rbtree: 26 98
rbtree: 22 42
rbtree: 24 92
rbtree: 46 42
rbtree: 26 118
rbtree: 42 38
rbtree: 24 90
rbtree: 128 42
rbtree: 32 100
rbtree: 22 40
rbtree: 28 96
rbtree: 46 42
rbtree: 24 124
rbtree: 20 42
rbtree: 28 90
rbtree: 70 40
rbtree: 20 120
rbtree: 20 42
rbtree: 24 92
rbtree: 46 44
rbtree: 26 146
rbtree: 20 42
rbtree: 28 96
rbtree: 74 42
rbtree: 26 118
rbtree: 18 42
rbtree: 26 52
rbtree: 42 38
rbtree: 24 126
rbtree: 20 44
rbtree: 26 90
rbtree: 94 40
rbtree: 24 120
rbtree: 22 44
rbtree: 26 90
rbtree: 48 42
rbtree: 26 162
rbtree: 46 82
rbtree: 30 102
rbtree: 112 40
rbtree: 20 98
rbtree: 20 38
rbtree: 30 90
rbtree: 22 44
rbtree: 30 104
rbtree: 22 40
rbtree: 24 88
rbtree: 48 40
rbtree: 30 96
rbtree: 20 40
rbtree: 28 90
rbtree: 44 42
rbtree: 30 130
rbtree: 22 40
rbtree: 26 90
rbtree: 98 42
rbtree: 30 96
rbtree: 26 42
rbtree: 30 90
rbtree: 44 44
rbtree: 30 106
rbtree: 22 42
rbtree: 30 90
rbtree: 46 38
rbtree: 22 98
rbtree: 20 44
rbtree: 32 90
rbtree: 44 40
rbtree: 26 134
rbtree: 22 42
rbtree: 30 94
rbtree: 116 42
rbtree: 34 96
rbtree: 24 44
rbtree: 30 90
rbtree: 46 40
rbtree: 32 124
rbtree: 22 40
rbtree: 30 48
rbtree: 28 42
rbtree: 32 114
rbtree: 22 36
rbtree: 30 88
rbtree: 22 40
rbtree: 26 130
rbtree: 22 40
rbtree: 30 90
rbtree: 74 42
rbtree: 32 116
rbtree: 26 40
rbtree: 30 52
rbtree: 42 44
rbtree: 24 138
rbtree: 22 40
rbtree: 30 88
rbtree: 26 42
rbtree: 26 116
rbtree: 26 46
rbtree: 30 90
rbtree: 44 42
rbtree: 32 168
rbtree: 26 84
rbtree: 28 90
rbtree: 88 46
rbtree: 28 100
rbtree: 24 48
rbtree: 32 96
rbtree: 48 40
rbtree: 30 112
rbtree: 26 48
rbtree: 28 94
rbtree: 52 44
rbtree: 28 100
rbtree: 24 44
rbtree: 30 94
rbtree: 26 48
rbtree: 30 158
rbtree: 24 44
rbtree: 30 96
rbtree: 80 42
rbtree: 26 118
rbtree: 24 48
rbtree: 28 54
rbtree: 50 46
rbtree: 30 120
rbtree: 26 44
rbtree: 32 54
rbtree: 30 46
rbtree: 32 118
rbtree: 26 46
rbtree: 32 60
rbtree: 42 44
rbtree: 30 172
rbtree: 24 44
rbtree: 32 54
rbtree: 76 46
rbtree: 38 114
rbtree: 26 44
rbtree: 32 60
rbtree: 44 46
rbtree: 32 122
rbtree: 24 50
rbtree: 30 52
rbtree: 26 42
rbtree: 30 120
rbtree: 24 46
rbtree: 32 94
rbtree: 46 42
rbtree: 34 144
rbtree: 26 46
rbtree: 30 92
rbtree: 54 46
rbtree: 28 116
rbtree: 26 48
rbtree: 30 94
rbtree: 50 46
rbtree: 28 126
rbtree: 24 42
rbtree: 28 94
rbtree: 54 48
rbtree: 32 120
rbtree: 24 50
rbtree: 32 96
rbtree: 48 44
rbtree: 26 194
rbtree: 42 92
rbtree: 22 58
rbtree: 88 44
rbtree: 20 100
rbtree: 26 48
rbtree: 32 92
rbtree: 28 46
rbtree: 30 108
rbtree: 20 44
rbtree: 30 94
rbtree: 56 46
rbtree: 32 102
rbtree: 28 46
rbtree: 32 94
rbtree: 46 46
rbtree: 28 134
rbtree: 24 46
rbtree: 30 96
rbtree: 74 42
rbtree: 30 118
rbtree: 26 46
rbtree: 30 90
rbtree: 46 44
rbtree: 30 126
rbtree: 22 46
rbtree: 28 94
rbtree: 30 48
rbtree: 28 120
rbtree: 28 42
rbtree: 30 54
rbtree: 52 46
rbtree: 32 168
rbtree: 26 44
rbtree: 32 94
rbtree: 76 46
rbtree: 32 116
rbtree: 24 46
rbtree: 32 94
rbtree: 44 46
rbtree: 32 142
rbtree: 28 44
rbtree: 36 94
rbtree: 52 48
rbtree: 30 122
rbtree: 22 46
rbtree: 30 94
rbtree: 46 46
rbtree: 32 134
rbtree: 26 44
rbtree: 32 92
rbtree: 72 44
rbtree: 28 118
rbtree: 26 48
rbtree: 30 58
rbtree: 46 46
rbtree: 32 130
rbtree: 28 46
rbtree: 28 52
rbtree: 52 48
rbtree: 28 118
rbtree: 28 48
rbtree: 32 100
rbtree: 48 44
rbtree: 30 176
rbtree: 26 50
rbtree: 24 56
rbtree: 38 44
rbtree: 24 98
rbtree: 20 42
rbtree: 30 88
rbtree: 24 40
rbtree: 22 104
rbtree: 20 38
rbtree: 26 90
rbtree: 46 42
rbtree: 26 96
rbtree: 20 42
rbtree: 26 88
rbtree: 44 44
rbtree: 32 150
rbtree: 20 42
rbtree: 24 90
rbtree: 72 42
rbtree: 26 114
rbtree: 20 38
rbtree: 26 88
rbtree: 46 42
rbtree: 26 104
rbtree: 20 40
rbtree: 24 90
rbtree: 46 42
rbtree: 22 96
rbtree: 22 40
rbtree: 24 94
rbtree: 46 42
rbtree: 26 156
rbtree: 22 38
rbtree: 26 92
rbtree: 92 40
rbtree: 26 114
rbtree: 20 40
rbtree: 24 52
rbtree: 42 40
rbtree: 30 118
rbtree: 20 38
rbtree: 26 92
rbtree: 70 42
rbtree: 22 96
rbtree: 20 40
rbtree: 26 86
rbtree: 46 40
rbtree: 28 160
rbtree: 22 40
rbtree: 26 94
rbtree: 56 40
rbtree: 26 118
rbtree: 20 38
rbtree: 24 52
rbtree: 38 42
rbtree: 24 140
rbtree: 22 40
rbtree: 32 88
rbtree: 52 40
rbtree: 22 114
rbtree: 22 38
rbtree: 24 92
rbtree: 50 40
rbtree: 24 152
rbtree: 22 46
rbtree: 20 52
rbtree: 32 42
rbtree: 24 100
rbtree: 20 40
rbtree: 26 92
rbtree: 22 44
rbtree: 30 122
rbtree: 20 42
rbtree: 28 92
rbtree: 50 40
rbtree: 30 96
rbtree: 22 42
rbtree: 28 90
rbtree: 42 38
rbtree: 30 162
rbtree: 20 40
rbtree: 28 88
rbtree: 70 42
rbtree: 30 96
rbtree: 24 42
rbtree: 28 50
rbtree: 44 42
rbtree: 32 120
rbtree: 20 40
rbtree: 30 52
rbtree: 66 40
rbtree: 26 94
rbtree: 22 40
rbtree: 28 88
rbtree: 44 40
rbtree: 28 164
rbtree: 20 40
rbtree: 32 88
rbtree: 96 40
rbtree: 32 94
rbtree: 22 36
rbtree: 28 90
rbtree: 44 40
rbtree: 32 140
rbtree: 22 38
rbtree: 30 86
rbtree: 70 44
rbtree: 32 96
rbtree: 22 38
rbtree: 30 48
rbtree: 42 42
rbtree: 28 146
rbtree: 22 36
rbtree: 30 88
rbtree: 70 36
rbtree: 26 98
rbtree: 22 42
rbtree: 30 52
rbtree: 42 38
rbtree: 28 140
rbtree: 20 46
rbtree: 30 88
rbtree: 68 42
rbtree: 34 94
rbtree: 20 44
rbtree: 36 54
rbtree: 42 38
rbtree: 28 188
rbtree: 20 44
rbtree: 32 86
rbtree: 36 44
rbtree: 30 96
rbtree: 24 46
rbtree: 28 94
rbtree: 26 42
rbtree: 30 128
rbtree: 26 46
rbtree: 32 92
rbtree: 46 46
rbtree: 30 96
rbtree: 22 48
rbtree: 30 94
rbtree: 50 48
rbtree: 30 170
rbtree: 22 42
rbtree: 28 92
rbtree: 70 46
rbtree: 30 100
rbtree: 22 46
rbtree: 28 96
rbtree: 24 46
rbtree: 32 130
rbtree: 24 42
rbtree: 30 94
rbtree: 50 46
rbtree: 30 120
rbtree: 24 46
rbtree: 30 96
rbtree: 50 46
rbtree: 28 168
rbtree: 22 44
rbtree: 30 92
rbtree: 74 46
rbtree: 30 100
rbtree: 20 46
rbtree: 32 92
rbtree: 48 44
rbtree: 30 124
rbtree: 24 44
rbtree: 28 92
rbtree: 24 44
rbtree: 32 94
rbtree: 24 46
rbtree: 32 96
rbtree: 44 42
rbtree: 30 146
rbtree: 26 44
rbtree: 32 92
rbtree: 58 44
rbtree: 32 96
rbtree: 26 44
rbtree: 26 102
rbtree: 46 44
rbtree: 28 126
rbtree: 26 46
rbtree: 26 94
rbtree: 24 42
rbtree: 30 96
rbtree: 24 48
rbtree: 28 94
rbtree: 48 50
rbtree: 26 190
rbtree: 26 50
rbtree: 32 58
rbtree: 38 46
rbtree: 32 66
rbtree: 28 46
rbtree: 32 94
rbtree: 48 46
rbtree: 30 126
rbtree: 30 42
rbtree: 36 92
rbtree: 48 46
rbtree: 36 100
rbtree: 28 46
rbtree: 32 92
rbtree: 48 46
rbtree: 32 142
rbtree: 28 46
rbtree: 32 94
rbtree: 72 44
rbtree: 32 100
rbtree: 30 48
rbtree: 32 92
rbtree: 44 42
rbtree: 32 120
rbtree: 28 42
rbtree: 28 96
rbtree: 48 46
rbtree: 32 98
rbtree: 28 46
rbtree: 32 94
rbtree: 46 46
rbtree: 30 172
rbtree: 28 46
rbtree: 30 94
rbtree: 98 48
rbtree: 32 98
rbtree: 28 44
rbtree: 32 94
rbtree: 48 44
rbtree: 32 140
rbtree: 30 46
rbtree: 28 92
rbtree: 48 44
rbtree: 32 122
rbtree: 30 46
rbtree: 32 96
rbtree: 42 44
rbtree: 30 152
rbtree: 26 46
rbtree: 30 94
rbtree: 70 44
rbtree: 32 100
rbtree: 24 46
rbtree: 28 56
rbtree: 52 44
rbtree: 30 148
rbtree: 26 42
rbtree: 32 94
rbtree: 54 42
rbtree: 28 120
rbtree: 28 46
rbtree: 32 94
rbtree: 50 46
rbtree: 30 180
rbtree: 24 48
rbtree: 42 54
rbtree: 36 44
rbtree: 26 96
rbtree: 20 40
rbtree: 28 88
rbtree: 22 40
rbtree: 26 106
rbtree: 18 38
rbtree: 22 90
rbtree: 46 42
rbtree: 26 96
rbtree: 22 42
rbtree: 26 92
rbtree: 20 42
rbtree: 26 144
rbtree: 22 40
rbtree: 24 90
rbtree: 68 42
rbtree: 26 114
rbtree: 20 42
rbtree: 26 90
rbtree: 44 38
rbtree: 26 124
rbtree: 20 38
rbtree: 24 48
rbtree: 42 40
rbtree: 28 114
rbtree: 20 44
rbtree: 28 88
rbtree: 42 40
rbtree: 26 176
rbtree: 20 44
rbtree: 26 90
rbtree: 92 42
rbtree: 20 116
rbtree: 18 40
rbtree: 26 90
rbtree: 44 42
rbtree: 26 122
rbtree: 20 42
rbtree: 26 50
rbtree: 46 40
rbtree: 24 120
rbtree: 20 40
rbtree: 22 88
rbtree: 40 42
rbtree: 26 144
rbtree: 20 42
rbtree: 24 92
rbtree: 72 40
rbtree: 22 102
rbtree: 22 42
rbtree: 22 46
rbtree: 40 40
rbtree: 26 142
rbtree: 22 40
rbtree: 22 92
rbtree: 44 40
rbtree: 26 114
rbtree: 22 44
rbtree: 26 90
rbtree: 52 42
rbtree: 24 172
rbtree: 22 46
rbtree: 26 52
rbtree: 30 42
rbtree: 24 98
rbtree: 20 42
rbtree: 30 90
rbtree: 26 38
rbtree: 32 108
rbtree: 20 38
rbtree: 30 88
rbtree: 48 42
rbtree: 30 60
rbtree: 28 40
rbtree: 32 90
rbtree: 26 40
rbtree: 28 130
rbtree: 22 40
rbtree: 30 88
rbtree: 70 40
rbtree: 28 94
rbtree: 24 44
rbtree: 30 92
rbtree: 24 40
rbtree: 30 124
rbtree: 20 42
rbtree: 32 90
rbtree: 44 44
rbtree: 30 94
rbtree: 20 40
rbtree: 30 90
rbtree: 24 42
rbtree: 30 166
rbtree: 24 40
rbtree: 26 52
rbtree: 90 40
rbtree: 32 112
rbtree: 20 42
rbtree: 30 90
rbtree: 30 42
rbtree: 24 122
rbtree: 24 42
rbtree: 30 90
rbtree: 50 44
rbtree: 30 96
rbtree: 24 42
rbtree: 32 92
rbtree: 24 40
rbtree: 30 128
rbtree: 22 40
rbtree: 28 88
rbtree: 52 40
rbtree: 30 96
rbtree: 28 38
rbtree: 28 52
rbtree: 44 40
rbtree: 30 120
rbtree: 26 40
rbtree: 30 88
rbtree: 48 42
rbtree: 32 94
rbtree: 22 40
rbtree: 30 90
rbtree: 42 40
rbtree: 24 194
rbtree: 24 46
rbtree: 32 54
rbtree: 34 46
rbtree: 30 64
rbtree: 30 46
rbtree: 30 94
rbtree: 42 44
rbtree: 30 130
rbtree: 22 46
rbtree: 32 94
rbtree: 74 48
rbtree: 32 118
rbtree: 24 44
rbtree: 26 94
rbtree: 24 44
rbtree: 30 134
rbtree: 26 46
rbtree: 28 92
rbtree: 54 44
rbtree: 32 98
rbtree: 24 46
rbtree: 32 56
rbtree: 46 44
rbtree: 28 124
rbtree: 24 46
rbtree: 30 56
rbtree: 52 48
rbtree: 34 98
rbtree: 22 46
rbtree: 30 54
rbtree: 46 46
rbtree: 28 168
rbtree: 24 48
rbtree: 30 52
rbtree: 78 46
rbtree: 30 98
rbtree: 24 46
rbtree: 30 54
rbtree: 44 50
rbtree: 34 126
rbtree: 24 44
rbtree: 28 56
rbtree: 50 46
rbtree: 28 96
rbtree: 24 44
rbtree: 30 52
rbtree: 48 44
rbtree: 28 144
rbtree: 26 44
rbtree: 28 52
rbtree: 72 44
rbtree: 28 98
rbtree: 24 44
rbtree: 30 100
rbtree: 48 46
rbtree: 28 124
rbtree: 24 46
rbtree: 28 94
rbtree: 76 44
rbtree: 32 96
rbtree: 22 44
rbtree: 30 96
rbtree: 50 44
rbtree: 26 194
rbtree: 24 50
rbtree: 32 56
rbtree: 42 46
rbtree: 34 68
rbtree: 28 44
rbtree: 24 92
rbtree: 26 46
rbtree: 30 124
rbtree: 22 42
rbtree: 30 94
rbtree: 46 44
rbtree: 34 98
rbtree: 28 48
rbtree: 30 94
rbtree: 44 44
rbtree: 32 144
rbtree: 26 46
rbtree: 32 94
rbtree: 76 44
rbtree: 28 96
rbtree: 28 46
rbtree: 30 94
rbtree: 48 44
rbtree: 32 122
rbtree: 26 48
rbtree: 30 98
rbtree: 50 44
rbtree: 32 98
rbtree: 24 48
rbtree: 30 92
rbtree: 46 44
rbtree: 30 170
rbtree: 26 44
rbtree: 32 94
rbtree: 100 46
rbtree: 28 94
rbtree: 28 44
rbtree: 28 96
rbtree: 46 46
rbtree: 32 120
rbtree: 28 42
rbtree: 34 94
rbtree: 52 44
rbtree: 32 102
rbtree: 24 46
rbtree: 32 92
rbtree: 46 44
rbtree: 28 146
rbtree: 30 46
