rbtree: 172 252
rbtree: 50 180
rbtree: 126 96
rbtree: 26 132
rbtree: 68 90
rbtree: 122 162
rbtree: 24 86
rbtree: 118 126
rbtree: 68 88
rbtree: 32 144
rbtree: 24 76
rbtree: 120 114
rbtree: 24 78
rbtree: 36 114
rbtree: 20 76
rbtree: 100 130
rbtree: 14 76
rbtree: 116 80
rbtree: 24 74
rbtree: 32 104
rbtree: 28 76
rbtree: 104 96
rbtree: 16 34
rbtree: 38 158
rbtree: 22 194
rbtree: 80 106
rbtree: 22 96
rbtree: 60 120
rbtree: 24 94
rbtree: 54 120
rbtree: 24 96
rbtree: 62 150
rbtree: 24 96
rbtree: 96 78
rbtree: 48 94
rbtree: 32 96
rbtree: 118 82
rbtree: 32 100
rbtree: 176 78
rbtree: 18 152
rbtree: 30 80
rbtree: 52 100
rbtree: 182 80
rbtree: 26 104
rbtree: 84 76
rbtree: 44 100
rbtree: 24 80
rbtree: 38 130
rbtree: 30 80
rbtree: 66 100
rbtree: 24 80
rbtree: 56 58
rbtree: 24 84
rbtree: 34 100
rbtree: 16 40
rbtree: 74 188
rbtree: 24 78
rbtree: 72 80
rbtree: 114 80
rbtree: 16 126
rbtree: 56 50
rbtree: 38 82
rbtree: 16 38
rbtree: 80 130
rbtree: 16 78
rbtree: 68 100
rbtree: 24 76
rbtree: 22 114
rbtree: 16 40
rbtree: 48 102
rbtree: 24 38
rbtree: 52 126
rbtree: 24 38
rbtree: 34 80
rbtree: 22 36
rbtree: 120 108
rbtree: 24 80
rbtree: 60 100
rbtree: 16 78
rbtree: 28 88
rbtree: 62 38
rbtree: 34 88
rbtree: 76 38
rbtree: 16 94
rbtree: 66 38
rbtree: 14 84
rbtree: 66 38
rbtree: 94 180
rbtree: 28 112
rbtree: 82 132
rbtree: 40 108
rbtree: 24 92
rbtree: 68 82
rbtree: 30 104
rbtree: 52 82
rbtree: 24 154
rbtree: 62 80
rbtree: 98 84
rbtree: 24 82
rbtree: 56 108
rbtree: 122 84
rbtree: 62 104
rbtree: 68 42
rbtree: 24 166
rbtree: 62 42
rbtree: 32 50
rbtree: 58 42
rbtree: 14 116
rbtree: 74 40
rbtree: 34 108
rbtree: 92 42
rbtree: 14 120
rbtree: 76 42
rbtree: 16 106
rbtree: 24 42
rbtree: 86 108
rbtree: 88 42
rbtree: 22 106
rbtree: 72 40
rbtree: 28 174
rbtree: 68 42
rbtree: 22 50
rbtree: 82 42
rbtree: 28 98
rbtree: 34 144
rbtree: 70 86
rbtree: 38 44
rbtree: 72 150
rbtree: 26 42
rbtree: 66 86
rbtree: 24 40
rbtree: 48 108
rbtree: 30 42
rbtree: 80 104
rbtree: 32 40
rbtree: 68 182
rbtree: 30 40
rbtree: 102 84
rbtree: 78 42
rbtree: 28 100
rbtree: 144 42
rbtree: 16 50
rbtree: 36 40
rbtree: 48 136
rbtree: 20 44
rbtree: 52 106
rbtree: 22 42
rbtree: 44 112
rbtree: 82 42
rbtree: 24 52
rbtree: 50 44
rbtree: 36 174
rbtree: 54 96
rbtree: 126 140
rbtree: 22 88
rbtree: 40 132
rbtree: 102 48
rbtree: 46 124
rbtree: 26 88
rbtree: 72 150
rbtree: 26 90
rbtree: 68 86
rbtree: 28 102
rbtree: 66 110
rbtree: 26 46
rbtree: 58 110
rbtree: 32 88
rbtree: 48 168
rbtree: 16 86
rbtree: 70 94
rbtree: 24 44
rbtree: 42 96
rbtree: 172 80
rbtree: 24 106
rbtree: 66 80
rbtree: 18 116
rbtree: 52 82
rbtree: 16 52
rbtree: 60 64
rbtree: 62 112
rbtree: 24 42
rbtree: 46 84
rbtree: 16 40
rbtree: 16 152
rbtree: 56 40
rbtree: 102 84
rbtree: 24 44
rbtree: 40 92
rbtree: 24 42
rbtree: 50 84
rbtree: 24 44
rbtree: 68 136
rbtree: 14 42
rbtree: 62 84
rbtree: 26 42
rbtree: 16 94
rbtree: 24 44
rbtree: 96 84
rbtree: 26 42
rbtree: 76 138
rbtree: 32 44
rbtree: 36 52
rbtree: 52 42
rbtree: 16 98
rbtree: 40 42
rbtree: 16 48
rbtree: 26 40
rbtree: 44 134
rbtree: 24 40
rbtree: 40 92
rbtree: 26 42
rbtree: 36 114
rbtree: 26 42
rbtree: 70 84
rbtree: 32 80
rbtree: 22 188
rbtree: 102 100
rbtree: 18 80
rbtree: 28 82
rbtree: 60 86
rbtree: 18 86
rbtree: 42 94
rbtree: 18 44
rbtree: 68 108
rbtree: 18 46
rbtree: 38 94
rbtree: 44 86
rbtree: 18 108
rbtree: 66 86
rbtree: 90 110
rbtree: 16 88
rbtree: 68 158
rbtree: 16 88
rbtree: 26 100
rbtree: 52 46
rbtree: 34 130
rbtree: 80 46
rbtree: 36 90
rbtree: 74 86
rbtree: 16 130
rbtree: 20 44
rbtree: 68 108
rbtree: 24 86
rbtree: 80 100
rbtree: 20 88
rbtree: 42 54
rbtree: 74 88
rbtree: 22 178
rbtree: 90 86
rbtree: 24 108
rbtree: 58 86
rbtree: 32 110
rbtree: 60 90
rbtree: 30 54
rbtree: 52 88
rbtree: 90 126
rbtree: 16 88
rbtree: 42 88
rbtree: 26 48
rbtree: 16 110
rbtree: 20 88
rbtree: 16 94
rbtree: 40 86
rbtree: 16 146
rbtree: 16 46
rbtree: 24 94
rbtree: 130 46
rbtree: 24 124
rbtree: 62 46
rbtree: 26 108
rbtree: 48 88
rbtree: 24 108
rbtree: 64 88
rbtree: 16 94
rbtree: 58 44
rbtree: 32 66
rbtree: 42 84
rbtree: 16 84
rbtree: 50 46
rbtree: 26 190
rbtree: 50 88
rbtree: 18 56
rbtree: 56 44
rbtree: 30 100
rbtree: 92 46
rbtree: 22 88
rbtree: 68 48
rbtree: 24 138
rbtree: 32 44
rbtree: 24 86
rbtree: 58 46
rbtree: 36 98
rbtree: 22 82
rbtree: 60 88
rbtree: 32 44
rbtree: 46 162
rbtree: 68 44
rbtree: 16 86
rbtree: 54 44
rbtree: 16 100
rbtree: 48 48
rbtree: 58 86
rbtree: 24 46
rbtree: 60 114
rbtree: 16 46
rbtree: 52 96
rbtree: 84 88
rbtree: 24 100
rbtree: 98 46
rbtree: 26 54
rbtree: 42 44
rbtree: 28 168
rbtree: 62 46
rbtree: 84 118
rbtree: 60 90
rbtree: 36 120
rbtree: 14 46
rbtree: 32 88
rbtree: 72 44
rbtree: 18 118
rbtree: 32 44
rbtree: 38 88
rbtree: 24 88
rbtree: 84 96
rbtree: 26 88
rbtree: 72 54
rbtree: 24 86
rbtree: 40 112
rbtree: 16 46
rbtree: 70 94
rbtree: 32 46
rbtree: 66 98
rbtree: 16 88
rbtree: 26 54
rbtree: 50 86
rbtree: 30 132
rbtree: 110 84
rbtree: 32 92
rbtree: 56 42
rbtree: 62 128
rbtree: 16 46
rbtree: 40 94
rbtree: 16 46
rbtree: 70 210
rbtree: 22 98
rbtree: 28 122
rbtree: 40 100
rbtree: 16 158
rbtree: 50 104
rbtree: 14 112
rbtree: 60 88
rbtree: 110 164
rbtree: 18 72
rbtree: 40 92
rbtree: 20 88
rbtree: 68 114
rbtree: 28 50
rbtree: 98 90
rbtree: 24 48
rbtree: 52 150
rbtree: 24 92
rbtree: 36 98
rbtree: 24 88
rbtree: 68 112
rbtree: 26 48
rbtree: 36 92
rbtree: 34 88
rbtree: 54 160
rbtree: 24 88
rbtree: 44 94
rbtree: 30 94
rbtree: 24 114
rbtree: 34 50
rbtree: 24 58
rbtree: 70 48
rbtree: 36 168
rbtree: 66 48
rbtree: 24 92
rbtree: 16 48
rbtree: 26 72
rbtree: 48 52
rbtree: 24 98
rbtree: 74 50
rbtree: 16 158
rbtree: 24 50
rbtree: 68 94
rbtree: 14 50
rbtree: 20 154
rbtree: 80 90
rbtree: 32 56
rbtree: 26 90
rbtree: 48 172
rbtree: 84 88
rbtree: 24 58
rbtree: 42 50
rbtree: 22 138
rbtree: 54 50
rbtree: 28 92
rbtree: 16 50
rbtree: 88 140
rbtree: 16 48
rbtree: 60 90
rbtree: 40 48
rbtree: 16 70
rbtree: 60 52
rbtree: 28 102
rbtree: 46 50
rbtree: 28 196
rbtree: 68 48
rbtree: 28 60
rbtree: 14 48
rbtree: 40 124
rbtree: 16 86
rbtree: 140 110
rbtree: 16 88
rbtree: 40 122
rbtree: 18 86
rbtree: 36 114
rbtree: 18 44
rbtree: 68 122
rbtree: 24 88
rbtree: 40 92
rbtree: 18 44
rbtree: 20 130
rbtree: 38 88
rbtree: 14 92
rbtree: 40 88
rbtree: 14 66
rbtree: 50 88
rbtree: 72 54
rbtree: 14 44
rbtree: 60 100
rbtree: 32 46
rbtree: 24 94
rbtree: 74 46
rbtree: 24 102
rbtree: 52 48
rbtree: 14 100
rbtree: 44 48
rbtree: 58 174
rbtree: 24 86
rbtree: 58 110
rbtree: 24 88
rbtree: 26 116
rbtree: 22 94
rbtree: 66 92
rbtree: 24 44
rbtree: 70 92
rbtree: 26 44
rbtree: 54 108
rbtree: 24 46
rbtree: 56 102
rbtree: 34 46
rbtree: 100 96
rbtree: 24 48
rbtree: 54 154
rbtree: 46 88
rbtree: 16 94
rbtree: 74 86
rbtree: 34 102
rbtree: 32 46
rbtree: 24 96
rbtree: 52 86
rbtree: 72 96
rbtree: 14 44
rbtree: 42 106
rbtree: 16 46
rbtree: 42 100
rbtree: 120 90
rbtree: 14 52
rbtree: 60 44
rbtree: 16 190
rbtree: 36 84
rbtree: 20 102
rbtree: 16 84
rbtree: 40 130
rbtree: 16 90
rbtree: 78 94
rbtree: 30 50
rbtree: 64 138
rbtree: 16 48
rbtree: 14 58
rbtree: 22 50
rbtree: 30 110
rbtree: 48 52
rbtree: 28 98
rbtree: 34 50
rbtree: 16 138
rbtree: 56 48
rbtree: 20 60
rbtree: 28 48
rbtree: 44 134
rbtree: 78 50
rbtree: 28 98
rbtree: 72 52
rbtree: 26 108
rbtree: 56 48
rbtree: 52 96
rbtree: 54 50
rbtree: 80 116
rbtree: 16 50
rbtree: 74 116
rbtree: 16 50
rbtree: 20 162
rbtree: 50 50
rbtree: 20 102
rbtree: 96 50
rbtree: 28 120
rbtree: 18 50
rbtree: 34 100
rbtree: 70 48
rbtree: 28 128
rbtree: 50 50
rbtree: 28 98
rbtree: 50 48
rbtree: 30 126
rbtree: 28 62
rbtree: 42 98
rbtree: 48 48
rbtree: 28 154
rbtree: 44 50
rbtree: 28 98
rbtree: 88 50
rbtree: 28 104
rbtree: 32 54
rbtree: 28 98
rbtree: 48 88
rbtree: 28 112
rbtree: 28 52
rbtree: 30 98
rbtree: 70 50
rbtree: 28 108
rbtree: 28 50
rbtree: 28 96
rbtree: 46 50
rbtree: 28 156
rbtree: 68 48
rbtree: 26 96
rbtree: 136 48
rbtree: 28 104
rbtree: 26 60
rbtree: 32 96
rbtree: 46 48
rbtree: 28 110
rbtree: 28 50
rbtree: 28 96
rbtree: 68 48
rbtree: 28 108
rbtree: 30 58
rbtree: 46 96
rbtree: 46 50
rbtree: 28 136
rbtree: 26 48
rbtree: 30 96
rbtree: 90 48
rbtree: 20 118
rbtree: 26 54
rbtree: 30 96
rbtree: 46 48
rbtree: 28 132
rbtree: 28 48
rbtree: 26 96
rbtree: 66 46
rbtree: 30 120
rbtree: 28 64
rbtree: 30 98
rbtree: 44 52
rbtree: 22 182
rbtree: 44 50
rbtree: 32 96
rbtree: 112 48
rbtree: 26 122
rbtree: 28 50
rbtree: 30 58
rbtree: 48 50
rbtree: 28 104
rbtree: 28 50
rbtree: 28 96
rbtree: 30 50
rbtree: 34 122
rbtree: 28 48
rbtree: 32 96
rbtree: 48 52
rbtree: 28 154
rbtree: 28 48
rbtree: 28 96
rbtree: 80 48
rbtree: 32 122
rbtree: 28 48
rbtree: 28 96
rbtree: 48 50
rbtree: 30 128
rbtree: 28 48
rbtree: 28 98
rbtree: 52 48
rbtree: 26 122
rbtree: 26 46
rbtree: 28 96
rbtree: 48 48
rbtree: 28 190
rbtree: 58 122
rbtree: 20 110
rbtree: 172 48
rbtree: 30 104
rbtree: 28 50
rbtree: 28 98
rbtree: 46 48
rbtree: 28 110
rbtree: 28 48
rbtree: 26 96
rbtree: 72 50
rbtree: 30 104
rbtree: 26 48
rbtree: 28 96
rbtree: 46 50
rbtree: 26 142
rbtree: 28 48
rbtree: 28 96
rbtree: 74 48
rbtree: 26 108
rbtree: 28 48
rbtree: 28 102
rbtree: 28 50
rbtree: 30 112
rbtree: 28 50
rbtree: 28 96
rbtree: 64 48
rbtree: 30 104
rbtree: 28 50
rbtree: 28 98
rbtree: 28 50
rbtree: 28 144
rbtree: 26 48
rbtree: 26 96
rbtree: 94 46
rbtree: 28 106
rbtree: 28 48
rbtree: 28 98
rbtree: 28 50
rbtree: 28 112
rbtree: 28 52
rbtree: 30 100
rbtree: 68 50
rbtree: 28 106
rbtree: 28 48
rbtree: 30 96
rbtree: 28 50
rbtree: 26 136
rbtree: 26 48
rbtree: 30 98
rbtree: 70 48
rbtree: 28 108
rbtree: 28 48
rbtree: 26 98
rbtree: 28 50
rbtree: 28 116
rbtree: 28 48
rbtree: 22 96
rbtree: 68 48
rbtree: 28 108
rbtree: 28 48
rbtree: 28 98
rbtree: 28 50
rbtree: 28 212
rbtree: 26 50
rbtree: 30 98
rbtree: 120 50
rbtree: 28 70
rbtree: 28 52
rbtree: 28 98
rbtree: 28 48
rbtree: 28 124
rbtree: 28 50
rbtree: 26 96
rbtree: 66 52
rbtree: 30 124
rbtree: 26 50
rbtree: 28 56
rbtree: 48 48
rbtree: 32 152
rbtree: 28 48
rbtree: 28 56
rbtree: 74 52
rbtree: 26 104
rbtree: 26 48
rbtree: 28 98
rbtree: 44 52
rbtree: 30 130
rbtree: 28 52
rbtree: 26 56
rbtree: 70 48
rbtree: 30 100
rbtree: 28 50
rbtree: 30 58
rbtree: 46 52
rbtree: 28 162
rbtree: 26 50
rbtree: 28 60
rbtree: 96 48
rbtree: 28 106
rbtree: 28 50
rbtree: 28 56
rbtree: 48 52
rbtree: 28 106
rbtree: 30 50
rbtree: 28 104
rbtree: 66 50
rbtree: 26 122
rbtree: 26 50
rbtree: 30 96
rbtree: 48 48
rbtree: 28 168
rbtree: 26 48
rbtree: 30 98
rbtree: 74 48
rbtree: 26 122
rbtree: 28 50
rbtree: 28 100
rbtree: 46 52
rbtree: 28 114
rbtree: 30 48
rbtree: 28 98
rbtree: 66 50
rbtree: 28 122
rbtree: 28 50
rbtree: 28 98
rbtree: 46 48
rbtree: 28 182
rbtree: 28 52
rbtree: 20 60
rbtree: 74 48
rbtree: 28 106
rbtree: 28 50
rbtree: 28 98
rbtree: 28 50
rbtree: 26 136
rbtree: 28 48
rbtree: 28 96
rbtree: 46 48
rbtree: 28 102
rbtree: 30 50
rbtree: 28 96
rbtree: 32 50
rbtree: 28 132
rbtree: 28 50
rbtree: 28 98
rbtree: 70 50
rbtree: 28 118
rbtree: 28 50
rbtree: 28 100
rbtree: 28 50
rbtree: 28 144
rbtree: 28 52
rbtree: 28 58
rbtree: 70 50
rbtree: 30 102
rbtree: 28 50
rbtree: 28 98
rbtree: 46 52
rbtree: 28 200
rbtree: 28 48
rbtree: 32 94
rbtree: 72 48
rbtree: 28 102
rbtree: 28 50
rbtree: 28 98
rbtree: 46 48
rbtree: 28 122
rbtree: 34 50
rbtree: 28 96
rbtree: 66 48
rbtree: 26 100
rbtree: 30 48
rbtree: 32 96
rbtree: 46 50
rbtree: 28 178
rbtree: 28 48
rbtree: 30 98
rbtree: 48 46
rbtree: 28 102
rbtree: 30 50
rbtree: 30 98
rbtree: 48 50
rbtree: 28 122
rbtree: 28 48
rbtree: 28 98
rbtree: 66 48
rbtree: 28 98
rbtree: 26 50
rbtree: 30 98
rbtree: 46 48
rbtree: 28 210
rbtree: 28 50
rbtree: 28 98
rbtree: 102 48
rbtree: 28 104
rbtree: 26 50
rbtree: 30 98
rbtree: 46 48
rbtree: 30 126
rbtree: 28 50
rbtree: 28 96
rbtree: 68 50
rbtree: 28 100
rbtree: 28 50
rbtree: 28 98
rbtree: 46 50
rbtree: 28 172
rbtree: 26 50
rbtree: 28 98
rbtree: 74 48
rbtree: 30 104
rbtree: 28 52
rbtree: 28 96
rbtree: 44 48
rbtree: 28 122
rbtree: 30 50
rbtree: 30 96
rbtree: 68 52
rbtree: 28 102
rbtree: 30 50
rbtree: 26 96
rbtree: 48 48
rbtree: 28 190
rbtree: 26 48
rbtree: 30 96
rbtree: 74 50
rbtree: 30 100
rbtree: 28 48
rbtree: 28 98
rbtree: 44 50
rbtree: 28 126
rbtree: 26 50
rbtree: 26 96
rbtree: 68 52
rbtree: 26 104
rbtree: 26 50
rbtree: 28 98
rbtree: 46 50
rbtree: 28 170
rbtree: 26 48
rbtree: 30 96
rbtree: 70 50
rbtree: 28 102
rbtree: 28 52
rbtree: 26 98
rbtree: 46 48
rbtree: 28 126
rbtree: 26 50
rbtree: 28 96
rbtree: 68 48
rbtree: 28 100
rbtree: 28 52
rbtree: 28 98
rbtree: 46 48
rbtree: 34 174
rbtree: 58 108
rbtree: 18 94
rbtree: 74 50
rbtree: 28 102
rbtree: 28 50
rbtree: 26 100
rbtree: 28 50
rbtree: 30 112
rbtree: 26 50
rbtree: 30 98
rbtree: 68 48
rbtree: 30 100
rbtree: 28 50
rbtree: 28 96
rbtree: 34 50
rbtree: 30 172
rbtree: 28 48
rbtree: 26 96
rbtree: 74 48
rbtree: 28 100
rbtree: 28 52
rbtree: 28 96
rbtree: 46 48
rbtree: 28 126
rbtree: 28 48
rbtree: 28 96
rbtree: 64 52
rbtree: 28 98
rbtree: 26 50
rbtree: 26 96
rbtree: 48 48
rbtree: 28 192
rbtree: 30 48
rbtree: 28 98
rbtree: 92 50
rbtree: 26 102
rbtree: 30 50
rbtree: 28 96
rbtree: 48 50
rbtree: 28 122
rbtree: 28 48
rbtree: 28 102
rbtree: 64 48
rbtree: 24 122
rbtree: 28 48
rbtree: 30 96
rbtree: 46 50
rbtree: 28 168
rbtree: 28 48
rbtree: 28 98
rbtree: 68 48
rbtree: 28 120
rbtree: 28 50
rbtree: 28 100
rbtree: 46 50
rbtree: 28 128
rbtree: 28 50
rbtree: 28 98
rbtree: 68 50
rbtree: 26 124
rbtree: 28 50
rbtree: 26 98
rbtree: 48 48
rbtree: 30 206
rbtree: 26 48
rbtree: 26 98
rbtree: 116 48
rbtree: 24 120
rbtree: 28 52
rbtree: 28 100
rbtree: 48 48
rbtree: 30 122
rbtree: 28 50
rbtree: 28 98
rbtree: 68 48
rbtree: 28 122
rbtree: 30 48
rbtree: 28 98
rbtree: 44 50
rbtree: 26 176
rbtree: 28 48
rbtree: 28 98
rbtree: 88 48
rbtree: 30 124
rbtree: 28 52
rbtree: 30 98
rbtree: 46 48
rbtree: 28 122
rbtree: 26 48
rbtree: 28 98
rbtree: 68 48
rbtree: 22 118
rbtree: 26 48
rbtree: 28 100
rbtree: 48 50
rbtree: 26 192
rbtree: 26 48
rbtree: 28 94
rbtree: 90 50
rbtree: 28 120
rbtree: 34 48
rbtree: 28 100
rbtree: 48 50
rbtree: 28 112
rbtree: 28 52
rbtree: 28 96
rbtree: 50 52
rbtree: 30 106
rbtree: 26 52
rbtree: 30 100
rbtree: 28 50
rbtree: 28 118
rbtree: 30 48
rbtree: 30 100
rbtree: 68 50
rbtree: 28 106
rbtree: 28 50
rbtree: 28 96
rbtree: 28 48
rbtree: 34 132
rbtree: 28 48
rbtree: 30 96
rbtree: 48 48
rbtree: 28 124
rbtree: 28 50
rbtree: 30 58
rbtree: 46 50
rbtree: 30 184
rbtree: 30 52
rbtree: 28 60
rbtree: 40 48
rbtree: 28 120
rbtree: 28 50
rbtree: 28 98
rbtree: 28 50
rbtree: 30 124
rbtree: 26 50
rbtree: 28 102
rbtree: 54 48
rbtree: 28 98
rbtree: 28 50
rbtree: 26 98
rbtree: 30 50
rbtree: 28 168
