bitmap: 96
bitmap: 72
bitmap: 72
bitmap: 68
bitmap: 64
bitmap: 64
bitmap: 72
bitmap: 64
bitmap: 62
bitmap: 64
bitmap: 62
bitmap: 64
bitmap: 68
bitmap: 68
bitmap: 68
bitmap: 64
bitmap: 64
bitmap: 66
bitmap: 62
bitmap: 62
bitmap: 64
bitmap: 64
bitmap: 68
bitmap: 64
bitmap: 66
bitmap: 66
bitmap: 64
bitmap: 66
bitmap: 64
bitmap: 64
bitmap: 68
bitmap: 66
bitmap: 64
bitmap: 64
bitmap: 64
bitmap: 66
bitmap: 64
bitmap: 66
bitmap: 66
bitmap: 60
bitmap: 64
bitmap: 68
bitmap: 66
bitmap: 64
bitmap: 34
bitmap: 66
bitmap: 70
bitmap: 68
bitmap: 64
bitmap: 60
bitmap: 68
bitmap: 64
bitmap: 66
bitmap: 62
bitmap: 68
bitmap: 68
bitmap: 66
bitmap: 62
bitmap: 64
bitmap: 64
bitmap: 66
bitmap: 68
bitmap: 72
bitmap: 64
bitmap: 68
bitmap: 64
bitmap: 68
bitmap: 62
bitmap: 68
bitmap: 68
bitmap: 64
bitmap: 66
bitmap: 64
bitmap: 62
bitmap: 64
bitmap: 64
bitmap: 64
bitmap: 64
bitmap: 62
bitmap: 68
bitmap: 62
bitmap: 66
bitmap: 34
bitmap: 68
bitmap: 66
bitmap: 66
bitmap: 70
bitmap: 66
bitmap: 70
bitmap: 42
bitmap: 62
bitmap: 62
bitmap: 66
bitmap: 64
bitmap: 66
bitmap: 34
bitmap: 64
bitmap: 68
bitmap: 68
bitmap: 76
bitmap: 72
bitmap: 62
bitmap: 70
bitmap: 66
bitmap: 68
bitmap: 68
bitmap: 62
bitmap: 66
bitmap: 62
bitmap: 66
bitmap: 68
bitmap: 62
bitmap: 64
bitmap: 66
bitmap: 62
bitmap: 68
bitmap: 62
bitmap: 68
bitmap: 72
bitmap: 64
bitmap: 64
bitmap: 62
bitmap: 30
bitmap: 60
bitmap: 64
bitmap: 60
bitmap: 70
bitmap: 66
bitmap: 66
bitmap: 62
bitmap: 64
bitmap: 66
bitmap: 64
bitmap: 64
bitmap: 72
bitmap: 66
bitmap: 64
bitmap: 60
bitmap: 68
bitmap: 64
bitmap: 68
bitmap: 68
bitmap: 68
bitmap: 66
bitmap: 62
bitmap: 66
bitmap: 64
bitmap: 68
bitmap: 66
bitmap: 60
bitmap: 72
bitmap: 68
bitmap: 66
bitmap: 66
bitmap: 32
bitmap: 66
bitmap: 64
bitmap: 66
bitmap: 70
bitmap: 62
bitmap: 62
bitmap: 64
bitmap: 64
bitmap: 62
bitmap: 66
bitmap: 62
bitmap: 70
bitmap: 68
bitmap: 62
bitmap: 62
bitmap: 70
bitmap: 62
bitmap: 60
bitmap: 64
bitmap: 68
bitmap: 62
bitmap: 66
bitmap: 34
bitmap: 66
bitmap: 68
bitmap: 66
bitmap: 66
bitmap: 66
bitmap: 68
bitmap: 66
bitmap: 64
bitmap: 66
bitmap: 62
bitmap: 64
bitmap: 68
bitmap: 66
bitmap: 30
bitmap: 62
bitmap: 66
bitmap: 72
bitmap: 66
bitmap: 64
bitmap: 66
bitmap: 70
bitmap: 68
bitmap: 70
bitmap: 68
bitmap: 64
bitmap: 68
bitmap: 68
bitmap: 66
bitmap: 70
bitmap: 64
bitmap: 66
bitmap: 68
bitmap: 68
bitmap: 66
bitmap: 66
bitmap: 64
bitmap: 66
bitmap: 66
bitmap: 64
bitmap: 72
bitmap: 70
bitmap: 64
bitmap: 68
bitmap: 66
bitmap: 74
bitmap: 62
bitmap: 62
bitmap: 64
bitmap: 64
bitmap: 66
bitmap: 66
bitmap: 66
bitmap: 66
bitmap: 66
bitmap: 70
bitmap: 68
bitmap: 68
bitmap: 62
bitmap: 68
bitmap: 62
bitmap: 72
bitmap: 64
bitmap: 66
bitmap: 62
bitmap: 66
bitmap: 60
bitmap: 64
bitmap: 66
bitmap: 66
bitmap: 64
bitmap: 64
bitmap: 60
bitmap: 62
bitmap: 66
bitmap: 62
bitmap: 62
bitmap: 68
bitmap: 66
bitmap: 64
bitmap: 68
bitmap: 64
bitmap: 60
bitmap: 64
bitmap: 66
bitmap: 70
bitmap: 30
bitmap: 64
bitmap: 62
bitmap: 62
bitmap: 62
bitmap: 66
bitmap: 70
bitmap: 72
bitmap: 70
bitmap: 64
bitmap: 64
bitmap: 34
bitmap: 68
bitmap: 66
bitmap: 66
bitmap: 72
bitmap: 66
bitmap: 70
bitmap: 60
bitmap: 64
bitmap: 64
bitmap: 66
bitmap: 64
bitmap: 72
bitmap: 62
bitmap: 64
bitmap: 66
bitmap: 64
bitmap: 62
bitmap: 64
bitmap: 66
bitmap: 76
bitmap: 66
bitmap: 64
bitmap: 70
bitmap: 64
bitmap: 66
bitmap: 64
bitmap: 66
bitmap: 70
bitmap: 68
bitmap: 70
bitmap: 66
bitmap: 68
bitmap: 68
bitmap: 98
bitmap: 104
bitmap: 70
bitmap: 68
bitmap: 64
bitmap: 66
bitmap: 68
bitmap: 66
bitmap: 96
bitmap: 66
bitmap: 66
bitmap: 62
bitmap: 66
bitmap: 66
bitmap: 66
bitmap: 64
bitmap: 62
bitmap: 62
bitmap: 62
bitmap: 64
bitmap: 66
bitmap: 66
bitmap: 64
bitmap: 64
bitmap: 64
bitmap: 66
bitmap: 70
bitmap: 68
bitmap: 66
bitmap: 62
bitmap: 68
bitmap: 70
bitmap: 66
bitmap: 64
bitmap: 72
bitmap: 68
bitmap: 64
bitmap: 66
bitmap: 62
bitmap: 64
bitmap: 64
bitmap: 64
bitmap: 64
bitmap: 64
bitmap: 64
bitmap: 64
bitmap: 66
bitmap: 70
bitmap: 66
bitmap: 70
bitmap: 70
bitmap: 66
bitmap: 66
bitmap: 66
bitmap: 66
bitmap: 64
bitmap: 68
bitmap: 62
bitmap: 70
bitmap: 62
bitmap: 64
bitmap: 64
bitmap: 64
bitmap: 64
bitmap: 62
bitmap: 66
bitmap: 70
bitmap: 70
bitmap: 68
bitmap: 64
bitmap: 66
bitmap: 70
bitmap: 68
bitmap: 72
bitmap: 74
bitmap: 70
bitmap: 66
bitmap: 68
bitmap: 68
bitmap: 66
bitmap: 66
bitmap: 68
bitmap: 76
bitmap: 66
bitmap: 68
bitmap: 64
bitmap: 68
bitmap: 64
bitmap: 72
bitmap: 68
bitmap: 72
bitmap: 62
bitmap: 68
bitmap: 70
bitmap: 62
bitmap: 64
bitmap: 66
bitmap: 66
bitmap: 78
bitmap: 66
bitmap: 62
bitmap: 68
bitmap: 66
bitmap: 72
bitmap: 70
bitmap: 68
bitmap: 70
bitmap: 64
bitmap: 66
bitmap: 62
bitmap: 66
bitmap: 66
bitmap: 64
bitmap: 68
bitmap: 72
bitmap: 62
bitmap: 66
bitmap: 66
bitmap: 62
bitmap: 66
bitmap: 64
bitmap: 68
bitmap: 70
bitmap: 68
bitmap: 66
bitmap: 70
bitmap: 68
bitmap: 66
bitmap: 64
bitmap: 68
bitmap: 74
bitmap: 66
bitmap: 62
bitmap: 66
bitmap: 64
bitmap: 68
bitmap: 64
bitmap: 66
bitmap: 68
bitmap: 68
bitmap: 66
bitmap: 66
bitmap: 62
bitmap: 64
bitmap: 68
bitmap: 70
bitmap: 70
bitmap: 66
bitmap: 66
bitmap: 68
bitmap: 64
bitmap: 66
bitmap: 66
bitmap: 66
bitmap: 68
bitmap: 64
bitmap: 64
bitmap: 66
bitmap: 62
bitmap: 66
bitmap: 64
bitmap: 66
bitmap: 64
bitmap: 64
bitmap: 66
bitmap: 66
bitmap: 66
bitmap: 64
bitmap: 68
bitmap: 62
bitmap: 70
bitmap: 66
bitmap: 66
bitmap: 66
bitmap: 66
bitmap: 66
bitmap: 84
bitmap: 78
bitmap: 64
bitmap: 66
bitmap: 66
bitmap: 64
bitmap: 66
bitmap: 64
bitmap: 60
bitmap: 66
bitmap: 74
bitmap: 66
bitmap: 68
bitmap: 64
bitmap: 68
bitmap: 68
bitmap: 86
bitmap: 68
bitmap: 70
bitmap: 66
bitmap: 66
bitmap: 66
bitmap: 66
bitmap: 66
bitmap: 94
bitmap: 66
bitmap: 68
bitmap: 66
bitmap: 68
bitmap: 68
bitmap: 80
bitmap: 68
bitmap: 66
bitmap: 68
bitmap: 72
bitmap: 66
bitmap: 66
bitmap: 68
bitmap: 66
bitmap: 68
bitmap: 66
bitmap: 66
bitmap: 70
bitmap: 64
bitmap: 62
bitmap: 64
bitmap: 62
bitmap: 68
bitmap: 66
bitmap: 64
bitmap: 70
bitmap: 68
bitmap: 68
bitmap: 66
bitmap: 68
bitmap: 64
bitmap: 64
bitmap: 64
bitmap: 70
bitmap: 60
bitmap: 68
bitmap: 64
bitmap: 64
bitmap: 68
bitmap: 66
bitmap: 66
bitmap: 66
bitmap: 68
bitmap: 62
bitmap: 64
bitmap: 66
bitmap: 66
bitmap: 70
bitmap: 68
bitmap: 70
bitmap: 64
bitmap: 68
bitmap: 62
bitmap: 64
bitmap: 64
bitmap: 64
bitmap: 66
bitmap: 70
bitmap: 62
bitmap: 68
bitmap: 62
bitmap: 64
bitmap: 66
bitmap: 68
bitmap: 66
bitmap: 70
bitmap: 66
bitmap: 64
bitmap: 64
bitmap: 66
bitmap: 68
bitmap: 66
bitmap: 68
bitmap: 68
bitmap: 66
bitmap: 64
bitmap: 64
bitmap: 64
bitmap: 66
bitmap: 66
bitmap: 66
bitmap: 68
bitmap: 68
bitmap: 70
bitmap: 64
bitmap: 66
bitmap: 68
bitmap: 64
bitmap: 66
bitmap: 70
bitmap: 64
bitmap: 64
bitmap: 70
bitmap: 64
bitmap: 68
bitmap: 62
bitmap: 72
bitmap: 72
bitmap: 60
bitmap: 68
bitmap: 64
bitmap: 68
bitmap: 70
bitmap: 68
bitmap: 66
bitmap: 72
bitmap: 68
bitmap: 70
bitmap: 76
bitmap: 64
bitmap: 66
bitmap: 68
bitmap: 66
bitmap: 70
bitmap: 66
bitmap: 70
bitmap: 62
bitmap: 64
bitmap: 66
bitmap: 66
bitmap: 64
bitmap: 68
bitmap: 70
bitmap: 70
bitmap: 64
bitmap: 68
bitmap: 66
bitmap: 68
bitmap: 66
bitmap: 70
bitmap: 66
bitmap: 68
bitmap: 68
bitmap: 64
bitmap: 66
bitmap: 66
bitmap: 68
bitmap: 72
bitmap: 64
bitmap: 66
bitmap: 64
bitmap: 66
bitmap: 66
bitmap: 70
bitmap: 66
bitmap: 64
bitmap: 64
bitmap: 68
bitmap: 66
bitmap: 70
bitmap: 66
bitmap: 64
bitmap: 70
bitmap: 70
bitmap: 66
bitmap: 66
bitmap: 66
bitmap: 64
bitmap: 66
bitmap: 64
bitmap: 64
bitmap: 68
bitmap: 66
bitmap: 62
bitmap: 68
bitmap: 66
bitmap: 62
bitmap: 68
bitmap: 68
bitmap: 68
bitmap: 66
bitmap: 66
bitmap: 66
bitmap: 66
bitmap: 66
bitmap: 58
bitmap: 68
bitmap: 66
bitmap: 66
bitmap: 68
bitmap: 62
bitmap: 68
bitmap: 66
bitmap: 66
bitmap: 66
bitmap: 70
bitmap: 62
bitmap: 70
bitmap: 66
bitmap: 70
bitmap: 68
bitmap: 68
bitmap: 64
bitmap: 72
bitmap: 62
bitmap: 66
bitmap: 68
bitmap: 66
bitmap: 70
bitmap: 66
bitmap: 62
bitmap: 72
bitmap: 66
bitmap: 66
bitmap: 62
bitmap: 66
bitmap: 62
bitmap: 64
bitmap: 68
bitmap: 78
bitmap: 70
bitmap: 66
bitmap: 64
bitmap: 64
bitmap: 64
bitmap: 64
bitmap: 64
bitmap: 70
bitmap: 66
bitmap: 68
bitmap: 66
bitmap: 62
bitmap: 66
bitmap: 64
bitmap: 66
bitmap: 68
bitmap: 66
bitmap: 62
bitmap: 66
bitmap: 62
bitmap: 64
bitmap: 62
bitmap: 66
bitmap: 70
bitmap: 64
bitmap: 64
bitmap: 68
bitmap: 66
bitmap: 66
bitmap: 62
bitmap: 66
bitmap: 70
bitmap: 66
bitmap: 64
bitmap: 64
bitmap: 72
bitmap: 62
bitmap: 64
bitmap: 64
bitmap: 62
bitmap: 68
bitmap: 66
bitmap: 68
bitmap: 66
bitmap: 68
bitmap: 64
bitmap: 64
bitmap: 72
bitmap: 68
bitmap: 68
bitmap: 64
bitmap: 66
bitmap: 64
bitmap: 66
bitmap: 66
bitmap: 66
bitmap: 66
bitmap: 66
bitmap: 64
bitmap: 66
bitmap: 66
bitmap: 62
bitmap: 64
bitmap: 72
bitmap: 66
bitmap: 62
bitmap: 66
bitmap: 66
bitmap: 64
bitmap: 62
bitmap: 62
bitmap: 70
bitmap: 66
bitmap: 68
bitmap: 68
bitmap: 66
bitmap: 64
bitmap: 66
bitmap: 66
bitmap: 64
bitmap: 66
bitmap: 64
bitmap: 64
bitmap: 68
bitmap: 66
bitmap: 66
bitmap: 66
bitmap: 72
bitmap: 64
bitmap: 68
bitmap: 68
bitmap: 64
bitmap: 66
bitmap: 86
bitmap: 66
bitmap: 76
bitmap: 66
bitmap: 64
bitmap: 68
bitmap: 66
bitmap: 66
bitmap: 62
bitmap: 72
bitmap: 64
bitmap: 66
bitmap: 68
bitmap: 68
bitmap: 68
bitmap: 64
bitmap: 66
bitmap: 68
bitmap: 74
bitmap: 62
bitmap: 62
bitmap: 68
bitmap: 62
bitmap: 66
bitmap: 64
bitmap: 66
bitmap: 70
bitmap: 66
bitmap: 66
bitmap: 66
bitmap: 66
bitmap: 62
bitmap: 68
bitmap: 66
bitmap: 70
bitmap: 64
bitmap: 70
bitmap: 64
bitmap: 66
bitmap: 64
bitmap: 66
bitmap: 62
bitmap: 72
bitmap: 66
bitmap: 70
bitmap: 68
bitmap: 68
bitmap: 66
bitmap: 66
bitmap: 68
bitmap: 64
bitmap: 68
bitmap: 66
bitmap: 66
bitmap: 66
bitmap: 64
bitmap: 64
bitmap: 66
bitmap: 72
bitmap: 66
bitmap: 66
bitmap: 60
bitmap: 66
bitmap: 66
bitmap: 66
bitmap: 64
bitmap: 68
bitmap: 66
bitmap: 64
bitmap: 64
bitmap: 64
bitmap: 64
bitmap: 68
bitmap: 70
bitmap: 72
bitmap: 66
bitmap: 68
bitmap: 70
bitmap: 66
bitmap: 68
bitmap: 62
bitmap: 66
bitmap: 68
bitmap: 66
bitmap: 68
bitmap: 64
bitmap: 64
bitmap: 62
bitmap: 68
bitmap: 68
bitmap: 68
bitmap: 64
bitmap: 62
bitmap: 66
bitmap: 64
bitmap: 62
bitmap: 70
bitmap: 66
bitmap: 72
bitmap: 70
bitmap: 64
bitmap: 66
bitmap: 64
bitmap: 70
bitmap: 64
bitmap: 68
bitmap: 76
bitmap: 68
bitmap: 68
bitmap: 64
bitmap: 68
bitmap: 70
bitmap: 68
bitmap: 68
bitmap: 68
bitmap: 62
bitmap: 66
bitmap: 68
bitmap: 62
bitmap: 66
bitmap: 66
bitmap: 64
bitmap: 74
bitmap: 68
bitmap: 68
bitmap: 64
bitmap: 62
bitmap: 64
bitmap: 66
bitmap: 66
bitmap: 70
bitmap: 62
bitmap: 64
bitmap: 62
bitmap: 64
bitmap: 66
bitmap: 66
bitmap: 68
bitmap: 70
bitmap: 66
bitmap: 66
bitmap: 64
bitmap: 64
bitmap: 62
bitmap: 66
bitmap: 66
bitmap: 68
bitmap: 66
bitmap: 66
bitmap: 64
bitmap: 66
bitmap: 66
bitmap: 64
bitmap: 66
bitmap: 68
bitmap: 66
bitmap: 68
bitmap: 66
bitmap: 66
bitmap: 66
bitmap: 66
bitmap: 68
bitmap: 68
bitmap: 66
bitmap: 64
bitmap: 68
bitmap: 68
bitmap: 66
bitmap: 64
bitmap: 66
bitmap: 64
bitmap: 62
bitmap: 66
bitmap: 64
bitmap: 66
bitmap: 64
bitmap: 64
bitmap: 66
bitmap: 68
bitmap: 66
bitmap: 64
bitmap: 68
bitmap: 70
bitmap: 68
bitmap: 64
bitmap: 76
bitmap: 70
bitmap: 66
