bitmap: 66 18
bitmap: 38 20
bitmap: 38 20
bitmap: 58 18
bitmap: 64 20
bitmap: 62 22
bitmap: 42 18
bitmap: 38 18
bitmap: 46 22
bitmap: 36 18
bitmap: 58 20
bitmap: 36 20
bitmap: 60 18
bitmap: 38 22
bitmap: 58 20
bitmap: 40 22
bitmap: 14 18
bitmap: 60 18
bitmap: 18 28
bitmap: 38 22
bitmap: 40 18
bitmap: 40 20
bitmap: 60 20
bitmap: 60 20
bitmap: 38 22
bitmap: 36 22
bitmap: 40 18
bitmap: 16 30
bitmap: 36 22
bitmap: 36 20
bitmap: 38 24
bitmap: 16 34
bitmap: 38 20
bitmap: 36 22
bitmap: 36 22
bitmap: 38 22
bitmap: 60 20
bitmap: 38 20
bitmap: 14 34
bitmap: 36 22
bitmap: 16 30
bitmap: 54 20
bitmap: 38 22
bitmap: 14 30
bitmap: 54 20
bitmap: 36 20
bitmap: 54 20
bitmap: 38 20
bitmap: 38 20
bitmap: 36 22
bitmap: 18 30
bitmap: 42 20
bitmap: 38 22
bitmap: 40 18
bitmap: 38 22
bitmap: 36 22
bitmap: 36 22
bitmap: 38 22
bitmap: 38 18
bitmap: 14 32
bitmap: 36 38
bitmap: 58 20
bitmap: 38 22
bitmap: 14 32
bitmap: 38 22
bitmap: 38 20
bitmap: 38 22
bitmap: 36 20
bitmap: 38 40
bitmap: 38 22
bitmap: 54 18
bitmap: 36 20
bitmap: 36 20
bitmap: 36 20
bitmap: 38 22
bitmap: 14 32
bitmap: 38 20
bitmap: 38 22
bitmap: 46 22
bitmap: 38 22
bitmap: 58 20
bitmap: 38 22
bitmap: 36 20
bitmap: 38 22
bitmap: 38 20
bitmap: 36 22
bitmap: 16 30
bitmap: 36 22
bitmap: 38 22
bitmap: 42 18
bitmap: 40 22
bitmap: 38 22
bitmap: 38 22
bitmap: 38 22
bitmap: 38 24
bitmap: 14 30
bitmap: 38 20
bitmap: 38 20
bitmap: 38 18
bitmap: 58 18
bitmap: 64 42
bitmap: 42 34
bitmap: 50 18
bitmap: 40 22
bitmap: 40 22
bitmap: 38 22
bitmap: 38 20
bitmap: 40 22
bitmap: 40 50
bitmap: 42 22
bitmap: 38 22
bitmap: 40 22
bitmap: 40 24
bitmap: 38 24
bitmap: 40 22
bitmap: 42 24
bitmap: 40 48
bitmap: 16 30
bitmap: 40 22
bitmap: 40 20
bitmap: 40 22
bitmap: 40 20
bitmap: 42 22
bitmap: 40 22
bitmap: 40 22
bitmap: 38 20
bitmap: 40 22
bitmap: 42 22
bitmap: 38 20
bitmap: 40 22
bitmap: 40 20
bitmap: 40 22
bitmap: 40 20
bitmap: 42 22
bitmap: 40 22
bitmap: 42 22
bitmap: 38 22
bitmap: 38 20
bitmap: 38 22
bitmap: 42 22
bitmap: 42 22
bitmap: 42 22
bitmap: 40 22
bitmap: 40 22
bitmap: 42 20
bitmap: 38 22
bitmap: 40 22
bitmap: 42 22
bitmap: 14 42
bitmap: 40 20
bitmap: 42 22
bitmap: 40 22
bitmap: 42 22
bitmap: 40 22
bitmap: 42 24
bitmap: 40 22
bitmap: 42 22
bitmap: 40 24
bitmap: 40 20
bitmap: 42 22
bitmap: 40 24
bitmap: 38 24
bitmap: 40 22
bitmap: 16 30
bitmap: 40 52
bitmap: 38 22
bitmap: 40 22
bitmap: 38 24
bitmap: 16 32
bitmap: 40 22
bitmap: 40 24
bitmap: 42 20
bitmap: 40 22
bitmap: 40 20
bitmap: 40 22
bitmap: 38 22
bitmap: 40 24
bitmap: 40 22
bitmap: 42 20
bitmap: 38 20
bitmap: 38 22
bitmap: 40 22
bitmap: 38 22
bitmap: 40 22
bitmap: 46 20
bitmap: 40 22
bitmap: 38 22
bitmap: 40 22
bitmap: 42 22
bitmap: 40 26
bitmap: 40 24
bitmap: 40 22
bitmap: 40 22
bitmap: 40 20
bitmap: 40 22
bitmap: 42 20
bitmap: 40 22
bitmap: 40 22
bitmap: 40 22
bitmap: 14 32
bitmap: 40 22
bitmap: 40 24
bitmap: 40 22
bitmap: 38 22
bitmap: 16 32
bitmap: 40 22
bitmap: 40 20
bitmap: 40 22
bitmap: 42 22
bitmap: 38 24
bitmap: 40 20
bitmap: 40 22
bitmap: 40 22
bitmap: 42 24
bitmap: 40 22
bitmap: 38 24
bitmap: 40 24
bitmap: 42 24
bitmap: 16 32
bitmap: 38 20
bitmap: 14 32
bitmap: 38 24
bitmap: 42 22
bitmap: 14 18
bitmap: 38 22
bitmap: 40 20
bitmap: 38 22
bitmap: 40 22
bitmap: 40 20
bitmap: 40 22
bitmap: 62 22
bitmap: 40 22
bitmap: 38 22
bitmap: 40 22
bitmap: 40 22
bitmap: 14 32
bitmap: 40 22
bitmap: 38 20
bitmap: 40 20
bitmap: 42 22
bitmap: 38 20
bitmap: 40 22
bitmap: 40 20
bitmap: 40 22
bitmap: 38 22
bitmap: 14 18
bitmap: 42 22
bitmap: 40 22
bitmap: 40 22
bitmap: 40 20
bitmap: 42 22
bitmap: 38 20
bitmap: 40 22
bitmap: 42 22
bitmap: 40 20
bitmap: 38 20
bitmap: 40 24
bitmap: 40 22
bitmap: 42 24
bitmap: 40 24
bitmap: 38 22
bitmap: 62 20
bitmap: 40 22
bitmap: 40 24
bitmap: 40 24
bitmap: 38 22
bitmap: 40 24
bitmap: 40 22
bitmap: 40 24
bitmap: 42 26
bitmap: 42 22
bitmap: 40 22
bitmap: 40 20
bitmap: 40 20
bitmap: 40 22
bitmap: 38 22
bitmap: 40 20
bitmap: 38 22
bitmap: 40 22
bitmap: 38 22
bitmap: 42 20
bitmap: 42 24
bitmap: 40 22
bitmap: 40 24
bitmap: 40 22
bitmap: 38 22
bitmap: 42 22
bitmap: 42 20
bitmap: 38 22
bitmap: 40 26
bitmap: 38 22
bitmap: 38 22
bitmap: 42 20
bitmap: 38 22
bitmap: 40 22
bitmap: 40 20
bitmap: 42 22
bitmap: 42 20
bitmap: 42 22
bitmap: 38 22
bitmap: 40 22
bitmap: 38 22
bitmap: 20 18
bitmap: 40 22
bitmap: 40 22
bitmap: 38 24
bitmap: 38 24
bitmap: 40 24
bitmap: 40 22
bitmap: 38 22
bitmap: 40 22
bitmap: 40 22
bitmap: 14 32
bitmap: 40 22
bitmap: 38 22
bitmap: 40 22
bitmap: 40 22
bitmap: 66 24
bitmap: 40 22
bitmap: 44 22
bitmap: 40 22
bitmap: 40 22
bitmap: 40 22
bitmap: 40 22
bitmap: 40 22
bitmap: 38 22
bitmap: 40 22
bitmap: 14 18
bitmap: 40 22
bitmap: 40 24
bitmap: 42 22
bitmap: 38 24
bitmap: 40 22
bitmap: 40 20
bitmap: 40 20
bitmap: 38 22
bitmap: 38 22
bitmap: 38 20
bitmap: 40 22
bitmap: 40 22
bitmap: 42 22
bitmap: 40 24
bitmap: 40 22
bitmap: 40 22
bitmap: 40 24
bitmap: 42 20
bitmap: 40 22
bitmap: 42 24
bitmap: 40 22
bitmap: 40 24
bitmap: 40 22
bitmap: 14 18
bitmap: 40 22
bitmap: 14 30
bitmap: 38 22
bitmap: 40 20
bitmap: 40 22
bitmap: 40 24
bitmap: 14 16
bitmap: 38 22
bitmap: 40 20
bitmap: 40 22
bitmap: 40 22
bitmap: 40 22
bitmap: 18 16
bitmap: 38 22
bitmap: 42 20
bitmap: 40 22
bitmap: 38 22
bitmap: 38 22
bitmap: 40 22
bitmap: 40 22
bitmap: 40 22
bitmap: 40 22
bitmap: 40 22
bitmap: 42 24
bitmap: 40 20
bitmap: 40 20
bitmap: 42 22
bitmap: 40 20
bitmap: 44 40
bitmap: 40 20
bitmap: 42 22
bitmap: 44 26
bitmap: 40 24
bitmap: 40 20
bitmap: 42 22
bitmap: 40 24
bitmap: 40 22
bitmap: 38 26
bitmap: 40 22
bitmap: 40 22
bitmap: 40 22
bitmap: 40 22
bitmap: 14 36
bitmap: 40 22
bitmap: 44 20
bitmap: 42 24
bitmap: 42 22
bitmap: 40 24
bitmap: 42 22
bitmap: 40 22
bitmap: 40 22
bitmap: 40 24
bitmap: 40 22
bitmap: 40 22
bitmap: 40 22
bitmap: 40 20
bitmap: 38 22
bitmap: 40 20
bitmap: 42 22
bitmap: 40 22
bitmap: 40 22
bitmap: 42 22
bitmap: 42 24
bitmap: 16 16
bitmap: 20 18
bitmap: 42 22
bitmap: 40 22
bitmap: 42 22
bitmap: 40 24
bitmap: 40 20
bitmap: 40 22
bitmap: 40 22
bitmap: 40 20
bitmap: 40 22
bitmap: 38 22
bitmap: 40 22
bitmap: 40 20
bitmap: 40 20
bitmap: 40 22
bitmap: 38 22
bitmap: 38 22
bitmap: 40 22
bitmap: 40 24
bitmap: 40 22
bitmap: 60 22
bitmap: 38 22
bitmap: 40 50
bitmap: 40 22
bitmap: 38 22
bitmap: 40 22
bitmap: 40 22
bitmap: 40 22
bitmap: 40 22
bitmap: 40 20
bitmap: 14 32
bitmap: 40 24
bitmap: 38 22
bitmap: 40 22
bitmap: 40 22
bitmap: 40 22
bitmap: 40 22
bitmap: 40 22
bitmap: 40 24
bitmap: 40 24
bitmap: 14 32
bitmap: 38 22
bitmap: 40 22
bitmap: 38 22
bitmap: 40 20
bitmap: 40 24
bitmap: 42 22
bitmap: 40 22
bitmap: 42 24
bitmap: 40 22
bitmap: 42 24
bitmap: 14 32
bitmap: 38 22
bitmap: 38 22
bitmap: 40 22
bitmap: 38 22
bitmap: 40 22
bitmap: 40 24
bitmap: 40 22
bitmap: 40 24
bitmap: 38 22
bitmap: 40 22
bitmap: 38 22
bitmap: 38 24
bitmap: 40 24
bitmap: 38 22
bitmap: 14 30
bitmap: 38 24
bitmap: 40 22
bitmap: 40 22
bitmap: 38 20
bitmap: 16 32
bitmap: 38 22
bitmap: 40 28
bitmap: 40 22
bitmap: 40 24
bitmap: 42 22
bitmap: 40 20
bitmap: 40 22
bitmap: 40 22
bitmap: 40 22
bitmap: 42 20
bitmap: 12 32
bitmap: 42 22
bitmap: 40 20
bitmap: 40 20
bitmap: 38 22
bitmap: 14 32
bitmap: 38 22
bitmap: 20 32
bitmap: 38 22
bitmap: 40 22
bitmap: 40 22
bitmap: 40 22
bitmap: 40 22
bitmap: 38 22
bitmap: 40 22
bitmap: 14 30
bitmap: 40 22
bitmap: 40 20
bitmap: 40 22
bitmap: 42 20
bitmap: 16 32
bitmap: 40 22
bitmap: 40 22
bitmap: 40 20
bitmap: 38 22
bitmap: 38 22
bitmap: 42 22
bitmap: 40 22
bitmap: 40 22
bitmap: 40 22
bitmap: 38 22
bitmap: 40 24
bitmap: 40 24
bitmap: 38 22
bitmap: 38 22
bitmap: 40 22
bitmap: 14 34
bitmap: 38 22
bitmap: 38 22
bitmap: 42 22
bitmap: 40 22
bitmap: 16 32
bitmap: 42 22
bitmap: 42 22
bitmap: 40 22
bitmap: 42 22
bitmap: 42 22
bitmap: 40 22
bitmap: 38 20
bitmap: 40 22
bitmap: 38 22
bitmap: 16 30
bitmap: 40 22
bitmap: 38 22
bitmap: 38 22
bitmap: 40 22
bitmap: 40 22
bitmap: 42 22
bitmap: 40 22
bitmap: 40 22
bitmap: 40 22
bitmap: 40 20
bitmap: 38 22
bitmap: 50 24
bitmap: 42 22
bitmap: 38 22
bitmap: 40 22
bitmap: 40 22
bitmap: 38 22
bitmap: 40 22
bitmap: 40 22
bitmap: 38 20
bitmap: 40 20
bitmap: 42 24
bitmap: 40 22
bitmap: 38 20
bitmap: 40 22
bitmap: 40 24
bitmap: 40 22
bitmap: 40 22
bitmap: 40 22
bitmap: 38 22
bitmap: 38 22
bitmap: 42 22
bitmap: 40 24
bitmap: 42 22
bitmap: 40 22
bitmap: 40 22
bitmap: 42 22
bitmap: 40 22
bitmap: 40 22
bitmap: 40 28
bitmap: 40 22
bitmap: 40 20
bitmap: 42 26
bitmap: 40 22
bitmap: 42 22
bitmap: 38 20
bitmap: 40 24
bitmap: 40 24
bitmap: 44 22
bitmap: 42 24
bitmap: 40 22
bitmap: 38 22
bitmap: 42 22
bitmap: 40 22
bitmap: 40 22
bitmap: 14 30
bitmap: 40 24
bitmap: 44 24
bitmap: 42 22
bitmap: 40 22
bitmap: 42 22
bitmap: 42 22
bitmap: 38 42
bitmap: 40 34
bitmap: 38 20
bitmap: 40 22
bitmap: 16 30
bitmap: 38 22
bitmap: 40 22
bitmap: 40 20
bitmap: 40 172
bitmap: 40 24
bitmap: 42 22
bitmap: 40 22
bitmap: 40 22
bitmap: 38 22
bitmap: 40 22
bitmap: 40 24
bitmap: 40 48
bitmap: 42 24
bitmap: 38 22
bitmap: 40 20
bitmap: 40 24
bitmap: 40 22
bitmap: 40 22
bitmap: 42 22
bitmap: 62 20
bitmap: 40 20
bitmap: 40 22
bitmap: 38 22
bitmap: 40 22
bitmap: 40 22
bitmap: 40 22
bitmap: 38 22
bitmap: 38 20
bitmap: 40 22
bitmap: 40 22
bitmap: 16 30
bitmap: 40 22
bitmap: 40 20
bitmap: 38 20
bitmap: 40 22
bitmap: 42 22
bitmap: 40 22
bitmap: 40 20
bitmap: 38 22
bitmap: 40 22
bitmap: 40 22
bitmap: 40 22
bitmap: 42 22
bitmap: 40 22
bitmap: 40 22
bitmap: 14 30
bitmap: 40 20
bitmap: 38 20
bitmap: 38 20
bitmap: 40 22
bitmap: 40 22
bitmap: 40 22
bitmap: 16 30
bitmap: 40 24
bitmap: 38 20
bitmap: 14 32
bitmap: 38 22
bitmap: 40 22
bitmap: 38 22
bitmap: 40 24
bitmap: 16 30
bitmap: 38 20
bitmap: 38 22
bitmap: 40 22
bitmap: 40 24
bitmap: 40 22
bitmap: 42 22
bitmap: 42 22
bitmap: 38 22
bitmap: 40 20
bitmap: 38 22
bitmap: 40 22
bitmap: 40 26
bitmap: 40 22
bitmap: 38 20
bitmap: 40 20
bitmap: 18 18
bitmap: 40 22
bitmap: 40 22
bitmap: 38 22
bitmap: 40 22
bitmap: 60 22
bitmap: 42 24
bitmap: 42 22
bitmap: 38 22
bitmap: 38 22
bitmap: 58 22
bitmap: 40 22
bitmap: 40 22
bitmap: 40 22
bitmap: 40 22
bitmap: 16 32
bitmap: 42 22
bitmap: 40 22
bitmap: 40 22
bitmap: 40 22
bitmap: 14 30
bitmap: 40 22
bitmap: 40 22
bitmap: 40 22
bitmap: 40 22
bitmap: 40 22
bitmap: 38 22
bitmap: 40 22
bitmap: 40 22
bitmap: 40 20
bitmap: 16 18
bitmap: 38 22
bitmap: 40 24
bitmap: 38 20
bitmap: 40 24
bitmap: 42 22
bitmap: 40 20
bitmap: 40 20
bitmap: 40 22
bitmap: 40 22
bitmap: 38 22
bitmap: 62 20
bitmap: 44 22
bitmap: 40 22
bitmap: 76 22
bitmap: 40 22
bitmap: 38 24
bitmap: 42 24
bitmap: 40 24
bitmap: 40 24
bitmap: 40 24
bitmap: 40 22
bitmap: 40 22
bitmap: 38 22
bitmap: 38 22
bitmap: 40 22
bitmap: 38 24
bitmap: 40 24
bitmap: 18 20
bitmap: 40 20
bitmap: 40 22
bitmap: 42 22
bitmap: 42 24
bitmap: 40 24
bitmap: 40 24
bitmap: 38 22
bitmap: 40 20
bitmap: 40 24
bitmap: 40 22
bitmap: 40 22
bitmap: 38 22
bitmap: 38 22
bitmap: 14 32
bitmap: 42 22
bitmap: 40 20
bitmap: 40 22
bitmap: 40 22
bitmap: 40 22
bitmap: 40 24
bitmap: 40 22
bitmap: 40 20
bitmap: 40 20
bitmap: 42 24
bitmap: 38 24
bitmap: 38 22
bitmap: 40 20
bitmap: 38 24
bitmap: 38 22
bitmap: 38 24
bitmap: 38 24
bitmap: 40 22
bitmap: 42 22
bitmap: 40 24
bitmap: 42 22
bitmap: 40 22
bitmap: 38 20
bitmap: 40 26
bitmap: 38 20
bitmap: 40 22
bitmap: 40 22
bitmap: 40 22
bitmap: 38 22
bitmap: 14 32
bitmap: 42 22
bitmap: 40 20
bitmap: 42 22
bitmap: 42 24
bitmap: 42 20
bitmap: 38 22
bitmap: 40 22
bitmap: 38 22
bitmap: 42 20
bitmap: 40 22
bitmap: 38 22
bitmap: 38 20
bitmap: 40 20
bitmap: 40 22
bitmap: 40 22
bitmap: 40 22
bitmap: 40 50
bitmap: 40 22
bitmap: 40 24
bitmap: 40 20
bitmap: 38 22
bitmap: 38 20
bitmap: 38 22
bitmap: 40 20
bitmap: 40 48
bitmap: 40 22
bitmap: 40 24
bitmap: 38 20
bitmap: 40 22
bitmap: 40 22
bitmap: 14 30
bitmap: 40 20
bitmap: 42 42
bitmap: 40 22
bitmap: 42 22
bitmap: 40 22
bitmap: 40 26
bitmap: 40 20
bitmap: 40 22
bitmap: 40 24
bitmap: 40 24
bitmap: 14 32
bitmap: 40 22
bitmap: 40 22
bitmap: 40 22
bitmap: 42 22
bitmap: 42 24
bitmap: 38 22
bitmap: 40 20
bitmap: 40 22
bitmap: 40 22
bitmap: 40 22
bitmap: 42 20
bitmap: 40 24
bitmap: 40 22
bitmap: 42 22
bitmap: 42 22
bitmap: 40 20
bitmap: 42 22
bitmap: 38 22
bitmap: 38 22
bitmap: 40 22
bitmap: 38 22
bitmap: 40 22
bitmap: 40 20
bitmap: 40 20
bitmap: 40 22
bitmap: 40 20
bitmap: 40 20
bitmap: 38 20
bitmap: 42 22
bitmap: 40 22
bitmap: 14 32
bitmap: 38 20
bitmap: 40 20
bitmap: 42 20
bitmap: 40 22
bitmap: 16 30
bitmap: 38 20
bitmap: 42 22
bitmap: 40 20
bitmap: 40 50
bitmap: 14 32
bitmap: 38 20
bitmap: 40 26
bitmap: 42 24
bitmap: 40 24
bitmap: 40 20
bitmap: 40 22
bitmap: 38 24
bitmap: 42 24
bitmap: 40 26
bitmap: 38 22
bitmap: 38 30
bitmap: 42 22
bitmap: 38 24
bitmap: 38 22
bitmap: 16 30
bitmap: 40 24
bitmap: 38 24
bitmap: 40 24
bitmap: 38 22
bitmap: 40 22
bitmap: 44 20
bitmap: 42 22
bitmap: 38 24
bitmap: 40 24
bitmap: 40 22
bitmap: 40 24
bitmap: 38 24
bitmap: 42 22
bitmap: 42 22
bitmap: 14 32
bitmap: 40 22
bitmap: 40 22
bitmap: 42 22
bitmap: 38 22
bitmap: 16 14
bitmap: 38 24
bitmap: 38 20
bitmap: 40 20
bitmap: 40 22
bitmap: 40 22
bitmap: 40 22
bitmap: 40 22
bitmap: 40 22
bitmap: 16 34
bitmap: 42 22
bitmap: 14 30
bitmap: 42 22
bitmap: 40 24
bitmap: 40 22
bitmap: 38 20
bitmap: 16 18
bitmap: 38 22
bitmap: 40 22
bitmap: 40 24
bitmap: 40 22
bitmap: 14 30
bitmap: 38 22
bitmap: 40 22
bitmap: 40 22
bitmap: 38 22
bitmap: 38 22
bitmap: 40 22
bitmap: 40 22
bitmap: 40 22
bitmap: 40 20
bitmap: 60 22
bitmap: 40 20
bitmap: 40 22
bitmap: 40 22
bitmap: 40 22
bitmap: 40 22
bitmap: 14 32
bitmap: 40 24
bitmap: 42 22
bitmap: 38 22
bitmap: 40 20
bitmap: 40 20
bitmap: 40 22
bitmap: 38 22
bitmap: 40 22
bitmap: 38 24
bitmap: 40 24
bitmap: 40 22
bitmap: 40 22
bitmap: 40 20
bitmap: 38 20
bitmap: 40 22
bitmap: 38 22
bitmap: 44 22
bitmap: 40 20
bitmap: 40 22
bitmap: 42 20
bitmap: 40 22
bitmap: 42 22
bitmap: 42 22
bitmap: 40 22
bitmap: 38 22
bitmap: 42 24
bitmap: 38 22
bitmap: 44 22
bitmap: 40 22
bitmap: 14 30
bitmap: 38 20
bitmap: 38 22
bitmap: 38 22
bitmap: 40 24
bitmap: 16 30
bitmap: 40 22
bitmap: 40 22
bitmap: 38 20
bitmap: 38 26
bitmap: 42 24
bitmap: 40 24
bitmap: 40 24
bitmap: 38 22
bitmap: 38 22
bitmap: 40 22
bitmap: 38 20
bitmap: 38 22
bitmap: 42 22
bitmap: 40 24
