bitmap: 46 20
bitmap: 16 20
bitmap: 46 24
bitmap: 16 14
bitmap: 14 18
bitmap: 14 18
bitmap: 14 16
bitmap: 14 18
bitmap: 14 16
bitmap: 14 18
bitmap: 16 20
bitmap: 14 18
bitmap: 14 18
bitmap: 16 16
bitmap: 14 16
bitmap: 12 18
bitmap: 14 18
bitmap: 16 18
bitmap: 14 18
bitmap: 14 24
bitmap: 14 16
bitmap: 14 20
bitmap: 16 18
bitmap: 14 22
bitmap: 14 20
bitmap: 14 16
bitmap: 14 18
bitmap: 16 22
bitmap: 14 42
bitmap: 14 22
bitmap: 16 18
bitmap: 14 20
bitmap: 14 18
bitmap: 12 22
bitmap: 14 20
bitmap: 16 62
bitmap: 14 58
bitmap: 14 20
bitmap: 14 18
bitmap: 16 20
bitmap: 18 20
bitmap: 16 22
bitmap: 16 20
bitmap: 14 20
bitmap: 14 48
bitmap: 18 20
bitmap: 12 16
bitmap: 14 18
bitmap: 14 18
bitmap: 14 22
bitmap: 14 22
bitmap: 16 20
bitmap: 14 20
bitmap: 14 22
bitmap: 12 20
bitmap: 14 18
bitmap: 14 22
bitmap: 14 22
bitmap: 14 18
bitmap: 14 18
bitmap: 14 20
bitmap: 14 20
bitmap: 14 18
bitmap: 16 22
bitmap: 16 20
bitmap: 14 22
bitmap: 16 22
bitmap: 14 18
bitmap: 14 20
bitmap: 14 22
bitmap: 12 18
bitmap: 16 22
bitmap: 14 20
bitmap: 14 18
bitmap: 16 20
bitmap: 14 18
bitmap: 14 18
bitmap: 14 22
bitmap: 16 20
bitmap: 14 18
bitmap: 14 20
bitmap: 16 20
bitmap: 14 22
bitmap: 14 22
bitmap: 14 20
bitmap: 14 20
bitmap: 14 18
bitmap: 14 20
bitmap: 12 18
bitmap: 16 24
bitmap: 16 20
bitmap: 14 20
bitmap: 14 20
bitmap: 14 18
bitmap: 14 20
bitmap: 14 22
bitmap: 12 18
bitmap: 14 20
bitmap: 14 18
bitmap: 14 18
bitmap: 12 22
bitmap: 12 18
bitmap: 14 16
bitmap: 14 20
bitmap: 14 18
bitmap: 14 24
bitmap: 14 24
bitmap: 16 18
bitmap: 14 20
bitmap: 14 20
bitmap: 14 20
bitmap: 14 18
bitmap: 14 20
bitmap: 12 22
bitmap: 14 18
bitmap: 16 20
bitmap: 14 18
bitmap: 16 20
bitmap: 16 16
bitmap: 14 22
bitmap: 14 18
bitmap: 16 22
bitmap: 16 22
bitmap: 14 20
bitmap: 14 42
bitmap: 16 22
bitmap: 12 16
bitmap: 14 20
bitmap: 14 18
bitmap: 14 22
bitmap: 12 18
bitmap: 14 18
bitmap: 14 52
bitmap: 14 18
bitmap: 14 16
bitmap: 16 16
bitmap: 16 20
bitmap: 14 18
bitmap: 14 18
bitmap: 14 18
bitmap: 16 48
bitmap: 14 20
bitmap: 14 50
bitmap: 14 18
bitmap: 14 18
bitmap: 14 16
bitmap: 18 18
bitmap: 16 20
bitmap: 12 56
bitmap: 12 18
bitmap: 14 18
bitmap: 14 18
bitmap: 14 22
bitmap: 14 22
bitmap: 14 18
bitmap: 16 22
bitmap: 14 20
bitmap: 14 18
bitmap: 14 18
bitmap: 14 22
bitmap: 14 18
bitmap: 14 20
bitmap: 14 18
bitmap: 14 20
bitmap: 14 54
bitmap: 14 22
bitmap: 14 22
bitmap: 14 20
bitmap: 16 18
bitmap: 14 20
bitmap: 12 22
bitmap: 16 18
bitmap: 14 18
bitmap: 16 18
bitmap: 14 18
bitmap: 12 18
bitmap: 14 18
bitmap: 14 20
bitmap: 16 16
bitmap: 16 16
bitmap: 16 20
bitmap: 14 18
bitmap: 14 12
bitmap: 14 18
bitmap: 16 18
bitmap: 14 16
bitmap: 14 18
bitmap: 16 22
bitmap: 14 24
bitmap: 14 20
bitmap: 14 18
bitmap: 16 18
bitmap: 16 22
bitmap: 14 20
bitmap: 14 20
bitmap: 14 20
bitmap: 14 20
bitmap: 14 20
bitmap: 14 18
bitmap: 14 18
bitmap: 16 18
bitmap: 12 50
bitmap: 14 18
bitmap: 12 24
bitmap: 14 20
bitmap: 14 20
bitmap: 14 18
bitmap: 14 18
bitmap: 14 20
bitmap: 14 20
bitmap: 18 20
bitmap: 14 18
bitmap: 14 20
bitmap: 14 20
bitmap: 14 18
bitmap: 14 20
bitmap: 16 22
bitmap: 16 20
bitmap: 14 24
bitmap: 14 18
bitmap: 14 18
bitmap: 14 22
bitmap: 14 18
bitmap: 14 20
bitmap: 12 22
bitmap: 14 22
bitmap: 14 20
bitmap: 12 20
bitmap: 14 22
bitmap: 14 22
bitmap: 16 18
bitmap: 16 12
bitmap: 14 18
bitmap: 14 20
bitmap: 14 22
bitmap: 14 20
bitmap: 14 20
bitmap: 14 22
bitmap: 14 18
bitmap: 14 22
bitmap: 14 22
bitmap: 14 22
bitmap: 16 22
bitmap: 14 20
bitmap: 14 22
bitmap: 14 20
bitmap: 16 16
bitmap: 14 26
bitmap: 14 18
bitmap: 14 22
bitmap: 16 20
bitmap: 14 18
bitmap: 12 22
bitmap: 16 20
bitmap: 14 18
bitmap: 12 18
bitmap: 14 18
bitmap: 14 18
bitmap: 14 22
bitmap: 14 20
bitmap: 14 24
bitmap: 12 18
bitmap: 14 18
bitmap: 16 20
bitmap: 16 22
bitmap: 14 18
bitmap: 16 20
bitmap: 14 22
bitmap: 14 22
bitmap: 16 20
bitmap: 16 16
bitmap: 14 18
bitmap: 16 22
bitmap: 16 20
bitmap: 14 22
bitmap: 14 20
bitmap: 14 22
bitmap: 16 18
bitmap: 14 18
bitmap: 16 20
bitmap: 16 22
bitmap: 14 20
bitmap: 14 20
bitmap: 14 26
bitmap: 16 20
bitmap: 14 18
bitmap: 16 16
bitmap: 14 14
bitmap: 16 16
bitmap: 14 20
bitmap: 12 16
bitmap: 14 18
bitmap: 14 18
bitmap: 16 20
bitmap: 16 14
bitmap: 14 18
bitmap: 14 16
bitmap: 14 18
bitmap: 14 22
bitmap: 16 20
bitmap: 16 14
bitmap: 14 18
bitmap: 14 16
bitmap: 14 18
bitmap: 16 22
bitmap: 14 20
bitmap: 14 18
bitmap: 14 22
bitmap: 16 22
bitmap: 16 20
bitmap: 14 18
bitmap: 12 22
bitmap: 14 18
bitmap: 14 20
bitmap: 14 18
bitmap: 16 18
bitmap: 16 20
bitmap: 12 18
bitmap: 16 16
bitmap: 16 16
bitmap: 18 18
bitmap: 16 16
bitmap: 14 18
bitmap: 14 16
bitmap: 14 16
bitmap: 16 20
bitmap: 14 14
bitmap: 16 22
bitmap: 16 20
bitmap: 14 22
bitmap: 14 22
bitmap: 14 22
bitmap: 14 18
bitmap: 16 16
bitmap: 14 18
bitmap: 16 20
bitmap: 14 22
bitmap: 14 22
bitmap: 14 22
bitmap: 14 20
bitmap: 16 20
bitmap: 14 22
bitmap: 14 20
bitmap: 16 20
bitmap: 12 20
bitmap: 12 18
bitmap: 16 20
bitmap: 14 18
bitmap: 14 50
bitmap: 14 22
bitmap: 14 18
bitmap: 16 18
bitmap: 16 22
bitmap: 14 20
bitmap: 14 24
bitmap: 12 22
bitmap: 14 46
bitmap: 14 20
bitmap: 14 18
bitmap: 14 20
bitmap: 14 22
bitmap: 14 18
bitmap: 14 18
bitmap: 12 22
bitmap: 14 20
bitmap: 14 22
bitmap: 16 18
bitmap: 14 20
bitmap: 14 20
bitmap: 16 20
bitmap: 14 24
bitmap: 16 20
bitmap: 14 20
bitmap: 16 24
bitmap: 14 20
bitmap: 14 20
bitmap: 14 20
bitmap: 12 18
bitmap: 16 18
bitmap: 16 18
bitmap: 34 22
bitmap: 16 20
bitmap: 14 20
bitmap: 12 22
bitmap: 14 18
bitmap: 16 20
bitmap: 16 22
bitmap: 16 20
bitmap: 12 18
bitmap: 14 18
bitmap: 14 20
bitmap: 14 24
bitmap: 16 22
bitmap: 14 18
bitmap: 14 20
bitmap: 14 18
bitmap: 14 26
bitmap: 16 20
bitmap: 16 18
bitmap: 16 20
bitmap: 14 20
bitmap: 14 18
bitmap: 14 20
bitmap: 16 20
bitmap: 16 22
bitmap: 16 18
bitmap: 14 18
bitmap: 16 20
bitmap: 14 18
bitmap: 14 22
bitmap: 14 22
bitmap: 14 20
bitmap: 14 56
bitmap: 14 24
bitmap: 14 16
bitmap: 14 20
bitmap: 14 18
bitmap: 16 22
bitmap: 14 18
bitmap: 14 22
bitmap: 36 26
bitmap: 14 24
bitmap: 16 16
bitmap: 14 18
bitmap: 14 18
bitmap: 14 20
bitmap: 16 20
bitmap: 14 18
bitmap: 14 58
bitmap: 16 20
bitmap: 14 20
bitmap: 12 22
bitmap: 14 22
bitmap: 14 20
bitmap: 18 18
bitmap: 14 16
bitmap: 14 38
bitmap: 14 20
bitmap: 16 20
bitmap: 14 20
bitmap: 14 22
bitmap: 16 18
bitmap: 14 20
bitmap: 12 22
bitmap: 14 20
bitmap: 14 22
bitmap: 14 16
bitmap: 16 22
bitmap: 14 22
bitmap: 14 18
bitmap: 14 22
bitmap: 14 18
bitmap: 12 46
bitmap: 14 18
bitmap: 14 16
bitmap: 14 22
bitmap: 16 20
bitmap: 14 18
bitmap: 18 18
bitmap: 14 18
bitmap: 14 20
bitmap: 14 18
bitmap: 12 16
bitmap: 16 20
bitmap: 12 18
bitmap: 12 18
bitmap: 14 20
bitmap: 12 22
bitmap: 16 20
bitmap: 12 20
bitmap: 16 22
bitmap: 14 22
bitmap: 14 20
bitmap: 14 22
bitmap: 14 22
bitmap: 14 22
bitmap: 14 20
bitmap: 14 20
bitmap: 14 22
bitmap: 14 20
bitmap: 14 20
bitmap: 14 18
bitmap: 16 20
bitmap: 14 20
bitmap: 14 22
bitmap: 16 20
bitmap: 14 18
bitmap: 12 24
bitmap: 16 24
bitmap: 14 18
bitmap: 14 22
bitmap: 16 18
bitmap: 14 44
bitmap: 16 30
bitmap: 14 18
bitmap: 14 18
bitmap: 14 18
bitmap: 16 18
bitmap: 16 18
bitmap: 16 18
bitmap: 14 54
bitmap: 14 20
bitmap: 14 16
bitmap: 16 20
bitmap: 14 24
bitmap: 14 18
bitmap: 12 22
bitmap: 16 20
bitmap: 14 40
bitmap: 14 18
bitmap: 16 16
bitmap: 16 16
bitmap: 50 26
bitmap: 48 20
bitmap: 16 16
bitmap: 18 20
bitmap: 16 18
bitmap: 14 18
bitmap: 14 18
bitmap: 16 18
bitmap: 16 20
bitmap: 16 18
bitmap: 16 22
bitmap: 14 22
bitmap: 12 16
bitmap: 14 16
bitmap: 16 16
bitmap: 16 18
bitmap: 18 16
bitmap: 16 22
bitmap: 16 18
bitmap: 16 16
bitmap: 14 18
bitmap: 14 18
bitmap: 16 20
bitmap: 16 18
bitmap: 12 18
bitmap: 18 18
bitmap: 16 16
bitmap: 16 22
bitmap: 60 22
bitmap: 14 20
bitmap: 12 20
bitmap: 18 22
bitmap: 16 22
bitmap: 16 22
bitmap: 14 18
bitmap: 16 16
bitmap: 16 16
bitmap: 16 20
bitmap: 14 22
bitmap: 14 16
bitmap: 16 16
bitmap: 16 22
bitmap: 16 18
bitmap: 16 20
bitmap: 16 20
bitmap: 14 18
bitmap: 68 20
bitmap: 16 16
bitmap: 18 18
bitmap: 14 16
bitmap: 16 16
bitmap: 14 18
bitmap: 14 16
bitmap: 14 18
bitmap: 62 18
bitmap: 14 18
bitmap: 12 20
bitmap: 16 18
bitmap: 16 18
bitmap: 16 22
bitmap: 14 16
bitmap: 16 18
bitmap: 16 18
bitmap: 18 16
bitmap: 14 18
bitmap: 14 18
bitmap: 14 18
bitmap: 14 18
bitmap: 16 16
bitmap: 14 20
bitmap: 16 18
bitmap: 14 16
bitmap: 16 16
bitmap: 16 16
bitmap: 14 18
bitmap: 14 18
bitmap: 16 18
bitmap: 14 16
bitmap: 16 18
bitmap: 16 16
bitmap: 60 20
bitmap: 16 20
bitmap: 16 22
bitmap: 16 18
bitmap: 14 18
bitmap: 16 18
bitmap: 60 20
bitmap: 14 16
bitmap: 16 18
bitmap: 16 24
bitmap: 20 20
bitmap: 14 16
bitmap: 16 18
bitmap: 16 20
bitmap: 14 22
bitmap: 18 18
bitmap: 16 18
bitmap: 62 18
bitmap: 16 16
bitmap: 16 18
bitmap: 14 16
bitmap: 14 18
bitmap: 14 18
bitmap: 16 16
bitmap: 16 16
bitmap: 14 18
bitmap: 16 18
bitmap: 14 16
bitmap: 60 20
bitmap: 14 20
bitmap: 16 18
bitmap: 16 16
bitmap: 14 18
bitmap: 14 16
bitmap: 14 16
bitmap: 16 18
bitmap: 16 18
bitmap: 14 18
bitmap: 14 18
bitmap: 14 16
bitmap: 14 18
bitmap: 14 14
bitmap: 14 18
bitmap: 14 16
bitmap: 14 52
bitmap: 16 18
bitmap: 14 16
bitmap: 14 18
bitmap: 16 12
bitmap: 16 14
bitmap: 14 16
bitmap: 14 16
bitmap: 16 32
bitmap: 62 20
bitmap: 14 16
bitmap: 16 18
bitmap: 14 20
bitmap: 16 22
bitmap: 14 20
bitmap: 16 18
bitmap: 14 48
bitmap: 14 18
bitmap: 14 16
bitmap: 62 22
bitmap: 18 16
bitmap: 16 20
bitmap: 16 18
bitmap: 14 18
bitmap: 16 20
bitmap: 14 18
bitmap: 16 20
bitmap: 14 18
bitmap: 14 18
bitmap: 14 18
bitmap: 14 20
bitmap: 14 22
bitmap: 16 18
bitmap: 16 16
bitmap: 16 18
bitmap: 14 22
bitmap: 16 20
bitmap: 14 18
bitmap: 14 18
bitmap: 16 20
bitmap: 14 18
bitmap: 16 24
bitmap: 14 16
bitmap: 14 18
bitmap: 12 16
bitmap: 14 22
bitmap: 64 20
bitmap: 14 16
bitmap: 16 18
bitmap: 16 18
bitmap: 14 18
bitmap: 16 18
bitmap: 14 18
bitmap: 14 16
bitmap: 16 16
bitmap: 16 18
bitmap: 14 60
bitmap: 14 18
bitmap: 14 22
bitmap: 16 20
bitmap: 16 18
bitmap: 14 18
bitmap: 18 22
bitmap: 62 22
bitmap: 14 40
bitmap: 14 18
bitmap: 14 16
bitmap: 20 20
bitmap: 16 22
bitmap: 14 18
bitmap: 16 16
bitmap: 16 22
bitmap: 16 54
bitmap: 16 18
bitmap: 16 16
bitmap: 14 18
bitmap: 16 16
bitmap: 14 18
bitmap: 14 18
bitmap: 16 20
bitmap: 14 16
bitmap: 58 22
bitmap: 14 20
bitmap: 16 18
bitmap: 14 18
bitmap: 16 20
bitmap: 14 18
bitmap: 14 18
bitmap: 16 22
bitmap: 18 22
bitmap: 14 18
bitmap: 16 20
bitmap: 16 18
bitmap: 16 18
bitmap: 16 16
bitmap: 16 16
bitmap: 14 18
bitmap: 16 18
bitmap: 14 18
bitmap: 16 18
bitmap: 14 18
bitmap: 16 20
bitmap: 16 18
bitmap: 14 18
bitmap: 14 16
bitmap: 14 16
bitmap: 18 16
bitmap: 14 14
bitmap: 14 18
bitmap: 14 16
bitmap: 16 22
bitmap: 14 18
bitmap: 16 20
bitmap: 16 20
bitmap: 16 16
bitmap: 14 16
bitmap: 16 16
bitmap: 16 18
bitmap: 16 16
bitmap: 16 22
bitmap: 16 18
bitmap: 14 20
bitmap: 14 16
bitmap: 16 22
bitmap: 14 18
bitmap: 14 16
bitmap: 14 22
bitmap: 16 18
bitmap: 16 16
bitmap: 18 16
bitmap: 16 16
bitmap: 12 16
bitmap: 16 14
bitmap: 16 16
bitmap: 14 14
bitmap: 68 22
bitmap: 14 16
bitmap: 14 16
bitmap: 12 18
bitmap: 18 16
bitmap: 16 18
bitmap: 16 16
bitmap: 14 16
bitmap: 16 16
bitmap: 16 16
bitmap: 14 18
bitmap: 12 18
bitmap: 16 18
bitmap: 14 20
bitmap: 14 18
bitmap: 14 16
bitmap: 16 20
bitmap: 12 18
bitmap: 56 22
bitmap: 14 18
bitmap: 16 18
bitmap: 16 18
bitmap: 18 20
bitmap: 16 16
bitmap: 14 18
bitmap: 62 22
bitmap: 14 18
bitmap: 16 18
bitmap: 14 18
bitmap: 14 20
bitmap: 14 20
bitmap: 12 20
bitmap: 16 20
bitmap: 18 22
bitmap: 58 20
bitmap: 14 16
bitmap: 14 16
bitmap: 18 20
bitmap: 16 22
bitmap: 16 18
bitmap: 18 24
bitmap: 14 18
bitmap: 16 16
bitmap: 16 18
bitmap: 62 20
bitmap: 14 16
bitmap: 14 20
bitmap: 14 16
bitmap: 16 18
bitmap: 14 16
bitmap: 14 20
bitmap: 16 16
bitmap: 18 20
bitmap: 14 16
bitmap: 14 22
bitmap: 14 18
bitmap: 16 20
bitmap: 16 18
bitmap: 60 22
bitmap: 12 16
bitmap: 16 18
bitmap: 12 18
bitmap: 16 20
bitmap: 16 16
bitmap: 14 18
bitmap: 14 22
bitmap: 16 16
bitmap: 14 18
bitmap: 14 18
bitmap: 14 18
bitmap: 58 22
bitmap: 14 22
bitmap: 16 18
bitmap: 14 16
bitmap: 18 50
bitmap: 14 18
bitmap: 16 20
bitmap: 14 18
bitmap: 16 16
bitmap: 14 18
bitmap: 14 18
bitmap: 16 20
bitmap: 14 22
bitmap: 16 20
bitmap: 64 22
bitmap: 12 16
bitmap: 14 16
bitmap: 14 20
bitmap: 14 20
bitmap: 14 18
bitmap: 14 18
bitmap: 14 18
bitmap: 16 18
bitmap: 60 22
bitmap: 18 18
bitmap: 16 20
bitmap: 16 22
bitmap: 14 22
bitmap: 14 18
bitmap: 16 22
bitmap: 16 16
bitmap: 14 22
bitmap: 14 16
bitmap: 14 20
bitmap: 14 18
bitmap: 14 18
bitmap: 14 16
bitmap: 12 16
bitmap: 16 18
bitmap: 16 14
bitmap: 58 22
bitmap: 16 16
bitmap: 16 16
bitmap: 14 48
bitmap: 14 16
bitmap: 14 16
bitmap: 16 16
bitmap: 16 18
bitmap: 12 16
bitmap: 14 18
bitmap: 16 18
bitmap: 16 18
bitmap: 14 20
bitmap: 16 18
bitmap: 60 20
bitmap: 16 22
bitmap: 12 18
bitmap: 14 20
bitmap: 14 18
bitmap: 16 48
bitmap: 14 16
bitmap: 62 22
bitmap: 12 20
bitmap: 14 22
bitmap: 16 18
bitmap: 14 18
bitmap: 18 22
bitmap: 16 22
bitmap: 14 18
bitmap: 16 16
bitmap: 16 16
bitmap: 16 22
bitmap: 16 16
bitmap: 16 16
bitmap: 14 14
bitmap: 14 18
bitmap: 16 14
bitmap: 14 16
bitmap: 62 20
bitmap: 16 14
bitmap: 16 14
bitmap: 14 14
bitmap: 14 14
bitmap: 14 50
bitmap: 14 18
bitmap: 14 16
bitmap: 12 18
bitmap: 60 22
bitmap: 12 18
bitmap: 20 20
bitmap: 14 22
bitmap: 14 18
bitmap: 14 18
bitmap: 14 18
bitmap: 16 18
bitmap: 16 18
bitmap: 14 18
bitmap: 12 18
bitmap: 16 16
bitmap: 14 16
bitmap: 16 22
bitmap: 14 14
bitmap: 14 18
bitmap: 14 18
bitmap: 14 22
bitmap: 14 16
bitmap: 14 16
bitmap: 14 16
bitmap: 14 18
bitmap: 16 18
bitmap: 16 18
bitmap: 14 22
bitmap: 58 20
bitmap: 16 16
bitmap: 16 18
bitmap: 16 50
bitmap: 14 22
bitmap: 14 18
bitmap: 16 20
bitmap: 18 16
bitmap: 14 18
bitmap: 16 18
bitmap: 16 16
bitmap: 16 18
bitmap: 14 18
bitmap: 14 18
bitmap: 14 18
bitmap: 16 16
bitmap: 14 20
bitmap: 16 18
bitmap: 16 16
bitmap: 64 60
bitmap: 14 16
bitmap: 18 18
bitmap: 14 22
bitmap: 16 22
bitmap: 14 16
bitmap: 16 18
bitmap: 12 20
bitmap: 14 76
bitmap: 16 18
bitmap: 16 20
bitmap: 14 16
bitmap: 14 16
bitmap: 14 16
bitmap: 16 18
bitmap: 14 18
bitmap: 16 38
bitmap: 16 18
bitmap: 16 16
bitmap: 16 18
bitmap: 14 18
bitmap: 14 16
bitmap: 14 22
bitmap: 14 18
bitmap: 16 50
bitmap: 60 24
bitmap: 14 18
bitmap: 14 16
