bitmap: 58 18
bitmap: 38 20
bitmap: 38 22
bitmap: 40 20
bitmap: 38 18
bitmap: 38 22
bitmap: 38 18
bitmap: 58 20
bitmap: 60 20
bitmap: 60 20
bitmap: 70 20
bitmap: 64 22
bitmap: 42 24
bitmap: 42 24
bitmap: 42 24
bitmap: 42 22
bitmap: 14 30
bitmap: 40 22
bitmap: 42 22
bitmap: 40 22
bitmap: 40 24
bitmap: 40 24
bitmap: 42 24
bitmap: 40 22
bitmap: 40 22
bitmap: 18 32
bitmap: 40 22
bitmap: 40 22
bitmap: 42 22
bitmap: 42 22
bitmap: 42 22
bitmap: 44 22
bitmap: 40 22
bitmap: 40 22
bitmap: 40 20
bitmap: 40 22
bitmap: 40 20
bitmap: 42 20
bitmap: 20 16
bitmap: 40 22
bitmap: 40 22
bitmap: 14 32
bitmap: 42 22
bitmap: 42 22
bitmap: 42 22
bitmap: 42 22
bitmap: 14 32
bitmap: 42 22
bitmap: 40 22
bitmap: 40 22
bitmap: 42 22
bitmap: 62 20
bitmap: 42 22
bitmap: 42 24
bitmap: 40 20
bitmap: 42 22
bitmap: 18 22
bitmap: 40 20
bitmap: 40 22
bitmap: 42 22
bitmap: 40 22
bitmap: 14 30
bitmap: 40 22
bitmap: 44 22
bitmap: 40 20
bitmap: 40 20
bitmap: 16 32
bitmap: 40 22
bitmap: 42 22
bitmap: 42 22
bitmap: 42 22
bitmap: 16 32
bitmap: 40 22
bitmap: 42 22
bitmap: 40 20
bitmap: 40 22
bitmap: 16 32
bitmap: 40 22
bitmap: 40 22
bitmap: 42 22
bitmap: 42 22
bitmap: 14 32
bitmap: 42 22
bitmap: 42 22
bitmap: 40 22
bitmap: 42 22
bitmap: 62 20
bitmap: 42 22
bitmap: 40 20
bitmap: 40 22
bitmap: 42 22
bitmap: 40 22
bitmap: 40 20
bitmap: 44 22
bitmap: 42 22
bitmap: 42 22
bitmap: 40 22
bitmap: 42 22
bitmap: 40 20
bitmap: 42 22
bitmap: 44 58
bitmap: 40 34
bitmap: 40 20
bitmap: 42 22
bitmap: 42 22
bitmap: 40 22
bitmap: 62 20
bitmap: 42 22
bitmap: 40 34
bitmap: 42 24
bitmap: 42 22
bitmap: 18 20
bitmap: 40 22
bitmap: 42 22
bitmap: 18 18
bitmap: 40 20
bitmap: 40 22
bitmap: 42 22
bitmap: 42 22
bitmap: 42 22
bitmap: 40 20
bitmap: 40 22
bitmap: 62 22
bitmap: 40 22
bitmap: 40 42
bitmap: 42 22
bitmap: 42 22
bitmap: 16 32
bitmap: 42 22
bitmap: 40 22
bitmap: 42 22
bitmap: 40 22
bitmap: 16 60
bitmap: 42 22
bitmap: 40 22
bitmap: 40 20
bitmap: 40 20
bitmap: 14 32
bitmap: 40 22
bitmap: 40 20
bitmap: 42 22
bitmap: 42 22
bitmap: 42 22
bitmap: 40 22
bitmap: 40 22
bitmap: 40 22
bitmap: 42 24
bitmap: 14 30
bitmap: 40 56
bitmap: 42 24
bitmap: 40 22
bitmap: 42 24
bitmap: 40 24
bitmap: 40 20
bitmap: 40 22
bitmap: 42 24
bitmap: 40 24
bitmap: 66 20
bitmap: 40 20
bitmap: 42 22
bitmap: 40 22
bitmap: 40 22
bitmap: 14 32
bitmap: 40 20
bitmap: 42 50
bitmap: 40 22
bitmap: 40 22
bitmap: 60 20
bitmap: 40 22
bitmap: 40 22
bitmap: 42 22
bitmap: 40 22
bitmap: 14 40
bitmap: 40 22
bitmap: 42 22
bitmap: 40 22
bitmap: 40 22
bitmap: 18 30
bitmap: 40 22
bitmap: 42 22
bitmap: 40 62
bitmap: 40 22
bitmap: 62 22
bitmap: 40 22
bitmap: 42 24
bitmap: 46 26
bitmap: 42 22
bitmap: 16 32
bitmap: 40 22
bitmap: 44 22
bitmap: 40 22
bitmap: 42 22
bitmap: 62 22
bitmap: 42 22
bitmap: 44 22
bitmap: 44 22
bitmap: 40 20
bitmap: 62 22
bitmap: 14 30
bitmap: 40 22
bitmap: 40 22
bitmap: 40 20
bitmap: 14 32
bitmap: 42 22
bitmap: 40 22
bitmap: 42 22
bitmap: 42 22
bitmap: 16 28
bitmap: 44 22
bitmap: 38 22
bitmap: 42 24
bitmap: 42 24
bitmap: 44 22
bitmap: 42 24
bitmap: 42 22
bitmap: 42 22
bitmap: 40 22
bitmap: 42 22
bitmap: 62 20
bitmap: 42 22
bitmap: 40 22
bitmap: 40 22
bitmap: 40 20
bitmap: 14 30
bitmap: 40 22
bitmap: 40 22
bitmap: 42 22
bitmap: 40 22
bitmap: 14 30
bitmap: 40 22
bitmap: 42 22
bitmap: 44 22
bitmap: 42 22
bitmap: 14 32
bitmap: 40 22
bitmap: 42 22
bitmap: 40 22
bitmap: 38 22
bitmap: 42 22
bitmap: 42 24
bitmap: 42 24
bitmap: 40 22
bitmap: 70 18
bitmap: 14 30
bitmap: 40 24
bitmap: 42 22
bitmap: 40 24
bitmap: 42 22
bitmap: 14 14
bitmap: 40 22
bitmap: 40 24
bitmap: 42 20
bitmap: 44 24
bitmap: 66 18
bitmap: 42 22
bitmap: 16 32
bitmap: 40 20
bitmap: 42 24
bitmap: 14 32
bitmap: 40 22
bitmap: 42 22
bitmap: 42 22
bitmap: 40 22
bitmap: 16 28
bitmap: 40 20
bitmap: 40 20
bitmap: 42 22
bitmap: 42 22
bitmap: 14 30
bitmap: 42 22
bitmap: 40 20
bitmap: 42 22
bitmap: 40 20
bitmap: 14 30
bitmap: 40 22
bitmap: 40 22
bitmap: 40 24
bitmap: 40 20
bitmap: 42 22
bitmap: 16 30
bitmap: 40 24
bitmap: 40 22
bitmap: 42 24
bitmap: 40 22
bitmap: 40 24
bitmap: 40 22
bitmap: 40 20
bitmap: 62 22
bitmap: 42 22
bitmap: 16 30
bitmap: 40 22
bitmap: 40 22
bitmap: 42 22
bitmap: 44 22
bitmap: 62 20
bitmap: 40 20
bitmap: 40 22
bitmap: 40 22
bitmap: 40 24
bitmap: 40 20
bitmap: 40 22
bitmap: 40 24
bitmap: 40 20
bitmap: 40 22
bitmap: 16 32
bitmap: 40 22
bitmap: 40 24
bitmap: 40 20
bitmap: 40 20
bitmap: 14 32
bitmap: 40 20
bitmap: 42 24
bitmap: 42 22
bitmap: 38 22
bitmap: 16 32
bitmap: 42 22
bitmap: 40 22
bitmap: 40 20
bitmap: 40 22
bitmap: 14 30
bitmap: 42 22
bitmap: 40 22
bitmap: 40 20
bitmap: 42 22
bitmap: 16 30
bitmap: 40 20
bitmap: 42 22
bitmap: 42 22
bitmap: 42 22
bitmap: 42 22
bitmap: 16 30
bitmap: 42 22
bitmap: 42 22
bitmap: 42 22
bitmap: 40 22
bitmap: 62 20
bitmap: 40 20
bitmap: 42 22
bitmap: 42 22
bitmap: 40 22
bitmap: 62 20
bitmap: 40 22
bitmap: 40 20
bitmap: 42 22
bitmap: 42 22
bitmap: 18 20
bitmap: 40 22
bitmap: 42 22
bitmap: 44 22
bitmap: 42 24
bitmap: 16 32
bitmap: 42 24
bitmap: 40 22
bitmap: 40 20
bitmap: 42 24
bitmap: 62 18
bitmap: 40 22
bitmap: 40 20
bitmap: 40 22
bitmap: 42 22
bitmap: 60 22
bitmap: 42 22
bitmap: 44 22
bitmap: 40 22
bitmap: 42 22
bitmap: 60 22
bitmap: 40 22
bitmap: 40 22
bitmap: 42 22
bitmap: 40 22
bitmap: 16 30
bitmap: 40 22
bitmap: 40 22
bitmap: 42 22
bitmap: 38 24
bitmap: 64 22
bitmap: 42 22
bitmap: 40 22
bitmap: 40 24
bitmap: 40 20
bitmap: 14 50
bitmap: 42 24
bitmap: 42 24
bitmap: 42 22
bitmap: 40 24
bitmap: 14 32
bitmap: 42 24
bitmap: 40 22
bitmap: 40 46
bitmap: 44 24
bitmap: 16 32
bitmap: 42 22
bitmap: 44 22
bitmap: 42 22
bitmap: 42 22
bitmap: 16 32
bitmap: 42 50
bitmap: 44 22
bitmap: 42 22
bitmap: 40 22
bitmap: 12 32
bitmap: 40 22
bitmap: 42 22
bitmap: 40 20
bitmap: 40 22
bitmap: 42 22
bitmap: 40 20
bitmap: 42 22
bitmap: 40 24
bitmap: 40 20
bitmap: 62 22
bitmap: 42 24
bitmap: 40 20
bitmap: 42 22
bitmap: 42 24
bitmap: 40 24
bitmap: 40 22
bitmap: 40 22
bitmap: 40 24
bitmap: 42 22
bitmap: 40 20
bitmap: 40 22
bitmap: 40 24
bitmap: 42 22
bitmap: 40 20
bitmap: 40 20
bitmap: 40 22
bitmap: 42 22
bitmap: 40 24
bitmap: 42 22
bitmap: 16 32
bitmap: 40 22
bitmap: 40 22
bitmap: 40 22
bitmap: 40 22
bitmap: 40 22
bitmap: 40 20
bitmap: 42 22
bitmap: 42 22
bitmap: 40 22
bitmap: 16 30
bitmap: 40 20
bitmap: 42 22
bitmap: 42 22
bitmap: 40 20
bitmap: 16 30
bitmap: 40 22
bitmap: 42 20
bitmap: 42 24
bitmap: 42 24
bitmap: 40 22
bitmap: 38 22
bitmap: 40 22
bitmap: 42 22
bitmap: 40 22
bitmap: 40 20
bitmap: 40 22
bitmap: 42 22
bitmap: 42 22
bitmap: 42 22
bitmap: 36 22
bitmap: 40 22
bitmap: 40 22
bitmap: 40 24
bitmap: 40 24
bitmap: 40 22
bitmap: 40 22
bitmap: 40 22
bitmap: 40 44
bitmap: 42 22
bitmap: 60 22
bitmap: 16 30
bitmap: 42 22
bitmap: 40 22
bitmap: 40 22
bitmap: 42 24
bitmap: 14 32
bitmap: 40 22
bitmap: 44 22
bitmap: 40 20
bitmap: 42 22
bitmap: 62 20
bitmap: 42 22
bitmap: 42 22
bitmap: 40 22
bitmap: 40 22
bitmap: 16 32
bitmap: 40 22
bitmap: 40 22
bitmap: 42 22
bitmap: 40 22
bitmap: 14 32
bitmap: 42 22
bitmap: 42 24
bitmap: 42 22
bitmap: 42 22
bitmap: 42 24
bitmap: 40 20
bitmap: 42 22
bitmap: 42 22
bitmap: 40 22
bitmap: 42 22
bitmap: 42 22
bitmap: 40 20
bitmap: 40 22
bitmap: 44 24
bitmap: 16 32
bitmap: 42 22
bitmap: 42 22
bitmap: 44 22
bitmap: 40 20
bitmap: 16 32
bitmap: 40 22
bitmap: 42 22
bitmap: 40 20
bitmap: 40 22
bitmap: 16 30
bitmap: 40 24
bitmap: 18 32
bitmap: 42 22
bitmap: 40 22
bitmap: 66 24
bitmap: 42 22
bitmap: 42 22
bitmap: 40 22
bitmap: 40 24
bitmap: 16 32
bitmap: 42 24
bitmap: 44 24
bitmap: 40 24
bitmap: 42 22
bitmap: 44 24
bitmap: 42 24
bitmap: 40 22
bitmap: 40 24
bitmap: 40 20
bitmap: 40 20
bitmap: 42 22
bitmap: 40 22
bitmap: 42 22
bitmap: 42 22
bitmap: 40 22
bitmap: 40 22
bitmap: 16 32
bitmap: 40 20
bitmap: 40 20
bitmap: 62 22
bitmap: 42 22
bitmap: 40 20
bitmap: 40 20
bitmap: 40 20
bitmap: 40 20
bitmap: 40 22
bitmap: 42 22
bitmap: 40 22
bitmap: 42 22
bitmap: 14 32
bitmap: 40 22
bitmap: 42 22
bitmap: 40 22
bitmap: 40 22
bitmap: 40 20
bitmap: 16 30
bitmap: 40 22
bitmap: 42 60
bitmap: 42 20
bitmap: 42 22
bitmap: 40 22
bitmap: 42 22
bitmap: 42 22
bitmap: 42 22
bitmap: 40 22
bitmap: 42 24
bitmap: 40 22
bitmap: 40 20
bitmap: 44 24
bitmap: 40 24
bitmap: 64 22
bitmap: 14 32
bitmap: 42 24
bitmap: 40 20
bitmap: 40 20
bitmap: 16 30
bitmap: 42 24
bitmap: 40 24
bitmap: 40 24
bitmap: 42 22
bitmap: 42 20
bitmap: 42 22
bitmap: 40 22
bitmap: 42 22
bitmap: 40 22
bitmap: 42 22
bitmap: 42 22
bitmap: 40 22
bitmap: 40 20
bitmap: 40 22
bitmap: 14 32
bitmap: 40 20
bitmap: 42 22
bitmap: 42 22
bitmap: 40 22
bitmap: 16 32
bitmap: 44 22
bitmap: 40 22
bitmap: 42 22
bitmap: 40 22
bitmap: 20 16
bitmap: 42 24
bitmap: 40 22
bitmap: 42 22
bitmap: 42 22
bitmap: 40 56
bitmap: 40 34
bitmap: 60 24
bitmap: 42 22
bitmap: 40 22
bitmap: 64 22
bitmap: 42 22
bitmap: 40 22
bitmap: 40 42
bitmap: 42 22
bitmap: 16 30
bitmap: 40 24
bitmap: 40 20
bitmap: 42 22
bitmap: 40 22
bitmap: 14 30
bitmap: 40 20
bitmap: 42 24
bitmap: 40 20
bitmap: 40 24
bitmap: 42 22
bitmap: 40 24
bitmap: 42 22
bitmap: 42 22
bitmap: 40 22
bitmap: 16 30
bitmap: 42 22
bitmap: 42 20
bitmap: 42 22
bitmap: 42 22
bitmap: 16 30
bitmap: 40 22
bitmap: 40 22
bitmap: 42 22
bitmap: 40 22
bitmap: 16 30
bitmap: 42 22
bitmap: 40 20
bitmap: 42 22
bitmap: 40 20
bitmap: 40 20
bitmap: 42 22
bitmap: 42 22
bitmap: 42 22
bitmap: 40 22
bitmap: 62 22
bitmap: 40 22
bitmap: 42 22
bitmap: 40 20
bitmap: 40 22
bitmap: 62 22
bitmap: 40 22
bitmap: 40 22
bitmap: 40 22
bitmap: 42 22
bitmap: 38 22
bitmap: 40 22
bitmap: 40 22
bitmap: 40 22
bitmap: 42 22
bitmap: 40 22
bitmap: 42 22
bitmap: 42 22
bitmap: 42 22
bitmap: 40 20
bitmap: 14 32
bitmap: 40 20
bitmap: 42 22
bitmap: 40 22
bitmap: 40 22
bitmap: 40 22
bitmap: 42 22
bitmap: 42 22
bitmap: 40 22
bitmap: 40 20
bitmap: 40 22
bitmap: 38 22
bitmap: 40 22
bitmap: 40 22
bitmap: 42 22
bitmap: 42 20
bitmap: 64 20
bitmap: 40 20
bitmap: 42 22
bitmap: 42 22
bitmap: 42 22
bitmap: 16 32
bitmap: 42 22
bitmap: 40 24
bitmap: 42 22
bitmap: 42 22
bitmap: 58 22
bitmap: 42 22
bitmap: 40 22
bitmap: 42 22
bitmap: 42 22
bitmap: 16 30
bitmap: 40 22
bitmap: 40 20
bitmap: 40 22
bitmap: 40 20
bitmap: 14 32
bitmap: 44 22
bitmap: 40 20
bitmap: 40 22
bitmap: 42 22
bitmap: 14 30
bitmap: 42 22
bitmap: 40 22
bitmap: 40 22
bitmap: 40 22
bitmap: 16 32
bitmap: 42 22
bitmap: 40 22
bitmap: 42 22
bitmap: 42 22
bitmap: 14 32
bitmap: 42 22
bitmap: 42 22
bitmap: 42 22
bitmap: 42 22
bitmap: 60 22
bitmap: 16 30
bitmap: 42 22
bitmap: 40 22
bitmap: 42 22
bitmap: 18 18
bitmap: 44 22
bitmap: 42 22
bitmap: 40 20
bitmap: 40 20
bitmap: 16 32
bitmap: 40 22
bitmap: 40 22
bitmap: 40 22
bitmap: 40 20
bitmap: 40 22
bitmap: 40 20
bitmap: 38 22
bitmap: 40 22
bitmap: 40 22
bitmap: 16 30
bitmap: 42 22
bitmap: 42 22
bitmap: 40 22
bitmap: 42 22
bitmap: 62 22
bitmap: 40 22
bitmap: 40 22
bitmap: 42 22
bitmap: 40 20
bitmap: 14 32
bitmap: 42 22
bitmap: 40 24
bitmap: 42 24
bitmap: 14 30
bitmap: 42 22
bitmap: 40 20
bitmap: 40 22
bitmap: 40 24
bitmap: 42 22
bitmap: 60 22
bitmap: 16 30
bitmap: 42 22
bitmap: 42 22
bitmap: 38 22
bitmap: 40 20
bitmap: 40 20
bitmap: 40 20
bitmap: 42 22
bitmap: 40 20
bitmap: 14 30
bitmap: 40 22
bitmap: 40 22
bitmap: 42 22
bitmap: 40 20
bitmap: 42 22
bitmap: 16 32
bitmap: 42 22
bitmap: 40 24
bitmap: 40 22
bitmap: 40 22
bitmap: 18 18
bitmap: 40 22
bitmap: 42 22
bitmap: 40 22
bitmap: 40 22
bitmap: 18 18
bitmap: 42 22
bitmap: 42 22
bitmap: 40 22
bitmap: 42 24
bitmap: 12 40
bitmap: 40 24
bitmap: 42 24
bitmap: 40 24
bitmap: 42 22
bitmap: 16 30
bitmap: 40 20
bitmap: 42 24
bitmap: 40 38
bitmap: 42 22
bitmap: 64 22
bitmap: 40 22
bitmap: 40 20
bitmap: 42 22
bitmap: 42 22
bitmap: 14 32
bitmap: 42 58
bitmap: 44 24
bitmap: 42 22
bitmap: 40 22
bitmap: 14 30
bitmap: 18 30
bitmap: 40 22
bitmap: 42 24
bitmap: 40 22
bitmap: 20 18
bitmap: 40 22
bitmap: 42 24
bitmap: 40 24
bitmap: 44 22
bitmap: 16 32
bitmap: 42 24
bitmap: 40 50
bitmap: 42 22
bitmap: 40 20
bitmap: 40 22
bitmap: 40 22
bitmap: 40 22
bitmap: 42 22
bitmap: 40 20
bitmap: 16 30
bitmap: 40 22
bitmap: 40 22
bitmap: 42 22
bitmap: 40 22
bitmap: 16 32
bitmap: 42 22
bitmap: 40 20
bitmap: 40 22
bitmap: 40 20
bitmap: 42 22
bitmap: 40 24
bitmap: 42 22
bitmap: 42 24
bitmap: 40 22
bitmap: 16 30
bitmap: 42 22
bitmap: 40 20
bitmap: 40 22
bitmap: 42 22
bitmap: 14 30
bitmap: 42 22
bitmap: 40 20
bitmap: 42 22
bitmap: 42 22
bitmap: 42 22
bitmap: 64 22
bitmap: 40 22
bitmap: 40 22
bitmap: 42 22
bitmap: 42 22
bitmap: 14 30
bitmap: 42 22
bitmap: 42 22
bitmap: 42 22
bitmap: 42 22
bitmap: 14 32
bitmap: 42 24
bitmap: 40 20
bitmap: 40 22
bitmap: 40 20
bitmap: 40 22
bitmap: 42 22
bitmap: 42 22
bitmap: 42 22
bitmap: 40 22
bitmap: 16 32
bitmap: 42 22
bitmap: 40 20
bitmap: 40 20
bitmap: 40 20
bitmap: 20 18
bitmap: 40 22
bitmap: 40 20
bitmap: 40 22
bitmap: 40 20
bitmap: 16 32
bitmap: 40 20
bitmap: 42 22
bitmap: 40 20
bitmap: 40 24
bitmap: 40 24
bitmap: 42 22
bitmap: 42 24
bitmap: 42 22
bitmap: 40 20
bitmap: 60 22
bitmap: 44 22
bitmap: 40 20
bitmap: 42 22
bitmap: 42 20
bitmap: 14 32
bitmap: 40 24
bitmap: 42 24
bitmap: 42 22
bitmap: 40 20
bitmap: 66 22
bitmap: 40 24
bitmap: 40 24
bitmap: 40 24
bitmap: 42 22
bitmap: 14 32
bitmap: 40 24
bitmap: 62 22
bitmap: 42 22
bitmap: 40 22
bitmap: 16 32
bitmap: 40 20
bitmap: 40 24
bitmap: 40 24
bitmap: 40 22
bitmap: 14 32
bitmap: 40 20
bitmap: 42 24
bitmap: 40 22
bitmap: 40 22
bitmap: 14 30
bitmap: 40 22
bitmap: 40 20
bitmap: 42 22
bitmap: 42 22
bitmap: 60 22
bitmap: 40 22
bitmap: 42 22
bitmap: 40 20
bitmap: 40 22
bitmap: 16 32
bitmap: 40 20
bitmap: 40 22
bitmap: 40 20
bitmap: 44 22
bitmap: 42 22
bitmap: 42 22
bitmap: 40 22
bitmap: 42 22
bitmap: 42 22
bitmap: 40 22
bitmap: 40 20
bitmap: 44 22
bitmap: 42 22
bitmap: 42 22
bitmap: 60 22
bitmap: 40 24
bitmap: 40 22
bitmap: 40 20
bitmap: 40 20
bitmap: 16 32
bitmap: 44 24
bitmap: 40 22
bitmap: 40 24
bitmap: 42 22
bitmap: 40 22
bitmap: 40 20
bitmap: 38 22
bitmap: 42 22
bitmap: 40 24
bitmap: 16 30
bitmap: 40 22
bitmap: 42 20
bitmap: 42 22
bitmap: 42 24
bitmap: 16 30
bitmap: 42 22
bitmap: 40 20
bitmap: 40 20
bitmap: 42 22
bitmap: 42 22
bitmap: 40 22
bitmap: 42 50
bitmap: 40 22
bitmap: 40 22
bitmap: 16 30
bitmap: 42 22
bitmap: 40 22
bitmap: 16 32
bitmap: 40 22
