bitmap: 62 74
bitmap: 46 22
bitmap: 60 22
bitmap: 46 22
bitmap: 36 22
bitmap: 34 20
bitmap: 36 18
bitmap: 14 32
bitmap: 14 18
bitmap: 16 32
bitmap: 34 24
bitmap: 38 22
bitmap: 34 24
bitmap: 14 34
bitmap: 14 34
bitmap: 14 34
bitmap: 38 24
bitmap: 14 30
bitmap: 36 22
bitmap: 14 34
bitmap: 16 58
bitmap: 34 24
bitmap: 16 34
bitmap: 36 22
bitmap: 14 34
bitmap: 34 24
bitmap: 16 40
bitmap: 14 34
bitmap: 16 40
bitmap: 14 34
bitmap: 38 20
bitmap: 34 22
bitmap: 44 20
bitmap: 60 22
bitmap: 36 20
bitmap: 16 18
bitmap: 34 56
bitmap: 36 20
bitmap: 36 22
bitmap: 34 22
bitmap: 36 20
bitmap: 14 18
bitmap: 14 16
bitmap: 38 20
bitmap: 16 14
bitmap: 36 20
bitmap: 14 16
bitmap: 36 18
bitmap: 36 18
bitmap: 36 20
bitmap: 14 16
bitmap: 36 20
bitmap: 16 38
bitmap: 36 20
bitmap: 62 22
bitmap: 16 16
bitmap: 14 36
bitmap: 16 34
bitmap: 36 22
bitmap: 16 16
bitmap: 36 60
bitmap: 16 36
bitmap: 14 32
bitmap: 16 16
bitmap: 16 34
bitmap: 36 24
bitmap: 36 18
bitmap: 36 20
bitmap: 36 24
bitmap: 36 20
bitmap: 16 18
bitmap: 34 20
bitmap: 36 18
bitmap: 16 34
bitmap: 36 20
bitmap: 16 18
bitmap: 36 20
bitmap: 18 32
bitmap: 16 20
bitmap: 16 20
bitmap: 14 32
bitmap: 38 20
bitmap: 34 22
bitmap: 16 16
bitmap: 16 20
bitmap: 14 50
bitmap: 34 20
bitmap: 36 20
bitmap: 16 16
bitmap: 68 20
bitmap: 14 18
bitmap: 14 36
bitmap: 20 20
bitmap: 14 16
bitmap: 16 14
bitmap: 36 24
bitmap: 34 22
bitmap: 36 20
bitmap: 16 14
bitmap: 36 24
bitmap: 34 20
bitmap: 36 22
bitmap: 14 18
bitmap: 16 18
bitmap: 14 16
bitmap: 36 20
bitmap: 16 16
bitmap: 14 38
bitmap: 34 22
bitmap: 38 18
bitmap: 36 18
bitmap: 36 20
bitmap: 16 16
bitmap: 16 36
bitmap: 14 16
bitmap: 36 22
bitmap: 14 30
bitmap: 16 36
bitmap: 36 24
bitmap: 16 18
bitmap: 18 22
bitmap: 36 20
bitmap: 36 20
bitmap: 36 20
bitmap: 16 16
bitmap: 16 16
bitmap: 38 24
bitmap: 14 18
bitmap: 34 20
bitmap: 36 20
bitmap: 12 18
bitmap: 16 16
bitmap: 36 20
bitmap: 14 34
bitmap: 36 20
bitmap: 16 16
bitmap: 36 22
bitmap: 38 18
bitmap: 16 14
bitmap: 36 18
bitmap: 34 20
bitmap: 36 20
bitmap: 12 18
bitmap: 38 22
bitmap: 16 16
bitmap: 16 16
bitmap: 34 20
bitmap: 36 18
bitmap: 14 32
bitmap: 36 18
bitmap: 36 24
bitmap: 36 24
bitmap: 16 16
bitmap: 38 18
bitmap: 36 20
bitmap: 34 22
bitmap: 36 20
bitmap: 16 32
bitmap: 36 20
bitmap: 38 20
bitmap: 14 12
bitmap: 36 20
bitmap: 14 18
bitmap: 16 14
bitmap: 34 20
bitmap: 14 32
bitmap: 14 16
bitmap: 38 20
bitmap: 16 14
bitmap: 14 34
bitmap: 14 18
bitmap: 14 20
bitmap: 36 20
bitmap: 16 16
bitmap: 38 20
bitmap: 14 30
bitmap: 36 20
bitmap: 38 22
bitmap: 14 50
bitmap: 16 18
bitmap: 36 22
bitmap: 14 18
bitmap: 16 32
bitmap: 14 22
bitmap: 36 20
bitmap: 14 36
bitmap: 34 20
bitmap: 36 20
bitmap: 36 22
bitmap: 36 20
bitmap: 14 18
bitmap: 36 20
bitmap: 14 34
bitmap: 38 22
bitmap: 16 20
bitmap: 36 22
bitmap: 36 20
bitmap: 36 20
bitmap: 34 20
bitmap: 16 16
bitmap: 14 30
bitmap: 36 20
bitmap: 14 36
bitmap: 34 20
bitmap: 14 16
bitmap: 14 14
bitmap: 36 20
bitmap: 16 16
bitmap: 36 20
bitmap: 14 36
bitmap: 50 22
bitmap: 34 24
bitmap: 34 60
bitmap: 36 24
bitmap: 36 20
bitmap: 36 20
bitmap: 16 16
bitmap: 38 20
bitmap: 36 20
bitmap: 36 20
bitmap: 38 22
bitmap: 16 16
bitmap: 36 20
bitmap: 36 18
bitmap: 40 20
bitmap: 14 18
bitmap: 36 20
bitmap: 36 18
bitmap: 36 40
bitmap: 16 32
bitmap: 34 22
bitmap: 12 32
bitmap: 16 34
bitmap: 14 14
bitmap: 36 20
bitmap: 36 24
bitmap: 34 24
bitmap: 36 22
bitmap: 36 22
bitmap: 16 18
bitmap: 14 18
bitmap: 36 20
bitmap: 34 20
bitmap: 36 20
bitmap: 36 38
bitmap: 16 18
bitmap: 14 20
bitmap: 38 20
bitmap: 36 24
bitmap: 36 24
bitmap: 36 20
bitmap: 36 18
bitmap: 36 22
bitmap: 14 20
bitmap: 36 20
bitmap: 36 22
bitmap: 16 16
bitmap: 34 20
bitmap: 18 18
bitmap: 34 20
bitmap: 38 48
bitmap: 14 16
bitmap: 36 20
bitmap: 36 20
bitmap: 36 24
bitmap: 36 22
bitmap: 34 68
bitmap: 14 16
bitmap: 36 20
bitmap: 34 20
bitmap: 14 16
bitmap: 16 20
bitmap: 36 20
bitmap: 16 36
bitmap: 34 22
bitmap: 34 20
bitmap: 16 40
bitmap: 36 24
bitmap: 14 16
bitmap: 36 20
bitmap: 36 20
bitmap: 38 20
bitmap: 36 20
bitmap: 14 34
bitmap: 36 22
bitmap: 36 20
bitmap: 36 18
bitmap: 16 16
bitmap: 14 18
bitmap: 14 20
bitmap: 38 22
bitmap: 34 20
bitmap: 16 46
bitmap: 34 24
bitmap: 36 20
bitmap: 14 20
bitmap: 12 20
bitmap: 16 12
bitmap: 14 16
bitmap: 36 20
bitmap: 36 18
bitmap: 14 36
bitmap: 34 22
bitmap: 14 18
bitmap: 36 18
bitmap: 36 24
bitmap: 16 36
bitmap: 38 22
bitmap: 36 20
bitmap: 36 24
bitmap: 36 18
bitmap: 36 22
bitmap: 36 20
bitmap: 16 40
bitmap: 36 20
bitmap: 16 34
bitmap: 36 22
bitmap: 16 34
bitmap: 14 20
bitmap: 38 22
bitmap: 36 22
bitmap: 36 20
bitmap: 14 18
bitmap: 38 24
bitmap: 36 20
bitmap: 36 24
bitmap: 34 20
bitmap: 38 18
bitmap: 36 22
bitmap: 16 32
bitmap: 14 16
bitmap: 16 16
bitmap: 38 22
bitmap: 36 20
bitmap: 16 32
bitmap: 36 20
bitmap: 36 22
bitmap: 14 38
bitmap: 76 26
bitmap: 48 26
bitmap: 16 16
bitmap: 16 16
bitmap: 16 18
bitmap: 16 16
bitmap: 36 20
bitmap: 14 14
bitmap: 16 18
bitmap: 36 22
bitmap: 16 30
bitmap: 16 16
bitmap: 12 18
bitmap: 36 20
bitmap: 38 18
bitmap: 36 22
bitmap: 34 24
bitmap: 34 24
bitmap: 36 20
bitmap: 36 18
bitmap: 36 20
bitmap: 16 16
bitmap: 38 20
bitmap: 34 20
bitmap: 14 16
bitmap: 14 36
bitmap: 14 14
bitmap: 36 24
bitmap: 36 20
bitmap: 40 24
bitmap: 36 20
bitmap: 14 18
bitmap: 14 12
bitmap: 36 20
bitmap: 36 20
bitmap: 16 36
bitmap: 14 18
bitmap: 14 18
bitmap: 14 18
bitmap: 16 32
bitmap: 36 20
bitmap: 36 20
bitmap: 16 18
bitmap: 14 20
bitmap: 16 18
bitmap: 36 20
bitmap: 14 16
bitmap: 14 46
bitmap: 38 20
bitmap: 16 20
bitmap: 14 18
bitmap: 14 16
bitmap: 38 24
bitmap: 36 20
bitmap: 36 20
bitmap: 16 18
bitmap: 36 20
bitmap: 36 20
bitmap: 40 20
bitmap: 36 22
bitmap: 16 18
bitmap: 36 22
bitmap: 16 16
bitmap: 16 18
bitmap: 14 16
bitmap: 12 22
bitmap: 16 36
bitmap: 18 18
bitmap: 34 20
bitmap: 16 18
bitmap: 16 32
bitmap: 14 16
bitmap: 16 32
bitmap: 14 18
bitmap: 36 20
bitmap: 36 24
bitmap: 14 16
bitmap: 36 20
bitmap: 38 22
bitmap: 16 18
bitmap: 14 18
bitmap: 14 18
bitmap: 36 22
bitmap: 14 18
bitmap: 16 16
bitmap: 16 16
bitmap: 36 22
bitmap: 16 16
bitmap: 16 32
bitmap: 16 20
bitmap: 16 16
bitmap: 36 20
bitmap: 14 34
bitmap: 14 14
bitmap: 38 18
bitmap: 16 12
bitmap: 36 22
bitmap: 36 20
bitmap: 14 18
bitmap: 36 18
bitmap: 34 20
bitmap: 18 32
bitmap: 36 22
bitmap: 36 22
bitmap: 36 20
bitmap: 16 18
bitmap: 16 184
bitmap: 16 22
bitmap: 12 16
bitmap: 36 20
bitmap: 14 34
bitmap: 16 36
bitmap: 12 32
bitmap: 14 30
bitmap: 34 22
bitmap: 16 16
bitmap: 14 18
bitmap: 36 20
bitmap: 16 18
bitmap: 36 18
bitmap: 36 20
bitmap: 16 36
bitmap: 36 20
bitmap: 34 20
bitmap: 36 22
bitmap: 16 52
bitmap: 36 20
bitmap: 14 36
bitmap: 36 18
bitmap: 16 16
bitmap: 38 52
bitmap: 36 20
bitmap: 14 20
bitmap: 16 18
bitmap: 36 24
bitmap: 16 38
bitmap: 36 22
bitmap: 36 22
bitmap: 36 24
bitmap: 16 36
bitmap: 36 22
bitmap: 16 34
bitmap: 16 16
bitmap: 36 24
bitmap: 16 34
bitmap: 16 14
bitmap: 14 32
bitmap: 16 14
bitmap: 14 32
bitmap: 14 32
bitmap: 36 22
bitmap: 38 24
bitmap: 16 34
bitmap: 18 22
bitmap: 36 20
bitmap: 16 14
bitmap: 38 22
bitmap: 34 20
bitmap: 36 20
bitmap: 36 20
bitmap: 16 36
bitmap: 16 16
bitmap: 14 18
bitmap: 16 16
bitmap: 36 20
bitmap: 16 14
bitmap: 36 22
bitmap: 16 14
bitmap: 14 20
bitmap: 36 24
bitmap: 14 36
bitmap: 38 20
bitmap: 16 16
bitmap: 36 20
bitmap: 36 20
bitmap: 12 40
bitmap: 14 20
bitmap: 36 20
bitmap: 36 20
bitmap: 14 18
bitmap: 34 20
bitmap: 34 20
bitmap: 12 18
bitmap: 14 16
bitmap: 14 34
bitmap: 36 20
bitmap: 14 30
bitmap: 36 20
bitmap: 38 20
bitmap: 14 32
bitmap: 36 22
bitmap: 14 18
bitmap: 36 20
bitmap: 16 16
bitmap: 14 18
bitmap: 38 22
bitmap: 36 22
bitmap: 36 24
bitmap: 34 22
bitmap: 16 18
bitmap: 36 20
bitmap: 36 20
bitmap: 14 22
bitmap: 36 20
bitmap: 14 36
bitmap: 16 36
bitmap: 14 16
bitmap: 36 24
bitmap: 16 14
bitmap: 36 22
bitmap: 34 22
bitmap: 16 36
bitmap: 34 22
bitmap: 36 22
bitmap: 16 18
bitmap: 36 20
bitmap: 36 20
bitmap: 12 18
bitmap: 36 20
bitmap: 14 18
bitmap: 36 18
bitmap: 36 20
bitmap: 16 14
bitmap: 38 22
bitmap: 36 20
bitmap: 36 20
bitmap: 36 22
bitmap: 14 20
bitmap: 40 20
bitmap: 36 20
bitmap: 34 20
bitmap: 36 20
bitmap: 16 34
bitmap: 38 22
bitmap: 36 22
bitmap: 34 22
bitmap: 14 16
bitmap: 34 20
bitmap: 14 20
bitmap: 16 22
bitmap: 34 20
bitmap: 14 34
bitmap: 36 22
bitmap: 34 24
bitmap: 16 18
bitmap: 16 34
bitmap: 36 22
bitmap: 36 20
bitmap: 36 20
bitmap: 36 24
bitmap: 16 14
bitmap: 16 48
bitmap: 36 20
bitmap: 16 16
bitmap: 14 18
bitmap: 40 20
bitmap: 16 18
bitmap: 34 24
bitmap: 16 36
bitmap: 14 16
bitmap: 38 20
bitmap: 36 18
bitmap: 36 24
bitmap: 16 16
bitmap: 36 20
bitmap: 36 20
bitmap: 14 16
bitmap: 14 14
bitmap: 36 24
bitmap: 36 20
bitmap: 14 16
bitmap: 36 22
bitmap: 14 18
bitmap: 14 18
bitmap: 64 20
bitmap: 14 16
bitmap: 14 30
bitmap: 36 22
bitmap: 34 20
bitmap: 38 20
bitmap: 14 16
bitmap: 36 22
bitmap: 14 18
bitmap: 38 20
bitmap: 34 22
bitmap: 36 18
bitmap: 34 22
bitmap: 36 20
bitmap: 14 14
bitmap: 18 20
bitmap: 36 24
bitmap: 18 32
bitmap: 36 22
bitmap: 16 20
bitmap: 14 18
bitmap: 36 22
bitmap: 14 16
bitmap: 34 20
bitmap: 14 36
bitmap: 14 16
bitmap: 36 20
bitmap: 36 22
bitmap: 16 16
bitmap: 16 22
bitmap: 16 16
bitmap: 70 24
bitmap: 14 38
bitmap: 36 24
bitmap: 36 24
bitmap: 38 20
bitmap: 14 18
bitmap: 36 20
bitmap: 14 20
bitmap: 16 18
bitmap: 36 20
bitmap: 36 20
bitmap: 36 20
bitmap: 14 36
bitmap: 14 20
bitmap: 34 22
bitmap: 38 20
bitmap: 40 20
bitmap: 36 20
bitmap: 36 20
bitmap: 38 18
bitmap: 16 18
bitmap: 36 20
bitmap: 36 20
bitmap: 14 36
bitmap: 36 20
bitmap: 36 42
bitmap: 38 18
bitmap: 36 20
bitmap: 16 20
bitmap: 36 22
bitmap: 36 22
bitmap: 36 24
bitmap: 36 20
bitmap: 16 16
bitmap: 14 18
bitmap: 36 24
bitmap: 14 18
bitmap: 36 20
bitmap: 16 16
bitmap: 36 20
bitmap: 16 30
bitmap: 14 22
bitmap: 38 22
bitmap: 14 14
bitmap: 36 18
bitmap: 36 20
bitmap: 38 24
bitmap: 14 18
bitmap: 36 20
bitmap: 38 22
bitmap: 16 16
bitmap: 14 16
bitmap: 36 20
bitmap: 36 22
bitmap: 36 22
bitmap: 14 16
bitmap: 14 32
bitmap: 16 32
bitmap: 18 16
bitmap: 16 16
bitmap: 14 16
bitmap: 16 52
bitmap: 16 18
bitmap: 14 14
bitmap: 16 32
bitmap: 14 34
bitmap: 16 16
bitmap: 36 20
bitmap: 14 16
bitmap: 14 18
bitmap: 14 20
bitmap: 14 16
bitmap: 40 20
bitmap: 38 18
bitmap: 16 14
bitmap: 14 32
bitmap: 16 30
bitmap: 16 38
bitmap: 36 22
bitmap: 38 24
bitmap: 34 20
bitmap: 36 24
bitmap: 36 22
bitmap: 36 24
bitmap: 18 20
bitmap: 36 20
bitmap: 18 18
bitmap: 38 20
bitmap: 14 38
bitmap: 14 18
bitmap: 16 16
bitmap: 38 20
bitmap: 40 22
bitmap: 12 18
bitmap: 14 18
bitmap: 36 20
bitmap: 36 20
bitmap: 14 20
bitmap: 14 18
bitmap: 36 24
bitmap: 38 18
bitmap: 14 18
bitmap: 14 18
bitmap: 12 32
bitmap: 16 20
bitmap: 16 18
bitmap: 14 34
bitmap: 38 18
bitmap: 14 34
bitmap: 16 18
bitmap: 14 20
bitmap: 16 16
bitmap: 14 34
bitmap: 14 32
bitmap: 18 20
bitmap: 36 20
bitmap: 18 20
bitmap: 36 20
bitmap: 16 40
bitmap: 36 20
bitmap: 14 40
bitmap: 36 20
bitmap: 14 22
bitmap: 14 34
bitmap: 16 14
bitmap: 16 36
bitmap: 16 16
bitmap: 36 18
bitmap: 38 20
bitmap: 38 22
bitmap: 38 24
bitmap: 36 24
bitmap: 40 20
bitmap: 14 18
bitmap: 34 20
bitmap: 14 18
bitmap: 38 24
bitmap: 16 38
bitmap: 16 18
bitmap: 34 22
bitmap: 36 20
bitmap: 16 20
bitmap: 16 18
bitmap: 34 20
bitmap: 34 20
bitmap: 36 18
bitmap: 36 18
bitmap: 12 34
bitmap: 34 24
bitmap: 14 18
bitmap: 16 14
bitmap: 36 22
bitmap: 16 18
bitmap: 14 36
bitmap: 36 24
bitmap: 36 20
bitmap: 18 22
bitmap: 14 18
bitmap: 36 20
bitmap: 14 34
bitmap: 36 20
bitmap: 36 20
bitmap: 34 22
bitmap: 38 22
bitmap: 34 20
bitmap: 16 18
bitmap: 14 16
bitmap: 36 20
bitmap: 36 22
bitmap: 36 54
bitmap: 36 22
bitmap: 36 18
bitmap: 36 20
bitmap: 36 20
bitmap: 14 22
bitmap: 16 16
bitmap: 38 20
bitmap: 14 42
bitmap: 36 22
bitmap: 14 34
bitmap: 14 18
bitmap: 36 20
bitmap: 16 34
bitmap: 12 18
bitmap: 14 22
bitmap: 14 44
bitmap: 36 20
bitmap: 38 20
bitmap: 38 22
bitmap: 14 16
bitmap: 14 18
bitmap: 36 22
bitmap: 36 20
bitmap: 16 36
bitmap: 36 26
bitmap: 36 22
bitmap: 18 20
bitmap: 36 20
bitmap: 36 20
bitmap: 34 20
bitmap: 34 22
bitmap: 16 16
bitmap: 36 20
bitmap: 36 20
bitmap: 34 22
bitmap: 36 20
bitmap: 18 16
bitmap: 36 20
bitmap: 14 16
bitmap: 16 46
bitmap: 14 22
bitmap: 36 22
bitmap: 14 20
bitmap: 36 20
bitmap: 36 20
bitmap: 14 18
bitmap: 38 20
bitmap: 14 48
bitmap: 36 24
bitmap: 60 22
bitmap: 36 20
bitmap: 38 22
bitmap: 36 22
bitmap: 16 18
bitmap: 34 20
bitmap: 16 30
bitmap: 16 36
bitmap: 38 20
bitmap: 34 22
bitmap: 14 18
bitmap: 38 22
bitmap: 36 18
bitmap: 14 18
bitmap: 14 16
bitmap: 16 16
bitmap: 36 20
bitmap: 36 18
bitmap: 16 16
bitmap: 16 38
bitmap: 14 18
bitmap: 36 20
bitmap: 36 20
bitmap: 36 20
bitmap: 14 14
bitmap: 34 22
bitmap: 18 18
bitmap: 38 20
bitmap: 36 22
bitmap: 36 20
bitmap: 34 20
bitmap: 36 20
bitmap: 36 24
bitmap: 36 22
bitmap: 14 16
bitmap: 38 20
bitmap: 14 16
bitmap: 36 22
bitmap: 36 20
bitmap: 38 22
bitmap: 34 22
bitmap: 14 20
bitmap: 16 34
bitmap: 36 20
bitmap: 14 32
bitmap: 36 18
bitmap: 36 20
bitmap: 36 20
bitmap: 14 16
bitmap: 16 18
bitmap: 34 20
bitmap: 16 16
bitmap: 16 14
bitmap: 36 24
bitmap: 16 16
bitmap: 14 16
bitmap: 14 16
bitmap: 36 20
bitmap: 16 18
bitmap: 16 32
bitmap: 36 24
bitmap: 36 20
bitmap: 16 18
bitmap: 36 22
bitmap: 34 22
bitmap: 34 24
bitmap: 36 20
bitmap: 16 16
bitmap: 36 18
bitmap: 14 18
bitmap: 16 16
bitmap: 14 36
bitmap: 36 20
bitmap: 14 20
bitmap: 36 20
bitmap: 14 16
bitmap: 16 34
bitmap: 14 20
bitmap: 36 22
bitmap: 14 16
bitmap: 38 20
bitmap: 34 20
bitmap: 36 20
bitmap: 16 16
bitmap: 34 20
bitmap: 14 20
bitmap: 34 20
bitmap: 14 20
bitmap: 36 20
bitmap: 36 20
bitmap: 14 16
bitmap: 18 18
bitmap: 16 14
bitmap: 16 16
bitmap: 34 20
bitmap: 16 32
bitmap: 40 22
bitmap: 14 18
bitmap: 14 32
bitmap: 38 22
bitmap: 12 30
bitmap: 16 16
bitmap: 16 34
bitmap: 36 20
bitmap: 14 34
bitmap: 12 14
bitmap: 14 18
bitmap: 36 18
bitmap: 14 32
bitmap: 36 20
bitmap: 38 22
bitmap: 34 22
bitmap: 14 34
bitmap: 38 18
bitmap: 14 16
bitmap: 36 20
bitmap: 38 22
bitmap: 36 20
bitmap: 36 52
bitmap: 36 20
bitmap: 36 18
bitmap: 36 20
bitmap: 14 32
bitmap: 16 34
bitmap: 36 22
bitmap: 14 18
bitmap: 14 52
bitmap: 14 32
bitmap: 36 20
bitmap: 16 16
bitmap: 36 20
bitmap: 16 16
bitmap: 14 18
bitmap: 38 20
bitmap: 36 20
bitmap: 36 20
bitmap: 36 24
bitmap: 36 18
