bitmap: 62 66
bitmap: 44 24
bitmap: 34 20
bitmap: 14 36
bitmap: 38 20
bitmap: 34 20
bitmap: 36 18
bitmap: 36 18
bitmap: 58 24
bitmap: 64 24
bitmap: 58 24
bitmap: 16 34
bitmap: 36 22
bitmap: 36 20
bitmap: 40 20
bitmap: 36 20
bitmap: 36 20
bitmap: 36 20
bitmap: 36 20
bitmap: 16 34
bitmap: 36 22
bitmap: 36 24
bitmap: 16 16
bitmap: 36 22
bitmap: 40 26
bitmap: 36 20
bitmap: 36 24
bitmap: 36 18
bitmap: 38 50
bitmap: 16 34
bitmap: 16 34
bitmap: 40 24
bitmap: 36 20
bitmap: 38 18
bitmap: 16 32
bitmap: 14 18
bitmap: 16 52
bitmap: 36 22
bitmap: 36 22
bitmap: 18 22
bitmap: 36 20
bitmap: 36 20
bitmap: 14 36
bitmap: 36 20
bitmap: 18 34
bitmap: 36 20
bitmap: 18 34
bitmap: 16 16
bitmap: 16 32
bitmap: 36 22
bitmap: 16 32
bitmap: 38 20
bitmap: 36 20
bitmap: 38 20
bitmap: 18 20
bitmap: 36 20
bitmap: 36 22
bitmap: 36 22
bitmap: 34 22
bitmap: 38 18
bitmap: 14 18
bitmap: 38 20
bitmap: 38 18
bitmap: 38 18
bitmap: 38 20
bitmap: 36 20
bitmap: 36 20
bitmap: 16 32
bitmap: 54 20
bitmap: 36 18
bitmap: 36 24
bitmap: 16 20
bitmap: 36 20
bitmap: 36 20
bitmap: 14 18
bitmap: 36 22
bitmap: 36 20
bitmap: 36 20
bitmap: 38 22
bitmap: 36 20
bitmap: 12 14
bitmap: 36 22
bitmap: 14 18
bitmap: 14 34
bitmap: 36 24
bitmap: 16 16
bitmap: 38 22
bitmap: 36 20
bitmap: 16 52
bitmap: 16 14
bitmap: 36 22
bitmap: 36 20
bitmap: 16 16
bitmap: 36 20
bitmap: 38 18
bitmap: 20 18
bitmap: 36 20
bitmap: 14 34
bitmap: 16 18
bitmap: 38 22
bitmap: 36 20
bitmap: 16 34
bitmap: 36 20
bitmap: 36 22
bitmap: 38 20
bitmap: 36 22
bitmap: 36 20
bitmap: 16 16
bitmap: 38 20
bitmap: 36 22
bitmap: 38 18
bitmap: 18 18
bitmap: 14 34
bitmap: 38 26
bitmap: 36 20
bitmap: 16 18
bitmap: 36 20
bitmap: 38 20
bitmap: 36 20
bitmap: 36 20
bitmap: 16 16
bitmap: 14 34
bitmap: 36 24
bitmap: 16 32
bitmap: 38 22
bitmap: 16 16
bitmap: 38 24
bitmap: 18 36
bitmap: 14 32
bitmap: 36 20
bitmap: 36 20
bitmap: 36 20
bitmap: 36 20
bitmap: 36 20
bitmap: 36 24
bitmap: 14 32
bitmap: 36 24
bitmap: 38 20
bitmap: 36 18
bitmap: 38 20
bitmap: 38 20
bitmap: 16 30
bitmap: 16 32
bitmap: 16 32
bitmap: 36 20
bitmap: 14 22
bitmap: 38 20
bitmap: 14 16
bitmap: 36 20
bitmap: 38 22
bitmap: 36 20
bitmap: 36 24
bitmap: 38 20
bitmap: 36 20
bitmap: 38 18
bitmap: 16 36
bitmap: 16 36
bitmap: 36 20
bitmap: 36 22
bitmap: 40 20
bitmap: 36 22
bitmap: 14 32
bitmap: 18 18
bitmap: 40 20
bitmap: 36 20
bitmap: 38 22
bitmap: 36 22
bitmap: 36 24
bitmap: 14 16
bitmap: 18 16
bitmap: 38 22
bitmap: 36 18
bitmap: 18 16
bitmap: 16 32
bitmap: 38 22
bitmap: 16 14
bitmap: 14 14
bitmap: 12 32
bitmap: 18 20
bitmap: 36 20
bitmap: 38 20
bitmap: 16 34
bitmap: 36 20
bitmap: 36 20
bitmap: 14 16
bitmap: 14 34
bitmap: 38 20
bitmap: 36 24
bitmap: 16 38
bitmap: 16 32
bitmap: 16 36
bitmap: 38 20
bitmap: 16 32
bitmap: 16 14
bitmap: 36 20
bitmap: 14 32
bitmap: 36 22
bitmap: 36 20
bitmap: 14 34
bitmap: 38 18
bitmap: 36 24
bitmap: 18 34
bitmap: 16 32
bitmap: 14 34
bitmap: 18 20
bitmap: 36 22
bitmap: 36 24
bitmap: 38 24
bitmap: 42 20
bitmap: 36 20
bitmap: 16 16
bitmap: 36 20
bitmap: 36 18
bitmap: 36 20
bitmap: 36 20
bitmap: 14 34
bitmap: 16 32
bitmap: 38 20
bitmap: 14 32
bitmap: 14 34
bitmap: 36 24
bitmap: 16 32
bitmap: 16 32
bitmap: 36 24
bitmap: 38 18
bitmap: 36 20
bitmap: 16 34
bitmap: 16 32
bitmap: 14 32
bitmap: 38 22
bitmap: 38 20
bitmap: 14 32
bitmap: 14 14
bitmap: 16 22
bitmap: 16 16
bitmap: 38 20
bitmap: 36 20
bitmap: 16 32
bitmap: 14 32
bitmap: 14 36
bitmap: 16 34
bitmap: 36 20
bitmap: 16 32
bitmap: 16 32
bitmap: 14 36
bitmap: 16 30
bitmap: 16 34
bitmap: 36 20
bitmap: 14 36
bitmap: 38 20
bitmap: 14 36
bitmap: 36 24
bitmap: 16 32
bitmap: 38 20
bitmap: 36 18
bitmap: 36 24
bitmap: 38 22
bitmap: 16 32
bitmap: 16 48
bitmap: 14 32
bitmap: 14 18
bitmap: 14 32
bitmap: 14 32
bitmap: 16 32
bitmap: 14 16
bitmap: 16 14
bitmap: 36 18
bitmap: 36 20
bitmap: 38 20
bitmap: 20 22
bitmap: 16 14
bitmap: 36 20
bitmap: 38 22
bitmap: 38 18
bitmap: 14 32
bitmap: 16 36
bitmap: 36 24
bitmap: 36 20
bitmap: 16 48
bitmap: 16 32
bitmap: 16 16
bitmap: 36 18
bitmap: 14 16
bitmap: 36 18
bitmap: 16 16
bitmap: 16 32
bitmap: 14 16
bitmap: 36 20
bitmap: 14 14
bitmap: 14 36
bitmap: 38 22
bitmap: 36 20
bitmap: 36 20
bitmap: 14 34
bitmap: 38 20
bitmap: 16 16
bitmap: 16 34
bitmap: 18 18
bitmap: 54 20
bitmap: 38 18
bitmap: 16 16
bitmap: 16 14
bitmap: 36 20
bitmap: 36 20
bitmap: 14 14
bitmap: 38 20
bitmap: 38 18
bitmap: 16 32
bitmap: 36 20
bitmap: 34 22
bitmap: 36 20
bitmap: 36 20
bitmap: 36 22
bitmap: 36 20
bitmap: 36 20
bitmap: 36 24
bitmap: 16 38
bitmap: 14 18
bitmap: 38 20
bitmap: 16 36
bitmap: 36 20
bitmap: 36 20
bitmap: 38 20
bitmap: 36 20
bitmap: 38 20
bitmap: 14 32
bitmap: 38 22
bitmap: 36 22
bitmap: 36 20
bitmap: 36 26
bitmap: 16 32
bitmap: 36 20
bitmap: 36 22
bitmap: 16 50
bitmap: 36 20
bitmap: 36 20
bitmap: 36 20
bitmap: 16 34
bitmap: 14 16
bitmap: 36 20
bitmap: 16 34
bitmap: 14 32
bitmap: 36 20
bitmap: 60 22
bitmap: 80 22
bitmap: 36 20
bitmap: 36 20
bitmap: 36 20
bitmap: 36 20
bitmap: 18 52
bitmap: 16 16
bitmap: 38 20
bitmap: 16 32
bitmap: 36 20
bitmap: 36 20
bitmap: 14 18
bitmap: 14 16
bitmap: 16 20
bitmap: 36 20
bitmap: 40 18
bitmap: 16 34
bitmap: 36 22
bitmap: 36 24
bitmap: 36 20
bitmap: 14 18
bitmap: 36 22
bitmap: 36 24
bitmap: 36 20
bitmap: 36 22
bitmap: 36 20
bitmap: 18 16
bitmap: 16 18
bitmap: 36 18
bitmap: 38 22
bitmap: 36 20
bitmap: 36 24
bitmap: 36 24
bitmap: 38 24
bitmap: 14 16
bitmap: 36 24
bitmap: 36 20
bitmap: 36 20
bitmap: 36 20
bitmap: 16 34
bitmap: 38 24
bitmap: 38 20
bitmap: 16 34
bitmap: 38 18
bitmap: 14 18
bitmap: 16 32
bitmap: 36 20
bitmap: 36 20
bitmap: 16 14
bitmap: 36 20
bitmap: 36 20
bitmap: 36 18
bitmap: 36 20
bitmap: 16 18
bitmap: 36 22
bitmap: 40 20
bitmap: 14 18
bitmap: 36 18
bitmap: 16 36
bitmap: 18 16
bitmap: 38 22
bitmap: 36 20
bitmap: 36 20
bitmap: 36 20
bitmap: 38 22
bitmap: 36 26
bitmap: 14 18
bitmap: 16 34
bitmap: 34 50
bitmap: 16 38
bitmap: 16 16
bitmap: 16 34
bitmap: 36 20
bitmap: 38 22
bitmap: 14 30
bitmap: 36 20
bitmap: 14 22
bitmap: 48 22
bitmap: 38 20
bitmap: 16 30
bitmap: 14 50
bitmap: 14 16
bitmap: 38 20
bitmap: 36 20
bitmap: 18 18
bitmap: 36 22
bitmap: 38 22
bitmap: 42 20
bitmap: 14 34
bitmap: 16 34
bitmap: 36 20
bitmap: 36 22
bitmap: 38 20
bitmap: 38 24
bitmap: 14 30
bitmap: 14 16
bitmap: 16 14
bitmap: 38 24
bitmap: 38 22
bitmap: 16 34
bitmap: 18 60
bitmap: 40 22
bitmap: 36 22
bitmap: 36 24
bitmap: 14 14
bitmap: 36 24
bitmap: 16 20
bitmap: 14 34
bitmap: 38 22
bitmap: 36 26
bitmap: 16 16
bitmap: 14 16
bitmap: 34 24
bitmap: 38 24
bitmap: 16 18
bitmap: 36 20
bitmap: 36 20
bitmap: 38 18
bitmap: 36 18
bitmap: 18 16
bitmap: 34 24
bitmap: 36 18
bitmap: 14 16
bitmap: 14 34
bitmap: 36 20
bitmap: 38 22
bitmap: 36 22
bitmap: 16 34
bitmap: 38 22
bitmap: 36 24
bitmap: 36 20
bitmap: 34 24
bitmap: 42 22
bitmap: 16 16
bitmap: 16 16
bitmap: 18 18
bitmap: 36 22
bitmap: 36 20
bitmap: 36 20
bitmap: 36 20
bitmap: 36 20
bitmap: 36 18
bitmap: 36 20
bitmap: 36 20
bitmap: 14 32
bitmap: 36 20
bitmap: 38 20
bitmap: 38 18
bitmap: 36 40
bitmap: 36 34
bitmap: 36 20
bitmap: 14 14
bitmap: 20 16
bitmap: 36 20
bitmap: 36 20
bitmap: 16 16
bitmap: 36 40
bitmap: 16 32
bitmap: 36 24
bitmap: 16 14
bitmap: 36 20
bitmap: 16 16
bitmap: 16 16
bitmap: 36 24
bitmap: 18 50
bitmap: 36 20
bitmap: 36 20
bitmap: 18 18
bitmap: 16 14
bitmap: 18 18
bitmap: 14 36
bitmap: 36 22
bitmap: 16 46
bitmap: 36 24
bitmap: 36 22
bitmap: 36 22
bitmap: 36 22
bitmap: 36 18
bitmap: 36 18
bitmap: 16 36
bitmap: 36 24
bitmap: 16 32
bitmap: 16 32
bitmap: 16 14
bitmap: 16 14
bitmap: 36 26
bitmap: 36 20
bitmap: 16 16
bitmap: 36 22
bitmap: 38 22
bitmap: 36 20
bitmap: 16 32
bitmap: 38 20
bitmap: 14 38
bitmap: 36 24
bitmap: 16 18
bitmap: 18 18
bitmap: 36 22
bitmap: 16 12
bitmap: 42 18
bitmap: 36 22
bitmap: 16 16
bitmap: 38 20
bitmap: 16 20
bitmap: 38 18
bitmap: 36 18
bitmap: 38 20
bitmap: 38 20
bitmap: 38 20
bitmap: 36 20
bitmap: 36 20
bitmap: 16 32
bitmap: 14 30
bitmap: 14 18
bitmap: 36 24
bitmap: 38 24
bitmap: 36 20
bitmap: 16 32
bitmap: 36 20
bitmap: 14 16
bitmap: 36 20
bitmap: 36 22
bitmap: 36 22
bitmap: 36 20
bitmap: 16 14
bitmap: 36 20
bitmap: 16 16
bitmap: 18 36
bitmap: 76 20
bitmap: 36 24
bitmap: 38 18
bitmap: 36 20
bitmap: 14 34
bitmap: 38 18
bitmap: 42 24
bitmap: 36 20
bitmap: 14 36
bitmap: 36 20
bitmap: 36 22
bitmap: 36 20
bitmap: 14 14
bitmap: 36 20
bitmap: 38 20
bitmap: 16 32
bitmap: 18 18
bitmap: 14 18
bitmap: 16 36
bitmap: 38 20
bitmap: 36 22
bitmap: 16 18
bitmap: 16 36
bitmap: 36 22
bitmap: 16 14
bitmap: 16 16
bitmap: 34 22
bitmap: 36 20
bitmap: 14 62
bitmap: 36 20
bitmap: 36 22
bitmap: 16 34
bitmap: 14 16
bitmap: 16 32
bitmap: 36 20
bitmap: 16 20
bitmap: 36 20
bitmap: 38 18
bitmap: 16 18
bitmap: 36 24
bitmap: 36 24
bitmap: 36 18
bitmap: 18 20
bitmap: 36 22
bitmap: 36 22
bitmap: 36 24
bitmap: 38 20
bitmap: 18 34
bitmap: 38 20
bitmap: 38 18
bitmap: 16 34
bitmap: 36 22
bitmap: 36 18
bitmap: 36 20
bitmap: 36 20
bitmap: 16 16
bitmap: 14 18
bitmap: 16 50
bitmap: 14 16
bitmap: 40 20
bitmap: 38 20
bitmap: 14 16
bitmap: 16 34
bitmap: 36 24
bitmap: 36 24
bitmap: 36 20
bitmap: 36 20
bitmap: 36 24
bitmap: 36 20
bitmap: 36 22
bitmap: 36 20
bitmap: 36 20
bitmap: 38 20
bitmap: 14 34
bitmap: 36 20
bitmap: 38 22
bitmap: 18 50
bitmap: 36 24
bitmap: 16 18
bitmap: 16 32
bitmap: 16 32
bitmap: 18 20
bitmap: 36 20
bitmap: 36 20
bitmap: 36 22
bitmap: 16 14
bitmap: 12 18
bitmap: 16 16
bitmap: 16 14
bitmap: 36 22
bitmap: 14 16
bitmap: 36 24
bitmap: 14 16
bitmap: 36 22
bitmap: 16 36
bitmap: 36 22
bitmap: 16 36
bitmap: 16 16
bitmap: 36 24
bitmap: 38 22
bitmap: 38 22
bitmap: 16 18
bitmap: 14 16
bitmap: 16 16
bitmap: 38 26
bitmap: 38 20
bitmap: 36 20
bitmap: 38 20
bitmap: 36 20
bitmap: 36 18
bitmap: 14 16
bitmap: 34 24
bitmap: 36 20
bitmap: 36 20
bitmap: 16 32
bitmap: 16 16
bitmap: 14 14
bitmap: 16 32
bitmap: 36 22
bitmap: 16 16
bitmap: 36 20
bitmap: 38 20
bitmap: 36 18
bitmap: 14 32
bitmap: 36 24
bitmap: 38 20
bitmap: 36 20
bitmap: 16 14
bitmap: 16 32
bitmap: 14 32
bitmap: 14 16
bitmap: 38 20
bitmap: 12 32
bitmap: 36 20
bitmap: 36 20
bitmap: 36 20
bitmap: 36 20
bitmap: 38 20
bitmap: 36 24
bitmap: 36 20
bitmap: 16 14
bitmap: 38 18
bitmap: 36 18
bitmap: 16 16
bitmap: 38 20
bitmap: 16 34
bitmap: 14 34
bitmap: 36 20
bitmap: 38 20
bitmap: 34 24
bitmap: 16 36
bitmap: 16 16
bitmap: 36 24
bitmap: 16 32
bitmap: 36 24
bitmap: 36 22
bitmap: 16 16
bitmap: 38 20
bitmap: 38 24
bitmap: 36 20
bitmap: 14 16
bitmap: 36 22
bitmap: 40 20
bitmap: 38 20
bitmap: 14 34
bitmap: 36 24
bitmap: 36 24
bitmap: 12 32
bitmap: 36 22
bitmap: 16 30
bitmap: 36 20
bitmap: 14 32
bitmap: 14 34
bitmap: 16 18
bitmap: 36 20
bitmap: 36 20
bitmap: 38 20
bitmap: 16 16
bitmap: 14 14
bitmap: 16 14
bitmap: 38 20
bitmap: 36 24
bitmap: 14 32
bitmap: 16 34
bitmap: 36 18
bitmap: 14 34
bitmap: 36 24
bitmap: 36 18
bitmap: 16 16
bitmap: 38 18
bitmap: 36 20
bitmap: 36 20
bitmap: 38 18
bitmap: 36 20
bitmap: 36 24
bitmap: 36 22
bitmap: 36 22
bitmap: 36 20
bitmap: 16 16
bitmap: 16 50
bitmap: 38 20
bitmap: 36 20
bitmap: 14 34
bitmap: 16 16
bitmap: 36 18
bitmap: 14 32
bitmap: 36 20
bitmap: 38 20
bitmap: 36 22
bitmap: 18 16
bitmap: 14 36
bitmap: 16 16
bitmap: 14 14
bitmap: 36 20
bitmap: 36 20
bitmap: 16 14
bitmap: 36 20
bitmap: 36 22
bitmap: 38 20
bitmap: 36 20
bitmap: 36 20
bitmap: 16 30
bitmap: 40 24
bitmap: 14 16
bitmap: 36 20
bitmap: 36 20
bitmap: 36 24
bitmap: 14 16
bitmap: 36 20
bitmap: 18 24
bitmap: 38 18
bitmap: 36 20
bitmap: 14 16
bitmap: 36 26
bitmap: 16 18
bitmap: 18 32
bitmap: 16 32
bitmap: 16 16
bitmap: 36 22
bitmap: 14 18
bitmap: 38 18
bitmap: 40 20
bitmap: 36 20
bitmap: 14 34
bitmap: 16 14
bitmap: 16 32
bitmap: 38 18
bitmap: 16 36
bitmap: 36 20
bitmap: 16 52
bitmap: 18 16
bitmap: 36 24
bitmap: 36 22
bitmap: 16 22
bitmap: 36 20
bitmap: 16 14
bitmap: 14 16
bitmap: 16 16
bitmap: 36 26
bitmap: 36 22
bitmap: 36 22
bitmap: 16 32
bitmap: 18 18
bitmap: 36 20
bitmap: 14 18
bitmap: 14 36
bitmap: 14 34
bitmap: 16 34
bitmap: 36 22
bitmap: 16 16
bitmap: 14 18
bitmap: 20 18
bitmap: 38 20
bitmap: 16 32
bitmap: 16 18
bitmap: 14 16
bitmap: 36 20
bitmap: 16 18
bitmap: 36 20
bitmap: 36 20
bitmap: 14 16
bitmap: 16 32
bitmap: 16 34
bitmap: 16 34
bitmap: 36 20
bitmap: 36 24
bitmap: 36 20
bitmap: 36 22
bitmap: 36 20
bitmap: 14 38
bitmap: 16 32
bitmap: 38 22
bitmap: 36 20
bitmap: 36 20
bitmap: 38 18
bitmap: 16 16
bitmap: 16 32
bitmap: 36 24
bitmap: 36 18
bitmap: 36 20
bitmap: 14 16
bitmap: 36 20
bitmap: 36 22
bitmap: 14 18
bitmap: 38 20
bitmap: 18 18
bitmap: 36 20
bitmap: 36 20
bitmap: 14 14
bitmap: 18 16
bitmap: 36 20
bitmap: 14 32
bitmap: 14 38
bitmap: 36 20
bitmap: 14 16
bitmap: 14 36
bitmap: 40 20
bitmap: 38 18
bitmap: 14 16
bitmap: 14 16
bitmap: 16 30
bitmap: 20 22
bitmap: 36 20
bitmap: 16 36
bitmap: 36 24
bitmap: 16 32
bitmap: 16 16
bitmap: 36 22
bitmap: 16 54
bitmap: 36 24
bitmap: 16 34
bitmap: 16 16
bitmap: 36 24
bitmap: 38 24
bitmap: 36 20
bitmap: 16 32
bitmap: 20 46
bitmap: 16 34
bitmap: 14 16
bitmap: 16 32
bitmap: 36 22
bitmap: 36 20
bitmap: 36 20
bitmap: 36 24
bitmap: 16 18
bitmap: 18 16
bitmap: 16 18
bitmap: 16 16
bitmap: 36 24
bitmap: 36 20
bitmap: 38 18
bitmap: 38 18
bitmap: 14 32
bitmap: 14 16
bitmap: 36 20
bitmap: 36 22
bitmap: 38 20
bitmap: 16 18
bitmap: 36 20
bitmap: 16 16
bitmap: 14 16
bitmap: 16 32
bitmap: 16 18
bitmap: 38 24
bitmap: 36 20
bitmap: 36 18
bitmap: 14 12
bitmap: 36 18
bitmap: 18 14
bitmap: 36 24
bitmap: 20 18
bitmap: 36 22
bitmap: 38 22
bitmap: 16 16
bitmap: 36 20
bitmap: 34 22
bitmap: 14 32
bitmap: 36 22
bitmap: 16 16
bitmap: 36 22
bitmap: 14 16
bitmap: 36 22
bitmap: 14 20
bitmap: 36 24
bitmap: 36 24
bitmap: 16 16
bitmap: 36 20
bitmap: 40 20
bitmap: 36 20
bitmap: 36 24
bitmap: 18 18
bitmap: 16 16
bitmap: 36 20
bitmap: 18 30
bitmap: 36 22
bitmap: 38 18
bitmap: 36 22
bitmap: 36 24
bitmap: 36 20
bitmap: 14 18
bitmap: 38 20
bitmap: 16 16
bitmap: 36 20
bitmap: 36 20
bitmap: 54 20
bitmap: 36 22
bitmap: 14 16
bitmap: 38 18
bitmap: 14 42
bitmap: 36 20
bitmap: 36 22
bitmap: 14 16
bitmap: 36 20
bitmap: 16 16
bitmap: 36 20
bitmap: 36 24
bitmap: 12 60
bitmap: 38 20
bitmap: 36 22
bitmap: 38 20
bitmap: 36 22
bitmap: 14 16
bitmap: 14 16
bitmap: 16 32
bitmap: 14 18
bitmap: 36 22
bitmap: 36 20
bitmap: 16 16
