bitmap: 104
bitmap: 70
bitmap: 68
bitmap: 68
bitmap: 74
bitmap: 68
bitmap: 72
bitmap: 66
bitmap: 64
bitmap: 62
bitmap: 62
bitmap: 66
bitmap: 64
bitmap: 66
bitmap: 70
bitmap: 64
bitmap: 66
bitmap: 62
bitmap: 68
bitmap: 62
bitmap: 66
bitmap: 68
bitmap: 72
bitmap: 66
bitmap: 66
bitmap: 64
bitmap: 66
bitmap: 96
bitmap: 66
bitmap: 64
bitmap: 70
bitmap: 62
bitmap: 66
bitmap: 64
bitmap: 66
bitmap: 66
bitmap: 66
bitmap: 66
bitmap: 64
bitmap: 64
bitmap: 64
bitmap: 64
bitmap: 66
bitmap: 66
bitmap: 66
bitmap: 66
bitmap: 66
bitmap: 62
bitmap: 64
bitmap: 62
bitmap: 72
bitmap: 62
bitmap: 66
bitmap: 60
bitmap: 32
bitmap: 62
bitmap: 66
bitmap: 64
bitmap: 34
bitmap: 62
bitmap: 64
bitmap: 62
bitmap: 70
bitmap: 36
bitmap: 92
bitmap: 84
bitmap: 82
bitmap: 84
bitmap: 86
bitmap: 90
bitmap: 84
bitmap: 86
bitmap: 86
bitmap: 86
bitmap: 84
bitmap: 86
bitmap: 92
bitmap: 94
bitmap: 90
bitmap: 86
bitmap: 88
bitmap: 88
bitmap: 90
bitmap: 86
bitmap: 90
bitmap: 92
bitmap: 86
bitmap: 92
bitmap: 88
bitmap: 86
bitmap: 84
bitmap: 90
bitmap: 84
bitmap: 86
bitmap: 86
bitmap: 70
bitmap: 114
bitmap: 92
bitmap: 84
bitmap: 84
bitmap: 86
bitmap: 82
bitmap: 86
bitmap: 88
bitmap: 86
bitmap: 90
bitmap: 88
bitmap: 90
bitmap: 94
bitmap: 86
bitmap: 84
bitmap: 82
bitmap: 90
bitmap: 84
bitmap: 84
bitmap: 84
bitmap: 86
bitmap: 88
bitmap: 90
bitmap: 92
bitmap: 86
bitmap: 84
bitmap: 92
bitmap: 90
bitmap: 88
bitmap: 84
bitmap: 86
bitmap: 30
bitmap: 92
bitmap: 88
bitmap: 90
bitmap: 90
bitmap: 90
bitmap: 86
bitmap: 84
bitmap: 92
bitmap: 86
bitmap: 84
bitmap: 84
bitmap: 94
bitmap: 88
bitmap: 88
bitmap: 86
bitmap: 86
bitmap: 88
bitmap: 88
bitmap: 86
bitmap: 88
bitmap: 88
bitmap: 92
bitmap: 86
bitmap: 88
bitmap: 94
bitmap: 88
bitmap: 92
bitmap: 88
bitmap: 90
bitmap: 90
bitmap: 90
bitmap: 84
bitmap: 90
bitmap: 86
bitmap: 94
bitmap: 34
bitmap: 86
bitmap: 90
bitmap: 90
bitmap: 92
bitmap: 88
bitmap: 88
bitmap: 88
bitmap: 84
bitmap: 88
bitmap: 92
bitmap: 90
bitmap: 86
bitmap: 88
bitmap: 90
bitmap: 84
bitmap: 88
bitmap: 86
bitmap: 86
bitmap: 28
bitmap: 94
bitmap: 84
bitmap: 90
bitmap: 92
bitmap: 90
bitmap: 90
bitmap: 94
bitmap: 90
bitmap: 88
bitmap: 84
bitmap: 84
bitmap: 88
bitmap: 86
bitmap: 84
bitmap: 96
bitmap: 82
bitmap: 90
bitmap: 86
bitmap: 90
bitmap: 86
bitmap: 82
bitmap: 86
bitmap: 88
bitmap: 88
bitmap: 88
bitmap: 90
bitmap: 86
bitmap: 84
bitmap: 92
bitmap: 32
bitmap: 86
bitmap: 86
bitmap: 86
bitmap: 118
bitmap: 86
bitmap: 92
bitmap: 84
bitmap: 86
bitmap: 94
bitmap: 86
bitmap: 88
bitmap: 86
bitmap: 88
bitmap: 84
bitmap: 94
bitmap: 82
bitmap: 88
bitmap: 88
bitmap: 86
bitmap: 94
bitmap: 84
bitmap: 94
bitmap: 80
bitmap: 84
bitmap: 90
bitmap: 84
bitmap: 84
bitmap: 92
bitmap: 88
bitmap: 90
bitmap: 92
bitmap: 90
bitmap: 84
bitmap: 92
bitmap: 90
bitmap: 94
bitmap: 82
bitmap: 90
bitmap: 86
bitmap: 82
bitmap: 84
bitmap: 90
bitmap: 94
bitmap: 84
bitmap: 84
bitmap: 84
bitmap: 82
bitmap: 90
bitmap: 88
bitmap: 90
bitmap: 86
bitmap: 84
bitmap: 90
bitmap: 88
bitmap: 88
bitmap: 92
bitmap: 84
bitmap: 84
bitmap: 82
bitmap: 88
bitmap: 84
bitmap: 92
bitmap: 84
bitmap: 86
bitmap: 88
bitmap: 86
bitmap: 84
bitmap: 88
bitmap: 92
bitmap: 94
bitmap: 86
bitmap: 84
bitmap: 72
bitmap: 76
bitmap: 74
bitmap: 74
bitmap: 74
bitmap: 74
bitmap: 78
bitmap: 76
bitmap: 76
bitmap: 78
bitmap: 72
bitmap: 80
bitmap: 76
bitmap: 74
bitmap: 78
bitmap: 86
bitmap: 74
bitmap: 74
bitmap: 78
bitmap: 74
bitmap: 72
bitmap: 78
bitmap: 70
bitmap: 72
bitmap: 66
bitmap: 72
bitmap: 80
bitmap: 76
bitmap: 72
bitmap: 74
bitmap: 70
bitmap: 108
bitmap: 30
bitmap: 78
bitmap: 78
bitmap: 76
bitmap: 70
bitmap: 74
bitmap: 80
bitmap: 70
bitmap: 76
bitmap: 74
bitmap: 74
bitmap: 78
bitmap: 70
bitmap: 80
bitmap: 76
bitmap: 78
bitmap: 76
bitmap: 72
bitmap: 32
bitmap: 72
bitmap: 74
bitmap: 72
bitmap: 78
bitmap: 32
bitmap: 70
bitmap: 70
bitmap: 76
bitmap: 78
bitmap: 72
bitmap: 72
bitmap: 78
bitmap: 78
bitmap: 70
bitmap: 72
bitmap: 34
bitmap: 72
bitmap: 76
bitmap: 74
bitmap: 72
bitmap: 72
bitmap: 72
bitmap: 74
bitmap: 78
bitmap: 70
bitmap: 80
bitmap: 70
bitmap: 72
bitmap: 68
bitmap: 72
bitmap: 74
bitmap: 74
bitmap: 70
bitmap: 76
bitmap: 72
bitmap: 70
bitmap: 72
bitmap: 72
bitmap: 74
bitmap: 72
bitmap: 74
bitmap: 72
bitmap: 76
bitmap: 70
bitmap: 72
bitmap: 70
bitmap: 72
bitmap: 72
bitmap: 74
bitmap: 74
bitmap: 68
bitmap: 74
bitmap: 72
bitmap: 72
bitmap: 70
bitmap: 74
bitmap: 78
bitmap: 78
bitmap: 72
bitmap: 76
bitmap: 68
bitmap: 74
bitmap: 74
bitmap: 74
bitmap: 78
bitmap: 74
bitmap: 78
bitmap: 76
bitmap: 30
bitmap: 72
bitmap: 76
bitmap: 72
bitmap: 70
bitmap: 78
bitmap: 76
bitmap: 72
bitmap: 72
bitmap: 76
bitmap: 72
bitmap: 70
bitmap: 70
bitmap: 72
bitmap: 74
bitmap: 76
bitmap: 72
bitmap: 78
bitmap: 74
bitmap: 78
bitmap: 72
bitmap: 72
bitmap: 70
bitmap: 72
bitmap: 32
bitmap: 82
bitmap: 70
bitmap: 78
bitmap: 70
bitmap: 70
bitmap: 86
bitmap: 84
bitmap: 82
bitmap: 90
bitmap: 90
bitmap: 88
bitmap: 86
bitmap: 86
bitmap: 84
bitmap: 86
bitmap: 88
bitmap: 84
bitmap: 88
bitmap: 82
bitmap: 88
bitmap: 88
bitmap: 82
bitmap: 82
bitmap: 88
bitmap: 86
bitmap: 72
bitmap: 76
bitmap: 86
bitmap: 86
bitmap: 86
bitmap: 86
bitmap: 88
bitmap: 86
bitmap: 84
bitmap: 88
bitmap: 84
bitmap: 82
bitmap: 92
bitmap: 82
bitmap: 86
bitmap: 86
bitmap: 86
bitmap: 90
bitmap: 86
bitmap: 86
bitmap: 88
bitmap: 84
bitmap: 86
bitmap: 84
bitmap: 84
bitmap: 30
bitmap: 84
bitmap: 84
bitmap: 86
bitmap: 84
bitmap: 106
bitmap: 98
bitmap: 84
bitmap: 80
bitmap: 90
bitmap: 86
bitmap: 86
bitmap: 82
bitmap: 126
bitmap: 94
bitmap: 84
bitmap: 92
bitmap: 84
bitmap: 84
bitmap: 86
bitmap: 94
bitmap: 114
bitmap: 90
bitmap: 88
bitmap: 88
bitmap: 86
bitmap: 86
bitmap: 86
bitmap: 88
bitmap: 128
bitmap: 84
bitmap: 82
bitmap: 88
bitmap: 86
bitmap: 86
bitmap: 86
bitmap: 88
bitmap: 106
bitmap: 84
bitmap: 86
bitmap: 32
bitmap: 86
bitmap: 86
bitmap: 86
bitmap: 90
bitmap: 86
bitmap: 84
bitmap: 84
bitmap: 86
bitmap: 88
bitmap: 94
bitmap: 88
bitmap: 82
bitmap: 86
bitmap: 84
bitmap: 88
bitmap: 82
bitmap: 90
bitmap: 84
bitmap: 86
bitmap: 86
bitmap: 88
bitmap: 90
bitmap: 90
bitmap: 82
bitmap: 82
bitmap: 88
bitmap: 88
bitmap: 88
bitmap: 84
bitmap: 82
bitmap: 86
bitmap: 86
bitmap: 92
bitmap: 76
bitmap: 76
bitmap: 72
bitmap: 70
bitmap: 76
bitmap: 72
bitmap: 74
bitmap: 68
bitmap: 72
bitmap: 78
bitmap: 78
bitmap: 76
bitmap: 70
bitmap: 76
bitmap: 72
bitmap: 72
bitmap: 74
bitmap: 76
bitmap: 68
bitmap: 76
bitmap: 70
bitmap: 76
bitmap: 72
bitmap: 74
bitmap: 76
bitmap: 76
bitmap: 70
bitmap: 76
bitmap: 76
bitmap: 72
bitmap: 70
bitmap: 72
bitmap: 70
bitmap: 72
bitmap: 78
bitmap: 74
bitmap: 72
bitmap: 72
bitmap: 72
bitmap: 68
bitmap: 72
bitmap: 78
bitmap: 72
bitmap: 76
bitmap: 72
bitmap: 76
bitmap: 74
bitmap: 76
bitmap: 70
bitmap: 70
bitmap: 72
bitmap: 72
bitmap: 72
bitmap: 74
bitmap: 72
bitmap: 74
bitmap: 70
bitmap: 70
bitmap: 30
bitmap: 104
bitmap: 72
bitmap: 78
bitmap: 68
bitmap: 78
bitmap: 72
bitmap: 70
bitmap: 68
bitmap: 72
bitmap: 74
bitmap: 70
bitmap: 72
bitmap: 68
bitmap: 78
bitmap: 68
bitmap: 74
bitmap: 72
bitmap: 68
bitmap: 76
bitmap: 70
bitmap: 74
bitmap: 70
bitmap: 34
bitmap: 76
bitmap: 74
bitmap: 68
bitmap: 76
bitmap: 70
bitmap: 68
bitmap: 70
bitmap: 74
bitmap: 72
bitmap: 72
bitmap: 78
bitmap: 76
bitmap: 78
bitmap: 72
bitmap: 76
bitmap: 70
bitmap: 32
bitmap: 74
bitmap: 68
bitmap: 74
bitmap: 76
bitmap: 72
bitmap: 74
bitmap: 76
bitmap: 70
bitmap: 74
bitmap: 76
bitmap: 70
bitmap: 76
bitmap: 74
bitmap: 76
bitmap: 74
bitmap: 76
bitmap: 68
bitmap: 72
bitmap: 72
bitmap: 76
bitmap: 78
bitmap: 76
bitmap: 72
bitmap: 70
bitmap: 70
bitmap: 72
bitmap: 70
bitmap: 70
bitmap: 70
bitmap: 70
bitmap: 74
bitmap: 74
bitmap: 78
bitmap: 78
bitmap: 76
bitmap: 78
bitmap: 74
bitmap: 70
bitmap: 74
bitmap: 68
bitmap: 78
bitmap: 72
bitmap: 80
bitmap: 76
bitmap: 78
bitmap: 72
bitmap: 74
bitmap: 76
bitmap: 72
bitmap: 72
bitmap: 72
bitmap: 72
bitmap: 78
bitmap: 72
bitmap: 72
bitmap: 76
bitmap: 70
bitmap: 76
bitmap: 76
bitmap: 68
bitmap: 74
bitmap: 68
bitmap: 76
bitmap: 72
bitmap: 74
bitmap: 74
bitmap: 76
bitmap: 76
bitmap: 80
bitmap: 68
bitmap: 72
bitmap: 76
bitmap: 76
bitmap: 106
bitmap: 72
bitmap: 74
bitmap: 74
bitmap: 66
bitmap: 68
bitmap: 74
bitmap: 92
bitmap: 70
bitmap: 78
bitmap: 72
bitmap: 76
bitmap: 68
bitmap: 74
bitmap: 70
bitmap: 92
bitmap: 72
bitmap: 72
bitmap: 68
bitmap: 68
bitmap: 74
bitmap: 70
bitmap: 74
bitmap: 102
bitmap: 78
bitmap: 72
bitmap: 68
bitmap: 72
bitmap: 70
bitmap: 72
bitmap: 72
bitmap: 78
bitmap: 72
bitmap: 70
bitmap: 76
bitmap: 74
bitmap: 68
bitmap: 30
bitmap: 72
bitmap: 88
bitmap: 72
bitmap: 70
bitmap: 76
bitmap: 76
bitmap: 72
bitmap: 74
bitmap: 70
bitmap: 68
bitmap: 70
bitmap: 72
bitmap: 72
bitmap: 72
bitmap: 72
bitmap: 72
bitmap: 72
bitmap: 90
bitmap: 76
bitmap: 70
bitmap: 70
bitmap: 76
bitmap: 76
bitmap: 76
bitmap: 72
bitmap: 70
bitmap: 78
bitmap: 78
bitmap: 76
bitmap: 70
bitmap: 72
bitmap: 68
bitmap: 72
bitmap: 90
bitmap: 74
bitmap: 76
bitmap: 68
bitmap: 74
bitmap: 72
bitmap: 72
bitmap: 68
bitmap: 76
bitmap: 68
bitmap: 76
bitmap: 76
bitmap: 76
bitmap: 74
bitmap: 74
bitmap: 70
bitmap: 74
bitmap: 76
bitmap: 76
bitmap: 76
bitmap: 70
bitmap: 78
bitmap: 70
bitmap: 74
bitmap: 74
bitmap: 76
bitmap: 70
bitmap: 70
bitmap: 70
bitmap: 76
bitmap: 76
bitmap: 78
bitmap: 76
bitmap: 74
bitmap: 74
bitmap: 76
bitmap: 74
bitmap: 70
bitmap: 68
bitmap: 76
bitmap: 70
bitmap: 72
bitmap: 72
bitmap: 72
bitmap: 70
bitmap: 72
bitmap: 76
bitmap: 76
bitmap: 70
bitmap: 70
bitmap: 70
bitmap: 76
bitmap: 72
bitmap: 70
bitmap: 76
bitmap: 66
bitmap: 72
bitmap: 76
bitmap: 70
bitmap: 70
bitmap: 70
bitmap: 72
bitmap: 78
bitmap: 74
bitmap: 72
bitmap: 32
bitmap: 76
bitmap: 68
bitmap: 80
bitmap: 70
bitmap: 74
bitmap: 74
bitmap: 72
bitmap: 72
bitmap: 72
bitmap: 72
bitmap: 70
bitmap: 72
bitmap: 72
bitmap: 76
bitmap: 76
bitmap: 72
bitmap: 68
bitmap: 70
bitmap: 76
bitmap: 72
bitmap: 74
bitmap: 76
bitmap: 70
bitmap: 70
bitmap: 76
bitmap: 76
bitmap: 76
bitmap: 70
bitmap: 76
bitmap: 76
bitmap: 72
bitmap: 74
bitmap: 70
bitmap: 68
bitmap: 72
bitmap: 74
bitmap: 74
bitmap: 74
bitmap: 78
bitmap: 80
bitmap: 70
bitmap: 70
bitmap: 72
bitmap: 78
bitmap: 70
bitmap: 72
bitmap: 70
bitmap: 72
bitmap: 70
bitmap: 70
bitmap: 72
bitmap: 72
bitmap: 72
bitmap: 64
bitmap: 74
bitmap: 66
bitmap: 74
bitmap: 76
bitmap: 76
bitmap: 70
bitmap: 82
bitmap: 74
bitmap: 70
bitmap: 78
bitmap: 74
bitmap: 74
bitmap: 72
bitmap: 72
bitmap: 70
bitmap: 102
bitmap: 72
bitmap: 72
bitmap: 78
bitmap: 74
bitmap: 76
bitmap: 76
bitmap: 76
bitmap: 30
bitmap: 72
bitmap: 74
bitmap: 74
bitmap: 70
bitmap: 72
bitmap: 76
bitmap: 70
bitmap: 74
bitmap: 70
bitmap: 74
bitmap: 78
bitmap: 72
bitmap: 72
bitmap: 78
bitmap: 76
bitmap: 70
bitmap: 102
bitmap: 74
bitmap: 76
bitmap: 28
bitmap: 70
bitmap: 70
bitmap: 78
bitmap: 72
bitmap: 76
bitmap: 70
bitmap: 72
bitmap: 74
bitmap: 70
bitmap: 76
bitmap: 74
bitmap: 74
bitmap: 76
bitmap: 78
bitmap: 70
bitmap: 76
bitmap: 76
bitmap: 72
bitmap: 74
bitmap: 76
bitmap: 58
bitmap: 72
bitmap: 74
bitmap: 76
bitmap: 78
bitmap: 70
bitmap: 72
bitmap: 70
bitmap: 78
bitmap: 70
bitmap: 72
bitmap: 68
bitmap: 72
bitmap: 72
bitmap: 74
bitmap: 70
bitmap: 102
bitmap: 90
bitmap: 74
bitmap: 76
