bitmap: 54 64
bitmap: 46 24
bitmap: 64 20
bitmap: 40 22
bitmap: 42 22
bitmap: 36 20
bitmap: 16 40
bitmap: 38 20
bitmap: 38 18
bitmap: 16 32
bitmap: 14 32
bitmap: 38 24
bitmap: 16 28
bitmap: 36 22
bitmap: 16 32
bitmap: 40 22
bitmap: 14 32
bitmap: 12 34
bitmap: 14 32
bitmap: 14 42
bitmap: 14 40
bitmap: 16 32
bitmap: 14 32
bitmap: 38 22
bitmap: 14 32
bitmap: 38 22
bitmap: 14 32
bitmap: 14 42
bitmap: 38 56
bitmap: 14 40
bitmap: 14 36
bitmap: 38 26
bitmap: 38 24
bitmap: 40 22
bitmap: 14 30
bitmap: 14 34
bitmap: 38 48
bitmap: 40 22
bitmap: 14 32
bitmap: 14 34
bitmap: 14 18
bitmap: 38 24
bitmap: 14 36
bitmap: 38 24
bitmap: 40 62
bitmap: 48 26
bitmap: 36 22
bitmap: 16 32
bitmap: 18 30
bitmap: 38 22
bitmap: 40 24
bitmap: 14 28
bitmap: 16 14
bitmap: 14 32
bitmap: 14 32
bitmap: 14 32
bitmap: 36 24
bitmap: 40 22
bitmap: 14 40
bitmap: 36 22
bitmap: 38 20
bitmap: 40 24
bitmap: 38 22
bitmap: 38 22
bitmap: 12 34
bitmap: 14 40
bitmap: 14 38
bitmap: 40 24
bitmap: 14 30
bitmap: 14 34
bitmap: 38 24
bitmap: 38 22
bitmap: 38 22
bitmap: 16 32
bitmap: 38 24
bitmap: 46 24
bitmap: 16 36
bitmap: 36 22
bitmap: 36 24
bitmap: 18 38
bitmap: 38 24
bitmap: 38 20
bitmap: 38 22
bitmap: 14 30
bitmap: 16 32
bitmap: 38 24
bitmap: 38 22
bitmap: 40 24
bitmap: 14 32
bitmap: 38 28
bitmap: 38 22
bitmap: 36 24
bitmap: 14 32
bitmap: 38 22
bitmap: 40 24
bitmap: 40 22
bitmap: 14 30
bitmap: 16 34
bitmap: 14 32
bitmap: 16 34
bitmap: 38 22
bitmap: 14 34
bitmap: 38 24
bitmap: 38 22
bitmap: 38 22
bitmap: 16 38
bitmap: 38 24
bitmap: 36 22
bitmap: 16 34
bitmap: 36 22
bitmap: 14 38
bitmap: 20 36
bitmap: 12 34
bitmap: 38 22
bitmap: 38 22
bitmap: 14 34
bitmap: 14 36
bitmap: 38 22
bitmap: 16 34
bitmap: 40 22
bitmap: 38 24
bitmap: 40 22
bitmap: 38 22
bitmap: 38 22
bitmap: 38 22
bitmap: 14 40
bitmap: 38 20
bitmap: 40 24
bitmap: 16 32
bitmap: 14 40
bitmap: 16 36
bitmap: 14 40
bitmap: 14 32
bitmap: 14 34
bitmap: 36 24
bitmap: 14 40
bitmap: 14 38
bitmap: 38 24
bitmap: 14 32
bitmap: 16 30
bitmap: 14 38
bitmap: 14 42
bitmap: 14 32
bitmap: 14 40
bitmap: 38 22
bitmap: 38 24
bitmap: 14 16
bitmap: 34 24
bitmap: 14 38
bitmap: 36 22
bitmap: 14 36
bitmap: 14 42
bitmap: 38 22
bitmap: 14 34
bitmap: 14 32
bitmap: 16 38
bitmap: 38 58
bitmap: 16 32
bitmap: 38 22
bitmap: 38 24
bitmap: 14 36
bitmap: 40 22
bitmap: 14 34
bitmap: 40 24
bitmap: 38 24
bitmap: 16 32
bitmap: 38 22
bitmap: 36 22
bitmap: 14 32
bitmap: 40 22
bitmap: 14 16
bitmap: 38 22
bitmap: 38 24
bitmap: 38 24
bitmap: 14 30
bitmap: 34 24
bitmap: 38 22
bitmap: 40 24
bitmap: 36 24
bitmap: 16 36
bitmap: 14 32
bitmap: 48 22
bitmap: 38 24
bitmap: 16 38
bitmap: 14 32
bitmap: 40 24
bitmap: 38 24
bitmap: 40 24
bitmap: 38 22
bitmap: 38 22
bitmap: 14 36
bitmap: 38 24
bitmap: 14 30
bitmap: 14 36
bitmap: 16 40
bitmap: 14 38
bitmap: 12 40
bitmap: 14 38
bitmap: 14 36
bitmap: 38 22
bitmap: 38 20
bitmap: 16 36
bitmap: 40 24
bitmap: 16 38
bitmap: 16 28
bitmap: 12 34
bitmap: 38 22
bitmap: 38 22
bitmap: 14 32
bitmap: 14 34
bitmap: 40 22
bitmap: 16 34
bitmap: 14 32
bitmap: 14 32
bitmap: 16 34
bitmap: 14 34
bitmap: 14 32
bitmap: 16 34
bitmap: 14 32
bitmap: 38 20
bitmap: 38 22
bitmap: 16 28
bitmap: 38 22
bitmap: 38 22
bitmap: 38 22
bitmap: 14 34
bitmap: 38 22
bitmap: 16 32
bitmap: 14 30
bitmap: 14 20
bitmap: 38 24
bitmap: 14 34
bitmap: 16 32
bitmap: 14 32
bitmap: 38 24
bitmap: 38 22
bitmap: 14 30
bitmap: 38 24
bitmap: 14 34
bitmap: 18 34
bitmap: 14 32
bitmap: 38 24
bitmap: 36 24
bitmap: 16 38
bitmap: 14 38
bitmap: 14 40
bitmap: 14 36
bitmap: 16 38
bitmap: 38 24
bitmap: 36 22
bitmap: 12 36
bitmap: 14 38
bitmap: 40 24
bitmap: 42 24
bitmap: 38 22
bitmap: 36 24
bitmap: 52 24
bitmap: 66 26
bitmap: 38 20
bitmap: 14 14
bitmap: 14 30
bitmap: 40 22
bitmap: 38 22
bitmap: 14 20
bitmap: 38 18
bitmap: 14 18
bitmap: 12 48
bitmap: 14 34
bitmap: 62 24
bitmap: 38 22
bitmap: 38 20
bitmap: 18 14
bitmap: 14 32
bitmap: 14 14
bitmap: 16 14
bitmap: 16 14
bitmap: 14 18
bitmap: 38 20
bitmap: 38 20
bitmap: 38 24
bitmap: 42 22
bitmap: 38 20
bitmap: 58 22
bitmap: 40 18
bitmap: 38 18
bitmap: 38 20
bitmap: 40 20
bitmap: 18 22
bitmap: 40 24
bitmap: 40 22
bitmap: 38 22
bitmap: 14 22
bitmap: 14 70
bitmap: 14 30
bitmap: 40 20
bitmap: 14 22
bitmap: 38 20
bitmap: 38 20
bitmap: 18 16
bitmap: 18 20
bitmap: 38 24
bitmap: 16 16
bitmap: 16 18
bitmap: 40 18
bitmap: 14 18
bitmap: 16 16
bitmap: 40 18
bitmap: 40 18
bitmap: 14 16
bitmap: 40 18
bitmap: 16 14
bitmap: 14 22
bitmap: 36 24
bitmap: 16 18
bitmap: 14 36
bitmap: 14 14
bitmap: 40 20
bitmap: 48 24
bitmap: 36 20
bitmap: 14 14
bitmap: 40 22
bitmap: 40 20
bitmap: 14 30
bitmap: 14 14
bitmap: 16 14
bitmap: 14 14
bitmap: 16 32
bitmap: 38 22
bitmap: 14 14
bitmap: 38 20
bitmap: 14 18
bitmap: 16 18
bitmap: 34 44
bitmap: 40 18
bitmap: 14 32
bitmap: 38 20
bitmap: 38 22
bitmap: 16 14
bitmap: 14 16
bitmap: 36 24
bitmap: 14 40
bitmap: 16 20
bitmap: 16 32
bitmap: 38 24
bitmap: 38 20
bitmap: 16 34
bitmap: 42 20
bitmap: 44 20
bitmap: 40 44
bitmap: 14 30
bitmap: 14 50
bitmap: 38 24
bitmap: 38 20
bitmap: 16 14
bitmap: 18 16
bitmap: 12 14
bitmap: 14 32
bitmap: 34 22
bitmap: 34 20
bitmap: 38 22
bitmap: 38 20
bitmap: 16 12
bitmap: 14 20
bitmap: 14 20
bitmap: 14 44
bitmap: 38 20
bitmap: 40 18
bitmap: 14 18
bitmap: 14 16
bitmap: 16 18
bitmap: 40 18
bitmap: 38 20
bitmap: 14 18
bitmap: 16 14
bitmap: 16 18
bitmap: 16 14
bitmap: 16 18
bitmap: 36 18
bitmap: 36 20
bitmap: 16 14
bitmap: 14 44
bitmap: 20 48
bitmap: 36 24
bitmap: 38 20
bitmap: 14 36
bitmap: 34 24
bitmap: 36 20
bitmap: 34 20
bitmap: 16 48
bitmap: 40 20
bitmap: 42 20
bitmap: 14 14
bitmap: 16 40
bitmap: 14 16
bitmap: 38 20
bitmap: 16 22
bitmap: 38 48
bitmap: 40 22
bitmap: 14 18
bitmap: 40 18
bitmap: 34 22
bitmap: 38 20
bitmap: 36 20
bitmap: 14 14
bitmap: 14 46
bitmap: 36 18
bitmap: 36 18
bitmap: 36 20
bitmap: 44 24
bitmap: 38 22
bitmap: 14 32
bitmap: 14 30
bitmap: 38 40
bitmap: 12 38
bitmap: 40 22
bitmap: 18 34
bitmap: 16 32
bitmap: 38 20
bitmap: 14 34
bitmap: 16 32
bitmap: 14 34
bitmap: 44 20
bitmap: 38 20
bitmap: 14 36
bitmap: 40 22
bitmap: 40 22
bitmap: 38 22
bitmap: 40 22
bitmap: 14 30
bitmap: 14 32
bitmap: 16 36
bitmap: 14 38
bitmap: 14 36
bitmap: 42 22
bitmap: 14 32
bitmap: 38 22
bitmap: 36 22
bitmap: 14 32
bitmap: 38 22
bitmap: 42 20
bitmap: 16 34
bitmap: 14 34
bitmap: 16 34
bitmap: 14 30
bitmap: 42 52
bitmap: 16 34
bitmap: 42 22
bitmap: 40 24
bitmap: 40 24
bitmap: 14 32
bitmap: 40 22
bitmap: 16 32
bitmap: 40 168
bitmap: 40 24
bitmap: 40 18
bitmap: 16 32
bitmap: 16 32
bitmap: 40 20
bitmap: 40 20
bitmap: 50 22
bitmap: 16 44
bitmap: 12 32
bitmap: 40 20
bitmap: 40 22
bitmap: 38 22
bitmap: 42 24
bitmap: 42 20
bitmap: 14 32
bitmap: 14 50
bitmap: 20 36
bitmap: 38 22
bitmap: 42 22
bitmap: 16 36
bitmap: 14 32
bitmap: 14 38
bitmap: 14 32
bitmap: 14 36
bitmap: 40 20
bitmap: 42 22
bitmap: 16 36
bitmap: 40 22
bitmap: 42 22
bitmap: 12 30
bitmap: 18 32
bitmap: 40 52
bitmap: 16 38
bitmap: 16 34
bitmap: 16 32
bitmap: 40 22
bitmap: 14 32
bitmap: 40 22
bitmap: 14 32
bitmap: 40 22
bitmap: 16 48
bitmap: 16 36
bitmap: 42 22
bitmap: 14 36
bitmap: 14 38
bitmap: 14 36
bitmap: 14 38
bitmap: 16 36
bitmap: 40 24
bitmap: 38 22
bitmap: 14 32
bitmap: 40 22
bitmap: 16 32
bitmap: 20 32
bitmap: 40 20
bitmap: 40 22
bitmap: 14 32
bitmap: 14 32
bitmap: 16 32
bitmap: 40 22
bitmap: 14 32
bitmap: 14 32
bitmap: 14 32
bitmap: 40 22
bitmap: 12 32
bitmap: 14 32
bitmap: 42 20
bitmap: 40 20
bitmap: 42 22
bitmap: 42 20
bitmap: 16 36
bitmap: 38 22
bitmap: 40 22
bitmap: 14 30
bitmap: 40 24
bitmap: 14 30
bitmap: 16 32
bitmap: 16 32
bitmap: 14 32
bitmap: 14 32
bitmap: 16 32
bitmap: 40 24
bitmap: 14 34
bitmap: 40 20
bitmap: 14 36
bitmap: 40 22
bitmap: 64 24
bitmap: 40 22
bitmap: 40 20
bitmap: 40 22
bitmap: 40 22
bitmap: 40 22
bitmap: 12 36
bitmap: 40 22
bitmap: 40 22
bitmap: 16 32
bitmap: 40 20
bitmap: 14 30
bitmap: 14 34
bitmap: 24 20
bitmap: 40 22
bitmap: 42 22
bitmap: 16 38
bitmap: 16 22
bitmap: 40 22
bitmap: 40 20
bitmap: 16 32
bitmap: 40 24
bitmap: 40 20
bitmap: 14 32
bitmap: 16 34
bitmap: 14 36
bitmap: 40 22
bitmap: 40 22
bitmap: 40 22
bitmap: 14 32
bitmap: 38 22
bitmap: 16 30
bitmap: 40 24
bitmap: 14 36
bitmap: 16 38
bitmap: 42 20
bitmap: 42 22
bitmap: 40 22
bitmap: 40 24
bitmap: 14 32
bitmap: 14 32
bitmap: 16 32
bitmap: 40 24
bitmap: 12 34
bitmap: 14 30
bitmap: 12 34
bitmap: 40 22
bitmap: 14 32
bitmap: 38 24
bitmap: 14 32
bitmap: 36 22
bitmap: 38 22
bitmap: 42 22
bitmap: 40 22
bitmap: 18 32
bitmap: 42 22
bitmap: 40 24
bitmap: 48 20
bitmap: 16 30
bitmap: 42 20
bitmap: 14 32
bitmap: 14 30
bitmap: 16 32
bitmap: 14 32
bitmap: 14 32
bitmap: 40 20
bitmap: 16 32
bitmap: 14 40
bitmap: 14 30
bitmap: 14 36
bitmap: 18 32
bitmap: 16 30
bitmap: 14 32
bitmap: 42 20
bitmap: 14 36
bitmap: 40 22
bitmap: 38 24
bitmap: 16 32
bitmap: 40 22
bitmap: 42 24
bitmap: 14 30
bitmap: 14 36
bitmap: 14 32
bitmap: 14 34
bitmap: 40 22
bitmap: 40 22
bitmap: 14 34
bitmap: 50 20
bitmap: 42 22
bitmap: 40 22
bitmap: 40 22
bitmap: 40 22
bitmap: 40 22
bitmap: 40 22
bitmap: 14 34
bitmap: 38 24
bitmap: 14 32
bitmap: 40 22
bitmap: 40 24
bitmap: 42 24
bitmap: 14 34
bitmap: 38 24
bitmap: 40 22
bitmap: 16 32
bitmap: 12 30
bitmap: 40 24
bitmap: 16 34
bitmap: 40 22
bitmap: 14 34
bitmap: 40 24
bitmap: 14 30
bitmap: 14 34
bitmap: 46 20
bitmap: 40 20
bitmap: 40 22
bitmap: 16 32
bitmap: 40 20
bitmap: 40 24
bitmap: 42 22
bitmap: 40 20
bitmap: 16 30
bitmap: 40 20
bitmap: 16 32
bitmap: 40 24
bitmap: 38 24
bitmap: 14 32
bitmap: 40 22
bitmap: 40 22
bitmap: 40 22
bitmap: 44 22
bitmap: 40 22
bitmap: 42 22
bitmap: 42 20
bitmap: 14 38
bitmap: 16 38
bitmap: 40 24
bitmap: 14 38
bitmap: 14 32
bitmap: 14 36
bitmap: 40 22
bitmap: 14 32
bitmap: 40 24
bitmap: 40 22
bitmap: 14 36
bitmap: 14 36
bitmap: 16 32
bitmap: 16 32
bitmap: 14 36
bitmap: 40 22
bitmap: 42 24
bitmap: 42 22
bitmap: 38 24
bitmap: 38 22
bitmap: 36 24
bitmap: 38 24
bitmap: 14 32
bitmap: 40 22
bitmap: 14 30
bitmap: 40 22
bitmap: 40 20
bitmap: 40 24
bitmap: 14 30
bitmap: 14 32
bitmap: 44 22
bitmap: 18 34
bitmap: 14 34
bitmap: 16 36
bitmap: 40 24
bitmap: 40 22
bitmap: 14 32
bitmap: 40 22
bitmap: 16 36
bitmap: 40 22
bitmap: 42 22
bitmap: 14 32
bitmap: 40 24
bitmap: 40 22
bitmap: 16 30
bitmap: 40 24
bitmap: 40 22
bitmap: 14 32
bitmap: 16 32
bitmap: 16 32
bitmap: 14 32
bitmap: 40 22
bitmap: 40 20
bitmap: 40 22
bitmap: 40 22
bitmap: 16 32
bitmap: 42 22
bitmap: 40 22
bitmap: 14 36
bitmap: 14 36
bitmap: 40 22
bitmap: 50 22
bitmap: 38 24
bitmap: 40 22
bitmap: 18 36
bitmap: 40 22
bitmap: 40 22
bitmap: 14 34
bitmap: 40 48
bitmap: 16 32
bitmap: 14 36
bitmap: 16 40
bitmap: 40 20
bitmap: 14 32
bitmap: 40 22
bitmap: 14 38
bitmap: 40 58
bitmap: 40 22
bitmap: 14 32
bitmap: 16 34
bitmap: 16 36
bitmap: 40 22
bitmap: 40 24
bitmap: 16 34
bitmap: 16 42
bitmap: 14 32
bitmap: 14 32
bitmap: 40 22
bitmap: 40 24
bitmap: 40 22
bitmap: 14 34
bitmap: 40 20
bitmap: 40 22
bitmap: 14 30
bitmap: 40 22
bitmap: 44 24
bitmap: 14 20
bitmap: 40 22
bitmap: 40 22
bitmap: 40 22
bitmap: 16 50
bitmap: 12 32
bitmap: 40 22
bitmap: 38 24
bitmap: 16 32
bitmap: 42 20
bitmap: 40 20
bitmap: 40 22
bitmap: 40 58
bitmap: 38 22
bitmap: 14 32
bitmap: 14 32
bitmap: 16 34
bitmap: 40 24
bitmap: 38 24
bitmap: 14 36
bitmap: 40 22
bitmap: 14 38
bitmap: 40 22
bitmap: 14 34
bitmap: 14 30
bitmap: 40 22
bitmap: 42 22
bitmap: 14 38
bitmap: 14 36
bitmap: 12 38
bitmap: 40 24
bitmap: 40 22
bitmap: 16 34
bitmap: 38 22
bitmap: 40 22
bitmap: 14 34
bitmap: 14 36
bitmap: 42 20
bitmap: 14 32
bitmap: 40 22
bitmap: 40 24
bitmap: 40 24
bitmap: 40 22
bitmap: 40 24
bitmap: 40 24
bitmap: 14 36
bitmap: 16 30
bitmap: 16 38
bitmap: 40 22
bitmap: 40 24
bitmap: 42 22
bitmap: 42 24
bitmap: 14 30
bitmap: 16 32
bitmap: 40 20
bitmap: 40 22
bitmap: 16 32
bitmap: 14 32
bitmap: 40 24
bitmap: 14 36
bitmap: 14 32
bitmap: 40 22
bitmap: 38 20
bitmap: 38 22
bitmap: 14 36
bitmap: 38 22
bitmap: 40 22
bitmap: 40 24
bitmap: 38 22
bitmap: 38 24
bitmap: 16 36
bitmap: 14 32
bitmap: 42 22
bitmap: 14 30
bitmap: 20 18
bitmap: 14 32
bitmap: 38 22
bitmap: 16 30
bitmap: 14 34
bitmap: 40 24
bitmap: 38 22
bitmap: 40 24
bitmap: 16 32
bitmap: 14 32
bitmap: 14 32
bitmap: 40 22
bitmap: 44 22
bitmap: 40 20
bitmap: 40 24
bitmap: 40 26
bitmap: 14 36
bitmap: 42 22
bitmap: 14 36
bitmap: 40 20
bitmap: 14 36
bitmap: 42 22
bitmap: 16 36
bitmap: 42 24
bitmap: 40 22
bitmap: 14 32
bitmap: 14 36
bitmap: 42 24
bitmap: 50 22
bitmap: 16 34
bitmap: 64 22
bitmap: 14 32
bitmap: 14 32
bitmap: 40 22
bitmap: 16 30
bitmap: 38 22
bitmap: 12 32
bitmap: 20 20
bitmap: 14 32
bitmap: 14 32
bitmap: 16 30
bitmap: 40 22
bitmap: 14 40
bitmap: 38 20
bitmap: 14 32
bitmap: 38 22
bitmap: 14 32
bitmap: 40 20
bitmap: 16 32
bitmap: 14 32
bitmap: 22 54
bitmap: 14 34
bitmap: 40 22
bitmap: 44 22
bitmap: 38 22
bitmap: 38 24
bitmap: 38 24
bitmap: 14 30
bitmap: 14 54
bitmap: 42 22
bitmap: 14 32
bitmap: 12 36
bitmap: 16 36
bitmap: 14 36
bitmap: 14 36
bitmap: 38 22
bitmap: 40 24
bitmap: 14 38
bitmap: 40 22
bitmap: 36 20
bitmap: 36 24
bitmap: 36 22
bitmap: 40 20
bitmap: 38 22
bitmap: 40 42
bitmap: 36 20
bitmap: 14 34
bitmap: 40 20
bitmap: 40 20
bitmap: 42 22
bitmap: 16 32
bitmap: 16 32
bitmap: 40 22
bitmap: 14 32
bitmap: 42 22
bitmap: 40 22
bitmap: 36 22
bitmap: 40 22
bitmap: 42 22
bitmap: 40 22
bitmap: 38 22
bitmap: 38 22
bitmap: 14 36
bitmap: 36 24
bitmap: 40 22
bitmap: 40 22
bitmap: 42 22
bitmap: 14 14
bitmap: 14 66
bitmap: 14 32
bitmap: 14 34
bitmap: 14 36
bitmap: 42 22
bitmap: 16 38
bitmap: 16 32
bitmap: 14 32
bitmap: 38 22
bitmap: 40 22
bitmap: 16 34
bitmap: 14 38
bitmap: 40 22
bitmap: 14 36
bitmap: 40 24
bitmap: 42 20
bitmap: 42 44
bitmap: 14 32
bitmap: 22 18
bitmap: 40 20
bitmap: 40 22
bitmap: 16 30
bitmap: 40 24
bitmap: 14 34
bitmap: 42 56
bitmap: 18 32
bitmap: 40 20
bitmap: 40 22
bitmap: 12 32
bitmap: 38 50
bitmap: 14 32
bitmap: 40 52
bitmap: 16 168
bitmap: 14 36
bitmap: 12 32
bitmap: 40 24
bitmap: 16 32
bitmap: 40 22
bitmap: 14 32
bitmap: 16 38
bitmap: 40 34
bitmap: 42 20
bitmap: 40 22
bitmap: 42 22
bitmap: 14 34
bitmap: 16 34
bitmap: 14 32
bitmap: 40 20
bitmap: 14 36
bitmap: 40 24
bitmap: 40 24
bitmap: 40 20
bitmap: 40 22
bitmap: 14 34
bitmap: 16 32
bitmap: 14 32
bitmap: 14 34
bitmap: 42 24
bitmap: 40 24
bitmap: 14 32
