bitmap: 64 22
bitmap: 38 20
bitmap: 56 22
bitmap: 42 18
bitmap: 42 22
bitmap: 40 24
bitmap: 60 20
bitmap: 40 22
bitmap: 60 20
bitmap: 54 20
bitmap: 40 18
bitmap: 60 18
bitmap: 58 18
bitmap: 36 20
bitmap: 56 22
bitmap: 56 20
bitmap: 60 20
bitmap: 14 30
bitmap: 60 20
bitmap: 60 22
bitmap: 60 18
bitmap: 60 20
bitmap: 62 20
bitmap: 38 22
bitmap: 40 22
bitmap: 58 20
bitmap: 38 22
bitmap: 62 18
bitmap: 16 42
bitmap: 38 18
bitmap: 40 22
bitmap: 14 32
bitmap: 58 18
bitmap: 54 22
bitmap: 38 22
bitmap: 42 20
bitmap: 38 22
bitmap: 56 22
bitmap: 54 20
bitmap: 16 32
bitmap: 20 32
bitmap: 38 20
bitmap: 58 20
bitmap: 48 24
bitmap: 50 46
bitmap: 40 22
bitmap: 38 18
bitmap: 50 22
bitmap: 50 22
bitmap: 36 20
bitmap: 40 22
bitmap: 50 20
bitmap: 48 22
bitmap: 40 24
bitmap: 48 20
bitmap: 40 18
bitmap: 42 20
bitmap: 38 22
bitmap: 48 20
bitmap: 50 22
bitmap: 40 42
bitmap: 40 22
bitmap: 38 22
bitmap: 50 18
bitmap: 36 22
bitmap: 42 20
bitmap: 42 20
bitmap: 48 20
bitmap: 38 20
bitmap: 50 22
bitmap: 48 20
bitmap: 48 22
bitmap: 42 22
bitmap: 50 18
bitmap: 52 18
bitmap: 50 20
bitmap: 50 20
bitmap: 16 32
bitmap: 38 22
bitmap: 50 20
bitmap: 50 22
bitmap: 38 18
bitmap: 14 30
bitmap: 50 18
bitmap: 38 20
bitmap: 48 20
bitmap: 38 22
bitmap: 50 20
bitmap: 36 20
bitmap: 50 24
bitmap: 38 22
bitmap: 50 20
bitmap: 48 22
bitmap: 36 20
bitmap: 50 22
bitmap: 48 20
bitmap: 50 20
bitmap: 50 20
bitmap: 50 18
bitmap: 40 20
bitmap: 38 44
bitmap: 48 32
bitmap: 50 18
bitmap: 48 20
bitmap: 40 22
bitmap: 50 18
bitmap: 38 22
bitmap: 50 18
bitmap: 48 42
bitmap: 42 22
bitmap: 40 22
bitmap: 50 18
bitmap: 50 18
bitmap: 52 20
bitmap: 40 20
bitmap: 42 22
bitmap: 40 52
bitmap: 38 22
bitmap: 50 18
bitmap: 12 24
bitmap: 48 20
bitmap: 50 20
bitmap: 50 18
bitmap: 50 20
bitmap: 48 20
bitmap: 16 32
bitmap: 50 22
bitmap: 12 30
bitmap: 38 20
bitmap: 50 20
bitmap: 14 32
bitmap: 50 18
bitmap: 38 22
bitmap: 48 20
bitmap: 38 20
bitmap: 38 20
bitmap: 38 18
bitmap: 38 22
bitmap: 48 20
bitmap: 48 22
bitmap: 38 22
bitmap: 16 30
bitmap: 50 20
bitmap: 50 18
bitmap: 40 22
bitmap: 52 20
bitmap: 38 18
bitmap: 14 30
bitmap: 36 20
bitmap: 50 18
bitmap: 38 22
bitmap: 38 20
bitmap: 14 34
bitmap: 50 20
bitmap: 50 20
bitmap: 48 22
bitmap: 50 18
bitmap: 16 16
bitmap: 38 24
bitmap: 40 22
bitmap: 36 22
bitmap: 50 20
bitmap: 48 20
bitmap: 14 30
bitmap: 38 22
bitmap: 50 20
bitmap: 50 20
bitmap: 40 22
bitmap: 14 34
bitmap: 38 18
bitmap: 38 20
bitmap: 50 18
bitmap: 50 22
bitmap: 50 20
bitmap: 16 30
bitmap: 48 20
bitmap: 38 22
bitmap: 48 20
bitmap: 38 20
bitmap: 16 32
bitmap: 50 20
bitmap: 42 18
bitmap: 48 22
bitmap: 40 20
bitmap: 14 16
bitmap: 38 18
bitmap: 38 20
bitmap: 50 18
bitmap: 50 18
bitmap: 50 22
bitmap: 16 30
bitmap: 40 22
bitmap: 48 20
bitmap: 50 18
bitmap: 50 20
bitmap: 14 30
bitmap: 40 20
bitmap: 40 20
bitmap: 48 20
bitmap: 50 20
bitmap: 50 18
bitmap: 50 18
bitmap: 48 20
bitmap: 36 22
bitmap: 50 20
bitmap: 48 20
bitmap: 14 32
bitmap: 38 22
bitmap: 40 22
bitmap: 38 22
bitmap: 36 22
bitmap: 12 32
bitmap: 38 22
bitmap: 38 20
bitmap: 38 22
bitmap: 40 18
bitmap: 48 20
bitmap: 38 18
bitmap: 38 20
bitmap: 40 18
bitmap: 38 22
bitmap: 36 22
bitmap: 14 18
bitmap: 20 28
bitmap: 38 20
bitmap: 38 18
bitmap: 40 22
bitmap: 14 30
bitmap: 36 22
bitmap: 40 22
bitmap: 60 20
bitmap: 60 18
bitmap: 14 34
bitmap: 62 20
bitmap: 60 18
bitmap: 60 22
bitmap: 60 20
bitmap: 16 30
bitmap: 38 18
bitmap: 60 20
bitmap: 38 22
bitmap: 60 18
bitmap: 60 18
bitmap: 16 34
bitmap: 62 20
bitmap: 40 18
bitmap: 62 18
bitmap: 40 22
bitmap: 14 30
bitmap: 60 20
bitmap: 38 22
bitmap: 60 20
bitmap: 40 48
bitmap: 14 32
bitmap: 38 20
bitmap: 62 20
bitmap: 36 20
bitmap: 60 20
bitmap: 16 30
bitmap: 60 20
bitmap: 40 52
bitmap: 40 18
bitmap: 60 20
bitmap: 40 20
bitmap: 16 30
bitmap: 38 22
bitmap: 36 22
bitmap: 38 20
bitmap: 42 40
bitmap: 42 20
bitmap: 38 22
bitmap: 38 22
bitmap: 38 22
bitmap: 40 22
bitmap: 36 22
bitmap: 36 22
bitmap: 38 20
bitmap: 38 22
bitmap: 38 20
bitmap: 42 20
bitmap: 38 22
bitmap: 38 20
bitmap: 38 22
bitmap: 40 20
bitmap: 38 20
bitmap: 38 22
bitmap: 38 22
bitmap: 40 22
bitmap: 40 22
bitmap: 38 22
bitmap: 40 18
bitmap: 38 22
bitmap: 38 22
bitmap: 40 22
bitmap: 38 14
bitmap: 40 22
bitmap: 40 22
bitmap: 40 22
bitmap: 58 20
bitmap: 38 26
bitmap: 38 18
bitmap: 38 20
bitmap: 56 22
bitmap: 40 20
bitmap: 54 20
bitmap: 54 22
bitmap: 56 22
bitmap: 36 22
bitmap: 38 18
bitmap: 14 34
bitmap: 38 18
bitmap: 60 20
bitmap: 54 22
bitmap: 14 30
bitmap: 36 22
bitmap: 38 20
bitmap: 60 18
bitmap: 38 20
bitmap: 60 20
bitmap: 12 32
bitmap: 60 22
bitmap: 60 20
bitmap: 60 22
bitmap: 54 20
bitmap: 38 22
bitmap: 56 20
bitmap: 60 18
bitmap: 56 20
bitmap: 62 20
bitmap: 42 20
bitmap: 60 20
bitmap: 38 22
bitmap: 38 20
bitmap: 60 20
bitmap: 58 20
bitmap: 60 20
bitmap: 60 18
bitmap: 60 20
bitmap: 60 18
bitmap: 38 18
bitmap: 60 18
bitmap: 60 20
bitmap: 60 20
bitmap: 60 20
bitmap: 58 18
bitmap: 60 22
bitmap: 62 18
bitmap: 62 20
bitmap: 36 22
bitmap: 60 18
bitmap: 60 18
bitmap: 16 32
bitmap: 60 20
bitmap: 40 20
bitmap: 60 20
bitmap: 60 20
bitmap: 38 18
bitmap: 60 20
bitmap: 60 20
bitmap: 52 22
bitmap: 60 20
bitmap: 60 20
bitmap: 60 22
bitmap: 38 20
bitmap: 38 22
bitmap: 42 22
bitmap: 38 24
bitmap: 40 18
bitmap: 40 22
bitmap: 38 22
bitmap: 38 20
bitmap: 58 18
bitmap: 38 22
bitmap: 38 22
bitmap: 62 20
bitmap: 60 22
bitmap: 38 18
bitmap: 60 22
bitmap: 62 22
bitmap: 36 20
bitmap: 60 20
bitmap: 60 20
bitmap: 60 20
bitmap: 38 22
bitmap: 60 18
bitmap: 60 20
bitmap: 40 20
bitmap: 60 22
bitmap: 38 20
bitmap: 36 22
bitmap: 38 22
bitmap: 38 18
bitmap: 60 20
bitmap: 60 22
bitmap: 52 20
bitmap: 60 22
bitmap: 60 24
bitmap: 38 18
bitmap: 62 20
bitmap: 40 22
bitmap: 38 22
bitmap: 60 20
bitmap: 38 18
bitmap: 38 20
bitmap: 60 38
bitmap: 38 46
bitmap: 62 52
bitmap: 60 22
bitmap: 60 20
bitmap: 60 22
bitmap: 40 20
bitmap: 60 20
bitmap: 62 40
bitmap: 38 18
bitmap: 38 22
bitmap: 38 22
bitmap: 40 22
bitmap: 58 20
bitmap: 60 20
bitmap: 40 22
bitmap: 40 20
bitmap: 38 18
bitmap: 60 18
bitmap: 38 22
bitmap: 40 20
bitmap: 60 22
bitmap: 38 20
bitmap: 60 22
bitmap: 38 20
bitmap: 18 30
bitmap: 38 22
bitmap: 36 22
bitmap: 40 20
bitmap: 60 18
bitmap: 18 30
bitmap: 60 20
bitmap: 36 20
bitmap: 60 18
bitmap: 60 22
bitmap: 60 20
bitmap: 54 22
bitmap: 56 20
bitmap: 38 22
bitmap: 60 20
bitmap: 56 18
bitmap: 62 18
bitmap: 38 22
bitmap: 14 32
bitmap: 38 22
bitmap: 60 18
bitmap: 36 20
bitmap: 16 16
bitmap: 36 20
bitmap: 38 20
bitmap: 60 20
bitmap: 62 20
bitmap: 60 20
bitmap: 56 18
bitmap: 54 20
bitmap: 60 20
bitmap: 60 20
bitmap: 38 20
bitmap: 60 22
bitmap: 60 22
bitmap: 60 18
bitmap: 60 20
bitmap: 18 30
bitmap: 60 22
bitmap: 60 20
bitmap: 38 24
bitmap: 16 32
bitmap: 62 18
bitmap: 14 22
bitmap: 38 22
bitmap: 60 20
bitmap: 62 18
bitmap: 60 20
bitmap: 60 18
bitmap: 16 30
bitmap: 38 18
bitmap: 38 20
bitmap: 54 20
bitmap: 54 20
bitmap: 38 22
bitmap: 38 18
bitmap: 54 22
bitmap: 38 22
bitmap: 56 18
bitmap: 56 22
bitmap: 36 20
bitmap: 54 20
bitmap: 54 22
bitmap: 38 20
bitmap: 16 34
bitmap: 38 20
bitmap: 54 22
bitmap: 58 20
bitmap: 38 22
bitmap: 54 22
bitmap: 38 22
bitmap: 60 22
bitmap: 38 20
bitmap: 60 20
bitmap: 38 22
bitmap: 54 18
bitmap: 40 20
bitmap: 56 20
bitmap: 38 20
bitmap: 40 20
bitmap: 56 18
bitmap: 38 22
bitmap: 38 20
bitmap: 60 20
bitmap: 38 22
bitmap: 38 20
bitmap: 62 18
bitmap: 38 20
bitmap: 60 22
bitmap: 38 18
bitmap: 38 22
bitmap: 60 20
bitmap: 38 18
bitmap: 38 22
bitmap: 56 20
bitmap: 56 20
bitmap: 38 20
bitmap: 54 20
bitmap: 38 20
bitmap: 36 22
bitmap: 56 18
bitmap: 16 30
bitmap: 54 22
bitmap: 62 40
bitmap: 38 22
bitmap: 60 22
bitmap: 40 22
bitmap: 60 22
bitmap: 38 18
bitmap: 60 20
bitmap: 40 20
bitmap: 62 40
bitmap: 60 18
bitmap: 60 20
bitmap: 14 32
bitmap: 60 18
bitmap: 60 20
bitmap: 36 22
bitmap: 38 20
bitmap: 38 44
bitmap: 60 22
bitmap: 38 18
bitmap: 60 22
bitmap: 40 22
bitmap: 60 18
bitmap: 36 22
bitmap: 36 20
bitmap: 60 52
bitmap: 38 20
bitmap: 62 18
bitmap: 30 22
bitmap: 60 22
bitmap: 54 20
bitmap: 38 20
bitmap: 38 22
bitmap: 62 18
bitmap: 38 22
bitmap: 60 18
bitmap: 40 18
bitmap: 38 22
bitmap: 60 20
bitmap: 56 20
bitmap: 60 22
bitmap: 56 56
bitmap: 56 20
bitmap: 38 20
bitmap: 16 32
bitmap: 60 20
bitmap: 54 20
bitmap: 60 18
bitmap: 60 20
bitmap: 38 20
bitmap: 60 18
bitmap: 14 32
bitmap: 60 20
bitmap: 38 22
bitmap: 38 22
bitmap: 38 22
bitmap: 38 20
bitmap: 38 20
bitmap: 40 18
bitmap: 38 18
bitmap: 36 20
bitmap: 36 20
bitmap: 40 22
bitmap: 40 20
bitmap: 38 18
bitmap: 38 42
bitmap: 38 20
bitmap: 38 18
bitmap: 38 22
bitmap: 38 22
bitmap: 40 28
bitmap: 38 20
bitmap: 38 22
bitmap: 40 18
bitmap: 40 22
bitmap: 40 22
bitmap: 40 20
bitmap: 38 22
bitmap: 38 20
bitmap: 38 22
bitmap: 40 20
bitmap: 38 40
bitmap: 36 32
bitmap: 38 20
bitmap: 40 20
bitmap: 38 20
bitmap: 38 20
bitmap: 36 22
bitmap: 38 22
bitmap: 38 52
bitmap: 38 20
bitmap: 38 20
bitmap: 38 20
bitmap: 38 20
bitmap: 38 20
bitmap: 18 30
bitmap: 38 22
bitmap: 38 38
bitmap: 38 20
bitmap: 36 24
bitmap: 38 20
bitmap: 40 18
bitmap: 38 20
bitmap: 14 28
bitmap: 38 22
bitmap: 38 22
bitmap: 38 20
bitmap: 40 18
bitmap: 16 30
bitmap: 40 18
bitmap: 38 22
bitmap: 38 22
bitmap: 38 22
bitmap: 38 20
bitmap: 38 20
bitmap: 38 22
bitmap: 36 24
bitmap: 38 24
bitmap: 38 22
bitmap: 36 20
bitmap: 38 18
bitmap: 40 22
bitmap: 38 50
bitmap: 38 20
bitmap: 38 18
bitmap: 42 18
bitmap: 38 18
bitmap: 38 20
bitmap: 40 22
bitmap: 40 20
bitmap: 40 20
bitmap: 38 20
bitmap: 38 22
bitmap: 38 20
bitmap: 38 20
bitmap: 38 22
bitmap: 38 22
bitmap: 38 22
bitmap: 40 22
bitmap: 58 20
bitmap: 56 20
bitmap: 54 20
bitmap: 58 20
bitmap: 40 18
bitmap: 56 18
bitmap: 38 22
bitmap: 56 20
bitmap: 56 18
bitmap: 38 18
bitmap: 56 18
bitmap: 38 20
bitmap: 36 22
bitmap: 56 20
bitmap: 56 20
bitmap: 38 22
bitmap: 54 20
bitmap: 36 20
bitmap: 56 20
bitmap: 56 20
bitmap: 36 20
bitmap: 56 22
bitmap: 56 20
bitmap: 36 22
bitmap: 60 22
bitmap: 54 20
bitmap: 38 22
bitmap: 54 22
bitmap: 16 38
bitmap: 54 20
bitmap: 38 20
bitmap: 40 18
bitmap: 60 20
bitmap: 14 40
bitmap: 56 20
bitmap: 56 22
bitmap: 40 22
bitmap: 40 22
bitmap: 38 20
bitmap: 42 18
bitmap: 60 20
bitmap: 56 18
bitmap: 56 20
bitmap: 56 18
bitmap: 56 18
bitmap: 40 22
bitmap: 54 20
bitmap: 40 20
bitmap: 56 20
bitmap: 38 20
bitmap: 52 20
bitmap: 52 22
bitmap: 38 22
bitmap: 38 20
bitmap: 38 22
bitmap: 54 22
bitmap: 52 22
bitmap: 52 20
bitmap: 54 22
bitmap: 54 20
bitmap: 36 20
bitmap: 54 20
bitmap: 52 22
bitmap: 38 18
bitmap: 40 18
bitmap: 14 38
bitmap: 38 22
bitmap: 52 22
bitmap: 40 18
bitmap: 54 22
bitmap: 38 22
bitmap: 38 20
bitmap: 58 22
bitmap: 54 20
bitmap: 54 22
bitmap: 54 20
bitmap: 54 22
bitmap: 52 20
bitmap: 52 22
bitmap: 54 22
bitmap: 54 22
bitmap: 52 20
bitmap: 14 42
bitmap: 52 20
bitmap: 52 20
bitmap: 52 20
bitmap: 38 18
bitmap: 40 22
bitmap: 54 20
bitmap: 54 20
bitmap: 52 20
bitmap: 54 22
bitmap: 14 38
bitmap: 52 22
bitmap: 54 20
bitmap: 52 20
bitmap: 56 20
bitmap: 52 22
bitmap: 54 22
bitmap: 38 18
bitmap: 40 18
bitmap: 54 20
bitmap: 18 38
bitmap: 54 22
bitmap: 54 20
bitmap: 54 20
bitmap: 54 22
bitmap: 38 22
bitmap: 52 22
bitmap: 52 20
bitmap: 38 22
bitmap: 38 22
bitmap: 56 20
bitmap: 54 22
bitmap: 16 40
bitmap: 56 22
bitmap: 54 20
bitmap: 40 20
bitmap: 40 22
bitmap: 56 22
bitmap: 52 20
bitmap: 54 20
bitmap: 54 22
bitmap: 52 22
bitmap: 38 20
bitmap: 38 20
bitmap: 38 40
bitmap: 38 24
bitmap: 58 20
bitmap: 14 36
bitmap: 54 22
bitmap: 38 22
bitmap: 38 20
bitmap: 40 22
bitmap: 38 42
bitmap: 38 22
bitmap: 36 18
bitmap: 40 22
bitmap: 36 20
bitmap: 42 20
bitmap: 56 20
bitmap: 56 22
bitmap: 38 54
bitmap: 38 20
bitmap: 40 18
bitmap: 56 18
bitmap: 56 20
bitmap: 58 20
bitmap: 56 20
bitmap: 56 20
bitmap: 56 20
bitmap: 56 20
bitmap: 38 20
bitmap: 54 20
bitmap: 54 22
bitmap: 52 20
bitmap: 38 18
bitmap: 54 20
bitmap: 16 38
bitmap: 38 20
bitmap: 38 20
bitmap: 18 40
bitmap: 42 22
bitmap: 56 18
bitmap: 54 22
bitmap: 38 20
bitmap: 36 22
bitmap: 38 20
bitmap: 60 20
bitmap: 56 20
bitmap: 40 22
bitmap: 40 22
bitmap: 40 24
bitmap: 38 22
bitmap: 36 22
bitmap: 52 22
bitmap: 54 22
bitmap: 40 22
bitmap: 54 22
bitmap: 38 20
bitmap: 38 22
bitmap: 54 22
bitmap: 38 22
bitmap: 56 20
bitmap: 40 18
bitmap: 38 20
bitmap: 56 22
bitmap: 56 22
bitmap: 38 22
bitmap: 56 22
bitmap: 42 20
bitmap: 40 18
bitmap: 56 20
bitmap: 56 20
bitmap: 38 22
bitmap: 54 20
bitmap: 38 20
bitmap: 38 20
bitmap: 40 22
bitmap: 56 22
bitmap: 38 20
bitmap: 38 20
bitmap: 56 20
bitmap: 38 22
bitmap: 38 20
bitmap: 40 18
bitmap: 56 18
bitmap: 58 20
bitmap: 62 20
bitmap: 54 20
bitmap: 38 20
bitmap: 40 20
bitmap: 40 22
bitmap: 40 22
bitmap: 38 22
bitmap: 54 22
bitmap: 54 22
bitmap: 52 20
bitmap: 54 22
bitmap: 52 22
bitmap: 38 20
bitmap: 52 22
bitmap: 54 22
bitmap: 52 22
bitmap: 52 22
bitmap: 40 18
bitmap: 52 20
bitmap: 36 20
bitmap: 54 20
bitmap: 56 20
bitmap: 36 22
bitmap: 38 20
bitmap: 56 22
bitmap: 54 20
bitmap: 54 20
bitmap: 54 22
bitmap: 38 20
bitmap: 54 22
bitmap: 40 22
bitmap: 52 22
bitmap: 52 20
bitmap: 38 20
bitmap: 54 22
bitmap: 52 22
bitmap: 52 20
bitmap: 54 20
bitmap: 36 20
bitmap: 40 20
bitmap: 58 20
bitmap: 54 20
bitmap: 52 22
bitmap: 38 20
bitmap: 38 22
bitmap: 54 20
bitmap: 54 20
bitmap: 38 22
bitmap: 38 22
bitmap: 36 22
bitmap: 38 22
bitmap: 38 20
bitmap: 40 20
bitmap: 38 22
bitmap: 40 22
bitmap: 40 18
bitmap: 38 24
bitmap: 38 22
bitmap: 38 18
bitmap: 36 22
bitmap: 38 22
bitmap: 38 22
bitmap: 38 20
bitmap: 38 20
bitmap: 40 18
bitmap: 38 20
bitmap: 40 22
bitmap: 38 20
bitmap: 38 18
bitmap: 38 18
bitmap: 40 18
bitmap: 38 20
bitmap: 38 20
bitmap: 38 22
bitmap: 36 20
bitmap: 40 22
bitmap: 38 22
bitmap: 38 22
bitmap: 38 18
bitmap: 38 20
bitmap: 38 20
bitmap: 16 36
bitmap: 38 22
bitmap: 40 18
bitmap: 38 20
bitmap: 14 36
bitmap: 38 18
bitmap: 38 20
bitmap: 38 20
bitmap: 38 22
bitmap: 38 22
bitmap: 38 20
bitmap: 18 36
bitmap: 40 22
bitmap: 52 22
bitmap: 54 20
bitmap: 14 38
bitmap: 38 18
bitmap: 54 22
bitmap: 52 20
bitmap: 52 22
bitmap: 54 22
bitmap: 52 22
bitmap: 54 20
bitmap: 36 22
bitmap: 54 22
bitmap: 54 22
bitmap: 38 22
bitmap: 54 20
bitmap: 38 22
bitmap: 40 20
bitmap: 40 20
bitmap: 54 22
bitmap: 38 20
bitmap: 54 22
bitmap: 36 20
bitmap: 54 22
bitmap: 38 20
bitmap: 40 20
bitmap: 40 20
bitmap: 38 22
bitmap: 56 20
