bitmap: 70 68
bitmap: 68 22
bitmap: 36 20
bitmap: 16 36
bitmap: 14 36
bitmap: 14 38
bitmap: 38 16
bitmap: 38 20
bitmap: 14 36
bitmap: 36 20
bitmap: 36 20
bitmap: 18 38
bitmap: 34 20
bitmap: 34 26
bitmap: 14 36
bitmap: 18 20
bitmap: 36 24
bitmap: 38 24
bitmap: 36 22
bitmap: 36 24
bitmap: 36 24
bitmap: 14 38
bitmap: 30 20
bitmap: 30 20
bitmap: 14 40
bitmap: 36 22
bitmap: 34 22
bitmap: 38 24
bitmap: 34 44
bitmap: 14 20
bitmap: 34 20
bitmap: 36 22
bitmap: 14 36
bitmap: 12 38
bitmap: 14 38
bitmap: 16 38
bitmap: 36 38
bitmap: 14 38
bitmap: 46 22
bitmap: 14 18
bitmap: 54 18
bitmap: 14 22
bitmap: 52 20
bitmap: 54 20
bitmap: 40 22
bitmap: 14 18
bitmap: 44 22
bitmap: 34 22
bitmap: 40 18
bitmap: 56 18
bitmap: 54 20
bitmap: 14 42
bitmap: 54 20
bitmap: 42 18
bitmap: 42 18
bitmap: 40 20
bitmap: 34 20
bitmap: 14 22
bitmap: 54 18
bitmap: 34 20
bitmap: 34 22
bitmap: 54 18
bitmap: 56 20
bitmap: 14 22
bitmap: 38 22
bitmap: 14 22
bitmap: 16 24
bitmap: 14 18
bitmap: 14 20
bitmap: 54 22
bitmap: 56 20
bitmap: 54 20
bitmap: 12 18
bitmap: 16 24
bitmap: 36 18
bitmap: 34 20
bitmap: 54 20
bitmap: 52 20
bitmap: 40 20
bitmap: 34 22
bitmap: 38 20
bitmap: 52 20
bitmap: 14 22
bitmap: 50 24
bitmap: 52 22
bitmap: 54 20
bitmap: 54 20
bitmap: 54 20
bitmap: 54 18
bitmap: 38 22
bitmap: 56 22
bitmap: 38 20
bitmap: 14 22
bitmap: 14 22
bitmap: 54 18
bitmap: 54 20
bitmap: 14 18
bitmap: 52 22
bitmap: 14 18
bitmap: 54 22
bitmap: 54 18
bitmap: 54 20
bitmap: 42 22
bitmap: 52 22
bitmap: 34 22
bitmap: 14 20
bitmap: 54 20
bitmap: 52 20
bitmap: 54 20
bitmap: 14 20
bitmap: 16 14
bitmap: 54 20
bitmap: 14 22
bitmap: 34 22
bitmap: 52 20
bitmap: 14 20
bitmap: 14 18
bitmap: 54 20
bitmap: 54 20
bitmap: 52 22
bitmap: 54 24
bitmap: 52 20
bitmap: 14 24
bitmap: 54 20
bitmap: 14 20
bitmap: 34 20
bitmap: 54 20
bitmap: 56 20
bitmap: 48 20
bitmap: 44 22
bitmap: 36 20
bitmap: 16 20
bitmap: 36 20
bitmap: 14 20
bitmap: 36 20
bitmap: 14 32
bitmap: 14 18
bitmap: 16 18
bitmap: 16 20
bitmap: 16 16
bitmap: 34 24
bitmap: 38 20
bitmap: 36 24
bitmap: 16 14
bitmap: 38 22
bitmap: 16 36
bitmap: 36 22
bitmap: 16 16
bitmap: 14 42
bitmap: 36 20
bitmap: 16 36
bitmap: 36 20
bitmap: 16 20
bitmap: 36 20
bitmap: 14 34
bitmap: 36 20
bitmap: 36 20
bitmap: 38 22
bitmap: 14 18
bitmap: 38 22
bitmap: 16 36
bitmap: 36 20
bitmap: 34 20
bitmap: 16 32
bitmap: 14 14
bitmap: 16 32
bitmap: 38 18
bitmap: 16 52
bitmap: 36 20
bitmap: 36 22
bitmap: 16 18
bitmap: 16 16
bitmap: 62 22
bitmap: 34 20
bitmap: 16 30
bitmap: 14 32
bitmap: 14 18
bitmap: 36 20
bitmap: 16 18
bitmap: 16 16
bitmap: 18 18
bitmap: 36 22
bitmap: 16 18
bitmap: 16 16
bitmap: 38 24
bitmap: 14 18
bitmap: 12 18
bitmap: 16 18
bitmap: 36 24
bitmap: 38 24
bitmap: 36 20
bitmap: 36 20
bitmap: 36 20
bitmap: 18 18
bitmap: 14 32
bitmap: 34 24
bitmap: 14 32
bitmap: 38 20
bitmap: 36 20
bitmap: 36 20
bitmap: 14 16
bitmap: 36 22
bitmap: 18 18
bitmap: 36 20
bitmap: 36 22
bitmap: 36 22
bitmap: 14 32
bitmap: 36 20
bitmap: 36 20
bitmap: 36 24
bitmap: 36 26
bitmap: 16 32
bitmap: 38 20
bitmap: 36 20
bitmap: 14 32
bitmap: 14 32
bitmap: 36 24
bitmap: 14 26
bitmap: 34 24
bitmap: 36 18
bitmap: 16 34
bitmap: 18 18
bitmap: 34 24
bitmap: 36 20
bitmap: 14 32
bitmap: 34 24
bitmap: 36 22
bitmap: 16 16
bitmap: 36 16
bitmap: 38 20
bitmap: 14 22
bitmap: 36 20
bitmap: 36 18
bitmap: 38 18
bitmap: 16 16
bitmap: 14 22
bitmap: 36 42
bitmap: 36 20
bitmap: 16 36
bitmap: 16 16
bitmap: 34 22
bitmap: 16 34
bitmap: 36 20
bitmap: 14 20
bitmap: 36 20
bitmap: 38 22
bitmap: 36 22
bitmap: 38 26
bitmap: 34 20
bitmap: 36 20
bitmap: 36 20
bitmap: 34 22
bitmap: 36 22
bitmap: 36 22
bitmap: 16 18
bitmap: 36 18
bitmap: 36 20
bitmap: 14 16
bitmap: 36 20
bitmap: 14 32
bitmap: 34 24
bitmap: 16 22
bitmap: 34 24
bitmap: 16 18
bitmap: 14 16
bitmap: 36 18
bitmap: 34 24
bitmap: 14 32
bitmap: 16 18
bitmap: 38 20
bitmap: 36 24
bitmap: 14 32
bitmap: 34 20
bitmap: 36 20
bitmap: 16 18
bitmap: 36 24
bitmap: 36 20
bitmap: 36 20
bitmap: 14 38
bitmap: 16 50
bitmap: 38 20
bitmap: 34 20
bitmap: 50 20
bitmap: 16 32
bitmap: 36 24
bitmap: 36 20
bitmap: 36 20
bitmap: 36 22
bitmap: 16 18
bitmap: 16 18
bitmap: 38 24
bitmap: 38 20
bitmap: 36 22
bitmap: 36 22
bitmap: 36 20
bitmap: 36 20
bitmap: 36 20
bitmap: 12 40
bitmap: 14 36
bitmap: 16 20
bitmap: 34 22
bitmap: 42 22
bitmap: 14 38
bitmap: 36 20
bitmap: 36 18
bitmap: 36 18
bitmap: 14 34
bitmap: 16 20
bitmap: 36 20
bitmap: 16 32
bitmap: 36 20
bitmap: 36 20
bitmap: 36 22
bitmap: 14 20
bitmap: 18 20
bitmap: 16 34
bitmap: 36 20
bitmap: 36 20
bitmap: 16 32
bitmap: 14 16
bitmap: 34 20
bitmap: 36 20
bitmap: 16 32
bitmap: 16 16
bitmap: 34 20
bitmap: 18 18
bitmap: 36 22
bitmap: 36 20
bitmap: 36 20
bitmap: 14 36
bitmap: 18 18
bitmap: 16 14
bitmap: 36 20
bitmap: 36 20
bitmap: 16 18
bitmap: 36 20
bitmap: 36 20
bitmap: 36 22
bitmap: 36 20
bitmap: 16 32
bitmap: 36 20
bitmap: 16 16
bitmap: 16 16
bitmap: 38 18
bitmap: 14 34
bitmap: 34 26
bitmap: 36 20
bitmap: 38 22
bitmap: 40 20
bitmap: 36 22
bitmap: 36 22
bitmap: 38 20
bitmap: 16 50
bitmap: 34 24
bitmap: 36 24
bitmap: 14 16
bitmap: 34 22
bitmap: 34 24
bitmap: 14 20
bitmap: 14 32
bitmap: 16 32
bitmap: 14 16
bitmap: 16 34
bitmap: 36 20
bitmap: 38 18
bitmap: 36 22
bitmap: 16 32
bitmap: 16 32
bitmap: 14 18
bitmap: 36 20
bitmap: 34 20
bitmap: 14 18
bitmap: 36 26
bitmap: 36 20
bitmap: 14 18
bitmap: 34 24
bitmap: 36 24
bitmap: 36 24
bitmap: 14 16
bitmap: 18 18
bitmap: 36 20
bitmap: 16 34
bitmap: 38 22
bitmap: 38 18
bitmap: 34 20
bitmap: 36 18
bitmap: 16 32
bitmap: 14 18
bitmap: 14 16
bitmap: 16 14
bitmap: 14 36
bitmap: 36 20
bitmap: 36 20
bitmap: 14 32
bitmap: 34 20
bitmap: 14 18
bitmap: 36 20
bitmap: 18 20
bitmap: 16 36
bitmap: 16 18
bitmap: 18 18
bitmap: 14 20
bitmap: 34 24
bitmap: 36 22
bitmap: 14 18
bitmap: 16 14
bitmap: 14 16
bitmap: 36 18
bitmap: 36 20
bitmap: 16 18
bitmap: 16 18
bitmap: 14 14
bitmap: 38 24
bitmap: 36 20
bitmap: 38 20
bitmap: 16 32
bitmap: 38 20
bitmap: 16 36
bitmap: 36 22
bitmap: 34 22
bitmap: 36 20
bitmap: 34 22
bitmap: 36 20
bitmap: 34 20
bitmap: 36 22
bitmap: 14 38
bitmap: 36 20
bitmap: 36 20
bitmap: 16 16
bitmap: 36 20
bitmap: 36 18
bitmap: 36 20
bitmap: 34 20
bitmap: 36 20
bitmap: 12 16
bitmap: 36 22
bitmap: 14 30
bitmap: 36 20
bitmap: 16 34
bitmap: 16 16
bitmap: 16 32
bitmap: 16 18
bitmap: 14 18
bitmap: 14 18
bitmap: 36 24
bitmap: 36 20
bitmap: 34 20
bitmap: 38 22
bitmap: 14 16
bitmap: 36 24
bitmap: 16 18
bitmap: 38 20
bitmap: 36 44
bitmap: 36 20
bitmap: 36 22
bitmap: 14 34
bitmap: 16 32
bitmap: 14 34
bitmap: 16 16
bitmap: 38 22
bitmap: 16 40
bitmap: 36 20
bitmap: 16 14
bitmap: 36 20
bitmap: 16 34
bitmap: 36 26
bitmap: 36 22
bitmap: 38 22
bitmap: 36 20
bitmap: 16 32
bitmap: 36 22
bitmap: 36 24
bitmap: 36 24
bitmap: 36 26
bitmap: 36 22
bitmap: 36 20
bitmap: 14 18
bitmap: 34 22
bitmap: 12 16
bitmap: 40 18
bitmap: 36 20
bitmap: 38 24
bitmap: 36 20
bitmap: 36 22
bitmap: 36 34
bitmap: 36 20
bitmap: 36 22
bitmap: 36 22
bitmap: 36 20
bitmap: 16 18
bitmap: 36 20
bitmap: 34 22
bitmap: 36 46
bitmap: 38 34
bitmap: 36 20
bitmap: 36 24
bitmap: 36 20
bitmap: 16 36
bitmap: 14 16
bitmap: 36 24
bitmap: 38 50
bitmap: 36 20
bitmap: 14 18
bitmap: 16 16
bitmap: 14 20
bitmap: 36 24
bitmap: 16 36
bitmap: 16 16
bitmap: 38 44
bitmap: 16 34
bitmap: 14 16
bitmap: 36 22
bitmap: 34 20
bitmap: 36 20
bitmap: 34 22
bitmap: 16 32
bitmap: 16 18
bitmap: 38 22
bitmap: 14 32
bitmap: 14 32
bitmap: 34 22
bitmap: 16 16
bitmap: 14 34
bitmap: 36 20
bitmap: 34 22
bitmap: 38 20
bitmap: 36 20
bitmap: 14 34
bitmap: 34 22
bitmap: 36 20
bitmap: 36 20
bitmap: 16 32
bitmap: 36 20
bitmap: 34 24
bitmap: 34 24
bitmap: 36 18
bitmap: 14 16
bitmap: 14 16
bitmap: 34 20
bitmap: 36 20
bitmap: 36 20
bitmap: 14 36
bitmap: 14 20
bitmap: 36 22
bitmap: 36 24
bitmap: 36 22
bitmap: 38 18
bitmap: 36 20
bitmap: 34 24
bitmap: 14 32
bitmap: 36 22
bitmap: 36 18
bitmap: 18 20
bitmap: 16 32
bitmap: 14 18
bitmap: 36 22
bitmap: 34 20
bitmap: 36 22
bitmap: 12 32
bitmap: 20 16
bitmap: 14 18
bitmap: 36 20
bitmap: 36 22
bitmap: 36 20
bitmap: 14 30
bitmap: 16 14
bitmap: 16 34
bitmap: 34 22
bitmap: 34 20
bitmap: 36 22
bitmap: 64 22
bitmap: 12 34
bitmap: 38 22
bitmap: 16 16
bitmap: 36 20
bitmap: 36 20
bitmap: 36 22
bitmap: 36 20
bitmap: 14 20
bitmap: 36 22
bitmap: 36 24
bitmap: 14 32
bitmap: 14 16
bitmap: 36 20
bitmap: 14 18
bitmap: 14 16
bitmap: 22 22
bitmap: 36 20
bitmap: 16 20
bitmap: 14 20
bitmap: 48 24
bitmap: 16 16
bitmap: 14 36
bitmap: 38 20
bitmap: 14 36
bitmap: 36 24
bitmap: 14 18
bitmap: 40 18
bitmap: 16 20
bitmap: 36 20
bitmap: 16 18
bitmap: 14 22
bitmap: 38 20
bitmap: 14 30
bitmap: 36 46
bitmap: 16 32
bitmap: 36 20
bitmap: 34 22
bitmap: 36 24
bitmap: 16 34
bitmap: 36 20
bitmap: 36 20
bitmap: 34 16
bitmap: 36 20
bitmap: 16 32
bitmap: 16 16
bitmap: 16 18
bitmap: 36 20
bitmap: 16 32
bitmap: 34 20
bitmap: 16 16
bitmap: 38 24
bitmap: 36 20
bitmap: 14 34
bitmap: 14 18
bitmap: 16 34
bitmap: 14 16
bitmap: 14 18
bitmap: 36 18
bitmap: 16 16
bitmap: 36 22
bitmap: 14 34
bitmap: 14 32
bitmap: 34 24
bitmap: 12 18
bitmap: 36 20
bitmap: 16 18
bitmap: 36 20
bitmap: 16 32
bitmap: 36 22
bitmap: 34 20
bitmap: 14 18
bitmap: 14 18
bitmap: 38 22
bitmap: 42 24
bitmap: 36 20
bitmap: 34 22
bitmap: 34 24
bitmap: 18 20
bitmap: 38 22
bitmap: 36 20
bitmap: 14 40
bitmap: 14 32
bitmap: 40 24
bitmap: 12 34
bitmap: 36 24
bitmap: 14 16
bitmap: 36 24
bitmap: 16 38
bitmap: 14 34
bitmap: 34 24
bitmap: 34 20
bitmap: 14 16
bitmap: 36 18
bitmap: 14 18
bitmap: 16 16
bitmap: 16 18
bitmap: 36 24
bitmap: 34 24
bitmap: 36 20
bitmap: 12 18
bitmap: 34 22
bitmap: 36 18
bitmap: 16 20
bitmap: 36 26
bitmap: 14 22
bitmap: 36 20
bitmap: 36 20
bitmap: 36 20
bitmap: 34 22
bitmap: 36 22
bitmap: 36 20
bitmap: 38 18
bitmap: 36 22
bitmap: 36 20
bitmap: 36 20
bitmap: 36 24
bitmap: 14 20
bitmap: 14 18
bitmap: 36 22
bitmap: 16 18
bitmap: 36 24
bitmap: 36 20
bitmap: 36 26
bitmap: 16 14
bitmap: 36 20
bitmap: 16 32
bitmap: 36 22
bitmap: 14 18
bitmap: 34 22
bitmap: 36 18
bitmap: 14 20
bitmap: 34 24
bitmap: 36 20
bitmap: 36 20
bitmap: 38 20
bitmap: 36 20
bitmap: 16 16
bitmap: 14 42
bitmap: 34 24
bitmap: 34 20
bitmap: 36 24
bitmap: 16 34
bitmap: 36 20
bitmap: 18 18
bitmap: 16 18
bitmap: 34 44
bitmap: 34 20
bitmap: 36 20
bitmap: 14 16
bitmap: 34 20
bitmap: 18 22
bitmap: 16 16
bitmap: 16 50
bitmap: 14 38
bitmap: 14 38
bitmap: 14 32
bitmap: 16 16
bitmap: 36 22
bitmap: 14 22
bitmap: 38 22
bitmap: 36 24
bitmap: 12 18
bitmap: 36 24
bitmap: 34 22
bitmap: 36 20
bitmap: 36 20
bitmap: 36 20
bitmap: 16 34
bitmap: 16 32
bitmap: 36 18
bitmap: 16 34
bitmap: 36 18
bitmap: 12 34
bitmap: 22 24
bitmap: 16 14
bitmap: 16 32
bitmap: 18 12
bitmap: 18 16
bitmap: 12 36
bitmap: 14 14
bitmap: 16 38
bitmap: 38 22
bitmap: 14 18
bitmap: 34 20
bitmap: 14 18
bitmap: 16 14
bitmap: 36 24
bitmap: 34 20
bitmap: 14 18
bitmap: 38 20
bitmap: 14 32
bitmap: 34 22
bitmap: 16 16
bitmap: 36 24
bitmap: 14 16
bitmap: 38 20
bitmap: 38 18
bitmap: 36 24
bitmap: 14 20
bitmap: 34 20
bitmap: 34 20
bitmap: 14 16
bitmap: 38 18
bitmap: 16 32
bitmap: 36 20
bitmap: 34 20
bitmap: 34 20
bitmap: 36 20
bitmap: 36 20
bitmap: 36 24
bitmap: 38 22
bitmap: 12 14
bitmap: 16 34
bitmap: 36 24
bitmap: 36 20
bitmap: 16 34
bitmap: 36 22
bitmap: 36 18
bitmap: 14 32
bitmap: 38 20
bitmap: 16 14
bitmap: 36 20
bitmap: 38 22
bitmap: 34 20
bitmap: 36 20
bitmap: 16 32
bitmap: 36 20
bitmap: 14 32
bitmap: 16 32
bitmap: 36 22
bitmap: 34 24
bitmap: 64 24
bitmap: 40 18
bitmap: 14 22
bitmap: 36 24
bitmap: 34 24
bitmap: 20 18
bitmap: 36 22
bitmap: 16 38
bitmap: 36 20
bitmap: 14 36
bitmap: 36 20
bitmap: 14 38
bitmap: 36 20
bitmap: 14 38
bitmap: 36 20
bitmap: 34 20
bitmap: 36 20
bitmap: 34 24
bitmap: 34 20
bitmap: 14 32
bitmap: 14 20
bitmap: 36 18
bitmap: 14 32
bitmap: 42 20
bitmap: 14 20
bitmap: 14 38
bitmap: 36 24
bitmap: 36 24
bitmap: 34 20
bitmap: 36 22
bitmap: 14 16
bitmap: 36 20
bitmap: 14 34
bitmap: 36 20
bitmap: 36 22
bitmap: 36 20
bitmap: 36 24
bitmap: 36 24
bitmap: 34 22
bitmap: 34 24
bitmap: 40 20
bitmap: 16 16
bitmap: 16 34
bitmap: 34 24
bitmap: 14 16
bitmap: 34 22
bitmap: 34 20
bitmap: 36 22
bitmap: 16 14
bitmap: 36 20
bitmap: 16 34
bitmap: 16 34
bitmap: 36 24
bitmap: 34 22
bitmap: 14 32
bitmap: 16 34
bitmap: 36 20
bitmap: 36 20
bitmap: 16 16
bitmap: 16 16
bitmap: 14 34
bitmap: 36 22
bitmap: 14 14
bitmap: 36 20
bitmap: 36 20
bitmap: 36 22
bitmap: 16 18
bitmap: 36 20
bitmap: 36 24
bitmap: 14 34
bitmap: 36 22
bitmap: 14 18
bitmap: 16 32
bitmap: 12 16
bitmap: 34 24
bitmap: 38 22
bitmap: 16 36
bitmap: 36 20
bitmap: 36 22
bitmap: 36 22
bitmap: 36 24
bitmap: 40 22
bitmap: 14 42
bitmap: 36 20
bitmap: 16 32
bitmap: 36 20
bitmap: 12 20
bitmap: 36 20
bitmap: 96 20
bitmap: 40 24
bitmap: 38 22
bitmap: 46 26
bitmap: 36 20
bitmap: 36 20
bitmap: 16 30
bitmap: 36 22
bitmap: 36 20
bitmap: 14 16
bitmap: 16 24
bitmap: 34 24
bitmap: 34 20
bitmap: 38 20
bitmap: 36 20
bitmap: 16 32
bitmap: 16 18
bitmap: 36 22
bitmap: 36 20
bitmap: 14 38
bitmap: 36 22
bitmap: 16 30
bitmap: 36 20
bitmap: 16 38
bitmap: 36 20
bitmap: 36 20
bitmap: 34 20
bitmap: 14 32
bitmap: 18 16
bitmap: 38 20
bitmap: 16 32
bitmap: 34 22
bitmap: 42 22
bitmap: 40 22
bitmap: 16 34
bitmap: 16 16
bitmap: 34 24
bitmap: 16 18
bitmap: 36 24
bitmap: 36 20
bitmap: 16 14
bitmap: 14 32
bitmap: 36 24
bitmap: 36 24
bitmap: 36 20
bitmap: 36 24
bitmap: 36 22
bitmap: 36 20
bitmap: 36 22
bitmap: 36 20
bitmap: 14 50
bitmap: 16 18
bitmap: 36 22
bitmap: 36 20
bitmap: 14 34
bitmap: 34 22
bitmap: 16 14
bitmap: 16 16
bitmap: 14 14
bitmap: 14 14
bitmap: 36 22
bitmap: 38 18
bitmap: 36 20
bitmap: 16 32
bitmap: 36 20
bitmap: 36 22
bitmap: 16 42
bitmap: 38 22
bitmap: 16 16
bitmap: 36 18
bitmap: 16 16
bitmap: 34 24
bitmap: 36 22
bitmap: 36 20
bitmap: 36 20
bitmap: 36 20
bitmap: 36 26
bitmap: 16 50
bitmap: 36 18
bitmap: 36 20
bitmap: 40 22
bitmap: 16 32
bitmap: 34 170
bitmap: 14 20
bitmap: 34 20
bitmap: 36 20
bitmap: 36 20
bitmap: 36 20
bitmap: 16 16
bitmap: 14 32
bitmap: 34 20
bitmap: 36 24
bitmap: 36 22
bitmap: 14 14
bitmap: 16 30
bitmap: 34 26
bitmap: 34 24
bitmap: 16 32
bitmap: 36 20
bitmap: 16 16
bitmap: 34 22
bitmap: 36 22
bitmap: 14 36
bitmap: 38 22
bitmap: 16 32
bitmap: 20 14
bitmap: 36 48
bitmap: 14 30
bitmap: 34 24
bitmap: 40 18
