fprr: 68 14
fprr: 38 14
fprr: 14 14
fprr: 34 14
fprr: 28 14
fprr: 14 16
fprr: 16 14
fprr: 16 14
fprr: 14 14
fprr: 16 16
fprr: 24 12
fprr: 28 50
fprr: 26 14
fprr: 24 14
fprr: 24 14
fprr: 16 16
fprr: 16 16
fprr: 26 14
fprr: 16 16
fprr: 16 16
fprr: 26 14
fprr: 26 14
fprr: 24 16
fprr: 24 14
fprr: 14 14
fprr: 22 16
fprr: 14 16
fprr: 14 14
fprr: 24 14
fprr: 24 14
fprr: 12 14
fprr: 24 16
fprr: 24 16
fprr: 24 16
fprr: 14 14
fprr: 14 14
fprr: 14 16
fprr: 24 14
fprr: 12 14
fprr: 22 16
fprr: 26 16
fprr: 26 14
fprr: 24 16
fprr: 16 16
fprr: 14 14
fprr: 24 16
fprr: 22 14
fprr: 14 16
fprr: 24 16
fprr: 16 14
fprr: 14 14
fprr: 24 14
fprr: 14 34
fprr: 26 16
fprr: 24 14
fprr: 14 14
fprr: 14 14
fprr: 26 14
fprr: 16 16
fprr: 24 14
fprr: 24 14
fprr: 12 14
fprr: 24 16
fprr: 24 14
fprr: 22 14
fprr: 40 14
fprr: 40 16
fprr: 14 16
fprr: 22 14
fprr: 24 16
fprr: 24 14
fprr: 24 14
fprr: 24 14
fprr: 24 14
fprr: 14 14
fprr: 14 14
fprr: 26 14
fprr: 24 16
fprr: 24 16
fprr: 14 14
fprr: 22 14
fprr: 26 16
fprr: 24 16
fprr: 14 16
fprr: 24 12
fprr: 14 14
fprr: 28 16
fprr: 42 12
fprr: 24 14
fprr: 14 14
fprr: 24 16
fprr: 24 16
fprr: 14 16
fprr: 14 14
fprr: 24 14
fprr: 14 16
fprr: 16 14
fprr: 24 14
fprr: 14 14
fprr: 16 14
fprr: 24 16
fprr: 24 14
fprr: 14 14
fprr: 12 14
fprr: 60 12
fprr: 14 14
fprr: 14 16
fprr: 24 16
fprr: 14 16
fprr: 24 14
fprr: 12 14
fprr: 28 14
fprr: 14 12
fprr: 24 16
fprr: 24 14
fprr: 14 14
fprr: 12 14
fprr: 26 14
fprr: 24 16
fprr: 14 14
fprr: 12 14
fprr: 14 12
fprr: 24 14
fprr: 24 16
fprr: 24 14
fprr: 28 14
fprr: 26 14
fprr: 24 14
fprr: 26 16
fprr: 42 14
fprr: 24 16
fprr: 14 14
fprr: 12 14
fprr: 24 16
fprr: 24 14
fprr: 24 14
fprr: 14 12
fprr: 24 14
fprr: 14 12
fprr: 28 16
fprr: 26 14
fprr: 16 16
fprr: 14 14
fprr: 12 14
fprr: 14 14
fprr: 14 12
fprr: 14 14
fprr: 14 14
fprr: 16 16
fprr: 24 14
fprr: 26 14
fprr: 24 14
fprr: 14 14
fprr: 14 16
fprr: 24 14
fprr: 14 14
fprr: 24 16
fprr: 16 14
fprr: 14 14
fprr: 14 14
fprr: 26 12
fprr: 26 16
fprr: 24 14
fprr: 24 14
fprr: 24 16
fprr: 24 16
fprr: 14 16
fprr: 16 14
fprr: 16 14
fprr: 14 12
fprr: 24 14
fprr: 26 16
fprr: 16 14
fprr: 24 16
fprr: 24 14
fprr: 28 14
fprr: 14 14
fprr: 12 14
fprr: 14 14
fprr: 26 16
fprr: 14 14
fprr: 16 16
fprr: 26 14
fprr: 14 14
fprr: 14 14
fprr: 14 14
fprr: 14 14
fprr: 14 16
fprr: 24 14
fprr: 12 14
fprr: 14 14
fprr: 16 16
fprr: 14 14
fprr: 24 14
fprr: 14 14
fprr: 14 14
fprr: 22 14
fprr: 12 14
fprr: 24 14
fprr: 14 12
fprr: 14 12
fprr: 14 16
fprr: 14 14
fprr: 14 14
fprr: 12 14
fprr: 14 14
fprr: 14 16
fprr: 14 14
fprr: 16 16
fprr: 14 16
fprr: 14 14
fprr: 12 14
fprr: 14 14
fprr: 24 14
fprr: 14 16
fprr: 26 16
fprr: 24 14
fprr: 24 14
fprr: 16 14
fprr: 14 14
fprr: 26 16
fprr: 16 14
fprr: 14 12
fprr: 24 14
fprr: 14 14
fprr: 14 16
fprr: 22 14
fprr: 14 16
fprr: 14 14
fprr: 24 14
fprr: 22 14
fprr: 14 14
fprr: 16 14
fprr: 24 14
fprr: 14 14
fprr: 16 16
fprr: 26 12
fprr: 14 14
fprr: 14 14
fprr: 12 14
fprr: 14 16
fprr: 14 16
fprr: 16 14
fprr: 14 14
fprr: 12 14
fprr: 26 16
fprr: 14 14
fprr: 14 16
fprr: 14 14
fprr: 16 14
fprr: 14 12
fprr: 14 14
fprr: 24 14
fprr: 14 14
fprr: 22 14
fprr: 12 14
fprr: 28 14
fprr: 24 14
fprr: 14 14
fprr: 24 14
fprr: 14 12
fprr: 66 14
fprr: 24 14
fprr: 24 14
fprr: 24 14
fprr: 14 12
fprr: 26 16
fprr: 16 14
fprr: 14 14
fprr: 12 14
fprr: 14 14
fprr: 14 14
fprr: 16 16
fprr: 14 14
fprr: 16 16
fprr: 14 16
fprr: 24 16
fprr: 24 14
fprr: 16 16
fprr: 14 14
fprr: 14 14
fprr: 14 12
fprr: 14 14
fprr: 16 16
fprr: 14 14
fprr: 14 14
fprr: 16 14
fprr: 14 14
fprr: 16 14
fprr: 14 16
fprr: 16 16
fprr: 24 16
fprr: 14 14
fprr: 24 14
fprr: 28 14
fprr: 16 16
fprr: 14 14
fprr: 14 16
fprr: 14 14
fprr: 14 14
fprr: 14 14
fprr: 14 14
fprr: 16 16
fprr: 14 14
fprr: 14 14
fprr: 14 12
fprr: 14 14
fprr: 14 14
fprr: 24 14
fprr: 14 16
fprr: 16 32736
fprr: 16 14
fprr: 14 14
fprr: 16 16
fprr: 16 16
fprr: 26 16
fprr: 16 16
fprr: 28 16
fprr: 16 18
fprr: 24 16
fprr: 30 16
fprr: 14 14
fprr: 30 14
fprr: 14 14
fprr: 14 14
fprr: 14 14
fprr: 14 14
fprr: 14 14
fprr: 16 16
fprr: 26 16
fprr: 26 16
fprr: 16 16
fprr: 16 16
fprr: 16 18
fprr: 24 16
fprr: 26 16
fprr: 16 16
fprr: 16 16
fprr: 16 16
fprr: 16 16
fprr: 16 16
fprr: 26 16
fprr: 14 14
fprr: 14 16
fprr: 16 16
fprr: 14 14
fprr: 14 14
fprr: 14 14
fprr: 14 14
fprr: 14 14
fprr: 16 16
fprr: 14 14
fprr: 16 16
fprr: 14 14
fprr: 14 14
fprr: 14 14
fprr: 16 16
fprr: 14 14
fprr: 16 16
fprr: 16 16
fprr: 16 16
fprr: 14 14
fprr: 28 14
fprr: 14 14
fprr: 14 14
fprr: 28 18
fprr: 16 16
fprr: 28 16
fprr: 14 14
fprr: 28 16
fprr: 16 16
fprr: 16 16
fprr: 26 16
fprr: 16 16
fprr: 16 16
fprr: 16 16
fprr: 24 16
fprr: 16 16
fprr: 16 16
fprr: 14 14
fprr: 16 16
fprr: 14 14
fprr: 14 16
fprr: 24 16
fprr: 16 16
fprr: 16 16
fprr: 16 16
fprr: 26 16
fprr: 28 14
fprr: 14 16
fprr: 16 16
fprr: 16 16
fprr: 16 16
fprr: 14 14
fprr: 16 16
fprr: 24 16
fprr: 16 16
fprr: 14 14
fprr: 14 16
fprr: 14 14
fprr: 16 16
fprr: 16 18
fprr: 14 14
fprr: 14 14
fprr: 14 14
fprr: 26 14
fprr: 14 14
fprr: 16 16
fprr: 16 16
fprr: 16 16
fprr: 16 16
fprr: 16 16
fprr: 14 16
fprr: 16 16
fprr: 14 14
fprr: 16 16
fprr: 14 14
fprr: 16 16
fprr: 16 16
fprr: 16 16
fprr: 14 14
fprr: 16 14
fprr: 14 14
fprr: 14 16
fprr: 16 16
fprr: 14 16
fprr: 16 16
fprr: 16 16
fprr: 24 16
fprr: 24 14
fprr: 30 16
fprr: 16 16
fprr: 14 14
fprr: 14 16
fprr: 24 16
fprr: 26 16
fprr: 16 16
fprr: 14 14
fprr: 14 14
fprr: 14 14
fprr: 16 16
fprr: 16 16
fprr: 16 16
fprr: 16 16
fprr: 14 14
fprr: 14 16
fprr: 14 16
fprr: 16 16
fprr: 16 16
fprr: 14 14
fprr: 14 14
fprr: 14 14
fprr: 14 14
fprr: 16 16
fprr: 16 18
fprr: 16 16
fprr: 16 16
fprr: 14 14
fprr: 14 16
fprr: 14 14
fprr: 16 16
fprr: 16 16
fprr: 30 14
fprr: 24 16
fprr: 14 14
fprr: 14 14
fprr: 26 16
fprr: 14 14
fprr: 14 14
fprr: 14 14
fprr: 16 14
fprr: 28 16
fprr: 26 16
fprr: 16 16
fprr: 24 14
fprr: 26 14
fprr: 28 16
fprr: 16 16
fprr: 16 16
fprr: 16 16
fprr: 16 16
fprr: 14 14
fprr: 14 14
fprr: 14 14
fprr: 16 16
fprr: 14 14
fprr: 16 16
fprr: 16 16
fprr: 16 16
fprr: 26 16
fprr: 16 16
fprr: 16 16
fprr: 14 16
fprr: 14 14
fprr: 16 14
fprr: 14 16
fprr: 16 16
fprr: 14 14
fprr: 16 16
fprr: 14 14
fprr: 14 14
fprr: 26 14
fprr: 14 14
fprr: 28 14
fprr: 14 16
fprr: 16 16
fprr: 26 16
fprr: 30 14
fprr: 26 16
fprr: 14 14
fprr: 14 14
fprr: 14 16
fprr: 14 14
fprr: 14 14
fprr: 16 16
fprr: 16 16
fprr: 16 16
fprr: 14 14
fprr: 24 16
fprr: 16 16
fprr: 16 16
fprr: 16 18
fprr: 14 14
fprr: 14 14
fprr: 30 16
fprr: 24 16
fprr: 24 16
fprr: 16 16
fprr: 28 16
fprr: 16 16
fprr: 16 16
fprr: 16 16
fprr: 26 14
fprr: 24 16
fprr: 14 14
fprr: 14 14
fprr: 16 14
fprr: 26 14
fprr: 14 14
fprr: 16 16
fprr: 14 14
fprr: 24 16
fprr: 26 16
fprr: 16 16
fprr: 16 16
fprr: 26 16
fprr: 16 16
fprr: 30 14
fprr: 14 16
fprr: 16 16
fprr: 16 14
fprr: 16 16
fprr: 16 16
fprr: 26 16
fprr: 14 14
fprr: 14 14
fprr: 16 16
fprr: 14 14
fprr: 14 16
fprr: 14 14
fprr: 24 16
fprr: 14 16
fprr: 16 16
fprr: 24 16
fprr: 14 14
fprr: 14 14
fprr: 14 16
fprr: 16 16
fprr: 16 16
fprr: 26 16
fprr: 16 16
fprr: 16 16
fprr: 28 16
fprr: 16 16
fprr: 16 14
fprr: 14 14
fprr: 16 14
fprr: 24 16
fprr: 16 16
fprr: 14 14
fprr: 14 14
fprr: 14 14
fprr: 26 14
fprr: 28 16
fprr: 16 16
fprr: 26 16
fprr: 16 16
fprr: 16 16
fprr: 16 16
fprr: 26 14
fprr: 14 14
fprr: 14 14
fprr: 14 16
fprr: 16 16
fprr: 16 16
fprr: 16 16
fprr: 26 16
fprr: 30 14
fprr: 14 14
fprr: 14 16
fprr: 16 18
fprr: 16 16
fprr: 16 16
fprr: 14 14
fprr: 16 16
fprr: 16 16
fprr: 16 16
fprr: 26 16
fprr: 16 16
fprr: 16 16
fprr: 16 16
fprr: 16 16
fprr: 14 14
fprr: 14 16
fprr: 16 18
fprr: 16 16
fprr: 16 16
fprr: 14 14
fprr: 16 16
fprr: 14 14
fprr: 14 14
fprr: 14 14
fprr: 26 14
fprr: 14 14
fprr: 14 16
fprr: 16 18
fprr: 16 16
fprr: 24 16
fprr: 16 16
fprr: 14 14
fprr: 14 14
fprr: 14 14
fprr: 26 18
fprr: 30 14
fprr: 14 16
fprr: 16 16
fprr: 16 16
fprr: 16 16
fprr: 16 16
fprr: 16 16
fprr: 14 14
fprr: 14 14
fprr: 14 14
fprr: 16 16
fprr: 14 14
fprr: 16 16
fprr: 16 16
fprr: 16 16
fprr: 14 14
fprr: 16 16
fprr: 14 14
fprr: 14 14
fprr: 14 14
fprr: 16 14
fprr: 14 16
fprr: 16 16
fprr: 14 14
fprr: 24 16
fprr: 16 16
fprr: 16 16
fprr: 16 18
fprr: 24 16
fprr: 26 14
fprr: 14 14
fprr: 28 16
fprr: 26 16
fprr: 14 14
fprr: 30 14
fprr: 14 14
fprr: 14 14
fprr: 16 18
fprr: 16 16
fprr: 16 16
fprr: 14 14
fprr: 16 16
fprr: 14 14
fprr: 14 14
fprr: 14 16
fprr: 16 16
fprr: 14 16
fprr: 16 16
fprr: 26 16
fprr: 16 16
fprr: 16 16
fprr: 16 16
fprr: 14 14
fprr: 16 16
fprr: 14 14
fprr: 14 14
fprr: 16 14
fprr: 16 16
fprr: 16 16
fprr: 16 16
fprr: 16 16
fprr: 14 16
fprr: 14 14
fprr: 26 14
fprr: 14 14
fprr: 14 14
fprr: 14 16
fprr: 16 16
fprr: 26 16
fprr: 24 16
fprr: 14 14
fprr: 14 16
fprr: 16 16
fprr: 16 16
fprr: 16 18
fprr: 14 14
fprr: 14 14
fprr: 14 16
fprr: 16 16
fprr: 16 16
fprr: 24 16
fprr: 26 14
fprr: 14 14
fprr: 14 16
fprr: 16 16
fprr: 14 16
fprr: 16 16
fprr: 30 16
fprr: 14 16
fprr: 16 14
fprr: 16 16
fprr: 14 14
fprr: 14 16
fprr: 16 18
fprr: 16 16
fprr: 14 14
fprr: 16 16
fprr: 14 14
fprr: 26 14
fprr: 14 14
fprr: 14 14
fprr: 16 14
fprr: 16 16
fprr: 16 16
fprr: 16 14
fprr: 14 14
fprr: 14 16
fprr: 16 18
fprr: 16 16
fprr: 16 16
fprr: 14 14
fprr: 24 16
fprr: 16 16
fprr: 16 16
fprr: 14 16
fprr: 14 14
fprr: 14 14
fprr: 26 14
fprr: 14 14
fprr: 30 16
fprr: 16 14
fprr: 14 14
fprr: 14 14
fprr: 16 38
fprr: 24 16
fprr: 14 14
fprr: 14 16
fprr: 16 16
fprr: 16 16
fprr: 14 16
fprr: 14 14
fprr: 14 14
fprr: 16 14
fprr: 14 16
fprr: 16 16
fprr: 32 16
fprr: 26 16
fprr: 16 16
fprr: 16 14
fprr: 24 16
fprr: 16 16
fprr: 24 16
fprr: 24 14
fprr: 14 14
fprr: 30 18
fprr: 16 16
fprr: 28 16
fprr: 24 14
fprr: 14 14
fprr: 14 14
fprr: 16 16
fprr: 14 14
fprr: 16 16
fprr: 14 14
fprr: 24 16
fprr: 26 16
fprr: 16 16
fprr: 14 14
fprr: 14 14
fprr: 28 16
fprr: 16 16
fprr: 16 16
fprr: 16 16
fprr: 26 16
fprr: 16 16
fprr: 14 16
fprr: 26 18
fprr: 16 16
fprr: 16 14
fprr: 14 14
fprr: 16 16
fprr: 14 14
fprr: 16 16
fprr: 16 16
fprr: 16 16
fprr: 14 14
fprr: 16 16
fprr: 14 14
fprr: 14 14
fprr: 14 14
fprr: 16 14
fprr: 14 16
fprr: 16 16
fprr: 14 14
fprr: 16 16
fprr: 14 14
fprr: 24 16
fprr: 16 16
fprr: 14 14
fprr: 14 16
fprr: 14 14
fprr: 14 14
fprr: 14 14
fprr: 14 14
fprr: 16 16
fprr: 14 14
fprr: 16 16
fprr: 16 16
fprr: 16 16
fprr: 14 14
fprr: 14 14
fprr: 14 14
fprr: 26 14
fprr: 14 14
fprr: 14 14
fprr: 14 16
fprr: 24 16
fprr: 16 16
fprr: 14 14
fprr: 14 16
fprr: 16 16
fprr: 16 16
fprr: 16 14
fprr: 14 16
fprr: 14 14
fprr: 14 16
fprr: 24 16
fprr: 16 16
fprr: 16 14
fprr: 14 16
fprr: 16 16
fprr: 16 16
fprr: 14 14
fprr: 14 14
fprr: 14 14
fprr: 28 16
fprr: 26 16
fprr: 16 16
fprr: 16 16
fprr: 16 16
fprr: 16 16
fprr: 14 14
fprr: 14 14
fprr: 14 14
fprr: 16 16
fprr: 14 14
fprr: 16 16
fprr: 16 16
fprr: 26 16
fprr: 16 16
fprr: 14 16
fprr: 16 16
fprr: 16 16
fprr: 14 14
fprr: 14 16
fprr: 14 14
fprr: 16 16
fprr: 16 16
fprr: 14 16
fprr: 24 16
fprr: 16 16
fprr: 16 14
fprr: 14 14
fprr: 16 14
fprr: 14 14
fprr: 16 16
fprr: 24 16
fprr: 16 16
fprr: 16 16
fprr: 16 16
fprr: 14 14
fprr: 16 16
fprr: 14 14
fprr: 16 16
fprr: 16 16
fprr: 16 16
fprr: 14 14
fprr: 16 16
fprr: 24 16
fprr: 16 16
fprr: 16 14
fprr: 14 14
fprr: 14 16
fprr: 16 16
fprr: 24 14
fprr: 14 16
fprr: 16 16
fprr: 14 14
fprr: 16 16
fprr: 14 14
fprr: 16 18
fprr: 26 16
fprr: 16 16
fprr: 28 16
fprr: 26 16
fprr: 14 14
fprr: 14 16
fprr: 26 16
fprr: 16 16
fprr: 14 14
fprr: 14 14
fprr: 14 14
fprr: 14 14
fprr: 16 16
fprr: 14 14
fprr: 16 16
fprr: 16 16
fprr: 16 16
fprr: 14 14
fprr: 16 16
fprr: 26 16
fprr: 14 14
fprr: 14 14
fprr: 16 14
fprr: 14 16
fprr: 16 16
fprr: 14 14
fprr: 16 16
fprr: 30 16
fprr: 16 16
fprr: 26 16
fprr: 14 14
fprr: 16 14
fprr: 14 14
fprr: 16 16
fprr: 14 14
fprr: 24 16
fprr: 14 16
fprr: 16 16
fprr: 16 16
fprr: 16 16
fprr: 16 16
fprr: 16 16
fprr: 16 16
fprr: 14 14
fprr: 16 16
fprr: 14 14
fprr: 14 14
fprr: 16 16
fprr: 28 18
fprr: 16 16
fprr: 24 14
fprr: 14 16
fprr: 16 16
fprr: 16 16
fprr: 16 16
fprr: 26 16
fprr: 14 14
fprr: 14 16
fprr: 32 16
fprr: 16 16
fprr: 26 16
fprr: 16 16
fprr: 16 16
fprr: 26 16
fprr: 14 14
fprr: 14 14
fprr: 14 16
fprr: 14 14
fprr: 24 16
fprr: 16 16
fprr: 52 18
fprr: 16 16
fprr: 26 16
fprr: 16 16
fprr: 16 16
fprr: 14 16
fprr: 14 14
fprr: 14 14
fprr: 16 16
fprr: 14 14
fprr: 16 16
fprr: 14 14
fprr: 14 14
fprr: 14 14
fprr: 14 14
fprr: 14 14
