fprr: 40 14
fprr: 42 16
fprr: 52 16
fprr: 34 14
fprr: 34 16
fprr: 32 16
fprr: 16 16
fprr: 84 16
fprr: 30 16
fprr: 16 16
fprr: 24 14
fprr: 26 16
fprr: 14 16
fprr: 16 16
fprr: 28 16
fprr: 14 16
fprr: 26 16
fprr: 16 16
fprr: 26 16
fprr: 38 16
fprr: 16 40
fprr: 16 16
fprr: 30 16
fprr: 16 16
fprr: 14 16
fprr: 14 16
fprr: 30 16
fprr: 16 16
fprr: 14 16
fprr: 16 16
fprr: 54 16
fprr: 56 16
fprr: 26 16
fprr: 16 16
fprr: 46 16
fprr: 30 16
fprr: 14 16
fprr: 16 16
fprr: 16 16
fprr: 30 16
fprr: 26 16
fprr: 14 16
fprr: 32 16
fprr: 48 18
fprr: 32 16
fprr: 16 16
fprr: 16 16
fprr: 26 16
fprr: 14 16
fprr: 14 18
fprr: 16 16
fprr: 16 16
fprr: 14 14
fprr: 32 18
fprr: 18 16
fprr: 16 14
fprr: 16 14
fprr: 32 16
fprr: 16 16
fprr: 16 16
fprr: 14 16
fprr: 16 16
fprr: 26 16
fprr: 26 16
fprr: 16 16
fprr: 16 16
fprr: 26 16
fprr: 16 16
fprr: 16 16
fprr: 46 16
fprr: 16 16
fprr: 16 16
fprr: 30 16
fprr: 46 16
fprr: 70 14
fprr: 60 16
fprr: 32 14
fprr: 16 16
fprr: 26 16
fprr: 16 16
fprr: 26 16
fprr: 16 16
fprr: 36 16
fprr: 66 16
fprr: 30 16
fprr: 16 14
fprr: 30 16
fprr: 16 16
fprr: 16 16
fprr: 16 14
fprr: 28 16
fprr: 16 16
fprr: 16 16
fprr: 16 16
fprr: 28 16
fprr: 36 16
fprr: 36 16
fprr: 16 16
fprr: 16 54
fprr: 28 16
fprr: 30 16
fprr: 14 16
fprr: 24 16
fprr: 16 16
fprr: 24 16
fprr: 26 16
fprr: 16 16
fprr: 14 14
fprr: 28 16
fprr: 14 16
fprr: 46 16
fprr: 16 16
fprr: 28 16
fprr: 16 16
fprr: 16 16
fprr: 26 16
fprr: 16 16
fprr: 16 14
fprr: 28 16
fprr: 16 14
fprr: 14 14
fprr: 26 16
fprr: 16 16
fprr: 14 16
fprr: 28 16
fprr: 70 52
fprr: 26 14
fprr: 14 16
fprr: 14 16
fprr: 16 14
fprr: 26 16
fprr: 16 14
fprr: 16 16
fprr: 14 16
fprr: 16 14
fprr: 30 16
fprr: 28 16
fprr: 16 16
fprr: 14 16
fprr: 34 16
fprr: 16 16
fprr: 14 14
fprr: 16 16
fprr: 26 18
fprr: 14 16
fprr: 32 16
fprr: 16 16
fprr: 28 16
fprr: 16 16
fprr: 14 14
fprr: 28 16
fprr: 14 16
fprr: 16 16
fprr: 16 14
fprr: 16 16
fprr: 48 16
fprr: 14 16
fprr: 16 14
fprr: 26 16
fprr: 26 16
fprr: 14 16
fprr: 68 16
fprr: 16 14
fprr: 26 16
fprr: 30 16
fprr: 16 16
fprr: 66 16
fprr: 16 16
fprr: 16 16
fprr: 30 16
fprr: 26 16
fprr: 26 52
fprr: 46 18
fprr: 28 18
fprr: 16 16
fprr: 26 16
fprr: 14 16
fprr: 50 16
fprr: 30 16
fprr: 16 16
fprr: 28 16
fprr: 26 16
fprr: 30 18
fprr: 26 16
fprr: 26 16
fprr: 26 16
fprr: 14 16
fprr: 14 16
fprr: 16 16
fprr: 16 16
fprr: 24 16
fprr: 16 18
fprr: 28 16
fprr: 16 16
fprr: 30 16
fprr: 16 16
fprr: 16 16
fprr: 24 14
fprr: 30 16
fprr: 26 16
fprr: 26 16
fprr: 80 14
fprr: 34 16
fprr: 16 16
fprr: 32 54
fprr: 26 16
fprr: 26 16
fprr: 26 16
fprr: 26 16
fprr: 16 14
fprr: 32 16
fprr: 16 16
fprr: 56 14
fprr: 28 16
fprr: 16 16
fprr: 16 16
fprr: 16 16
fprr: 34 16
fprr: 48 16
fprr: 16 16
fprr: 34 16
fprr: 16 14
fprr: 26 16
fprr: 28 16
fprr: 26 16
fprr: 26 16
fprr: 28 16
fprr: 16 16
fprr: 16 14
fprr: 16 14
fprr: 28 16
fprr: 16 14
fprr: 30 14
fprr: 14 52
fprr: 46 16
fprr: 18 16
fprr: 30 16
fprr: 48 14
fprr: 32 16
fprr: 14 14
fprr: 26 18
fprr: 16 16
fprr: 64 16
fprr: 30 16
fprr: 26 16
fprr: 14 16
fprr: 28 16
fprr: 16 16
fprr: 16 16
fprr: 16 16
fprr: 50 18
fprr: 28 16
fprr: 16 16
fprr: 36 16
fprr: 16 16
fprr: 28 16
fprr: 28 16
fprr: 16 16
fprr: 24 16
fprr: 26 16
fprr: 26 16
fprr: 32 16
fprr: 50 16
fprr: 32 16
fprr: 26 16
fprr: 28 16
fprr: 14 16
fprr: 14 16
fprr: 16 16
fprr: 28 16
fprr: 46 16
fprr: 46 16
fprr: 34 16
fprr: 14 16
fprr: 34 16
fprr: 46 14
fprr: 16 16
fprr: 24 16
fprr: 14 18
fprr: 16 16
fprr: 26 16
fprr: 14 16
fprr: 16 16
fprr: 16 16
fprr: 16 16
fprr: 28 18
fprr: 16 16
fprr: 30 16
fprr: 16 14
fprr: 16 16
fprr: 36 18
fprr: 30 16
fprr: 16 16
fprr: 32 16
fprr: 16 16
fprr: 14 16
fprr: 28 16
fprr: 14 14
fprr: 36 42
fprr: 26 16
fprr: 26 16
fprr: 16 16
fprr: 14 14
fprr: 36 16
fprr: 26 16
fprr: 28 18
fprr: 16 16
fprr: 14 16
fprr: 30 16
fprr: 26 18
fprr: 16 16
fprr: 16 16
fprr: 46 16
fprr: 28 14
fprr: 28 16
fprr: 26 16
fprr: 26 16
fprr: 16 16
fprr: 28 16
fprr: 26 16
fprr: 16 16
fprr: 24 16
fprr: 16 18
fprr: 26 16
fprr: 26 16
fprr: 26 16
fprr: 16 16
fprr: 16 16
fprr: 46 16
fprr: 26 16
fprr: 14 14
fprr: 36 16
fprr: 16 14
fprr: 14 16
fprr: 16 16
fprr: 24 16
fprr: 26 16
fprr: 16 16
fprr: 26 16
fprr: 16 16
fprr: 48 18
fprr: 32 16
fprr: 26 16
fprr: 28 16
fprr: 28 16
fprr: 46 16
fprr: 16 14
fprr: 28 16
fprr: 26 18
fprr: 30 16
fprr: 30 16
fprr: 32 16
fprr: 26 16
fprr: 16 16
fprr: 16 16
fprr: 16 16
fprr: 46 14
fprr: 48 16
fprr: 44 16
fprr: 32 16
fprr: 28 16
fprr: 14 16
fprr: 16 16
fprr: 46 16
fprr: 28 16
fprr: 32 16
fprr: 16 16
fprr: 26 16
fprr: 26 18
fprr: 46 16
fprr: 16 16
fprr: 26 16
fprr: 26 16
fprr: 28 18
fprr: 26 16
fprr: 30 16
fprr: 26 16
fprr: 26 16
fprr: 28 16
fprr: 46 16
fprr: 24 16
fprr: 26 16
fprr: 30 16
fprr: 16 16
fprr: 16 16
fprr: 16 16
fprr: 28 16
fprr: 14 16
fprr: 46 16
fprr: 46 16
fprr: 14 16
fprr: 32 14
fprr: 26 18
fprr: 26 16
fprr: 30 14
fprr: 26 14
fprr: 16 16
fprr: 46 16
fprr: 32 16
fprr: 28 16
fprr: 16 16
fprr: 28 16
fprr: 16 14
fprr: 16 16
fprr: 16 14
fprr: 16 16
fprr: 30 16
fprr: 30 16
fprr: 26 16
fprr: 46 18
fprr: 16 16
fprr: 48 16
fprr: 16 16
fprr: 46 16
fprr: 14 16
fprr: 16 16
fprr: 16 16
fprr: 28 16
fprr: 30 16
fprr: 30 16
fprr: 28 14
fprr: 26 18
fprr: 16 16
fprr: 28 16
fprr: 30 16
fprr: 26 16
fprr: 16 16
fprr: 46 16
fprr: 16 16
fprr: 26 16
fprr: 28 16
fprr: 14 16
fprr: 26 14
fprr: 28 16
fprr: 28 16
fprr: 14 18
fprr: 26 16
fprr: 54 16
fprr: 32 14
fprr: 16 16
fprr: 30 14
fprr: 16 14
fprr: 48 18
fprr: 16 18
fprr: 16 14
fprr: 28 18
fprr: 28 14
fprr: 16 14
fprr: 16 16
fprr: 46 16
fprr: 46 16
fprr: 16 16
fprr: 46 16
fprr: 14 14
fprr: 18 16
fprr: 30 16
fprr: 34 16
fprr: 26 16
fprr: 14 16
fprr: 16 16
fprr: 26 16
fprr: 48 16
fprr: 24 16
fprr: 26 16
fprr: 28 16
fprr: 26 18
fprr: 34 16
fprr: 28 16
fprr: 16 16
fprr: 16 16
fprr: 26 16
fprr: 26 16
fprr: 72 16
fprr: 30 16
fprr: 26 14
fprr: 14 16
fprr: 28 18
fprr: 16 16
fprr: 16 16
fprr: 30 16
fprr: 26 16
fprr: 26 16
fprr: 16 14
fprr: 16 16
fprr: 48 14
fprr: 28 16
fprr: 32 16
fprr: 18 16
fprr: 46 16
fprr: 28 16
fprr: 16 14
fprr: 30 16
fprr: 16 14
fprr: 14 16
fprr: 30 16
fprr: 14 16
fprr: 28 16
fprr: 28 14
fprr: 28 18
fprr: 26 18
fprr: 16 16
fprr: 30 14
fprr: 16 16
fprr: 52 16
fprr: 16 14
fprr: 34 16
fprr: 16 16
fprr: 30 14
fprr: 16 14
fprr: 16 14
fprr: 28 14
fprr: 26 16
fprr: 14 16
fprr: 16 14
fprr: 28 16
fprr: 16 14
fprr: 28 16
fprr: 24 16
fprr: 26 16
fprr: 26 16
fprr: 16 14
fprr: 48 16
fprr: 26 16
fprr: 32 18
fprr: 26 16
fprr: 26 14
fprr: 16 16
fprr: 16 18
fprr: 16 16
fprr: 16 14
fprr: 48 18
fprr: 30 16
fprr: 30 16
fprr: 14 16
fprr: 28 16
fprr: 30 16
fprr: 16 16
fprr: 48 16
fprr: 16 14
fprr: 46 16
fprr: 26 16
fprr: 26 16
fprr: 34 16
fprr: 14 16
fprr: 46 16
fprr: 28 18
fprr: 26 16
fprr: 26 14
fprr: 14 16
fprr: 46 16
fprr: 28 18
fprr: 26 16
fprr: 16 14
fprr: 28 16
fprr: 28 18
fprr: 46 16
fprr: 26 16
fprr: 26 18
fprr: 32 16
fprr: 16 16
fprr: 30 14
fprr: 26 16
fprr: 26 16
fprr: 16 16
fprr: 28 16
fprr: 16 14
fprr: 48 16
fprr: 26 16
fprr: 26 16
fprr: 30 16
fprr: 46 16
fprr: 16 14
fprr: 30 18
fprr: 16 16
fprr: 26 16
fprr: 26 18
fprr: 30 16
fprr: 26 16
fprr: 16 16
fprr: 14 16
fprr: 30 18
fprr: 26 16
fprr: 28 16
fprr: 16 16
fprr: 28 16
fprr: 24 16
fprr: 16 16
fprr: 16 14
fprr: 28 16
fprr: 26 18
fprr: 30 14
fprr: 16 14
fprr: 16 16
fprr: 16 16
fprr: 16 14
fprr: 46 14
fprr: 54 16
fprr: 16 14
fprr: 16 14
fprr: 48 14
fprr: 14 16
fprr: 14 16
fprr: 16 16
fprr: 14 16
fprr: 16 14
fprr: 50 16
fprr: 48 14
fprr: 24 16
fprr: 28 18
fprr: 14 16
fprr: 26 16
fprr: 28 16
fprr: 26 16
fprr: 26 14
fprr: 16 16
fprr: 26 16
fprr: 26 16
fprr: 32 16
fprr: 26 16
fprr: 28 16
fprr: 32 16
fprr: 26 18
fprr: 36 18
fprr: 26 16
fprr: 16 16
fprr: 16 16
fprr: 26 16
fprr: 26 16
fprr: 18 16
fprr: 46 16
fprr: 30 16
fprr: 26 16
fprr: 26 16
fprr: 26 16
fprr: 14 16
fprr: 28 16
fprr: 16 16
fprr: 32 16
fprr: 26 16
fprr: 26 16
fprr: 16 16
fprr: 28 16
fprr: 30 16
fprr: 30 16
fprr: 14 16
fprr: 46 16
fprr: 26 16
fprr: 70 16
fprr: 26 16
fprr: 26 16
fprr: 28 16
fprr: 34 18
fprr: 26 16
fprr: 16 16
fprr: 44 16
fprr: 24 18
fprr: 46 16
fprr: 16 14
fprr: 26 16
fprr: 26 14
fprr: 28 18
fprr: 24 18
fprr: 16 14
fprr: 16 14
fprr: 30 16
fprr: 16 14
fprr: 14 14
fprr: 48 18
fprr: 30 18
fprr: 28 14
fprr: 16 14
fprr: 26 14
fprr: 32 16
fprr: 28 16
fprr: 30 16
fprr: 16 14
fprr: 16 14
fprr: 16 18
fprr: 24 16
fprr: 24 16
fprr: 14 16
fprr: 30 16
fprr: 26 16
fprr: 26 16
fprr: 26 16
fprr: 28 18
fprr: 16 16
fprr: 28 16
fprr: 28 16
fprr: 26 16
fprr: 14 16
fprr: 28 18
fprr: 16 16
fprr: 14 14
fprr: 26 16
fprr: 26 18
fprr: 14 16
fprr: 28 16
fprr: 16 16
fprr: 26 16
fprr: 26 16
fprr: 26 16
fprr: 26 16
fprr: 16 16
fprr: 28 16
fprr: 48 16
fprr: 26 18
fprr: 50 16
fprr: 14 16
fprr: 30 14
fprr: 26 16
fprr: 16 16
fprr: 28 16
fprr: 26 16
fprr: 26 16
fprr: 26 16
fprr: 28 18
fprr: 14 14
fprr: 16 14
fprr: 30 16
fprr: 26 18
fprr: 16 16
fprr: 16 16
fprr: 30 14
fprr: 26 16
fprr: 26 18
fprr: 28 16
fprr: 14 16
fprr: 30 16
fprr: 30 16
fprr: 28 16
fprr: 30 16
fprr: 26 16
fprr: 46 16
fprr: 30 16
fprr: 26 16
fprr: 26 16
fprr: 16 14
fprr: 30 18
fprr: 16 16
fprr: 30 14
fprr: 28 14
fprr: 16 14
fprr: 50 18
fprr: 26 18
fprr: 14 14
fprr: 30 16
fprr: 30 16
fprr: 16 16
fprr: 28 16
fprr: 16 16
fprr: 16 16
fprr: 32 16
fprr: 14 16
fprr: 16 16
fprr: 28 16
fprr: 26 14
fprr: 30 16
fprr: 26 16
fprr: 26 16
fprr: 26 16
fprr: 46 16
fprr: 26 18
fprr: 28 16
fprr: 14 16
fprr: 32 16
fprr: 14 14
fprr: 16 18
fprr: 16 16
fprr: 16 16
fprr: 32 16
fprr: 26 16
fprr: 14 16
fprr: 32 16
fprr: 26 16
fprr: 16 16
fprr: 32 16
fprr: 28 18
fprr: 28 16
fprr: 26 16
fprr: 26 18
fprr: 14 16
fprr: 28 16
fprr: 26 16
fprr: 16 16
fprr: 30 16
fprr: 28 18
fprr: 26 16
fprr: 26 16
fprr: 16 16
fprr: 16 16
fprr: 30 16
fprr: 26 16
fprr: 14 16
fprr: 16 16
fprr: 44 14
fprr: 34 16
fprr: 16 14
fprr: 16 16
fprr: 28 16
fprr: 48 16
fprr: 26 16
fprr: 18 16
fprr: 16 16
fprr: 16 14
fprr: 30 16
fprr: 16 16
fprr: 30 18
fprr: 26 16
fprr: 14 16
fprr: 26 16
fprr: 14 16
fprr: 30 16
fprr: 48 16
fprr: 30 16
fprr: 28 18
fprr: 16 16
fprr: 16 16
fprr: 26 16
fprr: 32 18
fprr: 16 16
fprr: 32 14
fprr: 30 16
fprr: 16 16
fprr: 16 16
fprr: 28 16
fprr: 26 16
fprr: 28 18
fprr: 30 16
fprr: 16 18
fprr: 28 18
fprr: 16 16
fprr: 30 14
fprr: 26 16
fprr: 16 14
fprr: 32 16
fprr: 26 16
fprr: 26 16
fprr: 30 16
fprr: 34 16
fprr: 26 16
fprr: 14 16
fprr: 30 16
fprr: 28 18
fprr: 26 16
fprr: 16 16
fprr: 16 14
fprr: 26 16
fprr: 26 16
fprr: 16 16
fprr: 32 16
fprr: 34 16
fprr: 30 16
fprr: 14 16
fprr: 16 16
fprr: 26 16
fprr: 26 16
fprr: 16 16
fprr: 16 16
fprr: 16 14
fprr: 32 16
fprr: 16 16
fprr: 14 16
fprr: 16 16
fprr: 28 16
fprr: 28 18
fprr: 14 16
fprr: 16 16
fprr: 30 16
fprr: 26 16
fprr: 16 16
fprr: 26 16
fprr: 26 16
fprr: 16 14
fprr: 14 16
fprr: 16 16
fprr: 26 16
fprr: 32 18
fprr: 26 18
fprr: 16 16
fprr: 46 16
fprr: 30 16
fprr: 28 16
fprr: 26 18
fprr: 16 16
fprr: 30 16
fprr: 26 16
fprr: 50 14
fprr: 32 16
fprr: 16 16
fprr: 48 18
fprr: 30 16
fprr: 30 16
fprr: 16 16
fprr: 28 14
fprr: 26 16
fprr: 48 16
fprr: 16 16
fprr: 26 16
fprr: 16 16
fprr: 16 14
fprr: 24 14
fprr: 30 16
fprr: 16 16
fprr: 16 16
fprr: 32 16
fprr: 16 16
fprr: 26 16
fprr: 16 16
fprr: 14 16
fprr: 16 16
fprr: 30 16
fprr: 16 16
fprr: 16 14
fprr: 28 16
fprr: 34 16
fprr: 28 16
fprr: 34 16
fprr: 26 16
fprr: 26 16
fprr: 26 16
fprr: 16 16
fprr: 16 16
fprr: 30 18
fprr: 28 16
fprr: 28 16
fprr: 30 14
fprr: 26 16
fprr: 28 16
fprr: 16 16
fprr: 16 16
fprr: 28 18
fprr: 26 16
fprr: 16 14
fprr: 28 16
fprr: 14 16
fprr: 26 18
fprr: 48 18
fprr: 26 16
fprr: 26 16
fprr: 26 16
fprr: 26 16
fprr: 16 14
fprr: 28 18
fprr: 28 16
fprr: 32 16
fprr: 14 16
fprr: 46 16
fprr: 30 16
fprr: 26 16
fprr: 16 16
fprr: 26 18
fprr: 14 16
fprr: 46 16
fprr: 32 16
fprr: 26 16
fprr: 26 16
fprr: 14 16
fprr: 30 16
fprr: 46 18
fprr: 16 16
fprr: 14 16
fprr: 30 16
fprr: 30 16
fprr: 16 14
fprr: 30 16
fprr: 28 16
fprr: 30 16
fprr: 16 16
fprr: 26 16
fprr: 26 16
fprr: 26 16
fprr: 16 16
fprr: 26 16
fprr: 46 16
fprr: 14 16
fprr: 28 16
fprr: 26 16
fprr: 16 14
fprr: 16 16
fprr: 28 14
fprr: 14 16
fprr: 32 16
fprr: 16 16
fprr: 16 16
fprr: 28 16
fprr: 26 16
fprr: 16 14
fprr: 30 16
fprr: 16 16
fprr: 14 14
fprr: 16 16
fprr: 14 16
fprr: 16 16
fprr: 16 14
fprr: 16 16
fprr: 16 16
fprr: 16 16
fprr: 26 16
fprr: 32 16
