fprr: 92
fprr: 70
fprr: 32
fprr: 28
fprr: 30
fprr: 32
fprr: 72
fprr: 30
fprr: 40
fprr: 32
fprr: 28
fprr: 50
fprr: 32
fprr: 28
fprr: 30
fprr: 28
fprr: 30
fprr: 32
fprr: 28
fprr: 28
fprr: 28
fprr: 40
fprr: 28
fprr: 28
fprr: 46
fprr: 42
fprr: 32
fprr: 42
fprr: 32
fprr: 46
fprr: 28
fprr: 30
fprr: 38
fprr: 40
fprr: 40
fprr: 42
fprr: 42
fprr: 46
fprr: 40
fprr: 40
fprr: 28
fprr: 40
fprr: 28
fprr: 48
fprr: 32
fprr: 32
fprr: 28
fprr: 40
fprr: 28
fprr: 28
fprr: 28
fprr: 38
fprr: 46
fprr: 32
fprr: 40
fprr: 38
fprr: 30
fprr: 32
fprr: 68
fprr: 32
fprr: 30
fprr: 42
fprr: 32
fprr: 42
fprr: 32
fprr: 74
fprr: 32
fprr: 76
fprr: 28
fprr: 60
fprr: 32
fprr: 62
fprr: 30
fprr: 32
fprr: 28
fprr: 30
fprr: 28
fprr: 30
fprr: 32
fprr: 32
fprr: 32
fprr: 44
fprr: 42
fprr: 40
fprr: 40
fprr: 32
fprr: 52
fprr: 32
fprr: 32
fprr: 32
fprr: 46
fprr: 44
fprr: 28
fprr: 38
fprr: 32
fprr: 32
fprr: 40
fprr: 28
fprr: 28
fprr: 42
fprr: 32
fprr: 40
fprr: 28
fprr: 68
fprr: 40
fprr: 30
fprr: 32
fprr: 32
fprr: 32
fprr: 40
fprr: 42
fprr: 42
fprr: 32
fprr: 40
fprr: 38
fprr: 42
fprr: 30
fprr: 42
fprr: 74
fprr: 74
fprr: 40
fprr: 32
fprr: 42
fprr: 32
fprr: 42
fprr: 42
fprr: 44
fprr: 40
fprr: 28
fprr: 40
fprr: 30
fprr: 44
fprr: 44
fprr: 40
fprr: 28
fprr: 32
fprr: 40
fprr: 44
fprr: 32
fprr: 44
fprr: 42
fprr: 30
fprr: 32
fprr: 32
fprr: 44
fprr: 28
fprr: 28
fprr: 28
fprr: 40
fprr: 42
fprr: 40
fprr: 42
fprr: 28
fprr: 42
fprr: 32
fprr: 32
fprr: 58
fprr: 68
fprr: 28
fprr: 30
fprr: 28
fprr: 40
fprr: 32
fprr: 32
fprr: 44
fprr: 44
fprr: 42
fprr: 60
fprr: 40
fprr: 40
fprr: 30
fprr: 44
fprr: 68
fprr: 32
fprr: 42
fprr: 32
fprr: 44
fprr: 40
fprr: 42
fprr: 30
fprr: 32
fprr: 28
fprr: 40
fprr: 28
fprr: 32
fprr: 28
fprr: 32
fprr: 32
fprr: 44
fprr: 28
fprr: 32
fprr: 28
fprr: 40
fprr: 60
fprr: 32
fprr: 32
fprr: 44
fprr: 32
fprr: 42
fprr: 42
fprr: 32
fprr: 42
fprr: 62
fprr: 32
fprr: 42
fprr: 32
fprr: 28
fprr: 64
fprr: 28
fprr: 42
fprr: 32
fprr: 32
fprr: 30
fprr: 32
fprr: 30
fprr: 38
fprr: 44
fprr: 42
fprr: 32
fprr: 42
fprr: 32
fprr: 62
fprr: 32
fprr: 44
fprr: 28
fprr: 32
fprr: 42
fprr: 32
fprr: 32
fprr: 42
fprr: 32
fprr: 40
fprr: 42
fprr: 42
fprr: 32
fprr: 42
fprr: 42
fprr: 32
fprr: 28
fprr: 32
fprr: 42
fprr: 32
fprr: 42
fprr: 28
fprr: 28
fprr: 42
fprr: 28
fprr: 46
fprr: 62
fprr: 28
fprr: 32
fprr: 32
fprr: 42
fprr: 32
fprr: 28
fprr: 28
fprr: 40
fprr: 28
fprr: 32
fprr: 42
fprr: 42
fprr: 42
fprr: 44
fprr: 46
fprr: 42
fprr: 38
fprr: 38
fprr: 42
fprr: 32
fprr: 32
fprr: 38
fprr: 42
fprr: 28
fprr: 28
fprr: 46
fprr: 32
fprr: 44
fprr: 42
fprr: 44
fprr: 38
fprr: 28
fprr: 28
fprr: 40
fprr: 32
fprr: 32
fprr: 32
fprr: 32
fprr: 28
fprr: 28
fprr: 40
fprr: 32
fprr: 42
fprr: 32
fprr: 44
fprr: 42
fprr: 46
fprr: 44
fprr: 46
fprr: 44
fprr: 44
fprr: 44
fprr: 28
fprr: 28
fprr: 28
fprr: 42
fprr: 28
fprr: 32
fprr: 62
fprr: 40
fprr: 40
fprr: 28
fprr: 28
fprr: 32
fprr: 42
fprr: 32
fprr: 32
fprr: 42
fprr: 40
fprr: 28
fprr: 42
fprr: 28
fprr: 40
fprr: 28
fprr: 30
fprr: 28
fprr: 40
fprr: 32
fprr: 42
fprr: 40
fprr: 40
fprr: 40
fprr: 38
fprr: 28
fprr: 32
fprr: 40
fprr: 28
fprr: 44
fprr: 46
fprr: 40
fprr: 32
fprr: 42
fprr: 32
fprr: 46
fprr: 32
fprr: 32
fprr: 32
fprr: 40
fprr: 42
fprr: 28
fprr: 44
fprr: 58
fprr: 40
fprr: 62
fprr: 32
fprr: 42
fprr: 32
fprr: 40
fprr: 28
fprr: 28
fprr: 28
fprr: 28
fprr: 32
fprr: 40
fprr: 28
fprr: 28
fprr: 32
fprr: 42
fprr: 42
fprr: 28
fprr: 32
fprr: 28
fprr: 28
fprr: 42
fprr: 38
fprr: 32
fprr: 28
fprr: 44
fprr: 32
fprr: 40
fprr: 32
fprr: 32
fprr: 32
fprr: 44
fprr: 42
fprr: 44
fprr: 32
fprr: 32
fprr: 42
fprr: 44
fprr: 28
fprr: 40
fprr: 46
fprr: 48
fprr: 32
fprr: 28
fprr: 38
fprr: 32
fprr: 28
fprr: 46
fprr: 32
fprr: 28
fprr: 42
fprr: 32
fprr: 28
fprr: 46
fprr: 40
fprr: 32
fprr: 32
fprr: 32
fprr: 32
fprr: 32
fprr: 42
fprr: 32
fprr: 28
fprr: 40
fprr: 32
fprr: 32
fprr: 28
fprr: 28
fprr: 28
fprr: 28
fprr: 32
fprr: 28
fprr: 32
fprr: 32
fprr: 32
fprr: 32
fprr: 28
fprr: 46
fprr: 42
fprr: 46
fprr: 42
fprr: 28
fprr: 28
fprr: 42
fprr: 48
fprr: 40
fprr: 28
fprr: 28
fprr: 32
fprr: 32
fprr: 38
fprr: 28
fprr: 32
fprr: 28
fprr: 28
fprr: 32
fprr: 42
fprr: 32
fprr: 32
fprr: 32
fprr: 44
fprr: 38
fprr: 28
fprr: 30
fprr: 32
fprr: 28
fprr: 30
fprr: 32
fprr: 32
fprr: 32
fprr: 32
fprr: 42
fprr: 40
fprr: 32
fprr: 62
fprr: 40
fprr: 28
fprr: 28
fprr: 32
fprr: 28
fprr: 40
fprr: 42
fprr: 28
fprr: 28
fprr: 64
fprr: 32
fprr: 28
fprr: 32
fprr: 46
fprr: 40
fprr: 42
fprr: 40
fprr: 32
fprr: 46
fprr: 28
fprr: 32
fprr: 32
fprr: 32
fprr: 42
fprr: 28
fprr: 28
fprr: 28
fprr: 40
fprr: 28
fprr: 32
fprr: 28
fprr: 28
fprr: 32
fprr: 44
fprr: 32
fprr: 38
fprr: 28
fprr: 38
fprr: 32
fprr: 28
fprr: 44
fprr: 28
fprr: 40
fprr: 28
fprr: 28
fprr: 28
fprr: 32
fprr: 28
fprr: 28
fprr: 32
fprr: 32
fprr: 44
fprr: 46
fprr: 32
fprr: 40
fprr: 32
fprr: 42
fprr: 44
fprr: 32
fprr: 56
fprr: 34
fprr: 48
fprr: 32
fprr: 44
fprr: 44
fprr: 32
fprr: 42
fprr: 42
fprr: 32
fprr: 44
fprr: 32
fprr: 42
fprr: 50
fprr: 46
fprr: 32
fprr: 42
fprr: 48
fprr: 40
fprr: 42
fprr: 40
fprr: 28
fprr: 40
fprr: 32
fprr: 32
fprr: 32
fprr: 28
fprr: 32
fprr: 42
fprr: 40
fprr: 28
fprr: 40
fprr: 40
fprr: 28
fprr: 32
fprr: 40
fprr: 50
fprr: 32
fprr: 40
fprr: 28
fprr: 28
fprr: 46
fprr: 32
fprr: 28
fprr: 42
fprr: 32
fprr: 32
fprr: 44
fprr: 32
fprr: 33164
fprr: 48
fprr: 44
fprr: 30
fprr: 32
fprr: 30
fprr: 32
fprr: 32
fprr: 40
fprr: 32
fprr: 34
fprr: 40
fprr: 32
fprr: 30
fprr: 44
fprr: 42
fprr: 32
fprr: 44
fprr: 42
fprr: 28
fprr: 32
fprr: 50
fprr: 42
fprr: 44
fprr: 32
fprr: 44
fprr: 44
fprr: 32
fprr: 30
fprr: 32
fprr: 42
fprr: 32
fprr: 30
fprr: 42
fprr: 32
fprr: 30
fprr: 32
fprr: 30
fprr: 42
fprr: 30
fprr: 32
fprr: 30
fprr: 30
fprr: 40
fprr: 32
fprr: 28
fprr: 32
fprr: 48
fprr: 42
fprr: 32
fprr: 44
fprr: 32
fprr: 78
fprr: 44
fprr: 48
fprr: 32
fprr: 52
fprr: 46
fprr: 40
fprr: 42
fprr: 30
fprr: 42
fprr: 32
fprr: 30
fprr: 32
fprr: 30
fprr: 48
fprr: 32
fprr: 30
fprr: 32
fprr: 32
fprr: 30
fprr: 32
fprr: 32
fprr: 30
fprr: 32
fprr: 34
fprr: 42
fprr: 28
fprr: 34
fprr: 30
fprr: 32
fprr: 30
fprr: 42
fprr: 30
fprr: 32
fprr: 28
fprr: 46
fprr: 42
fprr: 30
fprr: 32
fprr: 30
fprr: 34
fprr: 44
fprr: 44
fprr: 30
fprr: 32
fprr: 42
fprr: 32
fprr: 30
fprr: 32
fprr: 32
fprr: 28
fprr: 32
fprr: 32
fprr: 30
fprr: 32
fprr: 30
fprr: 32
fprr: 42
fprr: 32
fprr: 30
fprr: 30
fprr: 32
fprr: 30
fprr: 28
fprr: 34
fprr: 30
fprr: 46
fprr: 46
fprr: 32
fprr: 28
fprr: 44
fprr: 30
fprr: 32
fprr: 28
fprr: 46
fprr: 46
fprr: 44
fprr: 28
fprr: 32
fprr: 30
fprr: 50
fprr: 32
fprr: 40
fprr: 32
fprr: 42
fprr: 30
fprr: 32
fprr: 48
fprr: 42
fprr: 32
fprr: 46
fprr: 32
fprr: 30
fprr: 32
fprr: 42
fprr: 32
fprr: 30
fprr: 30
fprr: 32
fprr: 28
fprr: 30
fprr: 32
fprr: 30
fprr: 30
fprr: 32
fprr: 42
fprr: 46
fprr: 28
fprr: 32
fprr: 30
fprr: 32
fprr: 30
fprr: 32
fprr: 28
fprr: 28
fprr: 32
fprr: 30
fprr: 30
fprr: 40
fprr: 32
fprr: 28
fprr: 34
fprr: 30
fprr: 30
fprr: 40
fprr: 32
fprr: 42
fprr: 32
fprr: 42
fprr: 32
fprr: 30
fprr: 44
fprr: 32
fprr: 32
fprr: 44
fprr: 30
fprr: 32
fprr: 32
fprr: 30
fprr: 46
fprr: 46
fprr: 46
fprr: 42
fprr: 32
fprr: 64
fprr: 42
fprr: 48
fprr: 52
fprr: 42
fprr: 42
fprr: 48
fprr: 32
fprr: 30
fprr: 44
fprr: 42
fprr: 32
fprr: 32
fprr: 42
fprr: 30
fprr: 42
fprr: 30
fprr: 40
fprr: 54
fprr: 32
fprr: 30
fprr: 32
fprr: 42
fprr: 30
fprr: 32
fprr: 32
fprr: 42
fprr: 30
fprr: 32
fprr: 42
fprr: 30
fprr: 32
fprr: 32
fprr: 30
fprr: 32
fprr: 32
fprr: 30
fprr: 42
fprr: 32
fprr: 30
fprr: 44
fprr: 30
fprr: 32
fprr: 46
fprr: 30
fprr: 40
fprr: 32
fprr: 28
fprr: 32
fprr: 42
fprr: 32
fprr: 30
fprr: 32
fprr: 28
fprr: 46
fprr: 42
fprr: 28
fprr: 34
fprr: 30
fprr: 32
fprr: 30
fprr: 30
fprr: 42
fprr: 30
fprr: 32
fprr: 42
fprr: 32
fprr: 28
fprr: 42
fprr: 48
fprr: 42
fprr: 28
fprr: 48
fprr: 46
fprr: 32
fprr: 28
fprr: 30
fprr: 32
fprr: 30
fprr: 44
fprr: 32
fprr: 30
fprr: 32
fprr: 30
fprr: 34
fprr: 28
fprr: 42
fprr: 30
fprr: 42
fprr: 42
fprr: 34
fprr: 42
fprr: 30
fprr: 32
fprr: 30
fprr: 30
fprr: 32
fprr: 30
fprr: 28
fprr: 42
fprr: 32
fprr: 44
fprr: 28
fprr: 32
fprr: 32
fprr: 30
fprr: 32
fprr: 30
fprr: 42
fprr: 32
fprr: 30
fprr: 32
fprr: 42
fprr: 30
fprr: 32
fprr: 30
fprr: 32
fprr: 32
fprr: 40
fprr: 44
fprr: 32
fprr: 32
fprr: 30
fprr: 32
fprr: 30
fprr: 30
fprr: 28
fprr: 30
fprr: 42
fprr: 32
fprr: 30
fprr: 42
fprr: 32
fprr: 30
fprr: 32
fprr: 30
fprr: 44
fprr: 40
fprr: 32
fprr: 42
fprr: 32
fprr: 30
fprr: 32
fprr: 32
fprr: 42
fprr: 32
fprr: 50
fprr: 46
fprr: 30
fprr: 68
fprr: 40
fprr: 30
fprr: 40
fprr: 32
fprr: 30
fprr: 30
fprr: 32
fprr: 28
fprr: 32
fprr: 30
fprr: 32
fprr: 30
fprr: 42
fprr: 40
fprr: 32
fprr: 32
fprr: 30
fprr: 32
fprr: 28
fprr: 30
fprr: 32
fprr: 42
fprr: 50
fprr: 28
fprr: 32
fprr: 44
fprr: 32
fprr: 44
fprr: 32
fprr: 42
fprr: 42
fprr: 30
fprr: 32
fprr: 32
fprr: 42
fprr: 42
fprr: 30
fprr: 46
fprr: 34
fprr: 30
fprr: 32
fprr: 32
fprr: 46
fprr: 32
fprr: 42
fprr: 32
fprr: 32
fprr: 32
fprr: 30
fprr: 42
fprr: 46
fprr: 28
fprr: 46
fprr: 30
fprr: 42
fprr: 34
fprr: 28
fprr: 32
fprr: 32
fprr: 30
fprr: 32
fprr: 30
fprr: 42
fprr: 32
fprr: 42
fprr: 32
fprr: 42
fprr: 42
fprr: 30
fprr: 50
fprr: 48
fprr: 30
fprr: 32
fprr: 30
fprr: 32
fprr: 30
fprr: 30
fprr: 32
fprr: 28
fprr: 30
