rbtree: 94 148
rbtree: 120 136
rbtree: 32 106
rbtree: 86 152
rbtree: 42 78
rbtree: 106 104
rbtree: 26 68
rbtree: 76 128
rbtree: 22 94
rbtree: 40 92
rbtree: 54 68
rbtree: 22 150
rbtree: 44 102
rbtree: 26 70
rbtree: 114 66
rbtree: 24 130
rbtree: 76 72
rbtree: 54 92
rbtree: 24 82
rbtree: 92 118
rbtree: 24 72
rbtree: 46 78
rbtree: 16 74
rbtree: 64 98
rbtree: 22 72
rbtree: 94 92
rbtree: 20 30
rbtree: 106 116
rbtree: 16 70
rbtree: 30 96
rbtree: 42 32
rbtree: 38 88
rbtree: 68 32
rbtree: 30 98
rbtree: 30 32
rbtree: 116 124
rbtree: 16 30
rbtree: 98 94
rbtree: 32 32
rbtree: 24 116
rbtree: 102 30
rbtree: 26 80
rbtree: 84 32
rbtree: 34 130
rbtree: 24 50
rbtree: 58 92
rbtree: 16 30
rbtree: 28 84
rbtree: 68 30
rbtree: 26 42
rbtree: 42 34
rbtree: 26 92
rbtree: 56 32
rbtree: 24 72
rbtree: 18 30
rbtree: 22 50
rbtree: 18 30
rbtree: 32 78
rbtree: 92 30
rbtree: 38 164
rbtree: 56 86
rbtree: 24 94
rbtree: 16 36
rbtree: 24 104
rbtree: 100 76
rbtree: 32 98
rbtree: 108 76
rbtree: 24 114
rbtree: 68 78
rbtree: 30 98
rbtree: 24 76
rbtree: 80 116
rbtree: 76 34
rbtree: 42 96
rbtree: 56 34
rbtree: 16 168
rbtree: 34 34
rbtree: 60 96
rbtree: 26 34
rbtree: 138 134
rbtree: 24 70
rbtree: 40 110
rbtree: 16 32
rbtree: 38 94
rbtree: 52 30
rbtree: 34 78
rbtree: 44 28
rbtree: 24 106
rbtree: 52 30
rbtree: 24 80
rbtree: 78 34
rbtree: 34 128
rbtree: 48 68
rbtree: 76 92
rbtree: 26 34
rbtree: 70 120
rbtree: 16 34
rbtree: 40 76
rbtree: 108 36
rbtree: 24 142
rbtree: 46 34
rbtree: 20 42
rbtree: 54 34
rbtree: 24 92
rbtree: 16 36
rbtree: 22 44
rbtree: 52 34
rbtree: 34 142
rbtree: 74 32
rbtree: 22 84
rbtree: 16 34
rbtree: 34 108
rbtree: 82 34
rbtree: 40 80
rbtree: 58 34
rbtree: 14 102
rbtree: 20 34
rbtree: 78 76
rbtree: 22 34
rbtree: 48 100
rbtree: 20 34
rbtree: 60 76
rbtree: 62 34
rbtree: 32 142
rbtree: 66 102
rbtree: 30 96
rbtree: 180 32
rbtree: 24 92
rbtree: 54 66
rbtree: 24 82
rbtree: 60 34
rbtree: 34 98
rbtree: 72 34
rbtree: 40 82
rbtree: 66 34
rbtree: 34 88
rbtree: 22 34
rbtree: 34 84
rbtree: 44 36
rbtree: 34 122
rbtree: 22 36
rbtree: 20 82
rbtree: 90 34
rbtree: 22 88
rbtree: 22 34
rbtree: 20 84
rbtree: 44 34
rbtree: 22 120
rbtree: 22 34
rbtree: 22 82
rbtree: 68 32
rbtree: 22 92
rbtree: 22 36
rbtree: 22 84
rbtree: 44 34
rbtree: 22 124
rbtree: 56 38
rbtree: 24 48
rbtree: 64 34
rbtree: 22 90
rbtree: 24 36
rbtree: 22 86
rbtree: 24 34
rbtree: 20 118
rbtree: 22 34
rbtree: 22 84
rbtree: 52 34
rbtree: 20 90
rbtree: 20 34
rbtree: 20 84
rbtree: 44 32
rbtree: 24 126
rbtree: 22 38
rbtree: 22 84
rbtree: 88 36
rbtree: 22 90
rbtree: 22 36
rbtree: 20 84
rbtree: 44 32
rbtree: 22 118
rbtree: 22 38
rbtree: 22 80
rbtree: 52 34
rbtree: 24 90
rbtree: 24 36
rbtree: 22 84
rbtree: 46 36
rbtree: 22 124
rbtree: 24 36
rbtree: 24 46
rbtree: 52 34
rbtree: 22 92
rbtree: 22 36
rbtree: 22 82
rbtree: 24 36
rbtree: 20 120
rbtree: 22 36
rbtree: 24 82
rbtree: 44 34
rbtree: 26 90
rbtree: 20 34
rbtree: 26 84
rbtree: 44 36
rbtree: 26 120
rbtree: 22 36
rbtree: 22 84
rbtree: 88 32
rbtree: 24 90
rbtree: 22 32
rbtree: 30 80
rbtree: 46 36
rbtree: 26 114
rbtree: 22 34
rbtree: 20 82
rbtree: 52 34
rbtree: 22 90
rbtree: 24 32
rbtree: 22 84
rbtree: 44 32
rbtree: 28 144
rbtree: 22 38
rbtree: 24 50
rbtree: 26 36
rbtree: 22 86
rbtree: 24 34
rbtree: 24 84
rbtree: 22 36
rbtree: 22 118
rbtree: 22 34
rbtree: 22 82
rbtree: 46 32
rbtree: 22 90
rbtree: 24 36
rbtree: 20 88
rbtree: 46 36
rbtree: 22 138
rbtree: 22 34
rbtree: 22 82
rbtree: 54 36
rbtree: 22 56
rbtree: 24 34
rbtree: 20 84
rbtree: 44 34
rbtree: 22 118
rbtree: 22 34
rbtree: 22 84
rbtree: 28 34
rbtree: 22 90
rbtree: 22 36
rbtree: 22 84
rbtree: 42 36
rbtree: 20 140
rbtree: 22 38
rbtree: 24 46
rbtree: 28 34
rbtree: 20 90
rbtree: 22 34
rbtree: 18 86
rbtree: 22 34
rbtree: 22 96
rbtree: 22 36
rbtree: 20 82
rbtree: 46 34
rbtree: 22 90
rbtree: 22 34
rbtree: 24 82
rbtree: 44 36
rbtree: 20 118
rbtree: 24 32
rbtree: 20 84
rbtree: 50 34
rbtree: 20 56
rbtree: 22 34
rbtree: 22 82
rbtree: 42 36
rbtree: 22 118
rbtree: 22 36
rbtree: 20 80
rbtree: 26 32
rbtree: 22 90
rbtree: 22 32
rbtree: 20 84
rbtree: 44 36
rbtree: 22 144
rbtree: 40 38
rbtree: 16 48
rbtree: 26 32
rbtree: 20 88
rbtree: 22 32
rbtree: 18 82
rbtree: 24 36
rbtree: 22 98
rbtree: 22 36
rbtree: 22 84
rbtree: 52 34
rbtree: 22 92
rbtree: 20 32
rbtree: 20 84
rbtree: 46 36
rbtree: 22 118
rbtree: 24 34
rbtree: 20 84
rbtree: 52 32
rbtree: 20 54
rbtree: 24 32
rbtree: 22 82
rbtree: 42 34
rbtree: 20 118
rbtree: 22 34
rbtree: 22 86
rbtree: 26 36
rbtree: 24 90
rbtree: 22 34
rbtree: 24 84
rbtree: 44 32
rbtree: 22 142
rbtree: 24 38
rbtree: 24 80
rbtree: 32 34
rbtree: 22 90
rbtree: 22 36
rbtree: 22 82
rbtree: 22 34
rbtree: 20 96
rbtree: 22 36
rbtree: 26 84
rbtree: 50 34
rbtree: 26 90
rbtree: 24 34
rbtree: 26 80
rbtree: 46 36
rbtree: 26 106
rbtree: 22 36
rbtree: 30 82
rbtree: 72 34
rbtree: 26 88
rbtree: 22 34
rbtree: 28 82
rbtree: 42 34
rbtree: 28 118
rbtree: 24 36
rbtree: 26 80
rbtree: 24 36
rbtree: 20 90
rbtree: 22 36
rbtree: 24 82
rbtree: 42 32
rbtree: 22 144
rbtree: 24 36
rbtree: 24 48
rbtree: 34 34
rbtree: 20 90
rbtree: 22 32
rbtree: 22 84
rbtree: 22 36
rbtree: 22 98
rbtree: 22 36
rbtree: 20 84
rbtree: 24 34
rbtree: 20 54
rbtree: 24 36
rbtree: 22 90
rbtree: 44 34
rbtree: 22 118
rbtree: 22 34
rbtree: 20 84
rbtree: 52 36
rbtree: 22 92
rbtree: 22 34
rbtree: 20 86
rbtree: 44 36
rbtree: 22 100
rbtree: 22 34
rbtree: 22 84
rbtree: 26 34
rbtree: 20 90
rbtree: 22 34
rbtree: 20 82
rbtree: 42 34
rbtree: 20 142
rbtree: 24 38
rbtree: 26 44
rbtree: 26 34
rbtree: 22 88
rbtree: 22 34
rbtree: 22 82
rbtree: 44 34
rbtree: 22 96
rbtree: 24 34
rbtree: 20 82
rbtree: 48 36
rbtree: 22 90
rbtree: 22 34
rbtree: 22 82
rbtree: 44 36
rbtree: 22 122
rbtree: 22 36
rbtree: 20 84
rbtree: 66 36
rbtree: 20 90
rbtree: 22 34
rbtree: 20 84
rbtree: 42 34
rbtree: 22 100
rbtree: 28 36
rbtree: 20 82
rbtree: 46 36
rbtree: 20 88
rbtree: 24 36
rbtree: 20 84
rbtree: 42 34
rbtree: 22 142
rbtree: 24 36
rbtree: 22 48
rbtree: 28 36
rbtree: 22 90
rbtree: 22 36
rbtree: 22 84
rbtree: 24 34
rbtree: 20 98
rbtree: 24 36
rbtree: 20 84
rbtree: 46 34
rbtree: 22 90
rbtree: 22 34
rbtree: 20 84
rbtree: 42 34
rbtree: 20 124
rbtree: 22 36
rbtree: 22 84
rbtree: 70 36
rbtree: 22 90
rbtree: 24 34
rbtree: 20 84
rbtree: 42 36
rbtree: 22 96
rbtree: 22 36
rbtree: 20 84
rbtree: 48 34
rbtree: 26 92
rbtree: 22 36
rbtree: 22 84
rbtree: 40 34
rbtree: 22 144
rbtree: 24 38
rbtree: 24 46
rbtree: 26 36
rbtree: 22 86
rbtree: 24 34
rbtree: 22 84
rbtree: 22 36
rbtree: 22 118
rbtree: 24 34
rbtree: 28 82
rbtree: 50 34
rbtree: 26 92
rbtree: 24 34
rbtree: 26 84
rbtree: 42 34
rbtree: 26 144
rbtree: 24 34
rbtree: 28 84
rbtree: 68 36
rbtree: 30 88
rbtree: 24 34
rbtree: 30 84
rbtree: 42 36
rbtree: 28 114
rbtree: 22 34
rbtree: 20 82
rbtree: 48 32
rbtree: 20 90
rbtree: 22 36
rbtree: 22 82
rbtree: 42 32
rbtree: 20 144
rbtree: 22 38
rbtree: 24 46
rbtree: 26 34
rbtree: 22 90
rbtree: 22 34
rbtree: 24 82
rbtree: 24 34
rbtree: 20 98
rbtree: 22 34
rbtree: 20 84
rbtree: 48 34
rbtree: 24 88
rbtree: 22 34
rbtree: 22 88
rbtree: 22 34
rbtree: 24 128
rbtree: 24 46
rbtree: 24 84
rbtree: 74 34
rbtree: 20 90
rbtree: 24 36
rbtree: 20 84
rbtree: 42 34
rbtree: 22 118
rbtree: 22 54
rbtree: 22 82
rbtree: 26 34
rbtree: 20 92
rbtree: 22 32
rbtree: 22 84
rbtree: 42 32
rbtree: 22 144
rbtree: 24 48
rbtree: 44 44
rbtree: 26 34
rbtree: 20 90
rbtree: 22 34
rbtree: 22 82
rbtree: 44 36
rbtree: 20 118
rbtree: 22 60
rbtree: 22 82
rbtree: 52 34
rbtree: 22 88
rbtree: 22 34
rbtree: 22 86
rbtree: 44 34
rbtree: 20 144
rbtree: 24 36
rbtree: 32 84
rbtree: 70 34
rbtree: 22 92
rbtree: 22 36
rbtree: 22 84
rbtree: 44 32
rbtree: 20 118
rbtree: 22 54
rbtree: 48 80
rbtree: 50 34
rbtree: 22 90
rbtree: 24 36
rbtree: 22 84
rbtree: 44 34
rbtree: 22 144
rbtree: 22 38
rbtree: 44 46
rbtree: 28 32
rbtree: 18 90
rbtree: 22 34
rbtree: 22 84
rbtree: 22 36
rbtree: 22 98
rbtree: 20 36
rbtree: 34 84
rbtree: 52 34
rbtree: 20 54
rbtree: 24 34
rbtree: 22 84
rbtree: 44 34
rbtree: 22 142
rbtree: 22 34
rbtree: 22 80
rbtree: 70 36
rbtree: 24 92
rbtree: 24 34
rbtree: 22 82
rbtree: 44 34
rbtree: 22 118
rbtree: 24 38
rbtree: 22 84
rbtree: 50 34
rbtree: 26 88
rbtree: 24 34
rbtree: 24 82
rbtree: 44 34
rbtree: 22 142
rbtree: 22 38
rbtree: 22 48
rbtree: 26 32
rbtree: 22 88
rbtree: 22 32
rbtree: 18 80
rbtree: 22 32
rbtree: 26 98
rbtree: 24 36
rbtree: 24 84
rbtree: 48 36
rbtree: 24 56
rbtree: 24 34
rbtree: 28 82
rbtree: 46 34
rbtree: 24 122
rbtree: 24 36
rbtree: 26 84
rbtree: 70 34
rbtree: 24 52
rbtree: 22 36
rbtree: 26 86
rbtree: 42 34
rbtree: 30 96
rbtree: 22 34
rbtree: 22 84
rbtree: 52 36
rbtree: 20 92
rbtree: 22 34
rbtree: 22 84
rbtree: 44 34
rbtree: 22 140
rbtree: 20 38
rbtree: 26 46
rbtree: 26 34
rbtree: 22 92
rbtree: 24 32
rbtree: 20 82
rbtree: 22 38
rbtree: 22 98
rbtree: 24 32
rbtree: 20 84
rbtree: 50 36
rbtree: 22 90
rbtree: 24 34
rbtree: 20 90
rbtree: 24 34
rbtree: 24 128
rbtree: 22 32
rbtree: 22 82
rbtree: 70 32
rbtree: 22 90
rbtree: 24 34
rbtree: 22 82
rbtree: 44 36
rbtree: 22 98
rbtree: 20 36
rbtree: 22 82
rbtree: 50 34
rbtree: 20 92
rbtree: 22 32
rbtree: 22 84
rbtree: 44 36
rbtree: 22 122
rbtree: 20 38
rbtree: 24 46
rbtree: 26 32
rbtree: 20 90
rbtree: 24 34
rbtree: 22 82
rbtree: 24 34
rbtree: 22 98
rbtree: 22 34
rbtree: 22 82
rbtree: 52 34
rbtree: 18 88
rbtree: 22 34
rbtree: 22 84
rbtree: 46 34
rbtree: 22 144
rbtree: 24 38
rbtree: 20 82
rbtree: 58 34
rbtree: 22 54
rbtree: 22 36
rbtree: 22 82
rbtree: 44 36
rbtree: 20 98
rbtree: 24 34
rbtree: 22 84
rbtree: 28 34
rbtree: 22 92
rbtree: 22 34
rbtree: 20 84
rbtree: 46 34
rbtree: 22 144
rbtree: 26 38
rbtree: 24 48
rbtree: 28 34
rbtree: 22 88
rbtree: 24 34
rbtree: 20 86
rbtree: 46 36
rbtree: 20 94
rbtree: 22 32
rbtree: 20 82
rbtree: 50 32
rbtree: 22 90
rbtree: 24 34
rbtree: 20 82
rbtree: 40 34
rbtree: 20 126
rbtree: 22 34
rbtree: 20 82
rbtree: 70 34
rbtree: 22 90
rbtree: 22 34
rbtree: 22 82
rbtree: 24 36
rbtree: 24 98
rbtree: 20 34
rbtree: 20 80
rbtree: 50 32
rbtree: 24 90
rbtree: 22 34
rbtree: 22 84
rbtree: 42 34
rbtree: 24 66
rbtree: 22 36
rbtree: 24 46
rbtree: 26 34
rbtree: 22 90
rbtree: 24 34
rbtree: 26 82
rbtree: 20 34
rbtree: 22 96
rbtree: 22 34
rbtree: 26 82
rbtree: 48 32
rbtree: 26 92
rbtree: 24 32
rbtree: 24 84
rbtree: 42 34
rbtree: 26 126
rbtree: 24 34
rbtree: 26 80
rbtree: 72 32
rbtree: 30 90
rbtree: 22 36
rbtree: 32 84
rbtree: 42 34
rbtree: 22 116
rbtree: 22 36
rbtree: 20 80
rbtree: 24 34
rbtree: 22 56
rbtree: 24 34
rbtree: 22 84
rbtree: 40 32
rbtree: 22 142
rbtree: 22 38
rbtree: 22 44
rbtree: 26 32
rbtree: 22 88
rbtree: 24 34
rbtree: 20 82
rbtree: 22 36
rbtree: 22 96
rbtree: 22 32
rbtree: 20 84
rbtree: 24 34
rbtree: 22 54
rbtree: 24 34
rbtree: 20 88
rbtree: 42 36
rbtree: 22 142
rbtree: 22 34
rbtree: 22 82
rbtree: 52 36
rbtree: 22 90
rbtree: 26 38
rbtree: 22 84
rbtree: 42 36
rbtree: 20 98
rbtree: 20 36
rbtree: 20 84
rbtree: 22 34
rbtree: 22 90
rbtree: 22 34
rbtree: 22 84
rbtree: 42 34
rbtree: 20 140
rbtree: 22 36
rbtree: 22 48
rbtree: 30 36
rbtree: 22 92
rbtree: 24 36
rbtree: 20 84
rbtree: 42 34
rbtree: 20 116
rbtree: 24 36
rbtree: 20 84
rbtree: 48 34
rbtree: 22 92
rbtree: 22 32
rbtree: 20 84
rbtree: 40 34
rbtree: 22 142
rbtree: 22 52
rbtree: 22 84
rbtree: 70 34
rbtree: 20 92
rbtree: 24 36
rbtree: 22 84
rbtree: 22 32
rbtree: 20 98
rbtree: 22 32
rbtree: 20 84
rbtree: 48 34
rbtree: 22 90
rbtree: 22 34
rbtree: 20 82
rbtree: 42 34
rbtree: 24 120
rbtree: 20 38
rbtree: 22 46
rbtree: 30 32
rbtree: 20 90
rbtree: 22 34
rbtree: 22 82
rbtree: 22 36
rbtree: 20 98
rbtree: 22 34
rbtree: 22 82
rbtree: 48 32
rbtree: 22 90
rbtree: 22 34
rbtree: 20 84
rbtree: 42 34
rbtree: 20 144
rbtree: 22 38
rbtree: 22 84
rbtree: 48 36
rbtree: 22 56
rbtree: 24 36
rbtree: 24 84
rbtree: 42 36
rbtree: 20 96
rbtree: 22 34
rbtree: 22 82
rbtree: 24 34
rbtree: 24 90
rbtree: 24 36
rbtree: 24 82
rbtree: 42 32
rbtree: 22 144
rbtree: 24 36
rbtree: 24 48
rbtree: 30 36
rbtree: 22 92
rbtree: 22 34
rbtree: 22 84
rbtree: 42 36
rbtree: 22 98
rbtree: 24 36
rbtree: 28 82
rbtree: 48 36
rbtree: 26 88
rbtree: 22 34
rbtree: 26 84
rbtree: 42 34
rbtree: 26 142
rbtree: 24 34
rbtree: 30 86
rbtree: 70 34
rbtree: 26 90
rbtree: 24 32
rbtree: 24 84
rbtree: 42 34
rbtree: 28 118
rbtree: 22 34
rbtree: 22 84
rbtree: 50 32
rbtree: 22 90
rbtree: 22 34
rbtree: 22 84
rbtree: 42 34
rbtree: 22 120
rbtree: 22 40
rbtree: 22 48
rbtree: 26 34
rbtree: 20 90
rbtree: 22 34
rbtree: 22 82
rbtree: 24 36
rbtree: 24 98
rbtree: 22 34
rbtree: 20 84
rbtree: 46 32
rbtree: 24 90
rbtree: 22 34
rbtree: 22 90
rbtree: 42 32
rbtree: 22 146
rbtree: 24 34
rbtree: 20 84
rbtree: 70 34
rbtree: 20 54
rbtree: 20 34
rbtree: 20 84
rbtree: 42 34
rbtree: 22 118
rbtree: 22 32
rbtree: 20 84
rbtree: 48 34
rbtree: 22 92
rbtree: 22 34
rbtree: 20 84
rbtree: 42 34
rbtree: 22 120
rbtree: 24 38
rbtree: 22 44
rbtree: 28 36
rbtree: 20 90
rbtree: 22 34
rbtree: 24 84
rbtree: 22 34
rbtree: 20 98
rbtree: 22 34
rbtree: 22 84
rbtree: 48 34
rbtree: 20 90
rbtree: 24 34
rbtree: 24 82
rbtree: 22 34
rbtree: 20 126
rbtree: 22 32
rbtree: 20 84
rbtree: 70 34
rbtree: 22 92
rbtree: 22 32
rbtree: 18 82
rbtree: 40 34
rbtree: 20 96
rbtree: 24 34
rbtree: 20 82
rbtree: 48 34
rbtree: 20 92
rbtree: 22 34
rbtree: 22 86
rbtree: 42 32
rbtree: 22 142
rbtree: 22 36
rbtree: 22 48
rbtree: 28 36
rbtree: 22 54
rbtree: 22 34
rbtree: 22 84
rbtree: 44 36
rbtree: 18 120
rbtree: 24 32
rbtree: 20 82
rbtree: 48 34
rbtree: 22 90
rbtree: 24 34
rbtree: 22 84
rbtree: 42 34
rbtree: 22 140
rbtree: 22 36
rbtree: 22 82
rbtree: 74 34
rbtree: 22 90
rbtree: 22 32
rbtree: 20 84
rbtree: 22 34
rbtree: 24 98
rbtree: 24 34
rbtree: 20 86
rbtree: 48 32
rbtree: 24 90
rbtree: 24 34
rbtree: 26 82
rbtree: 42 34
rbtree: 22 120
rbtree: 22 38
rbtree: 22 48
rbtree: 26 36
rbtree: 20 90
rbtree: 22 34
rbtree: 24 82
rbtree: 22 34
rbtree: 20 100
rbtree: 22 38
rbtree: 24 82
rbtree: 48 36
rbtree: 26 90
rbtree: 24 34
rbtree: 26 84
rbtree: 42 36
rbtree: 26 126
rbtree: 22 32
rbtree: 26 82
rbtree: 70 32
rbtree: 30 88
rbtree: 22 34
rbtree: 28 82
rbtree: 42 34
rbtree: 24 96
rbtree: 22 36
rbtree: 22 84
rbtree: 24 36
rbtree: 20 54
rbtree: 22 36
rbtree: 24 84
rbtree: 42 36
rbtree: 22 140
rbtree: 24 38
rbtree: 24 48
rbtree: 30 34
rbtree: 20 92
rbtree: 22 36
rbtree: 22 84
rbtree: 42 36
rbtree: 22 94
rbtree: 22 36
rbtree: 20 84
rbtree: 48 36
rbtree: 22 90
