rbtree: 356 108
rbtree: 30 186
rbtree: 122 104
rbtree: 26 106
rbtree: 96 54
rbtree: 24 64
rbtree: 46 44
rbtree: 16 22
rbtree: 18 22
rbtree: 16 18
rbtree: 18 22
rbtree: 18 20
rbtree: 16 20
rbtree: 16 22
rbtree: 18 22
rbtree: 16 22
rbtree: 20 22
rbtree: 14 24
rbtree: 20 22
rbtree: 16 24
rbtree: 20 22
rbtree: 14 22
rbtree: 18 20
rbtree: 16 22
rbtree: 18 22
rbtree: 16 22
rbtree: 16 22
rbtree: 16 24
rbtree: 20 22
rbtree: 14 20
rbtree: 18 22
rbtree: 14 20
rbtree: 18 22
rbtree: 14 22
rbtree: 18 22
rbtree: 14 22
rbtree: 22 22
rbtree: 16 22
rbtree: 20 22
rbtree: 16 24
rbtree: 18 22
rbtree: 16 24
rbtree: 20 22
rbtree: 16 22
rbtree: 20 22
rbtree: 14 22
rbtree: 20 22
rbtree: 16 20
rbtree: 18 22
rbtree: 16 20
rbtree: 16 18
rbtree: 16 22
rbtree: 18 26
rbtree: 16 22
rbtree: 18 18
rbtree: 16 22
rbtree: 16 22
rbtree: 16 22
rbtree: 16 22
rbtree: 16 22
rbtree: 20 22
rbtree: 16 22
rbtree: 18 20
rbtree: 16 22
rbtree: 18 22
rbtree: 14 20
rbtree: 20 24
rbtree: 14 22
rbtree: 16 22
rbtree: 16 22
rbtree: 18 22
rbtree: 16 20
rbtree: 18 20
rbtree: 14 22
rbtree: 18 22
rbtree: 16 22
rbtree: 20 24
rbtree: 16 22
rbtree: 18 20
rbtree: 16 20
rbtree: 20 22
rbtree: 14 20
rbtree: 20 22
rbtree: 16 22
rbtree: 20 20
rbtree: 16 22
rbtree: 16 22
rbtree: 16 22
rbtree: 16 22
rbtree: 16 20
rbtree: 18 22
rbtree: 14 24
rbtree: 18 22
rbtree: 16 20
rbtree: 16 22
rbtree: 16 20
rbtree: 18 22
rbtree: 16 22
rbtree: 18 22
rbtree: 16 20
rbtree: 18 20
rbtree: 16 20
rbtree: 18 22
rbtree: 14 22
rbtree: 20 22
rbtree: 16 22
rbtree: 18 22
rbtree: 16 22
rbtree: 18 24
rbtree: 16 20
rbtree: 16 22
rbtree: 16 24
rbtree: 20 22
rbtree: 16 22
rbtree: 20 22
rbtree: 14 22
rbtree: 20 20
rbtree: 14 22
rbtree: 16 22
rbtree: 16 22
rbtree: 20 22
rbtree: 16 22
rbtree: 18 22
rbtree: 16 20
rbtree: 18 22
rbtree: 14 22
rbtree: 20 22
rbtree: 16 20
rbtree: 18 22
rbtree: 16 22
rbtree: 18 22
rbtree: 16 22
rbtree: 20 22
rbtree: 16 22
rbtree: 18 22
rbtree: 14 22
rbtree: 18 20
rbtree: 16 22
rbtree: 18 20
rbtree: 16 50
rbtree: 18 22
rbtree: 16 22
rbtree: 20 22
rbtree: 14 24
rbtree: 20 20
rbtree: 16 22
rbtree: 16 22
rbtree: 14 22
rbtree: 16 22
rbtree: 14 20
rbtree: 20 22
rbtree: 16 20
rbtree: 18 22
rbtree: 16 20
rbtree: 18 24
rbtree: 16 22
rbtree: 18 20
rbtree: 16 22
rbtree: 20 22
rbtree: 16 20
rbtree: 18 20
rbtree: 14 22
rbtree: 16 22
rbtree: 14 20
rbtree: 18 22
rbtree: 16 20
rbtree: 18 22
rbtree: 14 22
rbtree: 18 22
rbtree: 16 22
rbtree: 20 22
rbtree: 16 22
rbtree: 16 20
rbtree: 16 22
rbtree: 16 22
rbtree: 16 22
rbtree: 18 22
rbtree: 14 18
rbtree: 16 22
rbtree: 16 20
rbtree: 20 22
rbtree: 16 20
rbtree: 20 22
rbtree: 16 22
rbtree: 20 22
rbtree: 14 20
rbtree: 18 22
rbtree: 14 22
rbtree: 16 22
rbtree: 16 24
rbtree: 18 22
rbtree: 16 22
rbtree: 18 22
rbtree: 16 20
rbtree: 18 24
rbtree: 16 20
rbtree: 18 22
rbtree: 14 22
rbtree: 18 20
rbtree: 16 20
rbtree: 18 20
rbtree: 16 20
rbtree: 16 22
rbtree: 16 22
rbtree: 18 20
rbtree: 14 24
rbtree: 20 22
rbtree: 14 22
rbtree: 20 22
rbtree: 16 20
rbtree: 18 22
rbtree: 16 22
rbtree: 18 22
rbtree: 16 20
rbtree: 18 20
rbtree: 16 22
rbtree: 16 22
rbtree: 16 24
rbtree: 16 24
rbtree: 16 20
rbtree: 20 22
rbtree: 14 22
rbtree: 20 22
rbtree: 16 22
rbtree: 20 22
rbtree: 16 20
rbtree: 18 22
rbtree: 16 22
rbtree: 20 22
rbtree: 16 20
rbtree: 18 22
rbtree: 14 22
rbtree: 18 20
rbtree: 18 20
rbtree: 20 22
rbtree: 14 22
rbtree: 18 22
rbtree: 18 22
rbtree: 20 24
rbtree: 16 24
rbtree: 18 22
rbtree: 16 48
rbtree: 20 22
rbtree: 16 22
rbtree: 16 22
rbtree: 14 20
rbtree: 18 22
rbtree: 14 22
rbtree: 20 22
rbtree: 16 22
rbtree: 18 20
rbtree: 16 22
rbtree: 16 22
rbtree: 16 20
rbtree: 18 22
rbtree: 16 22
rbtree: 18 22
rbtree: 14 20
rbtree: 20 24
rbtree: 16 22
rbtree: 18 22
rbtree: 16 22
rbtree: 18 22
rbtree: 14 22
rbtree: 16 22
rbtree: 16 20
rbtree: 20 24
rbtree: 16 22
rbtree: 20 22
rbtree: 16 22
rbtree: 18 20
rbtree: 16 24
rbtree: 20 22
rbtree: 16 22
rbtree: 18 20
rbtree: 14 22
rbtree: 16 22
rbtree: 16 24
rbtree: 16 22
rbtree: 14 22
rbtree: 18 22
rbtree: 16 22
rbtree: 20 20
rbtree: 16 22
rbtree: 18 20
rbtree: 16 22
rbtree: 20 22
rbtree: 14 24
rbtree: 18 20
rbtree: 16 22
rbtree: 20 22
rbtree: 14 18
rbtree: 16 22
rbtree: 16 20
rbtree: 20 22
rbtree: 14 22
rbtree: 20 22
rbtree: 16 20
rbtree: 18 22
rbtree: 16 22
rbtree: 18 22
rbtree: 16 22
rbtree: 20 24
rbtree: 14 22
rbtree: 16 22
rbtree: 16 18
rbtree: 20 22
rbtree: 16 22
rbtree: 18 22
rbtree: 16 22
rbtree: 18 22
rbtree: 16 22
rbtree: 18 20
rbtree: 16 22
rbtree: 18 22
rbtree: 14 20
rbtree: 16 22
rbtree: 16 22
rbtree: 18 22
rbtree: 14 22
rbtree: 16 20
rbtree: 16 24
rbtree: 18 22
rbtree: 14 22
rbtree: 20 22
rbtree: 16 24
rbtree: 20 20
rbtree: 16 20
rbtree: 18 22
rbtree: 16 22
rbtree: 18 22
rbtree: 16 20
rbtree: 18 22
rbtree: 14 22
rbtree: 18 20
rbtree: 16 20
rbtree: 18 22
rbtree: 16 22
rbtree: 18 22
rbtree: 14 20
rbtree: 16 24
rbtree: 16 22
rbtree: 18 22
rbtree: 14 22
rbtree: 18 22
rbtree: 16 18
rbtree: 16 22
rbtree: 16 24
rbtree: 18 22
rbtree: 14 22
rbtree: 20 22
rbtree: 14 22
rbtree: 16 22
rbtree: 16 24
rbtree: 18 22
rbtree: 16 22
rbtree: 20 22
rbtree: 16 24
rbtree: 20 22
rbtree: 16 20
rbtree: 18 20
rbtree: 14 22
rbtree: 18 22
rbtree: 14 22
rbtree: 20 20
rbtree: 16 20
rbtree: 20 22
rbtree: 16 22
rbtree: 18 20
rbtree: 14 20
rbtree: 18 24
rbtree: 16 22
rbtree: 18 20
rbtree: 16 22
rbtree: 18 22
rbtree: 16 22
rbtree: 18 22
rbtree: 16 20
rbtree: 18 20
rbtree: 14 20
rbtree: 20 22
rbtree: 16 20
rbtree: 18 20
rbtree: 16 22
rbtree: 16 22
rbtree: 16 22
rbtree: 18 22
rbtree: 16 20
rbtree: 20 22
rbtree: 16 24
rbtree: 18 20
rbtree: 16 22
rbtree: 20 22
rbtree: 16 24
rbtree: 16 22
rbtree: 14 20
rbtree: 18 24
rbtree: 14 20
rbtree: 16 20
rbtree: 16 22
rbtree: 18 20
rbtree: 16 22
rbtree: 18 22
rbtree: 16 22
rbtree: 18 22
rbtree: 16 22
rbtree: 18 22
rbtree: 16 18
rbtree: 20 22
rbtree: 14 22
rbtree: 20 22
rbtree: 16 22
rbtree: 20 22
rbtree: 16 24
rbtree: 16 22
rbtree: 16 20
rbtree: 20 20
rbtree: 16 22
rbtree: 18 22
rbtree: 16 22
rbtree: 20 24
rbtree: 16 20
rbtree: 18 22
rbtree: 16 20
rbtree: 18 20
rbtree: 16 20
rbtree: 16 24
rbtree: 16 22
rbtree: 18 20
rbtree: 14 22
rbtree: 18 22
rbtree: 16 20
rbtree: 18 22
rbtree: 16 22
rbtree: 18 24
rbtree: 14 20
rbtree: 20 24
rbtree: 16 22
rbtree: 18 22
rbtree: 14 22
rbtree: 20 20
rbtree: 16 20
rbtree: 18 20
rbtree: 16 50
rbtree: 20 22
rbtree: 16 22
rbtree: 18 22
rbtree: 16 22
rbtree: 20 22
rbtree: 16 20
rbtree: 18 22
rbtree: 14 22
rbtree: 18 22
rbtree: 14 22
rbtree: 18 22
rbtree: 16 20
rbtree: 18 22
rbtree: 14 24
rbtree: 20 20
rbtree: 16 22
rbtree: 16 22
rbtree: 16 24
rbtree: 18 20
rbtree: 16 22
rbtree: 20 22
rbtree: 16 20
rbtree: 20 22
rbtree: 16 22
rbtree: 18 20
rbtree: 14 24
rbtree: 18 22
rbtree: 16 20
rbtree: 18 22
rbtree: 16 22
rbtree: 20 22
rbtree: 14 22
rbtree: 20 22
rbtree: 16 22
rbtree: 18 22
rbtree: 14 22
rbtree: 18 22
rbtree: 16 22
rbtree: 18 20
rbtree: 16 22
rbtree: 18 20
rbtree: 18 20
rbtree: 20 22
rbtree: 16 22
rbtree: 18 24
rbtree: 16 22
rbtree: 18 22
rbtree: 16 22
rbtree: 20 20
rbtree: 16 22
rbtree: 18 22
rbtree: 14 20
rbtree: 18 24
rbtree: 16 22
rbtree: 20 22
rbtree: 14 22
rbtree: 18 22
rbtree: 16 22
rbtree: 20 22
rbtree: 14 22
rbtree: 18 22
rbtree: 16 22
rbtree: 20 22
rbtree: 16 22
rbtree: 18 22
rbtree: 16 22
rbtree: 20 22
rbtree: 14 22
rbtree: 16 22
rbtree: 16 22
rbtree: 18 20
rbtree: 16 20
rbtree: 18 22
rbtree: 16 22
rbtree: 20 20
rbtree: 16 22
rbtree: 20 22
rbtree: 14 24
rbtree: 18 20
rbtree: 18 20
rbtree: 20 20
rbtree: 16 22
rbtree: 18 22
rbtree: 14 20
rbtree: 20 20
rbtree: 16 22
rbtree: 18 22
rbtree: 14 22
rbtree: 18 22
rbtree: 16 22
rbtree: 20 24
rbtree: 16 20
rbtree: 16 22
rbtree: 16 20
rbtree: 18 20
rbtree: 14 22
rbtree: 20 22
rbtree: 16 20
rbtree: 20 20
rbtree: 14 22
rbtree: 16 22
rbtree: 16 20
rbtree: 18 22
rbtree: 14 22
rbtree: 20 22
rbtree: 16 22
rbtree: 16 22
rbtree: 14 22
rbtree: 20 20
rbtree: 16 20
rbtree: 18 20
rbtree: 16 24
rbtree: 16 22
rbtree: 14 20
rbtree: 18 22
rbtree: 16 20
rbtree: 20 20
rbtree: 16 18
rbtree: 20 22
rbtree: 16 20
rbtree: 18 20
rbtree: 14 22
rbtree: 16 22
rbtree: 16 22
rbtree: 18 22
rbtree: 14 20
rbtree: 18 22
rbtree: 16 18
rbtree: 20 22
rbtree: 16 22
rbtree: 18 22
rbtree: 14 22
rbtree: 20 22
rbtree: 16 22
rbtree: 18 20
rbtree: 16 22
rbtree: 20 22
rbtree: 14 24
rbtree: 20 22
rbtree: 16 22
rbtree: 20 22
rbtree: 16 20
rbtree: 18 22
rbtree: 16 22
rbtree: 20 22
rbtree: 16 20
rbtree: 18 22
rbtree: 14 22
rbtree: 18 20
rbtree: 16 22
rbtree: 20 22
rbtree: 14 22
rbtree: 16 22
rbtree: 16 22
rbtree: 18 20
rbtree: 14 20
rbtree: 18 24
rbtree: 16 22
rbtree: 18 22
rbtree: 18 20
rbtree: 18 22
rbtree: 14 22
rbtree: 18 22
rbtree: 16 20
rbtree: 18 22
rbtree: 14 24
rbtree: 20 20
rbtree: 16 24
rbtree: 16 22
rbtree: 16 20
rbtree: 18 22
rbtree: 14 20
rbtree: 18 24
rbtree: 16 20
rbtree: 16 22
rbtree: 16 22
rbtree: 18 20
rbtree: 16 22
rbtree: 20 22
rbtree: 14 20
rbtree: 16 22
rbtree: 16 20
rbtree: 20 24
rbtree: 16 22
rbtree: 18 20
rbtree: 16 22
rbtree: 18 20
rbtree: 14 22
rbtree: 20 22
rbtree: 16 22
rbtree: 18 22
rbtree: 14 22
rbtree: 18 22
rbtree: 14 20
rbtree: 18 20
rbtree: 16 22
rbtree: 20 22
rbtree: 14 22
rbtree: 16 22
rbtree: 18 22
rbtree: 20 22
rbtree: 16 22
rbtree: 18 24
rbtree: 14 20
rbtree: 16 22
rbtree: 14 22
rbtree: 20 20
rbtree: 16 20
rbtree: 18 22
rbtree: 14 22
rbtree: 20 22
rbtree: 16 22
rbtree: 18 22
rbtree: 14 24
rbtree: 20 22
rbtree: 16 22
rbtree: 18 20
rbtree: 16 22
rbtree: 18 22
rbtree: 14 22
rbtree: 16 22
rbtree: 16 22
rbtree: 18 22
rbtree: 14 22
rbtree: 18 22
rbtree: 16 22
rbtree: 16 22
rbtree: 14 22
rbtree: 20 22
rbtree: 16 20
rbtree: 18 20
rbtree: 16 24
rbtree: 16 22
rbtree: 16 22
rbtree: 18 22
rbtree: 16 20
rbtree: 18 20
rbtree: 16 22
rbtree: 18 24
rbtree: 16 20
rbtree: 18 22
rbtree: 18 20
rbtree: 18 22
rbtree: 14 20
rbtree: 18 22
rbtree: 16 20
rbtree: 20 20
rbtree: 16 20
rbtree: 20 20
rbtree: 16 20
rbtree: 18 20
rbtree: 16 20
rbtree: 16 24
rbtree: 16 22
rbtree: 18 20
rbtree: 16 24
rbtree: 18 22
rbtree: 16 22
rbtree: 18 20
rbtree: 14 22
rbtree: 20 22
rbtree: 14 22
rbtree: 18 22
rbtree: 16 20
rbtree: 18 20
rbtree: 14 22
rbtree: 16 22
rbtree: 16 20
rbtree: 20 22
rbtree: 16 20
rbtree: 20 22
rbtree: 14 20
rbtree: 18 22
rbtree: 16 20
rbtree: 20 22
rbtree: 14 24
rbtree: 18 22
rbtree: 16 22
rbtree: 20 22
rbtree: 16 24
rbtree: 16 22
rbtree: 16 22
rbtree: 18 22
rbtree: 14 22
rbtree: 18 24
rbtree: 16 22
rbtree: 20 22
rbtree: 16 22
rbtree: 18 20
rbtree: 14 22
rbtree: 18 22
rbtree: 16 22
rbtree: 16 22
rbtree: 14 20
rbtree: 16 22
rbtree: 14 22
rbtree: 20 20
rbtree: 16 20
rbtree: 20 20
rbtree: 14 22
rbtree: 18 20
rbtree: 16 20
rbtree: 18 22
rbtree: 16 22
rbtree: 18 20
rbtree: 18 48
rbtree: 20 22
rbtree: 16 22
rbtree: 18 20
rbtree: 18 20
rbtree: 20 20
rbtree: 16 22
rbtree: 18 22
rbtree: 16 22
rbtree: 18 22
rbtree: 16 24
rbtree: 16 22
rbtree: 16 22
rbtree: 20 22
rbtree: 16 22
rbtree: 18 22
rbtree: 16 20
rbtree: 20 20
rbtree: 16 22
rbtree: 20 20
rbtree: 14 22
rbtree: 16 22
rbtree: 16 22
rbtree: 18 22
rbtree: 16 22
rbtree: 18 22
rbtree: 14 22
rbtree: 20 20
rbtree: 16 22
rbtree: 18 20
rbtree: 14 20
rbtree: 18 24
rbtree: 16 22
rbtree: 20 22
rbtree: 16 20
rbtree: 20 20
rbtree: 14 24
rbtree: 18 20
rbtree: 16 20
rbtree: 18 22
rbtree: 16 20
rbtree: 18 20
rbtree: 16 22
rbtree: 18 24
rbtree: 16 20
rbtree: 18 20
rbtree: 16 22
rbtree: 16 22
rbtree: 16 20
rbtree: 20 22
rbtree: 16 20
rbtree: 20 22
rbtree: 14 22
rbtree: 18 20
rbtree: 16 24
rbtree: 18 22
rbtree: 16 20
rbtree: 18 22
rbtree: 16 22
rbtree: 18 24
rbtree: 16 22
rbtree: 20 24
rbtree: 14 20
rbtree: 18 22
rbtree: 16 24
rbtree: 20 22
rbtree: 14 22
rbtree: 18 22
rbtree: 14 22
rbtree: 16 22
rbtree: 14 22
rbtree: 20 22
rbtree: 16 22
rbtree: 18 22
rbtree: 16 24
rbtree: 18 22
rbtree: 14 22
rbtree: 18 22
rbtree: 16 20
rbtree: 18 22
rbtree: 14 24
rbtree: 20 20
rbtree: 16 24
rbtree: 16 22
rbtree: 16 20
rbtree: 18 22
rbtree: 14 20
rbtree: 18 24
rbtree: 18 22
rbtree: 18 22
rbtree: 14 20
rbtree: 20 24
rbtree: 16 22
rbtree: 20 22
rbtree: 14 22
rbtree: 20 22
rbtree: 14 22
rbtree: 18 22
rbtree: 16 20
rbtree: 16 24
rbtree: 16 22
rbtree: 18 22
rbtree: 16 22
rbtree: 18 22
rbtree: 14 22
rbtree: 20 20
rbtree: 14 22
rbtree: 18 22
rbtree: 16 20
rbtree: 18 22
rbtree: 14 20
rbtree: 20 20
rbtree: 16 22
rbtree: 18 22
rbtree: 14 18
rbtree: 16 20
rbtree: 14 22
rbtree: 20 22
rbtree: 14 22
rbtree: 16 22
rbtree: 14 22
rbtree: 20 20
rbtree: 16 20
rbtree: 18 20
rbtree: 16 24
rbtree: 16 22
rbtree: 14 20
rbtree: 18 22
rbtree: 16 20
rbtree: 18 20
rbtree: 16 22
rbtree: 20 22
rbtree: 18 24
rbtree: 16 22
rbtree: 14 20
rbtree: 18 24
rbtree: 14 20
rbtree: 16 22
rbtree: 16 20
rbtree: 18 20
rbtree: 16 22
rbtree: 18 20
rbtree: 16 22
rbtree: 18 22
rbtree: 16 22
rbtree: 18 22
rbtree: 16 20
rbtree: 20 22
rbtree: 14 20
rbtree: 20 22
rbtree: 16 24
rbtree: 18 22
rbtree: 14 22
rbtree: 20 22
rbtree: 14 22
rbtree: 16 22
rbtree: 16 20
rbtree: 18 20
rbtree: 16 20
rbtree: 20 22
rbtree: 16 22
rbtree: 18 22
rbtree: 14 22
rbtree: 18 22
rbtree: 16 22
rbtree: 16 22
rbtree: 14 22
rbtree: 20 22
rbtree: 16 22
rbtree: 18 20
rbtree: 16 22
rbtree: 18 22
rbtree: 16 22
rbtree: 18 22
rbtree: 16 22
rbtree: 20 22
rbtree: 16 24
rbtree: 16 22
rbtree: 16 20
rbtree: 18 20
rbtree: 16 20
rbtree: 18 22
rbtree: 16 20
rbtree: 20 22
rbtree: 16 20
rbtree: 20 22
rbtree: 14 22
rbtree: 18 22
rbtree: 14 22
rbtree: 18 22
rbtree: 16 20
rbtree: 20 22
rbtree: 16 20
rbtree: 18 22
rbtree: 16 22
rbtree: 18 22
rbtree: 16 22
rbtree: 20 22
rbtree: 14 22
rbtree: 16 22
rbtree: 16 20
rbtree: 20 22
rbtree: 16 20
rbtree: 18 22
rbtree: 16 20
rbtree: 18 24
rbtree: 16 20
rbtree: 18 20
rbtree: 18 22
rbtree: 20 20
rbtree: 16 20
rbtree: 20 22
rbtree: 16 20
rbtree: 18 22
rbtree: 16 20
rbtree: 18 20
rbtree: 16 22
rbtree: 16 22
rbtree: 16 20
rbtree: 16 22
rbtree: 14 22
rbtree: 20 22
rbtree: 16 22
rbtree: 22 22
rbtree: 16 20
rbtree: 20 20
rbtree: 16 22
rbtree: 18 20
rbtree: 14 22
rbtree: 18 20
rbtree: 16 22
rbtree: 20 22
rbtree: 16 20
rbtree: 20 22
rbtree: 16 22
rbtree: 18 22
rbtree: 16 22
rbtree: 20 20
rbtree: 14 22
rbtree: 20 22
rbtree: 16 22
rbtree: 16 20
rbtree: 16 22
rbtree: 18 22
rbtree: 14 18
rbtree: 20 24
rbtree: 14 22
rbtree: 18 22
rbtree: 18 22
rbtree: 18 20
rbtree: 16 20
