rbtree: 94 128
rbtree: 170 56
rbtree: 70 114
rbtree: 32 148
rbtree: 36 48
rbtree: 26 72
rbtree: 20 48
rbtree: 16 54
rbtree: 16 22
rbtree: 16 26
rbtree: 16 24
rbtree: 16 26
rbtree: 16 22
rbtree: 16 26
rbtree: 16 22
rbtree: 14 24
rbtree: 16 20
rbtree: 16 24
rbtree: 16 22
rbtree: 16 24
rbtree: 16 22
rbtree: 16 26
rbtree: 16 22
rbtree: 14 24
rbtree: 16 24
rbtree: 16 26
rbtree: 14 20
rbtree: 16 24
rbtree: 14 54
rbtree: 14 24
rbtree: 16 22
rbtree: 16 24
rbtree: 16 22
rbtree: 16 26
rbtree: 14 24
rbtree: 14 26
rbtree: 16 52
rbtree: 14 24
rbtree: 16 20
rbtree: 16 24
rbtree: 14 22
rbtree: 14 24
rbtree: 14 22
rbtree: 14 26
rbtree: 16 22
rbtree: 16 26
rbtree: 16 20
rbtree: 16 24
rbtree: 14 22
rbtree: 14 26
rbtree: 16 20
rbtree: 16 26
rbtree: 14 56
rbtree: 16 26
rbtree: 16 24
rbtree: 14 26
rbtree: 16 24
rbtree: 16 24
rbtree: 16 22
rbtree: 16 24
rbtree: 16 22
rbtree: 16 26
rbtree: 14 20
rbtree: 16 24
rbtree: 14 20
rbtree: 14 26
rbtree: 16 24
rbtree: 16 24
rbtree: 16 50
rbtree: 16 24
rbtree: 16 22
rbtree: 16 26
rbtree: 14 20
rbtree: 16 24
rbtree: 14 24
rbtree: 14 26
rbtree: 16 20
rbtree: 14 24
rbtree: 14 20
rbtree: 16 24
rbtree: 14 22
rbtree: 16 26
rbtree: 14 22
rbtree: 14 24
rbtree: 16 20
rbtree: 16 26
rbtree: 14 24
rbtree: 16 26
rbtree: 16 24
rbtree: 16 24
rbtree: 14 22
rbtree: 16 26
rbtree: 16 22
rbtree: 16 24
rbtree: 16 20
rbtree: 16 24
rbtree: 16 22
rbtree: 16 24
rbtree: 16 20
rbtree: 16 24
rbtree: 16 20
rbtree: 14 26
rbtree: 14 22
rbtree: 14 24
rbtree: 14 22
rbtree: 16 24
rbtree: 16 22
rbtree: 14 26
rbtree: 16 20
rbtree: 16 24
rbtree: 16 22
rbtree: 16 24
rbtree: 16 20
rbtree: 14 24
rbtree: 14 22
rbtree: 16 24
rbtree: 16 20
rbtree: 16 24
rbtree: 16 22
rbtree: 16 26
rbtree: 16 22
rbtree: 14 26
rbtree: 14 24
rbtree: 16 24
rbtree: 16 22
rbtree: 16 24
rbtree: 16 22
rbtree: 18 22
rbtree: 16 22
rbtree: 14 26
rbtree: 14 20
rbtree: 16 24
rbtree: 16 22
rbtree: 16 24
rbtree: 16 24
rbtree: 16 24
rbtree: 14 20
rbtree: 16 26
rbtree: 16 20
rbtree: 16 26
rbtree: 16 26
rbtree: 14 24
rbtree: 16 22
rbtree: 16 24
rbtree: 16 22
rbtree: 16 26
rbtree: 14 20
rbtree: 18 24
rbtree: 14 24
rbtree: 16 26
rbtree: 14 20
rbtree: 16 24
rbtree: 16 22
rbtree: 16 26
rbtree: 14 22
rbtree: 16 26
rbtree: 16 22
rbtree: 14 26
rbtree: 14 20
rbtree: 16 26
rbtree: 16 22
rbtree: 16 24
rbtree: 16 22
rbtree: 16 24
rbtree: 16 22
rbtree: 16 26
rbtree: 16 20
rbtree: 16 24
rbtree: 16 20
rbtree: 16 26
rbtree: 16 22
rbtree: 14 22
rbtree: 14 22
rbtree: 16 28
rbtree: 16 22
rbtree: 16 22
rbtree: 16 22
rbtree: 16 26
rbtree: 16 22
rbtree: 14 26
rbtree: 16 22
rbtree: 16 24
rbtree: 16 22
rbtree: 16 24
rbtree: 14 22
rbtree: 16 24
rbtree: 16 22
rbtree: 16 24
rbtree: 16 22
rbtree: 16 24
rbtree: 14 20
rbtree: 16 24
rbtree: 16 22
rbtree: 14 24
rbtree: 16 22
rbtree: 16 26
rbtree: 16 24
rbtree: 14 24
rbtree: 16 22
rbtree: 14 24
rbtree: 16 20
rbtree: 16 24
rbtree: 14 22
rbtree: 14 26
rbtree: 16 22
rbtree: 16 24
rbtree: 16 22
rbtree: 14 24
rbtree: 16 20
rbtree: 16 24
rbtree: 16 24
rbtree: 14 24
rbtree: 16 20
rbtree: 14 26
rbtree: 14 20
rbtree: 16 26
rbtree: 16 24
rbtree: 16 24
rbtree: 16 22
rbtree: 16 24
rbtree: 16 20
rbtree: 14 26
rbtree: 14 20
rbtree: 14 24
rbtree: 14 20
rbtree: 16 22
rbtree: 16 20
rbtree: 16 24
rbtree: 16 22
rbtree: 14 24
rbtree: 14 20
rbtree: 16 24
rbtree: 16 22
rbtree: 16 24
rbtree: 16 20
rbtree: 16 24
rbtree: 14 22
rbtree: 14 24
rbtree: 14 22
rbtree: 14 24
rbtree: 16 22
rbtree: 14 24
rbtree: 14 22
rbtree: 16 24
rbtree: 16 20
rbtree: 16 26
rbtree: 14 22
rbtree: 16 24
rbtree: 14 22
rbtree: 16 26
rbtree: 16 22
rbtree: 16 22
rbtree: 16 22
rbtree: 14 26
rbtree: 18 22
rbtree: 14 24
rbtree: 16 20
rbtree: 16 26
rbtree: 14 24
rbtree: 16 24
rbtree: 14 24
rbtree: 16 24
rbtree: 14 20
rbtree: 16 24
rbtree: 16 22
rbtree: 16 22
rbtree: 16 22
rbtree: 16 26
rbtree: 16 20
rbtree: 16 24
rbtree: 14 22
rbtree: 16 24
rbtree: 16 22
rbtree: 16 24
rbtree: 14 22
rbtree: 14 22
rbtree: 16 22
rbtree: 14 24
rbtree: 16 22
rbtree: 16 24
rbtree: 16 22
rbtree: 16 24
rbtree: 16 22
rbtree: 16 24
rbtree: 16 22
rbtree: 16 26
rbtree: 14 20
rbtree: 16 24
rbtree: 16 20
rbtree: 16 24
rbtree: 14 24
rbtree: 16 26
rbtree: 16 20
rbtree: 16 26
rbtree: 16 20
rbtree: 16 24
rbtree: 16 22
rbtree: 16 24
rbtree: 16 22
rbtree: 16 26
rbtree: 16 22
rbtree: 16 24
rbtree: 16 22
rbtree: 16 24
rbtree: 16 20
rbtree: 14 24
rbtree: 16 20
rbtree: 16 26
rbtree: 16 20
rbtree: 16 24
rbtree: 16 22
rbtree: 14 24
rbtree: 14 24
rbtree: 16 24
rbtree: 16 24
rbtree: 16 26
rbtree: 14 22
rbtree: 14 24
rbtree: 16 22
rbtree: 16 26
rbtree: 14 20
rbtree: 16 26
rbtree: 16 22
rbtree: 16 24
rbtree: 14 22
rbtree: 16 24
rbtree: 14 22
rbtree: 16 24
rbtree: 16 20
rbtree: 16 24
rbtree: 16 26
rbtree: 14 24
rbtree: 16 20
rbtree: 16 26
rbtree: 16 22
rbtree: 16 24
rbtree: 14 22
rbtree: 18 26
rbtree: 14 22
rbtree: 14 24
rbtree: 14 22
rbtree: 16 24
rbtree: 14 22
rbtree: 16 24
rbtree: 16 20
rbtree: 16 24
rbtree: 16 26
rbtree: 14 24
rbtree: 16 20
rbtree: 16 26
rbtree: 16 22
rbtree: 16 24
rbtree: 16 22
rbtree: 16 26
rbtree: 16 24
rbtree: 16 24
rbtree: 14 22
rbtree: 16 26
rbtree: 16 20
rbtree: 16 26
rbtree: 16 22
rbtree: 14 26
rbtree: 16 24
rbtree: 16 26
rbtree: 14 22
rbtree: 14 26
rbtree: 14 22
rbtree: 14 26
rbtree: 16 24
rbtree: 14 24
rbtree: 14 20
rbtree: 16 24
rbtree: 16 22
rbtree: 16 26
rbtree: 16 20
rbtree: 16 24
rbtree: 16 22
rbtree: 16 26
rbtree: 16 24
rbtree: 16 24
rbtree: 16 44
rbtree: 14 22
rbtree: 16 22
rbtree: 16 24
rbtree: 14 20
rbtree: 16 26
rbtree: 14 20
rbtree: 14 26
rbtree: 14 22
rbtree: 16 24
rbtree: 16 20
rbtree: 14 24
rbtree: 16 22
rbtree: 16 26
rbtree: 16 22
rbtree: 16 24
rbtree: 14 22
rbtree: 16 24
rbtree: 16 20
rbtree: 16 24
rbtree: 16 22
rbtree: 14 26
rbtree: 16 24
rbtree: 16 26
rbtree: 16 22
rbtree: 14 24
rbtree: 16 22
rbtree: 14 26
rbtree: 14 22
rbtree: 16 24
rbtree: 16 20
rbtree: 14 26
rbtree: 14 24
rbtree: 16 26
rbtree: 16 22
rbtree: 14 26
rbtree: 14 22
rbtree: 16 24
rbtree: 16 20
rbtree: 14 26
rbtree: 14 24
rbtree: 16 22
rbtree: 16 22
rbtree: 16 26
rbtree: 16 20
rbtree: 14 24
rbtree: 16 22
rbtree: 14 26
rbtree: 16 18
rbtree: 16 26
rbtree: 16 22
rbtree: 16 24
rbtree: 14 20
rbtree: 16 26
rbtree: 16 20
rbtree: 16 22
rbtree: 16 22
rbtree: 16 26
rbtree: 14 20
rbtree: 16 24
rbtree: 16 22
rbtree: 16 24
rbtree: 14 24
rbtree: 14 24
rbtree: 14 22
rbtree: 16 26
rbtree: 14 20
rbtree: 14 24
rbtree: 14 20
rbtree: 14 24
rbtree: 16 22
rbtree: 16 24
rbtree: 14 22
rbtree: 16 22
rbtree: 16 22
rbtree: 16 24
rbtree: 16 22
rbtree: 14 26
rbtree: 16 22
rbtree: 16 26
rbtree: 16 24
rbtree: 16 24
rbtree: 16 22
rbtree: 16 24
rbtree: 14 22
rbtree: 16 24
rbtree: 16 24
rbtree: 14 26
rbtree: 16 20
rbtree: 14 24
rbtree: 16 20
rbtree: 14 26
rbtree: 16 20
rbtree: 16 24
rbtree: 16 24
rbtree: 16 24
rbtree: 16 22
rbtree: 14 24
rbtree: 14 20
rbtree: 14 24
rbtree: 16 22
rbtree: 14 24
rbtree: 14 24
rbtree: 14 26
rbtree: 16 20
rbtree: 16 24
rbtree: 16 22
rbtree: 16 26
rbtree: 16 22
rbtree: 16 24
rbtree: 16 22
rbtree: 16 24
rbtree: 16 44
rbtree: 14 24
rbtree: 16 22
rbtree: 16 24
rbtree: 14 20
rbtree: 16 24
rbtree: 16 22
rbtree: 16 24
rbtree: 14 52
rbtree: 16 26
rbtree: 14 20
rbtree: 14 24
rbtree: 16 20
rbtree: 16 24
rbtree: 16 22
rbtree: 16 24
rbtree: 16 54
rbtree: 18 24
rbtree: 14 20
rbtree: 16 24
rbtree: 16 18
rbtree: 14 24
rbtree: 16 20
rbtree: 16 26
rbtree: 16 56
rbtree: 16 24
rbtree: 16 20
rbtree: 14 26
rbtree: 16 22
rbtree: 16 26
rbtree: 16 22
rbtree: 16 24
rbtree: 16 18
rbtree: 16 24
rbtree: 16 22
rbtree: 16 24
rbtree: 14 22
rbtree: 16 26
rbtree: 16 24
rbtree: 16 24
rbtree: 16 54
rbtree: 16 26
rbtree: 16 20
rbtree: 14 26
rbtree: 16 22
rbtree: 14 24
rbtree: 14 20
rbtree: 16 26
rbtree: 14 20
rbtree: 16 24
rbtree: 16 20
rbtree: 14 26
rbtree: 16 20
rbtree: 14 26
rbtree: 16 22
rbtree: 16 22
rbtree: 16 20
rbtree: 14 24
rbtree: 14 20
rbtree: 16 24
rbtree: 16 22
rbtree: 16 26
rbtree: 16 18
rbtree: 16 24
rbtree: 14 24
rbtree: 14 24
rbtree: 14 22
rbtree: 14 24
rbtree: 16 20
rbtree: 14 26
rbtree: 14 24
rbtree: 14 26
rbtree: 16 18
rbtree: 16 24
rbtree: 18 20
rbtree: 16 26
rbtree: 16 22
rbtree: 14 26
rbtree: 16 20
rbtree: 16 26
rbtree: 16 24
rbtree: 14 26
rbtree: 14 22
rbtree: 14 24
rbtree: 16 24
rbtree: 14 26
rbtree: 16 22
rbtree: 16 24
rbtree: 16 22
rbtree: 14 26
rbtree: 16 20
rbtree: 16 24
rbtree: 16 22
rbtree: 16 26
rbtree: 14 24
rbtree: 16 24
rbtree: 16 20
rbtree: 16 26
rbtree: 14 20
rbtree: 16 24
rbtree: 16 22
rbtree: 16 24
rbtree: 16 20
rbtree: 16 24
rbtree: 16 18
rbtree: 16 24
rbtree: 16 24
rbtree: 16 24
rbtree: 16 22
rbtree: 16 26
rbtree: 16 24
rbtree: 16 26
rbtree: 16 22
rbtree: 14 24
rbtree: 16 20
rbtree: 14 26
rbtree: 16 22
rbtree: 14 24
rbtree: 16 22
rbtree: 14 22
rbtree: 16 18
rbtree: 16 24
rbtree: 16 22
rbtree: 14 26
rbtree: 14 22
rbtree: 16 26
rbtree: 16 20
rbtree: 16 24
rbtree: 16 22
rbtree: 14 24
rbtree: 14 22
rbtree: 16 24
rbtree: 14 22
rbtree: 16 26
rbtree: 16 22
rbtree: 14 24
rbtree: 14 24
rbtree: 16 24
rbtree: 14 22
rbtree: 16 24
rbtree: 16 20
rbtree: 14 22
rbtree: 16 22
rbtree: 16 26
rbtree: 14 20
rbtree: 16 26
rbtree: 16 20
rbtree: 16 26
rbtree: 16 22
rbtree: 14 26
rbtree: 16 24
rbtree: 16 24
rbtree: 16 22
rbtree: 14 24
rbtree: 16 22
rbtree: 16 26
rbtree: 16 20
rbtree: 16 26
rbtree: 14 20
rbtree: 16 24
rbtree: 18 22
rbtree: 16 24
rbtree: 14 22
rbtree: 16 24
rbtree: 16 22
rbtree: 16 26
rbtree: 16 20
rbtree: 14 26
rbtree: 16 20
rbtree: 16 24
rbtree: 16 22
rbtree: 14 24
rbtree: 16 20
rbtree: 16 24
rbtree: 16 22
rbtree: 18 24
rbtree: 16 22
rbtree: 16 26
rbtree: 16 22
rbtree: 16 22
rbtree: 14 18
rbtree: 16 26
rbtree: 16 22
rbtree: 16 24
rbtree: 16 22
rbtree: 16 24
rbtree: 16 22
rbtree: 14 24
rbtree: 14 22
rbtree: 16 26
rbtree: 16 22
rbtree: 16 26
rbtree: 14 20
rbtree: 16 24
rbtree: 16 20
rbtree: 14 26
rbtree: 16 22
rbtree: 14 26
rbtree: 16 20
rbtree: 16 24
rbtree: 16 22
rbtree: 14 24
rbtree: 16 20
rbtree: 16 24
rbtree: 16 20
rbtree: 16 24
rbtree: 16 22
rbtree: 14 24
rbtree: 16 22
rbtree: 16 24
rbtree: 16 22
rbtree: 16 26
rbtree: 14 20
rbtree: 16 26
rbtree: 16 22
rbtree: 16 26
rbtree: 16 22
rbtree: 16 22
rbtree: 16 20
rbtree: 16 24
rbtree: 16 22
rbtree: 14 24
rbtree: 14 20
rbtree: 14 26
rbtree: 16 22
rbtree: 16 24
rbtree: 16 20
rbtree: 14 24
rbtree: 16 20
rbtree: 16 24
rbtree: 16 18
rbtree: 16 24
rbtree: 16 22
rbtree: 16 26
rbtree: 16 22
rbtree: 16 24
rbtree: 16 22
rbtree: 16 26
rbtree: 16 20
rbtree: 16 24
rbtree: 16 20
rbtree: 16 24
rbtree: 16 24
rbtree: 14 24
rbtree: 14 20
rbtree: 16 26
rbtree: 16 24
rbtree: 16 24
rbtree: 16 22
rbtree: 14 24
rbtree: 16 22
rbtree: 16 26
rbtree: 14 20
rbtree: 16 26
rbtree: 16 22
rbtree: 16 26
rbtree: 16 22
rbtree: 14 26
rbtree: 16 22
rbtree: 16 26
rbtree: 16 24
rbtree: 14 26
rbtree: 16 18
rbtree: 16 22
rbtree: 18 20
rbtree: 14 24
rbtree: 16 22
rbtree: 16 24
rbtree: 16 22
rbtree: 14 24
rbtree: 14 22
rbtree: 16 22
rbtree: 14 20
rbtree: 14 26
rbtree: 16 20
rbtree: 16 26
rbtree: 14 20
rbtree: 16 24
rbtree: 14 20
rbtree: 14 24
rbtree: 16 22
rbtree: 14 24
rbtree: 16 20
rbtree: 14 24
rbtree: 14 22
rbtree: 14 26
rbtree: 16 20
rbtree: 16 24
rbtree: 14 24
rbtree: 16 24
rbtree: 16 24
rbtree: 16 26
rbtree: 16 22
rbtree: 18 22
rbtree: 14 22
rbtree: 16 26
rbtree: 14 22
rbtree: 16 24
rbtree: 16 22
rbtree: 16 24
rbtree: 16 20
rbtree: 16 24
rbtree: 16 22
rbtree: 14 24
rbtree: 14 20
rbtree: 14 24
rbtree: 16 22
rbtree: 16 24
rbtree: 16 22
rbtree: 16 24
rbtree: 14 20
rbtree: 16 24
rbtree: 16 20
rbtree: 16 26
rbtree: 16 20
rbtree: 16 24
rbtree: 14 22
rbtree: 16 24
rbtree: 16 26
rbtree: 16 24
rbtree: 14 22
rbtree: 14 24
rbtree: 16 22
rbtree: 16 24
rbtree: 16 20
rbtree: 16 26
rbtree: 16 24
rbtree: 16 26
rbtree: 16 22
rbtree: 16 22
rbtree: 16 22
rbtree: 16 24
rbtree: 16 22
rbtree: 14 26
rbtree: 14 24
rbtree: 16 24
rbtree: 14 20
rbtree: 16 24
rbtree: 16 20
rbtree: 16 24
rbtree: 16 22
rbtree: 16 26
rbtree: 16 26
rbtree: 16 24
rbtree: 14 24
rbtree: 14 24
rbtree: 16 24
rbtree: 14 24
rbtree: 14 20
rbtree: 16 26
rbtree: 16 24
rbtree: 16 24
rbtree: 16 22
rbtree: 14 24
rbtree: 16 22
rbtree: 16 26
rbtree: 14 22
rbtree: 16 26
rbtree: 16 22
rbtree: 18 24
rbtree: 16 22
rbtree: 14 26
rbtree: 16 22
rbtree: 16 26
rbtree: 16 24
rbtree: 14 26
rbtree: 16 18
rbtree: 16 22
rbtree: 16 20
rbtree: 14 24
rbtree: 16 22
rbtree: 16 22
rbtree: 18 20
rbtree: 14 26
rbtree: 14 22
rbtree: 16 24
rbtree: 14 20
rbtree: 14 26
rbtree: 14 20
rbtree: 16 24
rbtree: 14 20
rbtree: 14 24
rbtree: 16 20
rbtree: 16 26
rbtree: 16 20
rbtree: 16 24
rbtree: 16 22
rbtree: 16 24
rbtree: 16 20
rbtree: 16 24
rbtree: 16 22
rbtree: 14 26
rbtree: 16 20
rbtree: 14 24
rbtree: 16 24
rbtree: 16 22
rbtree: 16 20
rbtree: 14 26
rbtree: 14 24
rbtree: 14 24
rbtree: 14 20
rbtree: 16 24
rbtree: 16 22
rbtree: 16 26
rbtree: 16 20
rbtree: 14 26
rbtree: 14 20
rbtree: 16 24
rbtree: 16 22
rbtree: 16 24
rbtree: 18 24
rbtree: 14 26
rbtree: 16 20
rbtree: 16 24
rbtree: 14 20
rbtree: 16 26
rbtree: 14 20
rbtree: 16 26
rbtree: 14 22
rbtree: 16 24
rbtree: 16 24
rbtree: 14 24
rbtree: 14 24
rbtree: 16 26
rbtree: 14 22
rbtree: 18 24
rbtree: 16 22
rbtree: 14 24
rbtree: 14 20
rbtree: 16 26
rbtree: 16 24
rbtree: 16 24
rbtree: 16 20
rbtree: 14 26
rbtree: 14 20
rbtree: 16 26
rbtree: 14 20
rbtree: 16 24
rbtree: 16 24
rbtree: 14 24
rbtree: 16 20
rbtree: 14 22
rbtree: 14 22
rbtree: 16 24
rbtree: 16 22
rbtree: 16 24
rbtree: 16 22
rbtree: 16 24
rbtree: 14 22
rbtree: 16 24
rbtree: 16 22
rbtree: 14 24
rbtree: 16 20
rbtree: 16 24
rbtree: 14 22
rbtree: 16 26
rbtree: 14 22
rbtree: 16 24
rbtree: 16 22
rbtree: 16 24
rbtree: 16 22
rbtree: 16 26
rbtree: 16 24
rbtree: 16 24
rbtree: 16 22
rbtree: 18 24
rbtree: 14 22
rbtree: 16 24
rbtree: 16 22
rbtree: 14 24
rbtree: 14 22
rbtree: 16 24
rbtree: 14 20
rbtree: 16 24
rbtree: 16 22
rbtree: 14 26
rbtree: 16 18
rbtree: 16 26
rbtree: 14 22
rbtree: 16 24
rbtree: 16 22
rbtree: 16 24
rbtree: 18 22
rbtree: 16 24
rbtree: 16 22
rbtree: 16 26
rbtree: 16 22
rbtree: 16 24
rbtree: 16 26
rbtree: 16 22
rbtree: 14 20
rbtree: 16 24
rbtree: 14 20
rbtree: 14 26
rbtree: 16 22
rbtree: 16 26
rbtree: 14 22
rbtree: 16 26
rbtree: 14 22
rbtree: 14 26
rbtree: 16 22
rbtree: 16 24
rbtree: 16 22
rbtree: 16 24
rbtree: 16 22
rbtree: 16 22
rbtree: 16 20
rbtree: 16 24
