rbtree: 100 94
rbtree: 50 112
rbtree: 120 90
rbtree: 144 54
rbtree: 28 102
rbtree: 180 50
rbtree: 74 76
rbtree: 24 88
rbtree: 64 122
rbtree: 110 68
rbtree: 24 78
rbtree: 90 70
rbtree: 26 80
rbtree: 58 22
rbtree: 14 54
rbtree: 20 58
rbtree: 16 28
rbtree: 22 22
rbtree: 16 26
rbtree: 16 22
rbtree: 18 28
rbtree: 40 22
rbtree: 16 26
rbtree: 16 24
rbtree: 16 26
rbtree: 16 20
rbtree: 16 26
rbtree: 14 24
rbtree: 18 52
rbtree: 18 22
rbtree: 16 26
rbtree: 16 22
rbtree: 18 28
rbtree: 18 24
rbtree: 14 24
rbtree: 14 24
rbtree: 14 50
rbtree: 16 22
rbtree: 16 24
rbtree: 14 22
rbtree: 16 28
rbtree: 24 24
rbtree: 16 26
rbtree: 16 24
rbtree: 18 28
rbtree: 30 24
rbtree: 16 26
rbtree: 16 24
rbtree: 16 28
rbtree: 18 22
rbtree: 16 26
rbtree: 16 24
rbtree: 18 46
rbtree: 16 24
rbtree: 16 24
rbtree: 14 24
rbtree: 16 28
rbtree: 18 24
rbtree: 16 26
rbtree: 14 22
rbtree: 16 64
rbtree: 46 24
rbtree: 16 26
rbtree: 14 24
rbtree: 16 28
rbtree: 22 22
rbtree: 14 24
rbtree: 16 26
rbtree: 18 48
rbtree: 28 24
rbtree: 16 24
rbtree: 16 26
rbtree: 18 26
rbtree: 16 22
rbtree: 16 24
rbtree: 16 24
rbtree: 18 26
rbtree: 36 22
rbtree: 14 24
rbtree: 16 24
rbtree: 20 28
rbtree: 18 22
rbtree: 14 26
rbtree: 18 26
rbtree: 18 28
rbtree: 22 22
rbtree: 16 26
rbtree: 16 22
rbtree: 18 28
rbtree: 18 22
rbtree: 16 26
rbtree: 16 24
rbtree: 18 28
rbtree: 16 22
rbtree: 18 26
rbtree: 16 24
rbtree: 18 28
rbtree: 16 24
rbtree: 16 26
rbtree: 16 26
rbtree: 18 28
rbtree: 16 24
rbtree: 16 26
rbtree: 16 24
rbtree: 18 28
rbtree: 22 22
rbtree: 14 26
rbtree: 16 24
rbtree: 18 28
rbtree: 16 22
rbtree: 16 26
rbtree: 18 22
rbtree: 18 28
rbtree: 16 22
rbtree: 16 26
rbtree: 16 24
rbtree: 18 28
rbtree: 16 24
rbtree: 16 26
rbtree: 16 24
rbtree: 20 28
rbtree: 18 22
rbtree: 16 24
rbtree: 16 22
rbtree: 16 26
rbtree: 24 22
rbtree: 16 26
rbtree: 20 26
rbtree: 18 28
rbtree: 18 22
rbtree: 16 24
rbtree: 16 24
rbtree: 16 26
rbtree: 16 22
rbtree: 16 26
rbtree: 16 22
rbtree: 20 28
rbtree: 18 24
rbtree: 16 24
rbtree: 16 24
rbtree: 18 28
rbtree: 24 22
rbtree: 16 26
rbtree: 16 26
rbtree: 18 28
rbtree: 16 22
rbtree: 16 24
rbtree: 16 22
rbtree: 20 28
rbtree: 16 22
rbtree: 18 24
rbtree: 18 24
rbtree: 20 26
rbtree: 14 22
rbtree: 16 26
rbtree: 16 24
rbtree: 18 26
rbtree: 16 24
rbtree: 16 24
rbtree: 16 24
rbtree: 14 28
rbtree: 24 22
rbtree: 16 24
rbtree: 16 24
rbtree: 18 28
rbtree: 16 24
rbtree: 14 24
rbtree: 18 22
rbtree: 18 26
rbtree: 16 22
rbtree: 16 26
rbtree: 14 22
rbtree: 18 30
rbtree: 16 22
rbtree: 16 26
rbtree: 16 24
rbtree: 18 26
rbtree: 24 24
rbtree: 16 26
rbtree: 16 24
rbtree: 18 28
rbtree: 18 22
rbtree: 16 24
rbtree: 16 24
rbtree: 16 26
rbtree: 16 24
rbtree: 14 26
rbtree: 16 24
rbtree: 24 28
rbtree: 18 24
rbtree: 16 24
rbtree: 20 26
rbtree: 18 26
rbtree: 18 24
rbtree: 14 26
rbtree: 16 24
rbtree: 16 28
rbtree: 22 20
rbtree: 16 24
rbtree: 16 24
rbtree: 18 28
rbtree: 18 22
rbtree: 14 26
rbtree: 16 24
rbtree: 16 28
rbtree: 16 22
rbtree: 16 26
rbtree: 16 24
rbtree: 18 26
rbtree: 18 22
rbtree: 16 26
rbtree: 18 24
rbtree: 20 28
rbtree: 16 22
rbtree: 16 24
rbtree: 18 22
rbtree: 20 28
rbtree: 24 24
rbtree: 16 26
rbtree: 14 26
rbtree: 20 26
rbtree: 18 24
rbtree: 16 26
rbtree: 16 24
rbtree: 20 26
rbtree: 18 20
rbtree: 14 26
rbtree: 16 22
rbtree: 20 26
rbtree: 18 22
rbtree: 22 24
rbtree: 16 22
rbtree: 16 26
rbtree: 18 22
rbtree: 16 26
rbtree: 16 24
rbtree: 18 28
rbtree: 22 22
rbtree: 16 24
rbtree: 18 24
rbtree: 20 26
rbtree: 16 24
rbtree: 26 26
rbtree: 16 26
rbtree: 18 26
rbtree: 18 22
rbtree: 18 26
rbtree: 16 24
rbtree: 18 26
rbtree: 18 24
rbtree: 18 26
rbtree: 18 24
rbtree: 16 26
rbtree: 18 24
rbtree: 14 26
rbtree: 16 24
rbtree: 16 26
rbtree: 24 22
rbtree: 14 24
rbtree: 16 24
rbtree: 18 26
rbtree: 16 22
rbtree: 16 24
rbtree: 18 24
rbtree: 18 28
rbtree: 16 22
rbtree: 16 26
rbtree: 16 24
rbtree: 18 30
rbtree: 16 24
rbtree: 14 26
rbtree: 16 24
rbtree: 16 26
rbtree: 24 22
rbtree: 14 26
rbtree: 16 24
rbtree: 18 26
rbtree: 16 22
rbtree: 16 22
rbtree: 16 24
rbtree: 18 26
rbtree: 16 22
rbtree: 16 26
rbtree: 16 24
rbtree: 20 28
rbtree: 18 24
rbtree: 16 24
rbtree: 16 24
rbtree: 18 26
rbtree: 18 22
rbtree: 16 24
rbtree: 18 24
rbtree: 18 26
rbtree: 16 24
rbtree: 18 22
rbtree: 16 24
rbtree: 14 30
rbtree: 22 24
rbtree: 16 24
rbtree: 18 24
rbtree: 18 28
rbtree: 18 22
rbtree: 16 24
rbtree: 16 26
rbtree: 18 28
rbtree: 18 22
rbtree: 14 26
rbtree: 16 24
rbtree: 18 28
rbtree: 16 22
rbtree: 16 26
rbtree: 16 26
rbtree: 20 28
rbtree: 18 22
rbtree: 16 26
rbtree: 16 22
rbtree: 16 26
rbtree: 26 22
rbtree: 16 26
rbtree: 16 24
rbtree: 20 26
rbtree: 16 24
rbtree: 16 26
rbtree: 16 22
rbtree: 18 28
rbtree: 18 24
rbtree: 16 24
rbtree: 18 24
rbtree: 20 26
rbtree: 16 22
rbtree: 16 26
rbtree: 16 24
rbtree: 18 28
rbtree: 16 24
rbtree: 14 24
rbtree: 16 24
rbtree: 16 28
rbtree: 24 22
rbtree: 16 24
rbtree: 16 24
rbtree: 20 26
rbtree: 16 22
rbtree: 16 24
rbtree: 20 22
rbtree: 16 26
rbtree: 16 22
rbtree: 16 24
rbtree: 16 24
rbtree: 20 26
rbtree: 16 24
rbtree: 16 24
rbtree: 18 26
rbtree: 18 28
rbtree: 16 22
rbtree: 16 26
rbtree: 16 24
rbtree: 16 28
rbtree: 24 22
rbtree: 14 26
rbtree: 16 24
rbtree: 20 28
rbtree: 18 22
rbtree: 16 24
rbtree: 16 24
rbtree: 18 28
rbtree: 16 22
rbtree: 16 24
rbtree: 16 26
rbtree: 20 26
rbtree: 16 24
rbtree: 16 26
rbtree: 18 24
rbtree: 18 28
rbtree: 16 24
rbtree: 16 26
rbtree: 16 22
rbtree: 14 28
rbtree: 24 22
rbtree: 14 24
rbtree: 16 24
rbtree: 18 28
rbtree: 18 24
rbtree: 16 26
rbtree: 16 26
rbtree: 18 28
rbtree: 16 22
rbtree: 16 24
rbtree: 16 22
rbtree: 20 28
rbtree: 16 22
rbtree: 16 24
rbtree: 20 24
rbtree: 20 28
rbtree: 16 24
rbtree: 16 26
rbtree: 14 24
rbtree: 14 26
rbtree: 24 24
rbtree: 18 26
rbtree: 16 24
rbtree: 20 28
rbtree: 16 20
rbtree: 16 24
rbtree: 18 24
rbtree: 20 28
rbtree: 16 24
rbtree: 16 24
rbtree: 16 24
rbtree: 18 28
rbtree: 16 22
rbtree: 16 26
rbtree: 18 26
rbtree: 18 26
rbtree: 24 22
rbtree: 16 26
rbtree: 16 24
rbtree: 20 28
rbtree: 18 22
rbtree: 16 24
rbtree: 14 26
rbtree: 18 28
rbtree: 16 22
rbtree: 16 24
rbtree: 18 24
rbtree: 18 30
rbtree: 18 22
rbtree: 16 26
rbtree: 14 24
rbtree: 18 28
rbtree: 16 24
rbtree: 14 26
rbtree: 16 24
rbtree: 16 26
rbtree: 24 22
rbtree: 16 26
rbtree: 16 24
rbtree: 20 26
rbtree: 16 22
rbtree: 16 26
rbtree: 16 22
rbtree: 18 28
rbtree: 18 22
rbtree: 16 24
rbtree: 14 22
rbtree: 18 26
rbtree: 18 22
rbtree: 18 26
rbtree: 16 22
rbtree: 18 26
rbtree: 18 22
rbtree: 14 26
rbtree: 16 24
rbtree: 16 26
rbtree: 24 24
rbtree: 14 24
rbtree: 16 26
rbtree: 20 28
rbtree: 18 22
rbtree: 16 24
rbtree: 18 24
rbtree: 18 28
rbtree: 16 22
rbtree: 16 26
rbtree: 16 26
rbtree: 20 30
rbtree: 18 22
rbtree: 16 24
rbtree: 18 24
rbtree: 18 26
rbtree: 16 22
rbtree: 16 26
rbtree: 16 24
rbtree: 16 28
rbtree: 26 24
rbtree: 16 24
rbtree: 16 22
rbtree: 20 28
rbtree: 16 22
rbtree: 16 26
rbtree: 18 24
rbtree: 18 28
rbtree: 18 22
rbtree: 14 24
rbtree: 14 24
rbtree: 20 28
rbtree: 16 24
rbtree: 14 24
rbtree: 16 26
rbtree: 18 32
rbtree: 18 24
rbtree: 16 26
rbtree: 20 24
rbtree: 18 46
rbtree: 16 22
rbtree: 14 24
rbtree: 16 22
rbtree: 14 28
rbtree: 26 22
rbtree: 16 26
rbtree: 16 26
rbtree: 20 64
rbtree: 16 22
rbtree: 14 26
rbtree: 16 26
rbtree: 18 28
rbtree: 18 22
rbtree: 14 26
rbtree: 16 24
rbtree: 18 44
rbtree: 18 22
rbtree: 14 24
rbtree: 18 24
rbtree: 18 26
rbtree: 18 22
rbtree: 16 24
rbtree: 16 24
rbtree: 18 50
rbtree: 14 22
rbtree: 16 24
rbtree: 14 26
rbtree: 16 28
rbtree: 24 22
rbtree: 16 24
rbtree: 18 24
rbtree: 20 28
rbtree: 34 22
rbtree: 18 24
rbtree: 18 24
rbtree: 16 26
rbtree: 16 24
rbtree: 16 26
rbtree: 16 24
rbtree: 18 56
rbtree: 38 22
rbtree: 16 26
rbtree: 18 24
rbtree: 16 28
rbtree: 16 24
rbtree: 16 26
rbtree: 18 24
rbtree: 20 26
rbtree: 24 24
rbtree: 16 24
rbtree: 16 24
rbtree: 16 26
rbtree: 18 24
rbtree: 16 24
rbtree: 20 24
rbtree: 18 30
rbtree: 36 22
rbtree: 16 24
rbtree: 16 26
rbtree: 18 26
rbtree: 16 24
rbtree: 16 26
rbtree: 16 26
rbtree: 18 28
rbtree: 28 22
rbtree: 16 26
rbtree: 16 24
rbtree: 16 26
rbtree: 24 22
rbtree: 16 26
rbtree: 16 24
rbtree: 20 26
rbtree: 16 22
rbtree: 16 24
rbtree: 18 22
rbtree: 18 28
rbtree: 16 20
rbtree: 14 26
rbtree: 16 22
rbtree: 20 28
rbtree: 16 22
rbtree: 16 26
rbtree: 20 22
rbtree: 18 30
rbtree: 16 24
rbtree: 16 26
rbtree: 14 24
rbtree: 14 28
rbtree: 24 22
rbtree: 16 26
rbtree: 18 26
rbtree: 20 28
rbtree: 16 22
rbtree: 16 24
rbtree: 16 24
rbtree: 16 28
rbtree: 16 24
rbtree: 16 26
rbtree: 14 24
rbtree: 18 26
rbtree: 16 24
rbtree: 16 24
rbtree: 18 24
rbtree: 18 28
rbtree: 16 24
rbtree: 14 26
rbtree: 14 24
rbtree: 14 28
rbtree: 24 22
rbtree: 16 26
rbtree: 16 24
rbtree: 20 30
rbtree: 16 22
rbtree: 16 26
rbtree: 16 26
rbtree: 18 28
rbtree: 16 24
rbtree: 16 26
rbtree: 14 24
rbtree: 20 26
rbtree: 16 24
rbtree: 16 26
rbtree: 16 24
rbtree: 18 28
rbtree: 18 24
rbtree: 16 24
rbtree: 18 24
rbtree: 14 28
rbtree: 22 24
rbtree: 16 26
rbtree: 16 24
rbtree: 20 28
rbtree: 18 22
rbtree: 16 26
rbtree: 16 24
rbtree: 18 48
rbtree: 16 22
rbtree: 16 26
rbtree: 16 24
rbtree: 18 26
rbtree: 16 24
rbtree: 14 26
rbtree: 16 24
rbtree: 18 26
rbtree: 16 22
rbtree: 18 26
rbtree: 16 24
rbtree: 16 28
rbtree: 26 22
rbtree: 16 24
rbtree: 16 26
rbtree: 20 26
rbtree: 18 22
rbtree: 16 26
rbtree: 16 24
rbtree: 18 28
rbtree: 16 24
rbtree: 14 26
rbtree: 16 24
rbtree: 16 26
rbtree: 18 24
rbtree: 16 26
rbtree: 16 24
rbtree: 18 28
rbtree: 18 22
rbtree: 14 26
rbtree: 16 24
rbtree: 16 28
rbtree: 24 22
rbtree: 16 24
rbtree: 20 26
rbtree: 18 28
rbtree: 18 22
rbtree: 14 26
rbtree: 20 22
rbtree: 18 26
rbtree: 16 24
rbtree: 18 24
rbtree: 16 22
rbtree: 20 26
rbtree: 14 24
rbtree: 14 26
rbtree: 18 24
rbtree: 20 26
rbtree: 18 22
rbtree: 14 26
rbtree: 16 24
rbtree: 16 26
rbtree: 24 22
rbtree: 16 22
rbtree: 16 22
rbtree: 16 28
rbtree: 16 26
rbtree: 16 26
rbtree: 14 24
rbtree: 20 28
rbtree: 16 24
rbtree: 16 26
rbtree: 16 26
rbtree: 18 28
rbtree: 18 22
rbtree: 16 26
rbtree: 16 24
rbtree: 20 26
rbtree: 16 22
rbtree: 14 26
rbtree: 18 26
rbtree: 20 28
rbtree: 24 24
rbtree: 16 26
rbtree: 16 24
rbtree: 16 26
rbtree: 18 22
rbtree: 14 24
rbtree: 16 22
rbtree: 16 28
rbtree: 16 24
rbtree: 16 26
rbtree: 16 24
rbtree: 20 28
rbtree: 18 24
rbtree: 16 26
rbtree: 16 24
rbtree: 18 28
rbtree: 16 24
rbtree: 16 24
rbtree: 16 26
rbtree: 16 28
rbtree: 24 22
rbtree: 14 26
rbtree: 16 24
rbtree: 20 26
rbtree: 18 24
rbtree: 16 26
rbtree: 14 24
rbtree: 18 30
rbtree: 16 24
rbtree: 16 24
rbtree: 14 24
rbtree: 18 28
rbtree: 16 22
rbtree: 16 24
rbtree: 14 24
rbtree: 18 26
rbtree: 18 22
rbtree: 16 24
rbtree: 16 24
rbtree: 14 26
rbtree: 24 22
rbtree: 18 24
rbtree: 18 24
rbtree: 18 28
rbtree: 14 22
rbtree: 18 24
rbtree: 16 24
rbtree: 18 30
rbtree: 16 24
rbtree: 14 26
rbtree: 14 24
rbtree: 20 26
rbtree: 16 24
rbtree: 24 26
rbtree: 16 24
rbtree: 16 26
rbtree: 16 24
rbtree: 16 26
rbtree: 16 24
rbtree: 16 28
rbtree: 22 22
rbtree: 16 26
rbtree: 16 22
rbtree: 18 28
rbtree: 18 22
rbtree: 16 24
rbtree: 16 22
rbtree: 18 26
rbtree: 16 22
rbtree: 14 26
rbtree: 16 24
rbtree: 18 28
rbtree: 18 22
rbtree: 16 24
rbtree: 16 22
rbtree: 18 30
rbtree: 16 24
rbtree: 16 26
rbtree: 14 24
rbtree: 14 26
rbtree: 22 24
rbtree: 16 26
rbtree: 16 24
rbtree: 18 26
rbtree: 18 24
rbtree: 14 24
rbtree: 16 22
rbtree: 18 28
rbtree: 18 24
rbtree: 16 26
rbtree: 14 24
rbtree: 20 28
rbtree: 16 22
rbtree: 16 24
rbtree: 16 24
rbtree: 18 28
rbtree: 16 22
rbtree: 16 26
rbtree: 16 24
rbtree: 16 26
rbtree: 22 22
rbtree: 14 22
rbtree: 14 22
rbtree: 20 28
rbtree: 18 22
rbtree: 16 24
rbtree: 14 24
rbtree: 18 26
rbtree: 16 22
rbtree: 16 26
rbtree: 18 24
rbtree: 18 28
rbtree: 18 22
rbtree: 16 26
rbtree: 16 24
rbtree: 18 26
rbtree: 16 22
rbtree: 14 24
rbtree: 16 24
rbtree: 18 28
rbtree: 22 24
rbtree: 16 26
rbtree: 16 24
rbtree: 18 28
rbtree: 18 24
rbtree: 16 24
rbtree: 16 22
rbtree: 18 28
rbtree: 16 22
rbtree: 16 26
rbtree: 14 26
rbtree: 20 28
rbtree: 16 22
rbtree: 16 24
rbtree: 18 26
rbtree: 18 26
rbtree: 16 22
rbtree: 16 26
rbtree: 14 24
rbtree: 16 28
rbtree: 26 24
rbtree: 14 26
rbtree: 16 22
rbtree: 18 28
rbtree: 16 22
rbtree: 16 26
rbtree: 16 24
rbtree: 18 28
rbtree: 18 20
rbtree: 18 26
rbtree: 14 24
rbtree: 18 28
rbtree: 16 24
rbtree: 16 24
rbtree: 20 24
rbtree: 16 28
rbtree: 24 22
rbtree: 16 24
rbtree: 18 24
rbtree: 20 28
rbtree: 16 22
rbtree: 18 26
rbtree: 14 22
rbtree: 18 26
rbtree: 16 24
rbtree: 14 24
rbtree: 16 26
rbtree: 20 26
rbtree: 16 24
rbtree: 18 24
rbtree: 20 26
rbtree: 18 26
rbtree: 18 22
rbtree: 16 26
rbtree: 16 24
rbtree: 16 26
rbtree: 24 22
rbtree: 16 24
rbtree: 16 24
rbtree: 18 26
rbtree: 18 24
rbtree: 16 24
rbtree: 14 24
rbtree: 20 28
rbtree: 16 22
rbtree: 14 24
rbtree: 16 24
rbtree: 18 28
rbtree: 16 22
rbtree: 16 26
rbtree: 16 24
rbtree: 18 26
rbtree: 16 22
rbtree: 16 22
rbtree: 16 24
rbtree: 14 26
rbtree: 24 24
rbtree: 16 26
rbtree: 16 22
rbtree: 16 26
rbtree: 16 22
rbtree: 14 24
rbtree: 18 24
rbtree: 18 28
rbtree: 16 22
rbtree: 16 24
rbtree: 16 24
rbtree: 18 28
rbtree: 16 24
rbtree: 14 26
rbtree: 16 24
rbtree: 20 26
rbtree: 16 24
rbtree: 14 26
rbtree: 16 24
rbtree: 16 26
rbtree: 22 20
rbtree: 16 26
rbtree: 18 24
rbtree: 18 28
rbtree: 18 24
rbtree: 14 26
rbtree: 18 24
rbtree: 18 28
rbtree: 16 22
rbtree: 18 26
rbtree: 16 22
rbtree: 20 26
rbtree: 16 22
rbtree: 16 26
rbtree: 16 22
rbtree: 18 28
rbtree: 18 22
rbtree: 16 24
rbtree: 16 24
rbtree: 14 28
rbtree: 18 24
rbtree: 16 26
rbtree: 14 24
rbtree: 18 28
rbtree: 16 22
rbtree: 16 26
rbtree: 14 24
rbtree: 18 28
rbtree: 16 22
rbtree: 16 26
rbtree: 14 24
rbtree: 18 28
rbtree: 16 22
rbtree: 16 26
rbtree: 16 24
rbtree: 18 26
rbtree: 18 22
rbtree: 16 26
rbtree: 14 24
rbtree: 16 28
rbtree: 20 22
rbtree: 16 26
rbtree: 16 26
rbtree: 18 28
rbtree: 16 22
rbtree: 16 26
rbtree: 18 24
rbtree: 18 26
rbtree: 16 22
rbtree: 16 22
rbtree: 18 24
rbtree: 18 28
rbtree: 18 22
rbtree: 16 26
rbtree: 16 22
rbtree: 16 26
rbtree: 16 22
rbtree: 14 24
rbtree: 16 22
rbtree: 16 30
rbtree: 18 24
rbtree: 16 26
rbtree: 16 22
rbtree: 20 28
rbtree: 16 24
rbtree: 16 24
rbtree: 18 26
rbtree: 16 28
rbtree: 16 24
rbtree: 16 26
rbtree: 16 24
rbtree: 20 26
rbtree: 18 22
rbtree: 16 26
rbtree: 16 24
rbtree: 16 24
rbtree: 20 22
rbtree: 18 24
rbtree: 16 22
rbtree: 20 28
rbtree: 18 22
rbtree: 14 26
rbtree: 14 24
