rbtree: 90 192
rbtree: 46 208
rbtree: 110 96
rbtree: 28 144
rbtree: 68 154
rbtree: 26 68
rbtree: 126 122
rbtree: 26 98
rbtree: 88 124
rbtree: 26 74
rbtree: 40 154
rbtree: 28 72
rbtree: 16 80
rbtree: 140 68
rbtree: 30 168
rbtree: 112 30
rbtree: 144 92
rbtree: 30 32
rbtree: 46 88
rbtree: 30 70
rbtree: 106 76
rbtree: 16 74
rbtree: 104 150
rbtree: 84 88
rbtree: 26 110
rbtree: 82 74
rbtree: 34 130
rbtree: 30 94
rbtree: 106 100
rbtree: 32 80
rbtree: 50 114
rbtree: 28 80
rbtree: 110 96
rbtree: 22 74
rbtree: 68 136
rbtree: 22 76
rbtree: 48 84
rbtree: 78 76
rbtree: 30 136
rbtree: 64 74
rbtree: 214 74
rbtree: 22 90
rbtree: 64 106
rbtree: 16 70
rbtree: 88 44
rbtree: 86 74
rbtree: 30 112
rbtree: 58 78
rbtree: 32 80
rbtree: 38 70
rbtree: 124 86
rbtree: 24 68
rbtree: 68 78
rbtree: 24 74
rbtree: 90 116
rbtree: 24 94
rbtree: 108 116
rbtree: 46 96
rbtree: 24 106
rbtree: 82 90
rbtree: 24 84
rbtree: 96 78
rbtree: 30 112
rbtree: 32 74
rbtree: 92 84
rbtree: 30 74
rbtree: 112 112
rbtree: 46 80
rbtree: 22 84
rbtree: 128 76
rbtree: 36 136
rbtree: 24 38
rbtree: 36 78
rbtree: 24 104
rbtree: 74 122
rbtree: 24 34
rbtree: 52 78
rbtree: 16 34
rbtree: 38 142
rbtree: 48 36
rbtree: 22 42
rbtree: 74 36
rbtree: 26 114
rbtree: 46 34
rbtree: 86 98
rbtree: 30 36
rbtree: 54 156
rbtree: 16 76
rbtree: 64 116
rbtree: 24 40
rbtree: 60 108
rbtree: 32 40
rbtree: 68 94
rbtree: 22 76
rbtree: 52 148
rbtree: 28 40
rbtree: 150 100
rbtree: 24 40
rbtree: 40 124
rbtree: 22 38
rbtree: 48 102
rbtree: 88 38
rbtree: 24 126
rbtree: 62 38
rbtree: 24 102
rbtree: 64 36
rbtree: 24 126
rbtree: 80 38
rbtree: 30 102
rbtree: 28 38
rbtree: 58 132
rbtree: 22 38
rbtree: 66 100
rbtree: 24 38
rbtree: 70 126
rbtree: 22 80
rbtree: 48 82
rbtree: 24 80
rbtree: 82 180
rbtree: 84 40
rbtree: 24 102
rbtree: 80 40
rbtree: 14 114
rbtree: 44 80
rbtree: 32 104
rbtree: 68 38
rbtree: 34 122
rbtree: 58 40
rbtree: 24 100
rbtree: 94 40
rbtree: 40 104
rbtree: 24 38
rbtree: 52 102
rbtree: 32 38
rbtree: 84 152
rbtree: 24 40
rbtree: 50 104
rbtree: 54 40
rbtree: 26 96
rbtree: 50 38
rbtree: 26 88
rbtree: 78 40
rbtree: 16 112
rbtree: 46 44
rbtree: 28 88
rbtree: 80 38
rbtree: 26 94
rbtree: 68 40
rbtree: 28 90
rbtree: 34 38
rbtree: 24 184
rbtree: 100 80
rbtree: 22 124
rbtree: 72 44
rbtree: 26 130
rbtree: 48 40
rbtree: 24 104
rbtree: 64 42
rbtree: 50 154
rbtree: 28 44
rbtree: 56 104
rbtree: 24 46
rbtree: 34 86
rbtree: 26 82
rbtree: 72 110
rbtree: 144 78
rbtree: 28 142
rbtree: 54 78
rbtree: 18 102
rbtree: 26 40
rbtree: 68 104
rbtree: 22 90
rbtree: 24 88
rbtree: 46 38
rbtree: 28 108
rbtree: 56 38
rbtree: 30 88
rbtree: 40 40
rbtree: 42 82
rbtree: 32 36
rbtree: 58 104
rbtree: 30 38
rbtree: 84 178
rbtree: 24 102
rbtree: 72 118
rbtree: 30 100
rbtree: 28 122
rbtree: 36 80
rbtree: 30 90
rbtree: 70 42
rbtree: 28 122
rbtree: 26 90
rbtree: 48 84
rbtree: 80 40
rbtree: 24 98
rbtree: 92 40
rbtree: 26 84
rbtree: 24 90
rbtree: 52 158
rbtree: 60 44
rbtree: 30 94
rbtree: 34 44
rbtree: 32 102
rbtree: 52 42
rbtree: 24 52
rbtree: 66 44
rbtree: 24 134
rbtree: 26 42
rbtree: 56 110
rbtree: 32 42
rbtree: 70 112
rbtree: 16 42
rbtree: 22 94
rbtree: 36 42
rbtree: 32 154
rbtree: 68 44
rbtree: 28 92
rbtree: 44 46
rbtree: 16 62
rbtree: 28 42
rbtree: 50 108
rbtree: 60 46
rbtree: 24 118
rbtree: 70 42
rbtree: 24 92
rbtree: 16 44
rbtree: 28 102
rbtree: 44 42
rbtree: 30 90
rbtree: 88 44
rbtree: 34 132
rbtree: 70 42
rbtree: 34 92
rbtree: 40 44
rbtree: 62 88
rbtree: 24 44
rbtree: 52 106
rbtree: 46 42
rbtree: 32 112
rbtree: 38 42
rbtree: 28 90
rbtree: 50 44
rbtree: 24 118
rbtree: 56 44
rbtree: 24 90
rbtree: 34 42
rbtree: 24 202
rbtree: 180 42
rbtree: 38 90
rbtree: 70 42
rbtree: 34 66
rbtree: 28 42
rbtree: 26 50
rbtree: 74 46
rbtree: 34 128
rbtree: 40 40
rbtree: 26 50
rbtree: 46 42
rbtree: 32 112
rbtree: 44 42
rbtree: 26 90
rbtree: 44 40
rbtree: 26 150
rbtree: 40 42
rbtree: 26 92
rbtree: 72 44
rbtree: 34 116
rbtree: 26 42
rbtree: 26 92
rbtree: 44 42
rbtree: 26 126
rbtree: 20 42
rbtree: 24 92
rbtree: 50 46
rbtree: 26 120
rbtree: 26 42
rbtree: 26 90
rbtree: 46 44
rbtree: 28 156
rbtree: 40 44
rbtree: 26 90
rbtree: 96 42
rbtree: 36 120
rbtree: 24 42
rbtree: 26 92
rbtree: 42 42
rbtree: 26 126
rbtree: 24 42
rbtree: 28 92
rbtree: 50 42
rbtree: 26 118
rbtree: 26 44
rbtree: 26 92
rbtree: 44 46
rbtree: 28 128
rbtree: 20 40
rbtree: 26 94
rbtree: 50 44
rbtree: 26 122
rbtree: 24 42
rbtree: 22 92
rbtree: 44 40
rbtree: 26 124
rbtree: 26 42
rbtree: 24 92
rbtree: 50 42
rbtree: 26 114
rbtree: 26 44
rbtree: 26 94
rbtree: 46 44
rbtree: 28 198
rbtree: 40 86
rbtree: 26 122
rbtree: 108 84
rbtree: 34 114
rbtree: 24 44
rbtree: 28 54
rbtree: 46 40
rbtree: 26 126
rbtree: 24 42
rbtree: 26 90
rbtree: 48 42
rbtree: 26 118
rbtree: 24 44
rbtree: 28 90
rbtree: 44 44
rbtree: 26 130
rbtree: 26 46
rbtree: 26 90
rbtree: 92 42
rbtree: 28 116
rbtree: 30 42
rbtree: 28 90
rbtree: 24 44
rbtree: 28 108
rbtree: 24 42
rbtree: 24 90
rbtree: 44 40
rbtree: 24 98
rbtree: 24 44
rbtree: 26 92
rbtree: 46 42
rbtree: 26 140
rbtree: 26 42
rbtree: 28 92
rbtree: 116 42
rbtree: 34 100
rbtree: 24 42
rbtree: 28 92
rbtree: 48 40
rbtree: 26 106
rbtree: 26 42
rbtree: 24 90
rbtree: 48 42
rbtree: 26 98
rbtree: 28 44
rbtree: 26 88
rbtree: 46 42
rbtree: 28 132
rbtree: 26 42
rbtree: 26 92
rbtree: 86 44
rbtree: 26 96
rbtree: 26 42
rbtree: 24 90
rbtree: 46 42
rbtree: 28 122
rbtree: 24 42
rbtree: 26 90
rbtree: 50 42
rbtree: 28 96
rbtree: 24 42
rbtree: 26 54
rbtree: 44 42
rbtree: 28 192
rbtree: 44 88
rbtree: 26 102
rbtree: 106 44
rbtree: 28 64
rbtree: 30 44
rbtree: 28 94
rbtree: 46 44
rbtree: 24 104
rbtree: 26 44
rbtree: 26 88
rbtree: 52 42
rbtree: 28 100
rbtree: 26 46
rbtree: 28 90
rbtree: 50 42
rbtree: 28 138
rbtree: 26 44
rbtree: 26 90
rbtree: 74 42
rbtree: 26 98
rbtree: 26 44
rbtree: 26 94
rbtree: 28 42
rbtree: 28 108
rbtree: 26 42
rbtree: 26 92
rbtree: 52 46
rbtree: 26 96
rbtree: 26 42
rbtree: 26 92
rbtree: 46 44
rbtree: 26 134
rbtree: 46 42
rbtree: 28 90
rbtree: 98 44
rbtree: 26 98
rbtree: 24 42
rbtree: 26 92
rbtree: 52 42
rbtree: 32 124
rbtree: 26 42
rbtree: 26 90
rbtree: 54 44
rbtree: 26 116
rbtree: 26 40
rbtree: 26 88
rbtree: 46 44
rbtree: 26 134
rbtree: 26 42
rbtree: 26 92
rbtree: 94 44
rbtree: 24 120
rbtree: 26 40
rbtree: 26 90
rbtree: 48 42
rbtree: 26 142
rbtree: 26 42
rbtree: 24 92
rbtree: 56 42
rbtree: 28 116
rbtree: 26 42
rbtree: 26 92
rbtree: 48 42
rbtree: 24 192
rbtree: 26 82
rbtree: 30 88
rbtree: 40 44
rbtree: 30 100
rbtree: 26 44
rbtree: 26 90
rbtree: 26 40
rbtree: 28 130
rbtree: 26 42
rbtree: 28 90
rbtree: 54 42
rbtree: 30 118
rbtree: 24 42
rbtree: 28 92
rbtree: 44 90
rbtree: 28 176
rbtree: 24 42
rbtree: 22 96
rbtree: 76 44
rbtree: 22 98
rbtree: 26 40
rbtree: 24 52
rbtree: 40 40
rbtree: 22 146
rbtree: 26 44
rbtree: 22 96
rbtree: 54 42
rbtree: 22 100
rbtree: 26 44
rbtree: 22 96
rbtree: 48 44
rbtree: 22 154
rbtree: 26 44
rbtree: 24 92
rbtree: 74 44
rbtree: 24 96
rbtree: 26 44
rbtree: 26 92
rbtree: 46 44
rbtree: 28 142
rbtree: 26 46
rbtree: 30 92
rbtree: 52 42
rbtree: 28 100
rbtree: 26 42
rbtree: 26 88
rbtree: 46 42
rbtree: 28 150
rbtree: 26 42
rbtree: 28 88
rbtree: 76 44
rbtree: 28 100
rbtree: 26 42
rbtree: 26 62
rbtree: 48 42
rbtree: 26 148
rbtree: 26 44
rbtree: 28 50
rbtree: 24 40
rbtree: 26 98
rbtree: 26 44
rbtree: 26 94
rbtree: 48 44
rbtree: 28 192
rbtree: 26 48
rbtree: 28 54
rbtree: 34 42
rbtree: 22 62
rbtree: 26 42
rbtree: 32 92
rbtree: 48 44
rbtree: 26 146
rbtree: 24 40
rbtree: 26 94
rbtree: 50 42
rbtree: 26 98
rbtree: 26 42
rbtree: 28 94
rbtree: 46 42
rbtree: 30 148
rbtree: 26 44
rbtree: 26 92
rbtree: 66 44
rbtree: 26 96
rbtree: 26 46
rbtree: 26 92
rbtree: 46 42
rbtree: 26 142
rbtree: 24 42
rbtree: 22 90
rbtree: 52 44
rbtree: 26 98
rbtree: 26 46
rbtree: 28 92
rbtree: 48 42
rbtree: 28 158
rbtree: 30 44
rbtree: 26 50
rbtree: 94 42
rbtree: 26 98
rbtree: 26 42
rbtree: 26 90
rbtree: 46 42
rbtree: 30 124
rbtree: 24 42
rbtree: 26 90
rbtree: 46 42
rbtree: 26 98
rbtree: 24 44
rbtree: 22 52
rbtree: 68 42
rbtree: 30 128
rbtree: 26 42
rbtree: 26 50
rbtree: 64 44
rbtree: 26 100
rbtree: 26 44
rbtree: 26 92
rbtree: 48 42
rbtree: 28 124
rbtree: 26 42
rbtree: 32 90
rbtree: 52 42
rbtree: 26 98
rbtree: 24 42
rbtree: 24 52
rbtree: 44 44
rbtree: 26 176
rbtree: 26 48
rbtree: 26 54
rbtree: 32 42
rbtree: 24 64
rbtree: 22 44
rbtree: 26 92
rbtree: 26 42
rbtree: 28 140
rbtree: 26 42
rbtree: 26 90
rbtree: 50 40
rbtree: 26 118
rbtree: 26 42
rbtree: 26 88
rbtree: 26 44
rbtree: 26 142
rbtree: 26 42
rbtree: 26 92
rbtree: 68 44
rbtree: 28 118
rbtree: 28 42
rbtree: 24 94
rbtree: 46 42
rbtree: 26 138
rbtree: 24 44
rbtree: 26 92
rbtree: 48 44
rbtree: 26 100
rbtree: 26 42
rbtree: 24 92
rbtree: 26 40
rbtree: 24 158
rbtree: 24 44
rbtree: 26 88
rbtree: 88 42
rbtree: 26 96
rbtree: 26 42
rbtree: 26 94
rbtree: 26 42
rbtree: 24 128
rbtree: 26 42
rbtree: 26 90
rbtree: 50 40
rbtree: 28 96
rbtree: 26 42
rbtree: 26 54
rbtree: 46 44
rbtree: 26 146
rbtree: 24 44
rbtree: 24 90
rbtree: 54 40
rbtree: 26 98
rbtree: 26 42
rbtree: 26 90
rbtree: 44 42
rbtree: 26 142
rbtree: 24 44
rbtree: 28 94
rbtree: 46 40
rbtree: 32 98
rbtree: 26 44
rbtree: 32 92
rbtree: 44 40
rbtree: 26 194
rbtree: 26 46
rbtree: 28 56
rbtree: 34 42
rbtree: 28 100
rbtree: 28 42
rbtree: 30 90
rbtree: 26 42
rbtree: 26 130
rbtree: 26 42
rbtree: 26 90
rbtree: 54 42
rbtree: 26 120
rbtree: 26 44
rbtree: 26 92
rbtree: 50 40
rbtree: 28 144
rbtree: 26 44
rbtree: 24 88
rbtree: 76 44
rbtree: 26 118
rbtree: 26 44
rbtree: 26 88
rbtree: 46 42
rbtree: 26 70
rbtree: 28 44
rbtree: 28 92
rbtree: 58 42
rbtree: 28 100
rbtree: 26 42
rbtree: 26 92
rbtree: 26 42
rbtree: 26 134
rbtree: 26 44
rbtree: 26 50
rbtree: 74 40
rbtree: 26 96
rbtree: 26 42
rbtree: 28 90
rbtree: 56 42
rbtree: 28 140
rbtree: 26 44
rbtree: 28 90
rbtree: 28 42
rbtree: 28 96
rbtree: 24 42
rbtree: 24 90
rbtree: 46 42
rbtree: 28 126
rbtree: 26 42
rbtree: 26 90
rbtree: 56 42
rbtree: 28 98
rbtree: 28 44
rbtree: 26 90
rbtree: 46 44
rbtree: 28 148
rbtree: 28 44
rbtree: 22 90
rbtree: 28 42
rbtree: 26 96
rbtree: 26 46
rbtree: 28 92
rbtree: 50 44
rbtree: 26 176
rbtree: 26 48
rbtree: 26 56
rbtree: 36 44
rbtree: 26 60
rbtree: 26 42
rbtree: 28 92
rbtree: 50 44
rbtree: 28 140
rbtree: 26 42
rbtree: 28 90
rbtree: 54 44
rbtree: 32 116
rbtree: 26 42
rbtree: 28 90
rbtree: 48 90
rbtree: 30 136
rbtree: 26 42
rbtree: 22 52
rbtree: 70 44
rbtree: 24 96
rbtree: 26 42
rbtree: 22 50
rbtree: 44 42
rbtree: 24 144
rbtree: 26 44
rbtree: 22 96
rbtree: 56 40
rbtree: 24 102
rbtree: 26 44
rbtree: 22 90
rbtree: 48 42
rbtree: 28 170
rbtree: 24 44
rbtree: 24 94
rbtree: 98 44
rbtree: 22 96
rbtree: 26 44
rbtree: 28 92
rbtree: 46 42
rbtree: 28 142
rbtree: 26 42
rbtree: 26 90
rbtree: 52 42
rbtree: 28 98
rbtree: 26 44
rbtree: 26 88
rbtree: 48 42
rbtree: 28 144
rbtree: 30 42
rbtree: 24 90
rbtree: 72 42
rbtree: 26 96
rbtree: 26 42
rbtree: 26 90
rbtree: 50 44
rbtree: 28 142
rbtree: 24 46
rbtree: 28 92
rbtree: 70 44
rbtree: 26 98
rbtree: 26 42
rbtree: 26 92
rbtree: 50 44
rbtree: 26 188
rbtree: 24 44
rbtree: 32 54
rbtree: 34 44
rbtree: 26 66
rbtree: 28 44
rbtree: 26 88
rbtree: 24 42
rbtree: 26 126
rbtree: 26 44
rbtree: 26 90
rbtree: 48 42
rbtree: 26 98
rbtree: 24 42
rbtree: 26 92
rbtree: 46 42
rbtree: 26 130
rbtree: 24 44
rbtree: 28 92
rbtree: 68 42
rbtree: 26 118
rbtree: 26 42
rbtree: 28 92
rbtree: 42 44
rbtree: 26 138
rbtree: 26 42
rbtree: 24 90
rbtree: 52 42
rbtree: 28 116
rbtree: 26 40
rbtree: 26 90
rbtree: 44 42
rbtree: 26 172
rbtree: 30 44
rbtree: 26 90
rbtree: 90 46
rbtree: 26 114
rbtree: 26 42
rbtree: 26 90
rbtree: 42 42
rbtree: 26 142
rbtree: 24 44
rbtree: 26 88
rbtree: 52 42
rbtree: 28 114
rbtree: 26 40
rbtree: 26 92
rbtree: 42 42
rbtree: 26 146
rbtree: 26 44
rbtree: 26 92
rbtree: 66 44
rbtree: 26 124
rbtree: 24 42
rbtree: 26 90
rbtree: 44 42
rbtree: 26 140
rbtree: 26 44
rbtree: 26 92
rbtree: 48 44
rbtree: 26 122
rbtree: 26 42
rbtree: 26 92
rbtree: 44 42
rbtree: 26 162
rbtree: 26 46
rbtree: 26 52
rbtree: 34 42
rbtree: 24 118
rbtree: 24 42
rbtree: 26 88
rbtree: 26 44
rbtree: 28 142
rbtree: 26 44
rbtree: 28 90
rbtree: 50 42
rbtree: 28 116
rbtree: 24 42
rbtree: 26 90
rbtree: 46 42
rbtree: 26 132
rbtree: 26 42
rbtree: 28 90
rbtree: 68 42
rbtree: 26 98
rbtree: 28 40
rbtree: 26 90
rbtree: 26 42
rbtree: 26 68
rbtree: 30 42
rbtree: 28 92
rbtree: 44 42
rbtree: 28 96
rbtree: 26 40
rbtree: 28 90
rbtree: 26 44
rbtree: 26 156
rbtree: 24 40
rbtree: 28 90
rbtree: 90 42
rbtree: 26 98
rbtree: 24 44
rbtree: 24 90
rbtree: 24 44
rbtree: 26 126
rbtree: 24 44
rbtree: 26 50
rbtree: 26 44
rbtree: 26 96
rbtree: 24 42
rbtree: 24 92
rbtree: 48 42
rbtree: 26 106
rbtree: 26 42
rbtree: 26 50
rbtree: 66 40
rbtree: 26 96
rbtree: 24 42
rbtree: 26 90
rbtree: 40 42
rbtree: 26 144
rbtree: 26 44
rbtree: 28 90
rbtree: 50 42
rbtree: 28 100
rbtree: 26 42
rbtree: 26 92
rbtree: 44 42
rbtree: 28 178
rbtree: 26 48
rbtree: 26 56
rbtree: 34 44
rbtree: 26 64
rbtree: 30 38
rbtree: 32 92
rbtree: 26 44
rbtree: 26 146
rbtree: 26 44
rbtree: 26 90
rbtree: 54 42
rbtree: 28 96
rbtree: 26 44
rbtree: 26 92
rbtree: 46 42
rbtree: 28 150
rbtree: 26 44
rbtree: 28 92
rbtree: 76 44
rbtree: 28 94
rbtree: 26 40
rbtree: 26 96
rbtree: 46 42
rbtree: 26 142
rbtree: 26 42
rbtree: 28 88
rbtree: 54 44
rbtree: 28 98
rbtree: 26 40
rbtree: 26 92
rbtree: 48 44
rbtree: 26 154
rbtree: 26 42
rbtree: 26 92
rbtree: 98 44
rbtree: 26 96
rbtree: 26 44
rbtree: 26 92
rbtree: 48 42
rbtree: 32 138
rbtree: 26 44
rbtree: 26 90
rbtree: 52 44
rbtree: 26 98
rbtree: 26 42
rbtree: 28 92
rbtree: 48 42
rbtree: 26 152
rbtree: 26 44
rbtree: 26 92
rbtree: 74 42
rbtree: 26 98
rbtree: 26 42
rbtree: 26 88
rbtree: 48 44
rbtree: 26 148
rbtree: 26 42
rbtree: 26 92
rbtree: 52 42
rbtree: 24 92
rbtree: 24 44
rbtree: 26 88
rbtree: 48 44
rbtree: 22 176
rbtree: 26 46
rbtree: 28 56
rbtree: 36 42
rbtree: 30 62
rbtree: 26 44
rbtree: 26 90
rbtree: 26 42
rbtree: 26 142
rbtree: 26 42
rbtree: 30 92
rbtree: 54 42
rbtree: 32 114
rbtree: 26 42
rbtree: 26 94
rbtree: 50 90
rbtree: 24 116
rbtree: 24 42
rbtree: 22 54
rbtree: 72 42
rbtree: 24 102
rbtree: 24 44
rbtree: 24 52
rbtree: 40 42
rbtree: 22 142
rbtree: 24 42
rbtree: 24 94
rbtree: 56 42
rbtree: 24 100
rbtree: 26 42
rbtree: 22 92
rbtree: 46 42
rbtree: 24 172
rbtree: 24 44
rbtree: 22 92
rbtree: 94 42
rbtree: 24 100
rbtree: 26 42
rbtree: 26 92
rbtree: 46 42
rbtree: 28 138
rbtree: 26 42
rbtree: 28 92
rbtree: 54 44
rbtree: 28 102
rbtree: 26 42
rbtree: 28 90
rbtree: 48 42
rbtree: 24 164
rbtree: 26 42
