rbtree: 92 172
rbtree: 32 124
rbtree: 136 34
rbtree: 28 110
rbtree: 22 74
rbtree: 166 116
rbtree: 114 90
rbtree: 24 164
rbtree: 34 78
rbtree: 124 88
rbtree: 22 36
rbtree: 24 178
rbtree: 56 78
rbtree: 26 88
rbtree: 84 38
rbtree: 44 116
rbtree: 96 36
rbtree: 26 100
rbtree: 132 54
rbtree: 14 158
rbtree: 104 36
rbtree: 30 118
rbtree: 26 38
rbtree: 110 104
rbtree: 36 38
rbtree: 78 102
rbtree: 24 40
rbtree: 30 144
rbtree: 36 40
rbtree: 30 100
rbtree: 22 38
rbtree: 24 110
rbtree: 90 38
rbtree: 24 84
rbtree: 86 38
rbtree: 34 186
rbtree: 68 78
rbtree: 44 118
rbtree: 36 44
rbtree: 58 108
rbtree: 24 82
rbtree: 48 52
rbtree: 16 80
rbtree: 60 146
rbtree: 26 76
rbtree: 24 94
rbtree: 92 82
rbtree: 32 96
rbtree: 58 84
rbtree: 26 104
rbtree: 66 84
rbtree: 66 178
rbtree: 76 80
rbtree: 30 50
rbtree: 32 40
rbtree: 50 92
rbtree: 24 40
rbtree: 52 48
rbtree: 28 44
rbtree: 26 154
rbtree: 48 80
rbtree: 24 90
rbtree: 58 36
rbtree: 44 98
rbtree: 24 80
rbtree: 46 90
rbtree: 24 78
rbtree: 32 170
rbtree: 72 42
rbtree: 26 88
rbtree: 150 80
rbtree: 22 118
rbtree: 80 80
rbtree: 24 52
rbtree: 36 80
rbtree: 14 104
rbtree: 44 44
rbtree: 26 88
rbtree: 90 80
rbtree: 26 94
rbtree: 60 44
rbtree: 28 90
rbtree: 70 78
rbtree: 38 108
rbtree: 16 96
rbtree: 24 50
rbtree: 24 80
rbtree: 76 92
rbtree: 14 40
rbtree: 106 92
rbtree: 110 80
rbtree: 26 96
rbtree: 58 84
rbtree: 16 90
rbtree: 24 40
rbtree: 40 98
rbtree: 16 42
rbtree: 160 98
rbtree: 16 80
rbtree: 68 184
rbtree: 26 84
rbtree: 20 128
rbtree: 66 98
rbtree: 16 148
rbtree: 48 100
rbtree: 20 88
rbtree: 24 46
rbtree: 100 120
rbtree: 14 86
rbtree: 78 106
rbtree: 24 88
rbtree: 76 116
rbtree: 48 46
rbtree: 34 94
rbtree: 106 88
rbtree: 26 142
rbtree: 56 88
rbtree: 24 108
rbtree: 18 88
rbtree: 16 104
rbtree: 70 46
rbtree: 22 54
rbtree: 52 46
rbtree: 24 142
rbtree: 34 46
rbtree: 28 94
rbtree: 84 46
rbtree: 26 114
rbtree: 16 46
rbtree: 70 108
rbtree: 26 48
rbtree: 74 170
rbtree: 42 46
rbtree: 26 52
rbtree: 86 46
rbtree: 26 100
rbtree: 60 44
rbtree: 16 54
rbtree: 54 44
rbtree: 28 130
rbtree: 42 48
rbtree: 26 54
rbtree: 52 46
rbtree: 30 116
rbtree: 54 44
rbtree: 16 54
rbtree: 50 44
rbtree: 96 124
rbtree: 14 70
rbtree: 26 96
rbtree: 38 46
rbtree: 26 98
rbtree: 50 44
rbtree: 16 52
rbtree: 74 48
rbtree: 30 124
rbtree: 26 48
rbtree: 52 120
rbtree: 152 44
rbtree: 28 100
rbtree: 70 48
rbtree: 34 108
rbtree: 26 44
rbtree: 80 226
rbtree: 56 46
rbtree: 24 92
rbtree: 72 44
rbtree: 24 114
rbtree: 16 46
rbtree: 26 54
rbtree: 52 46
rbtree: 24 122
rbtree: 64 46
rbtree: 28 92
rbtree: 38 44
rbtree: 28 100
rbtree: 78 44
rbtree: 30 94
rbtree: 66 44
rbtree: 28 132
rbtree: 74 46
rbtree: 28 108
rbtree: 42 46
rbtree: 16 100
rbtree: 34 44
rbtree: 16 94
rbtree: 56 48
rbtree: 26 124
rbtree: 46 46
rbtree: 24 94
rbtree: 38 48
rbtree: 28 100
rbtree: 144 44
rbtree: 28 94
rbtree: 46 44
rbtree: 28 160
rbtree: 18 46
rbtree: 16 94
rbtree: 46 46
rbtree: 120 114
rbtree: 26 46
rbtree: 60 108
rbtree: 18 48
rbtree: 28 138
rbtree: 70 44
rbtree: 16 94
rbtree: 40 44
rbtree: 26 120
rbtree: 18 74
rbtree: 26 94
rbtree: 70 46
rbtree: 26 146
rbtree: 72 46
rbtree: 30 94
rbtree: 68 46
rbtree: 108 120
rbtree: 24 46
rbtree: 40 106
rbtree: 16 46
rbtree: 20 106
rbtree: 74 44
rbtree: 20 110
rbtree: 16 44
rbtree: 82 118
rbtree: 66 44
rbtree: 34 52
rbtree: 40 46
rbtree: 86 196
rbtree: 26 88
rbtree: 52 92
rbtree: 24 92
rbtree: 18 116
rbtree: 16 94
rbtree: 102 56
rbtree: 28 86
rbtree: 26 122
rbtree: 72 90
rbtree: 20 90
rbtree: 36 50
rbtree: 20 136
rbtree: 46 48
rbtree: 60 92
rbtree: 26 48
rbtree: 38 160
rbtree: 26 90
rbtree: 122 90
rbtree: 26 90
rbtree: 44 132
rbtree: 24 88
rbtree: 14 98
rbtree: 16 88
rbtree: 46 114
rbtree: 88 90
rbtree: 24 114
rbtree: 40 48
rbtree: 32 104
rbtree: 34 48
rbtree: 40 92
rbtree: 16 48
rbtree: 60 206
rbtree: 26 90
rbtree: 28 110
rbtree: 66 88
rbtree: 58 106
rbtree: 16 88
rbtree: 76 96
rbtree: 26 48
rbtree: 50 146
rbtree: 56 88
rbtree: 26 100
rbtree: 80 86
rbtree: 18 104
rbtree: 26 50
rbtree: 68 98
rbtree: 32 90
rbtree: 26 154
rbtree: 62 92
rbtree: 22 98
rbtree: 24 48
rbtree: 28 106
rbtree: 32 50
rbtree: 116 126
rbtree: 20 86
rbtree: 70 140
rbtree: 18 48
rbtree: 40 110
rbtree: 24 88
rbtree: 66 114
rbtree: 24 88
rbtree: 44 106
rbtree: 40 84
rbtree: 26 164
rbtree: 70 88
rbtree: 16 114
rbtree: 18 84
rbtree: 48 120
rbtree: 20 48
rbtree: 32 96
rbtree: 42 46
rbtree: 26 126
rbtree: 16 50
rbtree: 14 96
rbtree: 114 50
rbtree: 36 106
rbtree: 78 48
rbtree: 42 98
rbtree: 54 48
rbtree: 28 128
rbtree: 66 50
rbtree: 32 98
rbtree: 74 50
rbtree: 16 118
rbtree: 34 52
rbtree: 88 112
rbtree: 16 48
rbtree: 42 128
rbtree: 24 90
rbtree: 48 96
rbtree: 94 88
rbtree: 26 122
rbtree: 54 48
rbtree: 28 96
rbtree: 54 48
rbtree: 28 158
rbtree: 92 52
rbtree: 32 104
rbtree: 26 48
rbtree: 74 120
rbtree: 18 48
rbtree: 30 98
rbtree: 76 50
rbtree: 24 144
rbtree: 58 52
rbtree: 30 102
rbtree: 34 50
rbtree: 56 94
rbtree: 42 50
rbtree: 14 58
rbtree: 52 50
rbtree: 14 158
rbtree: 64 50
rbtree: 32 58
rbtree: 78 90
rbtree: 26 106
rbtree: 68 48
rbtree: 72 112
rbtree: 28 48
rbtree: 54 144
rbtree: 26 50
rbtree: 42 98
rbtree: 16 46
rbtree: 50 96
rbtree: 16 46
rbtree: 52 114
rbtree: 24 52
rbtree: 44 184
rbtree: 34 52
rbtree: 54 98
rbtree: 42 88
rbtree: 14 100
rbtree: 38 90
rbtree: 34 58
rbtree: 40 50
rbtree: 30 130
rbtree: 34 92
rbtree: 16 98
rbtree: 60 50
rbtree: 22 100
rbtree: 60 46
rbtree: 28 62
rbtree: 28 46
rbtree: 40 138
rbtree: 34 50
rbtree: 50 90
rbtree: 24 50
rbtree: 46 112
rbtree: 40 52
rbtree: 28 98
rbtree: 56 50
rbtree: 28 122
rbtree: 32 50
rbtree: 28 60
rbtree: 74 50
rbtree: 16 104
rbtree: 28 48
rbtree: 28 62
rbtree: 16 50
rbtree: 28 144
rbtree: 44 50
rbtree: 32 96
rbtree: 76 48
rbtree: 30 102
rbtree: 42 50
rbtree: 28 58
rbtree: 28 50
rbtree: 38 128
rbtree: 32 48
rbtree: 68 92
rbtree: 30 48
rbtree: 74 118
rbtree: 26 50
rbtree: 66 92
rbtree: 16 88
rbtree: 26 154
rbtree: 38 48
rbtree: 24 56
rbtree: 30 90
rbtree: 58 116
rbtree: 24 88
rbtree: 54 92
rbtree: 34 88
rbtree: 72 158
rbtree: 18 50
rbtree: 24 58
rbtree: 54 48
rbtree: 74 112
rbtree: 26 50
rbtree: 68 96
rbtree: 34 90
rbtree: 34 180
rbtree: 66 110
rbtree: 14 130
rbtree: 86 108
rbtree: 30 146
rbtree: 16 96
rbtree: 66 106
rbtree: 100 90
rbtree: 28 114
rbtree: 60 90
rbtree: 22 100
rbtree: 26 94
rbtree: 30 124
rbtree: 56 94
rbtree: 64 114
rbtree: 36 90
rbtree: 96 152
rbtree: 16 54
rbtree: 36 116
rbtree: 54 54
rbtree: 74 122
rbtree: 26 98
rbtree: 60 100
rbtree: 32 108
rbtree: 30 118
rbtree: 58 52
rbtree: 72 116
rbtree: 28 54
rbtree: 50 126
rbtree: 24 54
rbtree: 16 120
rbtree: 16 100
rbtree: 66 200
rbtree: 132 52
rbtree: 24 120
rbtree: 62 98
rbtree: 24 140
rbtree: 16 98
rbtree: 36 120
rbtree: 58 96
rbtree: 24 170
rbtree: 46 96
rbtree: 16 98
rbtree: 62 96
rbtree: 26 128
rbtree: 44 98
rbtree: 56 96
rbtree: 22 90
rbtree: 56 174
rbtree: 34 54
rbtree: 32 96
rbtree: 26 52
rbtree: 48 138
rbtree: 52 90
rbtree: 34 94
rbtree: 52 92
rbtree: 36 146
rbtree: 56 90
rbtree: 36 94
rbtree: 46 94
rbtree: 34 140
rbtree: 38 90
rbtree: 34 64
rbtree: 92 90
rbtree: 24 196
rbtree: 46 94
rbtree: 42 96
rbtree: 20 86
rbtree: 24 134
rbtree: 38 90
rbtree: 34 102
rbtree: 40 52
rbtree: 28 130
rbtree: 56 94
rbtree: 24 102
rbtree: 26 54
rbtree: 28 72
rbtree: 94 92
rbtree: 34 94
rbtree: 74 96
rbtree: 20 150
rbtree: 36 56
rbtree: 40 94
rbtree: 34 52
rbtree: 70 140
rbtree: 36 90
rbtree: 84 96
rbtree: 34 56
rbtree: 64 126
rbtree: 18 94
rbtree: 26 62
rbtree: 26 52
rbtree: 32 142
rbtree: 34 94
rbtree: 68 58
rbtree: 32 54
rbtree: 74 178
rbtree: 16 96
rbtree: 14 100
rbtree: 64 54
rbtree: 28 132
rbtree: 76 92
rbtree: 18 104
rbtree: 36 52
rbtree: 66 80
rbtree: 66 92
rbtree: 36 102
rbtree: 44 54
rbtree: 26 108
rbtree: 44 98
rbtree: 32 116
rbtree: 56 56
rbtree: 26 134
rbtree: 52 94
rbtree: 32 102
rbtree: 90 88
rbtree: 16 110
rbtree: 22 96
rbtree: 84 116
rbtree: 38 54
rbtree: 16 120
rbtree: 88 52
rbtree: 34 94
rbtree: 56 54
rbtree: 16 108
rbtree: 62 52
rbtree: 30 94
rbtree: 16 54
rbtree: 72 240
rbtree: 30 54
rbtree: 46 114
rbtree: 52 54
rbtree: 40 118
rbtree: 42 54
rbtree: 28 60
rbtree: 26 52
rbtree: 26 152
rbtree: 50 72
rbtree: 14 118
rbtree: 48 52
rbtree: 34 110
rbtree: 76 54
rbtree: 16 118
rbtree: 34 52
rbtree: 28 114
rbtree: 58 52
rbtree: 36 102
rbtree: 38 54
rbtree: 34 142
rbtree: 34 54
rbtree: 40 92
rbtree: 34 52
rbtree: 50 152
rbtree: 26 52
rbtree: 50 96
rbtree: 36 54
rbtree: 30 108
rbtree: 54 52
rbtree: 16 96
rbtree: 28 54
rbtree: 48 172
rbtree: 78 54
rbtree: 14 100
rbtree: 78 56
rbtree: 36 128
rbtree: 56 54
rbtree: 36 100
rbtree: 82 54
rbtree: 36 136
rbtree: 62 54
rbtree: 36 98
rbtree: 54 54
rbtree: 34 130
rbtree: 42 52
rbtree: 30 98
rbtree: 28 52
rbtree: 36 114
rbtree: 64 52
rbtree: 30 100
rbtree: 36 92
rbtree: 42 142
rbtree: 36 52
rbtree: 64 116
rbtree: 26 54
rbtree: 58 144
rbtree: 44 54
rbtree: 62 118
rbtree: 44 54
rbtree: 22 138
rbtree: 36 54
rbtree: 120 114
rbtree: 24 52
rbtree: 56 200
rbtree: 28 92
rbtree: 16 102
rbtree: 34 94
rbtree: 46 132
rbtree: 34 90
rbtree: 42 94
rbtree: 34 52
rbtree: 42 138
rbtree: 28 94
rbtree: 28 60
rbtree: 62 52
rbtree: 16 102
rbtree: 62 94
rbtree: 40 94
rbtree: 16 52
rbtree: 68 168
rbtree: 24 54
rbtree: 20 66
rbtree: 38 50
rbtree: 16 72
rbtree: 58 92
rbtree: 52 102
rbtree: 24 90
rbtree: 54 146
rbtree: 40 54
rbtree: 20 62
rbtree: 20 94
rbtree: 36 72
rbtree: 46 52
rbtree: 16 94
rbtree: 28 52
rbtree: 48 160
rbtree: 26 52
rbtree: 48 116
rbtree: 30 52
rbtree: 26 72
rbtree: 50 52
rbtree: 28 102
rbtree: 62 56
rbtree: 38 130
rbtree: 74 58
rbtree: 26 96
rbtree: 26 52
rbtree: 40 110
rbtree: 34 54
rbtree: 60 116
rbtree: 28 52
rbtree: 50 104
rbtree: 22 52
rbtree: 16 62
rbtree: 26 54
rbtree: 34 108
rbtree: 16 52
rbtree: 96 116
rbtree: 26 56
rbtree: 56 130
rbtree: 34 52
rbtree: 46 114
rbtree: 98 54
rbtree: 26 108
rbtree: 62 52
rbtree: 28 104
rbtree: 76 54
rbtree: 16 256
rbtree: 18 94
rbtree: 30 132
rbtree: 44 56
rbtree: 54 122
rbtree: 28 100
rbtree: 46 98
rbtree: 66 100
rbtree: 36 160
rbtree: 44 60
rbtree: 36 108
rbtree: 58 58
rbtree: 108 128
rbtree: 22 58
rbtree: 34 118
rbtree: 20 90
rbtree: 26 126
rbtree: 44 100
rbtree: 22 118
rbtree: 40 58
rbtree: 38 114
rbtree: 52 58
rbtree: 58 116
rbtree: 32 98
rbtree: 44 138
rbtree: 36 60
rbtree: 54 104
rbtree: 28 98
rbtree: 36 130
rbtree: 52 94
rbtree: 36 106
rbtree: 66 56
rbtree: 20 202
rbtree: 24 54
rbtree: 16 120
rbtree: 28 56
rbtree: 160 140
rbtree: 20 96
rbtree: 70 134
rbtree: 18 94
rbtree: 22 112
rbtree: 90 54
rbtree: 24 102
rbtree: 38 94
rbtree: 36 116
rbtree: 14 54
rbtree: 62 116
rbtree: 34 52
rbtree: 46 120
rbtree: 80 96
rbtree: 14 100
rbtree: 62 98
rbtree: 30 130
rbtree: 56 54
rbtree: 22 102
rbtree: 56 54
rbtree: 30 122
rbtree: 18 54
rbtree: 30 60
rbtree: 40 96
rbtree: 78 126
rbtree: 24 54
rbtree: 34 116
rbtree: 34 54
rbtree: 58 196
rbtree: 22 56
rbtree: 42 98
rbtree: 28 52
rbtree: 28 108
rbtree: 62 54
rbtree: 64 116
rbtree: 22 54
rbtree: 32 168
rbtree: 44 52
rbtree: 28 102
rbtree: 28 52
rbtree: 32 100
rbtree: 60 52
rbtree: 26 102
rbtree: 44 96
rbtree: 116 148
rbtree: 24 54
rbtree: 38 102
rbtree: 22 54
rbtree: 24 108
rbtree: 44 94
rbtree: 24 100
rbtree: 58 94
rbtree: 52 134
rbtree: 22 92
rbtree: 50 102
rbtree: 46 90
rbtree: 24 110
rbtree: 64 54
rbtree: 28 100
rbtree: 46 54
rbtree: 68 156
rbtree: 36 56
rbtree: 62 100
rbtree: 30 54
rbtree: 30 112
rbtree: 52 92
rbtree: 32 112
rbtree: 68 96
rbtree: 34 128
rbtree: 34 54
rbtree: 34 102
rbtree: 88 82
rbtree: 22 126
rbtree: 30 52
rbtree: 28 100
rbtree: 88 54
rbtree: 24 142
rbtree: 56 54
rbtree: 26 104
rbtree: 40 50
rbtree: 16 112
rbtree: 38 54
rbtree: 50 116
rbtree: 36 92
rbtree: 36 138
rbtree: 46 52
rbtree: 46 114
rbtree: 28 50
rbtree: 54 124
rbtree: 36 54
rbtree: 40 94
rbtree: 32 54
rbtree: 80 218
rbtree: 22 92
rbtree: 56 114
rbtree: 22 90
rbtree: 30 162
rbtree: 30 92
rbtree: 64 98
rbtree: 26 58
rbtree: 56 166
rbtree: 32 100
rbtree: 42 98
rbtree: 24 56
rbtree: 48 146
rbtree: 22 56
rbtree: 52 66
rbtree: 24 98
rbtree: 44 158
rbtree: 30 58
rbtree: 52 66
rbtree: 24 56
rbtree: 54 126
rbtree: 22 54
rbtree: 48 66
rbtree: 68 100
rbtree: 28 140
rbtree: 30 58
rbtree: 28 104
rbtree: 62 54
rbtree: 20 264
rbtree: 32 116
rbtree: 26 104
rbtree: 56 100
rbtree: 68 162
rbtree: 26 58
rbtree: 52 118
rbtree: 22 106
rbtree: 26 128
rbtree: 14 100
rbtree: 36 108
rbtree: 64 100
rbtree: 48 134
rbtree: 24 56
rbtree: 54 120
rbtree: 34 96
rbtree: 26 114
rbtree: 66 100
rbtree: 16 104
rbtree: 18 100
rbtree: 100 108
rbtree: 36 56
rbtree: 54 106
rbtree: 30 100
rbtree: 16 112
rbtree: 68 96
rbtree: 36 106
rbtree: 62 96
rbtree: 36 152
rbtree: 54 98
rbtree: 28 118
rbtree: 16 60
rbtree: 38 126
rbtree: 16 58
rbtree: 58 118
rbtree: 64 56
rbtree: 16 212
rbtree: 68 100
rbtree: 24 64
rbtree: 66 54
rbtree: 38 126
rbtree: 42 58
rbtree: 70 100
rbtree: 28 56
rbtree: 50 148
rbtree: 32 112
rbtree: 36 64
rbtree: 42 100
rbtree: 30 112
rbtree: 50 58
rbtree: 24 96
rbtree: 32 96
rbtree: 24 154
rbtree: 30 100
rbtree: 24 104
rbtree: 54 102
rbtree: 24 74
rbtree: 44 100
rbtree: 52 120
rbtree: 24 56
rbtree: 74 138
rbtree: 58 56
rbtree: 24 102
rbtree: 50 98
rbtree: 22 142
rbtree: 16 96
rbtree: 14 66
rbtree: 64 112
rbtree: 24 180
rbtree: 62 56
rbtree: 24 106
rbtree: 66 58
rbtree: 44 124
rbtree: 36 58
rbtree: 60 120
rbtree: 16 58
rbtree: 70 104
rbtree: 38 60
rbtree: 76 104
rbtree: 16 58
rbtree: 30 110
rbtree: 68 100
rbtree: 30 104
rbtree: 30 60
rbtree: 54 132
rbtree: 24 58
rbtree: 54 104
rbtree: 16 58
rbtree: 74 110
rbtree: 26 58
rbtree: 46 64
rbtree: 30 60
rbtree: 74 84
rbtree: 24 54
rbtree: 78 104
rbtree: 24 58
rbtree: 30 118
rbtree: 30 56
rbtree: 42 106
rbtree: 16 56
rbtree: 70 208
rbtree: 22 58
rbtree: 36 138
rbtree: 48 100
rbtree: 16 76
rbtree: 142 94
rbtree: 36 106
rbtree: 56 54
rbtree: 30 136
rbtree: 34 58
rbtree: 58 104
rbtree: 122 56
rbtree: 36 76
rbtree: 64 58
rbtree: 16 106
rbtree: 42 56
rbtree: 16 144
rbtree: 32 56
rbtree: 42 118
rbtree: 30 58
rbtree: 58 126
rbtree: 22 54
rbtree: 76 122
rbtree: 30 56
rbtree: 50 134
rbtree: 36 58
rbtree: 30 100
rbtree: 30 56
rbtree: 70 126
rbtree: 24 58
rbtree: 64 104
rbtree: 20 56
rbtree: 42 130
rbtree: 42 98
rbtree: 28 104
rbtree: 56 98
rbtree: 30 76
rbtree: 66 94
rbtree: 16 106
rbtree: 48 98
rbtree: 16 118
rbtree: 92 96
rbtree: 14 106
rbtree: 56 56
rbtree: 36 108
rbtree: 66 56
rbtree: 16 106
rbtree: 60 58
rbtree: 36 138
rbtree: 36 56
rbtree: 82 118
rbtree: 18 56
rbtree: 30 112
rbtree: 48 58
rbtree: 16 106
rbtree: 52 98
rbtree: 28 134
rbtree: 76 100
rbtree: 40 118
rbtree: 16 56
rbtree: 82 132
rbtree: 22 58
rbtree: 48 104
rbtree: 100 98
rbtree: 20 216
rbtree: 36 56
rbtree: 78 98
rbtree: 28 100
rbtree: 16 106
