rbtree: 126 152
rbtree: 30 130
rbtree: 112 82
rbtree: 26 102
rbtree: 144 94
rbtree: 122 98
rbtree: 24 80
rbtree: 32 150
rbtree: 126 38
rbtree: 22 80
rbtree: 60 38
rbtree: 36 172
rbtree: 68 36
rbtree: 32 92
rbtree: 126 38
rbtree: 24 92
rbtree: 130 38
rbtree: 24 44
rbtree: 60 34
rbtree: 30 168
rbtree: 16 56
rbtree: 140 100
rbtree: 24 34
rbtree: 46 104
rbtree: 22 36
rbtree: 36 96
rbtree: 22 36
rbtree: 58 120
rbtree: 30 96
rbtree: 22 106
rbtree: 106 76
rbtree: 26 110
rbtree: 82 38
rbtree: 24 82
rbtree: 64 34
rbtree: 82 174
rbtree: 22 94
rbtree: 48 130
rbtree: 16 94
rbtree: 42 124
rbtree: 22 38
rbtree: 98 100
rbtree: 24 78
rbtree: 42 118
rbtree: 70 78
rbtree: 26 102
rbtree: 62 88
rbtree: 32 108
rbtree: 82 80
rbtree: 34 100
rbtree: 104 78
rbtree: 26 124
rbtree: 24 42
rbtree: 62 102
rbtree: 22 40
rbtree: 62 124
rbtree: 28 80
rbtree: 42 88
rbtree: 14 78
rbtree: 40 110
rbtree: 36 80
rbtree: 14 100
rbtree: 40 80
rbtree: 16 120
rbtree: 54 80
rbtree: 24 82
rbtree: 120 90
rbtree: 26 178
rbtree: 74 78
rbtree: 24 98
rbtree: 38 36
rbtree: 14 108
rbtree: 34 38
rbtree: 40 88
rbtree: 86 40
rbtree: 22 116
rbtree: 56 40
rbtree: 16 50
rbtree: 70 40
rbtree: 14 94
rbtree: 24 40
rbtree: 60 80
rbtree: 16 36
rbtree: 60 154
rbtree: 24 38
rbtree: 72 96
rbtree: 104 40
rbtree: 42 96
rbtree: 56 40
rbtree: 38 90
rbtree: 24 38
rbtree: 48 108
rbtree: 22 40
rbtree: 196 106
rbtree: 24 40
rbtree: 58 124
rbtree: 14 42
rbtree: 54 106
rbtree: 24 40
rbtree: 30 162
rbtree: 20 90
rbtree: 26 132
rbtree: 100 92
rbtree: 14 146
rbtree: 48 76
rbtree: 24 120
rbtree: 62 82
rbtree: 42 154
rbtree: 24 44
rbtree: 108 110
rbtree: 14 40
rbtree: 48 110
rbtree: 24 82
rbtree: 16 110
rbtree: 26 82
rbtree: 62 126
rbtree: 24 88
rbtree: 32 104
rbtree: 22 44
rbtree: 40 112
rbtree: 28 44
rbtree: 84 104
rbtree: 16 84
rbtree: 16 120
rbtree: 92 80
rbtree: 24 96
rbtree: 98 42
rbtree: 36 126
rbtree: 24 42
rbtree: 94 106
rbtree: 24 42
rbtree: 40 168
rbtree: 14 84
rbtree: 36 102
rbtree: 28 42
rbtree: 38 114
rbtree: 14 82
rbtree: 52 84
rbtree: 14 80
rbtree: 68 150
rbtree: 16 78
rbtree: 50 50
rbtree: 60 78
rbtree: 34 112
rbtree: 82 44
rbtree: 30 92
rbtree: 14 44
rbtree: 64 138
rbtree: 26 44
rbtree: 72 104
rbtree: 26 46
rbtree: 84 112
rbtree: 142 82
rbtree: 34 92
rbtree: 74 78
rbtree: 30 102
rbtree: 24 44
rbtree: 72 104
rbtree: 78 84
rbtree: 24 98
rbtree: 52 86
rbtree: 24 84
rbtree: 16 80
rbtree: 32 202
rbtree: 34 82
rbtree: 14 104
rbtree: 92 80
rbtree: 30 112
rbtree: 36 86
rbtree: 28 102
rbtree: 92 78
rbtree: 30 118
rbtree: 66 84
rbtree: 26 106
rbtree: 70 82
rbtree: 24 166
rbtree: 24 44
rbtree: 16 94
rbtree: 46 82
rbtree: 16 154
rbtree: 60 84
rbtree: 28 90
rbtree: 54 42
rbtree: 38 94
rbtree: 18 46
rbtree: 26 90
rbtree: 104 82
rbtree: 26 120
rbtree: 38 38
rbtree: 20 90
rbtree: 26 42
rbtree: 26 98
rbtree: 52 80
rbtree: 84 50
rbtree: 30 44
rbtree: 44 158
rbtree: 22 44
rbtree: 26 92
rbtree: 60 46
rbtree: 16 98
rbtree: 36 46
rbtree: 26 86
rbtree: 32 42
rbtree: 26 70
rbtree: 78 82
rbtree: 16 92
rbtree: 66 44
rbtree: 30 64
rbtree: 76 82
rbtree: 92 108
rbtree: 24 88
rbtree: 36 158
rbtree: 16 44
rbtree: 30 128
rbtree: 94 46
rbtree: 24 130
rbtree: 24 82
rbtree: 58 106
rbtree: 68 42
rbtree: 32 106
rbtree: 42 44
rbtree: 64 106
rbtree: 26 42
rbtree: 42 108
rbtree: 16 44
rbtree: 36 92
rbtree: 16 44
rbtree: 80 142
rbtree: 26 96
rbtree: 20 120
rbtree: 64 82
rbtree: 18 112
rbtree: 26 86
rbtree: 44 108
rbtree: 64 50
rbtree: 30 128
rbtree: 46 46
rbtree: 30 94
rbtree: 56 50
rbtree: 30 68
rbtree: 52 50
rbtree: 22 108
rbtree: 16 48
rbtree: 28 154
rbtree: 58 46
rbtree: 96 86
rbtree: 24 44
rbtree: 34 128
rbtree: 24 42
rbtree: 42 90
rbtree: 16 86
rbtree: 92 162
rbtree: 16 84
rbtree: 24 58
rbtree: 52 48
rbtree: 64 134
rbtree: 32 46
rbtree: 86 106
rbtree: 32 88
rbtree: 66 156
rbtree: 68 92
rbtree: 34 96
rbtree: 58 44
rbtree: 18 114
rbtree: 16 46
rbtree: 54 108
rbtree: 30 86
rbtree: 26 130
rbtree: 58 48
rbtree: 24 114
rbtree: 16 48
rbtree: 22 104
rbtree: 220 100
rbtree: 22 106
rbtree: 70 80
rbtree: 20 130
rbtree: 48 84
rbtree: 20 88
rbtree: 68 84
rbtree: 24 120
rbtree: 42 84
rbtree: 34 94
rbtree: 16 42
rbtree: 62 106
rbtree: 16 42
rbtree: 14 94
rbtree: 82 44
rbtree: 28 96
rbtree: 26 42
rbtree: 56 88
rbtree: 24 84
rbtree: 36 122
rbtree: 16 90
rbtree: 104 132
rbtree: 24 84
rbtree: 40 132
rbtree: 24 92
rbtree: 58 90
rbtree: 22 46
rbtree: 82 134
rbtree: 28 48
rbtree: 76 54
rbtree: 46 86
rbtree: 24 116
rbtree: 70 88
rbtree: 14 106
rbtree: 50 88
rbtree: 14 150
rbtree: 48 46
rbtree: 62 102
rbtree: 26 48
rbtree: 46 96
rbtree: 24 88
rbtree: 32 90
rbtree: 26 44
rbtree: 72 134
rbtree: 30 46
rbtree: 26 56
rbtree: 70 86
rbtree: 28 132
rbtree: 14 46
rbtree: 68 108
rbtree: 22 48
rbtree: 58 180
rbtree: 20 46
rbtree: 34 56
rbtree: 50 48
rbtree: 28 130
rbtree: 14 46
rbtree: 36 108
rbtree: 28 48
rbtree: 58 74
rbtree: 74 88
rbtree: 26 94
rbtree: 46 88
rbtree: 66 116
rbtree: 26 50
rbtree: 56 94
rbtree: 22 46
rbtree: 68 160
rbtree: 34 86
rbtree: 40 110
rbtree: 26 50
rbtree: 68 100
rbtree: 22 46
rbtree: 62 94
rbtree: 38 44
rbtree: 68 108
rbtree: 28 88
rbtree: 14 56
rbtree: 50 84
rbtree: 28 68
rbtree: 40 48
rbtree: 16 58
rbtree: 34 46
rbtree: 14 192
rbtree: 66 46
rbtree: 24 54
rbtree: 52 46
rbtree: 30 68
rbtree: 26 48
rbtree: 48 108
rbtree: 26 44
rbtree: 26 124
rbtree: 22 44
rbtree: 56 90
rbtree: 32 86
rbtree: 16 120
rbtree: 36 94
rbtree: 28 90
rbtree: 30 86
rbtree: 26 130
rbtree: 88 48
rbtree: 24 58
rbtree: 52 44
rbtree: 28 120
rbtree: 30 46
rbtree: 16 54
rbtree: 36 42
rbtree: 16 130
rbtree: 40 48
rbtree: 30 96
rbtree: 68 44
rbtree: 26 120
rbtree: 42 50
rbtree: 28 96
rbtree: 82 48
rbtree: 30 154
rbtree: 92 46
rbtree: 24 94
rbtree: 66 50
rbtree: 32 116
rbtree: 32 48
rbtree: 42 92
rbtree: 36 46
rbtree: 30 118
rbtree: 68 48
rbtree: 22 90
rbtree: 48 46
rbtree: 24 98
rbtree: 78 48
rbtree: 18 106
rbtree: 32 46
rbtree: 48 162
rbtree: 48 46
rbtree: 32 94
rbtree: 60 42
rbtree: 34 66
rbtree: 36 84
rbtree: 44 94
rbtree: 14 44
rbtree: 58 140
rbtree: 50 44
rbtree: 26 94
rbtree: 40 68
rbtree: 64 110
rbtree: 16 46
rbtree: 64 88
rbtree: 30 54
rbtree: 52 180
rbtree: 16 86
rbtree: 60 112
rbtree: 64 90
rbtree: 30 116
rbtree: 76 90
rbtree: 16 112
rbtree: 26 48
rbtree: 58 122
rbtree: 68 52
rbtree: 34 110
rbtree: 78 56
rbtree: 26 134
rbtree: 26 56
rbtree: 42 112
rbtree: 68 50
rbtree: 34 160
rbtree: 52 52
rbtree: 24 112
rbtree: 16 54
rbtree: 26 106
rbtree: 58 52
rbtree: 42 118
rbtree: 24 50
rbtree: 56 120
rbtree: 22 52
rbtree: 16 114
rbtree: 36 52
rbtree: 58 134
rbtree: 24 90
rbtree: 44 110
rbtree: 16 52
rbtree: 56 176
rbtree: 34 52
rbtree: 52 116
rbtree: 60 52
rbtree: 24 134
rbtree: 36 48
rbtree: 36 92
rbtree: 30 90
rbtree: 22 108
rbtree: 54 98
rbtree: 42 94
rbtree: 26 50
rbtree: 44 120
rbtree: 26 92
rbtree: 86 94
rbtree: 36 52
rbtree: 50 166
rbtree: 36 90
rbtree: 42 60
rbtree: 32 52
rbtree: 84 120
rbtree: 22 86
rbtree: 50 112
rbtree: 52 90
rbtree: 20 152
rbtree: 24 50
rbtree: 52 110
rbtree: 22 48
rbtree: 38 108
rbtree: 34 52
rbtree: 60 100
rbtree: 28 48
rbtree: 38 170
rbtree: 34 52
rbtree: 68 62
rbtree: 32 48
rbtree: 68 122
rbtree: 30 90
rbtree: 24 96
rbtree: 48 90
rbtree: 34 124
rbtree: 56 102
rbtree: 34 98
rbtree: 30 86
rbtree: 46 130
rbtree: 70 50
rbtree: 16 90
rbtree: 24 48
rbtree: 38 168
rbtree: 32 52
rbtree: 92 90
rbtree: 32 84
rbtree: 54 104
rbtree: 36 104
rbtree: 26 98
rbtree: 26 88
rbtree: 20 78
rbtree: 60 90
rbtree: 16 92
rbtree: 32 50
rbtree: 42 116
rbtree: 114 94
rbtree: 24 96
rbtree: 54 50
rbtree: 32 178
rbtree: 42 90
rbtree: 50 94
rbtree: 28 48
rbtree: 46 120
rbtree: 120 54
rbtree: 30 98
rbtree: 22 90
rbtree: 110 138
rbtree: 40 48
rbtree: 24 58
rbtree: 78 48
rbtree: 32 108
rbtree: 42 54
rbtree: 16 96
rbtree: 76 52
rbtree: 38 182
rbtree: 16 50
rbtree: 62 98
rbtree: 14 48
rbtree: 20 104
rbtree: 80 48
rbtree: 16 56
rbtree: 54 48
rbtree: 34 142
rbtree: 68 68
rbtree: 34 66
rbtree: 66 48
rbtree: 14 108
rbtree: 40 50
rbtree: 32 58
rbtree: 32 50
rbtree: 46 168
rbtree: 14 54
rbtree: 16 98
rbtree: 88 48
rbtree: 46 70
rbtree: 56 48
rbtree: 48 100
rbtree: 38 50
rbtree: 40 128
rbtree: 60 50
rbtree: 22 96
rbtree: 48 48
rbtree: 46 114
rbtree: 22 48
rbtree: 48 112
rbtree: 16 48
rbtree: 42 156
rbtree: 52 46
rbtree: 74 94
rbtree: 24 48
rbtree: 58 120
rbtree: 34 48
rbtree: 48 90
rbtree: 34 48
rbtree: 80 138
rbtree: 34 50
rbtree: 44 112
rbtree: 34 48
rbtree: 58 114
rbtree: 34 48
rbtree: 40 94
rbtree: 28 48
rbtree: 80 204
rbtree: 38 48
rbtree: 48 58
rbtree: 26 50
rbtree: 32 134
rbtree: 54 92
rbtree: 30 116
rbtree: 80 50
rbtree: 24 142
rbtree: 68 52
rbtree: 24 98
rbtree: 76 50
rbtree: 38 72
rbtree: 20 52
rbtree: 24 58
rbtree: 158 50
rbtree: 22 118
rbtree: 54 46
rbtree: 40 116
rbtree: 22 46
rbtree: 34 72
rbtree: 42 48
rbtree: 38 60
rbtree: 48 48
rbtree: 30 114
rbtree: 58 52
rbtree: 14 116
rbtree: 14 48
rbtree: 56 98
rbtree: 22 50
rbtree: 78 110
rbtree: 32 52
rbtree: 14 126
rbtree: 50 50
rbtree: 46 98
rbtree: 20 86
rbtree: 60 100
rbtree: 32 50
rbtree: 54 110
rbtree: 46 52
rbtree: 42 124
rbtree: 48 52
rbtree: 48 92
rbtree: 20 48
rbtree: 46 106
rbtree: 66 50
rbtree: 16 102
rbtree: 28 50
rbtree: 50 168
rbtree: 32 60
rbtree: 68 114
rbtree: 32 50
rbtree: 40 106
rbtree: 46 50
rbtree: 40 96
rbtree: 52 52
rbtree: 34 78
rbtree: 62 58
rbtree: 32 92
rbtree: 28 52
rbtree: 38 124
rbtree: 28 52
rbtree: 44 100
rbtree: 28 54
rbtree: 48 160
rbtree: 30 56
rbtree: 16 102
rbtree: 34 48
rbtree: 28 104
rbtree: 86 48
rbtree: 26 100
rbtree: 38 50
rbtree: 24 78
rbtree: 58 50
rbtree: 94 112
rbtree: 22 48
rbtree: 48 136
rbtree: 16 50
rbtree: 68 94
rbtree: 24 50
rbtree: 26 164
rbtree: 22 54
rbtree: 36 94
rbtree: 42 92
rbtree: 30 104
rbtree: 46 88
rbtree: 68 94
rbtree: 28 48
rbtree: 68 154
rbtree: 32 52
rbtree: 52 98
rbtree: 76 52
rbtree: 22 120
rbtree: 50 50
rbtree: 34 60
rbtree: 40 90
rbtree: 16 186
rbtree: 36 92
rbtree: 28 130
rbtree: 48 54
rbtree: 58 138
rbtree: 30 92
rbtree: 38 116
rbtree: 26 92
rbtree: 46 132
rbtree: 26 100
rbtree: 28 104
rbtree: 48 92
rbtree: 28 138
rbtree: 70 96
rbtree: 20 134
rbtree: 22 54
rbtree: 16 152
rbtree: 22 58
rbtree: 188 110
rbtree: 28 88
rbtree: 68 150
rbtree: 22 50
rbtree: 18 98
rbtree: 68 54
rbtree: 22 136
rbtree: 36 46
rbtree: 34 96
rbtree: 34 52
rbtree: 56 102
rbtree: 28 52
rbtree: 56 94
rbtree: 70 46
rbtree: 24 114
rbtree: 56 50
rbtree: 34 100
rbtree: 88 48
rbtree: 24 110
rbtree: 64 46
rbtree: 16 58
rbtree: 42 52
rbtree: 14 132
rbtree: 36 92
rbtree: 58 92
rbtree: 16 48
rbtree: 42 132
rbtree: 34 48
rbtree: 24 56
rbtree: 24 48
rbtree: 58 150
rbtree: 28 48
rbtree: 14 98
rbtree: 44 90
rbtree: 82 136
rbtree: 16 48
rbtree: 30 106
rbtree: 36 92
rbtree: 54 158
rbtree: 36 50
rbtree: 36 60
rbtree: 46 94
rbtree: 28 108
rbtree: 40 48
rbtree: 106 90
rbtree: 24 48
rbtree: 56 182
rbtree: 20 52
rbtree: 22 96
rbtree: 60 90
rbtree: 24 120
rbtree: 50 48
rbtree: 90 92
rbtree: 24 48
rbtree: 46 142
rbtree: 50 50
rbtree: 22 98
rbtree: 56 48
rbtree: 34 104
rbtree: 44 50
rbtree: 74 112
rbtree: 30 50
rbtree: 72 148
rbtree: 28 50
rbtree: 32 102
rbtree: 50 48
rbtree: 56 120
rbtree: 34 50
rbtree: 34 100
rbtree: 34 48
rbtree: 86 128
rbtree: 34 50
rbtree: 14 102
rbtree: 104 48
rbtree: 24 112
rbtree: 48 50
rbtree: 16 58
rbtree: 54 48
rbtree: 16 148
rbtree: 36 90
rbtree: 44 112
rbtree: 34 52
rbtree: 34 126
rbtree: 48 48
rbtree: 46 100
rbtree: 16 50
rbtree: 66 128
rbtree: 34 50
rbtree: 40 112
rbtree: 26 52
rbtree: 70 134
rbtree: 34 92
rbtree: 44 114
rbtree: 24 50
rbtree: 16 152
rbtree: 34 50
rbtree: 72 112
rbtree: 24 52
rbtree: 52 134
rbtree: 34 50
rbtree: 46 94
rbtree: 14 50
rbtree: 46 126
rbtree: 24 52
rbtree: 48 96
rbtree: 36 48
rbtree: 32 134
rbtree: 34 50
rbtree: 28 60
rbtree: 28 54
rbtree: 62 178
rbtree: 28 88
rbtree: 42 134
rbtree: 50 92
rbtree: 26 154
rbtree: 58 90
rbtree: 28 134
rbtree: 106 88
rbtree: 22 118
rbtree: 48 54
rbtree: 28 102
rbtree: 36 56
rbtree: 68 122
rbtree: 24 56
rbtree: 36 118
rbtree: 24 56
rbtree: 14 160
rbtree: 32 58
rbtree: 66 118
rbtree: 60 96
rbtree: 24 106
rbtree: 50 56
rbtree: 42 116
rbtree: 22 56
rbtree: 56 104
rbtree: 26 58
rbtree: 40 104
rbtree: 100 94
rbtree: 36 76
rbtree: 44 92
rbtree: 16 66
rbtree: 26 56
rbtree: 66 178
rbtree: 30 94
rbtree: 48 120
rbtree: 36 54
rbtree: 64 120
rbtree: 70 54
rbtree: 28 62
rbtree: 36 96
rbtree: 24 132
rbtree: 42 94
rbtree: 38 116
rbtree: 28 56
rbtree: 86 108
rbtree: 38 56
rbtree: 38 116
rbtree: 20 52
rbtree: 46 150
rbtree: 92 110
rbtree: 36 102
rbtree: 30 96
rbtree: 30 104
rbtree: 64 54
rbtree: 28 100
rbtree: 44 54
rbtree: 22 130
rbtree: 34 96
rbtree: 24 102
rbtree: 38 56
rbtree: 28 110
rbtree: 50 54
rbtree: 36 102
rbtree: 44 54
rbtree: 44 212
rbtree: 36 56
rbtree: 44 114
rbtree: 48 92
rbtree: 24 124
rbtree: 36 92
rbtree: 24 114
rbtree: 16 92
rbtree: 34 124
rbtree: 60 98
rbtree: 34 116
rbtree: 38 92
rbtree: 24 102
rbtree: 20 54
rbtree: 30 98
rbtree: 14 56
rbtree: 44 176
rbtree: 22 54
rbtree: 40 100
rbtree: 34 56
rbtree: 56 122
rbtree: 16 94
rbtree: 38 106
rbtree: 54 96
rbtree: 54 104
rbtree: 22 56
rbtree: 50 116
rbtree: 16 54
rbtree: 54 126
rbtree: 22 54
rbtree: 26 100
rbtree: 24 56
rbtree: 42 164
rbtree: 32 54
rbtree: 76 102
rbtree: 28 56
rbtree: 58 106
rbtree: 22 54
rbtree: 14 66
rbtree: 24 58
rbtree: 26 82
rbtree: 34 54
rbtree: 64 64
rbtree: 26 56
rbtree: 40 108
rbtree: 28 56
rbtree: 80 116
rbtree: 28 56
rbtree: 56 158
rbtree: 28 56
rbtree: 32 132
rbtree: 58 92
rbtree: 80 128
rbtree: 26 56
rbtree: 58 98
rbtree: 24 58
rbtree: 28 134
rbtree: 22 58
rbtree: 46 98
rbtree: 40 94
rbtree: 30 112
rbtree: 68 94
rbtree: 32 98
rbtree: 76 94
rbtree: 36 214
rbtree: 54 96
rbtree: 30 102
rbtree: 50 58
rbtree: 30 110
rbtree: 86 58
rbtree: 16 64
rbtree: 44 92
rbtree: 14 114
rbtree: 32 54
rbtree: 28 64
rbtree: 56 52
rbtree: 14 78
rbtree: 40 54
rbtree: 16 102
rbtree: 16 92
rbtree: 14 118
rbtree: 114 54
rbtree: 16 102
rbtree: 42 52
rbtree: 30 76
rbtree: 54 56
rbtree: 28 98
rbtree: 62 54
rbtree: 36 112
rbtree: 24 58
rbtree: 82 98
rbtree: 32 54
rbtree: 28 124
rbtree: 46 54
rbtree: 30 98
rbtree: 18 56
rbtree: 14 166
rbtree: 52 92
rbtree: 32 62
rbtree: 28 56
rbtree: 66 142
rbtree: 22 56
rbtree: 58 94
rbtree: 80 94
rbtree: 22 112
rbtree: 24 56
rbtree: 72 118
rbtree: 56 96
rbtree: 24 76
rbtree: 36 90
rbtree: 80 64
rbtree: 46 54
rbtree: 38 172
rbtree: 42 54
rbtree: 30 104
rbtree: 62 92
rbtree: 32 130
rbtree: 24 56
rbtree: 36 66
rbtree: 64 104
rbtree: 16 140
rbtree: 34 96
rbtree: 66 114
rbtree: 42 90
rbtree: 14 76
rbtree: 54 54
rbtree: 20 124
rbtree: 84 54
rbtree: 28 200
rbtree: 46 54
rbtree: 30 102
rbtree: 46 58
rbtree: 28 110
