rbtree: 286 196
rbtree: 164 104
rbtree: 30 102
rbtree: 78 126
rbtree: 76 76
rbtree: 26 102
rbtree: 104 106
rbtree: 24 98
rbtree: 16 62
rbtree: 22 132
rbtree: 110 64
rbtree: 14 84
rbtree: 46 62
rbtree: 16 148
rbtree: 54 28
rbtree: 14 68
rbtree: 38 26
rbtree: 24 104
rbtree: 58 26
rbtree: 16 30
rbtree: 44 26
rbtree: 68 128
rbtree: 26 94
rbtree: 50 102
rbtree: 46 84
rbtree: 26 130
rbtree: 114 64
rbtree: 26 32
rbtree: 36 28
rbtree: 28 92
rbtree: 26 82
rbtree: 58 100
rbtree: 24 86
rbtree: 62 88
rbtree: 26 66
rbtree: 36 72
rbtree: 26 68
rbtree: 64 118
rbtree: 18 70
rbtree: 64 86
rbtree: 18 30
rbtree: 92 108
rbtree: 26 78
rbtree: 76 98
rbtree: 22 76
rbtree: 30 64
rbtree: 20 30
rbtree: 54 32
rbtree: 24 26
rbtree: 60 112
rbtree: 24 60
rbtree: 46 84
rbtree: 14 28
rbtree: 42 104
rbtree: 104 66
rbtree: 26 88
rbtree: 50 26
rbtree: 22 94
rbtree: 30 28
rbtree: 32 36
rbtree: 68 28
rbtree: 22 104
rbtree: 50 94
rbtree: 24 94
rbtree: 144 66
rbtree: 24 82
rbtree: 52 28
rbtree: 34 76
rbtree: 20 28
rbtree: 34 92
rbtree: 52 26
rbtree: 34 76
rbtree: 66 30
rbtree: 24 82
rbtree: 50 28
rbtree: 18 74
rbtree: 20 26
rbtree: 18 92
rbtree: 48 98
rbtree: 26 90
rbtree: 52 30
rbtree: 18 80
rbtree: 18 28
rbtree: 18 72
rbtree: 40 26
rbtree: 18 106
rbtree: 16 28
rbtree: 18 72
rbtree: 60 30
rbtree: 14 78
rbtree: 16 28
rbtree: 16 74
rbtree: 20 30
rbtree: 16 90
rbtree: 20 30
rbtree: 18 72
rbtree: 26 28
rbtree: 18 80
rbtree: 18 28
rbtree: 16 74
rbtree: 42 28
rbtree: 18 106
rbtree: 16 28
rbtree: 18 72
rbtree: 42 28
rbtree: 16 80
rbtree: 18 30
rbtree: 20 76
rbtree: 42 28
rbtree: 18 48
rbtree: 18 88
rbtree: 18 68
rbtree: 26 28
rbtree: 18 80
rbtree: 16 30
rbtree: 18 72
rbtree: 20 30
rbtree: 18 106
rbtree: 48 28
rbtree: 16 72
rbtree: 44 30
rbtree: 16 78
rbtree: 18 28
rbtree: 18 74
rbtree: 40 28
rbtree: 18 50
rbtree: 18 66
rbtree: 18 38
rbtree: 20 28
rbtree: 18 80
rbtree: 18 28
rbtree: 18 72
rbtree: 22 30
rbtree: 18 90
rbtree: 18 30
rbtree: 16 74
rbtree: 42 28
rbtree: 18 80
rbtree: 16 30
rbtree: 18 72
rbtree: 20 28
rbtree: 18 48
rbtree: 18 30
rbtree: 18 38
rbtree: 22 30
rbtree: 18 80
rbtree: 18 30
rbtree: 18 72
rbtree: 20 28
rbtree: 16 86
rbtree: 16 30
rbtree: 18 70
rbtree: 42 26
rbtree: 18 80
rbtree: 16 28
rbtree: 16 72
rbtree: 20 30
rbtree: 18 92
rbtree: 18 28
rbtree: 18 38
rbtree: 22 32
rbtree: 18 78
rbtree: 18 28
rbtree: 18 74
rbtree: 20 30
rbtree: 16 90
rbtree: 18 26
rbtree: 16 72
rbtree: 44 28
rbtree: 16 78
rbtree: 16 28
rbtree: 16 70
rbtree: 22 28
rbtree: 18 88
rbtree: 18 30
rbtree: 18 38
rbtree: 20 28
rbtree: 16 80
rbtree: 18 30
rbtree: 16 72
rbtree: 20 28
rbtree: 18 90
rbtree: 18 28
rbtree: 18 74
rbtree: 42 26
rbtree: 18 78
rbtree: 18 26
rbtree: 16 72
rbtree: 22 30
rbtree: 18 92
rbtree: 16 32
rbtree: 18 36
rbtree: 22 26
rbtree: 18 82
rbtree: 18 30
rbtree: 18 72
rbtree: 20 28
rbtree: 18 88
rbtree: 18 28
rbtree: 20 74
rbtree: 42 30
rbtree: 16 80
rbtree: 18 28
rbtree: 18 74
rbtree: 20 28
rbtree: 16 88
rbtree: 18 30
rbtree: 18 40
rbtree: 22 28
rbtree: 18 80
rbtree: 18 26
rbtree: 18 74
rbtree: 20 28
rbtree: 18 86
rbtree: 18 26
rbtree: 16 74
rbtree: 42 30
rbtree: 16 80
rbtree: 16 30
rbtree: 18 72
rbtree: 20 30
rbtree: 16 86
rbtree: 18 30
rbtree: 18 40
rbtree: 20 28
rbtree: 18 80
rbtree: 16 30
rbtree: 18 74
rbtree: 20 28
rbtree: 18 86
rbtree: 16 30
rbtree: 18 70
rbtree: 44 28
rbtree: 18 78
rbtree: 18 28
rbtree: 18 74
rbtree: 20 30
rbtree: 16 88
rbtree: 18 30
rbtree: 18 38
rbtree: 20 28
rbtree: 18 80
rbtree: 18 28
rbtree: 18 74
rbtree: 22 28
rbtree: 18 88
rbtree: 18 30
rbtree: 18 74
rbtree: 46 28
rbtree: 18 80
rbtree: 16 30
rbtree: 16 72
rbtree: 20 30
rbtree: 18 88
rbtree: 18 30
rbtree: 18 38
rbtree: 22 26
rbtree: 16 80
rbtree: 18 26
rbtree: 18 70
rbtree: 20 28
rbtree: 18 88
rbtree: 18 26
rbtree: 18 72
rbtree: 42 28
rbtree: 18 100
rbtree: 18 28
rbtree: 18 74
rbtree: 20 30
rbtree: 18 110
rbtree: 20 30
rbtree: 18 40
rbtree: 20 28
rbtree: 18 80
rbtree: 18 28
rbtree: 18 74
rbtree: 20 28
rbtree: 18 106
rbtree: 18 26
rbtree: 18 72
rbtree: 48 28
rbtree: 16 100
rbtree: 18 28
rbtree: 18 74
rbtree: 20 28
rbtree: 16 108
rbtree: 18 30
rbtree: 18 38
rbtree: 22 26
rbtree: 16 80
rbtree: 18 30
rbtree: 18 70
rbtree: 20 28
rbtree: 16 86
rbtree: 16 28
rbtree: 20 74
rbtree: 44 28
rbtree: 18 98
rbtree: 18 28
rbtree: 18 72
rbtree: 22 30
rbtree: 16 104
rbtree: 18 30
rbtree: 18 38
rbtree: 20 26
rbtree: 16 78
rbtree: 16 28
rbtree: 18 74
rbtree: 20 28
rbtree: 18 88
rbtree: 18 30
rbtree: 18 74
rbtree: 42 28
rbtree: 18 80
rbtree: 18 30
rbtree: 18 72
rbtree: 20 30
rbtree: 18 88
rbtree: 18 30
rbtree: 18 38
rbtree: 18 26
rbtree: 20 78
rbtree: 18 26
rbtree: 16 72
rbtree: 20 30
rbtree: 18 88
rbtree: 18 26
rbtree: 16 74
rbtree: 42 26
rbtree: 18 98
rbtree: 18 28
rbtree: 18 70
rbtree: 20 28
rbtree: 16 108
rbtree: 20 30
rbtree: 18 40
rbtree: 22 28
rbtree: 18 80
rbtree: 16 30
rbtree: 18 74
rbtree: 20 30
rbtree: 18 90
rbtree: 18 26
rbtree: 18 74
rbtree: 42 30
rbtree: 18 80
rbtree: 18 30
rbtree: 18 74
rbtree: 22 26
rbtree: 18 90
rbtree: 18 30
rbtree: 18 38
rbtree: 20 28
rbtree: 18 80
rbtree: 18 28
rbtree: 18 70
rbtree: 20 28
rbtree: 18 84
rbtree: 18 30
rbtree: 18 72
rbtree: 42 30
rbtree: 16 80
rbtree: 18 28
rbtree: 18 72
rbtree: 20 28
rbtree: 16 86
rbtree: 18 30
rbtree: 18 36
rbtree: 22 28
rbtree: 18 82
rbtree: 16 26
rbtree: 16 72
rbtree: 22 30
rbtree: 16 88
rbtree: 22 26
rbtree: 18 74
rbtree: 42 28
rbtree: 16 80
rbtree: 18 28
rbtree: 16 72
rbtree: 20 28
rbtree: 16 94
rbtree: 16 32
rbtree: 18 40
rbtree: 18 28
rbtree: 18 80
rbtree: 16 28
rbtree: 18 74
rbtree: 20 30
rbtree: 18 88
rbtree: 16 28
rbtree: 18 72
rbtree: 42 28
rbtree: 18 80
rbtree: 18 28
rbtree: 16 72
rbtree: 20 26
rbtree: 18 90
rbtree: 20 28
rbtree: 18 40
rbtree: 20 28
rbtree: 18 80
rbtree: 18 28
rbtree: 18 72
rbtree: 20 30
rbtree: 18 88
rbtree: 18 28
rbtree: 16 74
rbtree: 42 30
rbtree: 16 78
rbtree: 16 28
rbtree: 18 74
rbtree: 20 28
rbtree: 18 86
rbtree: 18 30
rbtree: 18 38
rbtree: 22 28
rbtree: 18 80
rbtree: 18 28
rbtree: 18 74
rbtree: 20 28
rbtree: 16 88
rbtree: 18 30
rbtree: 18 72
rbtree: 44 28
rbtree: 18 80
rbtree: 18 30
rbtree: 16 70
rbtree: 22 28
rbtree: 18 90
rbtree: 18 30
rbtree: 18 38
rbtree: 20 30
rbtree: 18 80
rbtree: 18 28
rbtree: 16 76
rbtree: 20 30
rbtree: 18 88
rbtree: 18 28
rbtree: 16 74
rbtree: 42 30
rbtree: 16 80
rbtree: 18 26
rbtree: 16 72
rbtree: 22 30
rbtree: 16 94
rbtree: 16 26
rbtree: 18 38
rbtree: 20 28
rbtree: 18 80
rbtree: 18 28
rbtree: 18 74
rbtree: 20 28
rbtree: 16 88
rbtree: 18 28
rbtree: 16 70
rbtree: 42 28
rbtree: 16 78
rbtree: 16 28
rbtree: 18 70
rbtree: 20 26
rbtree: 18 88
rbtree: 16 30
rbtree: 18 42
rbtree: 20 28
rbtree: 16 80
rbtree: 18 28
rbtree: 18 72
rbtree: 22 30
rbtree: 16 86
rbtree: 18 28
rbtree: 16 70
rbtree: 44 28
rbtree: 18 82
rbtree: 18 26
rbtree: 18 74
rbtree: 20 28
rbtree: 18 92
rbtree: 18 30
rbtree: 18 40
rbtree: 22 28
rbtree: 18 78
rbtree: 18 28
rbtree: 18 74
rbtree: 20 30
rbtree: 18 88
rbtree: 16 30
rbtree: 18 74
rbtree: 42 28
rbtree: 18 82
rbtree: 16 28
rbtree: 18 74
rbtree: 22 30
rbtree: 18 86
rbtree: 18 30
rbtree: 18 38
rbtree: 20 28
rbtree: 18 78
rbtree: 18 28
rbtree: 16 72
rbtree: 20 30
rbtree: 16 88
rbtree: 18 28
rbtree: 18 74
rbtree: 42 28
rbtree: 18 80
rbtree: 18 28
rbtree: 18 72
rbtree: 20 28
rbtree: 16 88
rbtree: 18 30
rbtree: 18 38
rbtree: 20 28
rbtree: 20 80
rbtree: 18 26
rbtree: 16 72
rbtree: 20 62
rbtree: 18 90
rbtree: 22 28
rbtree: 16 72
rbtree: 42 30
rbtree: 18 78
rbtree: 18 26
rbtree: 16 72
rbtree: 20 28
rbtree: 18 90
rbtree: 18 28
rbtree: 18 38
rbtree: 22 28
rbtree: 14 78
rbtree: 18 30
rbtree: 18 72
rbtree: 20 32
rbtree: 18 88
rbtree: 18 28
rbtree: 18 72
rbtree: 42 28
rbtree: 18 78
rbtree: 18 30
rbtree: 18 70
rbtree: 22 52
rbtree: 18 86
rbtree: 18 30
rbtree: 18 40
rbtree: 20 24
rbtree: 18 80
rbtree: 18 28
rbtree: 16 74
rbtree: 20 28
rbtree: 18 88
rbtree: 18 26
rbtree: 18 74
rbtree: 42 28
rbtree: 18 80
rbtree: 18 26
rbtree: 18 72
rbtree: 20 28
rbtree: 18 88
rbtree: 18 30
rbtree: 18 38
rbtree: 20 28
rbtree: 18 78
rbtree: 18 30
rbtree: 18 74
rbtree: 22 26
rbtree: 18 90
rbtree: 18 30
rbtree: 18 74
rbtree: 42 30
rbtree: 18 80
rbtree: 18 26
rbtree: 18 72
rbtree: 20 30
rbtree: 18 88
rbtree: 18 28
rbtree: 16 38
rbtree: 18 28
rbtree: 16 80
rbtree: 18 28
rbtree: 18 74
rbtree: 20 28
rbtree: 18 88
rbtree: 18 26
rbtree: 18 70
rbtree: 42 30
rbtree: 18 78
rbtree: 18 28
rbtree: 18 70
rbtree: 20 28
rbtree: 18 88
rbtree: 16 28
rbtree: 16 36
rbtree: 20 28
rbtree: 16 80
rbtree: 18 28
rbtree: 33052 96
rbtree: 46 38
rbtree: 20 94
rbtree: 22 32
rbtree: 20 78
rbtree: 56 28
rbtree: 18 84
rbtree: 18 30
rbtree: 18 72
rbtree: 22 28
rbtree: 18 94
rbtree: 18 28
rbtree: 18 42
rbtree: 26 30
rbtree: 20 82
rbtree: 20 34
rbtree: 18 78
rbtree: 24 28
rbtree: 18 94
rbtree: 18 28
rbtree: 18 76
rbtree: 48 34
rbtree: 18 82
rbtree: 20 28
rbtree: 18 74
rbtree: 42 30
rbtree: 18 90
rbtree: 20 32
rbtree: 18 40
rbtree: 22 28
rbtree: 18 82
rbtree: 18 30
rbtree: 16 76
rbtree: 20 32
rbtree: 18 88
rbtree: 18 30
rbtree: 20 72
rbtree: 48 30
rbtree: 18 82
rbtree: 20 28
rbtree: 18 76
rbtree: 44 28
rbtree: 16 96
rbtree: 20 32
rbtree: 20 38
rbtree: 18 32
rbtree: 16 84
rbtree: 20 28
rbtree: 16 74
rbtree: 24 30
rbtree: 16 94
rbtree: 18 30
rbtree: 18 76
rbtree: 46 26
rbtree: 18 82
rbtree: 18 28
rbtree: 18 74
rbtree: 46 30
rbtree: 18 94
rbtree: 20 30
rbtree: 18 38
rbtree: 22 30
rbtree: 18 82
rbtree: 20 30
rbtree: 16 74
rbtree: 22 30
rbtree: 18 110
rbtree: 20 30
rbtree: 16 76
rbtree: 46 30
rbtree: 18 84
rbtree: 20 30
rbtree: 20 72
rbtree: 42 32
rbtree: 16 108
rbtree: 18 32
rbtree: 18 40
rbtree: 30 28
rbtree: 28 82
rbtree: 20 28
rbtree: 28 74
rbtree: 22 28
rbtree: 28 106
rbtree: 18 28
rbtree: 28 72
rbtree: 48 30
rbtree: 28 82
rbtree: 18 30
rbtree: 26 74
rbtree: 42 30
rbtree: 28 108
rbtree: 18 30
rbtree: 30 38
rbtree: 28 28
rbtree: 30 82
rbtree: 18 28
rbtree: 28 74
rbtree: 22 30
rbtree: 28 104
rbtree: 20 28
rbtree: 28 74
rbtree: 48 32
rbtree: 26 82
rbtree: 18 30
rbtree: 30 76
rbtree: 44 26
rbtree: 16 110
rbtree: 18 28
rbtree: 18 36
rbtree: 20 30
rbtree: 18 82
rbtree: 20 28
rbtree: 18 76
rbtree: 22 28
rbtree: 18 106
rbtree: 18 28
rbtree: 18 74
rbtree: 48 30
rbtree: 20 82
rbtree: 20 28
rbtree: 16 72
rbtree: 44 30
rbtree: 20 108
rbtree: 20 30
rbtree: 20 38
rbtree: 22 26
rbtree: 16 82
rbtree: 20 28
rbtree: 18 74
rbtree: 20 30
rbtree: 20 114
rbtree: 18 30
rbtree: 18 74
rbtree: 48 28
rbtree: 18 82
rbtree: 20 28
rbtree: 18 74
rbtree: 44 28
rbtree: 18 108
rbtree: 20 32
rbtree: 20 42
rbtree: 20 28
rbtree: 18 82
rbtree: 18 28
rbtree: 20 74
rbtree: 24 28
rbtree: 16 108
rbtree: 20 28
rbtree: 18 72
rbtree: 46 26
rbtree: 18 82
rbtree: 20 28
rbtree: 18 76
rbtree: 42 28
rbtree: 18 110
rbtree: 20 30
rbtree: 18 40
rbtree: 22 28
rbtree: 18 82
rbtree: 18 28
rbtree: 18 74
rbtree: 22 28
rbtree: 20 110
rbtree: 20 28
rbtree: 18 76
rbtree: 48 28
rbtree: 18 80
rbtree: 18 30
rbtree: 20 76
rbtree: 42 26
rbtree: 18 112
rbtree: 20 30
rbtree: 18 40
rbtree: 22 28
rbtree: 18 82
rbtree: 18 28
rbtree: 16 76
rbtree: 22 30
rbtree: 18 112
rbtree: 18 28
rbtree: 16 72
rbtree: 48 28
rbtree: 18 84
rbtree: 20 28
rbtree: 18 74
rbtree: 44 30
rbtree: 18 110
rbtree: 18 30
rbtree: 20 38
rbtree: 24 30
rbtree: 18 80
rbtree: 18 28
rbtree: 18 76
rbtree: 22 28
rbtree: 20 106
rbtree: 18 28
rbtree: 18 76
rbtree: 48 32
rbtree: 18 82
rbtree: 18 26
rbtree: 16 74
rbtree: 42 30
rbtree: 18 110
rbtree: 18 32
rbtree: 18 36
rbtree: 22 28
rbtree: 16 82
rbtree: 20 28
rbtree: 16 72
rbtree: 22 30
rbtree: 18 106
rbtree: 20 28
rbtree: 18 74
rbtree: 48 28
rbtree: 18 80
rbtree: 20 26
rbtree: 18 74
rbtree: 42 28
rbtree: 20 108
rbtree: 20 30
rbtree: 20 40
rbtree: 22 28
rbtree: 18 82
rbtree: 18 30
rbtree: 18 76
rbtree: 22 30
rbtree: 18 110
rbtree: 20 28
rbtree: 18 74
rbtree: 50 28
rbtree: 18 82
rbtree: 20 28
rbtree: 18 74
rbtree: 42 28
rbtree: 18 110
rbtree: 18 30
rbtree: 20 38
rbtree: 22 30
rbtree: 16 82
rbtree: 20 28
rbtree: 18 74
rbtree: 20 30
rbtree: 20 108
rbtree: 20 28
rbtree: 16 74
rbtree: 46 26
rbtree: 18 80
rbtree: 18 30
rbtree: 18 76
rbtree: 42 28
rbtree: 18 112
rbtree: 20 30
rbtree: 18 42
rbtree: 22 26
rbtree: 18 82
rbtree: 18 28
rbtree: 18 76
rbtree: 22 30
rbtree: 18 110
rbtree: 18 30
rbtree: 18 76
rbtree: 48 28
rbtree: 18 80
rbtree: 18 28
rbtree: 20 76
rbtree: 44 28
rbtree: 16 110
rbtree: 18 36
rbtree: 18 40
rbtree: 20 28
rbtree: 18 80
rbtree: 18 28
rbtree: 18 76
rbtree: 22 28
rbtree: 18 108
rbtree: 18 28
rbtree: 18 74
rbtree: 48 28
rbtree: 18 82
rbtree: 18 26
rbtree: 20 74
rbtree: 42 30
rbtree: 16 110
rbtree: 18 32
rbtree: 16 38
rbtree: 22 28
rbtree: 18 82
rbtree: 18 28
rbtree: 18 74
rbtree: 22 32
rbtree: 18 108
rbtree: 22 28
rbtree: 18 76
rbtree: 48 26
rbtree: 16 80
rbtree: 20 30
rbtree: 20 74
rbtree: 42 28
rbtree: 18 108
rbtree: 18 32
rbtree: 18 40
rbtree: 22 28
rbtree: 18 84
rbtree: 20 30
rbtree: 16 74
rbtree: 22 30
rbtree: 18 110
rbtree: 18 30
rbtree: 18 76
rbtree: 48 30
rbtree: 18 84
rbtree: 18 28
rbtree: 16 74
rbtree: 42 30
rbtree: 16 108
rbtree: 22 30
rbtree: 18 42
rbtree: 22 28
rbtree: 20 82
rbtree: 18 28
rbtree: 18 74
rbtree: 24 28
rbtree: 18 110
rbtree: 18 30
rbtree: 18 72
rbtree: 48 28
rbtree: 16 82
rbtree: 18 28
rbtree: 18 74
rbtree: 42 32
rbtree: 18 106
rbtree: 20 30
rbtree: 18 42
rbtree: 22 30
rbtree: 16 82
rbtree: 20 28
rbtree: 18 76
rbtree: 22 28
rbtree: 18 108
rbtree: 18 28
rbtree: 18 76
rbtree: 48 30
rbtree: 16 82
rbtree: 18 28
rbtree: 18 76
rbtree: 42 28
rbtree: 18 112
rbtree: 18 30
rbtree: 18 38
rbtree: 22 28
rbtree: 16 80
rbtree: 18 30
rbtree: 18 76
rbtree: 22 28
rbtree: 16 110
rbtree: 20 30
rbtree: 18 74
rbtree: 46 28
rbtree: 16 82
rbtree: 18 26
rbtree: 18 76
rbtree: 42 30
rbtree: 18 110
rbtree: 20 30
rbtree: 20 38
rbtree: 20 30
rbtree: 18 82
rbtree: 20 30
rbtree: 18 74
rbtree: 22 28
rbtree: 16 108
rbtree: 20 28
rbtree: 18 76
rbtree: 48 26
rbtree: 18 102
rbtree: 18 30
rbtree: 20 76
rbtree: 44 28
rbtree: 18 128
rbtree: 18 30
rbtree: 20 38
rbtree: 22 30
rbtree: 18 82
rbtree: 18 28
rbtree: 20 74
rbtree: 22 30
rbtree: 18 108
rbtree: 20 28
rbtree: 18 74
rbtree: 48 30
rbtree: 16 82
rbtree: 20 28
rbtree: 16 74
rbtree: 44 30
rbtree: 18 106
rbtree: 20 32
rbtree: 20 40
rbtree: 20 28
rbtree: 18 80
rbtree: 18 30
rbtree: 18 74
rbtree: 20 30
rbtree: 20 126
rbtree: 18 28
rbtree: 20 74
