rbtree: 254 162
rbtree: 120 154
rbtree: 82 116
rbtree: 30 110
rbtree: 68 70
rbtree: 32 114
rbtree: 162 26
rbtree: 24 84
rbtree: 58 64
rbtree: 112 132
rbtree: 26 94
rbtree: 80 68
rbtree: 26 68
rbtree: 42 134
rbtree: 72 70
rbtree: 26 92
rbtree: 126 68
rbtree: 18 130
rbtree: 84 26
rbtree: 30 70
rbtree: 28 28
rbtree: 90 96
rbtree: 16 82
rbtree: 76 104
rbtree: 26 84
rbtree: 28 112
rbtree: 14 80
rbtree: 48 68
rbtree: 30 26
rbtree: 58 112
rbtree: 24 72
rbtree: 74 88
rbtree: 68 74
rbtree: 24 94
rbtree: 86 32
rbtree: 18 78
rbtree: 46 28
rbtree: 16 100
rbtree: 46 32
rbtree: 18 78
rbtree: 66 28
rbtree: 30 148
rbtree: 16 104
rbtree: 80 114
rbtree: 24 96
rbtree: 64 106
rbtree: 24 86
rbtree: 42 88
rbtree: 26 76
rbtree: 46 100
rbtree: 26 74
rbtree: 52 82
rbtree: 22 72
rbtree: 42 98
rbtree: 32 72
rbtree: 64 100
rbtree: 112 78
rbtree: 16 154
rbtree: 52 74
rbtree: 28 98
rbtree: 38 34
rbtree: 100 90
rbtree: 30 72
rbtree: 54 80
rbtree: 40 72
rbtree: 28 60
rbtree: 62 72
rbtree: 74 82
rbtree: 34 36
rbtree: 88 90
rbtree: 16 70
rbtree: 46 80
rbtree: 34 36
rbtree: 42 118
rbtree: 14 68
rbtree: 34 78
rbtree: 22 32
rbtree: 56 104
rbtree: 24 72
rbtree: 46 86
rbtree: 62 70
rbtree: 20 112
rbtree: 78 70
rbtree: 20 78
rbtree: 50 68
rbtree: 28 88
rbtree: 112 68
rbtree: 28 76
rbtree: 112 68
rbtree: 30 130
rbtree: 26 88
rbtree: 78 112
rbtree: 26 74
rbtree: 80 106
rbtree: 16 72
rbtree: 28 94
rbtree: 104 86
rbtree: 16 128
rbtree: 64 68
rbtree: 16 80
rbtree: 40 68
rbtree: 20 50
rbtree: 64 68
rbtree: 22 78
rbtree: 66 70
rbtree: 20 128
rbtree: 40 88
rbtree: 26 112
rbtree: 60 66
rbtree: 30 84
rbtree: 52 34
rbtree: 40 82
rbtree: 52 86
rbtree: 20 58
rbtree: 30 32
rbtree: 32 78
rbtree: 40 32
rbtree: 32 82
rbtree: 18 30
rbtree: 30 80
rbtree: 48 30
rbtree: 30 96
rbtree: 38 32
rbtree: 34 42
rbtree: 16 32
rbtree: 44 86
rbtree: 16 70
rbtree: 24 40
rbtree: 50 28
rbtree: 32 56
rbtree: 16 32
rbtree: 30 78
rbtree: 40 30
rbtree: 32 86
rbtree: 16 30
rbtree: 32 76
rbtree: 48 30
rbtree: 30 96
rbtree: 22 36
rbtree: 32 42
rbtree: 32 36
rbtree: 34 86
rbtree: 26 34
rbtree: 32 42
rbtree: 50 30
rbtree: 32 94
rbtree: 20 30
rbtree: 32 78
rbtree: 42 32
rbtree: 38 82
rbtree: 22 30
rbtree: 32 78
rbtree: 48 28
rbtree: 32 102
rbtree: 22 34
rbtree: 30 40
rbtree: 20 32
rbtree: 20 86
rbtree: 22 34
rbtree: 20 42
rbtree: 52 30
rbtree: 20 96
rbtree: 22 32
rbtree: 20 76
rbtree: 42 32
rbtree: 18 84
rbtree: 22 30
rbtree: 20 76
rbtree: 48 32
rbtree: 20 94
rbtree: 20 36
rbtree: 22 44
rbtree: 24 34
rbtree: 22 88
rbtree: 60 34
rbtree: 20 40
rbtree: 56 32
rbtree: 20 92
rbtree: 20 30
rbtree: 20 84
rbtree: 44 28
rbtree: 18 84
rbtree: 20 32
rbtree: 20 76
rbtree: 50 28
rbtree: 20 96
rbtree: 20 32
rbtree: 20 42
rbtree: 20 34
rbtree: 22 90
rbtree: 20 36
rbtree: 20 40
rbtree: 56 32
rbtree: 20 96
rbtree: 20 28
rbtree: 18 76
rbtree: 42 32
rbtree: 20 84
rbtree: 22 32
rbtree: 20 78
rbtree: 48 32
rbtree: 20 98
rbtree: 22 34
rbtree: 22 42
rbtree: 40 34
rbtree: 20 88
rbtree: 20 36
rbtree: 20 44
rbtree: 56 30
rbtree: 18 94
rbtree: 22 32
rbtree: 18 78
rbtree: 42 30
rbtree: 22 86
rbtree: 22 32
rbtree: 20 76
rbtree: 48 32
rbtree: 20 96
rbtree: 20 34
rbtree: 26 42
rbtree: 40 34
rbtree: 24 54
rbtree: 16 70
rbtree: 24 82
rbtree: 30 32
rbtree: 30 92
rbtree: 30 30
rbtree: 38 80
rbtree: 42 28
rbtree: 36 86
rbtree: 30 30
rbtree: 40 78
rbtree: 30 30
rbtree: 40 54
rbtree: 42 70
rbtree: 34 84
rbtree: 42 34
rbtree: 40 86
rbtree: 26 34
rbtree: 38 82
rbtree: 30 32
rbtree: 36 98
rbtree: 22 32
rbtree: 32 78
rbtree: 42 34
rbtree: 30 84
rbtree: 20 30
rbtree: 32 80
rbtree: 24 28
rbtree: 32 52
rbtree: 34 32
rbtree: 34 42
rbtree: 40 34
rbtree: 22 96
rbtree: 22 34
rbtree: 22 84
rbtree: 30 30
rbtree: 20 94
rbtree: 20 32
rbtree: 20 78
rbtree: 42 30
rbtree: 20 86
rbtree: 20 28
rbtree: 20 76
rbtree: 24 32
rbtree: 20 52
rbtree: 20 34
rbtree: 20 44
rbtree: 38 34
rbtree: 22 84
rbtree: 20 36
rbtree: 22 82
rbtree: 28 32
rbtree: 20 92
rbtree: 20 28
rbtree: 18 80
rbtree: 40 32
rbtree: 18 84
rbtree: 20 30
rbtree: 18 88
rbtree: 22 32
rbtree: 20 50
rbtree: 20 36
rbtree: 18 44
rbtree: 38 32
rbtree: 22 92
rbtree: 22 34
rbtree: 24 80
rbtree: 30 30
rbtree: 18 94
rbtree: 20 32
rbtree: 22 78
rbtree: 40 30
rbtree: 20 86
rbtree: 22 30
rbtree: 20 82
rbtree: 24 32
rbtree: 20 96
rbtree: 20 30
rbtree: 20 40
rbtree: 40 36
rbtree: 20 90
rbtree: 20 32
rbtree: 20 82
rbtree: 28 30
rbtree: 20 94
rbtree: 20 32
rbtree: 18 78
rbtree: 46 32
rbtree: 18 86
rbtree: 22 30
rbtree: 20 78
rbtree: 22 32
rbtree: 22 94
rbtree: 20 34
rbtree: 30 42
rbtree: 40 34
rbtree: 24 90
rbtree: 22 36
rbtree: 28 82
rbtree: 30 30
rbtree: 20 94
rbtree: 24 32
rbtree: 24 78
rbtree: 42 30
rbtree: 20 88
rbtree: 22 32
rbtree: 18 76
rbtree: 24 32
rbtree: 20 98
rbtree: 22 36
rbtree: 20 44
rbtree: 38 34
rbtree: 20 88
rbtree: 20 34
rbtree: 24 80
rbtree: 28 30
rbtree: 20 92
rbtree: 22 32
rbtree: 20 76
rbtree: 42 32
rbtree: 20 84
rbtree: 20 32
rbtree: 20 76
rbtree: 24 30
rbtree: 20 98
rbtree: 22 32
rbtree: 20 40
rbtree: 38 30
rbtree: 20 92
rbtree: 22 32
rbtree: 20 82
rbtree: 30 34
rbtree: 20 94
rbtree: 22 32
rbtree: 18 76
rbtree: 42 30
rbtree: 18 86
rbtree: 22 30
rbtree: 20 78
rbtree: 24 32
rbtree: 20 98
rbtree: 22 34
rbtree: 20 42
rbtree: 38 30
rbtree: 22 90
rbtree: 22 32
rbtree: 20 80
rbtree: 30 32
rbtree: 20 94
rbtree: 22 30
rbtree: 20 76
rbtree: 42 28
rbtree: 18 84
rbtree: 22 28
rbtree: 20 76
rbtree: 24 28
rbtree: 20 96
rbtree: 20 34
rbtree: 24 42
rbtree: 38 34
rbtree: 20 88
rbtree: 22 36
rbtree: 20 80
rbtree: 28 30
rbtree: 20 94
rbtree: 20 30
rbtree: 18 78
rbtree: 42 32
rbtree: 18 84
rbtree: 20 34
rbtree: 20 80
rbtree: 24 30
rbtree: 20 98
rbtree: 20 36
rbtree: 22 42
rbtree: 40 34
rbtree: 20 90
rbtree: 22 34
rbtree: 22 40
rbtree: 26 30
rbtree: 20 90
rbtree: 20 32
rbtree: 20 78
rbtree: 42 30
rbtree: 18 86
rbtree: 20 30
rbtree: 20 78
rbtree: 22 32
rbtree: 20 96
rbtree: 20 34
rbtree: 22 42
rbtree: 38 36
rbtree: 26 90
rbtree: 22 32
rbtree: 30 40
rbtree: 26 32
rbtree: 22 94
rbtree: 22 30
rbtree: 22 80
rbtree: 42 30
rbtree: 24 84
rbtree: 26 30
rbtree: 22 78
rbtree: 28 32
rbtree: 20 96
rbtree: 26 34
rbtree: 20 42
rbtree: 40 34
rbtree: 22 92
rbtree: 24 34
rbtree: 24 82
rbtree: 30 32
rbtree: 22 94
rbtree: 24 36
rbtree: 24 84
rbtree: 42 32
rbtree: 22 90
rbtree: 24 28
rbtree: 24 80
rbtree: 24 34
rbtree: 18 100
rbtree: 24 36
rbtree: 26 48
rbtree: 38 34
rbtree: 26 90
rbtree: 26 36
rbtree: 22 46
rbtree: 26 36
rbtree: 22 100
rbtree: 28 38
rbtree: 22 82
rbtree: 40 36
rbtree: 22 92
rbtree: 28 34
rbtree: 22 82
rbtree: 28 34
rbtree: 22 100
rbtree: 26 36
rbtree: 24 44
rbtree: 40 36
rbtree: 26 90
rbtree: 26 38
rbtree: 24 48
rbtree: 28 34
rbtree: 20 98
rbtree: 30 32
rbtree: 22 82
rbtree: 42 36
rbtree: 20 90
rbtree: 30 34
rbtree: 24 84
rbtree: 30 36
rbtree: 20 116
rbtree: 28 34
rbtree: 26 48
rbtree: 40 36
rbtree: 26 96
rbtree: 30 38
rbtree: 28 46
rbtree: 28 30
rbtree: 20 92
rbtree: 22 32
rbtree: 20 78
rbtree: 40 32
rbtree: 20 104
rbtree: 22 30
rbtree: 18 78
rbtree: 24 30
rbtree: 18 114
rbtree: 20 32
rbtree: 22 42
rbtree: 40 32
rbtree: 22 88
rbtree: 22 34
rbtree: 22 42
rbtree: 28 30
rbtree: 20 90
rbtree: 22 32
rbtree: 20 80
rbtree: 42 32
rbtree: 20 100
rbtree: 20 32
rbtree: 18 76
rbtree: 24 32
rbtree: 18 110
rbtree: 22 32
rbtree: 20 40
rbtree: 44 34
rbtree: 20 90
rbtree: 20 34
rbtree: 20 42
rbtree: 28 30
rbtree: 24 96
rbtree: 20 32
rbtree: 20 78
rbtree: 42 30
rbtree: 24 104
rbtree: 22 30
rbtree: 22 78
rbtree: 24 32
rbtree: 24 112
rbtree: 22 34
rbtree: 28 42
rbtree: 40 34
rbtree: 22 86
rbtree: 20 34
rbtree: 20 82
rbtree: 28 32
rbtree: 18 92
rbtree: 22 30
rbtree: 20 78
rbtree: 42 28
rbtree: 20 84
rbtree: 20 30
rbtree: 20 78
rbtree: 22 30
rbtree: 18 110
rbtree: 22 36
rbtree: 22 42
rbtree: 38 36
rbtree: 20 88
rbtree: 22 34
rbtree: 24 82
rbtree: 30 30
rbtree: 20 92
rbtree: 22 32
rbtree: 18 76
rbtree: 40 30
rbtree: 20 104
rbtree: 20 30
rbtree: 20 76
rbtree: 24 30
rbtree: 20 118
rbtree: 20 32
rbtree: 20 42
rbtree: 40 34
rbtree: 22 90
rbtree: 22 36
rbtree: 20 82
rbtree: 30 32
rbtree: 20 92
rbtree: 22 34
rbtree: 18 76
rbtree: 42 28
rbtree: 18 98
rbtree: 22 32
rbtree: 20 78
rbtree: 26 32
rbtree: 20 114
rbtree: 20 34
rbtree: 22 42
rbtree: 40 34
rbtree: 22 84
rbtree: 22 34
rbtree: 24 84
rbtree: 30 30
rbtree: 20 92
rbtree: 20 30
rbtree: 20 80
rbtree: 42 30
rbtree: 20 98
rbtree: 22 30
rbtree: 20 78
rbtree: 24 30
rbtree: 20 116
rbtree: 22 34
rbtree: 24 44
rbtree: 38 34
rbtree: 22 84
rbtree: 22 36
rbtree: 24 82
rbtree: 28 32
rbtree: 20 92
rbtree: 22 30
rbtree: 20 76
rbtree: 40 34
rbtree: 20 84
rbtree: 20 30
rbtree: 18 80
rbtree: 26 32
rbtree: 20 96
rbtree: 20 34
rbtree: 20 42
rbtree: 40 36
rbtree: 24 90
rbtree: 22 32
rbtree: 20 80
rbtree: 32 30
rbtree: 18 94
rbtree: 20 28
rbtree: 20 80
rbtree: 42 32
rbtree: 24 84
rbtree: 20 32
rbtree: 22 78
rbtree: 24 32
rbtree: 22 96
rbtree: 22 34
rbtree: 28 42
rbtree: 42 34
rbtree: 20 88
rbtree: 20 34
rbtree: 26 82
rbtree: 28 28
rbtree: 18 92
rbtree: 28 30
rbtree: 22 78
rbtree: 42 30
rbtree: 20 86
rbtree: 24 30
rbtree: 24 78
rbtree: 28 30
rbtree: 22 100
rbtree: 30 32
rbtree: 26 42
rbtree: 40 40
rbtree: 24 90
rbtree: 30 36
rbtree: 24 82
rbtree: 30 36
rbtree: 24 96
rbtree: 20 32
rbtree: 18 78
rbtree: 42 32
rbtree: 18 84
rbtree: 20 32
rbtree: 20 78
rbtree: 24 30
rbtree: 18 94
rbtree: 22 34
rbtree: 22 42
rbtree: 40 34
rbtree: 20 90
rbtree: 20 34
rbtree: 24 82
rbtree: 30 32
rbtree: 20 92
rbtree: 20 30
rbtree: 20 76
rbtree: 42 30
rbtree: 20 84
rbtree: 22 30
rbtree: 20 80
rbtree: 24 30
rbtree: 20 98
rbtree: 20 36
rbtree: 20 40
rbtree: 40 34
rbtree: 20 90
rbtree: 20 34
rbtree: 24 42
rbtree: 30 28
rbtree: 20 92
rbtree: 20 32
rbtree: 20 78
rbtree: 40 32
rbtree: 20 84
rbtree: 22 30
rbtree: 20 80
rbtree: 28 30
rbtree: 18 98
rbtree: 22 34
rbtree: 20 42
rbtree: 38 32
rbtree: 20 88
rbtree: 20 34
rbtree: 20 44
rbtree: 28 32
rbtree: 20 92
rbtree: 22 28
rbtree: 20 78
rbtree: 40 30
rbtree: 20 84
rbtree: 20 30
rbtree: 20 78
rbtree: 24 30
rbtree: 18 96
rbtree: 20 34
rbtree: 20 38
rbtree: 38 34
rbtree: 24 88
rbtree: 20 32
rbtree: 20 80
rbtree: 30 30
rbtree: 20 92
rbtree: 20 30
rbtree: 20 78
rbtree: 44 32
rbtree: 20 84
rbtree: 22 30
rbtree: 20 76
rbtree: 22 32
rbtree: 24 96
rbtree: 22 36
rbtree: 30 44
rbtree: 40 34
rbtree: 28 88
rbtree: 22 36
rbtree: 26 84
rbtree: 28 32
rbtree: 24 92
rbtree: 26 30
rbtree: 20 76
rbtree: 42 32
rbtree: 20 86
rbtree: 20 32
rbtree: 20 78
rbtree: 24 32
rbtree: 18 96
rbtree: 20 36
rbtree: 20 40
rbtree: 40 36
rbtree: 24 90
rbtree: 22 32
rbtree: 22 80
rbtree: 28 30
rbtree: 20 90
rbtree: 20 30
rbtree: 18 78
rbtree: 42 28
rbtree: 20 86
rbtree: 22 30
rbtree: 20 80
rbtree: 24 32
rbtree: 18 98
rbtree: 22 34
rbtree: 22 44
rbtree: 38 34
rbtree: 26 88
rbtree: 22 36
rbtree: 22 82
rbtree: 30 30
rbtree: 20 92
rbtree: 20 32
rbtree: 20 76
rbtree: 42 32
rbtree: 20 84
rbtree: 22 28
rbtree: 20 76
rbtree: 26 36
rbtree: 18 96
rbtree: 20 34
rbtree: 24 42
rbtree: 40 36
rbtree: 24 88
rbtree: 22 34
rbtree: 22 80
rbtree: 28 32
rbtree: 20 92
rbtree: 22 34
rbtree: 22 78
rbtree: 42 30
rbtree: 20 86
rbtree: 20 30
rbtree: 18 80
rbtree: 24 30
rbtree: 18 94
rbtree: 22 32
rbtree: 22 42
rbtree: 38 34
rbtree: 20 88
rbtree: 22 36
rbtree: 24 82
rbtree: 28 32
rbtree: 20 92
rbtree: 22 30
rbtree: 20 78
rbtree: 42 32
rbtree: 20 86
rbtree: 20 32
rbtree: 20 76
rbtree: 24 30
rbtree: 20 94
rbtree: 26 34
rbtree: 20 40
rbtree: 38 34
rbtree: 20 88
rbtree: 20 34
rbtree: 20 82
rbtree: 28 30
rbtree: 20 98
rbtree: 20 30
rbtree: 20 80
rbtree: 42 30
rbtree: 18 82
rbtree: 20 32
rbtree: 18 76
rbtree: 22 32
rbtree: 20 100
rbtree: 22 32
rbtree: 24 44
rbtree: 38 36
rbtree: 28 90
rbtree: 20 34
rbtree: 24 84
rbtree: 30 30
rbtree: 22 94
rbtree: 26 30
rbtree: 22 78
rbtree: 40 32
rbtree: 22 84
rbtree: 26 32
rbtree: 22 78
rbtree: 26 30
rbtree: 20 94
rbtree: 26 36
rbtree: 26 42
rbtree: 40 32
rbtree: 26 90
rbtree: 26 34
rbtree: 24 80
rbtree: 28 30
rbtree: 24 94
rbtree: 28 32
rbtree: 20 78
rbtree: 42 32
rbtree: 24 90
rbtree: 28 32
rbtree: 24 82
rbtree: 28 32
rbtree: 20 100
rbtree: 26 36
rbtree: 24 42
rbtree: 38 38
rbtree: 26 90
rbtree: 24 36
rbtree: 22 46
rbtree: 28 34
rbtree: 22 98
rbtree: 26 40
rbtree: 24 82
rbtree: 42 36
rbtree: 24 94
rbtree: 26 36
rbtree: 24 82
rbtree: 26 34
rbtree: 18 100
rbtree: 24 38
rbtree: 24 50
rbtree: 38 38
rbtree: 24 92
rbtree: 26 38
rbtree: 26 44
rbtree: 26 32
rbtree: 20 94
rbtree: 30 34
rbtree: 24 84
rbtree: 42 34
rbtree: 22 92
rbtree: 30 32
rbtree: 20 82
rbtree: 26 34
rbtree: 22 102
rbtree: 28 38
rbtree: 26 46
rbtree: 40 40
rbtree: 22 90
rbtree: 28 36
rbtree: 28 46
rbtree: 28 30
rbtree: 18 94
rbtree: 20 32
rbtree: 18 78
rbtree: 42 32
rbtree: 20 84
rbtree: 20 28
rbtree: 18 78
rbtree: 22 30
rbtree: 18 98
rbtree: 18 34
rbtree: 22 40
rbtree: 40 34
rbtree: 22 88
rbtree: 18 34
rbtree: 22 42
rbtree: 28 30
rbtree: 18 92
rbtree: 20 28
rbtree: 18 80
rbtree: 42 30
rbtree: 20 86
rbtree: 20 28
rbtree: 20 76
rbtree: 24 32
rbtree: 20 98
rbtree: 22 34
rbtree: 22 44
rbtree: 44 36
rbtree: 20 88
rbtree: 20 34
rbtree: 22 82
rbtree: 28 32
rbtree: 24 94
rbtree: 20 32
rbtree: 22 78
rbtree: 42 30
rbtree: 24 84
rbtree: 20 28
rbtree: 22 78
rbtree: 24 30
rbtree: 22 100
rbtree: 22 34
rbtree: 22 42
rbtree: 40 36
rbtree: 22 88
rbtree: 20 34
rbtree: 22 82
rbtree: 28 32
rbtree: 20 94
rbtree: 22 30
rbtree: 20 78
rbtree: 42 28
rbtree: 18 84
rbtree: 20 30
rbtree: 20 80
rbtree: 24 32
rbtree: 20 100
rbtree: 22 34
rbtree: 22 40
rbtree: 38 36
rbtree: 20 90
rbtree: 20 36
rbtree: 22 82
rbtree: 28 32
rbtree: 20 92
rbtree: 22 30
rbtree: 18 78
rbtree: 40 30
rbtree: 20 86
rbtree: 20 30
rbtree: 18 80
rbtree: 24 32
rbtree: 18 96
rbtree: 20 36
rbtree: 20 42
rbtree: 38 34
rbtree: 22 88
rbtree: 20 34
rbtree: 24 80
rbtree: 28 30
rbtree: 18 92
rbtree: 26 32
rbtree: 20 76
rbtree: 42 32
rbtree: 20 82
rbtree: 22 30
rbtree: 18 78
rbtree: 24 32
rbtree: 18 98
rbtree: 22 32
rbtree: 20 42
rbtree: 40 32
rbtree: 22 90
rbtree: 22 34
rbtree: 22 80
rbtree: 32 30
rbtree: 20 96
rbtree: 20 32
rbtree: 20 78
rbtree: 40 30
rbtree: 20 86
rbtree: 20 32
rbtree: 20 78
rbtree: 24 32
rbtree: 20 100
rbtree: 20 34
rbtree: 20 40
rbtree: 40 32
rbtree: 22 90
rbtree: 20 36
rbtree: 20 42
rbtree: 26 30
rbtree: 20 94
rbtree: 20 30
rbtree: 20 78
rbtree: 42 32
rbtree: 18 84
rbtree: 22 30
rbtree: 20 80
