rbtree: 350 86
rbtree: 70 54
rbtree: 22 18
rbtree: 20 14
rbtree: 16 16
rbtree: 18 16
rbtree: 18 16
rbtree: 18 18
rbtree: 18 16
rbtree: 18 16
rbtree: 18 18
rbtree: 18 16
rbtree: 18 52
rbtree: 16 16
rbtree: 18 16
rbtree: 16 16
rbtree: 18 16
rbtree: 18 16
rbtree: 20 16
rbtree: 16 16
rbtree: 18 66
rbtree: 14 16
rbtree: 16 16
rbtree: 16 16
rbtree: 18 16
rbtree: 20 16
rbtree: 16 16
rbtree: 18 18
rbtree: 20 22
rbtree: 16 16
rbtree: 16 18
rbtree: 18 18
rbtree: 20 16
rbtree: 18 16
rbtree: 18 16
rbtree: 16 16
rbtree: 16 48
rbtree: 14 18
rbtree: 18 18
rbtree: 18 16
rbtree: 18 18
rbtree: 16 18
rbtree: 18 18
rbtree: 18 16
rbtree: 18 52
rbtree: 16 18
rbtree: 18 16
rbtree: 18 16
rbtree: 20 16
rbtree: 18 16
rbtree: 20 16
rbtree: 18 16
rbtree: 18 42
rbtree: 16 14
rbtree: 18 16
rbtree: 18 16
rbtree: 18 16
rbtree: 20 16
rbtree: 16 16
rbtree: 18 18
rbtree: 18 24
rbtree: 16 16
rbtree: 18 16
rbtree: 16 16
rbtree: 16 18
rbtree: 16 16
rbtree: 18 18
rbtree: 16 16
rbtree: 20 58
rbtree: 16 14
rbtree: 18 16
rbtree: 16 16
rbtree: 16 16
rbtree: 18 16
rbtree: 18 16
rbtree: 18 16
rbtree: 18 52
rbtree: 16 18
rbtree: 16 18
rbtree: 18 18
rbtree: 16 16
rbtree: 18 16
rbtree: 18 16
rbtree: 16 16
rbtree: 20 18
rbtree: 18 18
rbtree: 18 16
rbtree: 18 16
rbtree: 18 16
rbtree: 20 16
rbtree: 18 16
rbtree: 18 18
rbtree: 18 20
rbtree: 16 16
rbtree: 18 18
rbtree: 18 16
rbtree: 20 16
rbtree: 18 18
rbtree: 18 16
rbtree: 20 16
rbtree: 18 18
rbtree: 18 16
rbtree: 18 16
rbtree: 18 16
rbtree: 18 16
rbtree: 18 16
rbtree: 18 16
rbtree: 18 16
rbtree: 16 16
rbtree: 18 18
rbtree: 16 18
rbtree: 18 16
rbtree: 18 16
rbtree: 18 16
rbtree: 16 16
rbtree: 18 16
rbtree: 18 18
rbtree: 18 18
rbtree: 16 16
rbtree: 16 16
rbtree: 20 16
rbtree: 18 16
rbtree: 18 16
rbtree: 18 16
rbtree: 18 20
rbtree: 16 18
rbtree: 18 16
rbtree: 18 16
rbtree: 16 16
rbtree: 16 16
rbtree: 16 16
rbtree: 18 16
rbtree: 18 18
rbtree: 18 18
rbtree: 18 16
rbtree: 16 18
rbtree: 18 16
rbtree: 18 16
rbtree: 18 16
rbtree: 18 16
rbtree: 18 20
rbtree: 16 16
rbtree: 20 16
rbtree: 18 16
rbtree: 18 18
rbtree: 18 16
rbtree: 18 16
rbtree: 16 16
rbtree: 18 20
rbtree: 16 16
rbtree: 18 18
rbtree: 18 16
rbtree: 18 16
rbtree: 16 16
rbtree: 18 16
rbtree: 18 16
rbtree: 18 20
rbtree: 18 16
rbtree: 16 16
rbtree: 20 16
rbtree: 18 16
rbtree: 18 16
rbtree: 18 16
rbtree: 18 16
rbtree: 18 20
rbtree: 16 16
rbtree: 16 16
rbtree: 18 16
rbtree: 18 16
rbtree: 20 14
rbtree: 18 16
rbtree: 20 16
rbtree: 16 18
rbtree: 18 16
rbtree: 18 16
rbtree: 18 14
rbtree: 16 16
rbtree: 16 16
rbtree: 20 16
rbtree: 18 16
rbtree: 16 20
rbtree: 16 16
rbtree: 18 16
rbtree: 16 16
rbtree: 18 16
rbtree: 20 16
rbtree: 18 16
rbtree: 20 18
rbtree: 16 18
rbtree: 18 16
rbtree: 18 14
rbtree: 18 16
rbtree: 18 16
rbtree: 16 16
rbtree: 18 16
rbtree: 16 16
rbtree: 18 18
rbtree: 20 16
rbtree: 18 16
rbtree: 18 18
rbtree: 18 16
rbtree: 16 46
rbtree: 20 18
rbtree: 18 16
rbtree: 16 20
rbtree: 16 16
rbtree: 18 18
rbtree: 18 16
rbtree: 16 16
rbtree: 20 16
rbtree: 18 16
rbtree: 18 16
rbtree: 16 16
rbtree: 18 18
rbtree: 18 16
rbtree: 20 16
rbtree: 16 16
rbtree: 18 16
rbtree: 16 16
rbtree: 16 14
rbtree: 18 18
rbtree: 18 18
rbtree: 16 16
rbtree: 18 16
rbtree: 18 16
rbtree: 18 16
rbtree: 18 16
rbtree: 18 16
rbtree: 18 18
rbtree: 18 16
rbtree: 18 16
rbtree: 20 16
rbtree: 18 16
rbtree: 20 14
rbtree: 18 16
rbtree: 16 16
rbtree: 18 18
rbtree: 16 14
rbtree: 18 16
rbtree: 18 16
rbtree: 16 16
rbtree: 20 18
rbtree: 18 16
rbtree: 18 16
rbtree: 18 20
rbtree: 16 16
rbtree: 16 16
rbtree: 20 16
rbtree: 18 18
rbtree: 18 16
rbtree: 18 16
rbtree: 18 16
rbtree: 16 22
rbtree: 14 16
rbtree: 16 16
rbtree: 18 16
rbtree: 18 16
rbtree: 18 16
rbtree: 20 16
rbtree: 18 18
rbtree: 18 22
rbtree: 16 14
rbtree: 18 16
rbtree: 18 16
rbtree: 20 18
rbtree: 18 18
rbtree: 18 16
rbtree: 18 16
rbtree: 18 22
rbtree: 16 18
rbtree: 18 16
rbtree: 18 16
rbtree: 16 16
rbtree: 18 14
rbtree: 20 16
rbtree: 18 16
rbtree: 18 20
rbtree: 14 16
rbtree: 18 16
rbtree: 20 18
rbtree: 18 16
rbtree: 20 18
rbtree: 18 18
rbtree: 16 18
rbtree: 16 20
rbtree: 16 16
rbtree: 18 14
rbtree: 16 16
rbtree: 20 22
rbtree: 16 16
rbtree: 18 18
rbtree: 18 16
rbtree: 18 16
rbtree: 20 16
rbtree: 20 18
rbtree: 16 16
rbtree: 20 16
rbtree: 18 16
rbtree: 18 16
rbtree: 18 16
rbtree: 16 20
rbtree: 16 16
rbtree: 16 16
rbtree: 16 16
rbtree: 18 16
rbtree: 18 16
rbtree: 18 16
rbtree: 18 16
rbtree: 18 20
rbtree: 16 16
rbtree: 18 16
rbtree: 18 16
rbtree: 18 18
rbtree: 16 16
rbtree: 18 18
rbtree: 16 16
rbtree: 18 22
rbtree: 16 16
rbtree: 18 16
rbtree: 18 16
rbtree: 18 16
rbtree: 18 18
rbtree: 20 16
rbtree: 18 18
rbtree: 20 22
rbtree: 16 16
rbtree: 18 16
rbtree: 18 18
rbtree: 20 16
rbtree: 18 16
rbtree: 18 16
rbtree: 16 16
rbtree: 16 22
rbtree: 16 18
rbtree: 16 16
rbtree: 20 16
rbtree: 18 16
rbtree: 18 16
rbtree: 16 16
rbtree: 16 18
rbtree: 18 18
rbtree: 20 16
rbtree: 18 16
rbtree: 18 16
rbtree: 20 16
rbtree: 18 16
rbtree: 18 16
rbtree: 18 16
rbtree: 16 18
rbtree: 18 18
rbtree: 18 16
rbtree: 16 16
rbtree: 18 16
rbtree: 18 16
rbtree: 18 16
rbtree: 20 16
rbtree: 18 20
rbtree: 18 16
rbtree: 16 16
rbtree: 18 14
rbtree: 20 18
rbtree: 16 16
rbtree: 18 16
rbtree: 16 16
rbtree: 18 22
rbtree: 18 16
rbtree: 18 16
rbtree: 20 16
rbtree: 16 16
rbtree: 18 16
rbtree: 18 16
rbtree: 18 18
rbtree: 20 18
rbtree: 16 16
rbtree: 20 18
rbtree: 18 18
rbtree: 16 16
rbtree: 18 14
rbtree: 16 16
rbtree: 18 16
rbtree: 18 18
rbtree: 16 16
rbtree: 18 16
rbtree: 18 16
rbtree: 16 16
rbtree: 18 18
rbtree: 18 16
rbtree: 16 16
rbtree: 20 22
rbtree: 16 16
rbtree: 20 16
rbtree: 18 18
rbtree: 18 16
rbtree: 18 18
rbtree: 18 16
rbtree: 16 16
rbtree: 16 22
rbtree: 16 18
rbtree: 18 16
rbtree: 20 16
rbtree: 18 18
rbtree: 18 16
rbtree: 18 16
rbtree: 20 16
rbtree: 16 20
rbtree: 16 16
rbtree: 18 16
rbtree: 18 16
rbtree: 18 16
rbtree: 18 18
rbtree: 18 18
rbtree: 18 16
rbtree: 18 20
rbtree: 18 16
rbtree: 18 16
rbtree: 18 14
rbtree: 18 16
rbtree: 18 16
rbtree: 18 16
rbtree: 18 16
rbtree: 20 18
rbtree: 18 18
rbtree: 18 16
rbtree: 18 16
rbtree: 16 16
rbtree: 16 18
rbtree: 16 16
rbtree: 16 16
rbtree: 18 18
rbtree: 16 16
rbtree: 18 16
rbtree: 20 16
rbtree: 16 16
rbtree: 16 14
rbtree: 18 16
rbtree: 18 16
rbtree: 16 20
rbtree: 16 16
rbtree: 18 16
rbtree: 16 16
rbtree: 18 16
rbtree: 16 18
rbtree: 16 16
rbtree: 18 16
rbtree: 18 18
rbtree: 18 16
rbtree: 20 16
rbtree: 18 16
rbtree: 18 16
rbtree: 16 16
rbtree: 18 18
rbtree: 20 18
rbtree: 18 22
rbtree: 16 18
rbtree: 18 16
rbtree: 18 16
rbtree: 20 16
rbtree: 16 18
rbtree: 20 16
rbtree: 18 16
rbtree: 18 18
rbtree: 18 44
rbtree: 18 16
rbtree: 18 16
rbtree: 18 16
rbtree: 18 16
rbtree: 18 16
rbtree: 18 14
rbtree: 18 22
rbtree: 16 16
rbtree: 20 16
rbtree: 18 16
rbtree: 18 16
rbtree: 18 16
rbtree: 16 16
rbtree: 16 14
rbtree: 18 20
rbtree: 16 18
rbtree: 16 16
rbtree: 20 16
rbtree: 18 16
rbtree: 20 16
rbtree: 16 16
rbtree: 16 16
rbtree: 20 20
rbtree: 16 16
rbtree: 16 16
rbtree: 18 16
rbtree: 16 14
rbtree: 16 16
rbtree: 18 16
rbtree: 16 16
rbtree: 16 46
rbtree: 18 16
rbtree: 16 16
rbtree: 18 16
rbtree: 18 16
rbtree: 18 18
rbtree: 18 18
rbtree: 18 16
rbtree: 18 64
rbtree: 16 16
rbtree: 16 16
rbtree: 18 16
rbtree: 18 16
rbtree: 18 14
rbtree: 20 16
rbtree: 18 16
rbtree: 18 56
rbtree: 20 16
rbtree: 18 16
rbtree: 20 18
rbtree: 18 16
rbtree: 20 16
rbtree: 18 18
rbtree: 18 16
rbtree: 20 56
rbtree: 16 16
rbtree: 20 18
rbtree: 16 16
rbtree: 18 14
rbtree: 18 16
rbtree: 18 16
rbtree: 18 14
rbtree: 20 18
rbtree: 16 16
rbtree: 18 18
rbtree: 18 16
rbtree: 18 18
rbtree: 16 16
rbtree: 16 16
rbtree: 18 16
rbtree: 18 46
rbtree: 16 18
rbtree: 16 18
rbtree: 18 16
rbtree: 16 16
rbtree: 20 16
rbtree: 18 16
rbtree: 16 16
rbtree: 16 20
rbtree: 18 18
rbtree: 18 16
rbtree: 18 16
rbtree: 18 16
rbtree: 20 16
rbtree: 16 16
rbtree: 18 16
rbtree: 20 20
rbtree: 16 16
rbtree: 20 16
rbtree: 18 16
rbtree: 18 18
rbtree: 18 18
rbtree: 18 16
rbtree: 20 18
rbtree: 18 18
rbtree: 16 18
rbtree: 18 16
rbtree: 18 16
rbtree: 18 16
rbtree: 18 16
rbtree: 20 16
rbtree: 18 16
rbtree: 18 18
rbtree: 18 18
rbtree: 18 16
rbtree: 18 16
rbtree: 16 16
rbtree: 16 16
rbtree: 18 18
rbtree: 18 16
rbtree: 18 20
rbtree: 18 18
rbtree: 20 16
rbtree: 18 16
rbtree: 16 16
rbtree: 16 16
rbtree: 20 16
rbtree: 18 16
rbtree: 20 22
rbtree: 16 16
rbtree: 18 16
rbtree: 16 16
rbtree: 18 16
rbtree: 18 16
rbtree: 18 16
rbtree: 16 16
rbtree: 16 20
rbtree: 14 14
rbtree: 18 16
rbtree: 16 16
rbtree: 18 16
rbtree: 18 16
rbtree: 18 16
rbtree: 18 16
rbtree: 18 20
rbtree: 16 16
rbtree: 20 16
rbtree: 16 18
rbtree: 18 16
rbtree: 16 16
rbtree: 18 16
rbtree: 18 16
rbtree: 16 18
rbtree: 16 16
rbtree: 18 16
rbtree: 18 16
rbtree: 20 18
rbtree: 18 16
rbtree: 20 16
rbtree: 20 18
rbtree: 16 18
rbtree: 18 16
rbtree: 18 16
rbtree: 16 16
rbtree: 18 18
rbtree: 18 16
rbtree: 16 16
rbtree: 16 16
rbtree: 18 18
rbtree: 20 16
rbtree: 20 18
rbtree: 16 18
rbtree: 16 16
rbtree: 18 16
rbtree: 16 16
rbtree: 18 16
rbtree: 18 18
rbtree: 18 16
rbtree: 16 16
rbtree: 20 16
rbtree: 16 16
rbtree: 18 16
rbtree: 16 16
rbtree: 16 18
rbtree: 18 18
rbtree: 18 16
rbtree: 20 16
rbtree: 20 16
rbtree: 18 16
rbtree: 20 16
rbtree: 18 16
rbtree: 18 16
rbtree: 18 20
rbtree: 16 16
rbtree: 20 16
rbtree: 18 16
rbtree: 18 16
rbtree: 18 16
rbtree: 18 16
rbtree: 20 18
rbtree: 18 18
rbtree: 16 18
rbtree: 16 16
rbtree: 18 16
rbtree: 20 16
rbtree: 18 16
rbtree: 18 16
rbtree: 18 14
rbtree: 16 18
rbtree: 18 14
rbtree: 16 18
rbtree: 18 16
rbtree: 20 16
rbtree: 18 16
rbtree: 18 16
rbtree: 18 16
rbtree: 20 18
rbtree: 18 18
rbtree: 16 16
rbtree: 16 18
rbtree: 18 16
rbtree: 18 16
rbtree: 18 16
rbtree: 16 16
rbtree: 18 20
rbtree: 14 18
rbtree: 18 16
rbtree: 18 16
rbtree: 16 16
rbtree: 16 44
rbtree: 18 18
rbtree: 20 16
rbtree: 18 20
rbtree: 18 16
rbtree: 20 16
rbtree: 16 16
rbtree: 18 18
rbtree: 18 16
rbtree: 18 16
rbtree: 20 16
rbtree: 16 18
rbtree: 16 18
rbtree: 18 18
rbtree: 18 16
rbtree: 20 18
rbtree: 18 16
rbtree: 20 16
rbtree: 18 18
rbtree: 18 18
rbtree: 20 16
rbtree: 18 16
rbtree: 20 16
rbtree: 18 16
rbtree: 18 18
rbtree: 18 18
rbtree: 18 16
rbtree: 18 18
rbtree: 18 16
rbtree: 18 18
rbtree: 18 16
rbtree: 18 18
rbtree: 16 16
rbtree: 18 16
rbtree: 20 16
rbtree: 18 20
rbtree: 16 16
rbtree: 18 16
rbtree: 20 18
rbtree: 18 16
rbtree: 16 16
rbtree: 16 16
rbtree: 20 16
rbtree: 16 20
rbtree: 16 16
rbtree: 18 18
rbtree: 18 18
rbtree: 16 16
rbtree: 18 18
rbtree: 18 16
rbtree: 18 18
rbtree: 16 20
rbtree: 18 16
rbtree: 20 16
rbtree: 18 18
rbtree: 16 16
rbtree: 18 16
rbtree: 18 16
rbtree: 20 18
rbtree: 18 18
rbtree: 16 18
rbtree: 16 16
rbtree: 18 16
rbtree: 18 16
rbtree: 18 16
rbtree: 20 18
rbtree: 18 16
rbtree: 18 18
rbtree: 18 16
rbtree: 18 16
rbtree: 18 16
rbtree: 18 18
rbtree: 18 16
rbtree: 18 16
rbtree: 18 16
rbtree: 18 16
rbtree: 20 16
rbtree: 16 16
rbtree: 18 16
rbtree: 16 16
rbtree: 18 16
rbtree: 18 16
rbtree: 16 16
rbtree: 16 20
rbtree: 16 16
rbtree: 20 16
rbtree: 18 16
rbtree: 16 18
rbtree: 16 16
rbtree: 20 16
rbtree: 18 16
rbtree: 18 18
rbtree: 18 16
rbtree: 16 16
rbtree: 16 16
rbtree: 20 16
rbtree: 18 18
rbtree: 16 16
rbtree: 16 16
rbtree: 16 18
rbtree: 20 16
rbtree: 16 16
rbtree: 18 16
rbtree: 18 16
rbtree: 16 16
rbtree: 18 16
rbtree: 20 18
rbtree: 18 18
rbtree: 16 16
rbtree: 16 16
rbtree: 18 16
rbtree: 20 16
rbtree: 18 16
rbtree: 20 16
rbtree: 18 16
rbtree: 18 18
rbtree: 18 16
rbtree: 18 16
rbtree: 20 18
rbtree: 18 16
rbtree: 18 16
rbtree: 18 18
rbtree: 16 16
rbtree: 18 18
rbtree: 20 16
rbtree: 18 16
rbtree: 16 16
rbtree: 16 16
rbtree: 20 16
rbtree: 18 18
rbtree: 18 14
rbtree: 18 16
rbtree: 18 14
rbtree: 16 16
rbtree: 16 16
rbtree: 16 16
rbtree: 20 16
rbtree: 18 16
rbtree: 20 18
rbtree: 20 16
rbtree: 18 16
rbtree: 16 16
rbtree: 18 16
rbtree: 16 16
rbtree: 18 16
rbtree: 16 18
rbtree: 16 16
rbtree: 20 18
rbtree: 18 18
rbtree: 16 16
rbtree: 16 16
rbtree: 18 16
rbtree: 18 18
rbtree: 18 16
rbtree: 20 16
rbtree: 18 16
rbtree: 20 16
rbtree: 16 16
rbtree: 18 16
rbtree: 16 16
rbtree: 18 16
rbtree: 20 18
rbtree: 18 18
rbtree: 18 18
rbtree: 18 16
rbtree: 18 16
rbtree: 18 16
rbtree: 18 16
rbtree: 18 16
rbtree: 18 16
rbtree: 16 16
rbtree: 18 16
rbtree: 18 18
rbtree: 16 16
rbtree: 18 16
rbtree: 18 16
rbtree: 16 16
rbtree: 16 16
rbtree: 18 16
rbtree: 18 16
rbtree: 18 18
rbtree: 16 16
rbtree: 16 16
rbtree: 20 16
rbtree: 16 18
rbtree: 18 16
rbtree: 18 16
rbtree: 18 20
rbtree: 16 16
rbtree: 20 16
rbtree: 20 16
rbtree: 18 16
rbtree: 16 16
rbtree: 16 16
rbtree: 18 16
rbtree: 16 16
rbtree: 18 16
rbtree: 20 16
rbtree: 16 16
rbtree: 18 16
rbtree: 18 18
rbtree: 18 16
rbtree: 20 16
rbtree: 18 18
rbtree: 18 16
rbtree: 18 16
rbtree: 18 16
rbtree: 18 16
rbtree: 18 16
rbtree: 20 16
rbtree: 16 16
rbtree: 18 20
rbtree: 14 16
rbtree: 18 16
rbtree: 20 16
rbtree: 16 16
rbtree: 18 16
rbtree: 18 18
rbtree: 16 16
rbtree: 18 18
rbtree: 16 18
rbtree: 18 16
rbtree: 18 14
rbtree: 20 16
rbtree: 18 16
rbtree: 18 16
rbtree: 20 16
rbtree: 18 18
rbtree: 16 18
rbtree: 16 16
rbtree: 20 16
rbtree: 18 18
rbtree: 18 16
rbtree: 16 18
rbtree: 18 16
rbtree: 16 20
rbtree: 16 16
rbtree: 18 16
rbtree: 18 16
rbtree: 16 16
rbtree: 16 16
rbtree: 20 18
rbtree: 18 16
rbtree: 18 20
rbtree: 16 16
rbtree: 18 18
rbtree: 18 16
rbtree: 20 16
rbtree: 18 18
rbtree: 18 16
rbtree: 18 16
rbtree: 18 18
rbtree: 18 16
rbtree: 18 16
rbtree: 18 16
rbtree: 18 16
rbtree: 18 16
rbtree: 20 16
rbtree: 16 16
rbtree: 18 20
rbtree: 16 16
rbtree: 18 16
rbtree: 18 16
rbtree: 18 16
rbtree: 18 14
rbtree: 20 16
rbtree: 16 18
rbtree: 16 18
rbtree: 16 16
rbtree: 20 16
rbtree: 18 16
rbtree: 18 16
rbtree: 18 16
rbtree: 20 16
rbtree: 18 16
rbtree: 16 18
rbtree: 16 16
rbtree: 18 16
rbtree: 16 18
rbtree: 18 16
rbtree: 18 16
rbtree: 18 16
rbtree: 16 16
rbtree: 20 18
rbtree: 18 16
rbtree: 18 16
rbtree: 16 44
rbtree: 16 16
rbtree: 18 16
rbtree: 18 16
rbtree: 16 16
rbtree: 18 18
rbtree: 18 16
rbtree: 18 16
rbtree: 18 16
rbtree: 18 16
rbtree: 18 16
rbtree: 18 16
rbtree: 18 18
rbtree: 18 22
rbtree: 16 16
rbtree: 18 16
rbtree: 18 16
rbtree: 18 16
rbtree: 18 16
rbtree: 18 16
rbtree: 18 16
rbtree: 20 18
rbtree: 18 16
rbtree: 18 16
rbtree: 18 16
rbtree: 18 16
rbtree: 16 16
rbtree: 18 16
rbtree: 18 16
rbtree: 20 18
rbtree: 18 16
rbtree: 18 16
rbtree: 16 16
