rbtree: 322 66
rbtree: 64 16
rbtree: 34 16
rbtree: 14 14
rbtree: 14 20
rbtree: 16 16
rbtree: 16 16
rbtree: 16 16
rbtree: 14 14
rbtree: 16 16
rbtree: 16 16
rbtree: 14 16
rbtree: 16 20
rbtree: 14 16
rbtree: 16 14
rbtree: 14 16
rbtree: 16 14
rbtree: 14 14
rbtree: 14 16
rbtree: 14 14
rbtree: 14 22
rbtree: 16 14
rbtree: 14 16
rbtree: 16 14
rbtree: 14 16
rbtree: 16 14
rbtree: 14 14
rbtree: 14 16
rbtree: 16 18
rbtree: 14 16
rbtree: 16 14
rbtree: 14 16
rbtree: 16 16
rbtree: 14 14
rbtree: 16 16
rbtree: 14 14
rbtree: 14 22
rbtree: 16 16
rbtree: 14 14
rbtree: 16 16
rbtree: 16 16
rbtree: 16 16
rbtree: 14 14
rbtree: 14 16
rbtree: 16 20
rbtree: 14 16
rbtree: 16 14
rbtree: 14 16
rbtree: 16 16
rbtree: 14 14
rbtree: 14 16
rbtree: 14 14
rbtree: 16 48
rbtree: 16 14
rbtree: 16 14
rbtree: 14 16
rbtree: 16 14
rbtree: 14 14
rbtree: 14 16
rbtree: 16 14
rbtree: 16 58
rbtree: 14 14
rbtree: 14 16
rbtree: 16 14
rbtree: 14 16
rbtree: 16 16
rbtree: 14 14
rbtree: 14 16
rbtree: 14 42
rbtree: 16 16
rbtree: 16 14
rbtree: 14 14
rbtree: 16 16
rbtree: 16 16
rbtree: 16 16
rbtree: 14 14
rbtree: 14 20
rbtree: 14 16
rbtree: 16 14
rbtree: 14 14
rbtree: 14 14
rbtree: 16 14
rbtree: 14 16
rbtree: 16 14
rbtree: 14 56
rbtree: 16 16
rbtree: 16 14
rbtree: 14 14
rbtree: 14 14
rbtree: 16 16
rbtree: 16 14
rbtree: 14 14
rbtree: 16 60
rbtree: 16 16
rbtree: 16 14
rbtree: 14 14
rbtree: 16 16
rbtree: 16 16
rbtree: 16 16
rbtree: 14 14
rbtree: 14 56
rbtree: 14 14
rbtree: 14 16
rbtree: 16 14
rbtree: 14 16
rbtree: 16 14
rbtree: 14 16
rbtree: 16 14
rbtree: 14 52
rbtree: 16 14
rbtree: 16 16
rbtree: 16 14
rbtree: 16 16
rbtree: 16 14
rbtree: 14 16
rbtree: 14 14
rbtree: 14 18
rbtree: 16 14
rbtree: 16 16
rbtree: 16 16
rbtree: 16 14
rbtree: 14 14
rbtree: 14 16
rbtree: 16 14
rbtree: 16 20
rbtree: 14 16
rbtree: 14 16
rbtree: 14 14
rbtree: 14 14
rbtree: 14 16
rbtree: 16 14
rbtree: 14 16
rbtree: 16 18
rbtree: 16 14
rbtree: 14 16
rbtree: 16 14
rbtree: 14 16
rbtree: 16 16
rbtree: 16 16
rbtree: 14 16
rbtree: 16 18
rbtree: 14 16
rbtree: 16 16
rbtree: 16 14
rbtree: 14 16
rbtree: 16 16
rbtree: 14 16
rbtree: 16 16
rbtree: 14 18
rbtree: 14 14
rbtree: 14 16
rbtree: 16 14
rbtree: 14 16
rbtree: 16 14
rbtree: 16 16
rbtree: 16 16
rbtree: 16 20
rbtree: 14 16
rbtree: 16 16
rbtree: 16 14
rbtree: 16 14
rbtree: 14 14
rbtree: 14 16
rbtree: 16 14
rbtree: 14 24
rbtree: 14 16
rbtree: 16 16
rbtree: 14 16
rbtree: 16 14
rbtree: 14 16
rbtree: 16 14
rbtree: 14 16
rbtree: 16 18
rbtree: 16 20
rbtree: 14 16
rbtree: 14 14
rbtree: 14 14
rbtree: 14 16
rbtree: 16 16
rbtree: 16 16
rbtree: 14 22
rbtree: 16 14
rbtree: 16 16
rbtree: 14 14
rbtree: 14 16
rbtree: 16 14
rbtree: 14 16
rbtree: 16 14
rbtree: 14 14
rbtree: 16 18
rbtree: 14 18
rbtree: 16 16
rbtree: 16 16
rbtree: 16 14
rbtree: 14 16
rbtree: 16 16
rbtree: 14 18
rbtree: 16 16
rbtree: 16 16
rbtree: 16 14
rbtree: 14 14
rbtree: 16 14
rbtree: 14 14
rbtree: 14 16
rbtree: 14 16
rbtree: 16 14
rbtree: 14 16
rbtree: 16 14
rbtree: 14 16
rbtree: 16 14
rbtree: 14 14
rbtree: 14 14
rbtree: 14 22
rbtree: 16 16
rbtree: 16 16
rbtree: 16 14
rbtree: 14 16
rbtree: 16 14
rbtree: 14 16
rbtree: 16 14
rbtree: 16 20
rbtree: 16 16
rbtree: 16 16
rbtree: 14 16
rbtree: 16 14
rbtree: 14 14
rbtree: 14 18
rbtree: 14 54
rbtree: 14 18
rbtree: 16 16
rbtree: 16 16
rbtree: 14 16
rbtree: 14 16
rbtree: 16 16
rbtree: 16 16
rbtree: 14 16
rbtree: 16 18
rbtree: 16 16
rbtree: 14 14
rbtree: 16 16
rbtree: 14 16
rbtree: 16 14
rbtree: 14 16
rbtree: 16 16
rbtree: 16 22
rbtree: 16 16
rbtree: 16 14
rbtree: 14 16
rbtree: 16 16
rbtree: 16 14
rbtree: 14 16
rbtree: 16 14
rbtree: 14 20
rbtree: 14 14
rbtree: 16 16
rbtree: 14 16
rbtree: 16 14
rbtree: 14 16
rbtree: 16 14
rbtree: 14 14
rbtree: 14 20
rbtree: 14 16
rbtree: 14 16
rbtree: 14 14
rbtree: 14 14
rbtree: 14 14
rbtree: 16 16
rbtree: 16 16
rbtree: 14 20
rbtree: 14 16
rbtree: 16 14
rbtree: 14 16
rbtree: 16 14
rbtree: 14 18
rbtree: 16 16
rbtree: 16 16
rbtree: 16 22
rbtree: 14 16
rbtree: 16 14
rbtree: 14 14
rbtree: 14 14
rbtree: 14 16
rbtree: 16 14
rbtree: 14 16
rbtree: 16 20
rbtree: 16 14
rbtree: 14 14
rbtree: 14 16
rbtree: 16 18
rbtree: 14 18
rbtree: 14 18
rbtree: 16 18
rbtree: 16 18
rbtree: 14 16
rbtree: 16 14
rbtree: 14 16
rbtree: 16 16
rbtree: 14 14
rbtree: 16 14
rbtree: 14 16
rbtree: 16 22
rbtree: 16 18
rbtree: 16 16
rbtree: 14 16
rbtree: 14 16
rbtree: 16 14
rbtree: 14 14
rbtree: 14 16
rbtree: 16 20
rbtree: 16 18
rbtree: 14 16
rbtree: 16 14
rbtree: 14 18
rbtree: 14 14
rbtree: 14 18
rbtree: 14 16
rbtree: 16 20
rbtree: 16 18
rbtree: 14 16
rbtree: 16 16
rbtree: 14 16
rbtree: 16 14
rbtree: 14 16
rbtree: 16 14
rbtree: 14 18
rbtree: 14 16
rbtree: 16 14
rbtree: 14 14
rbtree: 14 16
rbtree: 14 16
rbtree: 14 14
rbtree: 14 14
rbtree: 14 20
rbtree: 14 14
rbtree: 16 18
rbtree: 16 16
rbtree: 14 14
rbtree: 14 16
rbtree: 16 16
rbtree: 14 16
rbtree: 14 20
rbtree: 14 16
rbtree: 16 16
rbtree: 14 16
rbtree: 16 14
rbtree: 14 16
rbtree: 16 16
rbtree: 14 14
rbtree: 16 22
rbtree: 14 14
rbtree: 16 14
rbtree: 14 14
rbtree: 14 16
rbtree: 16 14
rbtree: 14 16
rbtree: 16 16
rbtree: 14 20
rbtree: 16 16
rbtree: 16 14
rbtree: 16 16
rbtree: 16 16
rbtree: 16 14
rbtree: 14 14
rbtree: 14 16
rbtree: 16 18
rbtree: 16 16
rbtree: 14 16
rbtree: 14 14
rbtree: 14 16
rbtree: 16 14
rbtree: 14 16
rbtree: 16 16
rbtree: 16 18
rbtree: 14 16
rbtree: 16 18
rbtree: 16 14
rbtree: 14 16
rbtree: 16 14
rbtree: 14 16
rbtree: 16 14
rbtree: 14 18
rbtree: 14 18
rbtree: 16 16
rbtree: 14 18
rbtree: 16 14
rbtree: 14 16
rbtree: 16 14
rbtree: 14 14
rbtree: 14 22
rbtree: 14 14
rbtree: 14 16
rbtree: 16 14
rbtree: 14 14
rbtree: 14 16
rbtree: 16 14
rbtree: 14 16
rbtree: 16 20
rbtree: 16 16
rbtree: 16 16
rbtree: 14 14
rbtree: 16 14
rbtree: 14 16
rbtree: 16 16
rbtree: 14 16
rbtree: 16 18
rbtree: 14 16
rbtree: 14 16
rbtree: 16 16
rbtree: 16 14
rbtree: 14 16
rbtree: 16 14
rbtree: 14 16
rbtree: 16 20
rbtree: 16 14
rbtree: 14 18
rbtree: 16 16
rbtree: 14 16
rbtree: 14 16
rbtree: 16 14
rbtree: 14 16
rbtree: 16 20
rbtree: 16 16
rbtree: 16 14
rbtree: 14 16
rbtree: 16 16
rbtree: 14 16
rbtree: 14 16
rbtree: 16 16
rbtree: 16 20
rbtree: 16 16
rbtree: 16 14
rbtree: 14 14
rbtree: 14 16
rbtree: 16 16
rbtree: 16 16
rbtree: 16 14
rbtree: 14 20
rbtree: 14 16
rbtree: 14 14
rbtree: 14 16
rbtree: 16 16
rbtree: 14 16
rbtree: 14 14
rbtree: 14 16
rbtree: 16 14
rbtree: 14 14
rbtree: 14 14
rbtree: 16 14
rbtree: 14 14
rbtree: 16 14
rbtree: 14 14
rbtree: 14 16
rbtree: 14 18
rbtree: 14 16
rbtree: 16 16
rbtree: 14 16
rbtree: 16 14
rbtree: 14 16
rbtree: 14 14
rbtree: 14 14
rbtree: 14 22
rbtree: 16 14
rbtree: 14 16
rbtree: 16 14
rbtree: 14 16
rbtree: 16 14
rbtree: 14 16
rbtree: 16 14
rbtree: 14 20
rbtree: 16 16
rbtree: 16 14
rbtree: 14 14
rbtree: 14 16
rbtree: 14 14
rbtree: 14 16
rbtree: 16 14
rbtree: 16 18
rbtree: 14 16
rbtree: 16 14
rbtree: 14 14
rbtree: 14 14
rbtree: 14 14
rbtree: 16 16
rbtree: 16 16
rbtree: 14 20
rbtree: 16 40
rbtree: 14 14
rbtree: 14 16
rbtree: 16 14
rbtree: 14 14
rbtree: 16 16
rbtree: 14 16
rbtree: 16 52
rbtree: 16 14
rbtree: 14 16
rbtree: 16 14
rbtree: 14 14
rbtree: 14 16
rbtree: 16 14
rbtree: 14 16
rbtree: 16 50
rbtree: 16 14
rbtree: 14 16
rbtree: 16 14
rbtree: 14 16
rbtree: 16 16
rbtree: 16 14
rbtree: 16 16
rbtree: 16 62
rbtree: 16 16
rbtree: 16 14
rbtree: 14 14
rbtree: 14 16
rbtree: 14 16
rbtree: 16 14
rbtree: 14 16
rbtree: 16 50
rbtree: 16 14
rbtree: 14 16
rbtree: 16 16
rbtree: 16 14
rbtree: 14 16
rbtree: 16 16
rbtree: 16 16
rbtree: 16 18
rbtree: 14 14
rbtree: 14 16
rbtree: 14 14
rbtree: 14 14
rbtree: 14 16
rbtree: 16 14
rbtree: 14 16
rbtree: 16 50
rbtree: 16 14
rbtree: 14 16
rbtree: 16 16
rbtree: 16 14
rbtree: 14 14
rbtree: 14 16
rbtree: 14 16
rbtree: 16 20
rbtree: 14 16
rbtree: 16 14
rbtree: 14 16
rbtree: 16 14
rbtree: 14 18
rbtree: 16 16
rbtree: 16 16
rbtree: 16 20
rbtree: 16 14
rbtree: 16 18
rbtree: 14 16
rbtree: 16 14
rbtree: 14 16
rbtree: 16 16
rbtree: 16 14
rbtree: 16 20
rbtree: 16 16
rbtree: 16 16
rbtree: 14 16
rbtree: 16 16
rbtree: 14 14
rbtree: 16 14
rbtree: 14 16
rbtree: 16 20
rbtree: 14 16
rbtree: 16 16
rbtree: 16 14
rbtree: 14 14
rbtree: 14 14
rbtree: 14 16
rbtree: 16 14
rbtree: 14 18
rbtree: 16 16
rbtree: 16 14
rbtree: 14 16
rbtree: 16 16
rbtree: 16 16
rbtree: 16 14
rbtree: 14 14
rbtree: 14 18
rbtree: 14 16
rbtree: 16 14
rbtree: 14 16
rbtree: 16 16
rbtree: 16 14
rbtree: 16 16
rbtree: 16 14
rbtree: 14 18
rbtree: 14 16
rbtree: 16 14
rbtree: 14 16
rbtree: 16 16
rbtree: 14 16
rbtree: 16 14
rbtree: 14 14
rbtree: 14 22
rbtree: 16 16
rbtree: 14 16
rbtree: 16 14
rbtree: 14 14
rbtree: 14 16
rbtree: 16 14
rbtree: 14 16
rbtree: 16 18
rbtree: 16 14
rbtree: 14 16
rbtree: 16 14
rbtree: 16 16
rbtree: 16 14
rbtree: 14 14
rbtree: 14 16
rbtree: 16 20
rbtree: 16 16
rbtree: 16 14
rbtree: 14 16
rbtree: 16 14
rbtree: 14 16
rbtree: 16 14
rbtree: 14 16
rbtree: 16 18
rbtree: 16 16
rbtree: 16 16
rbtree: 16 16
rbtree: 14 14
rbtree: 14 14
rbtree: 14 16
rbtree: 16 16
rbtree: 16 18
rbtree: 14 14
rbtree: 16 16
rbtree: 14 16
rbtree: 16 14
rbtree: 14 16
rbtree: 16 16
rbtree: 14 16
rbtree: 16 20
rbtree: 14 14
rbtree: 16 16
rbtree: 16 14
rbtree: 14 16
rbtree: 16 14
rbtree: 14 16
rbtree: 16 14
rbtree: 14 18
rbtree: 14 16
rbtree: 16 14
rbtree: 14 14
rbtree: 16 16
rbtree: 16 16
rbtree: 16 14
rbtree: 14 16
rbtree: 16 18
rbtree: 14 14
rbtree: 16 18
rbtree: 16 16
rbtree: 16 14
rbtree: 14 16
rbtree: 16 16
rbtree: 14 18
rbtree: 16 22
rbtree: 16 16
rbtree: 14 16
rbtree: 14 16
rbtree: 16 16
rbtree: 16 16
rbtree: 16 16
rbtree: 16 14
rbtree: 16 20
rbtree: 14 16
rbtree: 14 14
rbtree: 14 16
rbtree: 16 16
rbtree: 16 14
rbtree: 14 14
rbtree: 14 14
rbtree: 14 24
rbtree: 14 16
rbtree: 16 14
rbtree: 14 16
rbtree: 16 14
rbtree: 14 14
rbtree: 14 16
rbtree: 16 14
rbtree: 14 22
rbtree: 16 16
rbtree: 16 16
rbtree: 16 14
rbtree: 16 16
rbtree: 16 14
rbtree: 14 16
rbtree: 16 14
rbtree: 14 18
rbtree: 14 14
rbtree: 14 16
rbtree: 14 16
rbtree: 16 16
rbtree: 14 16
rbtree: 14 16
rbtree: 16 14
rbtree: 14 20
rbtree: 16 14
rbtree: 14 14
rbtree: 14 16
rbtree: 16 14
rbtree: 14 14
rbtree: 14 14
rbtree: 14 16
rbtree: 16 18
rbtree: 14 14
rbtree: 14 14
rbtree: 14 14
rbtree: 16 14
rbtree: 14 16
rbtree: 16 14
rbtree: 14 16
rbtree: 16 18
rbtree: 14 14
rbtree: 16 18
rbtree: 16 16
rbtree: 14 14
rbtree: 14 16
rbtree: 16 16
rbtree: 14 14
rbtree: 14 18
rbtree: 14 16
rbtree: 14 16
rbtree: 16 16
rbtree: 16 16
rbtree: 16 14
rbtree: 14 16
rbtree: 14 14
rbtree: 14 20
rbtree: 16 14
rbtree: 14 14
rbtree: 14 16
rbtree: 16 14
rbtree: 14 16
rbtree: 16 14
rbtree: 14 16
rbtree: 14 16
rbtree: 16 14
rbtree: 16 16
rbtree: 14 16
rbtree: 14 16
rbtree: 14 16
rbtree: 14 14
rbtree: 16 16
rbtree: 14 18
rbtree: 16 16
rbtree: 14 16
rbtree: 14 16
rbtree: 14 16
rbtree: 14 14
rbtree: 16 18
rbtree: 14 16
rbtree: 16 20
rbtree: 16 14
rbtree: 14 16
rbtree: 16 16
rbtree: 16 14
rbtree: 14 14
rbtree: 16 16
rbtree: 14 14
rbtree: 16 18
rbtree: 14 18
rbtree: 14 16
rbtree: 14 16
rbtree: 16 16
rbtree: 16 14
rbtree: 14 16
rbtree: 16 14
rbtree: 14 18
rbtree: 14 16
rbtree: 16 16
rbtree: 16 16
rbtree: 16 16
rbtree: 16 14
rbtree: 14 14
rbtree: 16 16
rbtree: 16 20
rbtree: 16 14
rbtree: 14 14
rbtree: 16 16
rbtree: 14 16
rbtree: 16 14
rbtree: 14 16
rbtree: 16 16
rbtree: 16 18
rbtree: 14 16
rbtree: 14 14
rbtree: 14 14
rbtree: 14 16
rbtree: 14 16
rbtree: 14 14
rbtree: 14 14
rbtree: 14 16
rbtree: 16 16
rbtree: 16 14
rbtree: 14 16
rbtree: 14 16
rbtree: 16 16
rbtree: 16 16
rbtree: 14 16
rbtree: 16 18
rbtree: 16 18
rbtree: 16 16
rbtree: 14 16
rbtree: 16 14
rbtree: 14 16
rbtree: 16 14
rbtree: 14 16
rbtree: 16 24
rbtree: 14 16
rbtree: 16 14
rbtree: 16 18
rbtree: 14 16
rbtree: 16 16
rbtree: 14 16
rbtree: 16 16
rbtree: 16 18
rbtree: 14 18
rbtree: 16 16
rbtree: 16 14
rbtree: 14 18
rbtree: 14 16
rbtree: 14 18
rbtree: 16 16
rbtree: 14 20
rbtree: 14 14
rbtree: 16 16
rbtree: 16 14
rbtree: 14 16
rbtree: 16 16
rbtree: 14 16
rbtree: 16 14
rbtree: 14 18
rbtree: 16 16
rbtree: 14 14
rbtree: 14 16
rbtree: 16 16
rbtree: 16 14
rbtree: 14 16
rbtree: 16 14
rbtree: 14 18
rbtree: 14 16
rbtree: 16 16
rbtree: 14 16
rbtree: 14 14
rbtree: 14 16
rbtree: 16 14
rbtree: 14 16
rbtree: 16 18
rbtree: 16 14
rbtree: 14 16
rbtree: 16 14
rbtree: 14 14
rbtree: 14 16
rbtree: 14 14
rbtree: 16 16
rbtree: 14 16
rbtree: 16 16
rbtree: 14 16
rbtree: 14 16
rbtree: 16 14
rbtree: 14 14
rbtree: 14 16
rbtree: 16 14
rbtree: 16 20
rbtree: 16 18
rbtree: 14 16
rbtree: 16 16
rbtree: 16 14
rbtree: 14 16
rbtree: 16 16
rbtree: 16 16
rbtree: 16 18
rbtree: 16 14
rbtree: 14 14
rbtree: 14 16
rbtree: 16 16
rbtree: 16 14
rbtree: 14 16
rbtree: 16 16
rbtree: 14 18
rbtree: 14 16
rbtree: 14 14
rbtree: 14 16
rbtree: 16 16
rbtree: 16 14
rbtree: 14 14
rbtree: 14 14
rbtree: 14 18
rbtree: 14 14
rbtree: 14 14
rbtree: 14 42
rbtree: 16 16
rbtree: 16 16
rbtree: 14 14
rbtree: 14 16
rbtree: 16 20
rbtree: 14 14
rbtree: 16 16
rbtree: 14 16
rbtree: 14 16
rbtree: 14 14
rbtree: 14 16
rbtree: 16 14
rbtree: 14 18
rbtree: 14 14
rbtree: 14 14
rbtree: 14 16
rbtree: 16 14
rbtree: 16 18
rbtree: 16 16
rbtree: 14 16
rbtree: 16 20
rbtree: 16 16
rbtree: 14 16
rbtree: 16 14
rbtree: 14 16
rbtree: 16 14
rbtree: 14 16
rbtree: 16 16
rbtree: 16 20
rbtree: 16 14
rbtree: 16 16
rbtree: 16 16
rbtree: 16 14
rbtree: 14 14
rbtree: 14 14
rbtree: 14 16
rbtree: 16 18
rbtree: 16 16
rbtree: 14 14
rbtree: 14 14
rbtree: 14 16
rbtree: 16 14
rbtree: 14 16
rbtree: 16 16
rbtree: 14 18
rbtree: 14 16
rbtree: 14 14
rbtree: 14 14
rbtree: 14 14
rbtree: 14 16
rbtree: 16 14
rbtree: 14 16
rbtree: 16 20
rbtree: 14 14
rbtree: 14 14
rbtree: 16 16
rbtree: 14 16
rbtree: 16 14
rbtree: 14 14
rbtree: 14 16
rbtree: 14 18
rbtree: 14 16
rbtree: 16 16
rbtree: 16 16
rbtree: 14 14
rbtree: 16 14
rbtree: 14 16
rbtree: 16 16
rbtree: 14 18
rbtree: 16 16
rbtree: 16 16
rbtree: 16 14
rbtree: 14 16
rbtree: 16 14
rbtree: 14 16
rbtree: 16 14
rbtree: 14 18
rbtree: 16 16
rbtree: 16 14
rbtree: 14 14
rbtree: 14 14
rbtree: 16 14
rbtree: 16 14
rbtree: 14 16
rbtree: 16 20
rbtree: 14 16
rbtree: 16 14
rbtree: 14 14
rbtree: 16 14
rbtree: 14 16
rbtree: 16 16
rbtree: 14 16
rbtree: 16 20
rbtree: 16 16
rbtree: 14 14
rbtree: 14 16
rbtree: 16 14
rbtree: 14 16
rbtree: 16 14
rbtree: 14 16
rbtree: 16 18
rbtree: 14 14
rbtree: 14 16
rbtree: 16 14
