rbtree: 158 266
rbtree: 42 84
rbtree: 116 84
rbtree: 28 104
rbtree: 70 96
rbtree: 110 154
rbtree: 26 74
rbtree: 116 82
rbtree: 28 104
rbtree: 36 140
rbtree: 28 86
rbtree: 76 100
rbtree: 22 78
rbtree: 38 96
rbtree: 22 78
rbtree: 94 108
rbtree: 14 78
rbtree: 104 98
rbtree: 30 76
rbtree: 38 110
rbtree: 22 76
rbtree: 112 98
rbtree: 14 34
rbtree: 46 118
rbtree: 28 102
rbtree: 84 132
rbtree: 26 114
rbtree: 68 126
rbtree: 24 80
rbtree: 30 88
rbtree: 16 80
rbtree: 76 132
rbtree: 22 76
rbtree: 106 100
rbtree: 50 80
rbtree: 24 104
rbtree: 120 76
rbtree: 34 102
rbtree: 124 40
rbtree: 30 158
rbtree: 30 38
rbtree: 42 104
rbtree: 104 38
rbtree: 26 108
rbtree: 68 38
rbtree: 56 102
rbtree: 34 38
rbtree: 46 132
rbtree: 32 38
rbtree: 56 98
rbtree: 24 40
rbtree: 50 122
rbtree: 16 38
rbtree: 42 102
rbtree: 16 38
rbtree: 72 196
rbtree: 24 40
rbtree: 58 80
rbtree: 146 38
rbtree: 16 88
rbtree: 44 38
rbtree: 28 46
rbtree: 32 38
rbtree: 78 126
rbtree: 24 40
rbtree: 78 80
rbtree: 24 38
rbtree: 46 114
rbtree: 16 36
rbtree: 20 88
rbtree: 16 40
rbtree: 90 154
rbtree: 22 38
rbtree: 36 44
rbtree: 24 38
rbtree: 130 102
rbtree: 24 38
rbtree: 68 100
rbtree: 18 36
rbtree: 32 114
rbtree: 64 38
rbtree: 34 98
rbtree: 74 36
rbtree: 14 92
rbtree: 38 40
rbtree: 16 86
rbtree: 62 38
rbtree: 80 192
rbtree: 28 110
rbtree: 82 112
rbtree: 38 78
rbtree: 26 140
rbtree: 88 80
rbtree: 28 104
rbtree: 44 82
rbtree: 24 104
rbtree: 58 80
rbtree: 122 106
rbtree: 24 80
rbtree: 48 128
rbtree: 134 46
rbtree: 24 50
rbtree: 56 42
rbtree: 24 162
rbtree: 36 42
rbtree: 34 88
rbtree: 80 40
rbtree: 14 120
rbtree: 54 68
rbtree: 30 100
rbtree: 60 42
rbtree: 26 124
rbtree: 56 40
rbtree: 30 104
rbtree: 22 44
rbtree: 48 96
rbtree: 94 42
rbtree: 24 102
rbtree: 54 42
rbtree: 28 156
rbtree: 38 42
rbtree: 24 48
rbtree: 100 42
rbtree: 34 96
rbtree: 30 94
rbtree: 64 84
rbtree: 32 42
rbtree: 58 130
rbtree: 26 42
rbtree: 68 82
rbtree: 24 44
rbtree: 50 106
rbtree: 32 42
rbtree: 80 82
rbtree: 32 42
rbtree: 46 138
rbtree: 32 42
rbtree: 54 84
rbtree: 92 40
rbtree: 34 102
rbtree: 72 40
rbtree: 16 84
rbtree: 30 40
rbtree: 74 158
rbtree: 24 42
rbtree: 40 84
rbtree: 26 42
rbtree: 58 104
rbtree: 62 40
rbtree: 24 48
rbtree: 50 42
rbtree: 22 216
rbtree: 50 92
rbtree: 84 122
rbtree: 22 96
rbtree: 40 126
rbtree: 66 100
rbtree: 30 110
rbtree: 28 86
rbtree: 56 148
rbtree: 26 84
rbtree: 36 106
rbtree: 26 48
rbtree: 86 102
rbtree: 26 88
rbtree: 44 108
rbtree: 26 46
rbtree: 50 168
rbtree: 16 46
rbtree: 66 106
rbtree: 26 46
rbtree: 68 116
rbtree: 216 82
rbtree: 24 82
rbtree: 56 82
rbtree: 24 122
rbtree: 36 80
rbtree: 26 50
rbtree: 46 42
rbtree: 66 126
rbtree: 26 44
rbtree: 64 102
rbtree: 16 42
rbtree: 24 116
rbtree: 92 42
rbtree: 56 88
rbtree: 22 42
rbtree: 42 98
rbtree: 24 44
rbtree: 38 52
rbtree: 24 42
rbtree: 102 154
rbtree: 32 44
rbtree: 42 82
rbtree: 24 40
rbtree: 16 114
rbtree: 32 42
rbtree: 64 82
rbtree: 24 42
rbtree: 84 154
rbtree: 34 82
rbtree: 24 48
rbtree: 44 82
rbtree: 32 96
rbtree: 54 60
rbtree: 26 84
rbtree: 24 42
rbtree: 108 138
rbtree: 24 40
rbtree: 42 104
rbtree: 14 42
rbtree: 34 114
rbtree: 24 42
rbtree: 98 104
rbtree: 22 82
rbtree: 24 136
rbtree: 72 102
rbtree: 18 84
rbtree: 18 80
rbtree: 74 120
rbtree: 20 44
rbtree: 46 96
rbtree: 16 44
rbtree: 64 108
rbtree: 20 46
rbtree: 60 54
rbtree: 30 90
rbtree: 16 118
rbtree: 50 44
rbtree: 84 106
rbtree: 24 46
rbtree: 50 150
rbtree: 16 46
rbtree: 34 108
rbtree: 36 44
rbtree: 34 130
rbtree: 58 46
rbtree: 32 94
rbtree: 56 44
rbtree: 16 126
rbtree: 28 46
rbtree: 42 110
rbtree: 34 46
rbtree: 46 112
rbtree: 34 44
rbtree: 48 108
rbtree: 54 46
rbtree: 24 158
rbtree: 88 88
rbtree: 26 108
rbtree: 60 88
rbtree: 34 116
rbtree: 58 88
rbtree: 34 94
rbtree: 54 88
rbtree: 72 124
rbtree: 24 88
rbtree: 56 108
rbtree: 38 88
rbtree: 26 102
rbtree: 42 90
rbtree: 24 92
rbtree: 58 46
rbtree: 36 130
rbtree: 34 44
rbtree: 46 52
rbtree: 100 44
rbtree: 14 90
rbtree: 54 46
rbtree: 34 54
rbtree: 60 44
rbtree: 16 104
rbtree: 56 44
rbtree: 14 94
rbtree: 66 48
rbtree: 24 66
rbtree: 26 48
rbtree: 16 54
rbtree: 38 44
rbtree: 16 208
rbtree: 34 46
rbtree: 26 54
rbtree: 54 46
rbtree: 34 96
rbtree: 102 48
rbtree: 24 86
rbtree: 70 44
rbtree: 28 94
rbtree: 36 46
rbtree: 24 56
rbtree: 86 46
rbtree: 26 100
rbtree: 20 82
rbtree: 44 110
rbtree: 46 44
rbtree: 46 138
rbtree: 70 44
rbtree: 24 52
rbtree: 50 44
rbtree: 22 98
rbtree: 52 44
rbtree: 46 108
rbtree: 34 44
rbtree: 42 92
rbtree: 20 44
rbtree: 54 108
rbtree: 56 44
rbtree: 34 96
rbtree: 94 44
rbtree: 34 94
rbtree: 44 44
rbtree: 34 192
rbtree: 40 44
rbtree: 68 108
rbtree: 24 46
rbtree: 36 118
rbtree: 32 88
rbtree: 32 106
rbtree: 60 46
rbtree: 30 72
rbtree: 16 44
rbtree: 38 108
rbtree: 34 46
rbtree: 68 118
rbtree: 34 46
rbtree: 74 108
rbtree: 24 46
rbtree: 46 112
rbtree: 20 46
rbtree: 138 54
rbtree: 32 86
rbtree: 64 114
rbtree: 34 48
rbtree: 34 90
rbtree: 34 50
rbtree: 30 128
rbtree: 56 46
rbtree: 26 94
rbtree: 44 42
rbtree: 46 90
rbtree: 24 44
rbtree: 54 106
rbtree: 24 48
rbtree: 64 226
rbtree: 22 102
rbtree: 24 140
rbtree: 42 104
rbtree: 24 146
rbtree: 42 104
rbtree: 34 112
rbtree: 40 48
rbtree: 52 148
rbtree: 28 52
rbtree: 48 112
rbtree: 28 50
rbtree: 40 94
rbtree: 28 54
rbtree: 60 112
rbtree: 24 52
rbtree: 70 168
rbtree: 24 92
rbtree: 32 116
rbtree: 24 92
rbtree: 84 118
rbtree: 22 88
rbtree: 58 96
rbtree: 30 92
rbtree: 56 126
rbtree: 24 90
rbtree: 42 112
rbtree: 24 90
rbtree: 22 120
rbtree: 32 90
rbtree: 36 112
rbtree: 52 88
rbtree: 34 166
rbtree: 62 90
rbtree: 24 112
rbtree: 28 88
rbtree: 26 122
rbtree: 64 88
rbtree: 24 112
rbtree: 54 88
rbtree: 30 146
rbtree: 16 48
rbtree: 104 60
rbtree: 26 88
rbtree: 22 150
rbtree: 84 46
rbtree: 28 92
rbtree: 38 90
rbtree: 80 158
rbtree: 48 90
rbtree: 24 90
rbtree: 38 88
rbtree: 24 126
rbtree: 64 94
rbtree: 30 90
rbtree: 26 50
rbtree: 140 144
rbtree: 26 92
rbtree: 56 90
rbtree: 38 88
rbtree: 24 68
rbtree: 66 48
rbtree: 16 58
rbtree: 24 48
rbtree: 28 218
rbtree: 58 48
rbtree: 16 56
rbtree: 28 48
rbtree: 54 126
rbtree: 14 86
rbtree: 174 124
rbtree: 24 82
rbtree: 54 126
rbtree: 22 86
rbtree: 34 114
rbtree: 20 44
rbtree: 64 116
rbtree: 24 48
rbtree: 40 110
rbtree: 18 46
rbtree: 22 138
rbtree: 46 46
rbtree: 26 92
rbtree: 38 46
rbtree: 14 102
rbtree: 48 46
rbtree: 42 110
rbtree: 24 48
rbtree: 60 140
rbtree: 32 46
rbtree: 16 52
rbtree: 70 44
rbtree: 38 120
rbtree: 66 46
rbtree: 16 54
rbtree: 54 46
rbtree: 60 154
rbtree: 24 44
rbtree: 70 106
rbtree: 16 46
rbtree: 34 132
rbtree: 24 84
rbtree: 40 106
rbtree: 28 86
rbtree: 40 156
rbtree: 42 88
rbtree: 54 108
rbtree: 34 90
rbtree: 56 130
rbtree: 32 88
rbtree: 54 108
rbtree: 32 86
rbtree: 52 164
rbtree: 50 90
rbtree: 24 54
rbtree: 70 86
rbtree: 34 100
rbtree: 46 46
rbtree: 16 52
rbtree: 94 46
rbtree: 64 122
rbtree: 14 44
rbtree: 56 94
rbtree: 24 46
rbtree: 58 130
rbtree: 58 44
rbtree: 34 56
rbtree: 60 44
rbtree: 34 144
rbtree: 30 86
rbtree: 24 132
rbtree: 28 82
rbtree: 36 148
rbtree: 28 86
rbtree: 84 90
rbtree: 22 90
rbtree: 68 142
rbtree: 16 50
rbtree: 22 90
rbtree: 28 50
rbtree: 28 110
rbtree: 76 88
rbtree: 26 98
rbtree: 34 88
rbtree: 24 120
rbtree: 44 50
rbtree: 30 92
rbtree: 28 48
rbtree: 42 114
rbtree: 80 48
rbtree: 36 96
rbtree: 78 48
rbtree: 26 138
rbtree: 46 48
rbtree: 48 96
rbtree: 56 48
rbtree: 64 114
rbtree: 28 50
rbtree: 64 114
rbtree: 18 50
rbtree: 30 164
rbtree: 36 48
rbtree: 30 102
rbtree: 132 50
rbtree: 36 102
rbtree: 40 52
rbtree: 36 98
rbtree: 82 88
rbtree: 36 144
rbtree: 70 48
rbtree: 28 58
rbtree: 48 48
rbtree: 36 100
rbtree: 28 48
rbtree: 34 58
rbtree: 44 50
rbtree: 32 156
rbtree: 56 48
rbtree: 28 58
rbtree: 54 52
rbtree: 34 98
rbtree: 32 52
rbtree: 30 100
rbtree: 48 50
rbtree: 28 148
rbtree: 38 48
rbtree: 30 98
rbtree: 48 48
rbtree: 28 106
rbtree: 28 62
rbtree: 38 98
rbtree: 44 48
rbtree: 28 188
rbtree: 40 50
rbtree: 30 98
rbtree: 110 50
rbtree: 36 104
rbtree: 28 54
rbtree: 26 56
rbtree: 46 48
rbtree: 28 148
rbtree: 30 48
rbtree: 26 58
rbtree: 48 50
rbtree: 28 104
rbtree: 30 50
rbtree: 30 62
rbtree: 46 50
rbtree: 30 168
rbtree: 58 50
rbtree: 28 98
rbtree: 58 50
rbtree: 34 102
rbtree: 28 56
rbtree: 32 100
rbtree: 48 48
rbtree: 30 148
rbtree: 28 48
rbtree: 28 98
rbtree: 54 50
rbtree: 26 100
rbtree: 28 56
rbtree: 40 100
rbtree: 48 50
rbtree: 24 194
rbtree: 58 50
rbtree: 32 98
rbtree: 98 46
rbtree: 36 104
rbtree: 28 48
rbtree: 28 98
rbtree: 44 50
rbtree: 30 150
rbtree: 28 50
rbtree: 30 98
rbtree: 46 48
rbtree: 30 98
rbtree: 28 48
rbtree: 32 98
rbtree: 48 48
rbtree: 28 170
rbtree: 26 48
rbtree: 28 98
rbtree: 56 48
rbtree: 32 102
rbtree: 30 48
rbtree: 28 98
rbtree: 48 50
rbtree: 28 146
rbtree: 28 48
rbtree: 30 98
rbtree: 52 50
rbtree: 28 100
rbtree: 28 52
rbtree: 28 96
rbtree: 46 50
rbtree: 28 182
rbtree: 56 104
rbtree: 28 110
rbtree: 160 50
rbtree: 34 72
rbtree: 30 50
rbtree: 28 100
rbtree: 46 50
rbtree: 28 128
rbtree: 28 50
rbtree: 28 98
rbtree: 50 48
rbtree: 30 70
rbtree: 28 48
rbtree: 30 98
rbtree: 48 48
rbtree: 28 128
rbtree: 28 50
rbtree: 28 96
rbtree: 70 48
rbtree: 26 110
rbtree: 28 48
rbtree: 30 100
rbtree: 28 48
rbtree: 26 130
rbtree: 28 48
rbtree: 28 96
rbtree: 52 48
rbtree: 28 126
rbtree: 28 46
rbtree: 28 98
rbtree: 28 50
rbtree: 28 176
rbtree: 28 48
rbtree: 26 96
rbtree: 92 46
rbtree: 26 124
rbtree: 28 50
rbtree: 28 98
rbtree: 28 48
rbtree: 30 142
rbtree: 28 50
rbtree: 28 102
rbtree: 50 50
rbtree: 28 122
rbtree: 28 46
rbtree: 30 98
rbtree: 46 48
rbtree: 28 126
rbtree: 26 50
rbtree: 28 96
rbtree: 70 48
rbtree: 28 120
rbtree: 28 50
rbtree: 28 98
rbtree: 46 48
rbtree: 26 148
rbtree: 30 48
rbtree: 24 96
rbtree: 50 50
rbtree: 28 100
rbtree: 28 48
rbtree: 30 58
rbtree: 46 48
rbtree: 30 214
rbtree: 18 50
rbtree: 30 100
rbtree: 148 46
rbtree: 28 106
rbtree: 28 48
rbtree: 28 100
rbtree: 28 46
rbtree: 26 140
rbtree: 28 48
rbtree: 30 98
rbtree: 50 48
rbtree: 30 100
rbtree: 28 50
rbtree: 28 58
rbtree: 48 48
rbtree: 34 166
rbtree: 26 48
rbtree: 28 58
rbtree: 94 48
rbtree: 28 100
rbtree: 26 50
rbtree: 28 58
rbtree: 48 48
rbtree: 28 126
rbtree: 26 48
rbtree: 26 58
rbtree: 48 48
rbtree: 28 104
rbtree: 28 48
rbtree: 28 98
rbtree: 46 48
rbtree: 28 194
rbtree: 22 50
rbtree: 28 98
rbtree: 112 48
rbtree: 28 104
rbtree: 28 52
rbtree: 28 100
rbtree: 28 48
rbtree: 28 128
rbtree: 28 48
rbtree: 26 102
rbtree: 50 50
rbtree: 28 104
rbtree: 28 52
rbtree: 28 96
rbtree: 28 48
rbtree: 28 156
rbtree: 28 46
rbtree: 28 98
rbtree: 70 48
rbtree: 30 122
rbtree: 28 48
rbtree: 28 98
rbtree: 48 50
rbtree: 28 144
rbtree: 28 48
rbtree: 30 58
rbtree: 48 48
rbtree: 30 104
rbtree: 28 50
rbtree: 28 56
rbtree: 48 50
rbtree: 28 186
rbtree: 18 90
rbtree: 30 94
rbtree: 46 50
rbtree: 28 108
rbtree: 28 50
rbtree: 28 96
rbtree: 28 50
rbtree: 28 126
rbtree: 26 50
rbtree: 28 96
rbtree: 48 50
rbtree: 30 124
rbtree: 28 50
rbtree: 26 98
rbtree: 34 50
rbtree: 28 146
rbtree: 28 48
rbtree: 30 98
rbtree: 70 48
rbtree: 28 124
rbtree: 26 50
rbtree: 30 98
rbtree: 48 48
rbtree: 26 144
rbtree: 28 48
rbtree: 28 58
rbtree: 46 50
rbtree: 28 120
rbtree: 26 48
rbtree: 28 98
rbtree: 48 48
rbtree: 28 184
rbtree: 28 48
rbtree: 32 98
rbtree: 92 48
rbtree: 30 102
rbtree: 26 50
rbtree: 30 58
rbtree: 48 52
rbtree: 26 150
rbtree: 32 48
rbtree: 28 98
rbtree: 54 50
rbtree: 22 126
rbtree: 28 50
rbtree: 38 100
rbtree: 50 50
rbtree: 28 138
rbtree: 28 50
rbtree: 28 96
rbtree: 88 48
rbtree: 28 120
rbtree: 26 50
rbtree: 28 58
rbtree: 46 50
rbtree: 28 122
rbtree: 28 48
rbtree: 28 56
rbtree: 46 50
rbtree: 28 98
rbtree: 28 48
rbtree: 28 58
rbtree: 50 50
rbtree: 30 204
rbtree: 26 50
rbtree: 28 56
rbtree: 120 48
rbtree: 28 122
rbtree: 28 52
rbtree: 28 98
rbtree: 48 48
rbtree: 30 148
rbtree: 28 52
rbtree: 28 96
rbtree: 48 50
rbtree: 28 120
rbtree: 26 52
rbtree: 28 96
rbtree: 28 50
rbtree: 30 114
rbtree: 26 48
rbtree: 30 96
rbtree: 70 48
rbtree: 28 106
rbtree: 28 50
rbtree: 24 98
rbtree: 28 50
rbtree: 28 110
rbtree: 26 50
rbtree: 28 96
rbtree: 48 50
rbtree: 28 104
rbtree: 26 48
rbtree: 28 98
rbtree: 30 50
rbtree: 30 162
rbtree: 26 50
rbtree: 28 98
rbtree: 96 50
rbtree: 30 104
rbtree: 26 52
rbtree: 30 98
rbtree: 28 48
rbtree: 30 134
rbtree: 30 50
rbtree: 28 96
rbtree: 48 50
rbtree: 28 104
rbtree: 28 52
rbtree: 28 96
rbtree: 30 48
rbtree: 28 160
rbtree: 30 50
rbtree: 28 96
rbtree: 72 46
rbtree: 28 120
rbtree: 28 50
rbtree: 28 100
rbtree: 28 48
rbtree: 28 152
rbtree: 28 48
rbtree: 28 98
rbtree: 46 48
rbtree: 30 120
rbtree: 28 46
rbtree: 30 98
rbtree: 26 50
rbtree: 32 216
rbtree: 30 56
rbtree: 34 64
rbtree: 44 48
rbtree: 28 104
rbtree: 28 50
rbtree: 28 98
rbtree: 26 48
rbtree: 28 134
rbtree: 28 50
rbtree: 30 96
rbtree: 50 50
rbtree: 28 126
rbtree: 28 50
rbtree: 28 100
rbtree: 32 50
rbtree: 30 168
rbtree: 28 48
rbtree: 24 96
rbtree: 68 50
rbtree: 28 122
rbtree: 28 50
rbtree: 28 98
rbtree: 28 48
rbtree: 28 142
rbtree: 28 48
rbtree: 30 98
rbtree: 50 48
rbtree: 28 120
rbtree: 26 46
rbtree: 28 98
rbtree: 48 48
rbtree: 30 172
rbtree: 28 46
rbtree: 28 98
rbtree: 90 46
rbtree: 26 100
rbtree: 28 48
rbtree: 28 58
rbtree: 46 48
rbtree: 28 142
rbtree: 26 50
rbtree: 30 102
rbtree: 66 48
rbtree: 28 104
rbtree: 30 46
rbtree: 26 98
rbtree: 28 48
rbtree: 28 156
rbtree: 28 52
rbtree: 28 98
rbtree: 68 48
rbtree: 28 106
rbtree: 28 48
rbtree: 28 98
rbtree: 28 50
rbtree: 30 132
rbtree: 28 52
rbtree: 30 96
rbtree: 46 50
rbtree: 26 106
rbtree: 28 50
rbtree: 30 98
rbtree: 28 48
rbtree: 28 200
rbtree: 28 50
rbtree: 30 90
rbtree: 114 50
rbtree: 24 108
rbtree: 28 50
rbtree: 28 96
rbtree: 28 48
rbtree: 30 134
rbtree: 28 48
rbtree: 28 96
rbtree: 48 48
rbtree: 28 104
rbtree: 28 50
rbtree: 28 98
rbtree: 28 48
rbtree: 28 136
rbtree: 28 48
rbtree: 30 98
rbtree: 72 48
rbtree: 28 122
rbtree: 26 50
rbtree: 26 98
rbtree: 28 50
rbtree: 28 142
rbtree: 26 50
rbtree: 28 98
rbtree: 50 50
rbtree: 32 118
rbtree: 26 48
rbtree: 30 98
rbtree: 26 48
rbtree: 30 170
rbtree: 28 50
rbtree: 26 98
rbtree: 90 50
rbtree: 28 122
rbtree: 32 48
rbtree: 30 98
rbtree: 26 50
rbtree: 28 148
rbtree: 28 50
rbtree: 26 58
rbtree: 52 48
rbtree: 28 104
rbtree: 28 52
rbtree: 28 58
rbtree: 46 50
rbtree: 28 166
rbtree: 28 48
rbtree: 28 98
rbtree: 86 48
rbtree: 28 108
rbtree: 28 50
rbtree: 32 98
rbtree: 28 50
rbtree: 34 128
rbtree: 26 50
rbtree: 30 96
rbtree: 70 50
rbtree: 28 120
rbtree: 28 50
rbtree: 28 58
rbtree: 50 48
rbtree: 30 178
rbtree: 28 54
rbtree: 20 62
rbtree: 42 46
rbtree: 30 104
rbtree: 28 48
rbtree: 28 58
rbtree: 28 48
rbtree: 28 142
rbtree: 28 46
rbtree: 28 102
rbtree: 50 48
rbtree: 28 124
rbtree: 28 48
rbtree: 28 96
rbtree: 26 50
rbtree: 30 168
