rbtree: 180 114
rbtree: 62 110
rbtree: 30 126
rbtree: 94 52
rbtree: 34 62
rbtree: 26 80
rbtree: 56 100
rbtree: 22 104
rbtree: 42 94
rbtree: 20 24
rbtree: 110 88
rbtree: 24 50
rbtree: 36 56
rbtree: 20 50
rbtree: 42 100
rbtree: 16 54
rbtree: 96 124
rbtree: 14 22
rbtree: 32 76
rbtree: 22 58
rbtree: 46 118
rbtree: 22 74
rbtree: 42 80
rbtree: 136 54
rbtree: 24 126
rbtree: 66 22
rbtree: 22 62
rbtree: 72 24
rbtree: 14 96
rbtree: 52 72
rbtree: 24 84
rbtree: 86 52
rbtree: 16 86
rbtree: 50 24
rbtree: 16 62
rbtree: 22 24
rbtree: 16 88
rbtree: 36 24
rbtree: 14 62
rbtree: 46 24
rbtree: 14 68
rbtree: 14 24
rbtree: 14 62
rbtree: 40 24
rbtree: 16 70
rbtree: 20 26
rbtree: 16 28
rbtree: 24 24
rbtree: 20 70
rbtree: 18 24
rbtree: 20 62
rbtree: 22 24
rbtree: 18 68
rbtree: 18 26
rbtree: 22 32
rbtree: 22 22
rbtree: 20 68
rbtree: 18 22
rbtree: 20 62
rbtree: 20 24
rbtree: 20 84
rbtree: 18 26
rbtree: 22 30
rbtree: 22 24
rbtree: 20 68
rbtree: 18 24
rbtree: 18 62
rbtree: 18 22
rbtree: 18 70
rbtree: 26 24
rbtree: 22 30
rbtree: 22 24
rbtree: 16 70
rbtree: 18 22
rbtree: 16 62
rbtree: 20 24
rbtree: 14 32
rbtree: 32 24
rbtree: 16 28
rbtree: 24 24
rbtree: 20 70
rbtree: 18 22
rbtree: 20 64
rbtree: 22 24
rbtree: 18 82
rbtree: 18 24
rbtree: 22 30
rbtree: 20 24
rbtree: 20 70
rbtree: 18 24
rbtree: 16 62
rbtree: 20 22
rbtree: 18 54
rbtree: 16 26
rbtree: 30 30
rbtree: 22 22
rbtree: 20 36
rbtree: 18 26
rbtree: 20 62
rbtree: 20 22
rbtree: 18 70
rbtree: 18 26
rbtree: 24 30
rbtree: 22 24
rbtree: 18 36
rbtree: 18 24
rbtree: 22 66
rbtree: 22 24
rbtree: 18 68
rbtree: 18 26
rbtree: 22 32
rbtree: 20 24
rbtree: 20 36
rbtree: 16 24
rbtree: 18 64
rbtree: 22 22
rbtree: 18 70
rbtree: 18 24
rbtree: 24 30
rbtree: 22 24
rbtree: 18 36
rbtree: 20 24
rbtree: 20 62
rbtree: 20 24
rbtree: 18 68
rbtree: 18 26
rbtree: 22 30
rbtree: 22 22
rbtree: 20 36
rbtree: 16 24
rbtree: 18 62
rbtree: 20 22
rbtree: 18 70
rbtree: 20 26
rbtree: 24 28
rbtree: 22 24
rbtree: 18 38
rbtree: 18 24
rbtree: 18 60
rbtree: 18 26
rbtree: 18 70
rbtree: 18 24
rbtree: 22 30
rbtree: 20 22
rbtree: 20 70
rbtree: 18 24
rbtree: 20 64
rbtree: 22 24
rbtree: 20 30
rbtree: 22 26
rbtree: 22 32
rbtree: 22 22
rbtree: 20 68
rbtree: 18 24
rbtree: 18 62
rbtree: 22 22
rbtree: 20 30
rbtree: 22 26
rbtree: 22 30
rbtree: 24 22
rbtree: 18 70
rbtree: 18 22
rbtree: 18 62
rbtree: 22 24
rbtree: 18 30
rbtree: 20 24
rbtree: 22 30
rbtree: 22 24
rbtree: 18 68
rbtree: 20 24
rbtree: 20 60
rbtree: 20 24
rbtree: 20 30
rbtree: 22 22
rbtree: 22 30
rbtree: 22 24
rbtree: 18 70
rbtree: 18 24
rbtree: 18 62
rbtree: 20 24
rbtree: 18 32
rbtree: 16 26
rbtree: 16 30
rbtree: 24 24
rbtree: 20 70
rbtree: 18 24
rbtree: 20 62
rbtree: 20 24
rbtree: 18 68
rbtree: 18 24
rbtree: 22 28
rbtree: 22 24
rbtree: 20 68
rbtree: 18 22
rbtree: 20 62
rbtree: 18 22
rbtree: 18 70
rbtree: 18 24
rbtree: 22 28
rbtree: 20 24
rbtree: 26 68
rbtree: 18 24
rbtree: 18 64
rbtree: 22 24
rbtree: 18 68
rbtree: 18 26
rbtree: 22 28
rbtree: 22 22
rbtree: 16 68
rbtree: 18 24
rbtree: 14 66
rbtree: 20 24
rbtree: 16 74
rbtree: 18 24
rbtree: 16 28
rbtree: 18 24
rbtree: 16 70
rbtree: 18 24
rbtree: 14 64
rbtree: 22 22
rbtree: 16 72
rbtree: 20 24
rbtree: 16 30
rbtree: 24 22
rbtree: 20 70
rbtree: 18 22
rbtree: 18 62
rbtree: 20 22
rbtree: 20 68
rbtree: 18 26
rbtree: 22 30
rbtree: 20 24
rbtree: 20 68
rbtree: 18 24
rbtree: 20 62
rbtree: 22 24
rbtree: 18 68
rbtree: 18 26
rbtree: 22 30
rbtree: 22 22
rbtree: 20 70
rbtree: 18 24
rbtree: 18 64
rbtree: 22 24
rbtree: 20 72
rbtree: 18 24
rbtree: 22 30
rbtree: 20 22
rbtree: 16 68
rbtree: 18 24
rbtree: 16 62
rbtree: 22 22
rbtree: 16 66
rbtree: 18 26
rbtree: 16 28
rbtree: 24 24
rbtree: 18 70
rbtree: 20 24
rbtree: 18 64
rbtree: 22 24
rbtree: 20 70
rbtree: 18 28
rbtree: 22 30
rbtree: 22 24
rbtree: 18 68
rbtree: 18 24
rbtree: 18 62
rbtree: 22 24
rbtree: 20 68
rbtree: 18 26
rbtree: 22 28
rbtree: 20 22
rbtree: 20 68
rbtree: 18 22
rbtree: 20 64
rbtree: 22 24
rbtree: 18 70
rbtree: 18 24
rbtree: 24 30
rbtree: 20 24
rbtree: 14 70
rbtree: 18 24
rbtree: 16 62
rbtree: 22 24
rbtree: 16 74
rbtree: 18 24
rbtree: 20 30
rbtree: 26 24
rbtree: 18 68
rbtree: 18 24
rbtree: 20 62
rbtree: 20 22
rbtree: 20 72
rbtree: 18 22
rbtree: 22 30
rbtree: 22 24
rbtree: 22 68
rbtree: 18 24
rbtree: 18 64
rbtree: 22 24
rbtree: 20 68
rbtree: 20 24
rbtree: 22 30
rbtree: 22 24
rbtree: 18 70
rbtree: 18 24
rbtree: 20 62
rbtree: 20 24
rbtree: 22 72
rbtree: 18 24
rbtree: 22 30
rbtree: 22 24
rbtree: 16 70
rbtree: 18 24
rbtree: 16 64
rbtree: 22 22
rbtree: 16 72
rbtree: 20 24
rbtree: 16 32
rbtree: 26 22
rbtree: 20 68
rbtree: 18 22
rbtree: 22 62
rbtree: 18 22
rbtree: 18 68
rbtree: 18 26
rbtree: 22 30
rbtree: 22 22
rbtree: 20 70
rbtree: 18 22
rbtree: 18 64
rbtree: 22 22
rbtree: 22 70
rbtree: 18 24
rbtree: 22 30
rbtree: 22 24
rbtree: 18 68
rbtree: 18 24
rbtree: 20 62
rbtree: 22 22
rbtree: 22 70
rbtree: 18 24
rbtree: 22 30
rbtree: 22 24
rbtree: 14 70
rbtree: 16 24
rbtree: 16 62
rbtree: 20 24
rbtree: 16 72
rbtree: 18 24
rbtree: 16 28
rbtree: 18 24
rbtree: 16 70
rbtree: 18 24
rbtree: 14 64
rbtree: 22 24
rbtree: 16 76
rbtree: 18 24
rbtree: 16 32
rbtree: 24 24
rbtree: 20 70
rbtree: 18 24
rbtree: 18 62
rbtree: 20 24
rbtree: 18 70
rbtree: 20 26
rbtree: 22 30
rbtree: 22 22
rbtree: 22 70
rbtree: 18 22
rbtree: 18 62
rbtree: 20 22
rbtree: 18 70
rbtree: 18 26
rbtree: 22 32
rbtree: 22 24
rbtree: 18 70
rbtree: 18 24
rbtree: 18 64
rbtree: 22 24
rbtree: 18 70
rbtree: 20 24
rbtree: 20 30
rbtree: 20 24
rbtree: 14 68
rbtree: 18 24
rbtree: 16 62
rbtree: 22 22
rbtree: 16 72
rbtree: 20 24
rbtree: 16 30
rbtree: 26 22
rbtree: 18 68
rbtree: 18 24
rbtree: 18 66
rbtree: 20 22
rbtree: 20 70
rbtree: 18 24
rbtree: 22 30
rbtree: 22 24
rbtree: 18 68
rbtree: 18 24
rbtree: 18 64
rbtree: 22 24
rbtree: 20 68
rbtree: 18 24
rbtree: 24 30
rbtree: 20 24
rbtree: 20 68
rbtree: 18 24
rbtree: 20 64
rbtree: 22 24
rbtree: 20 74
rbtree: 18 24
rbtree: 24 30
rbtree: 22 22
rbtree: 14 70
rbtree: 18 24
rbtree: 14 62
rbtree: 20 24
rbtree: 16 70
rbtree: 20 24
rbtree: 16 30
rbtree: 16 22
rbtree: 14 68
rbtree: 18 22
rbtree: 16 64
rbtree: 22 22
rbtree: 16 72
rbtree: 18 26
rbtree: 16 30
rbtree: 24 22
rbtree: 20 68
rbtree: 18 24
rbtree: 18 62
rbtree: 22 24
rbtree: 18 72
rbtree: 20 24
rbtree: 24 30
rbtree: 22 24
rbtree: 18 68
rbtree: 18 24
rbtree: 18 66
rbtree: 22 22
rbtree: 20 72
rbtree: 18 24
rbtree: 24 30
rbtree: 22 22
rbtree: 20 70
rbtree: 18 24
rbtree: 18 64
rbtree: 22 22
rbtree: 20 70
rbtree: 20 26
rbtree: 22 30
rbtree: 22 22
rbtree: 16 70
rbtree: 18 22
rbtree: 14 64
rbtree: 22 24
rbtree: 16 72
rbtree: 18 24
rbtree: 16 30
rbtree: 24 22
rbtree: 18 70
rbtree: 18 24
rbtree: 18 64
rbtree: 22 24
rbtree: 18 74
rbtree: 18 24
rbtree: 22 28
rbtree: 22 22
rbtree: 18 70
rbtree: 16 24
rbtree: 18 64
rbtree: 22 24
rbtree: 22 70
rbtree: 18 24
rbtree: 22 30
rbtree: 22 24
rbtree: 18 68
rbtree: 18 24
rbtree: 18 62
rbtree: 22 24
rbtree: 18 72
rbtree: 18 26
rbtree: 24 30
rbtree: 22 24
rbtree: 16 68
rbtree: 18 24
rbtree: 16 64
rbtree: 22 24
rbtree: 16 80
rbtree: 18 24
rbtree: 16 30
rbtree: 26 22
rbtree: 20 70
rbtree: 18 22
rbtree: 20 64
rbtree: 22 24
rbtree: 18 74
rbtree: 20 26
rbtree: 22 30
rbtree: 22 24
rbtree: 18 68
rbtree: 18 24
rbtree: 20 64
rbtree: 22 22
rbtree: 20 92
rbtree: 24 26
rbtree: 22 30
rbtree: 22 22
rbtree: 18 68
rbtree: 18 24
rbtree: 18 64
rbtree: 22 24
rbtree: 20 68
rbtree: 18 24
rbtree: 22 28
rbtree: 22 24
rbtree: 14 68
rbtree: 20 24
rbtree: 14 64
rbtree: 22 24
rbtree: 14 80
rbtree: 20 24
rbtree: 16 28
rbtree: 24 22
rbtree: 20 70
rbtree: 18 22
rbtree: 20 62
rbtree: 22 22
rbtree: 18 76
rbtree: 18 24
rbtree: 22 32
rbtree: 22 24
rbtree: 20 72
rbtree: 18 22
rbtree: 18 62
rbtree: 22 22
rbtree: 18 74
rbtree: 18 24
rbtree: 22 30
rbtree: 22 24
rbtree: 18 70
rbtree: 18 24
rbtree: 20 64
rbtree: 18 24
rbtree: 18 74
rbtree: 18 24
rbtree: 20 30
rbtree: 22 24
rbtree: 16 70
rbtree: 18 24
rbtree: 16 62
rbtree: 20 24
rbtree: 14 70
rbtree: 18 26
rbtree: 16 30
rbtree: 26 24
rbtree: 20 70
rbtree: 18 24
rbtree: 18 64
rbtree: 22 24
rbtree: 18 70
rbtree: 18 24
rbtree: 22 30
rbtree: 22 22
rbtree: 18 70
rbtree: 18 22
rbtree: 18 66
rbtree: 22 24
rbtree: 20 70
rbtree: 22 22
rbtree: 22 30
rbtree: 22 24
rbtree: 18 68
rbtree: 18 22
rbtree: 22 64
rbtree: 20 26
rbtree: 18 70
rbtree: 20 24
rbtree: 20 30
rbtree: 22 22
rbtree: 14 68
rbtree: 18 22
rbtree: 16 62
rbtree: 22 24
rbtree: 16 70
rbtree: 20 26
rbtree: 16 28
rbtree: 24 24
rbtree: 18 72
rbtree: 20 24
rbtree: 20 64
rbtree: 22 24
rbtree: 18 70
rbtree: 18 24
rbtree: 22 30
rbtree: 22 24
rbtree: 18 68
rbtree: 18 24
rbtree: 18 62
rbtree: 22 24
rbtree: 20 70
rbtree: 18 24
rbtree: 22 30
rbtree: 20 22
rbtree: 20 70
rbtree: 18 22
rbtree: 20 64
rbtree: 22 24
rbtree: 20 70
rbtree: 18 26
rbtree: 22 30
rbtree: 22 24
rbtree: 14 70
rbtree: 18 24
rbtree: 16 62
rbtree: 22 24
rbtree: 14 74
rbtree: 20 26
rbtree: 16 28
rbtree: 26 24
rbtree: 20 68
rbtree: 18 24
rbtree: 20 62
rbtree: 22 22
rbtree: 18 68
rbtree: 18 24
rbtree: 22 30
rbtree: 20 24
rbtree: 20 68
rbtree: 18 24
rbtree: 18 62
rbtree: 20 22
rbtree: 20 74
rbtree: 18 28
rbtree: 22 30
rbtree: 22 24
rbtree: 22 70
rbtree: 18 22
rbtree: 20 64
rbtree: 22 24
rbtree: 18 70
rbtree: 18 24
rbtree: 24 30
rbtree: 22 24
rbtree: 14 68
rbtree: 20 24
rbtree: 16 62
rbtree: 22 24
rbtree: 14 72
rbtree: 18 24
rbtree: 16 28
rbtree: 24 24
rbtree: 18 70
rbtree: 18 24
rbtree: 20 64
rbtree: 22 24
rbtree: 18 72
rbtree: 18 24
rbtree: 24 30
rbtree: 22 22
rbtree: 20 70
rbtree: 18 24
rbtree: 18 62
rbtree: 18 24
rbtree: 20 70
rbtree: 18 24
rbtree: 22 28
rbtree: 22 24
rbtree: 18 68
rbtree: 18 24
rbtree: 20 64
rbtree: 22 24
rbtree: 18 68
rbtree: 18 24
rbtree: 22 30
rbtree: 22 22
rbtree: 16 68
rbtree: 20 24
rbtree: 16 62
rbtree: 22 24
rbtree: 14 72
rbtree: 18 26
rbtree: 16 32
rbtree: 24 24
rbtree: 22 68
rbtree: 20 24
rbtree: 20 62
rbtree: 22 24
rbtree: 22 68
rbtree: 20 26
rbtree: 22 28
rbtree: 20 24
rbtree: 20 68
rbtree: 18 24
rbtree: 18 64
rbtree: 22 24
rbtree: 18 70
rbtree: 18 26
rbtree: 22 32
rbtree: 22 22
rbtree: 20 70
rbtree: 18 24
rbtree: 20 64
rbtree: 22 24
rbtree: 20 70
rbtree: 18 24
rbtree: 22 30
rbtree: 22 24
rbtree: 16 68
rbtree: 18 26
rbtree: 14 62
rbtree: 22 24
rbtree: 16 72
rbtree: 18 24
rbtree: 16 30
rbtree: 26 22
rbtree: 20 68
rbtree: 16 22
rbtree: 18 64
rbtree: 20 24
rbtree: 18 68
rbtree: 18 24
rbtree: 22 32
rbtree: 22 24
rbtree: 20 70
rbtree: 18 24
rbtree: 18 64
rbtree: 22 24
rbtree: 20 68
rbtree: 18 24
rbtree: 22 30
rbtree: 20 22
rbtree: 18 68
rbtree: 20 24
rbtree: 18 62
rbtree: 22 24
rbtree: 18 70
rbtree: 18 24
rbtree: 20 30
rbtree: 20 24
rbtree: 14 70
rbtree: 18 24
rbtree: 14 62
rbtree: 22 24
rbtree: 16 74
rbtree: 18 24
rbtree: 16 28
rbtree: 26 24
rbtree: 18 70
rbtree: 18 22
rbtree: 22 64
rbtree: 20 24
rbtree: 20 68
rbtree: 18 26
rbtree: 22 30
rbtree: 20 24
rbtree: 20 68
rbtree: 18 22
rbtree: 20 62
rbtree: 22 22
rbtree: 20 70
rbtree: 18 26
rbtree: 22 30
rbtree: 22 24
rbtree: 20 70
rbtree: 20 24
rbtree: 18 64
rbtree: 20 22
rbtree: 20 70
rbtree: 20 26
rbtree: 22 30
rbtree: 20 24
rbtree: 16 70
rbtree: 18 24
rbtree: 16 62
rbtree: 20 24
rbtree: 16 72
rbtree: 18 24
rbtree: 16 30
rbtree: 24 24
rbtree: 20 68
rbtree: 18 24
rbtree: 20 64
rbtree: 22 24
rbtree: 22 70
rbtree: 20 24
rbtree: 24 30
rbtree: 20 24
rbtree: 18 72
rbtree: 20 24
rbtree: 20 64
rbtree: 20 24
rbtree: 18 72
rbtree: 18 26
rbtree: 20 32
rbtree: 22 24
rbtree: 20 70
rbtree: 18 24
rbtree: 20 62
rbtree: 22 22
rbtree: 18 68
rbtree: 18 24
rbtree: 22 30
rbtree: 24 22
rbtree: 16 70
rbtree: 18 22
rbtree: 14 64
rbtree: 22 22
rbtree: 16 72
rbtree: 18 26
rbtree: 16 32
rbtree: 24 24
rbtree: 18 70
rbtree: 18 24
rbtree: 18 62
rbtree: 20 24
rbtree: 20 70
rbtree: 18 24
rbtree: 22 32
rbtree: 22 24
rbtree: 20 68
rbtree: 20 24
rbtree: 22 62
rbtree: 22 22
rbtree: 20 70
rbtree: 18 28
rbtree: 22 32
rbtree: 22 24
rbtree: 18 68
rbtree: 18 24
rbtree: 20 64
rbtree: 24 24
rbtree: 20 70
rbtree: 18 24
rbtree: 22 30
rbtree: 20 24
rbtree: 20 68
rbtree: 18 24
rbtree: 14 62
rbtree: 22 24
rbtree: 24 70
rbtree: 18 26
rbtree: 16 28
rbtree: 18 24
rbtree: 16 68
rbtree: 20 24
rbtree: 16 62
rbtree: 22 24
rbtree: 16 70
rbtree: 18 26
rbtree: 16 30
rbtree: 26 22
rbtree: 18 68
rbtree: 18 22
rbtree: 20 64
rbtree: 22 24
rbtree: 18 68
rbtree: 18 24
rbtree: 22 30
rbtree: 22 22
rbtree: 18 68
rbtree: 18 26
rbtree: 20 64
rbtree: 22 24
rbtree: 18 68
rbtree: 20 26
rbtree: 22 30
rbtree: 20 24
rbtree: 20 72
rbtree: 20 24
rbtree: 20 64
rbtree: 22 24
rbtree: 18 68
rbtree: 18 24
rbtree: 22 28
rbtree: 22 22
rbtree: 16 68
rbtree: 18 24
rbtree: 16 62
rbtree: 22 24
rbtree: 16 72
rbtree: 18 26
rbtree: 16 30
rbtree: 26 24
rbtree: 22 70
rbtree: 18 24
rbtree: 22 62
rbtree: 22 22
rbtree: 18 70
rbtree: 18 24
rbtree: 22 30
rbtree: 20 24
rbtree: 18 70
rbtree: 18 24
rbtree: 18 64
rbtree: 20 24
rbtree: 18 72
rbtree: 18 24
rbtree: 22 28
rbtree: 22 22
rbtree: 18 68
rbtree: 20 22
rbtree: 18 64
rbtree: 22 24
rbtree: 18 68
rbtree: 18 24
rbtree: 22 32
rbtree: 22 24
rbtree: 14 72
rbtree: 18 24
rbtree: 16 64
rbtree: 22 24
rbtree: 14 74
rbtree: 18 24
rbtree: 16 30
rbtree: 20 26
rbtree: 16 68
rbtree: 18 24
rbtree: 16 62
rbtree: 22 24
rbtree: 14 72
rbtree: 20 26
rbtree: 16 30
rbtree: 18 22
rbtree: 16 68
rbtree: 18 20
rbtree: 16 62
rbtree: 22 22
rbtree: 16 72
rbtree: 18 24
rbtree: 16 28
rbtree: 24 24
rbtree: 18 70
rbtree: 18 24
rbtree: 20 62
rbtree: 22 26
rbtree: 18 70
rbtree: 18 24
rbtree: 22 30
rbtree: 20 24
rbtree: 18 68
rbtree: 18 24
rbtree: 18 64
rbtree: 20 22
rbtree: 22 72
rbtree: 18 26
rbtree: 22 30
rbtree: 22 22
rbtree: 20 68
rbtree: 18 22
rbtree: 18 64
rbtree: 20 22
rbtree: 20 70
rbtree: 20 24
rbtree: 20 30
rbtree: 22 24
rbtree: 16 68
rbtree: 20 24
rbtree: 14 64
rbtree: 22 24
rbtree: 16 70
rbtree: 20 26
rbtree: 16 28
rbtree: 26 24
rbtree: 18 68
rbtree: 18 24
rbtree: 20 64
rbtree: 22 24
rbtree: 20 70
rbtree: 18 24
rbtree: 22 64
rbtree: 46 28
rbtree: 22 78
rbtree: 22 26
rbtree: 18 66
rbtree: 24 26
rbtree: 20 74
rbtree: 20 26
rbtree: 22 32
rbtree: 26 24
rbtree: 20 72
rbtree: 20 26
rbtree: 20 68
rbtree: 22 26
rbtree: 20 72
rbtree: 20 24
rbtree: 24 32
rbtree: 24 24
rbtree: 22 72
rbtree: 20 26
rbtree: 16 68
rbtree: 22 24
rbtree: 16 76
rbtree: 18 26
rbtree: 16 32
rbtree: 26 26
